[2024-04-02T00:34:12.958+0000] {logging_mixin.py:188} INFO - Changing /opt/***/logs/dag_id=dag_python_operator_v8/run_id=scheduled__2024-04-01T00:00:00+00:00/task_id=get_name permission to 509
[2024-04-02T00:34:12.961+0000] {logging_mixin.py:188} INFO - Changing /opt/***/logs/dag_id=dag_python_operator_v8/run_id=scheduled__2024-04-01T00:00:00+00:00 permission to 509
[2024-04-02T00:34:12.963+0000] {logging_mixin.py:188} INFO - Changing /opt/***/logs/dag_id=dag_python_operator_v8 permission to 509
[2024-04-02T00:34:12.964+0000] {logging_mixin.py:188} INFO - Changing /opt/***/logs permission to 509
[2024-04-02T00:34:13.000+0000] {logging_mixin.py:188} INFO - Changing /opt/***/logs/dag_id=dag_python_operator_v8/run_id=scheduled__2024-04-01T00:00:00+00:00/task_id=get_name permission to 509
[2024-04-02T00:34:13.002+0000] {logging_mixin.py:188} INFO - Changing /opt/***/logs/dag_id=dag_python_operator_v8/run_id=scheduled__2024-04-01T00:00:00+00:00 permission to 509
[2024-04-02T00:34:13.005+0000] {logging_mixin.py:188} INFO - Changing /opt/***/logs/dag_id=dag_python_operator_v8 permission to 509
[2024-04-02T00:34:13.006+0000] {logging_mixin.py:188} INFO - Changing /opt/***/logs permission to 509
[2024-04-02T00:34:13.072+0000] {taskinstance.py:1979} INFO - Dependencies all met for dep_context=non-requeueable deps ti=<TaskInstance: dag_python_operator_v8.get_name scheduled__2024-04-01T00:00:00+00:00 [queued]>
[2024-04-02T00:34:13.087+0000] {taskinstance.py:1979} INFO - Dependencies all met for dep_context=requeueable deps ti=<TaskInstance: dag_python_operator_v8.get_name scheduled__2024-04-01T00:00:00+00:00 [queued]>
[2024-04-02T00:34:13.088+0000] {taskinstance.py:2193} INFO - Starting attempt 1 of 6
[2024-04-02T00:34:13.114+0000] {taskinstance.py:2217} INFO - Executing <Task(PythonOperator): get_name> on 2024-04-01 00:00:00+00:00
[2024-04-02T00:34:13.119+0000] {standard_task_runner.py:60} INFO - Started process 2936 to run task
[2024-04-02T00:34:13.122+0000] {standard_task_runner.py:87} INFO - Running: ['***', 'tasks', 'run', 'dag_python_operator_v8', 'get_name', 'scheduled__2024-04-01T00:00:00+00:00', '--job-id', '168', '--raw', '--subdir', 'DAGS_FOLDER/create_dag_with_python_operator.py', '--cfg-path', '/tmp/tmpdj6hr7pr']
[2024-04-02T00:34:13.125+0000] {standard_task_runner.py:88} INFO - Job 168: Subtask get_name
[2024-04-02T00:34:13.190+0000] {logging_mixin.py:188} INFO - Changing /opt/***/logs/dag_id=dag_python_operator_v8/run_id=scheduled__2024-04-01T00:00:00+00:00/task_id=get_name permission to 509
[2024-04-02T00:34:13.193+0000] {logging_mixin.py:188} INFO - Changing /opt/***/logs/dag_id=dag_python_operator_v8/run_id=scheduled__2024-04-01T00:00:00+00:00 permission to 509
[2024-04-02T00:34:13.195+0000] {logging_mixin.py:188} INFO - Changing /opt/***/logs/dag_id=dag_python_operator_v8 permission to 509
[2024-04-02T00:34:13.196+0000] {logging_mixin.py:188} INFO - Changing /opt/***/logs permission to 509
[2024-04-02T00:34:13.199+0000] {task_command.py:423} INFO - Running <TaskInstance: dag_python_operator_v8.get_name scheduled__2024-04-01T00:00:00+00:00 [running]> on host 46dc445f2ec8
[2024-04-02T00:34:13.301+0000] {taskinstance.py:2513} INFO - Exporting env vars: AIRFLOW_CTX_DAG_OWNER='coder2j' AIRFLOW_CTX_DAG_ID='dag_python_operator_v8' AIRFLOW_CTX_TASK_ID='get_name' AIRFLOW_CTX_EXECUTION_DATE='2024-04-01T00:00:00+00:00' AIRFLOW_CTX_TRY_NUMBER='1' AIRFLOW_CTX_DAG_RUN_ID='scheduled__2024-04-01T00:00:00+00:00'
[2024-04-02T00:34:13.333+0000] {python.py:202} INFO - Done. Returned value was: None
[2024-04-02T00:34:13.343+0000] {taskinstance.py:1149} INFO - Marking task as SUCCESS. dag_id=dag_python_operator_v8, task_id=get_name, execution_date=20240401T000000, start_date=20240402T003413, end_date=20240402T003413
[2024-04-02T00:34:13.375+0000] {local_task_job_runner.py:234} INFO - Task exited with return code 0
[2024-04-02T00:34:13.405+0000] {taskinstance.py:3312} INFO - 0 downstream tasks scheduled from follow-on schedule check
