[2024-04-02T00:14:51.102+0000] {logging_mixin.py:188} INFO - Changing /opt/***/logs/dag_id=dag_python_operator_v4/run_id=scheduled__2024-03-31T00:00:00+00:00/task_id=task1 permission to 509
[2024-04-02T00:14:51.103+0000] {logging_mixin.py:188} INFO - Changing /opt/***/logs/dag_id=dag_python_operator_v4/run_id=scheduled__2024-03-31T00:00:00+00:00 permission to 509
[2024-04-02T00:14:51.104+0000] {logging_mixin.py:188} INFO - Changing /opt/***/logs/dag_id=dag_python_operator_v4 permission to 509
[2024-04-02T00:14:51.105+0000] {logging_mixin.py:188} INFO - Changing /opt/***/logs permission to 509
[2024-04-02T00:14:51.146+0000] {logging_mixin.py:188} INFO - Changing /opt/***/logs/dag_id=dag_python_operator_v4/run_id=scheduled__2024-03-31T00:00:00+00:00/task_id=task1 permission to 509
[2024-04-02T00:14:51.149+0000] {logging_mixin.py:188} INFO - Changing /opt/***/logs/dag_id=dag_python_operator_v4/run_id=scheduled__2024-03-31T00:00:00+00:00 permission to 509
[2024-04-02T00:14:51.152+0000] {logging_mixin.py:188} INFO - Changing /opt/***/logs/dag_id=dag_python_operator_v4 permission to 509
[2024-04-02T00:14:51.153+0000] {logging_mixin.py:188} INFO - Changing /opt/***/logs permission to 509
[2024-04-02T00:14:51.192+0000] {taskinstance.py:1979} INFO - Dependencies all met for dep_context=non-requeueable deps ti=<TaskInstance: dag_python_operator_v4.task1 scheduled__2024-03-31T00:00:00+00:00 [queued]>
[2024-04-02T00:14:51.203+0000] {taskinstance.py:1979} INFO - Dependencies all met for dep_context=requeueable deps ti=<TaskInstance: dag_python_operator_v4.task1 scheduled__2024-03-31T00:00:00+00:00 [queued]>
[2024-04-02T00:14:51.204+0000] {taskinstance.py:2193} INFO - Starting attempt 2 of 7
[2024-04-02T00:14:51.219+0000] {taskinstance.py:2217} INFO - Executing <Task(PythonOperator): task1> on 2024-03-31 00:00:00+00:00
[2024-04-02T00:14:51.223+0000] {standard_task_runner.py:60} INFO - Started process 2058 to run task
[2024-04-02T00:14:51.226+0000] {standard_task_runner.py:87} INFO - Running: ['***', 'tasks', 'run', 'dag_python_operator_v4', 'task1', 'scheduled__2024-03-31T00:00:00+00:00', '--job-id', '138', '--raw', '--subdir', 'DAGS_FOLDER/create_dag_with_python_operator.py', '--cfg-path', '/tmp/tmpeap0nig0']
[2024-04-02T00:14:51.229+0000] {standard_task_runner.py:88} INFO - Job 138: Subtask task1
[2024-04-02T00:14:51.282+0000] {logging_mixin.py:188} INFO - Changing /opt/***/logs/dag_id=dag_python_operator_v4/run_id=scheduled__2024-03-31T00:00:00+00:00/task_id=task1 permission to 509
[2024-04-02T00:14:51.285+0000] {logging_mixin.py:188} INFO - Changing /opt/***/logs/dag_id=dag_python_operator_v4/run_id=scheduled__2024-03-31T00:00:00+00:00 permission to 509
[2024-04-02T00:14:51.287+0000] {logging_mixin.py:188} INFO - Changing /opt/***/logs/dag_id=dag_python_operator_v4 permission to 509
[2024-04-02T00:14:51.290+0000] {logging_mixin.py:188} INFO - Changing /opt/***/logs permission to 509
[2024-04-02T00:14:51.294+0000] {task_command.py:423} INFO - Running <TaskInstance: dag_python_operator_v4.task1 scheduled__2024-03-31T00:00:00+00:00 [running]> on host 46dc445f2ec8
[2024-04-02T00:14:51.386+0000] {taskinstance.py:2513} INFO - Exporting env vars: AIRFLOW_CTX_DAG_OWNER='coder2j' AIRFLOW_CTX_DAG_ID='dag_python_operator_v4' AIRFLOW_CTX_TASK_ID='task1' AIRFLOW_CTX_EXECUTION_DATE='2024-03-31T00:00:00+00:00' AIRFLOW_CTX_TRY_NUMBER='2' AIRFLOW_CTX_DAG_RUN_ID='scheduled__2024-03-31T00:00:00+00:00'
[2024-04-02T00:14:51.398+0000] {logging_mixin.py:188} INFO - Hello, World! My name is Jacob, and I am 25 years old.
[2024-04-02T00:14:51.399+0000] {python.py:202} INFO - Done. Returned value was: None
[2024-04-02T00:14:51.407+0000] {taskinstance.py:1149} INFO - Marking task as SUCCESS. dag_id=dag_python_operator_v4, task_id=task1, execution_date=20240331T000000, start_date=20240402T001451, end_date=20240402T001451
[2024-04-02T00:14:51.441+0000] {local_task_job_runner.py:234} INFO - Task exited with return code 0
[2024-04-02T00:14:51.458+0000] {taskinstance.py:3312} INFO - 0 downstream tasks scheduled from follow-on schedule check
