[2024-04-02T00:05:06.374+0000] {logging_mixin.py:188} INFO - Changing /opt/***/logs/dag_id=first_practice_dag/run_id=scheduled__2024-03-26T00:00:00+00:00/task_id=task1 permission to 509
[2024-04-02T00:05:06.376+0000] {logging_mixin.py:188} INFO - Changing /opt/***/logs/dag_id=first_practice_dag/run_id=scheduled__2024-03-26T00:00:00+00:00 permission to 509
[2024-04-02T00:05:06.377+0000] {logging_mixin.py:188} INFO - Changing /opt/***/logs/dag_id=first_practice_dag permission to 509
[2024-04-02T00:05:06.379+0000] {logging_mixin.py:188} INFO - Changing /opt/***/logs permission to 509
[2024-04-02T00:05:06.412+0000] {logging_mixin.py:188} INFO - Changing /opt/***/logs/dag_id=first_practice_dag/run_id=scheduled__2024-03-26T00:00:00+00:00/task_id=task1 permission to 509
[2024-04-02T00:05:06.415+0000] {logging_mixin.py:188} INFO - Changing /opt/***/logs/dag_id=first_practice_dag/run_id=scheduled__2024-03-26T00:00:00+00:00 permission to 509
[2024-04-02T00:05:06.417+0000] {logging_mixin.py:188} INFO - Changing /opt/***/logs/dag_id=first_practice_dag permission to 509
[2024-04-02T00:05:06.419+0000] {logging_mixin.py:188} INFO - Changing /opt/***/logs permission to 509
[2024-04-02T00:05:06.480+0000] {taskinstance.py:1979} INFO - Dependencies all met for dep_context=non-requeueable deps ti=<TaskInstance: first_practice_dag.task1 scheduled__2024-03-26T00:00:00+00:00 [queued]>
[2024-04-02T00:05:06.495+0000] {taskinstance.py:1979} INFO - Dependencies all met for dep_context=requeueable deps ti=<TaskInstance: first_practice_dag.task1 scheduled__2024-03-26T00:00:00+00:00 [queued]>
[2024-04-02T00:05:06.496+0000] {taskinstance.py:2193} INFO - Starting attempt 1 of 3
[2024-04-02T00:05:06.521+0000] {taskinstance.py:2217} INFO - Executing <Task(BashOperator): task1> on 2024-03-26 00:00:00+00:00
[2024-04-02T00:05:06.527+0000] {standard_task_runner.py:60} INFO - Started process 1580 to run task
[2024-04-02T00:05:06.533+0000] {standard_task_runner.py:87} INFO - Running: ['***', 'tasks', 'run', 'first_practice_dag', 'task1', 'scheduled__2024-03-26T00:00:00+00:00', '--job-id', '117', '--raw', '--subdir', 'DAGS_FOLDER/first_practice_dag.py', '--cfg-path', '/tmp/tmpcv1nwk18']
[2024-04-02T00:05:06.536+0000] {standard_task_runner.py:88} INFO - Job 117: Subtask task1
[2024-04-02T00:05:06.621+0000] {logging_mixin.py:188} INFO - Changing /opt/***/logs/dag_id=first_practice_dag/run_id=scheduled__2024-03-26T00:00:00+00:00/task_id=task1 permission to 509
[2024-04-02T00:05:06.624+0000] {logging_mixin.py:188} INFO - Changing /opt/***/logs/dag_id=first_practice_dag/run_id=scheduled__2024-03-26T00:00:00+00:00 permission to 509
[2024-04-02T00:05:06.626+0000] {logging_mixin.py:188} INFO - Changing /opt/***/logs/dag_id=first_practice_dag permission to 509
[2024-04-02T00:05:06.629+0000] {logging_mixin.py:188} INFO - Changing /opt/***/logs permission to 509
[2024-04-02T00:05:06.633+0000] {task_command.py:423} INFO - Running <TaskInstance: first_practice_dag.task1 scheduled__2024-03-26T00:00:00+00:00 [running]> on host 46dc445f2ec8
[2024-04-02T00:05:06.766+0000] {taskinstance.py:2513} INFO - Exporting env vars: AIRFLOW_CTX_DAG_OWNER='***' AIRFLOW_CTX_DAG_ID='first_practice_dag' AIRFLOW_CTX_TASK_ID='task1' AIRFLOW_CTX_EXECUTION_DATE='2024-03-26T00:00:00+00:00' AIRFLOW_CTX_TRY_NUMBER='1' AIRFLOW_CTX_DAG_RUN_ID='scheduled__2024-03-26T00:00:00+00:00'
[2024-04-02T00:05:06.768+0000] {subprocess.py:63} INFO - Tmp dir root location: /tmp
[2024-04-02T00:05:06.770+0000] {subprocess.py:75} INFO - Running command: ['/usr/bin/bash', '-c', 'echo Hello World!']
[2024-04-02T00:05:06.784+0000] {subprocess.py:86} INFO - Output:
[2024-04-02T00:05:06.786+0000] {subprocess.py:93} INFO - Hello World!
[2024-04-02T00:05:06.787+0000] {subprocess.py:97} INFO - Command exited with return code 0
[2024-04-02T00:05:06.824+0000] {taskinstance.py:1149} INFO - Marking task as SUCCESS. dag_id=first_practice_dag, task_id=task1, execution_date=20240326T000000, start_date=20240402T000506, end_date=20240402T000506
[2024-04-02T00:05:06.867+0000] {local_task_job_runner.py:234} INFO - Task exited with return code 0
[2024-04-02T00:05:06.936+0000] {taskinstance.py:3312} INFO - 1 downstream tasks scheduled from follow-on schedule check
