[2024-04-01T23:33:45.281+0000] {logging_mixin.py:188} INFO - Changing /opt/***/logs/dag_id=our_first_dag/run_id=scheduled__2021-08-15T00:00:00+00:00/task_id=task1 permission to 509
[2024-04-01T23:33:45.284+0000] {logging_mixin.py:188} INFO - Changing /opt/***/logs/dag_id=our_first_dag/run_id=scheduled__2021-08-15T00:00:00+00:00 permission to 509
[2024-04-01T23:33:45.286+0000] {logging_mixin.py:188} INFO - Changing /opt/***/logs/dag_id=our_first_dag permission to 509
[2024-04-01T23:33:45.289+0000] {logging_mixin.py:188} INFO - Changing /opt/***/logs permission to 509
[2024-04-01T23:33:45.329+0000] {logging_mixin.py:188} INFO - Changing /opt/***/logs/dag_id=our_first_dag/run_id=scheduled__2021-08-15T00:00:00+00:00/task_id=task1 permission to 509
[2024-04-01T23:33:45.331+0000] {logging_mixin.py:188} INFO - Changing /opt/***/logs/dag_id=our_first_dag/run_id=scheduled__2021-08-15T00:00:00+00:00 permission to 509
[2024-04-01T23:33:45.333+0000] {logging_mixin.py:188} INFO - Changing /opt/***/logs/dag_id=our_first_dag permission to 509
[2024-04-01T23:33:45.335+0000] {logging_mixin.py:188} INFO - Changing /opt/***/logs permission to 509
[2024-04-01T23:33:45.392+0000] {taskinstance.py:1979} INFO - Dependencies all met for dep_context=non-requeueable deps ti=<TaskInstance: our_first_dag.task1 scheduled__2021-08-15T00:00:00+00:00 [queued]>
[2024-04-01T23:33:45.408+0000] {taskinstance.py:1979} INFO - Dependencies all met for dep_context=requeueable deps ti=<TaskInstance: our_first_dag.task1 scheduled__2021-08-15T00:00:00+00:00 [queued]>
[2024-04-01T23:33:45.409+0000] {taskinstance.py:2193} INFO - Starting attempt 1 of 6
[2024-04-01T23:33:45.524+0000] {taskinstance.py:2217} INFO - Executing <Task(BashOperator): task1> on 2021-08-15 00:00:00+00:00
[2024-04-01T23:33:45.531+0000] {standard_task_runner.py:60} INFO - Started process 421 to run task
[2024-04-01T23:33:45.536+0000] {standard_task_runner.py:87} INFO - Running: ['***', 'tasks', 'run', 'our_first_dag', 'task1', 'scheduled__2021-08-15T00:00:00+00:00', '--job-id', '20', '--raw', '--subdir', 'DAGS_FOLDER/our_first_dag.py', '--cfg-path', '/tmp/tmp365cn8vf']
[2024-04-01T23:33:45.544+0000] {standard_task_runner.py:88} INFO - Job 20: Subtask task1
[2024-04-01T23:33:45.674+0000] {logging_mixin.py:188} INFO - Changing /opt/***/logs/dag_id=our_first_dag/run_id=scheduled__2021-08-15T00:00:00+00:00/task_id=task1 permission to 509
[2024-04-01T23:33:45.678+0000] {logging_mixin.py:188} INFO - Changing /opt/***/logs/dag_id=our_first_dag/run_id=scheduled__2021-08-15T00:00:00+00:00 permission to 509
[2024-04-01T23:33:45.680+0000] {logging_mixin.py:188} INFO - Changing /opt/***/logs/dag_id=our_first_dag permission to 509
[2024-04-01T23:33:45.682+0000] {logging_mixin.py:188} INFO - Changing /opt/***/logs permission to 509
[2024-04-01T23:33:45.686+0000] {task_command.py:423} INFO - Running <TaskInstance: our_first_dag.task1 scheduled__2021-08-15T00:00:00+00:00 [running]> on host 46dc445f2ec8
[2024-04-01T23:33:45.858+0000] {taskinstance.py:2513} INFO - Exporting env vars: AIRFLOW_CTX_DAG_OWNER='coder2j' AIRFLOW_CTX_DAG_ID='our_first_dag' AIRFLOW_CTX_TASK_ID='task1' AIRFLOW_CTX_EXECUTION_DATE='2021-08-15T00:00:00+00:00' AIRFLOW_CTX_TRY_NUMBER='1' AIRFLOW_CTX_DAG_RUN_ID='scheduled__2021-08-15T00:00:00+00:00'
[2024-04-01T23:33:45.862+0000] {subprocess.py:63} INFO - Tmp dir root location: /tmp
[2024-04-01T23:33:45.864+0000] {subprocess.py:75} INFO - Running command: ['/usr/bin/bash', '-c', 'echo Hello, World!']
[2024-04-01T23:33:45.882+0000] {subprocess.py:86} INFO - Output:
[2024-04-01T23:33:45.885+0000] {subprocess.py:93} INFO - Hello, World!
[2024-04-01T23:33:45.886+0000] {subprocess.py:97} INFO - Command exited with return code 0
[2024-04-01T23:33:45.930+0000] {taskinstance.py:1149} INFO - Marking task as SUCCESS. dag_id=our_first_dag, task_id=task1, execution_date=20210815T000000, start_date=20240401T233345, end_date=20240401T233345
[2024-04-01T23:33:46.005+0000] {local_task_job_runner.py:234} INFO - Task exited with return code 0
[2024-04-01T23:33:46.085+0000] {taskinstance.py:3312} INFO - 0 downstream tasks scheduled from follow-on schedule check
