[2024-04-02T00:05:08.281+0000] {logging_mixin.py:188} INFO - Changing /opt/***/logs/dag_id=first_practice_dag/run_id=scheduled__2024-03-29T00:00:00+00:00/task_id=task2 permission to 509
[2024-04-02T00:05:08.284+0000] {logging_mixin.py:188} INFO - Changing /opt/***/logs/dag_id=first_practice_dag/run_id=scheduled__2024-03-29T00:00:00+00:00 permission to 509
[2024-04-02T00:05:08.287+0000] {logging_mixin.py:188} INFO - Changing /opt/***/logs/dag_id=first_practice_dag permission to 509
[2024-04-02T00:05:08.289+0000] {logging_mixin.py:188} INFO - Changing /opt/***/logs permission to 509
[2024-04-02T00:05:08.359+0000] {logging_mixin.py:188} INFO - Changing /opt/***/logs/dag_id=first_practice_dag/run_id=scheduled__2024-03-29T00:00:00+00:00/task_id=task2 permission to 509
[2024-04-02T00:05:08.365+0000] {logging_mixin.py:188} INFO - Changing /opt/***/logs/dag_id=first_practice_dag/run_id=scheduled__2024-03-29T00:00:00+00:00 permission to 509
[2024-04-02T00:05:08.377+0000] {logging_mixin.py:188} INFO - Changing /opt/***/logs/dag_id=first_practice_dag permission to 509
[2024-04-02T00:05:08.383+0000] {logging_mixin.py:188} INFO - Changing /opt/***/logs permission to 509
[2024-04-02T00:05:08.473+0000] {taskinstance.py:1979} INFO - Dependencies all met for dep_context=non-requeueable deps ti=<TaskInstance: first_practice_dag.task2 scheduled__2024-03-29T00:00:00+00:00 [queued]>
[2024-04-02T00:05:08.490+0000] {taskinstance.py:1979} INFO - Dependencies all met for dep_context=requeueable deps ti=<TaskInstance: first_practice_dag.task2 scheduled__2024-03-29T00:00:00+00:00 [queued]>
[2024-04-02T00:05:08.491+0000] {taskinstance.py:2193} INFO - Starting attempt 1 of 3
[2024-04-02T00:05:08.524+0000] {taskinstance.py:2217} INFO - Executing <Task(BashOperator): task2> on 2024-03-29 00:00:00+00:00
[2024-04-02T00:05:08.538+0000] {standard_task_runner.py:60} INFO - Started process 1614 to run task
[2024-04-02T00:05:08.543+0000] {standard_task_runner.py:87} INFO - Running: ['***', 'tasks', 'run', 'first_practice_dag', 'task2', 'scheduled__2024-03-29T00:00:00+00:00', '--job-id', '128', '--raw', '--subdir', 'DAGS_FOLDER/first_practice_dag.py', '--cfg-path', '/tmp/tmp146p4d4_']
[2024-04-02T00:05:08.548+0000] {standard_task_runner.py:88} INFO - Job 128: Subtask task2
[2024-04-02T00:05:08.633+0000] {logging_mixin.py:188} INFO - Changing /opt/***/logs/dag_id=first_practice_dag/run_id=scheduled__2024-03-29T00:00:00+00:00/task_id=task2 permission to 509
[2024-04-02T00:05:08.635+0000] {logging_mixin.py:188} INFO - Changing /opt/***/logs/dag_id=first_practice_dag/run_id=scheduled__2024-03-29T00:00:00+00:00 permission to 509
[2024-04-02T00:05:08.637+0000] {logging_mixin.py:188} INFO - Changing /opt/***/logs/dag_id=first_practice_dag permission to 509
[2024-04-02T00:05:08.639+0000] {logging_mixin.py:188} INFO - Changing /opt/***/logs permission to 509
[2024-04-02T00:05:08.642+0000] {task_command.py:423} INFO - Running <TaskInstance: first_practice_dag.task2 scheduled__2024-03-29T00:00:00+00:00 [running]> on host 46dc445f2ec8
[2024-04-02T00:05:08.790+0000] {taskinstance.py:2513} INFO - Exporting env vars: AIRFLOW_CTX_DAG_OWNER='***' AIRFLOW_CTX_DAG_ID='first_practice_dag' AIRFLOW_CTX_TASK_ID='task2' AIRFLOW_CTX_EXECUTION_DATE='2024-03-29T00:00:00+00:00' AIRFLOW_CTX_TRY_NUMBER='1' AIRFLOW_CTX_DAG_RUN_ID='scheduled__2024-03-29T00:00:00+00:00'
[2024-04-02T00:05:08.792+0000] {subprocess.py:63} INFO - Tmp dir root location: /tmp
[2024-04-02T00:05:08.794+0000] {subprocess.py:75} INFO - Running command: ['/usr/bin/bash', '-c', 'echo My name is Jacob!']
[2024-04-02T00:05:08.805+0000] {subprocess.py:86} INFO - Output:
[2024-04-02T00:05:08.807+0000] {subprocess.py:93} INFO - My name is Jacob!
[2024-04-02T00:05:08.807+0000] {subprocess.py:97} INFO - Command exited with return code 0
[2024-04-02T00:05:08.845+0000] {taskinstance.py:1149} INFO - Marking task as SUCCESS. dag_id=first_practice_dag, task_id=task2, execution_date=20240329T000000, start_date=20240402T000508, end_date=20240402T000508
[2024-04-02T00:05:08.889+0000] {local_task_job_runner.py:234} INFO - Task exited with return code 0
[2024-04-02T00:05:08.912+0000] {taskinstance.py:3312} INFO - 0 downstream tasks scheduled from follow-on schedule check
