[2024-04-02T00:32:42.211+0000] {logging_mixin.py:188} INFO - Changing /opt/***/logs/dag_id=dag_python_operator_v7/run_id=scheduled__2024-03-31T00:00:00+00:00/task_id=get_name permission to 509
[2024-04-02T00:32:42.213+0000] {logging_mixin.py:188} INFO - Changing /opt/***/logs/dag_id=dag_python_operator_v7/run_id=scheduled__2024-03-31T00:00:00+00:00 permission to 509
[2024-04-02T00:32:42.214+0000] {logging_mixin.py:188} INFO - Changing /opt/***/logs/dag_id=dag_python_operator_v7 permission to 509
[2024-04-02T00:32:42.216+0000] {logging_mixin.py:188} INFO - Changing /opt/***/logs permission to 509
[2024-04-02T00:32:42.246+0000] {logging_mixin.py:188} INFO - Changing /opt/***/logs/dag_id=dag_python_operator_v7/run_id=scheduled__2024-03-31T00:00:00+00:00/task_id=get_name permission to 509
[2024-04-02T00:32:42.248+0000] {logging_mixin.py:188} INFO - Changing /opt/***/logs/dag_id=dag_python_operator_v7/run_id=scheduled__2024-03-31T00:00:00+00:00 permission to 509
[2024-04-02T00:32:42.250+0000] {logging_mixin.py:188} INFO - Changing /opt/***/logs/dag_id=dag_python_operator_v7 permission to 509
[2024-04-02T00:32:42.252+0000] {logging_mixin.py:188} INFO - Changing /opt/***/logs permission to 509
[2024-04-02T00:32:42.306+0000] {taskinstance.py:1979} INFO - Dependencies all met for dep_context=non-requeueable deps ti=<TaskInstance: dag_python_operator_v7.get_name scheduled__2024-03-31T00:00:00+00:00 [queued]>
[2024-04-02T00:32:42.323+0000] {taskinstance.py:1979} INFO - Dependencies all met for dep_context=requeueable deps ti=<TaskInstance: dag_python_operator_v7.get_name scheduled__2024-03-31T00:00:00+00:00 [queued]>
[2024-04-02T00:32:42.324+0000] {taskinstance.py:2193} INFO - Starting attempt 1 of 6
[2024-04-02T00:32:42.345+0000] {taskinstance.py:2217} INFO - Executing <Task(PythonOperator): get_name> on 2024-03-31 00:00:00+00:00
[2024-04-02T00:32:42.350+0000] {standard_task_runner.py:60} INFO - Started process 2854 to run task
[2024-04-02T00:32:42.354+0000] {standard_task_runner.py:87} INFO - Running: ['***', 'tasks', 'run', 'dag_python_operator_v7', 'get_name', 'scheduled__2024-03-31T00:00:00+00:00', '--job-id', '160', '--raw', '--subdir', 'DAGS_FOLDER/create_dag_with_python_operator.py', '--cfg-path', '/tmp/tmpfgh_nm7c']
[2024-04-02T00:32:42.357+0000] {standard_task_runner.py:88} INFO - Job 160: Subtask get_name
[2024-04-02T00:32:42.408+0000] {logging_mixin.py:188} INFO - Changing /opt/***/logs/dag_id=dag_python_operator_v7/run_id=scheduled__2024-03-31T00:00:00+00:00/task_id=get_name permission to 509
[2024-04-02T00:32:42.410+0000] {logging_mixin.py:188} INFO - Changing /opt/***/logs/dag_id=dag_python_operator_v7/run_id=scheduled__2024-03-31T00:00:00+00:00 permission to 509
[2024-04-02T00:32:42.411+0000] {logging_mixin.py:188} INFO - Changing /opt/***/logs/dag_id=dag_python_operator_v7 permission to 509
[2024-04-02T00:32:42.413+0000] {logging_mixin.py:188} INFO - Changing /opt/***/logs permission to 509
[2024-04-02T00:32:42.415+0000] {task_command.py:423} INFO - Running <TaskInstance: dag_python_operator_v7.get_name scheduled__2024-03-31T00:00:00+00:00 [running]> on host 46dc445f2ec8
[2024-04-02T00:32:42.513+0000] {taskinstance.py:2513} INFO - Exporting env vars: AIRFLOW_CTX_DAG_OWNER='coder2j' AIRFLOW_CTX_DAG_ID='dag_python_operator_v7' AIRFLOW_CTX_TASK_ID='get_name' AIRFLOW_CTX_EXECUTION_DATE='2024-03-31T00:00:00+00:00' AIRFLOW_CTX_TRY_NUMBER='1' AIRFLOW_CTX_DAG_RUN_ID='scheduled__2024-03-31T00:00:00+00:00'
[2024-04-02T00:32:42.541+0000] {python.py:202} INFO - Done. Returned value was: None
[2024-04-02T00:32:42.551+0000] {taskinstance.py:1149} INFO - Marking task as SUCCESS. dag_id=dag_python_operator_v7, task_id=get_name, execution_date=20240331T000000, start_date=20240402T003242, end_date=20240402T003242
[2024-04-02T00:32:42.606+0000] {local_task_job_runner.py:234} INFO - Task exited with return code 0
[2024-04-02T00:32:42.626+0000] {taskinstance.py:3312} INFO - 0 downstream tasks scheduled from follow-on schedule check
