[2024-04-02T00:30:03.227+0000] {logging_mixin.py:188} INFO - Changing /opt/***/logs/dag_id=dag_python_operator_v6/run_id=scheduled__2024-04-01T00:00:00+00:00/task_id=task2 permission to 509
[2024-04-02T00:30:03.228+0000] {logging_mixin.py:188} INFO - Changing /opt/***/logs/dag_id=dag_python_operator_v6/run_id=scheduled__2024-04-01T00:00:00+00:00 permission to 509
[2024-04-02T00:30:03.230+0000] {logging_mixin.py:188} INFO - Changing /opt/***/logs/dag_id=dag_python_operator_v6 permission to 509
[2024-04-02T00:30:03.231+0000] {logging_mixin.py:188} INFO - Changing /opt/***/logs permission to 509
[2024-04-02T00:30:03.269+0000] {logging_mixin.py:188} INFO - Changing /opt/***/logs/dag_id=dag_python_operator_v6/run_id=scheduled__2024-04-01T00:00:00+00:00/task_id=task2 permission to 509
[2024-04-02T00:30:03.273+0000] {logging_mixin.py:188} INFO - Changing /opt/***/logs/dag_id=dag_python_operator_v6/run_id=scheduled__2024-04-01T00:00:00+00:00 permission to 509
[2024-04-02T00:30:03.275+0000] {logging_mixin.py:188} INFO - Changing /opt/***/logs/dag_id=dag_python_operator_v6 permission to 509
[2024-04-02T00:30:03.278+0000] {logging_mixin.py:188} INFO - Changing /opt/***/logs permission to 509
[2024-04-02T00:30:03.314+0000] {taskinstance.py:1979} INFO - Dependencies all met for dep_context=non-requeueable deps ti=<TaskInstance: dag_python_operator_v6.task2 scheduled__2024-04-01T00:00:00+00:00 [queued]>
[2024-04-02T00:30:03.326+0000] {taskinstance.py:1979} INFO - Dependencies all met for dep_context=requeueable deps ti=<TaskInstance: dag_python_operator_v6.task2 scheduled__2024-04-01T00:00:00+00:00 [queued]>
[2024-04-02T00:30:03.327+0000] {taskinstance.py:2193} INFO - Starting attempt 2 of 7
[2024-04-02T00:30:03.343+0000] {taskinstance.py:2217} INFO - Executing <Task(PythonOperator): task2> on 2024-04-01 00:00:00+00:00
[2024-04-02T00:30:03.347+0000] {standard_task_runner.py:60} INFO - Started process 2728 to run task
[2024-04-02T00:30:03.351+0000] {standard_task_runner.py:87} INFO - Running: ['***', 'tasks', 'run', 'dag_python_operator_v6', 'task2', 'scheduled__2024-04-01T00:00:00+00:00', '--job-id', '153', '--raw', '--subdir', 'DAGS_FOLDER/create_dag_with_python_operator.py', '--cfg-path', '/tmp/tmpcl_xcnlb']
[2024-04-02T00:30:03.353+0000] {standard_task_runner.py:88} INFO - Job 153: Subtask task2
[2024-04-02T00:30:03.410+0000] {logging_mixin.py:188} INFO - Changing /opt/***/logs/dag_id=dag_python_operator_v6/run_id=scheduled__2024-04-01T00:00:00+00:00/task_id=task2 permission to 509
[2024-04-02T00:30:03.412+0000] {logging_mixin.py:188} INFO - Changing /opt/***/logs/dag_id=dag_python_operator_v6/run_id=scheduled__2024-04-01T00:00:00+00:00 permission to 509
[2024-04-02T00:30:03.414+0000] {logging_mixin.py:188} INFO - Changing /opt/***/logs/dag_id=dag_python_operator_v6 permission to 509
[2024-04-02T00:30:03.417+0000] {logging_mixin.py:188} INFO - Changing /opt/***/logs permission to 509
[2024-04-02T00:30:03.419+0000] {task_command.py:423} INFO - Running <TaskInstance: dag_python_operator_v6.task2 scheduled__2024-04-01T00:00:00+00:00 [running]> on host 46dc445f2ec8
[2024-04-02T00:30:03.503+0000] {taskinstance.py:2513} INFO - Exporting env vars: AIRFLOW_CTX_DAG_OWNER='coder2j' AIRFLOW_CTX_DAG_ID='dag_python_operator_v6' AIRFLOW_CTX_TASK_ID='task2' AIRFLOW_CTX_EXECUTION_DATE='2024-04-01T00:00:00+00:00' AIRFLOW_CTX_TRY_NUMBER='2' AIRFLOW_CTX_DAG_RUN_ID='scheduled__2024-04-01T00:00:00+00:00'
[2024-04-02T00:30:03.530+0000] {python.py:202} INFO - Done. Returned value was: None
[2024-04-02T00:30:03.541+0000] {taskinstance.py:1149} INFO - Marking task as SUCCESS. dag_id=dag_python_operator_v6, task_id=task2, execution_date=20240401T000000, start_date=20240402T003003, end_date=20240402T003003
[2024-04-02T00:30:03.564+0000] {local_task_job_runner.py:234} INFO - Task exited with return code 0
[2024-04-02T00:30:03.591+0000] {taskinstance.py:3312} INFO - 1 downstream tasks scheduled from follow-on schedule check
