[2024-04-01T23:43:17.386+0000] {logging_mixin.py:188} INFO - Changing /opt/***/logs/dag_id=our_first_dag_v3/run_id=scheduled__2024-03-31T00:00:00+00:00/task_id=task3 permission to 509
[2024-04-01T23:43:17.389+0000] {logging_mixin.py:188} INFO - Changing /opt/***/logs/dag_id=our_first_dag_v3/run_id=scheduled__2024-03-31T00:00:00+00:00 permission to 509
[2024-04-01T23:43:17.392+0000] {logging_mixin.py:188} INFO - Changing /opt/***/logs/dag_id=our_first_dag_v3 permission to 509
[2024-04-01T23:43:17.395+0000] {logging_mixin.py:188} INFO - Changing /opt/***/logs permission to 509
[2024-04-01T23:43:17.436+0000] {logging_mixin.py:188} INFO - Changing /opt/***/logs/dag_id=our_first_dag_v3/run_id=scheduled__2024-03-31T00:00:00+00:00/task_id=task3 permission to 509
[2024-04-01T23:43:17.438+0000] {logging_mixin.py:188} INFO - Changing /opt/***/logs/dag_id=our_first_dag_v3/run_id=scheduled__2024-03-31T00:00:00+00:00 permission to 509
[2024-04-01T23:43:17.440+0000] {logging_mixin.py:188} INFO - Changing /opt/***/logs/dag_id=our_first_dag_v3 permission to 509
[2024-04-01T23:43:17.443+0000] {logging_mixin.py:188} INFO - Changing /opt/***/logs permission to 509
[2024-04-01T23:43:17.506+0000] {taskinstance.py:1979} INFO - Dependencies all met for dep_context=non-requeueable deps ti=<TaskInstance: our_first_dag_v3.task3 scheduled__2024-03-31T00:00:00+00:00 [queued]>
[2024-04-01T23:43:17.520+0000] {taskinstance.py:1979} INFO - Dependencies all met for dep_context=requeueable deps ti=<TaskInstance: our_first_dag_v3.task3 scheduled__2024-03-31T00:00:00+00:00 [queued]>
[2024-04-01T23:43:17.521+0000] {taskinstance.py:2193} INFO - Starting attempt 1 of 6
[2024-04-01T23:43:17.543+0000] {taskinstance.py:2217} INFO - Executing <Task(BashOperator): task3> on 2024-03-31 00:00:00+00:00
[2024-04-01T23:43:17.549+0000] {standard_task_runner.py:60} INFO - Started process 875 to run task
[2024-04-01T23:43:17.560+0000] {standard_task_runner.py:87} INFO - Running: ['***', 'tasks', 'run', 'our_first_dag_v3', 'task3', 'scheduled__2024-03-31T00:00:00+00:00', '--job-id', '96', '--raw', '--subdir', 'DAGS_FOLDER/our_first_dag.py', '--cfg-path', '/tmp/tmpugqxnvad']
[2024-04-01T23:43:17.564+0000] {standard_task_runner.py:88} INFO - Job 96: Subtask task3
[2024-04-01T23:43:17.645+0000] {logging_mixin.py:188} INFO - Changing /opt/***/logs/dag_id=our_first_dag_v3/run_id=scheduled__2024-03-31T00:00:00+00:00/task_id=task3 permission to 509
[2024-04-01T23:43:17.647+0000] {logging_mixin.py:188} INFO - Changing /opt/***/logs/dag_id=our_first_dag_v3/run_id=scheduled__2024-03-31T00:00:00+00:00 permission to 509
[2024-04-01T23:43:17.649+0000] {logging_mixin.py:188} INFO - Changing /opt/***/logs/dag_id=our_first_dag_v3 permission to 509
[2024-04-01T23:43:17.652+0000] {logging_mixin.py:188} INFO - Changing /opt/***/logs permission to 509
[2024-04-01T23:43:17.655+0000] {task_command.py:423} INFO - Running <TaskInstance: our_first_dag_v3.task3 scheduled__2024-03-31T00:00:00+00:00 [running]> on host 46dc445f2ec8
[2024-04-01T23:43:17.766+0000] {taskinstance.py:2513} INFO - Exporting env vars: AIRFLOW_CTX_DAG_OWNER='coder2j' AIRFLOW_CTX_DAG_ID='our_first_dag_v3' AIRFLOW_CTX_TASK_ID='task3' AIRFLOW_CTX_EXECUTION_DATE='2024-03-31T00:00:00+00:00' AIRFLOW_CTX_TRY_NUMBER='1' AIRFLOW_CTX_DAG_RUN_ID='scheduled__2024-03-31T00:00:00+00:00'
[2024-04-01T23:43:17.768+0000] {subprocess.py:63} INFO - Tmp dir root location: /tmp
[2024-04-01T23:43:17.770+0000] {subprocess.py:75} INFO - Running command: ['/usr/bin/bash', '-c', 'echo This will run after task1 at the same time as task2.']
[2024-04-01T23:43:17.780+0000] {subprocess.py:86} INFO - Output:
[2024-04-01T23:43:17.781+0000] {subprocess.py:93} INFO - This will run after task1 at the same time as task2.
[2024-04-01T23:43:17.782+0000] {subprocess.py:97} INFO - Command exited with return code 0
[2024-04-01T23:43:17.818+0000] {taskinstance.py:1149} INFO - Marking task as SUCCESS. dag_id=our_first_dag_v3, task_id=task3, execution_date=20240331T000000, start_date=20240401T234317, end_date=20240401T234317
[2024-04-01T23:43:17.851+0000] {local_task_job_runner.py:234} INFO - Task exited with return code 0
[2024-04-01T23:43:17.885+0000] {taskinstance.py:3312} INFO - 0 downstream tasks scheduled from follow-on schedule check
