[2024-04-04T00:04:30.816+0000] {logging_mixin.py:188} INFO - Changing /opt/***/logs/dag_id=dag_with_cron_expression_v5/run_id=scheduled__2024-04-02T03:12:00+00:00/task_id=task1 permission to 509
[2024-04-04T00:04:30.818+0000] {logging_mixin.py:188} INFO - Changing /opt/***/logs/dag_id=dag_with_cron_expression_v5/run_id=scheduled__2024-04-02T03:12:00+00:00 permission to 509
[2024-04-04T00:04:30.820+0000] {logging_mixin.py:188} INFO - Changing /opt/***/logs/dag_id=dag_with_cron_expression_v5 permission to 509
[2024-04-04T00:04:30.822+0000] {logging_mixin.py:188} INFO - Changing /opt/***/logs permission to 509
[2024-04-04T00:04:30.858+0000] {logging_mixin.py:188} INFO - Changing /opt/***/logs/dag_id=dag_with_cron_expression_v5/run_id=scheduled__2024-04-02T03:12:00+00:00/task_id=task1 permission to 509
[2024-04-04T00:04:30.860+0000] {logging_mixin.py:188} INFO - Changing /opt/***/logs/dag_id=dag_with_cron_expression_v5/run_id=scheduled__2024-04-02T03:12:00+00:00 permission to 509
[2024-04-04T00:04:30.863+0000] {logging_mixin.py:188} INFO - Changing /opt/***/logs/dag_id=dag_with_cron_expression_v5 permission to 509
[2024-04-04T00:04:30.864+0000] {logging_mixin.py:188} INFO - Changing /opt/***/logs permission to 509
[2024-04-04T00:04:30.953+0000] {taskinstance.py:1979} INFO - Dependencies all met for dep_context=non-requeueable deps ti=<TaskInstance: dag_with_cron_expression_v5.task1 scheduled__2024-04-02T03:12:00+00:00 [queued]>
[2024-04-04T00:04:30.968+0000] {taskinstance.py:1979} INFO - Dependencies all met for dep_context=requeueable deps ti=<TaskInstance: dag_with_cron_expression_v5.task1 scheduled__2024-04-02T03:12:00+00:00 [queued]>
[2024-04-04T00:04:30.969+0000] {taskinstance.py:2193} INFO - Starting attempt 1 of 6
[2024-04-04T00:04:31.008+0000] {taskinstance.py:2217} INFO - Executing <Task(BashOperator): task1> on 2024-04-02 03:12:00+00:00
[2024-04-04T00:04:31.013+0000] {standard_task_runner.py:60} INFO - Started process 1622 to run task
[2024-04-04T00:04:31.017+0000] {standard_task_runner.py:87} INFO - Running: ['***', 'tasks', 'run', 'dag_with_cron_expression_v5', 'task1', 'scheduled__2024-04-02T03:12:00+00:00', '--job-id', '303', '--raw', '--subdir', 'DAGS_FOLDER/dag_with_cron.py', '--cfg-path', '/tmp/tmpnn08jnxp']
[2024-04-04T00:04:31.020+0000] {standard_task_runner.py:88} INFO - Job 303: Subtask task1
[2024-04-04T00:04:31.110+0000] {logging_mixin.py:188} INFO - Changing /opt/***/logs/dag_id=dag_with_cron_expression_v5/run_id=scheduled__2024-04-02T03:12:00+00:00/task_id=task1 permission to 509
[2024-04-04T00:04:31.112+0000] {logging_mixin.py:188} INFO - Changing /opt/***/logs/dag_id=dag_with_cron_expression_v5/run_id=scheduled__2024-04-02T03:12:00+00:00 permission to 509
[2024-04-04T00:04:31.114+0000] {logging_mixin.py:188} INFO - Changing /opt/***/logs/dag_id=dag_with_cron_expression_v5 permission to 509
[2024-04-04T00:04:31.116+0000] {logging_mixin.py:188} INFO - Changing /opt/***/logs permission to 509
[2024-04-04T00:04:31.122+0000] {task_command.py:423} INFO - Running <TaskInstance: dag_with_cron_expression_v5.task1 scheduled__2024-04-02T03:12:00+00:00 [running]> on host 235f0c517704
[2024-04-04T00:04:31.270+0000] {taskinstance.py:2513} INFO - Exporting env vars: AIRFLOW_CTX_DAG_OWNER='coder2j' AIRFLOW_CTX_DAG_ID='dag_with_cron_expression_v5' AIRFLOW_CTX_TASK_ID='task1' AIRFLOW_CTX_EXECUTION_DATE='2024-04-02T03:12:00+00:00' AIRFLOW_CTX_TRY_NUMBER='1' AIRFLOW_CTX_DAG_RUN_ID='scheduled__2024-04-02T03:12:00+00:00'
[2024-04-04T00:04:31.275+0000] {subprocess.py:63} INFO - Tmp dir root location: /tmp
[2024-04-04T00:04:31.282+0000] {subprocess.py:75} INFO - Running command: ['/usr/bin/bash', '-c', 'echo dag with cron expression!']
[2024-04-04T00:04:31.299+0000] {subprocess.py:86} INFO - Output:
[2024-04-04T00:04:31.302+0000] {subprocess.py:93} INFO - dag with cron expression!
[2024-04-04T00:04:31.303+0000] {subprocess.py:97} INFO - Command exited with return code 0
[2024-04-04T00:04:31.357+0000] {taskinstance.py:1149} INFO - Marking task as SUCCESS. dag_id=dag_with_cron_expression_v5, task_id=task1, execution_date=20240402T031200, start_date=20240404T000430, end_date=20240404T000431
[2024-04-04T00:04:31.473+0000] {local_task_job_runner.py:234} INFO - Task exited with return code 0
[2024-04-04T00:04:31.499+0000] {taskinstance.py:3312} INFO - 0 downstream tasks scheduled from follow-on schedule check
