[2024-04-03T02:01:41.251+0000] {logging_mixin.py:188} INFO - Changing /opt/***/logs/dag_id=dag_with_cron_expression/run_id=scheduled__2024-04-02T00:00:00+00:00/task_id=task1 permission to 509
[2024-04-03T02:01:41.253+0000] {logging_mixin.py:188} INFO - Changing /opt/***/logs/dag_id=dag_with_cron_expression/run_id=scheduled__2024-04-02T00:00:00+00:00 permission to 509
[2024-04-03T02:01:41.255+0000] {logging_mixin.py:188} INFO - Changing /opt/***/logs/dag_id=dag_with_cron_expression permission to 509
[2024-04-03T02:01:41.257+0000] {logging_mixin.py:188} INFO - Changing /opt/***/logs permission to 509
[2024-04-03T02:01:41.295+0000] {logging_mixin.py:188} INFO - Changing /opt/***/logs/dag_id=dag_with_cron_expression/run_id=scheduled__2024-04-02T00:00:00+00:00/task_id=task1 permission to 509
[2024-04-03T02:01:41.297+0000] {logging_mixin.py:188} INFO - Changing /opt/***/logs/dag_id=dag_with_cron_expression/run_id=scheduled__2024-04-02T00:00:00+00:00 permission to 509
[2024-04-03T02:01:41.298+0000] {logging_mixin.py:188} INFO - Changing /opt/***/logs/dag_id=dag_with_cron_expression permission to 509
[2024-04-03T02:01:41.300+0000] {logging_mixin.py:188} INFO - Changing /opt/***/logs permission to 509
[2024-04-03T02:01:41.368+0000] {taskinstance.py:1979} INFO - Dependencies all met for dep_context=non-requeueable deps ti=<TaskInstance: dag_with_cron_expression.task1 scheduled__2024-04-02T00:00:00+00:00 [queued]>
[2024-04-03T02:01:41.380+0000] {taskinstance.py:1979} INFO - Dependencies all met for dep_context=requeueable deps ti=<TaskInstance: dag_with_cron_expression.task1 scheduled__2024-04-02T00:00:00+00:00 [queued]>
[2024-04-03T02:01:41.380+0000] {taskinstance.py:2193} INFO - Starting attempt 1 of 6
[2024-04-03T02:01:41.398+0000] {taskinstance.py:2217} INFO - Executing <Task(BashOperator): task1> on 2024-04-02 00:00:00+00:00
[2024-04-03T02:01:41.402+0000] {standard_task_runner.py:60} INFO - Started process 492 to run task
[2024-04-03T02:01:41.405+0000] {standard_task_runner.py:87} INFO - Running: ['***', 'tasks', 'run', 'dag_with_cron_expression', 'task1', 'scheduled__2024-04-02T00:00:00+00:00', '--job-id', '186', '--raw', '--subdir', 'DAGS_FOLDER/dag_with_cron.py', '--cfg-path', '/tmp/tmpi9fu41f4']
[2024-04-03T02:01:41.407+0000] {standard_task_runner.py:88} INFO - Job 186: Subtask task1
[2024-04-03T02:01:41.468+0000] {logging_mixin.py:188} INFO - Changing /opt/***/logs/dag_id=dag_with_cron_expression/run_id=scheduled__2024-04-02T00:00:00+00:00/task_id=task1 permission to 509
[2024-04-03T02:01:41.470+0000] {logging_mixin.py:188} INFO - Changing /opt/***/logs/dag_id=dag_with_cron_expression/run_id=scheduled__2024-04-02T00:00:00+00:00 permission to 509
[2024-04-03T02:01:41.471+0000] {logging_mixin.py:188} INFO - Changing /opt/***/logs/dag_id=dag_with_cron_expression permission to 509
[2024-04-03T02:01:41.473+0000] {logging_mixin.py:188} INFO - Changing /opt/***/logs permission to 509
[2024-04-03T02:01:41.475+0000] {task_command.py:423} INFO - Running <TaskInstance: dag_with_cron_expression.task1 scheduled__2024-04-02T00:00:00+00:00 [running]> on host 46dc445f2ec8
[2024-04-03T02:01:41.569+0000] {taskinstance.py:2513} INFO - Exporting env vars: AIRFLOW_CTX_DAG_OWNER='coder2j' AIRFLOW_CTX_DAG_ID='dag_with_cron_expression' AIRFLOW_CTX_TASK_ID='task1' AIRFLOW_CTX_EXECUTION_DATE='2024-04-02T00:00:00+00:00' AIRFLOW_CTX_TRY_NUMBER='1' AIRFLOW_CTX_DAG_RUN_ID='scheduled__2024-04-02T00:00:00+00:00'
[2024-04-03T02:01:41.571+0000] {subprocess.py:63} INFO - Tmp dir root location: /tmp
[2024-04-03T02:01:41.572+0000] {subprocess.py:75} INFO - Running command: ['/usr/bin/bash', '-c', 'echo dag with cron expression!']
[2024-04-03T02:01:41.580+0000] {subprocess.py:86} INFO - Output:
[2024-04-03T02:01:41.582+0000] {subprocess.py:93} INFO - dag with cron expression!
[2024-04-03T02:01:41.582+0000] {subprocess.py:97} INFO - Command exited with return code 0
[2024-04-03T02:01:41.610+0000] {taskinstance.py:1149} INFO - Marking task as SUCCESS. dag_id=dag_with_cron_expression, task_id=task1, execution_date=20240402T000000, start_date=20240403T020141, end_date=20240403T020141
[2024-04-03T02:01:41.659+0000] {local_task_job_runner.py:234} INFO - Task exited with return code 0
[2024-04-03T02:01:41.674+0000] {taskinstance.py:3312} INFO - 0 downstream tasks scheduled from follow-on schedule check
