[2024-04-02T00:32:43.403+0000] {logging_mixin.py:188} INFO - Changing /opt/***/logs/dag_id=dag_python_operator_v7/run_id=scheduled__2024-04-01T00:00:00+00:00/task_id=greet permission to 509
[2024-04-02T00:32:43.405+0000] {logging_mixin.py:188} INFO - Changing /opt/***/logs/dag_id=dag_python_operator_v7/run_id=scheduled__2024-04-01T00:00:00+00:00 permission to 509
[2024-04-02T00:32:43.406+0000] {logging_mixin.py:188} INFO - Changing /opt/***/logs/dag_id=dag_python_operator_v7 permission to 509
[2024-04-02T00:32:43.407+0000] {logging_mixin.py:188} INFO - Changing /opt/***/logs permission to 509
[2024-04-02T00:32:43.432+0000] {logging_mixin.py:188} INFO - Changing /opt/***/logs/dag_id=dag_python_operator_v7/run_id=scheduled__2024-04-01T00:00:00+00:00/task_id=greet permission to 509
[2024-04-02T00:32:43.434+0000] {logging_mixin.py:188} INFO - Changing /opt/***/logs/dag_id=dag_python_operator_v7/run_id=scheduled__2024-04-01T00:00:00+00:00 permission to 509
[2024-04-02T00:32:43.436+0000] {logging_mixin.py:188} INFO - Changing /opt/***/logs/dag_id=dag_python_operator_v7 permission to 509
[2024-04-02T00:32:43.437+0000] {logging_mixin.py:188} INFO - Changing /opt/***/logs permission to 509
[2024-04-02T00:32:43.481+0000] {taskinstance.py:1979} INFO - Dependencies all met for dep_context=non-requeueable deps ti=<TaskInstance: dag_python_operator_v7.greet scheduled__2024-04-01T00:00:00+00:00 [queued]>
[2024-04-02T00:32:43.492+0000] {taskinstance.py:1979} INFO - Dependencies all met for dep_context=requeueable deps ti=<TaskInstance: dag_python_operator_v7.greet scheduled__2024-04-01T00:00:00+00:00 [queued]>
[2024-04-02T00:32:43.493+0000] {taskinstance.py:2193} INFO - Starting attempt 1 of 6
[2024-04-02T00:32:43.510+0000] {taskinstance.py:2217} INFO - Executing <Task(PythonOperator): greet> on 2024-04-01 00:00:00+00:00
[2024-04-02T00:32:43.514+0000] {standard_task_runner.py:60} INFO - Started process 2860 to run task
[2024-04-02T00:32:43.517+0000] {standard_task_runner.py:87} INFO - Running: ['***', 'tasks', 'run', 'dag_python_operator_v7', 'greet', 'scheduled__2024-04-01T00:00:00+00:00', '--job-id', '163', '--raw', '--subdir', 'DAGS_FOLDER/create_dag_with_python_operator.py', '--cfg-path', '/tmp/tmp0dlw3djy']
[2024-04-02T00:32:43.520+0000] {standard_task_runner.py:88} INFO - Job 163: Subtask greet
[2024-04-02T00:32:43.568+0000] {logging_mixin.py:188} INFO - Changing /opt/***/logs/dag_id=dag_python_operator_v7/run_id=scheduled__2024-04-01T00:00:00+00:00/task_id=greet permission to 509
[2024-04-02T00:32:43.570+0000] {logging_mixin.py:188} INFO - Changing /opt/***/logs/dag_id=dag_python_operator_v7/run_id=scheduled__2024-04-01T00:00:00+00:00 permission to 509
[2024-04-02T00:32:43.573+0000] {logging_mixin.py:188} INFO - Changing /opt/***/logs/dag_id=dag_python_operator_v7 permission to 509
[2024-04-02T00:32:43.574+0000] {logging_mixin.py:188} INFO - Changing /opt/***/logs permission to 509
[2024-04-02T00:32:43.576+0000] {task_command.py:423} INFO - Running <TaskInstance: dag_python_operator_v7.greet scheduled__2024-04-01T00:00:00+00:00 [running]> on host 46dc445f2ec8
[2024-04-02T00:32:43.650+0000] {taskinstance.py:2513} INFO - Exporting env vars: AIRFLOW_CTX_DAG_OWNER='coder2j' AIRFLOW_CTX_DAG_ID='dag_python_operator_v7' AIRFLOW_CTX_TASK_ID='greet' AIRFLOW_CTX_EXECUTION_DATE='2024-04-01T00:00:00+00:00' AIRFLOW_CTX_TRY_NUMBER='1' AIRFLOW_CTX_DAG_RUN_ID='scheduled__2024-04-01T00:00:00+00:00'
[2024-04-02T00:32:43.675+0000] {logging_mixin.py:188} INFO - Hello, World! My name is Jacob Monks, and I am 25 years old.
[2024-04-02T00:32:43.676+0000] {python.py:202} INFO - Done. Returned value was: None
[2024-04-02T00:32:43.684+0000] {taskinstance.py:1149} INFO - Marking task as SUCCESS. dag_id=dag_python_operator_v7, task_id=greet, execution_date=20240401T000000, start_date=20240402T003243, end_date=20240402T003243
[2024-04-02T00:32:43.731+0000] {local_task_job_runner.py:234} INFO - Task exited with return code 0
[2024-04-02T00:32:43.748+0000] {taskinstance.py:3312} INFO - 0 downstream tasks scheduled from follow-on schedule check
