[2024-04-02T00:47:09.229+0000] {logging_mixin.py:188} INFO - Changing /opt/***/logs/dag_id=dag_with_taskflow_api_v2/run_id=scheduled__2024-03-31T00:00:00+00:00/task_id=get_name permission to 509
[2024-04-02T00:47:09.231+0000] {logging_mixin.py:188} INFO - Changing /opt/***/logs/dag_id=dag_with_taskflow_api_v2/run_id=scheduled__2024-03-31T00:00:00+00:00 permission to 509
[2024-04-02T00:47:09.232+0000] {logging_mixin.py:188} INFO - Changing /opt/***/logs/dag_id=dag_with_taskflow_api_v2 permission to 509
[2024-04-02T00:47:09.234+0000] {logging_mixin.py:188} INFO - Changing /opt/***/logs permission to 509
[2024-04-02T00:47:09.268+0000] {logging_mixin.py:188} INFO - Changing /opt/***/logs/dag_id=dag_with_taskflow_api_v2/run_id=scheduled__2024-03-31T00:00:00+00:00/task_id=get_name permission to 509
[2024-04-02T00:47:09.270+0000] {logging_mixin.py:188} INFO - Changing /opt/***/logs/dag_id=dag_with_taskflow_api_v2/run_id=scheduled__2024-03-31T00:00:00+00:00 permission to 509
[2024-04-02T00:47:09.272+0000] {logging_mixin.py:188} INFO - Changing /opt/***/logs/dag_id=dag_with_taskflow_api_v2 permission to 509
[2024-04-02T00:47:09.273+0000] {logging_mixin.py:188} INFO - Changing /opt/***/logs permission to 509
[2024-04-02T00:47:09.327+0000] {taskinstance.py:1979} INFO - Dependencies all met for dep_context=non-requeueable deps ti=<TaskInstance: dag_with_taskflow_api_v2.get_name scheduled__2024-03-31T00:00:00+00:00 [queued]>
[2024-04-02T00:47:09.341+0000] {taskinstance.py:1979} INFO - Dependencies all met for dep_context=requeueable deps ti=<TaskInstance: dag_with_taskflow_api_v2.get_name scheduled__2024-03-31T00:00:00+00:00 [queued]>
[2024-04-02T00:47:09.342+0000] {taskinstance.py:2193} INFO - Starting attempt 1 of 6
[2024-04-02T00:47:09.366+0000] {taskinstance.py:2217} INFO - Executing <Task(_PythonDecoratedOperator): get_name> on 2024-03-31 00:00:00+00:00
[2024-04-02T00:47:09.370+0000] {standard_task_runner.py:60} INFO - Started process 3545 to run task
[2024-04-02T00:47:09.375+0000] {standard_task_runner.py:87} INFO - Running: ['***', 'tasks', 'run', 'dag_with_taskflow_api_v2', 'get_name', 'scheduled__2024-03-31T00:00:00+00:00', '--job-id', '177', '--raw', '--subdir', 'DAGS_FOLDER/dag_with_taskflow_api.py', '--cfg-path', '/tmp/tmppv16waiu']
[2024-04-02T00:47:09.377+0000] {standard_task_runner.py:88} INFO - Job 177: Subtask get_name
[2024-04-02T00:47:09.441+0000] {logging_mixin.py:188} INFO - Changing /opt/***/logs/dag_id=dag_with_taskflow_api_v2/run_id=scheduled__2024-03-31T00:00:00+00:00/task_id=get_name permission to 509
[2024-04-02T00:47:09.443+0000] {logging_mixin.py:188} INFO - Changing /opt/***/logs/dag_id=dag_with_taskflow_api_v2/run_id=scheduled__2024-03-31T00:00:00+00:00 permission to 509
[2024-04-02T00:47:09.445+0000] {logging_mixin.py:188} INFO - Changing /opt/***/logs/dag_id=dag_with_taskflow_api_v2 permission to 509
[2024-04-02T00:47:09.446+0000] {logging_mixin.py:188} INFO - Changing /opt/***/logs permission to 509
[2024-04-02T00:47:09.449+0000] {task_command.py:423} INFO - Running <TaskInstance: dag_with_taskflow_api_v2.get_name scheduled__2024-03-31T00:00:00+00:00 [running]> on host 46dc445f2ec8
[2024-04-02T00:47:09.556+0000] {taskinstance.py:2513} INFO - Exporting env vars: AIRFLOW_CTX_DAG_OWNER='coder2j' AIRFLOW_CTX_DAG_ID='dag_with_taskflow_api_v2' AIRFLOW_CTX_TASK_ID='get_name' AIRFLOW_CTX_EXECUTION_DATE='2024-03-31T00:00:00+00:00' AIRFLOW_CTX_TRY_NUMBER='1' AIRFLOW_CTX_DAG_RUN_ID='scheduled__2024-03-31T00:00:00+00:00'
[2024-04-02T00:47:09.557+0000] {python.py:202} INFO - Done. Returned value was: {'first_name': 'Jacob', 'last_name': 'Monks'}
[2024-04-02T00:47:09.614+0000] {taskinstance.py:1149} INFO - Marking task as SUCCESS. dag_id=dag_with_taskflow_api_v2, task_id=get_name, execution_date=20240331T000000, start_date=20240402T004709, end_date=20240402T004709
[2024-04-02T00:47:09.668+0000] {local_task_job_runner.py:234} INFO - Task exited with return code 0
[2024-04-02T00:47:09.696+0000] {taskinstance.py:3312} INFO - 0 downstream tasks scheduled from follow-on schedule check
