[2024-04-03T02:10:40.968+0000] {logging_mixin.py:188} INFO - Changing /opt/***/logs/dag_id=dag_with_cron_expression_v3/run_id=scheduled__2024-04-02T07:12:00+00:00/task_id=task1 permission to 509
[2024-04-03T02:10:40.970+0000] {logging_mixin.py:188} INFO - Changing /opt/***/logs/dag_id=dag_with_cron_expression_v3/run_id=scheduled__2024-04-02T07:12:00+00:00 permission to 509
[2024-04-03T02:10:40.972+0000] {logging_mixin.py:188} INFO - Changing /opt/***/logs/dag_id=dag_with_cron_expression_v3 permission to 509
[2024-04-03T02:10:40.974+0000] {logging_mixin.py:188} INFO - Changing /opt/***/logs permission to 509
[2024-04-03T02:10:41.012+0000] {logging_mixin.py:188} INFO - Changing /opt/***/logs/dag_id=dag_with_cron_expression_v3/run_id=scheduled__2024-04-02T07:12:00+00:00/task_id=task1 permission to 509
[2024-04-03T02:10:41.014+0000] {logging_mixin.py:188} INFO - Changing /opt/***/logs/dag_id=dag_with_cron_expression_v3/run_id=scheduled__2024-04-02T07:12:00+00:00 permission to 509
[2024-04-03T02:10:41.015+0000] {logging_mixin.py:188} INFO - Changing /opt/***/logs/dag_id=dag_with_cron_expression_v3 permission to 509
[2024-04-03T02:10:41.017+0000] {logging_mixin.py:188} INFO - Changing /opt/***/logs permission to 509
[2024-04-03T02:10:41.071+0000] {taskinstance.py:1979} INFO - Dependencies all met for dep_context=non-requeueable deps ti=<TaskInstance: dag_with_cron_expression_v3.task1 scheduled__2024-04-02T07:12:00+00:00 [queued]>
[2024-04-03T02:10:41.085+0000] {taskinstance.py:1979} INFO - Dependencies all met for dep_context=requeueable deps ti=<TaskInstance: dag_with_cron_expression_v3.task1 scheduled__2024-04-02T07:12:00+00:00 [queued]>
[2024-04-03T02:10:41.086+0000] {taskinstance.py:2193} INFO - Starting attempt 1 of 6
[2024-04-03T02:10:41.128+0000] {taskinstance.py:2217} INFO - Executing <Task(BashOperator): task1> on 2024-04-02 07:12:00+00:00
[2024-04-03T02:10:41.137+0000] {standard_task_runner.py:60} INFO - Started process 1092 to run task
[2024-04-03T02:10:41.144+0000] {standard_task_runner.py:87} INFO - Running: ['***', 'tasks', 'run', 'dag_with_cron_expression_v3', 'task1', 'scheduled__2024-04-02T07:12:00+00:00', '--job-id', '203', '--raw', '--subdir', 'DAGS_FOLDER/dag_with_cron.py', '--cfg-path', '/tmp/tmp9nb5c4kx']
[2024-04-03T02:10:41.146+0000] {standard_task_runner.py:88} INFO - Job 203: Subtask task1
[2024-04-03T02:10:41.200+0000] {logging_mixin.py:188} INFO - Changing /opt/***/logs/dag_id=dag_with_cron_expression_v3/run_id=scheduled__2024-04-02T07:12:00+00:00/task_id=task1 permission to 509
[2024-04-03T02:10:41.203+0000] {logging_mixin.py:188} INFO - Changing /opt/***/logs/dag_id=dag_with_cron_expression_v3/run_id=scheduled__2024-04-02T07:12:00+00:00 permission to 509
[2024-04-03T02:10:41.205+0000] {logging_mixin.py:188} INFO - Changing /opt/***/logs/dag_id=dag_with_cron_expression_v3 permission to 509
[2024-04-03T02:10:41.207+0000] {logging_mixin.py:188} INFO - Changing /opt/***/logs permission to 509
[2024-04-03T02:10:41.209+0000] {task_command.py:423} INFO - Running <TaskInstance: dag_with_cron_expression_v3.task1 scheduled__2024-04-02T07:12:00+00:00 [running]> on host 46dc445f2ec8
[2024-04-03T02:10:41.308+0000] {taskinstance.py:2513} INFO - Exporting env vars: AIRFLOW_CTX_DAG_OWNER='coder2j' AIRFLOW_CTX_DAG_ID='dag_with_cron_expression_v3' AIRFLOW_CTX_TASK_ID='task1' AIRFLOW_CTX_EXECUTION_DATE='2024-04-02T07:12:00+00:00' AIRFLOW_CTX_TRY_NUMBER='1' AIRFLOW_CTX_DAG_RUN_ID='scheduled__2024-04-02T07:12:00+00:00'
[2024-04-03T02:10:41.310+0000] {subprocess.py:63} INFO - Tmp dir root location: /tmp
[2024-04-03T02:10:41.311+0000] {subprocess.py:75} INFO - Running command: ['/usr/bin/bash', '-c', 'echo dag with cron expression!']
[2024-04-03T02:10:41.319+0000] {subprocess.py:86} INFO - Output:
[2024-04-03T02:10:41.321+0000] {subprocess.py:93} INFO - dag with cron expression!
[2024-04-03T02:10:41.322+0000] {subprocess.py:97} INFO - Command exited with return code 0
[2024-04-03T02:10:41.351+0000] {taskinstance.py:1149} INFO - Marking task as SUCCESS. dag_id=dag_with_cron_expression_v3, task_id=task1, execution_date=20240402T071200, start_date=20240403T021041, end_date=20240403T021041
[2024-04-03T02:10:41.395+0000] {local_task_job_runner.py:234} INFO - Task exited with return code 0
[2024-04-03T02:10:41.410+0000] {taskinstance.py:3312} INFO - 0 downstream tasks scheduled from follow-on schedule check
