[2024-04-02T00:08:08.937+0000] {logging_mixin.py:188} INFO - Changing /opt/***/logs/dag_id=dag_python_operator_v3/run_id=scheduled__2024-03-31T00:00:00+00:00/task_id=task2 permission to 509
[2024-04-02T00:08:08.938+0000] {logging_mixin.py:188} INFO - Changing /opt/***/logs/dag_id=dag_python_operator_v3/run_id=scheduled__2024-03-31T00:00:00+00:00 permission to 509
[2024-04-02T00:08:08.939+0000] {logging_mixin.py:188} INFO - Changing /opt/***/logs/dag_id=dag_python_operator_v3 permission to 509
[2024-04-02T00:08:08.940+0000] {logging_mixin.py:188} INFO - Changing /opt/***/logs permission to 509
[2024-04-02T00:08:08.967+0000] {logging_mixin.py:188} INFO - Changing /opt/***/logs/dag_id=dag_python_operator_v3/run_id=scheduled__2024-03-31T00:00:00+00:00/task_id=task2 permission to 509
[2024-04-02T00:08:08.968+0000] {logging_mixin.py:188} INFO - Changing /opt/***/logs/dag_id=dag_python_operator_v3/run_id=scheduled__2024-03-31T00:00:00+00:00 permission to 509
[2024-04-02T00:08:08.969+0000] {logging_mixin.py:188} INFO - Changing /opt/***/logs/dag_id=dag_python_operator_v3 permission to 509
[2024-04-02T00:08:08.970+0000] {logging_mixin.py:188} INFO - Changing /opt/***/logs permission to 509
[2024-04-02T00:08:09.011+0000] {taskinstance.py:1979} INFO - Dependencies all met for dep_context=non-requeueable deps ti=<TaskInstance: dag_python_operator_v3.task2 scheduled__2024-03-31T00:00:00+00:00 [queued]>
[2024-04-02T00:08:09.020+0000] {taskinstance.py:1979} INFO - Dependencies all met for dep_context=requeueable deps ti=<TaskInstance: dag_python_operator_v3.task2 scheduled__2024-03-31T00:00:00+00:00 [queued]>
[2024-04-02T00:08:09.021+0000] {taskinstance.py:2193} INFO - Starting attempt 1 of 6
[2024-04-02T00:08:09.039+0000] {taskinstance.py:2217} INFO - Executing <Task(PythonOperator): task2> on 2024-03-31 00:00:00+00:00
[2024-04-02T00:08:09.043+0000] {standard_task_runner.py:60} INFO - Started process 1752 to run task
[2024-04-02T00:08:09.046+0000] {standard_task_runner.py:87} INFO - Running: ['***', 'tasks', 'run', 'dag_python_operator_v3', 'task2', 'scheduled__2024-03-31T00:00:00+00:00', '--job-id', '132', '--raw', '--subdir', 'DAGS_FOLDER/create_dag_with_python_operator.py', '--cfg-path', '/tmp/tmpr17c9qb6']
[2024-04-02T00:08:09.048+0000] {standard_task_runner.py:88} INFO - Job 132: Subtask task2
[2024-04-02T00:08:09.094+0000] {logging_mixin.py:188} INFO - Changing /opt/***/logs/dag_id=dag_python_operator_v3/run_id=scheduled__2024-03-31T00:00:00+00:00/task_id=task2 permission to 509
[2024-04-02T00:08:09.097+0000] {logging_mixin.py:188} INFO - Changing /opt/***/logs/dag_id=dag_python_operator_v3/run_id=scheduled__2024-03-31T00:00:00+00:00 permission to 509
[2024-04-02T00:08:09.100+0000] {logging_mixin.py:188} INFO - Changing /opt/***/logs/dag_id=dag_python_operator_v3 permission to 509
[2024-04-02T00:08:09.102+0000] {logging_mixin.py:188} INFO - Changing /opt/***/logs permission to 509
[2024-04-02T00:08:09.105+0000] {task_command.py:423} INFO - Running <TaskInstance: dag_python_operator_v3.task2 scheduled__2024-03-31T00:00:00+00:00 [running]> on host 46dc445f2ec8
[2024-04-02T00:08:09.188+0000] {taskinstance.py:2513} INFO - Exporting env vars: AIRFLOW_CTX_DAG_OWNER='coder2j' AIRFLOW_CTX_DAG_ID='dag_python_operator_v3' AIRFLOW_CTX_TASK_ID='task2' AIRFLOW_CTX_EXECUTION_DATE='2024-03-31T00:00:00+00:00' AIRFLOW_CTX_TRY_NUMBER='1' AIRFLOW_CTX_DAG_RUN_ID='scheduled__2024-03-31T00:00:00+00:00'
[2024-04-02T00:08:09.189+0000] {python.py:202} INFO - Done. Returned value was: Jacob
[2024-04-02T00:08:09.214+0000] {taskinstance.py:1149} INFO - Marking task as SUCCESS. dag_id=dag_python_operator_v3, task_id=task2, execution_date=20240331T000000, start_date=20240402T000809, end_date=20240402T000809
[2024-04-02T00:08:09.259+0000] {local_task_job_runner.py:234} INFO - Task exited with return code 0
[2024-04-02T00:08:09.275+0000] {taskinstance.py:3312} INFO - 0 downstream tasks scheduled from follow-on schedule check
