[2024-04-02T00:04:17.267+0000] {logging_mixin.py:188} INFO - Changing /opt/***/logs/dag_id=first_pratice_dag/run_id=scheduled__2024-03-29T00:00:00+00:00/task_id=task1 permission to 509
[2024-04-02T00:04:17.269+0000] {logging_mixin.py:188} INFO - Changing /opt/***/logs/dag_id=first_pratice_dag/run_id=scheduled__2024-03-29T00:00:00+00:00 permission to 509
[2024-04-02T00:04:17.271+0000] {logging_mixin.py:188} INFO - Changing /opt/***/logs/dag_id=first_pratice_dag permission to 509
[2024-04-02T00:04:17.273+0000] {logging_mixin.py:188} INFO - Changing /opt/***/logs permission to 509
[2024-04-02T00:04:17.310+0000] {logging_mixin.py:188} INFO - Changing /opt/***/logs/dag_id=first_pratice_dag/run_id=scheduled__2024-03-29T00:00:00+00:00/task_id=task1 permission to 509
[2024-04-02T00:04:17.312+0000] {logging_mixin.py:188} INFO - Changing /opt/***/logs/dag_id=first_pratice_dag/run_id=scheduled__2024-03-29T00:00:00+00:00 permission to 509
[2024-04-02T00:04:17.314+0000] {logging_mixin.py:188} INFO - Changing /opt/***/logs/dag_id=first_pratice_dag permission to 509
[2024-04-02T00:04:17.315+0000] {logging_mixin.py:188} INFO - Changing /opt/***/logs permission to 509
[2024-04-02T00:04:17.391+0000] {taskinstance.py:1979} INFO - Dependencies all met for dep_context=non-requeueable deps ti=<TaskInstance: first_pratice_dag.task1 scheduled__2024-03-29T00:00:00+00:00 [queued]>
[2024-04-02T00:04:17.411+0000] {taskinstance.py:1979} INFO - Dependencies all met for dep_context=requeueable deps ti=<TaskInstance: first_pratice_dag.task1 scheduled__2024-03-29T00:00:00+00:00 [queued]>
[2024-04-02T00:04:17.412+0000] {taskinstance.py:2193} INFO - Starting attempt 1 of 3
[2024-04-02T00:04:17.556+0000] {taskinstance.py:2217} INFO - Executing <Task(BashOperator): task1> on 2024-03-29 00:00:00+00:00
[2024-04-02T00:04:17.563+0000] {standard_task_runner.py:60} INFO - Started process 1506 to run task
[2024-04-02T00:04:17.569+0000] {standard_task_runner.py:87} INFO - Running: ['***', 'tasks', 'run', 'first_pratice_dag', 'task1', 'scheduled__2024-03-29T00:00:00+00:00', '--job-id', '104', '--raw', '--subdir', 'DAGS_FOLDER/first_practice_dag.py', '--cfg-path', '/tmp/tmph9628mhi']
[2024-04-02T00:04:17.575+0000] {standard_task_runner.py:88} INFO - Job 104: Subtask task1
[2024-04-02T00:04:17.686+0000] {logging_mixin.py:188} INFO - Changing /opt/***/logs/dag_id=first_pratice_dag/run_id=scheduled__2024-03-29T00:00:00+00:00/task_id=task1 permission to 509
[2024-04-02T00:04:17.690+0000] {logging_mixin.py:188} INFO - Changing /opt/***/logs/dag_id=first_pratice_dag/run_id=scheduled__2024-03-29T00:00:00+00:00 permission to 509
[2024-04-02T00:04:17.692+0000] {logging_mixin.py:188} INFO - Changing /opt/***/logs/dag_id=first_pratice_dag permission to 509
[2024-04-02T00:04:17.699+0000] {logging_mixin.py:188} INFO - Changing /opt/***/logs permission to 509
[2024-04-02T00:04:17.704+0000] {task_command.py:423} INFO - Running <TaskInstance: first_pratice_dag.task1 scheduled__2024-03-29T00:00:00+00:00 [running]> on host 46dc445f2ec8
[2024-04-02T00:04:17.877+0000] {taskinstance.py:2513} INFO - Exporting env vars: AIRFLOW_CTX_DAG_OWNER='***' AIRFLOW_CTX_DAG_ID='first_pratice_dag' AIRFLOW_CTX_TASK_ID='task1' AIRFLOW_CTX_EXECUTION_DATE='2024-03-29T00:00:00+00:00' AIRFLOW_CTX_TRY_NUMBER='1' AIRFLOW_CTX_DAG_RUN_ID='scheduled__2024-03-29T00:00:00+00:00'
[2024-04-02T00:04:17.879+0000] {subprocess.py:63} INFO - Tmp dir root location: /tmp
[2024-04-02T00:04:17.906+0000] {subprocess.py:75} INFO - Running command: ['/usr/bin/bash', '-c', 'echo Hello World!']
[2024-04-02T00:04:17.923+0000] {subprocess.py:86} INFO - Output:
[2024-04-02T00:04:17.925+0000] {subprocess.py:93} INFO - Hello World!
[2024-04-02T00:04:17.926+0000] {subprocess.py:97} INFO - Command exited with return code 0
[2024-04-02T00:04:17.988+0000] {taskinstance.py:1149} INFO - Marking task as SUCCESS. dag_id=first_pratice_dag, task_id=task1, execution_date=20240329T000000, start_date=20240402T000417, end_date=20240402T000417
[2024-04-02T00:04:18.070+0000] {local_task_job_runner.py:234} INFO - Task exited with return code 0
[2024-04-02T00:04:18.204+0000] {taskinstance.py:3312} INFO - 0 downstream tasks scheduled from follow-on schedule check
