[2024-04-02T00:24:33.773+0000] {logging_mixin.py:188} INFO - Changing /opt/***/logs/dag_id=dag_python_operator_v5/run_id=scheduled__2024-03-31T00:00:00+00:00/task_id=task1 permission to 509
[2024-04-02T00:24:33.775+0000] {logging_mixin.py:188} INFO - Changing /opt/***/logs/dag_id=dag_python_operator_v5/run_id=scheduled__2024-03-31T00:00:00+00:00 permission to 509
[2024-04-02T00:24:33.777+0000] {logging_mixin.py:188} INFO - Changing /opt/***/logs/dag_id=dag_python_operator_v5 permission to 509
[2024-04-02T00:24:33.778+0000] {logging_mixin.py:188} INFO - Changing /opt/***/logs permission to 509
[2024-04-02T00:24:33.811+0000] {logging_mixin.py:188} INFO - Changing /opt/***/logs/dag_id=dag_python_operator_v5/run_id=scheduled__2024-03-31T00:00:00+00:00/task_id=task1 permission to 509
[2024-04-02T00:24:33.813+0000] {logging_mixin.py:188} INFO - Changing /opt/***/logs/dag_id=dag_python_operator_v5/run_id=scheduled__2024-03-31T00:00:00+00:00 permission to 509
[2024-04-02T00:24:33.814+0000] {logging_mixin.py:188} INFO - Changing /opt/***/logs/dag_id=dag_python_operator_v5 permission to 509
[2024-04-02T00:24:33.815+0000] {logging_mixin.py:188} INFO - Changing /opt/***/logs permission to 509
[2024-04-02T00:24:33.854+0000] {taskinstance.py:1979} INFO - Dependencies all met for dep_context=non-requeueable deps ti=<TaskInstance: dag_python_operator_v5.task1 scheduled__2024-03-31T00:00:00+00:00 [queued]>
[2024-04-02T00:24:33.866+0000] {taskinstance.py:1979} INFO - Dependencies all met for dep_context=requeueable deps ti=<TaskInstance: dag_python_operator_v5.task1 scheduled__2024-03-31T00:00:00+00:00 [queued]>
[2024-04-02T00:24:33.867+0000] {taskinstance.py:2193} INFO - Starting attempt 2 of 7
[2024-04-02T00:24:33.885+0000] {taskinstance.py:2217} INFO - Executing <Task(PythonOperator): task1> on 2024-03-31 00:00:00+00:00
[2024-04-02T00:24:33.889+0000] {standard_task_runner.py:60} INFO - Started process 2482 to run task
[2024-04-02T00:24:33.892+0000] {standard_task_runner.py:87} INFO - Running: ['***', 'tasks', 'run', 'dag_python_operator_v5', 'task1', 'scheduled__2024-03-31T00:00:00+00:00', '--job-id', '148', '--raw', '--subdir', 'DAGS_FOLDER/create_dag_with_python_operator.py', '--cfg-path', '/tmp/tmplbpbc_75']
[2024-04-02T00:24:33.895+0000] {standard_task_runner.py:88} INFO - Job 148: Subtask task1
[2024-04-02T00:24:33.946+0000] {logging_mixin.py:188} INFO - Changing /opt/***/logs/dag_id=dag_python_operator_v5/run_id=scheduled__2024-03-31T00:00:00+00:00/task_id=task1 permission to 509
[2024-04-02T00:24:33.948+0000] {logging_mixin.py:188} INFO - Changing /opt/***/logs/dag_id=dag_python_operator_v5/run_id=scheduled__2024-03-31T00:00:00+00:00 permission to 509
[2024-04-02T00:24:33.950+0000] {logging_mixin.py:188} INFO - Changing /opt/***/logs/dag_id=dag_python_operator_v5 permission to 509
[2024-04-02T00:24:33.952+0000] {logging_mixin.py:188} INFO - Changing /opt/***/logs permission to 509
[2024-04-02T00:24:33.956+0000] {task_command.py:423} INFO - Running <TaskInstance: dag_python_operator_v5.task1 scheduled__2024-03-31T00:00:00+00:00 [running]> on host 46dc445f2ec8
[2024-04-02T00:24:34.030+0000] {taskinstance.py:2513} INFO - Exporting env vars: AIRFLOW_CTX_DAG_OWNER='coder2j' AIRFLOW_CTX_DAG_ID='dag_python_operator_v5' AIRFLOW_CTX_TASK_ID='task1' AIRFLOW_CTX_EXECUTION_DATE='2024-03-31T00:00:00+00:00' AIRFLOW_CTX_TRY_NUMBER='2' AIRFLOW_CTX_DAG_RUN_ID='scheduled__2024-03-31T00:00:00+00:00'
[2024-04-02T00:24:34.048+0000] {logging_mixin.py:188} INFO - Hello, World! My name is None None, and I am 25 years old.
[2024-04-02T00:24:34.049+0000] {python.py:202} INFO - Done. Returned value was: None
[2024-04-02T00:24:34.057+0000] {taskinstance.py:1149} INFO - Marking task as SUCCESS. dag_id=dag_python_operator_v5, task_id=task1, execution_date=20240331T000000, start_date=20240402T002433, end_date=20240402T002434
[2024-04-02T00:24:34.105+0000] {local_task_job_runner.py:234} INFO - Task exited with return code 0
[2024-04-02T00:24:34.128+0000] {taskinstance.py:3312} INFO - 0 downstream tasks scheduled from follow-on schedule check
