[2024-04-02T00:47:09.326+0000] {logging_mixin.py:188} INFO - Changing /opt/***/logs/dag_id=dag_with_taskflow_api_v2/run_id=scheduled__2024-04-01T00:00:00+00:00/task_id=get_name permission to 509
[2024-04-02T00:47:09.327+0000] {logging_mixin.py:188} INFO - Changing /opt/***/logs/dag_id=dag_with_taskflow_api_v2/run_id=scheduled__2024-04-01T00:00:00+00:00 permission to 509
[2024-04-02T00:47:09.329+0000] {logging_mixin.py:188} INFO - Changing /opt/***/logs/dag_id=dag_with_taskflow_api_v2 permission to 509
[2024-04-02T00:47:09.330+0000] {logging_mixin.py:188} INFO - Changing /opt/***/logs permission to 509
[2024-04-02T00:47:09.362+0000] {logging_mixin.py:188} INFO - Changing /opt/***/logs/dag_id=dag_with_taskflow_api_v2/run_id=scheduled__2024-04-01T00:00:00+00:00/task_id=get_name permission to 509
[2024-04-02T00:47:09.364+0000] {logging_mixin.py:188} INFO - Changing /opt/***/logs/dag_id=dag_with_taskflow_api_v2/run_id=scheduled__2024-04-01T00:00:00+00:00 permission to 509
[2024-04-02T00:47:09.367+0000] {logging_mixin.py:188} INFO - Changing /opt/***/logs/dag_id=dag_with_taskflow_api_v2 permission to 509
[2024-04-02T00:47:09.368+0000] {logging_mixin.py:188} INFO - Changing /opt/***/logs permission to 509
[2024-04-02T00:47:09.422+0000] {taskinstance.py:1979} INFO - Dependencies all met for dep_context=non-requeueable deps ti=<TaskInstance: dag_with_taskflow_api_v2.get_name scheduled__2024-04-01T00:00:00+00:00 [queued]>
[2024-04-02T00:47:09.436+0000] {taskinstance.py:1979} INFO - Dependencies all met for dep_context=requeueable deps ti=<TaskInstance: dag_with_taskflow_api_v2.get_name scheduled__2024-04-01T00:00:00+00:00 [queued]>
[2024-04-02T00:47:09.437+0000] {taskinstance.py:2193} INFO - Starting attempt 1 of 6
[2024-04-02T00:47:09.456+0000] {taskinstance.py:2217} INFO - Executing <Task(_PythonDecoratedOperator): get_name> on 2024-04-01 00:00:00+00:00
[2024-04-02T00:47:09.461+0000] {standard_task_runner.py:60} INFO - Started process 3547 to run task
[2024-04-02T00:47:09.465+0000] {standard_task_runner.py:87} INFO - Running: ['***', 'tasks', 'run', 'dag_with_taskflow_api_v2', 'get_name', 'scheduled__2024-04-01T00:00:00+00:00', '--job-id', '179', '--raw', '--subdir', 'DAGS_FOLDER/dag_with_taskflow_api.py', '--cfg-path', '/tmp/tmpg0250cbi']
[2024-04-02T00:47:09.468+0000] {standard_task_runner.py:88} INFO - Job 179: Subtask get_name
[2024-04-02T00:47:09.532+0000] {logging_mixin.py:188} INFO - Changing /opt/***/logs/dag_id=dag_with_taskflow_api_v2/run_id=scheduled__2024-04-01T00:00:00+00:00/task_id=get_name permission to 509
[2024-04-02T00:47:09.534+0000] {logging_mixin.py:188} INFO - Changing /opt/***/logs/dag_id=dag_with_taskflow_api_v2/run_id=scheduled__2024-04-01T00:00:00+00:00 permission to 509
[2024-04-02T00:47:09.536+0000] {logging_mixin.py:188} INFO - Changing /opt/***/logs/dag_id=dag_with_taskflow_api_v2 permission to 509
[2024-04-02T00:47:09.537+0000] {logging_mixin.py:188} INFO - Changing /opt/***/logs permission to 509
[2024-04-02T00:47:09.541+0000] {task_command.py:423} INFO - Running <TaskInstance: dag_with_taskflow_api_v2.get_name scheduled__2024-04-01T00:00:00+00:00 [running]> on host 46dc445f2ec8
[2024-04-02T00:47:09.645+0000] {taskinstance.py:2513} INFO - Exporting env vars: AIRFLOW_CTX_DAG_OWNER='coder2j' AIRFLOW_CTX_DAG_ID='dag_with_taskflow_api_v2' AIRFLOW_CTX_TASK_ID='get_name' AIRFLOW_CTX_EXECUTION_DATE='2024-04-01T00:00:00+00:00' AIRFLOW_CTX_TRY_NUMBER='1' AIRFLOW_CTX_DAG_RUN_ID='scheduled__2024-04-01T00:00:00+00:00'
[2024-04-02T00:47:09.647+0000] {python.py:202} INFO - Done. Returned value was: {'first_name': 'Jacob', 'last_name': 'Monks'}
[2024-04-02T00:47:09.703+0000] {taskinstance.py:1149} INFO - Marking task as SUCCESS. dag_id=dag_with_taskflow_api_v2, task_id=get_name, execution_date=20240401T000000, start_date=20240402T004709, end_date=20240402T004709
[2024-04-02T00:47:09.758+0000] {local_task_job_runner.py:234} INFO - Task exited with return code 0
[2024-04-02T00:47:09.778+0000] {taskinstance.py:3312} INFO - 0 downstream tasks scheduled from follow-on schedule check
