[2024-04-04T00:04:36.552+0000] {logging_mixin.py:188} INFO - Changing /opt/***/logs/dag_id=dag_with_cron_expression_v5/run_id=scheduled__2024-04-02T18:12:00+00:00/task_id=task1 permission to 509
[2024-04-04T00:04:36.554+0000] {logging_mixin.py:188} INFO - Changing /opt/***/logs/dag_id=dag_with_cron_expression_v5/run_id=scheduled__2024-04-02T18:12:00+00:00 permission to 509
[2024-04-04T00:04:36.556+0000] {logging_mixin.py:188} INFO - Changing /opt/***/logs/dag_id=dag_with_cron_expression_v5 permission to 509
[2024-04-04T00:04:36.558+0000] {logging_mixin.py:188} INFO - Changing /opt/***/logs permission to 509
[2024-04-04T00:04:36.597+0000] {logging_mixin.py:188} INFO - Changing /opt/***/logs/dag_id=dag_with_cron_expression_v5/run_id=scheduled__2024-04-02T18:12:00+00:00/task_id=task1 permission to 509
[2024-04-04T00:04:36.600+0000] {logging_mixin.py:188} INFO - Changing /opt/***/logs/dag_id=dag_with_cron_expression_v5/run_id=scheduled__2024-04-02T18:12:00+00:00 permission to 509
[2024-04-04T00:04:36.601+0000] {logging_mixin.py:188} INFO - Changing /opt/***/logs/dag_id=dag_with_cron_expression_v5 permission to 509
[2024-04-04T00:04:36.604+0000] {logging_mixin.py:188} INFO - Changing /opt/***/logs permission to 509
[2024-04-04T00:04:36.658+0000] {taskinstance.py:1979} INFO - Dependencies all met for dep_context=non-requeueable deps ti=<TaskInstance: dag_with_cron_expression_v5.task1 scheduled__2024-04-02T18:12:00+00:00 [queued]>
[2024-04-04T00:04:36.674+0000] {taskinstance.py:1979} INFO - Dependencies all met for dep_context=requeueable deps ti=<TaskInstance: dag_with_cron_expression_v5.task1 scheduled__2024-04-02T18:12:00+00:00 [queued]>
[2024-04-04T00:04:36.676+0000] {taskinstance.py:2193} INFO - Starting attempt 1 of 6
[2024-04-04T00:04:36.705+0000] {taskinstance.py:2217} INFO - Executing <Task(BashOperator): task1> on 2024-04-02 18:12:00+00:00
[2024-04-04T00:04:36.712+0000] {standard_task_runner.py:60} INFO - Started process 1679 to run task
[2024-04-04T00:04:36.720+0000] {standard_task_runner.py:87} INFO - Running: ['***', 'tasks', 'run', 'dag_with_cron_expression_v5', 'task1', 'scheduled__2024-04-02T18:12:00+00:00', '--job-id', '318', '--raw', '--subdir', 'DAGS_FOLDER/dag_with_cron.py', '--cfg-path', '/tmp/tmpl96tloya']
[2024-04-04T00:04:36.724+0000] {standard_task_runner.py:88} INFO - Job 318: Subtask task1
[2024-04-04T00:04:36.790+0000] {logging_mixin.py:188} INFO - Changing /opt/***/logs/dag_id=dag_with_cron_expression_v5/run_id=scheduled__2024-04-02T18:12:00+00:00/task_id=task1 permission to 509
[2024-04-04T00:04:36.794+0000] {logging_mixin.py:188} INFO - Changing /opt/***/logs/dag_id=dag_with_cron_expression_v5/run_id=scheduled__2024-04-02T18:12:00+00:00 permission to 509
[2024-04-04T00:04:36.798+0000] {logging_mixin.py:188} INFO - Changing /opt/***/logs/dag_id=dag_with_cron_expression_v5 permission to 509
[2024-04-04T00:04:36.801+0000] {logging_mixin.py:188} INFO - Changing /opt/***/logs permission to 509
[2024-04-04T00:04:36.804+0000] {task_command.py:423} INFO - Running <TaskInstance: dag_with_cron_expression_v5.task1 scheduled__2024-04-02T18:12:00+00:00 [running]> on host 235f0c517704
[2024-04-04T00:04:36.991+0000] {taskinstance.py:2513} INFO - Exporting env vars: AIRFLOW_CTX_DAG_OWNER='coder2j' AIRFLOW_CTX_DAG_ID='dag_with_cron_expression_v5' AIRFLOW_CTX_TASK_ID='task1' AIRFLOW_CTX_EXECUTION_DATE='2024-04-02T18:12:00+00:00' AIRFLOW_CTX_TRY_NUMBER='1' AIRFLOW_CTX_DAG_RUN_ID='scheduled__2024-04-02T18:12:00+00:00'
[2024-04-04T00:04:36.993+0000] {subprocess.py:63} INFO - Tmp dir root location: /tmp
[2024-04-04T00:04:36.997+0000] {subprocess.py:75} INFO - Running command: ['/usr/bin/bash', '-c', 'echo dag with cron expression!']
[2024-04-04T00:04:37.008+0000] {subprocess.py:86} INFO - Output:
[2024-04-04T00:04:37.010+0000] {subprocess.py:93} INFO - dag with cron expression!
[2024-04-04T00:04:37.011+0000] {subprocess.py:97} INFO - Command exited with return code 0
[2024-04-04T00:04:37.049+0000] {taskinstance.py:1149} INFO - Marking task as SUCCESS. dag_id=dag_with_cron_expression_v5, task_id=task1, execution_date=20240402T181200, start_date=20240404T000436, end_date=20240404T000437
[2024-04-04T00:04:37.092+0000] {local_task_job_runner.py:234} INFO - Task exited with return code 0
[2024-04-04T00:04:37.112+0000] {taskinstance.py:3312} INFO - 0 downstream tasks scheduled from follow-on schedule check
