[2024-04-03T02:01:41.239+0000] {logging_mixin.py:188} INFO - Changing /opt/***/logs/dag_id=dag_with_cron_expression/run_id=scheduled__2024-04-01T00:00:00+00:00/task_id=task1 permission to 509
[2024-04-03T02:01:41.241+0000] {logging_mixin.py:188} INFO - Changing /opt/***/logs/dag_id=dag_with_cron_expression/run_id=scheduled__2024-04-01T00:00:00+00:00 permission to 509
[2024-04-03T02:01:41.244+0000] {logging_mixin.py:188} INFO - Changing /opt/***/logs/dag_id=dag_with_cron_expression permission to 509
[2024-04-03T02:01:41.246+0000] {logging_mixin.py:188} INFO - Changing /opt/***/logs permission to 509
[2024-04-03T02:01:41.288+0000] {logging_mixin.py:188} INFO - Changing /opt/***/logs/dag_id=dag_with_cron_expression/run_id=scheduled__2024-04-01T00:00:00+00:00/task_id=task1 permission to 509
[2024-04-03T02:01:41.290+0000] {logging_mixin.py:188} INFO - Changing /opt/***/logs/dag_id=dag_with_cron_expression/run_id=scheduled__2024-04-01T00:00:00+00:00 permission to 509
[2024-04-03T02:01:41.292+0000] {logging_mixin.py:188} INFO - Changing /opt/***/logs/dag_id=dag_with_cron_expression permission to 509
[2024-04-03T02:01:41.294+0000] {logging_mixin.py:188} INFO - Changing /opt/***/logs permission to 509
[2024-04-03T02:01:41.349+0000] {taskinstance.py:1979} INFO - Dependencies all met for dep_context=non-requeueable deps ti=<TaskInstance: dag_with_cron_expression.task1 scheduled__2024-04-01T00:00:00+00:00 [queued]>
[2024-04-03T02:01:41.360+0000] {taskinstance.py:1979} INFO - Dependencies all met for dep_context=requeueable deps ti=<TaskInstance: dag_with_cron_expression.task1 scheduled__2024-04-01T00:00:00+00:00 [queued]>
[2024-04-03T02:01:41.361+0000] {taskinstance.py:2193} INFO - Starting attempt 1 of 6
[2024-04-03T02:01:41.378+0000] {taskinstance.py:2217} INFO - Executing <Task(BashOperator): task1> on 2024-04-01 00:00:00+00:00
[2024-04-03T02:01:41.381+0000] {standard_task_runner.py:60} INFO - Started process 491 to run task
[2024-04-03T02:01:41.384+0000] {standard_task_runner.py:87} INFO - Running: ['***', 'tasks', 'run', 'dag_with_cron_expression', 'task1', 'scheduled__2024-04-01T00:00:00+00:00', '--job-id', '185', '--raw', '--subdir', 'DAGS_FOLDER/dag_with_cron.py', '--cfg-path', '/tmp/tmp10x6bher']
[2024-04-03T02:01:41.387+0000] {standard_task_runner.py:88} INFO - Job 185: Subtask task1
[2024-04-03T02:01:41.440+0000] {logging_mixin.py:188} INFO - Changing /opt/***/logs/dag_id=dag_with_cron_expression/run_id=scheduled__2024-04-01T00:00:00+00:00/task_id=task1 permission to 509
[2024-04-03T02:01:41.442+0000] {logging_mixin.py:188} INFO - Changing /opt/***/logs/dag_id=dag_with_cron_expression/run_id=scheduled__2024-04-01T00:00:00+00:00 permission to 509
[2024-04-03T02:01:41.444+0000] {logging_mixin.py:188} INFO - Changing /opt/***/logs/dag_id=dag_with_cron_expression permission to 509
[2024-04-03T02:01:41.447+0000] {logging_mixin.py:188} INFO - Changing /opt/***/logs permission to 509
[2024-04-03T02:01:41.450+0000] {task_command.py:423} INFO - Running <TaskInstance: dag_with_cron_expression.task1 scheduled__2024-04-01T00:00:00+00:00 [running]> on host 46dc445f2ec8
[2024-04-03T02:01:41.542+0000] {taskinstance.py:2513} INFO - Exporting env vars: AIRFLOW_CTX_DAG_OWNER='coder2j' AIRFLOW_CTX_DAG_ID='dag_with_cron_expression' AIRFLOW_CTX_TASK_ID='task1' AIRFLOW_CTX_EXECUTION_DATE='2024-04-01T00:00:00+00:00' AIRFLOW_CTX_TRY_NUMBER='1' AIRFLOW_CTX_DAG_RUN_ID='scheduled__2024-04-01T00:00:00+00:00'
[2024-04-03T02:01:41.543+0000] {subprocess.py:63} INFO - Tmp dir root location: /tmp
[2024-04-03T02:01:41.544+0000] {subprocess.py:75} INFO - Running command: ['/usr/bin/bash', '-c', 'echo dag with cron expression!']
[2024-04-03T02:01:41.552+0000] {subprocess.py:86} INFO - Output:
[2024-04-03T02:01:41.554+0000] {subprocess.py:93} INFO - dag with cron expression!
[2024-04-03T02:01:41.556+0000] {subprocess.py:97} INFO - Command exited with return code 0
[2024-04-03T02:01:41.586+0000] {taskinstance.py:1149} INFO - Marking task as SUCCESS. dag_id=dag_with_cron_expression, task_id=task1, execution_date=20240401T000000, start_date=20240403T020141, end_date=20240403T020141
[2024-04-03T02:01:41.637+0000] {local_task_job_runner.py:234} INFO - Task exited with return code 0
[2024-04-03T02:01:41.654+0000] {taskinstance.py:3312} INFO - 0 downstream tasks scheduled from follow-on schedule check
