[2024-04-03T23:53:26.979+0000] {logging_mixin.py:188} INFO - Changing /opt/***/logs/dag_id=second_practice_dag/run_id=scheduled__2024-04-02T00:00:00+00:00/task_id=create_table permission to 509
[2024-04-03T23:53:26.981+0000] {logging_mixin.py:188} INFO - Changing /opt/***/logs/dag_id=second_practice_dag/run_id=scheduled__2024-04-02T00:00:00+00:00 permission to 509
[2024-04-03T23:53:26.982+0000] {logging_mixin.py:188} INFO - Changing /opt/***/logs/dag_id=second_practice_dag permission to 509
[2024-04-03T23:53:26.984+0000] {logging_mixin.py:188} INFO - Changing /opt/***/logs permission to 509
[2024-04-03T23:53:27.020+0000] {logging_mixin.py:188} INFO - Changing /opt/***/logs/dag_id=second_practice_dag/run_id=scheduled__2024-04-02T00:00:00+00:00/task_id=create_table permission to 509
[2024-04-03T23:53:27.022+0000] {logging_mixin.py:188} INFO - Changing /opt/***/logs/dag_id=second_practice_dag/run_id=scheduled__2024-04-02T00:00:00+00:00 permission to 509
[2024-04-03T23:53:27.024+0000] {logging_mixin.py:188} INFO - Changing /opt/***/logs/dag_id=second_practice_dag permission to 509
[2024-04-03T23:53:27.026+0000] {logging_mixin.py:188} INFO - Changing /opt/***/logs permission to 509
[2024-04-03T23:53:27.085+0000] {taskinstance.py:1979} INFO - Dependencies all met for dep_context=non-requeueable deps ti=<TaskInstance: second_practice_dag.create_table scheduled__2024-04-02T00:00:00+00:00 [queued]>
[2024-04-03T23:53:27.101+0000] {taskinstance.py:1979} INFO - Dependencies all met for dep_context=requeueable deps ti=<TaskInstance: second_practice_dag.create_table scheduled__2024-04-02T00:00:00+00:00 [queued]>
[2024-04-03T23:53:27.101+0000] {taskinstance.py:2193} INFO - Starting attempt 2 of 7
[2024-04-03T23:53:27.122+0000] {taskinstance.py:2217} INFO - Executing <Task(PostgresOperator): create_table> on 2024-04-02 00:00:00+00:00
[2024-04-03T23:53:27.126+0000] {standard_task_runner.py:60} INFO - Started process 646 to run task
[2024-04-03T23:53:27.130+0000] {standard_task_runner.py:87} INFO - Running: ['***', 'tasks', 'run', 'second_practice_dag', 'create_table', 'scheduled__2024-04-02T00:00:00+00:00', '--job-id', '273', '--raw', '--subdir', 'DAGS_FOLDER/second_practice_dag.py', '--cfg-path', '/tmp/tmp8hjvew04']
[2024-04-03T23:53:27.132+0000] {standard_task_runner.py:88} INFO - Job 273: Subtask create_table
[2024-04-03T23:53:27.179+0000] {logging_mixin.py:188} INFO - Changing /opt/***/logs/dag_id=second_practice_dag/run_id=scheduled__2024-04-02T00:00:00+00:00/task_id=create_table permission to 509
[2024-04-03T23:53:27.180+0000] {logging_mixin.py:188} INFO - Changing /opt/***/logs/dag_id=second_practice_dag/run_id=scheduled__2024-04-02T00:00:00+00:00 permission to 509
[2024-04-03T23:53:27.182+0000] {logging_mixin.py:188} INFO - Changing /opt/***/logs/dag_id=second_practice_dag permission to 509
[2024-04-03T23:53:27.183+0000] {logging_mixin.py:188} INFO - Changing /opt/***/logs permission to 509
[2024-04-03T23:53:27.185+0000] {task_command.py:423} INFO - Running <TaskInstance: second_practice_dag.create_table scheduled__2024-04-02T00:00:00+00:00 [running]> on host 235f0c517704
[2024-04-03T23:53:27.251+0000] {taskinstance.py:2513} INFO - Exporting env vars: AIRFLOW_CTX_DAG_OWNER='Jacob Monks' AIRFLOW_CTX_DAG_ID='second_practice_dag' AIRFLOW_CTX_TASK_ID='create_table' AIRFLOW_CTX_EXECUTION_DATE='2024-04-02T00:00:00+00:00' AIRFLOW_CTX_TRY_NUMBER='2' AIRFLOW_CTX_DAG_RUN_ID='scheduled__2024-04-02T00:00:00+00:00'
[2024-04-03T23:53:27.252+0000] {sql.py:276} INFO - Executing: 
            create table if not exists practice_table (
                dt date,
                dag_run VARCHAR(63),
                name VARCHAR(63),
                primary key (dt, dag_run)
            );
[2024-04-03T23:53:27.261+0000] {base.py:83} INFO - Using connection ID 'postgres_localhost' for task execution.
[2024-04-03T23:53:27.275+0000] {base.py:83} INFO - Using connection ID 'postgres_localhost' for task execution.
[2024-04-03T23:53:27.289+0000] {sql.py:457} INFO - Running statement: 
            create table if not exists practice_table (
                dt date,
                dag_run VARCHAR(63),
                name VARCHAR(63),
                primary key (dt, dag_run)
            );, parameters: None
[2024-04-03T23:53:27.303+0000] {logging_mixin.py:188} WARNING - /home/***/.local/lib/python3.8/site-packages/***/providers/common/sql/hooks/sql.py:407 AirflowProviderDeprecationWarning: Call to deprecated method _make_common_data_structure. (The `_make_serializable` method is deprecated and support will be removed in a future version of the common.sql provider. Please update the DbApiHook's provider to a version based on common.sql >= 1.9.1.)
[2024-04-03T23:53:27.315+0000] {taskinstance.py:1149} INFO - Marking task as SUCCESS. dag_id=second_practice_dag, task_id=create_table, execution_date=20240402T000000, start_date=20240403T235327, end_date=20240403T235327
[2024-04-03T23:53:27.342+0000] {local_task_job_runner.py:234} INFO - Task exited with return code 0
[2024-04-03T23:53:27.357+0000] {logging_mixin.py:188} WARNING - /home/***/.local/lib/python3.8/site-packages/***/models/baseoperator.py:1201 AirflowProviderDeprecationWarning: Call to deprecated class PostgresOperator. (Please use `***.providers.common.sql.operators.sql.SQLExecuteQueryOperator`.Also, you can provide `hook_params={'schema': <database>}`.)
[2024-04-03T23:53:27.374+0000] {taskinstance.py:3312} INFO - 1 downstream tasks scheduled from follow-on schedule check
