[2024-04-03T02:48:46.500+0000] {logging_mixin.py:188} INFO - Changing /opt/***/logs/dag_id=our_first_dag_v3/run_id=scheduled__2024-04-01T00:00:00+00:00/task_id=task2 permission to 509
[2024-04-03T02:48:46.502+0000] {logging_mixin.py:188} INFO - Changing /opt/***/logs/dag_id=our_first_dag_v3/run_id=scheduled__2024-04-01T00:00:00+00:00 permission to 509
[2024-04-03T02:48:46.504+0000] {logging_mixin.py:188} INFO - Changing /opt/***/logs/dag_id=our_first_dag_v3 permission to 509
[2024-04-03T02:48:46.506+0000] {logging_mixin.py:188} INFO - Changing /opt/***/logs permission to 509
[2024-04-03T02:48:46.546+0000] {logging_mixin.py:188} INFO - Changing /opt/***/logs/dag_id=our_first_dag_v3/run_id=scheduled__2024-04-01T00:00:00+00:00/task_id=task2 permission to 509
[2024-04-03T02:48:46.548+0000] {logging_mixin.py:188} INFO - Changing /opt/***/logs/dag_id=our_first_dag_v3/run_id=scheduled__2024-04-01T00:00:00+00:00 permission to 509
[2024-04-03T02:48:46.549+0000] {logging_mixin.py:188} INFO - Changing /opt/***/logs/dag_id=our_first_dag_v3 permission to 509
[2024-04-03T02:48:46.550+0000] {logging_mixin.py:188} INFO - Changing /opt/***/logs permission to 509
[2024-04-03T02:48:46.595+0000] {taskinstance.py:1979} INFO - Dependencies all met for dep_context=non-requeueable deps ti=<TaskInstance: our_first_dag_v3.task2 scheduled__2024-04-01T00:00:00+00:00 [queued]>
[2024-04-03T02:48:46.606+0000] {taskinstance.py:1979} INFO - Dependencies all met for dep_context=requeueable deps ti=<TaskInstance: our_first_dag_v3.task2 scheduled__2024-04-01T00:00:00+00:00 [queued]>
[2024-04-03T02:48:46.607+0000] {taskinstance.py:2193} INFO - Starting attempt 1 of 6
[2024-04-03T02:48:46.623+0000] {taskinstance.py:2217} INFO - Executing <Task(BashOperator): task2> on 2024-04-01 00:00:00+00:00
[2024-04-03T02:48:46.628+0000] {standard_task_runner.py:60} INFO - Started process 3553 to run task
[2024-04-03T02:48:46.631+0000] {standard_task_runner.py:87} INFO - Running: ['***', 'tasks', 'run', 'our_first_dag_v3', 'task2', 'scheduled__2024-04-01T00:00:00+00:00', '--job-id', '241', '--raw', '--subdir', 'DAGS_FOLDER/our_first_dag.py', '--cfg-path', '/tmp/tmpwfgnp7rp']
[2024-04-03T02:48:46.633+0000] {standard_task_runner.py:88} INFO - Job 241: Subtask task2
[2024-04-03T02:48:46.695+0000] {logging_mixin.py:188} INFO - Changing /opt/***/logs/dag_id=our_first_dag_v3/run_id=scheduled__2024-04-01T00:00:00+00:00/task_id=task2 permission to 509
[2024-04-03T02:48:46.697+0000] {logging_mixin.py:188} INFO - Changing /opt/***/logs/dag_id=our_first_dag_v3/run_id=scheduled__2024-04-01T00:00:00+00:00 permission to 509
[2024-04-03T02:48:46.699+0000] {logging_mixin.py:188} INFO - Changing /opt/***/logs/dag_id=our_first_dag_v3 permission to 509
[2024-04-03T02:48:46.700+0000] {logging_mixin.py:188} INFO - Changing /opt/***/logs permission to 509
[2024-04-03T02:48:46.702+0000] {task_command.py:423} INFO - Running <TaskInstance: our_first_dag_v3.task2 scheduled__2024-04-01T00:00:00+00:00 [running]> on host 46dc445f2ec8
[2024-04-03T02:48:46.835+0000] {taskinstance.py:2513} INFO - Exporting env vars: AIRFLOW_CTX_DAG_OWNER='coder2j' AIRFLOW_CTX_DAG_ID='our_first_dag_v3' AIRFLOW_CTX_TASK_ID='task2' AIRFLOW_CTX_EXECUTION_DATE='2024-04-01T00:00:00+00:00' AIRFLOW_CTX_TRY_NUMBER='1' AIRFLOW_CTX_DAG_RUN_ID='scheduled__2024-04-01T00:00:00+00:00'
[2024-04-03T02:48:46.837+0000] {subprocess.py:63} INFO - Tmp dir root location: /tmp
[2024-04-03T02:48:46.838+0000] {subprocess.py:75} INFO - Running command: ['/usr/bin/bash', '-c', 'echo This is the second task.']
[2024-04-03T02:48:46.849+0000] {subprocess.py:86} INFO - Output:
[2024-04-03T02:48:46.851+0000] {subprocess.py:93} INFO - This is the second task.
[2024-04-03T02:48:46.853+0000] {subprocess.py:97} INFO - Command exited with return code 0
[2024-04-03T02:48:46.884+0000] {taskinstance.py:1149} INFO - Marking task as SUCCESS. dag_id=our_first_dag_v3, task_id=task2, execution_date=20240401T000000, start_date=20240403T024846, end_date=20240403T024846
[2024-04-03T02:48:46.924+0000] {local_task_job_runner.py:234} INFO - Task exited with return code 0
[2024-04-03T02:48:46.942+0000] {taskinstance.py:3312} INFO - 0 downstream tasks scheduled from follow-on schedule check
