[2024-04-01T23:43:16.147+0000] {logging_mixin.py:188} INFO - Changing /opt/***/logs/dag_id=our_first_dag_v3/run_id=scheduled__2024-03-30T00:00:00+00:00/task_id=task1 permission to 509
[2024-04-01T23:43:16.148+0000] {logging_mixin.py:188} INFO - Changing /opt/***/logs/dag_id=our_first_dag_v3/run_id=scheduled__2024-03-30T00:00:00+00:00 permission to 509
[2024-04-01T23:43:16.150+0000] {logging_mixin.py:188} INFO - Changing /opt/***/logs/dag_id=our_first_dag_v3 permission to 509
[2024-04-01T23:43:16.151+0000] {logging_mixin.py:188} INFO - Changing /opt/***/logs permission to 509
[2024-04-01T23:43:16.178+0000] {logging_mixin.py:188} INFO - Changing /opt/***/logs/dag_id=our_first_dag_v3/run_id=scheduled__2024-03-30T00:00:00+00:00/task_id=task1 permission to 509
[2024-04-01T23:43:16.179+0000] {logging_mixin.py:188} INFO - Changing /opt/***/logs/dag_id=our_first_dag_v3/run_id=scheduled__2024-03-30T00:00:00+00:00 permission to 509
[2024-04-01T23:43:16.181+0000] {logging_mixin.py:188} INFO - Changing /opt/***/logs/dag_id=our_first_dag_v3 permission to 509
[2024-04-01T23:43:16.182+0000] {logging_mixin.py:188} INFO - Changing /opt/***/logs permission to 509
[2024-04-01T23:43:16.220+0000] {taskinstance.py:1979} INFO - Dependencies all met for dep_context=non-requeueable deps ti=<TaskInstance: our_first_dag_v3.task1 scheduled__2024-03-30T00:00:00+00:00 [queued]>
[2024-04-01T23:43:16.230+0000] {taskinstance.py:1979} INFO - Dependencies all met for dep_context=requeueable deps ti=<TaskInstance: our_first_dag_v3.task1 scheduled__2024-03-30T00:00:00+00:00 [queued]>
[2024-04-01T23:43:16.231+0000] {taskinstance.py:2193} INFO - Starting attempt 1 of 6
[2024-04-01T23:43:16.247+0000] {taskinstance.py:2217} INFO - Executing <Task(BashOperator): task1> on 2024-03-30 00:00:00+00:00
[2024-04-01T23:43:16.250+0000] {standard_task_runner.py:60} INFO - Started process 864 to run task
[2024-04-01T23:43:16.253+0000] {standard_task_runner.py:87} INFO - Running: ['***', 'tasks', 'run', 'our_first_dag_v3', 'task1', 'scheduled__2024-03-30T00:00:00+00:00', '--job-id', '91', '--raw', '--subdir', 'DAGS_FOLDER/our_first_dag.py', '--cfg-path', '/tmp/tmp6ujzj580']
[2024-04-01T23:43:16.256+0000] {standard_task_runner.py:88} INFO - Job 91: Subtask task1
[2024-04-01T23:43:16.305+0000] {logging_mixin.py:188} INFO - Changing /opt/***/logs/dag_id=our_first_dag_v3/run_id=scheduled__2024-03-30T00:00:00+00:00/task_id=task1 permission to 509
[2024-04-01T23:43:16.306+0000] {logging_mixin.py:188} INFO - Changing /opt/***/logs/dag_id=our_first_dag_v3/run_id=scheduled__2024-03-30T00:00:00+00:00 permission to 509
[2024-04-01T23:43:16.308+0000] {logging_mixin.py:188} INFO - Changing /opt/***/logs/dag_id=our_first_dag_v3 permission to 509
[2024-04-01T23:43:16.310+0000] {logging_mixin.py:188} INFO - Changing /opt/***/logs permission to 509
[2024-04-01T23:43:16.312+0000] {task_command.py:423} INFO - Running <TaskInstance: our_first_dag_v3.task1 scheduled__2024-03-30T00:00:00+00:00 [running]> on host 46dc445f2ec8
[2024-04-01T23:43:16.388+0000] {taskinstance.py:2513} INFO - Exporting env vars: AIRFLOW_CTX_DAG_OWNER='coder2j' AIRFLOW_CTX_DAG_ID='our_first_dag_v3' AIRFLOW_CTX_TASK_ID='task1' AIRFLOW_CTX_EXECUTION_DATE='2024-03-30T00:00:00+00:00' AIRFLOW_CTX_TRY_NUMBER='1' AIRFLOW_CTX_DAG_RUN_ID='scheduled__2024-03-30T00:00:00+00:00'
[2024-04-01T23:43:16.389+0000] {subprocess.py:63} INFO - Tmp dir root location: /tmp
[2024-04-01T23:43:16.390+0000] {subprocess.py:75} INFO - Running command: ['/usr/bin/bash', '-c', 'echo Hello, World!']
[2024-04-01T23:43:16.398+0000] {subprocess.py:86} INFO - Output:
[2024-04-01T23:43:16.399+0000] {subprocess.py:93} INFO - Hello, World!
[2024-04-01T23:43:16.400+0000] {subprocess.py:97} INFO - Command exited with return code 0
[2024-04-01T23:43:16.421+0000] {taskinstance.py:1149} INFO - Marking task as SUCCESS. dag_id=our_first_dag_v3, task_id=task1, execution_date=20240330T000000, start_date=20240401T234316, end_date=20240401T234316
[2024-04-01T23:43:16.466+0000] {local_task_job_runner.py:234} INFO - Task exited with return code 0
[2024-04-01T23:43:16.485+0000] {taskinstance.py:3312} INFO - 2 downstream tasks scheduled from follow-on schedule check
