[2024-04-04T00:00:00.701+0000] {logging_mixin.py:188} INFO - Changing /opt/***/logs/dag_id=second_practice_dag_v2/run_id=scheduled__2024-04-03T00:00:00+00:00/task_id=startup permission to 509
[2024-04-04T00:00:00.704+0000] {logging_mixin.py:188} INFO - Changing /opt/***/logs/dag_id=second_practice_dag_v2/run_id=scheduled__2024-04-03T00:00:00+00:00 permission to 509
[2024-04-04T00:00:00.705+0000] {logging_mixin.py:188} INFO - Changing /opt/***/logs/dag_id=second_practice_dag_v2 permission to 509
[2024-04-04T00:00:00.706+0000] {logging_mixin.py:188} INFO - Changing /opt/***/logs permission to 509
[2024-04-04T00:00:00.736+0000] {logging_mixin.py:188} INFO - Changing /opt/***/logs/dag_id=second_practice_dag_v2/run_id=scheduled__2024-04-03T00:00:00+00:00/task_id=startup permission to 509
[2024-04-04T00:00:00.739+0000] {logging_mixin.py:188} INFO - Changing /opt/***/logs/dag_id=second_practice_dag_v2/run_id=scheduled__2024-04-03T00:00:00+00:00 permission to 509
[2024-04-04T00:00:00.742+0000] {logging_mixin.py:188} INFO - Changing /opt/***/logs/dag_id=second_practice_dag_v2 permission to 509
[2024-04-04T00:00:00.743+0000] {logging_mixin.py:188} INFO - Changing /opt/***/logs permission to 509
[2024-04-04T00:00:00.789+0000] {taskinstance.py:1979} INFO - Dependencies all met for dep_context=non-requeueable deps ti=<TaskInstance: second_practice_dag_v2.startup scheduled__2024-04-03T00:00:00+00:00 [queued]>
[2024-04-04T00:00:00.801+0000] {taskinstance.py:1979} INFO - Dependencies all met for dep_context=requeueable deps ti=<TaskInstance: second_practice_dag_v2.startup scheduled__2024-04-03T00:00:00+00:00 [queued]>
[2024-04-04T00:00:00.802+0000] {taskinstance.py:2193} INFO - Starting attempt 1 of 6
[2024-04-04T00:00:00.819+0000] {taskinstance.py:2217} INFO - Executing <Task(BashOperator): startup> on 2024-04-03 00:00:00+00:00
[2024-04-04T00:00:00.824+0000] {standard_task_runner.py:60} INFO - Started process 1237 to run task
[2024-04-04T00:00:00.827+0000] {standard_task_runner.py:87} INFO - Running: ['***', 'tasks', 'run', 'second_practice_dag_v2', 'startup', 'scheduled__2024-04-03T00:00:00+00:00', '--job-id', '295', '--raw', '--subdir', 'DAGS_FOLDER/second_practice_dag.py', '--cfg-path', '/tmp/tmp0asi5bjp']
[2024-04-04T00:00:00.830+0000] {standard_task_runner.py:88} INFO - Job 295: Subtask startup
[2024-04-04T00:00:00.876+0000] {logging_mixin.py:188} INFO - Changing /opt/***/logs/dag_id=second_practice_dag_v2/run_id=scheduled__2024-04-03T00:00:00+00:00/task_id=startup permission to 509
[2024-04-04T00:00:00.878+0000] {logging_mixin.py:188} INFO - Changing /opt/***/logs/dag_id=second_practice_dag_v2/run_id=scheduled__2024-04-03T00:00:00+00:00 permission to 509
[2024-04-04T00:00:00.879+0000] {logging_mixin.py:188} INFO - Changing /opt/***/logs/dag_id=second_practice_dag_v2 permission to 509
[2024-04-04T00:00:00.881+0000] {logging_mixin.py:188} INFO - Changing /opt/***/logs permission to 509
[2024-04-04T00:00:00.883+0000] {task_command.py:423} INFO - Running <TaskInstance: second_practice_dag_v2.startup scheduled__2024-04-03T00:00:00+00:00 [running]> on host 235f0c517704
[2024-04-04T00:00:00.977+0000] {taskinstance.py:2513} INFO - Exporting env vars: AIRFLOW_CTX_DAG_OWNER='Jacob Monks' AIRFLOW_CTX_DAG_ID='second_practice_dag_v2' AIRFLOW_CTX_TASK_ID='startup' AIRFLOW_CTX_EXECUTION_DATE='2024-04-03T00:00:00+00:00' AIRFLOW_CTX_TRY_NUMBER='1' AIRFLOW_CTX_DAG_RUN_ID='scheduled__2024-04-03T00:00:00+00:00'
[2024-04-04T00:00:00.979+0000] {subprocess.py:63} INFO - Tmp dir root location: /tmp
[2024-04-04T00:00:00.981+0000] {subprocess.py:75} INFO - Running command: ['/usr/bin/bash', '-c', 'echo Starting Postgres Task...']
[2024-04-04T00:00:00.989+0000] {subprocess.py:86} INFO - Output:
[2024-04-04T00:00:00.991+0000] {subprocess.py:93} INFO - Starting Postgres Task...
[2024-04-04T00:00:00.992+0000] {subprocess.py:97} INFO - Command exited with return code 0
[2024-04-04T00:00:01.023+0000] {taskinstance.py:1149} INFO - Marking task as SUCCESS. dag_id=second_practice_dag_v2, task_id=startup, execution_date=20240403T000000, start_date=20240404T000000, end_date=20240404T000001
[2024-04-04T00:00:01.080+0000] {local_task_job_runner.py:234} INFO - Task exited with return code 0
[2024-04-04T00:00:01.100+0000] {logging_mixin.py:188} WARNING - /home/***/.local/lib/python3.8/site-packages/***/models/baseoperator.py:1201 AirflowProviderDeprecationWarning: Call to deprecated class PostgresOperator. (Please use `***.providers.common.sql.operators.sql.SQLExecuteQueryOperator`.Also, you can provide `hook_params={'schema': <database>}`.)
[2024-04-04T00:00:01.133+0000] {taskinstance.py:3312} INFO - 1 downstream tasks scheduled from follow-on schedule check
