[2024-04-04T00:17:52.584+0000] {logging_mixin.py:188} INFO - Changing /opt/***/logs/dag_id=first_practice_dag/run_id=scheduled__2024-04-02T00:00:00+00:00/task_id=task1 permission to 509
[2024-04-04T00:17:52.587+0000] {logging_mixin.py:188} INFO - Changing /opt/***/logs/dag_id=first_practice_dag/run_id=scheduled__2024-04-02T00:00:00+00:00 permission to 509
[2024-04-04T00:17:52.591+0000] {logging_mixin.py:188} INFO - Changing /opt/***/logs/dag_id=first_practice_dag permission to 509
[2024-04-04T00:17:52.594+0000] {logging_mixin.py:188} INFO - Changing /opt/***/logs permission to 509
[2024-04-04T00:17:52.620+0000] {logging_mixin.py:188} INFO - Changing /opt/***/logs/dag_id=first_practice_dag/run_id=scheduled__2024-04-02T00:00:00+00:00/task_id=task1 permission to 509
[2024-04-04T00:17:52.621+0000] {logging_mixin.py:188} INFO - Changing /opt/***/logs/dag_id=first_practice_dag/run_id=scheduled__2024-04-02T00:00:00+00:00 permission to 509
[2024-04-04T00:17:52.622+0000] {logging_mixin.py:188} INFO - Changing /opt/***/logs/dag_id=first_practice_dag permission to 509
[2024-04-04T00:17:52.623+0000] {logging_mixin.py:188} INFO - Changing /opt/***/logs permission to 509
[2024-04-04T00:17:52.657+0000] {taskinstance.py:1979} INFO - Dependencies all met for dep_context=non-requeueable deps ti=<TaskInstance: first_practice_dag.task1 scheduled__2024-04-02T00:00:00+00:00 [queued]>
[2024-04-04T00:17:52.666+0000] {taskinstance.py:1979} INFO - Dependencies all met for dep_context=requeueable deps ti=<TaskInstance: first_practice_dag.task1 scheduled__2024-04-02T00:00:00+00:00 [queued]>
[2024-04-04T00:17:52.666+0000] {taskinstance.py:2193} INFO - Starting attempt 1 of 3
[2024-04-04T00:17:52.679+0000] {taskinstance.py:2217} INFO - Executing <Task(BashOperator): task1> on 2024-04-02 00:00:00+00:00
[2024-04-04T00:17:52.682+0000] {standard_task_runner.py:60} INFO - Started process 2768 to run task
[2024-04-04T00:17:52.685+0000] {standard_task_runner.py:87} INFO - Running: ['***', 'tasks', 'run', 'first_practice_dag', 'task1', 'scheduled__2024-04-02T00:00:00+00:00', '--job-id', '323', '--raw', '--subdir', 'DAGS_FOLDER/first_practice_dag.py', '--cfg-path', '/tmp/tmphtfqvm6w']
[2024-04-04T00:17:52.687+0000] {standard_task_runner.py:88} INFO - Job 323: Subtask task1
[2024-04-04T00:17:52.728+0000] {logging_mixin.py:188} INFO - Changing /opt/***/logs/dag_id=first_practice_dag/run_id=scheduled__2024-04-02T00:00:00+00:00/task_id=task1 permission to 509
[2024-04-04T00:17:52.729+0000] {logging_mixin.py:188} INFO - Changing /opt/***/logs/dag_id=first_practice_dag/run_id=scheduled__2024-04-02T00:00:00+00:00 permission to 509
[2024-04-04T00:17:52.731+0000] {logging_mixin.py:188} INFO - Changing /opt/***/logs/dag_id=first_practice_dag permission to 509
[2024-04-04T00:17:52.732+0000] {logging_mixin.py:188} INFO - Changing /opt/***/logs permission to 509
[2024-04-04T00:17:52.734+0000] {task_command.py:423} INFO - Running <TaskInstance: first_practice_dag.task1 scheduled__2024-04-02T00:00:00+00:00 [running]> on host 235f0c517704
[2024-04-04T00:17:52.817+0000] {taskinstance.py:2513} INFO - Exporting env vars: AIRFLOW_CTX_DAG_OWNER='Jacob Monks' AIRFLOW_CTX_DAG_ID='first_practice_dag' AIRFLOW_CTX_TASK_ID='task1' AIRFLOW_CTX_EXECUTION_DATE='2024-04-02T00:00:00+00:00' AIRFLOW_CTX_TRY_NUMBER='1' AIRFLOW_CTX_DAG_RUN_ID='scheduled__2024-04-02T00:00:00+00:00'
[2024-04-04T00:17:52.818+0000] {subprocess.py:63} INFO - Tmp dir root location: /tmp
[2024-04-04T00:17:52.819+0000] {subprocess.py:75} INFO - Running command: ['/usr/bin/bash', '-c', 'echo Hello World!']
[2024-04-04T00:17:52.826+0000] {subprocess.py:86} INFO - Output:
[2024-04-04T00:17:52.827+0000] {subprocess.py:93} INFO - Hello World!
[2024-04-04T00:17:52.828+0000] {subprocess.py:97} INFO - Command exited with return code 0
[2024-04-04T00:17:52.851+0000] {taskinstance.py:1149} INFO - Marking task as SUCCESS. dag_id=first_practice_dag, task_id=task1, execution_date=20240402T000000, start_date=20240404T001752, end_date=20240404T001752
[2024-04-04T00:17:52.898+0000] {local_task_job_runner.py:234} INFO - Task exited with return code 0
[2024-04-04T00:17:52.918+0000] {taskinstance.py:3312} INFO - 1 downstream tasks scheduled from follow-on schedule check
