[2024-04-05T03:03:18.248+0000] {processor.py:161} INFO - Started process (PID=184) to work on /opt/airflow/dags/dag_with_cron.py
[2024-04-05T03:03:18.249+0000] {processor.py:830} INFO - Processing file /opt/airflow/dags/dag_with_cron.py for tasks to queue
[2024-04-05T03:03:18.251+0000] {logging_mixin.py:188} INFO - [2024-04-05T03:03:18.250+0000] {dagbag.py:540} INFO - Filling up the DagBag from /opt/airflow/dags/dag_with_cron.py
[2024-04-05T03:03:18.284+0000] {processor.py:840} INFO - DAG(s) 'dag_with_cron_expression_v5' retrieved from /opt/airflow/dags/dag_with_cron.py
[2024-04-05T03:03:18.488+0000] {logging_mixin.py:188} INFO - [2024-04-05T03:03:18.488+0000] {dag.py:3047} INFO - Sync 1 DAGs
[2024-04-05T03:03:18.531+0000] {logging_mixin.py:188} INFO - [2024-04-05T03:03:18.531+0000] {dag.py:3834} INFO - Setting next_dagrun for dag_with_cron_expression_v5 to 2024-04-02 23:12:00+00:00, run_after=2025-04-02 00:12:00+00:00
[2024-04-05T03:03:18.567+0000] {processor.py:183} INFO - Processing /opt/airflow/dags/dag_with_cron.py took 0.324 seconds
[2024-04-05T03:03:49.161+0000] {processor.py:161} INFO - Started process (PID=225) to work on /opt/airflow/dags/dag_with_cron.py
[2024-04-05T03:03:49.163+0000] {processor.py:830} INFO - Processing file /opt/airflow/dags/dag_with_cron.py for tasks to queue
[2024-04-05T03:03:49.164+0000] {logging_mixin.py:188} INFO - [2024-04-05T03:03:49.164+0000] {dagbag.py:540} INFO - Filling up the DagBag from /opt/airflow/dags/dag_with_cron.py
[2024-04-05T03:03:49.190+0000] {processor.py:840} INFO - DAG(s) 'dag_with_cron_expression_v5' retrieved from /opt/airflow/dags/dag_with_cron.py
[2024-04-05T03:03:49.230+0000] {logging_mixin.py:188} INFO - [2024-04-05T03:03:49.229+0000] {dag.py:3047} INFO - Sync 1 DAGs
[2024-04-05T03:03:49.265+0000] {logging_mixin.py:188} INFO - [2024-04-05T03:03:49.265+0000] {dag.py:3834} INFO - Setting next_dagrun for dag_with_cron_expression_v5 to 2024-04-02 23:12:00+00:00, run_after=2025-04-02 00:12:00+00:00
[2024-04-05T03:03:49.292+0000] {processor.py:183} INFO - Processing /opt/airflow/dags/dag_with_cron.py took 0.136 seconds
[2024-04-05T03:04:19.366+0000] {processor.py:161} INFO - Started process (PID=266) to work on /opt/airflow/dags/dag_with_cron.py
[2024-04-05T03:04:19.367+0000] {processor.py:830} INFO - Processing file /opt/airflow/dags/dag_with_cron.py for tasks to queue
[2024-04-05T03:04:19.369+0000] {logging_mixin.py:188} INFO - [2024-04-05T03:04:19.368+0000] {dagbag.py:540} INFO - Filling up the DagBag from /opt/airflow/dags/dag_with_cron.py
[2024-04-05T03:04:19.387+0000] {processor.py:840} INFO - DAG(s) 'dag_with_cron_expression_v5' retrieved from /opt/airflow/dags/dag_with_cron.py
[2024-04-05T03:04:19.411+0000] {logging_mixin.py:188} INFO - [2024-04-05T03:04:19.411+0000] {dag.py:3047} INFO - Sync 1 DAGs
[2024-04-05T03:04:19.444+0000] {logging_mixin.py:188} INFO - [2024-04-05T03:04:19.444+0000] {dag.py:3834} INFO - Setting next_dagrun for dag_with_cron_expression_v5 to 2024-04-02 23:12:00+00:00, run_after=2025-04-02 00:12:00+00:00
[2024-04-05T03:04:19.469+0000] {processor.py:183} INFO - Processing /opt/airflow/dags/dag_with_cron.py took 0.106 seconds
[2024-04-05T03:04:49.683+0000] {processor.py:161} INFO - Started process (PID=307) to work on /opt/airflow/dags/dag_with_cron.py
[2024-04-05T03:04:49.684+0000] {processor.py:830} INFO - Processing file /opt/airflow/dags/dag_with_cron.py for tasks to queue
[2024-04-05T03:04:49.685+0000] {logging_mixin.py:188} INFO - [2024-04-05T03:04:49.685+0000] {dagbag.py:540} INFO - Filling up the DagBag from /opt/airflow/dags/dag_with_cron.py
[2024-04-05T03:04:49.702+0000] {processor.py:840} INFO - DAG(s) 'dag_with_cron_expression_v5' retrieved from /opt/airflow/dags/dag_with_cron.py
[2024-04-05T03:04:49.726+0000] {logging_mixin.py:188} INFO - [2024-04-05T03:04:49.725+0000] {dag.py:3047} INFO - Sync 1 DAGs
[2024-04-05T03:04:49.751+0000] {logging_mixin.py:188} INFO - [2024-04-05T03:04:49.750+0000] {dag.py:3834} INFO - Setting next_dagrun for dag_with_cron_expression_v5 to 2024-04-02 23:12:00+00:00, run_after=2025-04-02 00:12:00+00:00
[2024-04-05T03:04:49.788+0000] {processor.py:183} INFO - Processing /opt/airflow/dags/dag_with_cron.py took 0.108 seconds
[2024-04-05T03:05:20.036+0000] {processor.py:161} INFO - Started process (PID=348) to work on /opt/airflow/dags/dag_with_cron.py
[2024-04-05T03:05:20.037+0000] {processor.py:830} INFO - Processing file /opt/airflow/dags/dag_with_cron.py for tasks to queue
[2024-04-05T03:05:20.039+0000] {logging_mixin.py:188} INFO - [2024-04-05T03:05:20.038+0000] {dagbag.py:540} INFO - Filling up the DagBag from /opt/airflow/dags/dag_with_cron.py
[2024-04-05T03:05:20.061+0000] {processor.py:840} INFO - DAG(s) 'dag_with_cron_expression_v5' retrieved from /opt/airflow/dags/dag_with_cron.py
[2024-04-05T03:05:20.094+0000] {logging_mixin.py:188} INFO - [2024-04-05T03:05:20.093+0000] {dag.py:3047} INFO - Sync 1 DAGs
[2024-04-05T03:05:20.120+0000] {logging_mixin.py:188} INFO - [2024-04-05T03:05:20.120+0000] {dag.py:3834} INFO - Setting next_dagrun for dag_with_cron_expression_v5 to 2024-04-02 23:12:00+00:00, run_after=2025-04-02 00:12:00+00:00
[2024-04-05T03:05:20.161+0000] {processor.py:183} INFO - Processing /opt/airflow/dags/dag_with_cron.py took 0.128 seconds
[2024-04-05T03:05:50.238+0000] {processor.py:161} INFO - Started process (PID=389) to work on /opt/airflow/dags/dag_with_cron.py
[2024-04-05T03:05:50.239+0000] {processor.py:830} INFO - Processing file /opt/airflow/dags/dag_with_cron.py for tasks to queue
[2024-04-05T03:05:50.240+0000] {logging_mixin.py:188} INFO - [2024-04-05T03:05:50.239+0000] {dagbag.py:540} INFO - Filling up the DagBag from /opt/airflow/dags/dag_with_cron.py
[2024-04-05T03:05:50.257+0000] {processor.py:840} INFO - DAG(s) 'dag_with_cron_expression_v5' retrieved from /opt/airflow/dags/dag_with_cron.py
[2024-04-05T03:05:50.282+0000] {logging_mixin.py:188} INFO - [2024-04-05T03:05:50.282+0000] {dag.py:3047} INFO - Sync 1 DAGs
[2024-04-05T03:05:50.309+0000] {logging_mixin.py:188} INFO - [2024-04-05T03:05:50.309+0000] {dag.py:3834} INFO - Setting next_dagrun for dag_with_cron_expression_v5 to 2024-04-02 23:12:00+00:00, run_after=2025-04-02 00:12:00+00:00
[2024-04-05T03:05:50.346+0000] {processor.py:183} INFO - Processing /opt/airflow/dags/dag_with_cron.py took 0.112 seconds
[2024-04-05T03:06:20.482+0000] {processor.py:161} INFO - Started process (PID=430) to work on /opt/airflow/dags/dag_with_cron.py
[2024-04-05T03:06:20.483+0000] {processor.py:830} INFO - Processing file /opt/airflow/dags/dag_with_cron.py for tasks to queue
[2024-04-05T03:06:20.484+0000] {logging_mixin.py:188} INFO - [2024-04-05T03:06:20.484+0000] {dagbag.py:540} INFO - Filling up the DagBag from /opt/airflow/dags/dag_with_cron.py
[2024-04-05T03:06:20.503+0000] {processor.py:840} INFO - DAG(s) 'dag_with_cron_expression_v5' retrieved from /opt/airflow/dags/dag_with_cron.py
[2024-04-05T03:06:20.539+0000] {logging_mixin.py:188} INFO - [2024-04-05T03:06:20.539+0000] {dag.py:3047} INFO - Sync 1 DAGs
[2024-04-05T03:06:20.569+0000] {logging_mixin.py:188} INFO - [2024-04-05T03:06:20.569+0000] {dag.py:3834} INFO - Setting next_dagrun for dag_with_cron_expression_v5 to 2024-04-02 23:12:00+00:00, run_after=2025-04-02 00:12:00+00:00
[2024-04-05T03:06:20.604+0000] {processor.py:183} INFO - Processing /opt/airflow/dags/dag_with_cron.py took 0.125 seconds
[2024-04-05T03:06:50.964+0000] {processor.py:161} INFO - Started process (PID=471) to work on /opt/airflow/dags/dag_with_cron.py
[2024-04-05T03:06:50.969+0000] {processor.py:830} INFO - Processing file /opt/airflow/dags/dag_with_cron.py for tasks to queue
[2024-04-05T03:06:50.971+0000] {logging_mixin.py:188} INFO - [2024-04-05T03:06:50.971+0000] {dagbag.py:540} INFO - Filling up the DagBag from /opt/airflow/dags/dag_with_cron.py
[2024-04-05T03:06:51.015+0000] {processor.py:840} INFO - DAG(s) 'dag_with_cron_expression_v5' retrieved from /opt/airflow/dags/dag_with_cron.py
[2024-04-05T03:06:51.080+0000] {logging_mixin.py:188} INFO - [2024-04-05T03:06:51.079+0000] {dag.py:3047} INFO - Sync 1 DAGs
[2024-04-05T03:06:51.131+0000] {logging_mixin.py:188} INFO - [2024-04-05T03:06:51.130+0000] {dag.py:3834} INFO - Setting next_dagrun for dag_with_cron_expression_v5 to 2024-04-02 23:12:00+00:00, run_after=2025-04-02 00:12:00+00:00
[2024-04-05T03:06:51.175+0000] {processor.py:183} INFO - Processing /opt/airflow/dags/dag_with_cron.py took 0.217 seconds
[2024-04-05T03:07:21.341+0000] {processor.py:161} INFO - Started process (PID=512) to work on /opt/airflow/dags/dag_with_cron.py
[2024-04-05T03:07:21.342+0000] {processor.py:830} INFO - Processing file /opt/airflow/dags/dag_with_cron.py for tasks to queue
[2024-04-05T03:07:21.343+0000] {logging_mixin.py:188} INFO - [2024-04-05T03:07:21.342+0000] {dagbag.py:540} INFO - Filling up the DagBag from /opt/airflow/dags/dag_with_cron.py
[2024-04-05T03:07:21.362+0000] {processor.py:840} INFO - DAG(s) 'dag_with_cron_expression_v5' retrieved from /opt/airflow/dags/dag_with_cron.py
[2024-04-05T03:07:21.392+0000] {logging_mixin.py:188} INFO - [2024-04-05T03:07:21.392+0000] {dag.py:3047} INFO - Sync 1 DAGs
[2024-04-05T03:07:21.421+0000] {logging_mixin.py:188} INFO - [2024-04-05T03:07:21.421+0000] {dag.py:3834} INFO - Setting next_dagrun for dag_with_cron_expression_v5 to 2024-04-02 23:12:00+00:00, run_after=2025-04-02 00:12:00+00:00
[2024-04-05T03:07:21.459+0000] {processor.py:183} INFO - Processing /opt/airflow/dags/dag_with_cron.py took 0.124 seconds
[2024-04-05T03:07:51.609+0000] {processor.py:161} INFO - Started process (PID=553) to work on /opt/airflow/dags/dag_with_cron.py
[2024-04-05T03:07:51.609+0000] {processor.py:830} INFO - Processing file /opt/airflow/dags/dag_with_cron.py for tasks to queue
[2024-04-05T03:07:51.611+0000] {logging_mixin.py:188} INFO - [2024-04-05T03:07:51.610+0000] {dagbag.py:540} INFO - Filling up the DagBag from /opt/airflow/dags/dag_with_cron.py
[2024-04-05T03:07:51.630+0000] {processor.py:840} INFO - DAG(s) 'dag_with_cron_expression_v5' retrieved from /opt/airflow/dags/dag_with_cron.py
[2024-04-05T03:07:51.655+0000] {logging_mixin.py:188} INFO - [2024-04-05T03:07:51.655+0000] {dag.py:3047} INFO - Sync 1 DAGs
[2024-04-05T03:07:51.681+0000] {logging_mixin.py:188} INFO - [2024-04-05T03:07:51.681+0000] {dag.py:3834} INFO - Setting next_dagrun for dag_with_cron_expression_v5 to 2024-04-02 23:12:00+00:00, run_after=2025-04-02 00:12:00+00:00
[2024-04-05T03:07:51.720+0000] {processor.py:183} INFO - Processing /opt/airflow/dags/dag_with_cron.py took 0.115 seconds
[2024-04-05T03:08:21.873+0000] {processor.py:161} INFO - Started process (PID=594) to work on /opt/airflow/dags/dag_with_cron.py
[2024-04-05T03:08:21.874+0000] {processor.py:830} INFO - Processing file /opt/airflow/dags/dag_with_cron.py for tasks to queue
[2024-04-05T03:08:21.875+0000] {logging_mixin.py:188} INFO - [2024-04-05T03:08:21.875+0000] {dagbag.py:540} INFO - Filling up the DagBag from /opt/airflow/dags/dag_with_cron.py
[2024-04-05T03:08:21.896+0000] {processor.py:840} INFO - DAG(s) 'dag_with_cron_expression_v5' retrieved from /opt/airflow/dags/dag_with_cron.py
[2024-04-05T03:08:21.922+0000] {logging_mixin.py:188} INFO - [2024-04-05T03:08:21.922+0000] {dag.py:3047} INFO - Sync 1 DAGs
[2024-04-05T03:08:21.949+0000] {logging_mixin.py:188} INFO - [2024-04-05T03:08:21.948+0000] {dag.py:3834} INFO - Setting next_dagrun for dag_with_cron_expression_v5 to 2024-04-02 23:12:00+00:00, run_after=2025-04-02 00:12:00+00:00
[2024-04-05T03:08:21.980+0000] {processor.py:183} INFO - Processing /opt/airflow/dags/dag_with_cron.py took 0.111 seconds
[2024-04-05T03:08:52.157+0000] {processor.py:161} INFO - Started process (PID=635) to work on /opt/airflow/dags/dag_with_cron.py
[2024-04-05T03:08:52.159+0000] {processor.py:830} INFO - Processing file /opt/airflow/dags/dag_with_cron.py for tasks to queue
[2024-04-05T03:08:52.161+0000] {logging_mixin.py:188} INFO - [2024-04-05T03:08:52.159+0000] {dagbag.py:540} INFO - Filling up the DagBag from /opt/airflow/dags/dag_with_cron.py
[2024-04-05T03:08:52.182+0000] {processor.py:840} INFO - DAG(s) 'dag_with_cron_expression_v5' retrieved from /opt/airflow/dags/dag_with_cron.py
[2024-04-05T03:08:52.207+0000] {logging_mixin.py:188} INFO - [2024-04-05T03:08:52.206+0000] {dag.py:3047} INFO - Sync 1 DAGs
[2024-04-05T03:08:52.237+0000] {logging_mixin.py:188} INFO - [2024-04-05T03:08:52.237+0000] {dag.py:3834} INFO - Setting next_dagrun for dag_with_cron_expression_v5 to 2024-04-02 23:12:00+00:00, run_after=2025-04-02 00:12:00+00:00
[2024-04-05T03:08:52.277+0000] {processor.py:183} INFO - Processing /opt/airflow/dags/dag_with_cron.py took 0.123 seconds
[2024-04-05T03:09:22.360+0000] {processor.py:161} INFO - Started process (PID=675) to work on /opt/airflow/dags/dag_with_cron.py
[2024-04-05T03:09:22.363+0000] {processor.py:830} INFO - Processing file /opt/airflow/dags/dag_with_cron.py for tasks to queue
[2024-04-05T03:09:22.364+0000] {logging_mixin.py:188} INFO - [2024-04-05T03:09:22.363+0000] {dagbag.py:540} INFO - Filling up the DagBag from /opt/airflow/dags/dag_with_cron.py
[2024-04-05T03:09:22.383+0000] {processor.py:840} INFO - DAG(s) 'dag_with_cron_expression_v5' retrieved from /opt/airflow/dags/dag_with_cron.py
[2024-04-05T03:09:22.409+0000] {logging_mixin.py:188} INFO - [2024-04-05T03:09:22.409+0000] {dag.py:3047} INFO - Sync 1 DAGs
[2024-04-05T03:09:22.436+0000] {logging_mixin.py:188} INFO - [2024-04-05T03:09:22.436+0000] {dag.py:3834} INFO - Setting next_dagrun for dag_with_cron_expression_v5 to 2024-04-02 23:12:00+00:00, run_after=2025-04-02 00:12:00+00:00
[2024-04-05T03:09:22.474+0000] {processor.py:183} INFO - Processing /opt/airflow/dags/dag_with_cron.py took 0.117 seconds
[2024-04-05T03:09:52.616+0000] {processor.py:161} INFO - Started process (PID=716) to work on /opt/airflow/dags/dag_with_cron.py
[2024-04-05T03:09:52.617+0000] {processor.py:830} INFO - Processing file /opt/airflow/dags/dag_with_cron.py for tasks to queue
[2024-04-05T03:09:52.618+0000] {logging_mixin.py:188} INFO - [2024-04-05T03:09:52.618+0000] {dagbag.py:540} INFO - Filling up the DagBag from /opt/airflow/dags/dag_with_cron.py
[2024-04-05T03:09:52.639+0000] {processor.py:840} INFO - DAG(s) 'dag_with_cron_expression_v5' retrieved from /opt/airflow/dags/dag_with_cron.py
[2024-04-05T03:09:52.665+0000] {logging_mixin.py:188} INFO - [2024-04-05T03:09:52.665+0000] {dag.py:3047} INFO - Sync 1 DAGs
[2024-04-05T03:09:52.694+0000] {logging_mixin.py:188} INFO - [2024-04-05T03:09:52.694+0000] {dag.py:3834} INFO - Setting next_dagrun for dag_with_cron_expression_v5 to 2024-04-02 23:12:00+00:00, run_after=2025-04-02 00:12:00+00:00
[2024-04-05T03:09:52.735+0000] {processor.py:183} INFO - Processing /opt/airflow/dags/dag_with_cron.py took 0.123 seconds
[2024-04-05T03:10:23.009+0000] {processor.py:161} INFO - Started process (PID=757) to work on /opt/airflow/dags/dag_with_cron.py
[2024-04-05T03:10:23.010+0000] {processor.py:830} INFO - Processing file /opt/airflow/dags/dag_with_cron.py for tasks to queue
[2024-04-05T03:10:23.012+0000] {logging_mixin.py:188} INFO - [2024-04-05T03:10:23.012+0000] {dagbag.py:540} INFO - Filling up the DagBag from /opt/airflow/dags/dag_with_cron.py
[2024-04-05T03:10:23.037+0000] {processor.py:840} INFO - DAG(s) 'dag_with_cron_expression_v5' retrieved from /opt/airflow/dags/dag_with_cron.py
[2024-04-05T03:10:23.062+0000] {logging_mixin.py:188} INFO - [2024-04-05T03:10:23.062+0000] {dag.py:3047} INFO - Sync 1 DAGs
[2024-04-05T03:10:23.088+0000] {logging_mixin.py:188} INFO - [2024-04-05T03:10:23.088+0000] {dag.py:3834} INFO - Setting next_dagrun for dag_with_cron_expression_v5 to 2024-04-02 23:12:00+00:00, run_after=2025-04-02 00:12:00+00:00
[2024-04-05T03:10:23.129+0000] {processor.py:183} INFO - Processing /opt/airflow/dags/dag_with_cron.py took 0.123 seconds
[2024-04-05T03:10:53.332+0000] {processor.py:161} INFO - Started process (PID=798) to work on /opt/airflow/dags/dag_with_cron.py
[2024-04-05T03:10:53.333+0000] {processor.py:830} INFO - Processing file /opt/airflow/dags/dag_with_cron.py for tasks to queue
[2024-04-05T03:10:53.334+0000] {logging_mixin.py:188} INFO - [2024-04-05T03:10:53.333+0000] {dagbag.py:540} INFO - Filling up the DagBag from /opt/airflow/dags/dag_with_cron.py
[2024-04-05T03:10:53.353+0000] {processor.py:840} INFO - DAG(s) 'dag_with_cron_expression_v5' retrieved from /opt/airflow/dags/dag_with_cron.py
[2024-04-05T03:10:53.381+0000] {logging_mixin.py:188} INFO - [2024-04-05T03:10:53.381+0000] {dag.py:3047} INFO - Sync 1 DAGs
[2024-04-05T03:10:53.410+0000] {logging_mixin.py:188} INFO - [2024-04-05T03:10:53.410+0000] {dag.py:3834} INFO - Setting next_dagrun for dag_with_cron_expression_v5 to 2024-04-02 23:12:00+00:00, run_after=2025-04-02 00:12:00+00:00
[2024-04-05T03:10:53.434+0000] {processor.py:183} INFO - Processing /opt/airflow/dags/dag_with_cron.py took 0.105 seconds
[2024-04-05T03:11:23.504+0000] {processor.py:161} INFO - Started process (PID=839) to work on /opt/airflow/dags/dag_with_cron.py
[2024-04-05T03:11:23.505+0000] {processor.py:830} INFO - Processing file /opt/airflow/dags/dag_with_cron.py for tasks to queue
[2024-04-05T03:11:23.506+0000] {logging_mixin.py:188} INFO - [2024-04-05T03:11:23.505+0000] {dagbag.py:540} INFO - Filling up the DagBag from /opt/airflow/dags/dag_with_cron.py
[2024-04-05T03:11:23.525+0000] {processor.py:840} INFO - DAG(s) 'dag_with_cron_expression_v5' retrieved from /opt/airflow/dags/dag_with_cron.py
[2024-04-05T03:11:23.554+0000] {logging_mixin.py:188} INFO - [2024-04-05T03:11:23.554+0000] {dag.py:3047} INFO - Sync 1 DAGs
[2024-04-05T03:11:23.581+0000] {logging_mixin.py:188} INFO - [2024-04-05T03:11:23.581+0000] {dag.py:3834} INFO - Setting next_dagrun for dag_with_cron_expression_v5 to 2024-04-02 23:12:00+00:00, run_after=2025-04-02 00:12:00+00:00
[2024-04-05T03:11:23.619+0000] {processor.py:183} INFO - Processing /opt/airflow/dags/dag_with_cron.py took 0.118 seconds
[2024-04-05T03:11:53.765+0000] {processor.py:161} INFO - Started process (PID=880) to work on /opt/airflow/dags/dag_with_cron.py
[2024-04-05T03:11:53.766+0000] {processor.py:830} INFO - Processing file /opt/airflow/dags/dag_with_cron.py for tasks to queue
[2024-04-05T03:11:53.767+0000] {logging_mixin.py:188} INFO - [2024-04-05T03:11:53.767+0000] {dagbag.py:540} INFO - Filling up the DagBag from /opt/airflow/dags/dag_with_cron.py
[2024-04-05T03:11:53.788+0000] {processor.py:840} INFO - DAG(s) 'dag_with_cron_expression_v5' retrieved from /opt/airflow/dags/dag_with_cron.py
[2024-04-05T03:11:53.817+0000] {logging_mixin.py:188} INFO - [2024-04-05T03:11:53.817+0000] {dag.py:3047} INFO - Sync 1 DAGs
[2024-04-05T03:11:53.851+0000] {logging_mixin.py:188} INFO - [2024-04-05T03:11:53.851+0000] {dag.py:3834} INFO - Setting next_dagrun for dag_with_cron_expression_v5 to 2024-04-02 23:12:00+00:00, run_after=2025-04-02 00:12:00+00:00
[2024-04-05T03:11:53.888+0000] {processor.py:183} INFO - Processing /opt/airflow/dags/dag_with_cron.py took 0.126 seconds
[2024-04-05T03:12:24.078+0000] {processor.py:161} INFO - Started process (PID=921) to work on /opt/airflow/dags/dag_with_cron.py
[2024-04-05T03:12:24.079+0000] {processor.py:830} INFO - Processing file /opt/airflow/dags/dag_with_cron.py for tasks to queue
[2024-04-05T03:12:24.079+0000] {logging_mixin.py:188} INFO - [2024-04-05T03:12:24.079+0000] {dagbag.py:540} INFO - Filling up the DagBag from /opt/airflow/dags/dag_with_cron.py
[2024-04-05T03:12:24.100+0000] {processor.py:840} INFO - DAG(s) 'dag_with_cron_expression_v5' retrieved from /opt/airflow/dags/dag_with_cron.py
[2024-04-05T03:12:24.133+0000] {logging_mixin.py:188} INFO - [2024-04-05T03:12:24.133+0000] {dag.py:3047} INFO - Sync 1 DAGs
[2024-04-05T03:12:24.164+0000] {logging_mixin.py:188} INFO - [2024-04-05T03:12:24.164+0000] {dag.py:3834} INFO - Setting next_dagrun for dag_with_cron_expression_v5 to 2024-04-02 23:12:00+00:00, run_after=2025-04-02 00:12:00+00:00
[2024-04-05T03:12:24.207+0000] {processor.py:183} INFO - Processing /opt/airflow/dags/dag_with_cron.py took 0.132 seconds
[2024-04-05T03:12:54.517+0000] {processor.py:161} INFO - Started process (PID=963) to work on /opt/airflow/dags/dag_with_cron.py
[2024-04-05T03:12:54.518+0000] {processor.py:830} INFO - Processing file /opt/airflow/dags/dag_with_cron.py for tasks to queue
[2024-04-05T03:12:54.519+0000] {logging_mixin.py:188} INFO - [2024-04-05T03:12:54.519+0000] {dagbag.py:540} INFO - Filling up the DagBag from /opt/airflow/dags/dag_with_cron.py
[2024-04-05T03:12:54.540+0000] {processor.py:840} INFO - DAG(s) 'dag_with_cron_expression_v5' retrieved from /opt/airflow/dags/dag_with_cron.py
[2024-04-05T03:12:54.571+0000] {logging_mixin.py:188} INFO - [2024-04-05T03:12:54.570+0000] {dag.py:3047} INFO - Sync 1 DAGs
[2024-04-05T03:12:54.605+0000] {logging_mixin.py:188} INFO - [2024-04-05T03:12:54.605+0000] {dag.py:3834} INFO - Setting next_dagrun for dag_with_cron_expression_v5 to 2024-04-02 23:12:00+00:00, run_after=2025-04-02 00:12:00+00:00
[2024-04-05T03:12:54.640+0000] {processor.py:183} INFO - Processing /opt/airflow/dags/dag_with_cron.py took 0.126 seconds
[2024-04-05T03:13:24.856+0000] {processor.py:161} INFO - Started process (PID=1004) to work on /opt/airflow/dags/dag_with_cron.py
[2024-04-05T03:13:24.857+0000] {processor.py:830} INFO - Processing file /opt/airflow/dags/dag_with_cron.py for tasks to queue
[2024-04-05T03:13:24.858+0000] {logging_mixin.py:188} INFO - [2024-04-05T03:13:24.858+0000] {dagbag.py:540} INFO - Filling up the DagBag from /opt/airflow/dags/dag_with_cron.py
[2024-04-05T03:13:24.878+0000] {processor.py:840} INFO - DAG(s) 'dag_with_cron_expression_v5' retrieved from /opt/airflow/dags/dag_with_cron.py
[2024-04-05T03:13:24.909+0000] {logging_mixin.py:188} INFO - [2024-04-05T03:13:24.909+0000] {dag.py:3047} INFO - Sync 1 DAGs
[2024-04-05T03:13:24.939+0000] {logging_mixin.py:188} INFO - [2024-04-05T03:13:24.938+0000] {dag.py:3834} INFO - Setting next_dagrun for dag_with_cron_expression_v5 to 2024-04-02 23:12:00+00:00, run_after=2025-04-02 00:12:00+00:00
[2024-04-05T03:13:24.978+0000] {processor.py:183} INFO - Processing /opt/airflow/dags/dag_with_cron.py took 0.126 seconds
[2024-04-05T03:13:55.328+0000] {processor.py:161} INFO - Started process (PID=1045) to work on /opt/airflow/dags/dag_with_cron.py
[2024-04-05T03:13:55.329+0000] {processor.py:830} INFO - Processing file /opt/airflow/dags/dag_with_cron.py for tasks to queue
[2024-04-05T03:13:55.330+0000] {logging_mixin.py:188} INFO - [2024-04-05T03:13:55.330+0000] {dagbag.py:540} INFO - Filling up the DagBag from /opt/airflow/dags/dag_with_cron.py
[2024-04-05T03:13:55.354+0000] {processor.py:840} INFO - DAG(s) 'dag_with_cron_expression_v5' retrieved from /opt/airflow/dags/dag_with_cron.py
[2024-04-05T03:13:55.392+0000] {logging_mixin.py:188} INFO - [2024-04-05T03:13:55.391+0000] {dag.py:3047} INFO - Sync 1 DAGs
[2024-04-05T03:13:55.431+0000] {logging_mixin.py:188} INFO - [2024-04-05T03:13:55.430+0000] {dag.py:3834} INFO - Setting next_dagrun for dag_with_cron_expression_v5 to 2024-04-02 23:12:00+00:00, run_after=2025-04-02 00:12:00+00:00
[2024-04-05T03:13:55.464+0000] {processor.py:183} INFO - Processing /opt/airflow/dags/dag_with_cron.py took 0.143 seconds
[2024-04-05T03:14:25.669+0000] {processor.py:161} INFO - Started process (PID=1086) to work on /opt/airflow/dags/dag_with_cron.py
[2024-04-05T03:14:25.670+0000] {processor.py:830} INFO - Processing file /opt/airflow/dags/dag_with_cron.py for tasks to queue
[2024-04-05T03:14:25.671+0000] {logging_mixin.py:188} INFO - [2024-04-05T03:14:25.670+0000] {dagbag.py:540} INFO - Filling up the DagBag from /opt/airflow/dags/dag_with_cron.py
[2024-04-05T03:14:25.692+0000] {processor.py:840} INFO - DAG(s) 'dag_with_cron_expression_v5' retrieved from /opt/airflow/dags/dag_with_cron.py
[2024-04-05T03:14:25.723+0000] {logging_mixin.py:188} INFO - [2024-04-05T03:14:25.723+0000] {dag.py:3047} INFO - Sync 1 DAGs
[2024-04-05T03:14:25.755+0000] {logging_mixin.py:188} INFO - [2024-04-05T03:14:25.755+0000] {dag.py:3834} INFO - Setting next_dagrun for dag_with_cron_expression_v5 to 2024-04-02 23:12:00+00:00, run_after=2025-04-02 00:12:00+00:00
[2024-04-05T03:14:25.798+0000] {processor.py:183} INFO - Processing /opt/airflow/dags/dag_with_cron.py took 0.135 seconds
[2024-04-05T03:14:56.013+0000] {processor.py:161} INFO - Started process (PID=1127) to work on /opt/airflow/dags/dag_with_cron.py
[2024-04-05T03:14:56.013+0000] {processor.py:830} INFO - Processing file /opt/airflow/dags/dag_with_cron.py for tasks to queue
[2024-04-05T03:14:56.014+0000] {logging_mixin.py:188} INFO - [2024-04-05T03:14:56.014+0000] {dagbag.py:540} INFO - Filling up the DagBag from /opt/airflow/dags/dag_with_cron.py
[2024-04-05T03:14:56.036+0000] {processor.py:840} INFO - DAG(s) 'dag_with_cron_expression_v5' retrieved from /opt/airflow/dags/dag_with_cron.py
[2024-04-05T03:14:56.080+0000] {logging_mixin.py:188} INFO - [2024-04-05T03:14:56.078+0000] {dag.py:3047} INFO - Sync 1 DAGs
[2024-04-05T03:14:56.114+0000] {logging_mixin.py:188} INFO - [2024-04-05T03:14:56.114+0000] {dag.py:3834} INFO - Setting next_dagrun for dag_with_cron_expression_v5 to 2024-04-02 23:12:00+00:00, run_after=2025-04-02 00:12:00+00:00
[2024-04-05T03:14:56.153+0000] {processor.py:183} INFO - Processing /opt/airflow/dags/dag_with_cron.py took 0.145 seconds
[2024-04-05T03:15:26.355+0000] {processor.py:161} INFO - Started process (PID=1168) to work on /opt/airflow/dags/dag_with_cron.py
[2024-04-05T03:15:26.356+0000] {processor.py:830} INFO - Processing file /opt/airflow/dags/dag_with_cron.py for tasks to queue
[2024-04-05T03:15:26.357+0000] {logging_mixin.py:188} INFO - [2024-04-05T03:15:26.357+0000] {dagbag.py:540} INFO - Filling up the DagBag from /opt/airflow/dags/dag_with_cron.py
[2024-04-05T03:15:26.377+0000] {processor.py:840} INFO - DAG(s) 'dag_with_cron_expression_v5' retrieved from /opt/airflow/dags/dag_with_cron.py
[2024-04-05T03:15:26.408+0000] {logging_mixin.py:188} INFO - [2024-04-05T03:15:26.407+0000] {dag.py:3047} INFO - Sync 1 DAGs
[2024-04-05T03:15:26.439+0000] {logging_mixin.py:188} INFO - [2024-04-05T03:15:26.439+0000] {dag.py:3834} INFO - Setting next_dagrun for dag_with_cron_expression_v5 to 2024-04-02 23:12:00+00:00, run_after=2025-04-02 00:12:00+00:00
[2024-04-05T03:15:26.488+0000] {processor.py:183} INFO - Processing /opt/airflow/dags/dag_with_cron.py took 0.135 seconds
[2024-04-05T03:15:56.790+0000] {processor.py:161} INFO - Started process (PID=1209) to work on /opt/airflow/dags/dag_with_cron.py
[2024-04-05T03:15:56.791+0000] {processor.py:830} INFO - Processing file /opt/airflow/dags/dag_with_cron.py for tasks to queue
[2024-04-05T03:15:56.792+0000] {logging_mixin.py:188} INFO - [2024-04-05T03:15:56.792+0000] {dagbag.py:540} INFO - Filling up the DagBag from /opt/airflow/dags/dag_with_cron.py
[2024-04-05T03:15:56.828+0000] {processor.py:840} INFO - DAG(s) 'dag_with_cron_expression_v5' retrieved from /opt/airflow/dags/dag_with_cron.py
[2024-04-05T03:15:56.867+0000] {logging_mixin.py:188} INFO - [2024-04-05T03:15:56.867+0000] {dag.py:3047} INFO - Sync 1 DAGs
[2024-04-05T03:15:56.902+0000] {logging_mixin.py:188} INFO - [2024-04-05T03:15:56.902+0000] {dag.py:3834} INFO - Setting next_dagrun for dag_with_cron_expression_v5 to 2024-04-02 23:12:00+00:00, run_after=2025-04-02 00:12:00+00:00
[2024-04-05T03:15:56.947+0000] {processor.py:183} INFO - Processing /opt/airflow/dags/dag_with_cron.py took 0.159 seconds
[2024-04-05T03:16:27.213+0000] {processor.py:161} INFO - Started process (PID=1250) to work on /opt/airflow/dags/dag_with_cron.py
[2024-04-05T03:16:27.213+0000] {processor.py:830} INFO - Processing file /opt/airflow/dags/dag_with_cron.py for tasks to queue
[2024-04-05T03:16:27.214+0000] {logging_mixin.py:188} INFO - [2024-04-05T03:16:27.214+0000] {dagbag.py:540} INFO - Filling up the DagBag from /opt/airflow/dags/dag_with_cron.py
[2024-04-05T03:16:27.236+0000] {processor.py:840} INFO - DAG(s) 'dag_with_cron_expression_v5' retrieved from /opt/airflow/dags/dag_with_cron.py
[2024-04-05T03:16:27.269+0000] {logging_mixin.py:188} INFO - [2024-04-05T03:16:27.267+0000] {dag.py:3047} INFO - Sync 1 DAGs
[2024-04-05T03:16:27.300+0000] {logging_mixin.py:188} INFO - [2024-04-05T03:16:27.299+0000] {dag.py:3834} INFO - Setting next_dagrun for dag_with_cron_expression_v5 to 2024-04-02 23:12:00+00:00, run_after=2025-04-02 00:12:00+00:00
[2024-04-05T03:16:27.337+0000] {processor.py:183} INFO - Processing /opt/airflow/dags/dag_with_cron.py took 0.127 seconds
[2024-04-05T03:16:57.542+0000] {processor.py:161} INFO - Started process (PID=1291) to work on /opt/airflow/dags/dag_with_cron.py
[2024-04-05T03:16:57.543+0000] {processor.py:830} INFO - Processing file /opt/airflow/dags/dag_with_cron.py for tasks to queue
[2024-04-05T03:16:57.545+0000] {logging_mixin.py:188} INFO - [2024-04-05T03:16:57.544+0000] {dagbag.py:540} INFO - Filling up the DagBag from /opt/airflow/dags/dag_with_cron.py
[2024-04-05T03:16:57.567+0000] {processor.py:840} INFO - DAG(s) 'dag_with_cron_expression_v5' retrieved from /opt/airflow/dags/dag_with_cron.py
[2024-04-05T03:16:57.600+0000] {logging_mixin.py:188} INFO - [2024-04-05T03:16:57.599+0000] {dag.py:3047} INFO - Sync 1 DAGs
[2024-04-05T03:16:57.634+0000] {logging_mixin.py:188} INFO - [2024-04-05T03:16:57.633+0000] {dag.py:3834} INFO - Setting next_dagrun for dag_with_cron_expression_v5 to 2024-04-02 23:12:00+00:00, run_after=2025-04-02 00:12:00+00:00
[2024-04-05T03:16:57.684+0000] {processor.py:183} INFO - Processing /opt/airflow/dags/dag_with_cron.py took 0.147 seconds
[2024-04-05T03:17:27.989+0000] {processor.py:161} INFO - Started process (PID=1332) to work on /opt/airflow/dags/dag_with_cron.py
[2024-04-05T03:17:27.990+0000] {processor.py:830} INFO - Processing file /opt/airflow/dags/dag_with_cron.py for tasks to queue
[2024-04-05T03:17:27.994+0000] {logging_mixin.py:188} INFO - [2024-04-05T03:17:27.992+0000] {dagbag.py:540} INFO - Filling up the DagBag from /opt/airflow/dags/dag_with_cron.py
[2024-04-05T03:17:28.041+0000] {processor.py:840} INFO - DAG(s) 'dag_with_cron_expression_v5' retrieved from /opt/airflow/dags/dag_with_cron.py
[2024-04-05T03:17:28.080+0000] {logging_mixin.py:188} INFO - [2024-04-05T03:17:28.080+0000] {dag.py:3047} INFO - Sync 1 DAGs
[2024-04-05T03:17:28.121+0000] {logging_mixin.py:188} INFO - [2024-04-05T03:17:28.121+0000] {dag.py:3834} INFO - Setting next_dagrun for dag_with_cron_expression_v5 to 2024-04-02 23:12:00+00:00, run_after=2025-04-02 00:12:00+00:00
[2024-04-05T03:17:28.150+0000] {processor.py:183} INFO - Processing /opt/airflow/dags/dag_with_cron.py took 0.166 seconds
[2024-04-05T03:17:58.453+0000] {processor.py:161} INFO - Started process (PID=1373) to work on /opt/airflow/dags/dag_with_cron.py
[2024-04-05T03:17:58.454+0000] {processor.py:830} INFO - Processing file /opt/airflow/dags/dag_with_cron.py for tasks to queue
[2024-04-05T03:17:58.455+0000] {logging_mixin.py:188} INFO - [2024-04-05T03:17:58.455+0000] {dagbag.py:540} INFO - Filling up the DagBag from /opt/airflow/dags/dag_with_cron.py
[2024-04-05T03:17:58.481+0000] {processor.py:840} INFO - DAG(s) 'dag_with_cron_expression_v5' retrieved from /opt/airflow/dags/dag_with_cron.py
[2024-04-05T03:17:58.515+0000] {logging_mixin.py:188} INFO - [2024-04-05T03:17:58.515+0000] {dag.py:3047} INFO - Sync 1 DAGs
[2024-04-05T03:17:58.549+0000] {logging_mixin.py:188} INFO - [2024-04-05T03:17:58.549+0000] {dag.py:3834} INFO - Setting next_dagrun for dag_with_cron_expression_v5 to 2024-04-02 23:12:00+00:00, run_after=2025-04-02 00:12:00+00:00
[2024-04-05T03:17:58.592+0000] {processor.py:183} INFO - Processing /opt/airflow/dags/dag_with_cron.py took 0.142 seconds
[2024-04-05T03:18:28.954+0000] {processor.py:161} INFO - Started process (PID=1414) to work on /opt/airflow/dags/dag_with_cron.py
[2024-04-05T03:18:28.956+0000] {processor.py:830} INFO - Processing file /opt/airflow/dags/dag_with_cron.py for tasks to queue
[2024-04-05T03:18:28.957+0000] {logging_mixin.py:188} INFO - [2024-04-05T03:18:28.957+0000] {dagbag.py:540} INFO - Filling up the DagBag from /opt/airflow/dags/dag_with_cron.py
[2024-04-05T03:18:28.997+0000] {processor.py:840} INFO - DAG(s) 'dag_with_cron_expression_v5' retrieved from /opt/airflow/dags/dag_with_cron.py
[2024-04-05T03:18:29.043+0000] {logging_mixin.py:188} INFO - [2024-04-05T03:18:29.042+0000] {dag.py:3047} INFO - Sync 1 DAGs
[2024-04-05T03:18:29.083+0000] {logging_mixin.py:188} INFO - [2024-04-05T03:18:29.083+0000] {dag.py:3834} INFO - Setting next_dagrun for dag_with_cron_expression_v5 to 2024-04-02 23:12:00+00:00, run_after=2025-04-02 00:12:00+00:00
[2024-04-05T03:18:29.143+0000] {processor.py:183} INFO - Processing /opt/airflow/dags/dag_with_cron.py took 0.197 seconds
[2024-04-05T03:18:59.493+0000] {processor.py:161} INFO - Started process (PID=1455) to work on /opt/airflow/dags/dag_with_cron.py
[2024-04-05T03:18:59.494+0000] {processor.py:830} INFO - Processing file /opt/airflow/dags/dag_with_cron.py for tasks to queue
[2024-04-05T03:18:59.498+0000] {logging_mixin.py:188} INFO - [2024-04-05T03:18:59.497+0000] {dagbag.py:540} INFO - Filling up the DagBag from /opt/airflow/dags/dag_with_cron.py
[2024-04-05T03:18:59.530+0000] {processor.py:840} INFO - DAG(s) 'dag_with_cron_expression_v5' retrieved from /opt/airflow/dags/dag_with_cron.py
[2024-04-05T03:18:59.570+0000] {logging_mixin.py:188} INFO - [2024-04-05T03:18:59.570+0000] {dag.py:3047} INFO - Sync 1 DAGs
[2024-04-05T03:18:59.618+0000] {logging_mixin.py:188} INFO - [2024-04-05T03:18:59.617+0000] {dag.py:3834} INFO - Setting next_dagrun for dag_with_cron_expression_v5 to 2024-04-02 23:12:00+00:00, run_after=2025-04-02 00:12:00+00:00
[2024-04-05T03:18:59.653+0000] {processor.py:183} INFO - Processing /opt/airflow/dags/dag_with_cron.py took 0.164 seconds
[2024-04-05T03:19:30.177+0000] {processor.py:161} INFO - Started process (PID=1496) to work on /opt/airflow/dags/dag_with_cron.py
[2024-04-05T03:19:30.179+0000] {processor.py:830} INFO - Processing file /opt/airflow/dags/dag_with_cron.py for tasks to queue
[2024-04-05T03:19:30.181+0000] {logging_mixin.py:188} INFO - [2024-04-05T03:19:30.180+0000] {dagbag.py:540} INFO - Filling up the DagBag from /opt/airflow/dags/dag_with_cron.py
[2024-04-05T03:19:30.230+0000] {processor.py:840} INFO - DAG(s) 'dag_with_cron_expression_v5' retrieved from /opt/airflow/dags/dag_with_cron.py
[2024-04-05T03:19:30.329+0000] {logging_mixin.py:188} INFO - [2024-04-05T03:19:30.329+0000] {dag.py:3047} INFO - Sync 1 DAGs
[2024-04-05T03:19:30.401+0000] {logging_mixin.py:188} INFO - [2024-04-05T03:19:30.401+0000] {dag.py:3834} INFO - Setting next_dagrun for dag_with_cron_expression_v5 to 2024-04-02 23:12:00+00:00, run_after=2025-04-02 00:12:00+00:00
[2024-04-05T03:19:30.450+0000] {processor.py:183} INFO - Processing /opt/airflow/dags/dag_with_cron.py took 0.281 seconds
[2024-04-05T03:20:01.419+0000] {processor.py:161} INFO - Started process (PID=1535) to work on /opt/airflow/dags/dag_with_cron.py
[2024-04-05T03:20:01.432+0000] {processor.py:830} INFO - Processing file /opt/airflow/dags/dag_with_cron.py for tasks to queue
[2024-04-05T03:20:01.438+0000] {logging_mixin.py:188} INFO - [2024-04-05T03:20:01.437+0000] {dagbag.py:540} INFO - Filling up the DagBag from /opt/airflow/dags/dag_with_cron.py
[2024-04-05T03:20:01.568+0000] {processor.py:840} INFO - DAG(s) 'dag_with_cron_expression_v5' retrieved from /opt/airflow/dags/dag_with_cron.py
[2024-04-05T03:20:01.718+0000] {logging_mixin.py:188} INFO - [2024-04-05T03:20:01.717+0000] {dag.py:3047} INFO - Sync 1 DAGs
[2024-04-05T03:20:01.882+0000] {logging_mixin.py:188} INFO - [2024-04-05T03:20:01.881+0000] {dag.py:3834} INFO - Setting next_dagrun for dag_with_cron_expression_v5 to 2024-04-02 23:12:00+00:00, run_after=2025-04-02 00:12:00+00:00
[2024-04-05T03:20:01.988+0000] {processor.py:183} INFO - Processing /opt/airflow/dags/dag_with_cron.py took 0.588 seconds
[2024-04-05T03:20:32.434+0000] {processor.py:161} INFO - Started process (PID=1578) to work on /opt/airflow/dags/dag_with_cron.py
[2024-04-05T03:20:32.436+0000] {processor.py:830} INFO - Processing file /opt/airflow/dags/dag_with_cron.py for tasks to queue
[2024-04-05T03:20:32.437+0000] {logging_mixin.py:188} INFO - [2024-04-05T03:20:32.437+0000] {dagbag.py:540} INFO - Filling up the DagBag from /opt/airflow/dags/dag_with_cron.py
[2024-04-05T03:20:32.478+0000] {processor.py:840} INFO - DAG(s) 'dag_with_cron_expression_v5' retrieved from /opt/airflow/dags/dag_with_cron.py
[2024-04-05T03:20:32.530+0000] {logging_mixin.py:188} INFO - [2024-04-05T03:20:32.530+0000] {dag.py:3047} INFO - Sync 1 DAGs
[2024-04-05T03:20:32.579+0000] {logging_mixin.py:188} INFO - [2024-04-05T03:20:32.579+0000] {dag.py:3834} INFO - Setting next_dagrun for dag_with_cron_expression_v5 to 2024-04-02 23:12:00+00:00, run_after=2025-04-02 00:12:00+00:00
[2024-04-05T03:20:32.618+0000] {processor.py:183} INFO - Processing /opt/airflow/dags/dag_with_cron.py took 0.190 seconds
[2024-04-05T03:21:02.936+0000] {processor.py:161} INFO - Started process (PID=1619) to work on /opt/airflow/dags/dag_with_cron.py
[2024-04-05T03:21:02.940+0000] {processor.py:830} INFO - Processing file /opt/airflow/dags/dag_with_cron.py for tasks to queue
[2024-04-05T03:21:02.942+0000] {logging_mixin.py:188} INFO - [2024-04-05T03:21:02.942+0000] {dagbag.py:540} INFO - Filling up the DagBag from /opt/airflow/dags/dag_with_cron.py
[2024-04-05T03:21:02.990+0000] {processor.py:840} INFO - DAG(s) 'dag_with_cron_expression_v5' retrieved from /opt/airflow/dags/dag_with_cron.py
[2024-04-05T03:21:03.062+0000] {logging_mixin.py:188} INFO - [2024-04-05T03:21:03.062+0000] {dag.py:3047} INFO - Sync 1 DAGs
[2024-04-05T03:21:03.136+0000] {logging_mixin.py:188} INFO - [2024-04-05T03:21:03.135+0000] {dag.py:3834} INFO - Setting next_dagrun for dag_with_cron_expression_v5 to 2024-04-02 23:12:00+00:00, run_after=2025-04-02 00:12:00+00:00
[2024-04-05T03:21:03.226+0000] {processor.py:183} INFO - Processing /opt/airflow/dags/dag_with_cron.py took 0.300 seconds
[2024-04-05T03:21:35.135+0000] {processor.py:161} INFO - Started process (PID=1666) to work on /opt/airflow/dags/dag_with_cron.py
[2024-04-05T03:21:35.150+0000] {processor.py:830} INFO - Processing file /opt/airflow/dags/dag_with_cron.py for tasks to queue
[2024-04-05T03:21:35.153+0000] {logging_mixin.py:188} INFO - [2024-04-05T03:21:35.153+0000] {dagbag.py:540} INFO - Filling up the DagBag from /opt/airflow/dags/dag_with_cron.py
[2024-04-05T03:21:35.310+0000] {processor.py:840} INFO - DAG(s) 'dag_with_cron_expression_v5' retrieved from /opt/airflow/dags/dag_with_cron.py
[2024-04-05T03:21:35.474+0000] {logging_mixin.py:188} INFO - [2024-04-05T03:21:35.474+0000] {dag.py:3047} INFO - Sync 1 DAGs
[2024-04-05T03:21:35.624+0000] {logging_mixin.py:188} INFO - [2024-04-05T03:21:35.623+0000] {dag.py:3834} INFO - Setting next_dagrun for dag_with_cron_expression_v5 to 2024-04-02 23:12:00+00:00, run_after=2025-04-02 00:12:00+00:00
[2024-04-05T03:21:35.701+0000] {processor.py:183} INFO - Processing /opt/airflow/dags/dag_with_cron.py took 0.580 seconds
[2024-04-05T03:22:07.006+0000] {processor.py:161} INFO - Started process (PID=1704) to work on /opt/airflow/dags/dag_with_cron.py
[2024-04-05T03:22:07.023+0000] {processor.py:830} INFO - Processing file /opt/airflow/dags/dag_with_cron.py for tasks to queue
[2024-04-05T03:22:07.034+0000] {logging_mixin.py:188} INFO - [2024-04-05T03:22:07.033+0000] {dagbag.py:540} INFO - Filling up the DagBag from /opt/airflow/dags/dag_with_cron.py
[2024-04-05T03:22:07.243+0000] {processor.py:840} INFO - DAG(s) 'dag_with_cron_expression_v5' retrieved from /opt/airflow/dags/dag_with_cron.py
[2024-04-05T03:22:07.413+0000] {logging_mixin.py:188} INFO - [2024-04-05T03:22:07.411+0000] {dag.py:3047} INFO - Sync 1 DAGs
[2024-04-05T03:22:07.573+0000] {logging_mixin.py:188} INFO - [2024-04-05T03:22:07.573+0000] {dag.py:3834} INFO - Setting next_dagrun for dag_with_cron_expression_v5 to 2024-04-02 23:12:00+00:00, run_after=2025-04-02 00:12:00+00:00
[2024-04-05T03:22:07.704+0000] {processor.py:183} INFO - Processing /opt/airflow/dags/dag_with_cron.py took 0.712 seconds
[2024-04-05T03:22:38.008+0000] {processor.py:161} INFO - Started process (PID=1747) to work on /opt/airflow/dags/dag_with_cron.py
[2024-04-05T03:22:38.010+0000] {processor.py:830} INFO - Processing file /opt/airflow/dags/dag_with_cron.py for tasks to queue
[2024-04-05T03:22:38.015+0000] {logging_mixin.py:188} INFO - [2024-04-05T03:22:38.012+0000] {dagbag.py:540} INFO - Filling up the DagBag from /opt/airflow/dags/dag_with_cron.py
[2024-04-05T03:22:38.055+0000] {processor.py:840} INFO - DAG(s) 'dag_with_cron_expression_v5' retrieved from /opt/airflow/dags/dag_with_cron.py
[2024-04-05T03:22:38.111+0000] {logging_mixin.py:188} INFO - [2024-04-05T03:22:38.110+0000] {dag.py:3047} INFO - Sync 1 DAGs
[2024-04-05T03:22:38.182+0000] {logging_mixin.py:188} INFO - [2024-04-05T03:22:38.181+0000] {dag.py:3834} INFO - Setting next_dagrun for dag_with_cron_expression_v5 to 2024-04-02 23:12:00+00:00, run_after=2025-04-02 00:12:00+00:00
[2024-04-05T03:22:38.237+0000] {processor.py:183} INFO - Processing /opt/airflow/dags/dag_with_cron.py took 0.236 seconds
[2024-04-05T03:23:08.428+0000] {processor.py:161} INFO - Started process (PID=1786) to work on /opt/airflow/dags/dag_with_cron.py
[2024-04-05T03:23:08.439+0000] {processor.py:830} INFO - Processing file /opt/airflow/dags/dag_with_cron.py for tasks to queue
[2024-04-05T03:23:08.445+0000] {logging_mixin.py:188} INFO - [2024-04-05T03:23:08.444+0000] {dagbag.py:540} INFO - Filling up the DagBag from /opt/airflow/dags/dag_with_cron.py
[2024-04-05T03:23:08.528+0000] {processor.py:840} INFO - DAG(s) 'dag_with_cron_expression_v5' retrieved from /opt/airflow/dags/dag_with_cron.py
[2024-04-05T03:23:08.590+0000] {logging_mixin.py:188} INFO - [2024-04-05T03:23:08.589+0000] {dag.py:3047} INFO - Sync 1 DAGs
[2024-04-05T03:23:08.633+0000] {logging_mixin.py:188} INFO - [2024-04-05T03:23:08.632+0000] {dag.py:3834} INFO - Setting next_dagrun for dag_with_cron_expression_v5 to 2024-04-02 23:12:00+00:00, run_after=2025-04-02 00:12:00+00:00
[2024-04-05T03:23:08.671+0000] {processor.py:183} INFO - Processing /opt/airflow/dags/dag_with_cron.py took 0.252 seconds
[2024-04-05T03:23:38.988+0000] {processor.py:161} INFO - Started process (PID=1827) to work on /opt/airflow/dags/dag_with_cron.py
[2024-04-05T03:23:38.992+0000] {processor.py:830} INFO - Processing file /opt/airflow/dags/dag_with_cron.py for tasks to queue
[2024-04-05T03:23:38.994+0000] {logging_mixin.py:188} INFO - [2024-04-05T03:23:38.993+0000] {dagbag.py:540} INFO - Filling up the DagBag from /opt/airflow/dags/dag_with_cron.py
[2024-04-05T03:23:39.027+0000] {processor.py:840} INFO - DAG(s) 'dag_with_cron_expression_v5' retrieved from /opt/airflow/dags/dag_with_cron.py
[2024-04-05T03:23:39.083+0000] {logging_mixin.py:188} INFO - [2024-04-05T03:23:39.082+0000] {dag.py:3047} INFO - Sync 1 DAGs
[2024-04-05T03:23:39.144+0000] {logging_mixin.py:188} INFO - [2024-04-05T03:23:39.144+0000] {dag.py:3834} INFO - Setting next_dagrun for dag_with_cron_expression_v5 to 2024-04-02 23:12:00+00:00, run_after=2025-04-02 00:12:00+00:00
[2024-04-05T03:23:39.193+0000] {processor.py:183} INFO - Processing /opt/airflow/dags/dag_with_cron.py took 0.210 seconds
[2024-04-05T03:24:09.707+0000] {processor.py:161} INFO - Started process (PID=1868) to work on /opt/airflow/dags/dag_with_cron.py
[2024-04-05T03:24:09.708+0000] {processor.py:830} INFO - Processing file /opt/airflow/dags/dag_with_cron.py for tasks to queue
[2024-04-05T03:24:09.709+0000] {logging_mixin.py:188} INFO - [2024-04-05T03:24:09.709+0000] {dagbag.py:540} INFO - Filling up the DagBag from /opt/airflow/dags/dag_with_cron.py
[2024-04-05T03:24:09.738+0000] {processor.py:840} INFO - DAG(s) 'dag_with_cron_expression_v5' retrieved from /opt/airflow/dags/dag_with_cron.py
[2024-04-05T03:24:09.778+0000] {logging_mixin.py:188} INFO - [2024-04-05T03:24:09.778+0000] {dag.py:3047} INFO - Sync 1 DAGs
[2024-04-05T03:24:09.817+0000] {logging_mixin.py:188} INFO - [2024-04-05T03:24:09.816+0000] {dag.py:3834} INFO - Setting next_dagrun for dag_with_cron_expression_v5 to 2024-04-02 23:12:00+00:00, run_after=2025-04-02 00:12:00+00:00
[2024-04-05T03:24:09.858+0000] {processor.py:183} INFO - Processing /opt/airflow/dags/dag_with_cron.py took 0.157 seconds
[2024-04-05T03:24:39.984+0000] {processor.py:161} INFO - Started process (PID=1910) to work on /opt/airflow/dags/dag_with_cron.py
[2024-04-05T03:24:39.985+0000] {processor.py:830} INFO - Processing file /opt/airflow/dags/dag_with_cron.py for tasks to queue
[2024-04-05T03:24:39.986+0000] {logging_mixin.py:188} INFO - [2024-04-05T03:24:39.986+0000] {dagbag.py:540} INFO - Filling up the DagBag from /opt/airflow/dags/dag_with_cron.py
[2024-04-05T03:24:40.015+0000] {processor.py:840} INFO - DAG(s) 'dag_with_cron_expression_v5' retrieved from /opt/airflow/dags/dag_with_cron.py
[2024-04-05T03:24:40.054+0000] {logging_mixin.py:188} INFO - [2024-04-05T03:24:40.054+0000] {dag.py:3047} INFO - Sync 1 DAGs
[2024-04-05T03:24:40.094+0000] {logging_mixin.py:188} INFO - [2024-04-05T03:24:40.094+0000] {dag.py:3834} INFO - Setting next_dagrun for dag_with_cron_expression_v5 to 2024-04-02 23:12:00+00:00, run_after=2025-04-02 00:12:00+00:00
[2024-04-05T03:24:40.136+0000] {processor.py:183} INFO - Processing /opt/airflow/dags/dag_with_cron.py took 0.158 seconds
[2024-04-05T03:25:10.469+0000] {processor.py:161} INFO - Started process (PID=1951) to work on /opt/airflow/dags/dag_with_cron.py
[2024-04-05T03:25:10.471+0000] {processor.py:830} INFO - Processing file /opt/airflow/dags/dag_with_cron.py for tasks to queue
[2024-04-05T03:25:10.476+0000] {logging_mixin.py:188} INFO - [2024-04-05T03:25:10.475+0000] {dagbag.py:540} INFO - Filling up the DagBag from /opt/airflow/dags/dag_with_cron.py
[2024-04-05T03:25:10.514+0000] {processor.py:840} INFO - DAG(s) 'dag_with_cron_expression_v5' retrieved from /opt/airflow/dags/dag_with_cron.py
[2024-04-05T03:25:10.574+0000] {logging_mixin.py:188} INFO - [2024-04-05T03:25:10.571+0000] {dag.py:3047} INFO - Sync 1 DAGs
[2024-04-05T03:25:10.625+0000] {logging_mixin.py:188} INFO - [2024-04-05T03:25:10.625+0000] {dag.py:3834} INFO - Setting next_dagrun for dag_with_cron_expression_v5 to 2024-04-02 23:12:00+00:00, run_after=2025-04-02 00:12:00+00:00
[2024-04-05T03:25:10.667+0000] {processor.py:183} INFO - Processing /opt/airflow/dags/dag_with_cron.py took 0.206 seconds
[2024-04-05T03:25:40.774+0000] {processor.py:161} INFO - Started process (PID=1989) to work on /opt/airflow/dags/dag_with_cron.py
[2024-04-05T03:25:40.779+0000] {processor.py:830} INFO - Processing file /opt/airflow/dags/dag_with_cron.py for tasks to queue
[2024-04-05T03:25:40.780+0000] {logging_mixin.py:188} INFO - [2024-04-05T03:25:40.780+0000] {dagbag.py:540} INFO - Filling up the DagBag from /opt/airflow/dags/dag_with_cron.py
[2024-04-05T03:25:40.839+0000] {processor.py:840} INFO - DAG(s) 'dag_with_cron_expression_v5' retrieved from /opt/airflow/dags/dag_with_cron.py
[2024-04-05T03:25:40.890+0000] {logging_mixin.py:188} INFO - [2024-04-05T03:25:40.889+0000] {dag.py:3047} INFO - Sync 1 DAGs
[2024-04-05T03:25:40.924+0000] {logging_mixin.py:188} INFO - [2024-04-05T03:25:40.924+0000] {dag.py:3834} INFO - Setting next_dagrun for dag_with_cron_expression_v5 to 2024-04-02 23:12:00+00:00, run_after=2025-04-02 00:12:00+00:00
[2024-04-05T03:25:40.963+0000] {processor.py:183} INFO - Processing /opt/airflow/dags/dag_with_cron.py took 0.193 seconds
[2024-04-05T03:26:11.097+0000] {processor.py:161} INFO - Started process (PID=2030) to work on /opt/airflow/dags/dag_with_cron.py
[2024-04-05T03:26:11.098+0000] {processor.py:830} INFO - Processing file /opt/airflow/dags/dag_with_cron.py for tasks to queue
[2024-04-05T03:26:11.103+0000] {logging_mixin.py:188} INFO - [2024-04-05T03:26:11.102+0000] {dagbag.py:540} INFO - Filling up the DagBag from /opt/airflow/dags/dag_with_cron.py
[2024-04-05T03:26:11.159+0000] {processor.py:840} INFO - DAG(s) 'dag_with_cron_expression_v5' retrieved from /opt/airflow/dags/dag_with_cron.py
[2024-04-05T03:26:11.216+0000] {logging_mixin.py:188} INFO - [2024-04-05T03:26:11.216+0000] {dag.py:3047} INFO - Sync 1 DAGs
[2024-04-05T03:26:11.263+0000] {logging_mixin.py:188} INFO - [2024-04-05T03:26:11.259+0000] {dag.py:3834} INFO - Setting next_dagrun for dag_with_cron_expression_v5 to 2024-04-02 23:12:00+00:00, run_after=2025-04-02 00:12:00+00:00
[2024-04-05T03:26:11.299+0000] {processor.py:183} INFO - Processing /opt/airflow/dags/dag_with_cron.py took 0.209 seconds
[2024-04-05T03:26:41.620+0000] {processor.py:161} INFO - Started process (PID=2074) to work on /opt/airflow/dags/dag_with_cron.py
[2024-04-05T03:26:41.621+0000] {processor.py:830} INFO - Processing file /opt/airflow/dags/dag_with_cron.py for tasks to queue
[2024-04-05T03:26:41.624+0000] {logging_mixin.py:188} INFO - [2024-04-05T03:26:41.623+0000] {dagbag.py:540} INFO - Filling up the DagBag from /opt/airflow/dags/dag_with_cron.py
[2024-04-05T03:26:41.692+0000] {processor.py:840} INFO - DAG(s) 'dag_with_cron_expression_v5' retrieved from /opt/airflow/dags/dag_with_cron.py
[2024-04-05T03:26:41.762+0000] {logging_mixin.py:188} INFO - [2024-04-05T03:26:41.762+0000] {dag.py:3047} INFO - Sync 1 DAGs
[2024-04-05T03:26:41.841+0000] {logging_mixin.py:188} INFO - [2024-04-05T03:26:41.841+0000] {dag.py:3834} INFO - Setting next_dagrun for dag_with_cron_expression_v5 to 2024-04-02 23:12:00+00:00, run_after=2025-04-02 00:12:00+00:00
[2024-04-05T03:26:41.901+0000] {processor.py:183} INFO - Processing /opt/airflow/dags/dag_with_cron.py took 0.289 seconds
[2024-04-05T03:27:12.273+0000] {processor.py:161} INFO - Started process (PID=2115) to work on /opt/airflow/dags/dag_with_cron.py
[2024-04-05T03:27:12.274+0000] {processor.py:830} INFO - Processing file /opt/airflow/dags/dag_with_cron.py for tasks to queue
[2024-04-05T03:27:12.276+0000] {logging_mixin.py:188} INFO - [2024-04-05T03:27:12.275+0000] {dagbag.py:540} INFO - Filling up the DagBag from /opt/airflow/dags/dag_with_cron.py
[2024-04-05T03:27:12.312+0000] {processor.py:840} INFO - DAG(s) 'dag_with_cron_expression_v5' retrieved from /opt/airflow/dags/dag_with_cron.py
[2024-04-05T03:27:12.351+0000] {logging_mixin.py:188} INFO - [2024-04-05T03:27:12.348+0000] {dag.py:3047} INFO - Sync 1 DAGs
[2024-04-05T03:27:12.386+0000] {logging_mixin.py:188} INFO - [2024-04-05T03:27:12.386+0000] {dag.py:3834} INFO - Setting next_dagrun for dag_with_cron_expression_v5 to 2024-04-02 23:12:00+00:00, run_after=2025-04-02 00:12:00+00:00
[2024-04-05T03:27:12.425+0000] {processor.py:183} INFO - Processing /opt/airflow/dags/dag_with_cron.py took 0.159 seconds
[2024-04-05T03:27:42.588+0000] {processor.py:161} INFO - Started process (PID=2156) to work on /opt/airflow/dags/dag_with_cron.py
[2024-04-05T03:27:42.590+0000] {processor.py:830} INFO - Processing file /opt/airflow/dags/dag_with_cron.py for tasks to queue
[2024-04-05T03:27:42.592+0000] {logging_mixin.py:188} INFO - [2024-04-05T03:27:42.591+0000] {dagbag.py:540} INFO - Filling up the DagBag from /opt/airflow/dags/dag_with_cron.py
[2024-04-05T03:27:42.661+0000] {processor.py:840} INFO - DAG(s) 'dag_with_cron_expression_v5' retrieved from /opt/airflow/dags/dag_with_cron.py
[2024-04-05T03:27:42.726+0000] {logging_mixin.py:188} INFO - [2024-04-05T03:27:42.726+0000] {dag.py:3047} INFO - Sync 1 DAGs
[2024-04-05T03:27:42.771+0000] {logging_mixin.py:188} INFO - [2024-04-05T03:27:42.771+0000] {dag.py:3834} INFO - Setting next_dagrun for dag_with_cron_expression_v5 to 2024-04-02 23:12:00+00:00, run_after=2025-04-02 00:12:00+00:00
[2024-04-05T03:27:42.808+0000] {processor.py:183} INFO - Processing /opt/airflow/dags/dag_with_cron.py took 0.229 seconds
[2024-04-05T03:28:13.106+0000] {processor.py:161} INFO - Started process (PID=2197) to work on /opt/airflow/dags/dag_with_cron.py
[2024-04-05T03:28:13.110+0000] {processor.py:830} INFO - Processing file /opt/airflow/dags/dag_with_cron.py for tasks to queue
[2024-04-05T03:28:13.111+0000] {logging_mixin.py:188} INFO - [2024-04-05T03:28:13.111+0000] {dagbag.py:540} INFO - Filling up the DagBag from /opt/airflow/dags/dag_with_cron.py
[2024-04-05T03:28:13.143+0000] {processor.py:840} INFO - DAG(s) 'dag_with_cron_expression_v5' retrieved from /opt/airflow/dags/dag_with_cron.py
[2024-04-05T03:28:13.184+0000] {logging_mixin.py:188} INFO - [2024-04-05T03:28:13.184+0000] {dag.py:3047} INFO - Sync 1 DAGs
[2024-04-05T03:28:13.241+0000] {logging_mixin.py:188} INFO - [2024-04-05T03:28:13.240+0000] {dag.py:3834} INFO - Setting next_dagrun for dag_with_cron_expression_v5 to 2024-04-02 23:12:00+00:00, run_after=2025-04-02 00:12:00+00:00
[2024-04-05T03:28:13.311+0000] {processor.py:183} INFO - Processing /opt/airflow/dags/dag_with_cron.py took 0.209 seconds
[2024-04-05T03:28:43.837+0000] {processor.py:161} INFO - Started process (PID=2243) to work on /opt/airflow/dags/dag_with_cron.py
[2024-04-05T03:28:43.838+0000] {processor.py:830} INFO - Processing file /opt/airflow/dags/dag_with_cron.py for tasks to queue
[2024-04-05T03:28:43.839+0000] {logging_mixin.py:188} INFO - [2024-04-05T03:28:43.838+0000] {dagbag.py:540} INFO - Filling up the DagBag from /opt/airflow/dags/dag_with_cron.py
[2024-04-05T03:28:43.871+0000] {processor.py:840} INFO - DAG(s) 'dag_with_cron_expression_v5' retrieved from /opt/airflow/dags/dag_with_cron.py
[2024-04-05T03:28:43.965+0000] {logging_mixin.py:188} INFO - [2024-04-05T03:28:43.965+0000] {dag.py:3047} INFO - Sync 1 DAGs
[2024-04-05T03:28:44.058+0000] {logging_mixin.py:188} INFO - [2024-04-05T03:28:44.057+0000] {dag.py:3834} INFO - Setting next_dagrun for dag_with_cron_expression_v5 to 2024-04-02 23:12:00+00:00, run_after=2025-04-02 00:12:00+00:00
[2024-04-05T03:28:44.095+0000] {processor.py:183} INFO - Processing /opt/airflow/dags/dag_with_cron.py took 0.265 seconds
[2024-04-05T03:29:14.415+0000] {processor.py:161} INFO - Started process (PID=2289) to work on /opt/airflow/dags/dag_with_cron.py
[2024-04-05T03:29:14.420+0000] {processor.py:830} INFO - Processing file /opt/airflow/dags/dag_with_cron.py for tasks to queue
[2024-04-05T03:29:14.422+0000] {logging_mixin.py:188} INFO - [2024-04-05T03:29:14.422+0000] {dagbag.py:540} INFO - Filling up the DagBag from /opt/airflow/dags/dag_with_cron.py
[2024-04-05T03:29:14.461+0000] {processor.py:840} INFO - DAG(s) 'dag_with_cron_expression_v5' retrieved from /opt/airflow/dags/dag_with_cron.py
[2024-04-05T03:29:14.505+0000] {logging_mixin.py:188} INFO - [2024-04-05T03:29:14.504+0000] {dag.py:3047} INFO - Sync 1 DAGs
[2024-04-05T03:29:14.545+0000] {logging_mixin.py:188} INFO - [2024-04-05T03:29:14.545+0000] {dag.py:3834} INFO - Setting next_dagrun for dag_with_cron_expression_v5 to 2024-04-02 23:12:00+00:00, run_after=2025-04-02 00:12:00+00:00
[2024-04-05T03:29:14.594+0000] {processor.py:183} INFO - Processing /opt/airflow/dags/dag_with_cron.py took 0.182 seconds
[2024-04-05T03:29:44.900+0000] {processor.py:161} INFO - Started process (PID=2335) to work on /opt/airflow/dags/dag_with_cron.py
[2024-04-05T03:29:44.904+0000] {processor.py:830} INFO - Processing file /opt/airflow/dags/dag_with_cron.py for tasks to queue
[2024-04-05T03:29:44.905+0000] {logging_mixin.py:188} INFO - [2024-04-05T03:29:44.905+0000] {dagbag.py:540} INFO - Filling up the DagBag from /opt/airflow/dags/dag_with_cron.py
[2024-04-05T03:29:44.929+0000] {processor.py:840} INFO - DAG(s) 'dag_with_cron_expression_v5' retrieved from /opt/airflow/dags/dag_with_cron.py
[2024-04-05T03:29:44.997+0000] {logging_mixin.py:188} INFO - [2024-04-05T03:29:44.996+0000] {dag.py:3047} INFO - Sync 1 DAGs
[2024-04-05T03:29:45.058+0000] {logging_mixin.py:188} INFO - [2024-04-05T03:29:45.058+0000] {dag.py:3834} INFO - Setting next_dagrun for dag_with_cron_expression_v5 to 2024-04-02 23:12:00+00:00, run_after=2025-04-02 00:12:00+00:00
[2024-04-05T03:29:45.119+0000] {processor.py:183} INFO - Processing /opt/airflow/dags/dag_with_cron.py took 0.222 seconds
[2024-04-05T03:30:15.364+0000] {processor.py:161} INFO - Started process (PID=2381) to work on /opt/airflow/dags/dag_with_cron.py
[2024-04-05T03:30:15.368+0000] {processor.py:830} INFO - Processing file /opt/airflow/dags/dag_with_cron.py for tasks to queue
[2024-04-05T03:30:15.370+0000] {logging_mixin.py:188} INFO - [2024-04-05T03:30:15.369+0000] {dagbag.py:540} INFO - Filling up the DagBag from /opt/airflow/dags/dag_with_cron.py
[2024-04-05T03:30:15.402+0000] {processor.py:840} INFO - DAG(s) 'dag_with_cron_expression_v5' retrieved from /opt/airflow/dags/dag_with_cron.py
[2024-04-05T03:30:15.452+0000] {logging_mixin.py:188} INFO - [2024-04-05T03:30:15.452+0000] {dag.py:3047} INFO - Sync 1 DAGs
[2024-04-05T03:30:15.500+0000] {logging_mixin.py:188} INFO - [2024-04-05T03:30:15.500+0000] {dag.py:3834} INFO - Setting next_dagrun for dag_with_cron_expression_v5 to 2024-04-02 23:12:00+00:00, run_after=2025-04-02 00:12:00+00:00
[2024-04-05T03:30:15.541+0000] {processor.py:183} INFO - Processing /opt/airflow/dags/dag_with_cron.py took 0.181 seconds
[2024-04-05T03:30:45.945+0000] {processor.py:161} INFO - Started process (PID=2427) to work on /opt/airflow/dags/dag_with_cron.py
[2024-04-05T03:30:45.946+0000] {processor.py:830} INFO - Processing file /opt/airflow/dags/dag_with_cron.py for tasks to queue
[2024-04-05T03:30:45.951+0000] {logging_mixin.py:188} INFO - [2024-04-05T03:30:45.950+0000] {dagbag.py:540} INFO - Filling up the DagBag from /opt/airflow/dags/dag_with_cron.py
[2024-04-05T03:30:45.976+0000] {processor.py:840} INFO - DAG(s) 'dag_with_cron_expression_v5' retrieved from /opt/airflow/dags/dag_with_cron.py
[2024-04-05T03:30:46.016+0000] {logging_mixin.py:188} INFO - [2024-04-05T03:30:46.016+0000] {dag.py:3047} INFO - Sync 1 DAGs
[2024-04-05T03:30:46.063+0000] {logging_mixin.py:188} INFO - [2024-04-05T03:30:46.062+0000] {dag.py:3834} INFO - Setting next_dagrun for dag_with_cron_expression_v5 to 2024-04-02 23:12:00+00:00, run_after=2025-04-02 00:12:00+00:00
[2024-04-05T03:30:46.115+0000] {processor.py:183} INFO - Processing /opt/airflow/dags/dag_with_cron.py took 0.172 seconds
[2024-04-05T03:31:16.547+0000] {processor.py:161} INFO - Started process (PID=2478) to work on /opt/airflow/dags/dag_with_cron.py
[2024-04-05T03:31:16.548+0000] {processor.py:830} INFO - Processing file /opt/airflow/dags/dag_with_cron.py for tasks to queue
[2024-04-05T03:31:16.549+0000] {logging_mixin.py:188} INFO - [2024-04-05T03:31:16.549+0000] {dagbag.py:540} INFO - Filling up the DagBag from /opt/airflow/dags/dag_with_cron.py
[2024-04-05T03:31:16.582+0000] {processor.py:840} INFO - DAG(s) 'dag_with_cron_expression_v5' retrieved from /opt/airflow/dags/dag_with_cron.py
[2024-04-05T03:31:16.630+0000] {logging_mixin.py:188} INFO - [2024-04-05T03:31:16.630+0000] {dag.py:3047} INFO - Sync 1 DAGs
[2024-04-05T03:31:16.672+0000] {logging_mixin.py:188} INFO - [2024-04-05T03:31:16.672+0000] {dag.py:3834} INFO - Setting next_dagrun for dag_with_cron_expression_v5 to 2024-04-02 23:12:00+00:00, run_after=2025-04-02 00:12:00+00:00
[2024-04-05T03:31:16.721+0000] {processor.py:183} INFO - Processing /opt/airflow/dags/dag_with_cron.py took 0.180 seconds
[2024-04-05T03:31:47.074+0000] {processor.py:161} INFO - Started process (PID=2524) to work on /opt/airflow/dags/dag_with_cron.py
[2024-04-05T03:31:47.075+0000] {processor.py:830} INFO - Processing file /opt/airflow/dags/dag_with_cron.py for tasks to queue
[2024-04-05T03:31:47.077+0000] {logging_mixin.py:188} INFO - [2024-04-05T03:31:47.076+0000] {dagbag.py:540} INFO - Filling up the DagBag from /opt/airflow/dags/dag_with_cron.py
[2024-04-05T03:31:47.128+0000] {processor.py:840} INFO - DAG(s) 'dag_with_cron_expression_v5' retrieved from /opt/airflow/dags/dag_with_cron.py
[2024-04-05T03:31:47.203+0000] {logging_mixin.py:188} INFO - [2024-04-05T03:31:47.202+0000] {dag.py:3047} INFO - Sync 1 DAGs
[2024-04-05T03:31:47.273+0000] {logging_mixin.py:188} INFO - [2024-04-05T03:31:47.273+0000] {dag.py:3834} INFO - Setting next_dagrun for dag_with_cron_expression_v5 to 2024-04-02 23:12:00+00:00, run_after=2025-04-02 00:12:00+00:00
[2024-04-05T03:31:47.324+0000] {processor.py:183} INFO - Processing /opt/airflow/dags/dag_with_cron.py took 0.257 seconds
[2024-04-05T03:32:30.924+0000] {processor.py:161} INFO - Started process (PID=187) to work on /opt/airflow/dags/dag_with_cron.py
[2024-04-05T03:32:30.926+0000] {processor.py:830} INFO - Processing file /opt/airflow/dags/dag_with_cron.py for tasks to queue
[2024-04-05T03:32:30.927+0000] {logging_mixin.py:188} INFO - [2024-04-05T03:32:30.927+0000] {dagbag.py:540} INFO - Filling up the DagBag from /opt/airflow/dags/dag_with_cron.py
[2024-04-05T03:32:30.985+0000] {processor.py:840} INFO - DAG(s) 'dag_with_cron_expression_v5' retrieved from /opt/airflow/dags/dag_with_cron.py
[2024-04-05T03:32:31.036+0000] {logging_mixin.py:188} INFO - [2024-04-05T03:32:31.036+0000] {dag.py:3047} INFO - Sync 1 DAGs
[2024-04-05T03:32:31.133+0000] {logging_mixin.py:188} INFO - [2024-04-05T03:32:31.129+0000] {dag.py:3834} INFO - Setting next_dagrun for dag_with_cron_expression_v5 to 2024-04-02 23:12:00+00:00, run_after=2025-04-02 00:12:00+00:00
[2024-04-05T03:32:31.217+0000] {processor.py:183} INFO - Processing /opt/airflow/dags/dag_with_cron.py took 0.300 seconds
[2024-04-05T03:33:02.090+0000] {processor.py:161} INFO - Started process (PID=233) to work on /opt/airflow/dags/dag_with_cron.py
[2024-04-05T03:33:02.094+0000] {processor.py:830} INFO - Processing file /opt/airflow/dags/dag_with_cron.py for tasks to queue
[2024-04-05T03:33:02.099+0000] {logging_mixin.py:188} INFO - [2024-04-05T03:33:02.098+0000] {dagbag.py:540} INFO - Filling up the DagBag from /opt/airflow/dags/dag_with_cron.py
[2024-04-05T03:33:02.135+0000] {processor.py:840} INFO - DAG(s) 'dag_with_cron_expression_v5' retrieved from /opt/airflow/dags/dag_with_cron.py
[2024-04-05T03:33:02.187+0000] {logging_mixin.py:188} INFO - [2024-04-05T03:33:02.187+0000] {dag.py:3047} INFO - Sync 1 DAGs
[2024-04-05T03:33:02.235+0000] {logging_mixin.py:188} INFO - [2024-04-05T03:33:02.235+0000] {dag.py:3834} INFO - Setting next_dagrun for dag_with_cron_expression_v5 to 2024-04-02 23:12:00+00:00, run_after=2025-04-02 00:12:00+00:00
[2024-04-05T03:33:02.284+0000] {processor.py:183} INFO - Processing /opt/airflow/dags/dag_with_cron.py took 0.198 seconds
[2024-04-05T03:33:32.967+0000] {processor.py:161} INFO - Started process (PID=279) to work on /opt/airflow/dags/dag_with_cron.py
[2024-04-05T03:33:32.972+0000] {processor.py:830} INFO - Processing file /opt/airflow/dags/dag_with_cron.py for tasks to queue
[2024-04-05T03:33:32.975+0000] {logging_mixin.py:188} INFO - [2024-04-05T03:33:32.974+0000] {dagbag.py:540} INFO - Filling up the DagBag from /opt/airflow/dags/dag_with_cron.py
[2024-04-05T03:33:33.061+0000] {processor.py:840} INFO - DAG(s) 'dag_with_cron_expression_v5' retrieved from /opt/airflow/dags/dag_with_cron.py
[2024-04-05T03:33:33.152+0000] {logging_mixin.py:188} INFO - [2024-04-05T03:33:33.152+0000] {dag.py:3047} INFO - Sync 1 DAGs
[2024-04-05T03:33:33.216+0000] {logging_mixin.py:188} INFO - [2024-04-05T03:33:33.216+0000] {dag.py:3834} INFO - Setting next_dagrun for dag_with_cron_expression_v5 to 2024-04-02 23:12:00+00:00, run_after=2025-04-02 00:12:00+00:00
[2024-04-05T03:33:33.264+0000] {processor.py:183} INFO - Processing /opt/airflow/dags/dag_with_cron.py took 0.302 seconds
[2024-04-05T03:34:03.918+0000] {processor.py:161} INFO - Started process (PID=340) to work on /opt/airflow/dags/dag_with_cron.py
[2024-04-05T03:34:03.919+0000] {processor.py:830} INFO - Processing file /opt/airflow/dags/dag_with_cron.py for tasks to queue
[2024-04-05T03:34:03.925+0000] {logging_mixin.py:188} INFO - [2024-04-05T03:34:03.924+0000] {dagbag.py:540} INFO - Filling up the DagBag from /opt/airflow/dags/dag_with_cron.py
[2024-04-05T03:34:03.976+0000] {processor.py:840} INFO - DAG(s) 'dag_with_cron_expression_v5' retrieved from /opt/airflow/dags/dag_with_cron.py
[2024-04-05T03:34:04.033+0000] {logging_mixin.py:188} INFO - [2024-04-05T03:34:04.029+0000] {dag.py:3047} INFO - Sync 1 DAGs
[2024-04-05T03:34:04.095+0000] {logging_mixin.py:188} INFO - [2024-04-05T03:34:04.095+0000] {dag.py:3834} INFO - Setting next_dagrun for dag_with_cron_expression_v5 to 2024-04-02 23:12:00+00:00, run_after=2025-04-02 00:12:00+00:00
[2024-04-05T03:34:04.138+0000] {processor.py:183} INFO - Processing /opt/airflow/dags/dag_with_cron.py took 0.223 seconds
[2024-04-05T03:34:34.363+0000] {processor.py:161} INFO - Started process (PID=386) to work on /opt/airflow/dags/dag_with_cron.py
[2024-04-05T03:34:34.365+0000] {processor.py:830} INFO - Processing file /opt/airflow/dags/dag_with_cron.py for tasks to queue
[2024-04-05T03:34:34.370+0000] {logging_mixin.py:188} INFO - [2024-04-05T03:34:34.370+0000] {dagbag.py:540} INFO - Filling up the DagBag from /opt/airflow/dags/dag_with_cron.py
[2024-04-05T03:34:34.424+0000] {processor.py:840} INFO - DAG(s) 'dag_with_cron_expression_v5' retrieved from /opt/airflow/dags/dag_with_cron.py
[2024-04-05T03:34:34.510+0000] {logging_mixin.py:188} INFO - [2024-04-05T03:34:34.506+0000] {dag.py:3047} INFO - Sync 1 DAGs
[2024-04-05T03:34:34.565+0000] {logging_mixin.py:188} INFO - [2024-04-05T03:34:34.565+0000] {dag.py:3834} INFO - Setting next_dagrun for dag_with_cron_expression_v5 to 2024-04-02 23:12:00+00:00, run_after=2025-04-02 00:12:00+00:00
[2024-04-05T03:34:34.605+0000] {processor.py:183} INFO - Processing /opt/airflow/dags/dag_with_cron.py took 0.250 seconds
[2024-04-05T03:35:05.036+0000] {processor.py:161} INFO - Started process (PID=432) to work on /opt/airflow/dags/dag_with_cron.py
[2024-04-05T03:35:05.038+0000] {processor.py:830} INFO - Processing file /opt/airflow/dags/dag_with_cron.py for tasks to queue
[2024-04-05T03:35:05.044+0000] {logging_mixin.py:188} INFO - [2024-04-05T03:35:05.043+0000] {dagbag.py:540} INFO - Filling up the DagBag from /opt/airflow/dags/dag_with_cron.py
[2024-04-05T03:35:05.099+0000] {processor.py:840} INFO - DAG(s) 'dag_with_cron_expression_v5' retrieved from /opt/airflow/dags/dag_with_cron.py
[2024-04-05T03:35:05.159+0000] {logging_mixin.py:188} INFO - [2024-04-05T03:35:05.158+0000] {dag.py:3047} INFO - Sync 1 DAGs
[2024-04-05T03:35:05.208+0000] {logging_mixin.py:188} INFO - [2024-04-05T03:35:05.208+0000] {dag.py:3834} INFO - Setting next_dagrun for dag_with_cron_expression_v5 to 2024-04-02 23:12:00+00:00, run_after=2025-04-02 00:12:00+00:00
[2024-04-05T03:35:05.247+0000] {processor.py:183} INFO - Processing /opt/airflow/dags/dag_with_cron.py took 0.222 seconds
[2024-04-05T03:35:35.899+0000] {processor.py:161} INFO - Started process (PID=478) to work on /opt/airflow/dags/dag_with_cron.py
[2024-04-05T03:35:35.901+0000] {processor.py:830} INFO - Processing file /opt/airflow/dags/dag_with_cron.py for tasks to queue
[2024-04-05T03:35:35.908+0000] {logging_mixin.py:188} INFO - [2024-04-05T03:35:35.903+0000] {dagbag.py:540} INFO - Filling up the DagBag from /opt/airflow/dags/dag_with_cron.py
[2024-04-05T03:35:35.949+0000] {processor.py:840} INFO - DAG(s) 'dag_with_cron_expression_v5' retrieved from /opt/airflow/dags/dag_with_cron.py
[2024-04-05T03:35:36.001+0000] {logging_mixin.py:188} INFO - [2024-04-05T03:35:36.001+0000] {dag.py:3047} INFO - Sync 1 DAGs
[2024-04-05T03:35:36.053+0000] {logging_mixin.py:188} INFO - [2024-04-05T03:35:36.053+0000] {dag.py:3834} INFO - Setting next_dagrun for dag_with_cron_expression_v5 to 2024-04-02 23:12:00+00:00, run_after=2025-04-02 00:12:00+00:00
[2024-04-05T03:35:36.098+0000] {processor.py:183} INFO - Processing /opt/airflow/dags/dag_with_cron.py took 0.208 seconds
[2024-04-05T03:36:06.545+0000] {processor.py:161} INFO - Started process (PID=526) to work on /opt/airflow/dags/dag_with_cron.py
[2024-04-05T03:36:06.546+0000] {processor.py:830} INFO - Processing file /opt/airflow/dags/dag_with_cron.py for tasks to queue
[2024-04-05T03:36:06.547+0000] {logging_mixin.py:188} INFO - [2024-04-05T03:36:06.547+0000] {dagbag.py:540} INFO - Filling up the DagBag from /opt/airflow/dags/dag_with_cron.py
[2024-04-05T03:36:06.598+0000] {processor.py:840} INFO - DAG(s) 'dag_with_cron_expression_v5' retrieved from /opt/airflow/dags/dag_with_cron.py
[2024-04-05T03:36:06.652+0000] {logging_mixin.py:188} INFO - [2024-04-05T03:36:06.648+0000] {dag.py:3047} INFO - Sync 1 DAGs
[2024-04-05T03:36:06.707+0000] {logging_mixin.py:188} INFO - [2024-04-05T03:36:06.707+0000] {dag.py:3834} INFO - Setting next_dagrun for dag_with_cron_expression_v5 to 2024-04-02 23:12:00+00:00, run_after=2025-04-02 00:12:00+00:00
[2024-04-05T03:36:06.747+0000] {processor.py:183} INFO - Processing /opt/airflow/dags/dag_with_cron.py took 0.210 seconds
[2024-04-05T03:36:37.381+0000] {processor.py:161} INFO - Started process (PID=572) to work on /opt/airflow/dags/dag_with_cron.py
[2024-04-05T03:36:37.387+0000] {processor.py:830} INFO - Processing file /opt/airflow/dags/dag_with_cron.py for tasks to queue
[2024-04-05T03:36:37.388+0000] {logging_mixin.py:188} INFO - [2024-04-05T03:36:37.388+0000] {dagbag.py:540} INFO - Filling up the DagBag from /opt/airflow/dags/dag_with_cron.py
[2024-04-05T03:36:37.448+0000] {processor.py:840} INFO - DAG(s) 'dag_with_cron_expression_v5' retrieved from /opt/airflow/dags/dag_with_cron.py
[2024-04-05T03:36:37.500+0000] {logging_mixin.py:188} INFO - [2024-04-05T03:36:37.499+0000] {dag.py:3047} INFO - Sync 1 DAGs
[2024-04-05T03:36:37.550+0000] {logging_mixin.py:188} INFO - [2024-04-05T03:36:37.550+0000] {dag.py:3834} INFO - Setting next_dagrun for dag_with_cron_expression_v5 to 2024-04-02 23:12:00+00:00, run_after=2025-04-02 00:12:00+00:00
[2024-04-05T03:36:37.610+0000] {processor.py:183} INFO - Processing /opt/airflow/dags/dag_with_cron.py took 0.233 seconds
[2024-04-05T03:37:08.145+0000] {processor.py:161} INFO - Started process (PID=618) to work on /opt/airflow/dags/dag_with_cron.py
[2024-04-05T03:37:08.146+0000] {processor.py:830} INFO - Processing file /opt/airflow/dags/dag_with_cron.py for tasks to queue
[2024-04-05T03:37:08.147+0000] {logging_mixin.py:188} INFO - [2024-04-05T03:37:08.147+0000] {dagbag.py:540} INFO - Filling up the DagBag from /opt/airflow/dags/dag_with_cron.py
[2024-04-05T03:37:08.218+0000] {processor.py:840} INFO - DAG(s) 'dag_with_cron_expression_v5' retrieved from /opt/airflow/dags/dag_with_cron.py
[2024-04-05T03:37:08.276+0000] {logging_mixin.py:188} INFO - [2024-04-05T03:37:08.275+0000] {dag.py:3047} INFO - Sync 1 DAGs
[2024-04-05T03:37:08.327+0000] {logging_mixin.py:188} INFO - [2024-04-05T03:37:08.327+0000] {dag.py:3834} INFO - Setting next_dagrun for dag_with_cron_expression_v5 to 2024-04-02 23:12:00+00:00, run_after=2025-04-02 00:12:00+00:00
[2024-04-05T03:37:08.385+0000] {processor.py:183} INFO - Processing /opt/airflow/dags/dag_with_cron.py took 0.248 seconds
[2024-04-05T03:37:39.351+0000] {processor.py:161} INFO - Started process (PID=664) to work on /opt/airflow/dags/dag_with_cron.py
[2024-04-05T03:37:39.352+0000] {processor.py:830} INFO - Processing file /opt/airflow/dags/dag_with_cron.py for tasks to queue
[2024-04-05T03:37:39.354+0000] {logging_mixin.py:188} INFO - [2024-04-05T03:37:39.353+0000] {dagbag.py:540} INFO - Filling up the DagBag from /opt/airflow/dags/dag_with_cron.py
[2024-04-05T03:37:39.394+0000] {processor.py:840} INFO - DAG(s) 'dag_with_cron_expression_v5' retrieved from /opt/airflow/dags/dag_with_cron.py
[2024-04-05T03:37:39.451+0000] {logging_mixin.py:188} INFO - [2024-04-05T03:37:39.450+0000] {dag.py:3047} INFO - Sync 1 DAGs
[2024-04-05T03:37:39.502+0000] {logging_mixin.py:188} INFO - [2024-04-05T03:37:39.502+0000] {dag.py:3834} INFO - Setting next_dagrun for dag_with_cron_expression_v5 to 2024-04-02 23:12:00+00:00, run_after=2025-04-02 00:12:00+00:00
[2024-04-05T03:37:39.559+0000] {processor.py:183} INFO - Processing /opt/airflow/dags/dag_with_cron.py took 0.217 seconds
[2024-04-05T03:38:09.964+0000] {processor.py:161} INFO - Started process (PID=710) to work on /opt/airflow/dags/dag_with_cron.py
[2024-04-05T03:38:09.965+0000] {processor.py:830} INFO - Processing file /opt/airflow/dags/dag_with_cron.py for tasks to queue
[2024-04-05T03:38:09.967+0000] {logging_mixin.py:188} INFO - [2024-04-05T03:38:09.966+0000] {dagbag.py:540} INFO - Filling up the DagBag from /opt/airflow/dags/dag_with_cron.py
[2024-04-05T03:38:10.014+0000] {processor.py:840} INFO - DAG(s) 'dag_with_cron_expression_v5' retrieved from /opt/airflow/dags/dag_with_cron.py
[2024-04-05T03:38:10.095+0000] {logging_mixin.py:188} INFO - [2024-04-05T03:38:10.095+0000] {dag.py:3047} INFO - Sync 1 DAGs
[2024-04-05T03:38:10.164+0000] {logging_mixin.py:188} INFO - [2024-04-05T03:38:10.164+0000] {dag.py:3834} INFO - Setting next_dagrun for dag_with_cron_expression_v5 to 2024-04-02 23:12:00+00:00, run_after=2025-04-02 00:12:00+00:00
[2024-04-05T03:38:10.204+0000] {processor.py:183} INFO - Processing /opt/airflow/dags/dag_with_cron.py took 0.248 seconds
[2024-04-05T03:38:40.974+0000] {processor.py:161} INFO - Started process (PID=756) to work on /opt/airflow/dags/dag_with_cron.py
[2024-04-05T03:38:40.981+0000] {processor.py:830} INFO - Processing file /opt/airflow/dags/dag_with_cron.py for tasks to queue
[2024-04-05T03:38:40.984+0000] {logging_mixin.py:188} INFO - [2024-04-05T03:38:40.983+0000] {dagbag.py:540} INFO - Filling up the DagBag from /opt/airflow/dags/dag_with_cron.py
[2024-04-05T03:38:41.075+0000] {processor.py:840} INFO - DAG(s) 'dag_with_cron_expression_v5' retrieved from /opt/airflow/dags/dag_with_cron.py
[2024-04-05T03:38:41.195+0000] {logging_mixin.py:188} INFO - [2024-04-05T03:38:41.194+0000] {dag.py:3047} INFO - Sync 1 DAGs
[2024-04-05T03:38:41.312+0000] {logging_mixin.py:188} INFO - [2024-04-05T03:38:41.311+0000] {dag.py:3834} INFO - Setting next_dagrun for dag_with_cron_expression_v5 to 2024-04-02 23:12:00+00:00, run_after=2025-04-02 00:12:00+00:00
[2024-04-05T03:38:41.412+0000] {processor.py:183} INFO - Processing /opt/airflow/dags/dag_with_cron.py took 0.449 seconds
[2024-04-05T03:39:12.259+0000] {processor.py:161} INFO - Started process (PID=802) to work on /opt/airflow/dags/dag_with_cron.py
[2024-04-05T03:39:12.261+0000] {processor.py:830} INFO - Processing file /opt/airflow/dags/dag_with_cron.py for tasks to queue
[2024-04-05T03:39:12.262+0000] {logging_mixin.py:188} INFO - [2024-04-05T03:39:12.261+0000] {dagbag.py:540} INFO - Filling up the DagBag from /opt/airflow/dags/dag_with_cron.py
[2024-04-05T03:39:12.328+0000] {processor.py:840} INFO - DAG(s) 'dag_with_cron_expression_v5' retrieved from /opt/airflow/dags/dag_with_cron.py
[2024-04-05T03:39:12.403+0000] {logging_mixin.py:188} INFO - [2024-04-05T03:39:12.402+0000] {dag.py:3047} INFO - Sync 1 DAGs
[2024-04-05T03:39:12.519+0000] {logging_mixin.py:188} INFO - [2024-04-05T03:39:12.519+0000] {dag.py:3834} INFO - Setting next_dagrun for dag_with_cron_expression_v5 to 2024-04-02 23:12:00+00:00, run_after=2025-04-02 00:12:00+00:00
[2024-04-05T03:39:12.601+0000] {processor.py:183} INFO - Processing /opt/airflow/dags/dag_with_cron.py took 0.351 seconds
[2024-04-05T03:40:10.611+0000] {processor.py:161} INFO - Started process (PID=193) to work on /opt/airflow/dags/dag_with_cron.py
[2024-04-05T03:40:10.612+0000] {processor.py:830} INFO - Processing file /opt/airflow/dags/dag_with_cron.py for tasks to queue
[2024-04-05T03:40:10.613+0000] {logging_mixin.py:188} INFO - [2024-04-05T03:40:10.613+0000] {dagbag.py:540} INFO - Filling up the DagBag from /opt/airflow/dags/dag_with_cron.py
[2024-04-05T03:40:10.673+0000] {processor.py:840} INFO - DAG(s) 'dag_with_cron_expression_v5' retrieved from /opt/airflow/dags/dag_with_cron.py
[2024-04-05T03:40:10.773+0000] {logging_mixin.py:188} INFO - [2024-04-05T03:40:10.773+0000] {dag.py:3047} INFO - Sync 1 DAGs
[2024-04-05T03:40:10.872+0000] {logging_mixin.py:188} INFO - [2024-04-05T03:40:10.872+0000] {dag.py:3834} INFO - Setting next_dagrun for dag_with_cron_expression_v5 to 2024-04-02 23:12:00+00:00, run_after=2025-04-02 00:12:00+00:00
[2024-04-05T03:40:10.953+0000] {processor.py:183} INFO - Processing /opt/airflow/dags/dag_with_cron.py took 0.352 seconds
[2024-04-05T03:40:43.521+0000] {processor.py:161} INFO - Started process (PID=239) to work on /opt/airflow/dags/dag_with_cron.py
[2024-04-05T03:40:43.528+0000] {processor.py:830} INFO - Processing file /opt/airflow/dags/dag_with_cron.py for tasks to queue
[2024-04-05T03:40:43.548+0000] {logging_mixin.py:188} INFO - [2024-04-05T03:40:43.540+0000] {dagbag.py:540} INFO - Filling up the DagBag from /opt/airflow/dags/dag_with_cron.py
[2024-04-05T03:40:43.753+0000] {processor.py:840} INFO - DAG(s) 'dag_with_cron_expression_v5' retrieved from /opt/airflow/dags/dag_with_cron.py
[2024-04-05T03:40:43.922+0000] {logging_mixin.py:188} INFO - [2024-04-05T03:40:43.921+0000] {dag.py:3047} INFO - Sync 1 DAGs
[2024-04-05T03:40:44.151+0000] {logging_mixin.py:188} INFO - [2024-04-05T03:40:44.150+0000] {dag.py:3834} INFO - Setting next_dagrun for dag_with_cron_expression_v5 to 2024-04-02 23:12:00+00:00, run_after=2025-04-02 00:12:00+00:00
[2024-04-05T03:40:44.290+0000] {processor.py:183} INFO - Processing /opt/airflow/dags/dag_with_cron.py took 0.801 seconds
[2024-04-05T03:41:15.289+0000] {processor.py:161} INFO - Started process (PID=287) to work on /opt/airflow/dags/dag_with_cron.py
[2024-04-05T03:41:15.291+0000] {processor.py:830} INFO - Processing file /opt/airflow/dags/dag_with_cron.py for tasks to queue
[2024-04-05T03:41:15.293+0000] {logging_mixin.py:188} INFO - [2024-04-05T03:41:15.292+0000] {dagbag.py:540} INFO - Filling up the DagBag from /opt/airflow/dags/dag_with_cron.py
[2024-04-05T03:41:15.482+0000] {processor.py:840} INFO - DAG(s) 'dag_with_cron_expression_v5' retrieved from /opt/airflow/dags/dag_with_cron.py
[2024-04-05T03:41:15.672+0000] {logging_mixin.py:188} INFO - [2024-04-05T03:41:15.671+0000] {dag.py:3047} INFO - Sync 1 DAGs
[2024-04-05T03:41:15.822+0000] {logging_mixin.py:188} INFO - [2024-04-05T03:41:15.821+0000] {dag.py:3834} INFO - Setting next_dagrun for dag_with_cron_expression_v5 to 2024-04-02 23:12:00+00:00, run_after=2025-04-02 00:12:00+00:00
[2024-04-05T03:41:15.962+0000] {processor.py:183} INFO - Processing /opt/airflow/dags/dag_with_cron.py took 0.702 seconds
[2024-04-05T03:41:46.665+0000] {processor.py:161} INFO - Started process (PID=332) to work on /opt/airflow/dags/dag_with_cron.py
[2024-04-05T03:41:46.723+0000] {processor.py:830} INFO - Processing file /opt/airflow/dags/dag_with_cron.py for tasks to queue
[2024-04-05T03:41:46.724+0000] {logging_mixin.py:188} INFO - [2024-04-05T03:41:46.724+0000] {dagbag.py:540} INFO - Filling up the DagBag from /opt/airflow/dags/dag_with_cron.py
[2024-04-05T03:41:46.776+0000] {processor.py:840} INFO - DAG(s) 'dag_with_cron_expression_v5' retrieved from /opt/airflow/dags/dag_with_cron.py
[2024-04-05T03:41:46.862+0000] {logging_mixin.py:188} INFO - [2024-04-05T03:41:46.857+0000] {dag.py:3047} INFO - Sync 1 DAGs
[2024-04-05T03:41:46.942+0000] {logging_mixin.py:188} INFO - [2024-04-05T03:41:46.937+0000] {dag.py:3834} INFO - Setting next_dagrun for dag_with_cron_expression_v5 to 2024-04-02 23:12:00+00:00, run_after=2025-04-02 00:12:00+00:00
[2024-04-05T03:41:47.023+0000] {processor.py:183} INFO - Processing /opt/airflow/dags/dag_with_cron.py took 0.367 seconds
[2024-04-05T03:42:17.195+0000] {processor.py:161} INFO - Started process (PID=389) to work on /opt/airflow/dags/dag_with_cron.py
[2024-04-05T03:42:17.202+0000] {processor.py:830} INFO - Processing file /opt/airflow/dags/dag_with_cron.py for tasks to queue
[2024-04-05T03:42:17.204+0000] {logging_mixin.py:188} INFO - [2024-04-05T03:42:17.203+0000] {dagbag.py:540} INFO - Filling up the DagBag from /opt/airflow/dags/dag_with_cron.py
[2024-04-05T03:42:17.263+0000] {processor.py:840} INFO - DAG(s) 'dag_with_cron_expression_v5' retrieved from /opt/airflow/dags/dag_with_cron.py
[2024-04-05T03:42:17.326+0000] {logging_mixin.py:188} INFO - [2024-04-05T03:42:17.326+0000] {dag.py:3047} INFO - Sync 1 DAGs
[2024-04-05T03:42:17.404+0000] {logging_mixin.py:188} INFO - [2024-04-05T03:42:17.403+0000] {dag.py:3834} INFO - Setting next_dagrun for dag_with_cron_expression_v5 to 2024-04-02 23:12:00+00:00, run_after=2025-04-02 00:12:00+00:00
[2024-04-05T03:42:17.462+0000] {processor.py:183} INFO - Processing /opt/airflow/dags/dag_with_cron.py took 0.279 seconds
[2024-04-05T03:42:47.712+0000] {processor.py:161} INFO - Started process (PID=435) to work on /opt/airflow/dags/dag_with_cron.py
[2024-04-05T03:42:47.713+0000] {processor.py:830} INFO - Processing file /opt/airflow/dags/dag_with_cron.py for tasks to queue
[2024-04-05T03:42:47.720+0000] {logging_mixin.py:188} INFO - [2024-04-05T03:42:47.719+0000] {dagbag.py:540} INFO - Filling up the DagBag from /opt/airflow/dags/dag_with_cron.py
[2024-04-05T03:42:47.781+0000] {processor.py:840} INFO - DAG(s) 'dag_with_cron_expression_v5' retrieved from /opt/airflow/dags/dag_with_cron.py
[2024-04-05T03:42:47.852+0000] {logging_mixin.py:188} INFO - [2024-04-05T03:42:47.852+0000] {dag.py:3047} INFO - Sync 1 DAGs
[2024-04-05T03:42:47.943+0000] {logging_mixin.py:188} INFO - [2024-04-05T03:42:47.943+0000] {dag.py:3834} INFO - Setting next_dagrun for dag_with_cron_expression_v5 to 2024-04-02 23:12:00+00:00, run_after=2025-04-02 00:12:00+00:00
[2024-04-05T03:42:47.993+0000] {processor.py:183} INFO - Processing /opt/airflow/dags/dag_with_cron.py took 0.290 seconds
[2024-04-05T03:43:18.442+0000] {processor.py:161} INFO - Started process (PID=479) to work on /opt/airflow/dags/dag_with_cron.py
[2024-04-05T03:43:18.444+0000] {processor.py:830} INFO - Processing file /opt/airflow/dags/dag_with_cron.py for tasks to queue
[2024-04-05T03:43:18.451+0000] {logging_mixin.py:188} INFO - [2024-04-05T03:43:18.450+0000] {dagbag.py:540} INFO - Filling up the DagBag from /opt/airflow/dags/dag_with_cron.py
[2024-04-05T03:43:18.519+0000] {processor.py:840} INFO - DAG(s) 'dag_with_cron_expression_v5' retrieved from /opt/airflow/dags/dag_with_cron.py
[2024-04-05T03:43:18.632+0000] {logging_mixin.py:188} INFO - [2024-04-05T03:43:18.632+0000] {dag.py:3047} INFO - Sync 1 DAGs
[2024-04-05T03:43:18.753+0000] {logging_mixin.py:188} INFO - [2024-04-05T03:43:18.753+0000] {dag.py:3834} INFO - Setting next_dagrun for dag_with_cron_expression_v5 to 2024-04-02 23:12:00+00:00, run_after=2025-04-02 00:12:00+00:00
[2024-04-05T03:43:18.863+0000] {processor.py:183} INFO - Processing /opt/airflow/dags/dag_with_cron.py took 0.431 seconds
[2024-04-05T03:43:51.655+0000] {processor.py:161} INFO - Started process (PID=525) to work on /opt/airflow/dags/dag_with_cron.py
[2024-04-05T03:43:51.664+0000] {processor.py:830} INFO - Processing file /opt/airflow/dags/dag_with_cron.py for tasks to queue
[2024-04-05T03:43:51.666+0000] {logging_mixin.py:188} INFO - [2024-04-05T03:43:51.666+0000] {dagbag.py:540} INFO - Filling up the DagBag from /opt/airflow/dags/dag_with_cron.py
[2024-04-05T03:43:51.817+0000] {processor.py:840} INFO - DAG(s) 'dag_with_cron_expression_v5' retrieved from /opt/airflow/dags/dag_with_cron.py
[2024-04-05T03:43:52.037+0000] {logging_mixin.py:188} INFO - [2024-04-05T03:43:52.034+0000] {dag.py:3047} INFO - Sync 1 DAGs
[2024-04-05T03:43:52.224+0000] {logging_mixin.py:188} INFO - [2024-04-05T03:43:52.224+0000] {dag.py:3834} INFO - Setting next_dagrun for dag_with_cron_expression_v5 to 2024-04-02 23:12:00+00:00, run_after=2025-04-02 00:12:00+00:00
[2024-04-05T03:43:52.367+0000] {processor.py:183} INFO - Processing /opt/airflow/dags/dag_with_cron.py took 0.732 seconds
[2024-04-05T03:44:24.035+0000] {processor.py:161} INFO - Started process (PID=571) to work on /opt/airflow/dags/dag_with_cron.py
[2024-04-05T03:44:24.043+0000] {processor.py:830} INFO - Processing file /opt/airflow/dags/dag_with_cron.py for tasks to queue
[2024-04-05T03:44:24.047+0000] {logging_mixin.py:188} INFO - [2024-04-05T03:44:24.046+0000] {dagbag.py:540} INFO - Filling up the DagBag from /opt/airflow/dags/dag_with_cron.py
[2024-04-05T03:44:24.247+0000] {processor.py:840} INFO - DAG(s) 'dag_with_cron_expression_v5' retrieved from /opt/airflow/dags/dag_with_cron.py
[2024-04-05T03:44:24.455+0000] {logging_mixin.py:188} INFO - [2024-04-05T03:44:24.454+0000] {dag.py:3047} INFO - Sync 1 DAGs
[2024-04-05T03:44:24.682+0000] {logging_mixin.py:188} INFO - [2024-04-05T03:44:24.674+0000] {dag.py:3834} INFO - Setting next_dagrun for dag_with_cron_expression_v5 to 2024-04-02 23:12:00+00:00, run_after=2025-04-02 00:12:00+00:00
[2024-04-05T03:44:24.833+0000] {processor.py:183} INFO - Processing /opt/airflow/dags/dag_with_cron.py took 0.820 seconds
[2024-04-05T03:44:55.783+0000] {processor.py:161} INFO - Started process (PID=617) to work on /opt/airflow/dags/dag_with_cron.py
[2024-04-05T03:44:55.785+0000] {processor.py:830} INFO - Processing file /opt/airflow/dags/dag_with_cron.py for tasks to queue
[2024-04-05T03:44:55.792+0000] {logging_mixin.py:188} INFO - [2024-04-05T03:44:55.791+0000] {dagbag.py:540} INFO - Filling up the DagBag from /opt/airflow/dags/dag_with_cron.py
[2024-04-05T03:44:55.851+0000] {processor.py:840} INFO - DAG(s) 'dag_with_cron_expression_v5' retrieved from /opt/airflow/dags/dag_with_cron.py
[2024-04-05T03:44:55.926+0000] {logging_mixin.py:188} INFO - [2024-04-05T03:44:55.926+0000] {dag.py:3047} INFO - Sync 1 DAGs
[2024-04-05T03:44:56.005+0000] {logging_mixin.py:188} INFO - [2024-04-05T03:44:56.004+0000] {dag.py:3834} INFO - Setting next_dagrun for dag_with_cron_expression_v5 to 2024-04-02 23:12:00+00:00, run_after=2025-04-02 00:12:00+00:00
[2024-04-05T03:44:56.094+0000] {processor.py:183} INFO - Processing /opt/airflow/dags/dag_with_cron.py took 0.320 seconds
[2024-04-05T03:45:26.359+0000] {processor.py:161} INFO - Started process (PID=664) to work on /opt/airflow/dags/dag_with_cron.py
[2024-04-05T03:45:26.361+0000] {processor.py:830} INFO - Processing file /opt/airflow/dags/dag_with_cron.py for tasks to queue
[2024-04-05T03:45:26.368+0000] {logging_mixin.py:188} INFO - [2024-04-05T03:45:26.367+0000] {dagbag.py:540} INFO - Filling up the DagBag from /opt/airflow/dags/dag_with_cron.py
[2024-04-05T03:45:26.439+0000] {processor.py:840} INFO - DAG(s) 'dag_with_cron_expression_v5' retrieved from /opt/airflow/dags/dag_with_cron.py
[2024-04-05T03:45:26.519+0000] {logging_mixin.py:188} INFO - [2024-04-05T03:45:26.518+0000] {dag.py:3047} INFO - Sync 1 DAGs
[2024-04-05T03:45:26.600+0000] {logging_mixin.py:188} INFO - [2024-04-05T03:45:26.600+0000] {dag.py:3834} INFO - Setting next_dagrun for dag_with_cron_expression_v5 to 2024-04-02 23:12:00+00:00, run_after=2025-04-02 00:12:00+00:00
[2024-04-05T03:45:26.669+0000] {processor.py:183} INFO - Processing /opt/airflow/dags/dag_with_cron.py took 0.319 seconds
[2024-04-05T03:45:57.327+0000] {processor.py:161} INFO - Started process (PID=710) to work on /opt/airflow/dags/dag_with_cron.py
[2024-04-05T03:45:57.328+0000] {processor.py:830} INFO - Processing file /opt/airflow/dags/dag_with_cron.py for tasks to queue
[2024-04-05T03:45:57.330+0000] {logging_mixin.py:188} INFO - [2024-04-05T03:45:57.330+0000] {dagbag.py:540} INFO - Filling up the DagBag from /opt/airflow/dags/dag_with_cron.py
[2024-04-05T03:45:57.391+0000] {processor.py:840} INFO - DAG(s) 'dag_with_cron_expression_v5' retrieved from /opt/airflow/dags/dag_with_cron.py
[2024-04-05T03:45:57.480+0000] {logging_mixin.py:188} INFO - [2024-04-05T03:45:57.479+0000] {dag.py:3047} INFO - Sync 1 DAGs
[2024-04-05T03:45:57.571+0000] {logging_mixin.py:188} INFO - [2024-04-05T03:45:57.570+0000] {dag.py:3834} INFO - Setting next_dagrun for dag_with_cron_expression_v5 to 2024-04-02 23:12:00+00:00, run_after=2025-04-02 00:12:00+00:00
[2024-04-05T03:45:57.638+0000] {processor.py:183} INFO - Processing /opt/airflow/dags/dag_with_cron.py took 0.320 seconds
[2024-04-05T03:46:28.204+0000] {processor.py:161} INFO - Started process (PID=756) to work on /opt/airflow/dags/dag_with_cron.py
[2024-04-05T03:46:28.208+0000] {processor.py:830} INFO - Processing file /opt/airflow/dags/dag_with_cron.py for tasks to queue
[2024-04-05T03:46:28.215+0000] {logging_mixin.py:188} INFO - [2024-04-05T03:46:28.215+0000] {dagbag.py:540} INFO - Filling up the DagBag from /opt/airflow/dags/dag_with_cron.py
[2024-04-05T03:46:28.274+0000] {processor.py:840} INFO - DAG(s) 'dag_with_cron_expression_v5' retrieved from /opt/airflow/dags/dag_with_cron.py
[2024-04-05T03:46:28.344+0000] {logging_mixin.py:188} INFO - [2024-04-05T03:46:28.338+0000] {dag.py:3047} INFO - Sync 1 DAGs
[2024-04-05T03:46:28.416+0000] {logging_mixin.py:188} INFO - [2024-04-05T03:46:28.416+0000] {dag.py:3834} INFO - Setting next_dagrun for dag_with_cron_expression_v5 to 2024-04-02 23:12:00+00:00, run_after=2025-04-02 00:12:00+00:00
[2024-04-05T03:46:28.477+0000] {processor.py:183} INFO - Processing /opt/airflow/dags/dag_with_cron.py took 0.282 seconds
[2024-04-05T03:46:59.103+0000] {processor.py:161} INFO - Started process (PID=805) to work on /opt/airflow/dags/dag_with_cron.py
[2024-04-05T03:46:59.114+0000] {processor.py:830} INFO - Processing file /opt/airflow/dags/dag_with_cron.py for tasks to queue
[2024-04-05T03:46:59.121+0000] {logging_mixin.py:188} INFO - [2024-04-05T03:46:59.120+0000] {dagbag.py:540} INFO - Filling up the DagBag from /opt/airflow/dags/dag_with_cron.py
[2024-04-05T03:46:59.181+0000] {processor.py:840} INFO - DAG(s) 'dag_with_cron_expression_v5' retrieved from /opt/airflow/dags/dag_with_cron.py
[2024-04-05T03:46:59.271+0000] {logging_mixin.py:188} INFO - [2024-04-05T03:46:59.270+0000] {dag.py:3047} INFO - Sync 1 DAGs
[2024-04-05T03:46:59.361+0000] {logging_mixin.py:188} INFO - [2024-04-05T03:46:59.360+0000] {dag.py:3834} INFO - Setting next_dagrun for dag_with_cron_expression_v5 to 2024-04-02 23:12:00+00:00, run_after=2025-04-02 00:12:00+00:00
[2024-04-05T03:46:59.471+0000] {processor.py:183} INFO - Processing /opt/airflow/dags/dag_with_cron.py took 0.377 seconds
[2024-04-05T03:47:30.021+0000] {processor.py:161} INFO - Started process (PID=851) to work on /opt/airflow/dags/dag_with_cron.py
[2024-04-05T03:47:30.022+0000] {processor.py:830} INFO - Processing file /opt/airflow/dags/dag_with_cron.py for tasks to queue
[2024-04-05T03:47:30.029+0000] {logging_mixin.py:188} INFO - [2024-04-05T03:47:30.028+0000] {dagbag.py:540} INFO - Filling up the DagBag from /opt/airflow/dags/dag_with_cron.py
[2024-04-05T03:47:30.081+0000] {processor.py:840} INFO - DAG(s) 'dag_with_cron_expression_v5' retrieved from /opt/airflow/dags/dag_with_cron.py
[2024-04-05T03:47:30.151+0000] {logging_mixin.py:188} INFO - [2024-04-05T03:47:30.151+0000] {dag.py:3047} INFO - Sync 1 DAGs
[2024-04-05T03:47:30.221+0000] {logging_mixin.py:188} INFO - [2024-04-05T03:47:30.221+0000] {dag.py:3834} INFO - Setting next_dagrun for dag_with_cron_expression_v5 to 2024-04-02 23:12:00+00:00, run_after=2025-04-02 00:12:00+00:00
[2024-04-05T03:47:30.281+0000] {processor.py:183} INFO - Processing /opt/airflow/dags/dag_with_cron.py took 0.270 seconds
[2024-04-05T03:48:00.868+0000] {processor.py:161} INFO - Started process (PID=897) to work on /opt/airflow/dags/dag_with_cron.py
[2024-04-05T03:48:00.870+0000] {processor.py:830} INFO - Processing file /opt/airflow/dags/dag_with_cron.py for tasks to queue
[2024-04-05T03:48:00.877+0000] {logging_mixin.py:188} INFO - [2024-04-05T03:48:00.877+0000] {dagbag.py:540} INFO - Filling up the DagBag from /opt/airflow/dags/dag_with_cron.py
[2024-04-05T03:48:00.940+0000] {processor.py:840} INFO - DAG(s) 'dag_with_cron_expression_v5' retrieved from /opt/airflow/dags/dag_with_cron.py
[2024-04-05T03:48:01.009+0000] {logging_mixin.py:188} INFO - [2024-04-05T03:48:01.009+0000] {dag.py:3047} INFO - Sync 1 DAGs
[2024-04-05T03:48:01.087+0000] {logging_mixin.py:188} INFO - [2024-04-05T03:48:01.087+0000] {dag.py:3834} INFO - Setting next_dagrun for dag_with_cron_expression_v5 to 2024-04-02 23:12:00+00:00, run_after=2025-04-02 00:12:00+00:00
[2024-04-05T03:48:01.159+0000] {processor.py:183} INFO - Processing /opt/airflow/dags/dag_with_cron.py took 0.300 seconds
[2024-04-05T03:48:31.796+0000] {processor.py:161} INFO - Started process (PID=943) to work on /opt/airflow/dags/dag_with_cron.py
[2024-04-05T03:48:31.798+0000] {processor.py:830} INFO - Processing file /opt/airflow/dags/dag_with_cron.py for tasks to queue
[2024-04-05T03:48:31.804+0000] {logging_mixin.py:188} INFO - [2024-04-05T03:48:31.798+0000] {dagbag.py:540} INFO - Filling up the DagBag from /opt/airflow/dags/dag_with_cron.py
[2024-04-05T03:48:31.847+0000] {processor.py:840} INFO - DAG(s) 'dag_with_cron_expression_v5' retrieved from /opt/airflow/dags/dag_with_cron.py
[2024-04-05T03:48:31.916+0000] {logging_mixin.py:188} INFO - [2024-04-05T03:48:31.916+0000] {dag.py:3047} INFO - Sync 1 DAGs
[2024-04-05T03:48:31.988+0000] {logging_mixin.py:188} INFO - [2024-04-05T03:48:31.988+0000] {dag.py:3834} INFO - Setting next_dagrun for dag_with_cron_expression_v5 to 2024-04-02 23:12:00+00:00, run_after=2025-04-02 00:12:00+00:00
[2024-04-05T03:48:32.058+0000] {processor.py:183} INFO - Processing /opt/airflow/dags/dag_with_cron.py took 0.271 seconds
[2024-04-05T03:49:02.335+0000] {processor.py:161} INFO - Started process (PID=987) to work on /opt/airflow/dags/dag_with_cron.py
[2024-04-05T03:49:02.342+0000] {processor.py:830} INFO - Processing file /opt/airflow/dags/dag_with_cron.py for tasks to queue
[2024-04-05T03:49:02.344+0000] {logging_mixin.py:188} INFO - [2024-04-05T03:49:02.344+0000] {dagbag.py:540} INFO - Filling up the DagBag from /opt/airflow/dags/dag_with_cron.py
[2024-04-05T03:49:02.406+0000] {processor.py:840} INFO - DAG(s) 'dag_with_cron_expression_v5' retrieved from /opt/airflow/dags/dag_with_cron.py
[2024-04-05T03:49:02.495+0000] {logging_mixin.py:188} INFO - [2024-04-05T03:49:02.494+0000] {dag.py:3047} INFO - Sync 1 DAGs
[2024-04-05T03:49:02.583+0000] {logging_mixin.py:188} INFO - [2024-04-05T03:49:02.583+0000] {dag.py:3834} INFO - Setting next_dagrun for dag_with_cron_expression_v5 to 2024-04-02 23:12:00+00:00, run_after=2025-04-02 00:12:00+00:00
[2024-04-05T03:49:02.652+0000] {processor.py:183} INFO - Processing /opt/airflow/dags/dag_with_cron.py took 0.329 seconds
[2024-04-05T03:49:33.233+0000] {processor.py:161} INFO - Started process (PID=1035) to work on /opt/airflow/dags/dag_with_cron.py
[2024-04-05T03:49:33.234+0000] {processor.py:830} INFO - Processing file /opt/airflow/dags/dag_with_cron.py for tasks to queue
[2024-04-05T03:49:33.241+0000] {logging_mixin.py:188} INFO - [2024-04-05T03:49:33.241+0000] {dagbag.py:540} INFO - Filling up the DagBag from /opt/airflow/dags/dag_with_cron.py
[2024-04-05T03:49:33.301+0000] {processor.py:840} INFO - DAG(s) 'dag_with_cron_expression_v5' retrieved from /opt/airflow/dags/dag_with_cron.py
[2024-04-05T03:49:33.381+0000] {logging_mixin.py:188} INFO - [2024-04-05T03:49:33.381+0000] {dag.py:3047} INFO - Sync 1 DAGs
[2024-04-05T03:49:33.481+0000] {logging_mixin.py:188} INFO - [2024-04-05T03:49:33.481+0000] {dag.py:3834} INFO - Setting next_dagrun for dag_with_cron_expression_v5 to 2024-04-02 23:12:00+00:00, run_after=2025-04-02 00:12:00+00:00
[2024-04-05T03:49:33.543+0000] {processor.py:183} INFO - Processing /opt/airflow/dags/dag_with_cron.py took 0.320 seconds
[2024-04-05T03:50:04.098+0000] {processor.py:161} INFO - Started process (PID=1081) to work on /opt/airflow/dags/dag_with_cron.py
[2024-04-05T03:50:04.099+0000] {processor.py:830} INFO - Processing file /opt/airflow/dags/dag_with_cron.py for tasks to queue
[2024-04-05T03:50:04.107+0000] {logging_mixin.py:188} INFO - [2024-04-05T03:50:04.106+0000] {dagbag.py:540} INFO - Filling up the DagBag from /opt/airflow/dags/dag_with_cron.py
[2024-04-05T03:50:04.159+0000] {processor.py:840} INFO - DAG(s) 'dag_with_cron_expression_v5' retrieved from /opt/airflow/dags/dag_with_cron.py
[2024-04-05T03:50:04.236+0000] {logging_mixin.py:188} INFO - [2024-04-05T03:50:04.230+0000] {dag.py:3047} INFO - Sync 1 DAGs
[2024-04-05T03:50:04.317+0000] {logging_mixin.py:188} INFO - [2024-04-05T03:50:04.317+0000] {dag.py:3834} INFO - Setting next_dagrun for dag_with_cron_expression_v5 to 2024-04-02 23:12:00+00:00, run_after=2025-04-02 00:12:00+00:00
[2024-04-05T03:50:04.399+0000] {processor.py:183} INFO - Processing /opt/airflow/dags/dag_with_cron.py took 0.313 seconds
[2024-04-05T03:50:35.156+0000] {processor.py:161} INFO - Started process (PID=1127) to work on /opt/airflow/dags/dag_with_cron.py
[2024-04-05T03:50:35.157+0000] {processor.py:830} INFO - Processing file /opt/airflow/dags/dag_with_cron.py for tasks to queue
[2024-04-05T03:50:35.159+0000] {logging_mixin.py:188} INFO - [2024-04-05T03:50:35.159+0000] {dagbag.py:540} INFO - Filling up the DagBag from /opt/airflow/dags/dag_with_cron.py
[2024-04-05T03:50:35.227+0000] {processor.py:840} INFO - DAG(s) 'dag_with_cron_expression_v5' retrieved from /opt/airflow/dags/dag_with_cron.py
[2024-04-05T03:50:35.308+0000] {logging_mixin.py:188} INFO - [2024-04-05T03:50:35.307+0000] {dag.py:3047} INFO - Sync 1 DAGs
[2024-04-05T03:50:35.406+0000] {logging_mixin.py:188} INFO - [2024-04-05T03:50:35.400+0000] {dag.py:3834} INFO - Setting next_dagrun for dag_with_cron_expression_v5 to 2024-04-02 23:12:00+00:00, run_after=2025-04-02 00:12:00+00:00
[2024-04-05T03:50:35.467+0000] {processor.py:183} INFO - Processing /opt/airflow/dags/dag_with_cron.py took 0.321 seconds
[2024-04-05T03:51:05.727+0000] {processor.py:161} INFO - Started process (PID=1174) to work on /opt/airflow/dags/dag_with_cron.py
[2024-04-05T03:51:05.728+0000] {processor.py:830} INFO - Processing file /opt/airflow/dags/dag_with_cron.py for tasks to queue
[2024-04-05T03:51:05.736+0000] {logging_mixin.py:188} INFO - [2024-04-05T03:51:05.735+0000] {dagbag.py:540} INFO - Filling up the DagBag from /opt/airflow/dags/dag_with_cron.py
[2024-04-05T03:51:05.798+0000] {processor.py:840} INFO - DAG(s) 'dag_with_cron_expression_v5' retrieved from /opt/airflow/dags/dag_with_cron.py
[2024-04-05T03:51:05.898+0000] {logging_mixin.py:188} INFO - [2024-04-05T03:51:05.897+0000] {dag.py:3047} INFO - Sync 1 DAGs
[2024-04-05T03:51:05.978+0000] {logging_mixin.py:188} INFO - [2024-04-05T03:51:05.977+0000] {dag.py:3834} INFO - Setting next_dagrun for dag_with_cron_expression_v5 to 2024-04-02 23:12:00+00:00, run_after=2025-04-02 00:12:00+00:00
[2024-04-05T03:51:06.056+0000] {processor.py:183} INFO - Processing /opt/airflow/dags/dag_with_cron.py took 0.341 seconds
