[2024-04-05T03:03:17.184+0000] {processor.py:161} INFO - Started process (PID=169) to work on /opt/airflow/dags/first_practice_dag.py
[2024-04-05T03:03:17.186+0000] {processor.py:830} INFO - Processing file /opt/airflow/dags/first_practice_dag.py for tasks to queue
[2024-04-05T03:03:17.187+0000] {logging_mixin.py:188} INFO - [2024-04-05T03:03:17.187+0000] {dagbag.py:540} INFO - Filling up the DagBag from /opt/airflow/dags/first_practice_dag.py
[2024-04-05T03:03:17.237+0000] {processor.py:840} INFO - DAG(s) 'first_practice_dag' retrieved from /opt/airflow/dags/first_practice_dag.py
[2024-04-05T03:03:17.698+0000] {logging_mixin.py:188} INFO - [2024-04-05T03:03:17.697+0000] {dag.py:3047} INFO - Sync 1 DAGs
[2024-04-05T03:03:17.734+0000] {logging_mixin.py:188} INFO - [2024-04-05T03:03:17.734+0000] {dag.py:3834} INFO - Setting next_dagrun for first_practice_dag to 2024-04-04 00:00:00+00:00, run_after=2024-04-05 00:00:00+00:00
[2024-04-05T03:03:17.776+0000] {processor.py:183} INFO - Processing /opt/airflow/dags/first_practice_dag.py took 0.597 seconds
[2024-04-05T03:03:48.466+0000] {processor.py:161} INFO - Started process (PID=210) to work on /opt/airflow/dags/first_practice_dag.py
[2024-04-05T03:03:48.468+0000] {processor.py:830} INFO - Processing file /opt/airflow/dags/first_practice_dag.py for tasks to queue
[2024-04-05T03:03:48.490+0000] {logging_mixin.py:188} INFO - [2024-04-05T03:03:48.471+0000] {dagbag.py:540} INFO - Filling up the DagBag from /opt/airflow/dags/first_practice_dag.py
[2024-04-05T03:03:48.604+0000] {processor.py:840} INFO - DAG(s) 'first_practice_dag' retrieved from /opt/airflow/dags/first_practice_dag.py
[2024-04-05T03:03:48.727+0000] {logging_mixin.py:188} INFO - [2024-04-05T03:03:48.726+0000] {dag.py:3047} INFO - Sync 1 DAGs
[2024-04-05T03:03:48.770+0000] {logging_mixin.py:188} INFO - [2024-04-05T03:03:48.770+0000] {dag.py:3834} INFO - Setting next_dagrun for first_practice_dag to 2024-04-04 00:00:00+00:00, run_after=2024-04-05 00:00:00+00:00
[2024-04-05T03:03:48.828+0000] {processor.py:183} INFO - Processing /opt/airflow/dags/first_practice_dag.py took 0.374 seconds
[2024-04-05T03:04:19.049+0000] {processor.py:161} INFO - Started process (PID=251) to work on /opt/airflow/dags/first_practice_dag.py
[2024-04-05T03:04:19.050+0000] {processor.py:830} INFO - Processing file /opt/airflow/dags/first_practice_dag.py for tasks to queue
[2024-04-05T03:04:19.051+0000] {logging_mixin.py:188} INFO - [2024-04-05T03:04:19.051+0000] {dagbag.py:540} INFO - Filling up the DagBag from /opt/airflow/dags/first_practice_dag.py
[2024-04-05T03:04:19.074+0000] {processor.py:840} INFO - DAG(s) 'first_practice_dag' retrieved from /opt/airflow/dags/first_practice_dag.py
[2024-04-05T03:04:19.099+0000] {logging_mixin.py:188} INFO - [2024-04-05T03:04:19.098+0000] {dag.py:3047} INFO - Sync 1 DAGs
[2024-04-05T03:04:19.124+0000] {logging_mixin.py:188} INFO - [2024-04-05T03:04:19.124+0000] {dag.py:3834} INFO - Setting next_dagrun for first_practice_dag to 2024-04-04 00:00:00+00:00, run_after=2024-04-05 00:00:00+00:00
[2024-04-05T03:04:19.152+0000] {processor.py:183} INFO - Processing /opt/airflow/dags/first_practice_dag.py took 0.106 seconds
[2024-04-05T03:04:49.351+0000] {processor.py:161} INFO - Started process (PID=292) to work on /opt/airflow/dags/first_practice_dag.py
[2024-04-05T03:04:49.352+0000] {processor.py:830} INFO - Processing file /opt/airflow/dags/first_practice_dag.py for tasks to queue
[2024-04-05T03:04:49.354+0000] {logging_mixin.py:188} INFO - [2024-04-05T03:04:49.353+0000] {dagbag.py:540} INFO - Filling up the DagBag from /opt/airflow/dags/first_practice_dag.py
[2024-04-05T03:04:49.374+0000] {processor.py:840} INFO - DAG(s) 'first_practice_dag' retrieved from /opt/airflow/dags/first_practice_dag.py
[2024-04-05T03:04:49.402+0000] {logging_mixin.py:188} INFO - [2024-04-05T03:04:49.401+0000] {dag.py:3047} INFO - Sync 1 DAGs
[2024-04-05T03:04:49.426+0000] {logging_mixin.py:188} INFO - [2024-04-05T03:04:49.426+0000] {dag.py:3834} INFO - Setting next_dagrun for first_practice_dag to 2024-04-04 00:00:00+00:00, run_after=2024-04-05 00:00:00+00:00
[2024-04-05T03:04:49.456+0000] {processor.py:183} INFO - Processing /opt/airflow/dags/first_practice_dag.py took 0.107 seconds
[2024-04-05T03:05:19.698+0000] {processor.py:161} INFO - Started process (PID=333) to work on /opt/airflow/dags/first_practice_dag.py
[2024-04-05T03:05:19.699+0000] {processor.py:830} INFO - Processing file /opt/airflow/dags/first_practice_dag.py for tasks to queue
[2024-04-05T03:05:19.700+0000] {logging_mixin.py:188} INFO - [2024-04-05T03:05:19.700+0000] {dagbag.py:540} INFO - Filling up the DagBag from /opt/airflow/dags/first_practice_dag.py
[2024-04-05T03:05:19.720+0000] {processor.py:840} INFO - DAG(s) 'first_practice_dag' retrieved from /opt/airflow/dags/first_practice_dag.py
[2024-04-05T03:05:19.746+0000] {logging_mixin.py:188} INFO - [2024-04-05T03:05:19.746+0000] {dag.py:3047} INFO - Sync 1 DAGs
[2024-04-05T03:05:19.772+0000] {logging_mixin.py:188} INFO - [2024-04-05T03:05:19.772+0000] {dag.py:3834} INFO - Setting next_dagrun for first_practice_dag to 2024-04-04 00:00:00+00:00, run_after=2024-04-05 00:00:00+00:00
[2024-04-05T03:05:19.811+0000] {processor.py:183} INFO - Processing /opt/airflow/dags/first_practice_dag.py took 0.116 seconds
[2024-04-05T03:05:49.911+0000] {processor.py:161} INFO - Started process (PID=374) to work on /opt/airflow/dags/first_practice_dag.py
[2024-04-05T03:05:49.912+0000] {processor.py:830} INFO - Processing file /opt/airflow/dags/first_practice_dag.py for tasks to queue
[2024-04-05T03:05:49.913+0000] {logging_mixin.py:188} INFO - [2024-04-05T03:05:49.913+0000] {dagbag.py:540} INFO - Filling up the DagBag from /opt/airflow/dags/first_practice_dag.py
[2024-04-05T03:05:49.931+0000] {processor.py:840} INFO - DAG(s) 'first_practice_dag' retrieved from /opt/airflow/dags/first_practice_dag.py
[2024-04-05T03:05:49.955+0000] {logging_mixin.py:188} INFO - [2024-04-05T03:05:49.955+0000] {dag.py:3047} INFO - Sync 1 DAGs
[2024-04-05T03:05:49.979+0000] {logging_mixin.py:188} INFO - [2024-04-05T03:05:49.979+0000] {dag.py:3834} INFO - Setting next_dagrun for first_practice_dag to 2024-04-04 00:00:00+00:00, run_after=2024-04-05 00:00:00+00:00
[2024-04-05T03:05:50.019+0000] {processor.py:183} INFO - Processing /opt/airflow/dags/first_practice_dag.py took 0.110 seconds
[2024-04-05T03:06:20.151+0000] {processor.py:161} INFO - Started process (PID=415) to work on /opt/airflow/dags/first_practice_dag.py
[2024-04-05T03:06:20.152+0000] {processor.py:830} INFO - Processing file /opt/airflow/dags/first_practice_dag.py for tasks to queue
[2024-04-05T03:06:20.153+0000] {logging_mixin.py:188} INFO - [2024-04-05T03:06:20.152+0000] {dagbag.py:540} INFO - Filling up the DagBag from /opt/airflow/dags/first_practice_dag.py
[2024-04-05T03:06:20.183+0000] {processor.py:840} INFO - DAG(s) 'first_practice_dag' retrieved from /opt/airflow/dags/first_practice_dag.py
[2024-04-05T03:06:20.214+0000] {logging_mixin.py:188} INFO - [2024-04-05T03:06:20.214+0000] {dag.py:3047} INFO - Sync 1 DAGs
[2024-04-05T03:06:20.241+0000] {logging_mixin.py:188} INFO - [2024-04-05T03:06:20.241+0000] {dag.py:3834} INFO - Setting next_dagrun for first_practice_dag to 2024-04-04 00:00:00+00:00, run_after=2024-04-05 00:00:00+00:00
[2024-04-05T03:06:20.280+0000] {processor.py:183} INFO - Processing /opt/airflow/dags/first_practice_dag.py took 0.132 seconds
[2024-04-05T03:06:50.443+0000] {processor.py:161} INFO - Started process (PID=456) to work on /opt/airflow/dags/first_practice_dag.py
[2024-04-05T03:06:50.444+0000] {processor.py:830} INFO - Processing file /opt/airflow/dags/first_practice_dag.py for tasks to queue
[2024-04-05T03:06:50.447+0000] {logging_mixin.py:188} INFO - [2024-04-05T03:06:50.445+0000] {dagbag.py:540} INFO - Filling up the DagBag from /opt/airflow/dags/first_practice_dag.py
[2024-04-05T03:06:50.475+0000] {processor.py:840} INFO - DAG(s) 'first_practice_dag' retrieved from /opt/airflow/dags/first_practice_dag.py
[2024-04-05T03:06:50.519+0000] {logging_mixin.py:188} INFO - [2024-04-05T03:06:50.519+0000] {dag.py:3047} INFO - Sync 1 DAGs
[2024-04-05T03:06:50.562+0000] {logging_mixin.py:188} INFO - [2024-04-05T03:06:50.562+0000] {dag.py:3834} INFO - Setting next_dagrun for first_practice_dag to 2024-04-04 00:00:00+00:00, run_after=2024-04-05 00:00:00+00:00
[2024-04-05T03:06:50.594+0000] {processor.py:183} INFO - Processing /opt/airflow/dags/first_practice_dag.py took 0.156 seconds
[2024-04-05T03:07:20.999+0000] {processor.py:161} INFO - Started process (PID=497) to work on /opt/airflow/dags/first_practice_dag.py
[2024-04-05T03:07:20.999+0000] {processor.py:830} INFO - Processing file /opt/airflow/dags/first_practice_dag.py for tasks to queue
[2024-04-05T03:07:21.001+0000] {logging_mixin.py:188} INFO - [2024-04-05T03:07:21.000+0000] {dagbag.py:540} INFO - Filling up the DagBag from /opt/airflow/dags/first_practice_dag.py
[2024-04-05T03:07:21.020+0000] {processor.py:840} INFO - DAG(s) 'first_practice_dag' retrieved from /opt/airflow/dags/first_practice_dag.py
[2024-04-05T03:07:21.049+0000] {logging_mixin.py:188} INFO - [2024-04-05T03:07:21.049+0000] {dag.py:3047} INFO - Sync 1 DAGs
[2024-04-05T03:07:21.079+0000] {logging_mixin.py:188} INFO - [2024-04-05T03:07:21.079+0000] {dag.py:3834} INFO - Setting next_dagrun for first_practice_dag to 2024-04-04 00:00:00+00:00, run_after=2024-04-05 00:00:00+00:00
[2024-04-05T03:07:21.109+0000] {processor.py:183} INFO - Processing /opt/airflow/dags/first_practice_dag.py took 0.114 seconds
[2024-04-05T03:07:51.293+0000] {processor.py:161} INFO - Started process (PID=538) to work on /opt/airflow/dags/first_practice_dag.py
[2024-04-05T03:07:51.294+0000] {processor.py:830} INFO - Processing file /opt/airflow/dags/first_practice_dag.py for tasks to queue
[2024-04-05T03:07:51.295+0000] {logging_mixin.py:188} INFO - [2024-04-05T03:07:51.294+0000] {dagbag.py:540} INFO - Filling up the DagBag from /opt/airflow/dags/first_practice_dag.py
[2024-04-05T03:07:51.314+0000] {processor.py:840} INFO - DAG(s) 'first_practice_dag' retrieved from /opt/airflow/dags/first_practice_dag.py
[2024-04-05T03:07:51.341+0000] {logging_mixin.py:188} INFO - [2024-04-05T03:07:51.341+0000] {dag.py:3047} INFO - Sync 1 DAGs
[2024-04-05T03:07:51.365+0000] {logging_mixin.py:188} INFO - [2024-04-05T03:07:51.364+0000] {dag.py:3834} INFO - Setting next_dagrun for first_practice_dag to 2024-04-04 00:00:00+00:00, run_after=2024-04-05 00:00:00+00:00
[2024-04-05T03:07:51.403+0000] {processor.py:183} INFO - Processing /opt/airflow/dags/first_practice_dag.py took 0.113 seconds
[2024-04-05T03:08:21.548+0000] {processor.py:161} INFO - Started process (PID=579) to work on /opt/airflow/dags/first_practice_dag.py
[2024-04-05T03:08:21.549+0000] {processor.py:830} INFO - Processing file /opt/airflow/dags/first_practice_dag.py for tasks to queue
[2024-04-05T03:08:21.550+0000] {logging_mixin.py:188} INFO - [2024-04-05T03:08:21.550+0000] {dagbag.py:540} INFO - Filling up the DagBag from /opt/airflow/dags/first_practice_dag.py
[2024-04-05T03:08:21.570+0000] {processor.py:840} INFO - DAG(s) 'first_practice_dag' retrieved from /opt/airflow/dags/first_practice_dag.py
[2024-04-05T03:08:21.595+0000] {logging_mixin.py:188} INFO - [2024-04-05T03:08:21.595+0000] {dag.py:3047} INFO - Sync 1 DAGs
[2024-04-05T03:08:21.621+0000] {logging_mixin.py:188} INFO - [2024-04-05T03:08:21.621+0000] {dag.py:3834} INFO - Setting next_dagrun for first_practice_dag to 2024-04-04 00:00:00+00:00, run_after=2024-04-05 00:00:00+00:00
[2024-04-05T03:08:21.657+0000] {processor.py:183} INFO - Processing /opt/airflow/dags/first_practice_dag.py took 0.112 seconds
[2024-04-05T03:08:51.839+0000] {processor.py:161} INFO - Started process (PID=620) to work on /opt/airflow/dags/first_practice_dag.py
[2024-04-05T03:08:51.841+0000] {processor.py:830} INFO - Processing file /opt/airflow/dags/first_practice_dag.py for tasks to queue
[2024-04-05T03:08:51.842+0000] {logging_mixin.py:188} INFO - [2024-04-05T03:08:51.842+0000] {dagbag.py:540} INFO - Filling up the DagBag from /opt/airflow/dags/first_practice_dag.py
[2024-04-05T03:08:51.861+0000] {processor.py:840} INFO - DAG(s) 'first_practice_dag' retrieved from /opt/airflow/dags/first_practice_dag.py
[2024-04-05T03:08:51.887+0000] {logging_mixin.py:188} INFO - [2024-04-05T03:08:51.887+0000] {dag.py:3047} INFO - Sync 1 DAGs
[2024-04-05T03:08:51.913+0000] {logging_mixin.py:188} INFO - [2024-04-05T03:08:51.913+0000] {dag.py:3834} INFO - Setting next_dagrun for first_practice_dag to 2024-04-04 00:00:00+00:00, run_after=2024-04-05 00:00:00+00:00
[2024-04-05T03:08:51.952+0000] {processor.py:183} INFO - Processing /opt/airflow/dags/first_practice_dag.py took 0.116 seconds
[2024-04-05T03:09:22.028+0000] {processor.py:161} INFO - Started process (PID=660) to work on /opt/airflow/dags/first_practice_dag.py
[2024-04-05T03:09:22.029+0000] {processor.py:830} INFO - Processing file /opt/airflow/dags/first_practice_dag.py for tasks to queue
[2024-04-05T03:09:22.030+0000] {logging_mixin.py:188} INFO - [2024-04-05T03:09:22.030+0000] {dagbag.py:540} INFO - Filling up the DagBag from /opt/airflow/dags/first_practice_dag.py
[2024-04-05T03:09:22.051+0000] {processor.py:840} INFO - DAG(s) 'first_practice_dag' retrieved from /opt/airflow/dags/first_practice_dag.py
[2024-04-05T03:09:22.078+0000] {logging_mixin.py:188} INFO - [2024-04-05T03:09:22.078+0000] {dag.py:3047} INFO - Sync 1 DAGs
[2024-04-05T03:09:22.105+0000] {logging_mixin.py:188} INFO - [2024-04-05T03:09:22.105+0000] {dag.py:3834} INFO - Setting next_dagrun for first_practice_dag to 2024-04-04 00:00:00+00:00, run_after=2024-04-05 00:00:00+00:00
[2024-04-05T03:09:22.142+0000] {processor.py:183} INFO - Processing /opt/airflow/dags/first_practice_dag.py took 0.117 seconds
[2024-04-05T03:09:52.268+0000] {processor.py:161} INFO - Started process (PID=701) to work on /opt/airflow/dags/first_practice_dag.py
[2024-04-05T03:09:52.268+0000] {processor.py:830} INFO - Processing file /opt/airflow/dags/first_practice_dag.py for tasks to queue
[2024-04-05T03:09:52.269+0000] {logging_mixin.py:188} INFO - [2024-04-05T03:09:52.269+0000] {dagbag.py:540} INFO - Filling up the DagBag from /opt/airflow/dags/first_practice_dag.py
[2024-04-05T03:09:52.301+0000] {processor.py:840} INFO - DAG(s) 'first_practice_dag' retrieved from /opt/airflow/dags/first_practice_dag.py
[2024-04-05T03:09:52.332+0000] {logging_mixin.py:188} INFO - [2024-04-05T03:09:52.331+0000] {dag.py:3047} INFO - Sync 1 DAGs
[2024-04-05T03:09:52.372+0000] {logging_mixin.py:188} INFO - [2024-04-05T03:09:52.372+0000] {dag.py:3834} INFO - Setting next_dagrun for first_practice_dag to 2024-04-04 00:00:00+00:00, run_after=2024-04-05 00:00:00+00:00
[2024-04-05T03:09:52.403+0000] {processor.py:183} INFO - Processing /opt/airflow/dags/first_practice_dag.py took 0.138 seconds
[2024-04-05T03:10:22.683+0000] {processor.py:161} INFO - Started process (PID=742) to work on /opt/airflow/dags/first_practice_dag.py
[2024-04-05T03:10:22.684+0000] {processor.py:830} INFO - Processing file /opt/airflow/dags/first_practice_dag.py for tasks to queue
[2024-04-05T03:10:22.686+0000] {logging_mixin.py:188} INFO - [2024-04-05T03:10:22.686+0000] {dagbag.py:540} INFO - Filling up the DagBag from /opt/airflow/dags/first_practice_dag.py
[2024-04-05T03:10:22.707+0000] {processor.py:840} INFO - DAG(s) 'first_practice_dag' retrieved from /opt/airflow/dags/first_practice_dag.py
[2024-04-05T03:10:22.734+0000] {logging_mixin.py:188} INFO - [2024-04-05T03:10:22.734+0000] {dag.py:3047} INFO - Sync 1 DAGs
[2024-04-05T03:10:22.761+0000] {logging_mixin.py:188} INFO - [2024-04-05T03:10:22.760+0000] {dag.py:3834} INFO - Setting next_dagrun for first_practice_dag to 2024-04-04 00:00:00+00:00, run_after=2024-04-05 00:00:00+00:00
[2024-04-05T03:10:22.799+0000] {processor.py:183} INFO - Processing /opt/airflow/dags/first_practice_dag.py took 0.119 seconds
[2024-04-05T03:10:52.983+0000] {processor.py:161} INFO - Started process (PID=783) to work on /opt/airflow/dags/first_practice_dag.py
[2024-04-05T03:10:52.984+0000] {processor.py:830} INFO - Processing file /opt/airflow/dags/first_practice_dag.py for tasks to queue
[2024-04-05T03:10:52.985+0000] {logging_mixin.py:188} INFO - [2024-04-05T03:10:52.985+0000] {dagbag.py:540} INFO - Filling up the DagBag from /opt/airflow/dags/first_practice_dag.py
[2024-04-05T03:10:53.007+0000] {processor.py:840} INFO - DAG(s) 'first_practice_dag' retrieved from /opt/airflow/dags/first_practice_dag.py
[2024-04-05T03:10:53.035+0000] {logging_mixin.py:188} INFO - [2024-04-05T03:10:53.035+0000] {dag.py:3047} INFO - Sync 1 DAGs
[2024-04-05T03:10:53.063+0000] {logging_mixin.py:188} INFO - [2024-04-05T03:10:53.063+0000] {dag.py:3834} INFO - Setting next_dagrun for first_practice_dag to 2024-04-04 00:00:00+00:00, run_after=2024-04-05 00:00:00+00:00
[2024-04-05T03:10:53.102+0000] {processor.py:183} INFO - Processing /opt/airflow/dags/first_practice_dag.py took 0.122 seconds
[2024-04-05T03:11:23.189+0000] {processor.py:161} INFO - Started process (PID=824) to work on /opt/airflow/dags/first_practice_dag.py
[2024-04-05T03:11:23.190+0000] {processor.py:830} INFO - Processing file /opt/airflow/dags/first_practice_dag.py for tasks to queue
[2024-04-05T03:11:23.191+0000] {logging_mixin.py:188} INFO - [2024-04-05T03:11:23.191+0000] {dagbag.py:540} INFO - Filling up the DagBag from /opt/airflow/dags/first_practice_dag.py
[2024-04-05T03:11:23.211+0000] {processor.py:840} INFO - DAG(s) 'first_practice_dag' retrieved from /opt/airflow/dags/first_practice_dag.py
[2024-04-05T03:11:23.242+0000] {logging_mixin.py:188} INFO - [2024-04-05T03:11:23.242+0000] {dag.py:3047} INFO - Sync 1 DAGs
[2024-04-05T03:11:23.274+0000] {logging_mixin.py:188} INFO - [2024-04-05T03:11:23.273+0000] {dag.py:3834} INFO - Setting next_dagrun for first_practice_dag to 2024-04-04 00:00:00+00:00, run_after=2024-04-05 00:00:00+00:00
[2024-04-05T03:11:23.303+0000] {processor.py:183} INFO - Processing /opt/airflow/dags/first_practice_dag.py took 0.118 seconds
[2024-04-05T03:11:53.367+0000] {processor.py:161} INFO - Started process (PID=865) to work on /opt/airflow/dags/first_practice_dag.py
[2024-04-05T03:11:53.368+0000] {processor.py:830} INFO - Processing file /opt/airflow/dags/first_practice_dag.py for tasks to queue
[2024-04-05T03:11:53.370+0000] {logging_mixin.py:188} INFO - [2024-04-05T03:11:53.370+0000] {dagbag.py:540} INFO - Filling up the DagBag from /opt/airflow/dags/first_practice_dag.py
[2024-04-05T03:11:53.388+0000] {processor.py:840} INFO - DAG(s) 'first_practice_dag' retrieved from /opt/airflow/dags/first_practice_dag.py
[2024-04-05T03:11:53.420+0000] {logging_mixin.py:188} INFO - [2024-04-05T03:11:53.420+0000] {dag.py:3047} INFO - Sync 1 DAGs
[2024-04-05T03:11:53.448+0000] {logging_mixin.py:188} INFO - [2024-04-05T03:11:53.447+0000] {dag.py:3834} INFO - Setting next_dagrun for first_practice_dag to 2024-04-04 00:00:00+00:00, run_after=2024-04-05 00:00:00+00:00
[2024-04-05T03:11:53.486+0000] {processor.py:183} INFO - Processing /opt/airflow/dags/first_practice_dag.py took 0.122 seconds
[2024-04-05T03:12:23.720+0000] {processor.py:161} INFO - Started process (PID=906) to work on /opt/airflow/dags/first_practice_dag.py
[2024-04-05T03:12:23.721+0000] {processor.py:830} INFO - Processing file /opt/airflow/dags/first_practice_dag.py for tasks to queue
[2024-04-05T03:12:23.723+0000] {logging_mixin.py:188} INFO - [2024-04-05T03:12:23.723+0000] {dagbag.py:540} INFO - Filling up the DagBag from /opt/airflow/dags/first_practice_dag.py
[2024-04-05T03:12:23.745+0000] {processor.py:840} INFO - DAG(s) 'first_practice_dag' retrieved from /opt/airflow/dags/first_practice_dag.py
[2024-04-05T03:12:23.774+0000] {logging_mixin.py:188} INFO - [2024-04-05T03:12:23.774+0000] {dag.py:3047} INFO - Sync 1 DAGs
[2024-04-05T03:12:23.799+0000] {logging_mixin.py:188} INFO - [2024-04-05T03:12:23.799+0000] {dag.py:3834} INFO - Setting next_dagrun for first_practice_dag to 2024-04-04 00:00:00+00:00, run_after=2024-04-05 00:00:00+00:00
[2024-04-05T03:12:23.839+0000] {processor.py:183} INFO - Processing /opt/airflow/dags/first_practice_dag.py took 0.122 seconds
[2024-04-05T03:12:54.097+0000] {processor.py:161} INFO - Started process (PID=948) to work on /opt/airflow/dags/first_practice_dag.py
[2024-04-05T03:12:54.099+0000] {processor.py:830} INFO - Processing file /opt/airflow/dags/first_practice_dag.py for tasks to queue
[2024-04-05T03:12:54.100+0000] {logging_mixin.py:188} INFO - [2024-04-05T03:12:54.100+0000] {dagbag.py:540} INFO - Filling up the DagBag from /opt/airflow/dags/first_practice_dag.py
[2024-04-05T03:12:54.127+0000] {processor.py:840} INFO - DAG(s) 'first_practice_dag' retrieved from /opt/airflow/dags/first_practice_dag.py
[2024-04-05T03:12:54.157+0000] {logging_mixin.py:188} INFO - [2024-04-05T03:12:54.157+0000] {dag.py:3047} INFO - Sync 1 DAGs
[2024-04-05T03:12:54.188+0000] {logging_mixin.py:188} INFO - [2024-04-05T03:12:54.188+0000] {dag.py:3834} INFO - Setting next_dagrun for first_practice_dag to 2024-04-04 00:00:00+00:00, run_after=2024-04-05 00:00:00+00:00
[2024-04-05T03:12:54.233+0000] {processor.py:183} INFO - Processing /opt/airflow/dags/first_practice_dag.py took 0.139 seconds
[2024-04-05T03:13:24.413+0000] {processor.py:161} INFO - Started process (PID=989) to work on /opt/airflow/dags/first_practice_dag.py
[2024-04-05T03:13:24.415+0000] {processor.py:830} INFO - Processing file /opt/airflow/dags/first_practice_dag.py for tasks to queue
[2024-04-05T03:13:24.416+0000] {logging_mixin.py:188} INFO - [2024-04-05T03:13:24.416+0000] {dagbag.py:540} INFO - Filling up the DagBag from /opt/airflow/dags/first_practice_dag.py
[2024-04-05T03:13:24.441+0000] {processor.py:840} INFO - DAG(s) 'first_practice_dag' retrieved from /opt/airflow/dags/first_practice_dag.py
[2024-04-05T03:13:24.473+0000] {logging_mixin.py:188} INFO - [2024-04-05T03:13:24.473+0000] {dag.py:3047} INFO - Sync 1 DAGs
[2024-04-05T03:13:24.536+0000] {logging_mixin.py:188} INFO - [2024-04-05T03:13:24.536+0000] {dag.py:3834} INFO - Setting next_dagrun for first_practice_dag to 2024-04-04 00:00:00+00:00, run_after=2024-04-05 00:00:00+00:00
[2024-04-05T03:13:24.571+0000] {processor.py:183} INFO - Processing /opt/airflow/dags/first_practice_dag.py took 0.162 seconds
[2024-04-05T03:13:54.943+0000] {processor.py:161} INFO - Started process (PID=1030) to work on /opt/airflow/dags/first_practice_dag.py
[2024-04-05T03:13:54.944+0000] {processor.py:830} INFO - Processing file /opt/airflow/dags/first_practice_dag.py for tasks to queue
[2024-04-05T03:13:54.949+0000] {logging_mixin.py:188} INFO - [2024-04-05T03:13:54.947+0000] {dagbag.py:540} INFO - Filling up the DagBag from /opt/airflow/dags/first_practice_dag.py
[2024-04-05T03:13:54.974+0000] {processor.py:840} INFO - DAG(s) 'first_practice_dag' retrieved from /opt/airflow/dags/first_practice_dag.py
[2024-04-05T03:13:55.008+0000] {logging_mixin.py:188} INFO - [2024-04-05T03:13:55.008+0000] {dag.py:3047} INFO - Sync 1 DAGs
[2024-04-05T03:13:55.039+0000] {logging_mixin.py:188} INFO - [2024-04-05T03:13:55.039+0000] {dag.py:3834} INFO - Setting next_dagrun for first_practice_dag to 2024-04-04 00:00:00+00:00, run_after=2024-04-05 00:00:00+00:00
[2024-04-05T03:13:55.064+0000] {processor.py:183} INFO - Processing /opt/airflow/dags/first_practice_dag.py took 0.125 seconds
[2024-04-05T03:14:25.283+0000] {processor.py:161} INFO - Started process (PID=1071) to work on /opt/airflow/dags/first_practice_dag.py
[2024-04-05T03:14:25.284+0000] {processor.py:830} INFO - Processing file /opt/airflow/dags/first_practice_dag.py for tasks to queue
[2024-04-05T03:14:25.285+0000] {logging_mixin.py:188} INFO - [2024-04-05T03:14:25.285+0000] {dagbag.py:540} INFO - Filling up the DagBag from /opt/airflow/dags/first_practice_dag.py
[2024-04-05T03:14:25.311+0000] {processor.py:840} INFO - DAG(s) 'first_practice_dag' retrieved from /opt/airflow/dags/first_practice_dag.py
[2024-04-05T03:14:25.342+0000] {logging_mixin.py:188} INFO - [2024-04-05T03:14:25.342+0000] {dag.py:3047} INFO - Sync 1 DAGs
[2024-04-05T03:14:25.370+0000] {logging_mixin.py:188} INFO - [2024-04-05T03:14:25.370+0000] {dag.py:3834} INFO - Setting next_dagrun for first_practice_dag to 2024-04-04 00:00:00+00:00, run_after=2024-04-05 00:00:00+00:00
[2024-04-05T03:14:25.431+0000] {processor.py:183} INFO - Processing /opt/airflow/dags/first_practice_dag.py took 0.152 seconds
[2024-04-05T03:14:55.632+0000] {processor.py:161} INFO - Started process (PID=1112) to work on /opt/airflow/dags/first_practice_dag.py
[2024-04-05T03:14:55.633+0000] {processor.py:830} INFO - Processing file /opt/airflow/dags/first_practice_dag.py for tasks to queue
[2024-04-05T03:14:55.634+0000] {logging_mixin.py:188} INFO - [2024-04-05T03:14:55.634+0000] {dagbag.py:540} INFO - Filling up the DagBag from /opt/airflow/dags/first_practice_dag.py
[2024-04-05T03:14:55.657+0000] {processor.py:840} INFO - DAG(s) 'first_practice_dag' retrieved from /opt/airflow/dags/first_practice_dag.py
[2024-04-05T03:14:55.686+0000] {logging_mixin.py:188} INFO - [2024-04-05T03:14:55.686+0000] {dag.py:3047} INFO - Sync 1 DAGs
[2024-04-05T03:14:55.714+0000] {logging_mixin.py:188} INFO - [2024-04-05T03:14:55.713+0000] {dag.py:3834} INFO - Setting next_dagrun for first_practice_dag to 2024-04-04 00:00:00+00:00, run_after=2024-04-05 00:00:00+00:00
[2024-04-05T03:14:55.743+0000] {processor.py:183} INFO - Processing /opt/airflow/dags/first_practice_dag.py took 0.116 seconds
[2024-04-05T03:15:26.003+0000] {processor.py:161} INFO - Started process (PID=1153) to work on /opt/airflow/dags/first_practice_dag.py
[2024-04-05T03:15:26.003+0000] {processor.py:830} INFO - Processing file /opt/airflow/dags/first_practice_dag.py for tasks to queue
[2024-04-05T03:15:26.004+0000] {logging_mixin.py:188} INFO - [2024-04-05T03:15:26.004+0000] {dagbag.py:540} INFO - Filling up the DagBag from /opt/airflow/dags/first_practice_dag.py
[2024-04-05T03:15:26.026+0000] {processor.py:840} INFO - DAG(s) 'first_practice_dag' retrieved from /opt/airflow/dags/first_practice_dag.py
[2024-04-05T03:15:26.057+0000] {logging_mixin.py:188} INFO - [2024-04-05T03:15:26.057+0000] {dag.py:3047} INFO - Sync 1 DAGs
[2024-04-05T03:15:26.085+0000] {logging_mixin.py:188} INFO - [2024-04-05T03:15:26.085+0000] {dag.py:3834} INFO - Setting next_dagrun for first_practice_dag to 2024-04-04 00:00:00+00:00, run_after=2024-04-05 00:00:00+00:00
[2024-04-05T03:15:26.116+0000] {processor.py:183} INFO - Processing /opt/airflow/dags/first_practice_dag.py took 0.120 seconds
[2024-04-05T03:15:56.390+0000] {processor.py:161} INFO - Started process (PID=1194) to work on /opt/airflow/dags/first_practice_dag.py
[2024-04-05T03:15:56.391+0000] {processor.py:830} INFO - Processing file /opt/airflow/dags/first_practice_dag.py for tasks to queue
[2024-04-05T03:15:56.392+0000] {logging_mixin.py:188} INFO - [2024-04-05T03:15:56.392+0000] {dagbag.py:540} INFO - Filling up the DagBag from /opt/airflow/dags/first_practice_dag.py
[2024-04-05T03:15:56.427+0000] {processor.py:840} INFO - DAG(s) 'first_practice_dag' retrieved from /opt/airflow/dags/first_practice_dag.py
[2024-04-05T03:15:56.466+0000] {logging_mixin.py:188} INFO - [2024-04-05T03:15:56.466+0000] {dag.py:3047} INFO - Sync 1 DAGs
[2024-04-05T03:15:56.503+0000] {logging_mixin.py:188} INFO - [2024-04-05T03:15:56.502+0000] {dag.py:3834} INFO - Setting next_dagrun for first_practice_dag to 2024-04-04 00:00:00+00:00, run_after=2024-04-05 00:00:00+00:00
[2024-04-05T03:15:56.540+0000] {processor.py:183} INFO - Processing /opt/airflow/dags/first_practice_dag.py took 0.154 seconds
[2024-04-05T03:16:26.814+0000] {processor.py:161} INFO - Started process (PID=1235) to work on /opt/airflow/dags/first_practice_dag.py
[2024-04-05T03:16:26.815+0000] {processor.py:830} INFO - Processing file /opt/airflow/dags/first_practice_dag.py for tasks to queue
[2024-04-05T03:16:26.816+0000] {logging_mixin.py:188} INFO - [2024-04-05T03:16:26.816+0000] {dagbag.py:540} INFO - Filling up the DagBag from /opt/airflow/dags/first_practice_dag.py
[2024-04-05T03:16:26.841+0000] {processor.py:840} INFO - DAG(s) 'first_practice_dag' retrieved from /opt/airflow/dags/first_practice_dag.py
[2024-04-05T03:16:26.872+0000] {logging_mixin.py:188} INFO - [2024-04-05T03:16:26.872+0000] {dag.py:3047} INFO - Sync 1 DAGs
[2024-04-05T03:16:26.903+0000] {logging_mixin.py:188} INFO - [2024-04-05T03:16:26.902+0000] {dag.py:3834} INFO - Setting next_dagrun for first_practice_dag to 2024-04-04 00:00:00+00:00, run_after=2024-04-05 00:00:00+00:00
[2024-04-05T03:16:26.936+0000] {processor.py:183} INFO - Processing /opt/airflow/dags/first_practice_dag.py took 0.125 seconds
[2024-04-05T03:16:57.156+0000] {processor.py:161} INFO - Started process (PID=1276) to work on /opt/airflow/dags/first_practice_dag.py
[2024-04-05T03:16:57.157+0000] {processor.py:830} INFO - Processing file /opt/airflow/dags/first_practice_dag.py for tasks to queue
[2024-04-05T03:16:57.158+0000] {logging_mixin.py:188} INFO - [2024-04-05T03:16:57.157+0000] {dagbag.py:540} INFO - Filling up the DagBag from /opt/airflow/dags/first_practice_dag.py
[2024-04-05T03:16:57.187+0000] {processor.py:840} INFO - DAG(s) 'first_practice_dag' retrieved from /opt/airflow/dags/first_practice_dag.py
[2024-04-05T03:16:57.227+0000] {logging_mixin.py:188} INFO - [2024-04-05T03:16:57.227+0000] {dag.py:3047} INFO - Sync 1 DAGs
[2024-04-05T03:16:57.263+0000] {logging_mixin.py:188} INFO - [2024-04-05T03:16:57.262+0000] {dag.py:3834} INFO - Setting next_dagrun for first_practice_dag to 2024-04-04 00:00:00+00:00, run_after=2024-04-05 00:00:00+00:00
[2024-04-05T03:16:57.293+0000] {processor.py:183} INFO - Processing /opt/airflow/dags/first_practice_dag.py took 0.140 seconds
[2024-04-05T03:17:27.567+0000] {processor.py:161} INFO - Started process (PID=1317) to work on /opt/airflow/dags/first_practice_dag.py
[2024-04-05T03:17:27.568+0000] {processor.py:830} INFO - Processing file /opt/airflow/dags/first_practice_dag.py for tasks to queue
[2024-04-05T03:17:27.569+0000] {logging_mixin.py:188} INFO - [2024-04-05T03:17:27.569+0000] {dagbag.py:540} INFO - Filling up the DagBag from /opt/airflow/dags/first_practice_dag.py
[2024-04-05T03:17:27.591+0000] {processor.py:840} INFO - DAG(s) 'first_practice_dag' retrieved from /opt/airflow/dags/first_practice_dag.py
[2024-04-05T03:17:27.629+0000] {logging_mixin.py:188} INFO - [2024-04-05T03:17:27.629+0000] {dag.py:3047} INFO - Sync 1 DAGs
[2024-04-05T03:17:27.661+0000] {logging_mixin.py:188} INFO - [2024-04-05T03:17:27.661+0000] {dag.py:3834} INFO - Setting next_dagrun for first_practice_dag to 2024-04-04 00:00:00+00:00, run_after=2024-04-05 00:00:00+00:00
[2024-04-05T03:17:27.708+0000] {processor.py:183} INFO - Processing /opt/airflow/dags/first_practice_dag.py took 0.144 seconds
[2024-04-05T03:17:57.990+0000] {processor.py:161} INFO - Started process (PID=1358) to work on /opt/airflow/dags/first_practice_dag.py
[2024-04-05T03:17:57.992+0000] {processor.py:830} INFO - Processing file /opt/airflow/dags/first_practice_dag.py for tasks to queue
[2024-04-05T03:17:57.994+0000] {logging_mixin.py:188} INFO - [2024-04-05T03:17:57.993+0000] {dagbag.py:540} INFO - Filling up the DagBag from /opt/airflow/dags/first_practice_dag.py
[2024-04-05T03:17:58.034+0000] {processor.py:840} INFO - DAG(s) 'first_practice_dag' retrieved from /opt/airflow/dags/first_practice_dag.py
[2024-04-05T03:17:58.093+0000] {logging_mixin.py:188} INFO - [2024-04-05T03:17:58.092+0000] {dag.py:3047} INFO - Sync 1 DAGs
[2024-04-05T03:17:58.163+0000] {logging_mixin.py:188} INFO - [2024-04-05T03:17:58.162+0000] {dag.py:3834} INFO - Setting next_dagrun for first_practice_dag to 2024-04-04 00:00:00+00:00, run_after=2024-04-05 00:00:00+00:00
[2024-04-05T03:17:58.209+0000] {processor.py:183} INFO - Processing /opt/airflow/dags/first_practice_dag.py took 0.224 seconds
[2024-04-05T03:18:28.545+0000] {processor.py:161} INFO - Started process (PID=1399) to work on /opt/airflow/dags/first_practice_dag.py
[2024-04-05T03:18:28.547+0000] {processor.py:830} INFO - Processing file /opt/airflow/dags/first_practice_dag.py for tasks to queue
[2024-04-05T03:18:28.550+0000] {logging_mixin.py:188} INFO - [2024-04-05T03:18:28.548+0000] {dagbag.py:540} INFO - Filling up the DagBag from /opt/airflow/dags/first_practice_dag.py
[2024-04-05T03:18:28.583+0000] {processor.py:840} INFO - DAG(s) 'first_practice_dag' retrieved from /opt/airflow/dags/first_practice_dag.py
[2024-04-05T03:18:28.618+0000] {logging_mixin.py:188} INFO - [2024-04-05T03:18:28.617+0000] {dag.py:3047} INFO - Sync 1 DAGs
[2024-04-05T03:18:28.656+0000] {logging_mixin.py:188} INFO - [2024-04-05T03:18:28.655+0000] {dag.py:3834} INFO - Setting next_dagrun for first_practice_dag to 2024-04-04 00:00:00+00:00, run_after=2024-04-05 00:00:00+00:00
[2024-04-05T03:18:28.697+0000] {processor.py:183} INFO - Processing /opt/airflow/dags/first_practice_dag.py took 0.157 seconds
[2024-04-05T03:18:58.996+0000] {processor.py:161} INFO - Started process (PID=1440) to work on /opt/airflow/dags/first_practice_dag.py
[2024-04-05T03:18:58.997+0000] {processor.py:830} INFO - Processing file /opt/airflow/dags/first_practice_dag.py for tasks to queue
[2024-04-05T03:18:58.999+0000] {logging_mixin.py:188} INFO - [2024-04-05T03:18:58.998+0000] {dagbag.py:540} INFO - Filling up the DagBag from /opt/airflow/dags/first_practice_dag.py
[2024-04-05T03:18:59.052+0000] {processor.py:840} INFO - DAG(s) 'first_practice_dag' retrieved from /opt/airflow/dags/first_practice_dag.py
[2024-04-05T03:18:59.111+0000] {logging_mixin.py:188} INFO - [2024-04-05T03:18:59.110+0000] {dag.py:3047} INFO - Sync 1 DAGs
[2024-04-05T03:18:59.186+0000] {logging_mixin.py:188} INFO - [2024-04-05T03:18:59.186+0000] {dag.py:3834} INFO - Setting next_dagrun for first_practice_dag to 2024-04-04 00:00:00+00:00, run_after=2024-04-05 00:00:00+00:00
[2024-04-05T03:18:59.229+0000] {processor.py:183} INFO - Processing /opt/airflow/dags/first_practice_dag.py took 0.237 seconds
[2024-04-05T03:19:29.428+0000] {processor.py:161} INFO - Started process (PID=1481) to work on /opt/airflow/dags/first_practice_dag.py
[2024-04-05T03:19:29.430+0000] {processor.py:830} INFO - Processing file /opt/airflow/dags/first_practice_dag.py for tasks to queue
[2024-04-05T03:19:29.432+0000] {logging_mixin.py:188} INFO - [2024-04-05T03:19:29.431+0000] {dagbag.py:540} INFO - Filling up the DagBag from /opt/airflow/dags/first_practice_dag.py
[2024-04-05T03:19:29.482+0000] {processor.py:840} INFO - DAG(s) 'first_practice_dag' retrieved from /opt/airflow/dags/first_practice_dag.py
[2024-04-05T03:19:29.562+0000] {logging_mixin.py:188} INFO - [2024-04-05T03:19:29.561+0000] {dag.py:3047} INFO - Sync 1 DAGs
[2024-04-05T03:19:29.634+0000] {logging_mixin.py:188} INFO - [2024-04-05T03:19:29.633+0000] {dag.py:3834} INFO - Setting next_dagrun for first_practice_dag to 2024-04-04 00:00:00+00:00, run_after=2024-04-05 00:00:00+00:00
[2024-04-05T03:19:29.694+0000] {processor.py:183} INFO - Processing /opt/airflow/dags/first_practice_dag.py took 0.273 seconds
[2024-04-05T03:20:00.077+0000] {processor.py:161} INFO - Started process (PID=1522) to work on /opt/airflow/dags/first_practice_dag.py
[2024-04-05T03:20:00.079+0000] {processor.py:830} INFO - Processing file /opt/airflow/dags/first_practice_dag.py for tasks to queue
[2024-04-05T03:20:00.085+0000] {logging_mixin.py:188} INFO - [2024-04-05T03:20:00.082+0000] {dagbag.py:540} INFO - Filling up the DagBag from /opt/airflow/dags/first_practice_dag.py
[2024-04-05T03:20:00.328+0000] {processor.py:840} INFO - DAG(s) 'first_practice_dag' retrieved from /opt/airflow/dags/first_practice_dag.py
[2024-04-05T03:20:00.561+0000] {logging_mixin.py:188} INFO - [2024-04-05T03:20:00.561+0000] {dag.py:3047} INFO - Sync 1 DAGs
[2024-04-05T03:20:00.717+0000] {logging_mixin.py:188} INFO - [2024-04-05T03:20:00.716+0000] {dag.py:3834} INFO - Setting next_dagrun for first_practice_dag to 2024-04-04 00:00:00+00:00, run_after=2024-04-05 00:00:00+00:00
[2024-04-05T03:20:00.820+0000] {processor.py:183} INFO - Processing /opt/airflow/dags/first_practice_dag.py took 0.808 seconds
[2024-04-05T03:20:31.784+0000] {processor.py:161} INFO - Started process (PID=1563) to work on /opt/airflow/dags/first_practice_dag.py
[2024-04-05T03:20:31.805+0000] {processor.py:830} INFO - Processing file /opt/airflow/dags/first_practice_dag.py for tasks to queue
[2024-04-05T03:20:31.807+0000] {logging_mixin.py:188} INFO - [2024-04-05T03:20:31.807+0000] {dagbag.py:540} INFO - Filling up the DagBag from /opt/airflow/dags/first_practice_dag.py
[2024-04-05T03:20:31.966+0000] {processor.py:840} INFO - DAG(s) 'first_practice_dag' retrieved from /opt/airflow/dags/first_practice_dag.py
[2024-04-05T03:20:32.027+0000] {logging_mixin.py:188} INFO - [2024-04-05T03:20:32.026+0000] {dag.py:3047} INFO - Sync 1 DAGs
[2024-04-05T03:20:32.084+0000] {logging_mixin.py:188} INFO - [2024-04-05T03:20:32.083+0000] {dag.py:3834} INFO - Setting next_dagrun for first_practice_dag to 2024-04-04 00:00:00+00:00, run_after=2024-04-05 00:00:00+00:00
[2024-04-05T03:20:32.125+0000] {processor.py:183} INFO - Processing /opt/airflow/dags/first_practice_dag.py took 0.448 seconds
[2024-04-05T03:21:02.246+0000] {processor.py:161} INFO - Started process (PID=1604) to work on /opt/airflow/dags/first_practice_dag.py
[2024-04-05T03:21:02.250+0000] {processor.py:830} INFO - Processing file /opt/airflow/dags/first_practice_dag.py for tasks to queue
[2024-04-05T03:21:02.255+0000] {logging_mixin.py:188} INFO - [2024-04-05T03:21:02.254+0000] {dagbag.py:540} INFO - Filling up the DagBag from /opt/airflow/dags/first_practice_dag.py
[2024-04-05T03:21:02.370+0000] {processor.py:840} INFO - DAG(s) 'first_practice_dag' retrieved from /opt/airflow/dags/first_practice_dag.py
[2024-04-05T03:21:02.451+0000] {logging_mixin.py:188} INFO - [2024-04-05T03:21:02.450+0000] {dag.py:3047} INFO - Sync 1 DAGs
[2024-04-05T03:21:02.512+0000] {logging_mixin.py:188} INFO - [2024-04-05T03:21:02.511+0000] {dag.py:3834} INFO - Setting next_dagrun for first_practice_dag to 2024-04-04 00:00:00+00:00, run_after=2024-04-05 00:00:00+00:00
[2024-04-05T03:21:02.564+0000] {processor.py:183} INFO - Processing /opt/airflow/dags/first_practice_dag.py took 0.329 seconds
[2024-04-05T03:21:33.143+0000] {processor.py:161} INFO - Started process (PID=1645) to work on /opt/airflow/dags/first_practice_dag.py
[2024-04-05T03:21:33.152+0000] {processor.py:830} INFO - Processing file /opt/airflow/dags/first_practice_dag.py for tasks to queue
[2024-04-05T03:21:33.171+0000] {logging_mixin.py:188} INFO - [2024-04-05T03:21:33.169+0000] {dagbag.py:540} INFO - Filling up the DagBag from /opt/airflow/dags/first_practice_dag.py
[2024-04-05T03:21:33.603+0000] {processor.py:840} INFO - DAG(s) 'first_practice_dag' retrieved from /opt/airflow/dags/first_practice_dag.py
[2024-04-05T03:21:33.982+0000] {logging_mixin.py:188} INFO - [2024-04-05T03:21:33.979+0000] {dag.py:3047} INFO - Sync 1 DAGs
[2024-04-05T03:21:34.145+0000] {logging_mixin.py:188} INFO - [2024-04-05T03:21:34.144+0000] {dag.py:3834} INFO - Setting next_dagrun for first_practice_dag to 2024-04-04 00:00:00+00:00, run_after=2024-04-05 00:00:00+00:00
[2024-04-05T03:21:34.261+0000] {processor.py:183} INFO - Processing /opt/airflow/dags/first_practice_dag.py took 1.129 seconds
[2024-04-05T03:22:04.926+0000] {processor.py:161} INFO - Started process (PID=1686) to work on /opt/airflow/dags/first_practice_dag.py
[2024-04-05T03:22:04.936+0000] {processor.py:830} INFO - Processing file /opt/airflow/dags/first_practice_dag.py for tasks to queue
[2024-04-05T03:22:04.948+0000] {logging_mixin.py:188} INFO - [2024-04-05T03:22:04.947+0000] {dagbag.py:540} INFO - Filling up the DagBag from /opt/airflow/dags/first_practice_dag.py
[2024-04-05T03:22:05.186+0000] {processor.py:840} INFO - DAG(s) 'first_practice_dag' retrieved from /opt/airflow/dags/first_practice_dag.py
[2024-04-05T03:22:05.514+0000] {logging_mixin.py:188} INFO - [2024-04-05T03:22:05.513+0000] {dag.py:3047} INFO - Sync 1 DAGs
[2024-04-05T03:22:05.665+0000] {logging_mixin.py:188} INFO - [2024-04-05T03:22:05.665+0000] {dag.py:3834} INFO - Setting next_dagrun for first_practice_dag to 2024-04-04 00:00:00+00:00, run_after=2024-04-05 00:00:00+00:00
[2024-04-05T03:22:05.914+0000] {processor.py:183} INFO - Processing /opt/airflow/dags/first_practice_dag.py took 1.008 seconds
[2024-04-05T03:22:36.450+0000] {processor.py:161} INFO - Started process (PID=1732) to work on /opt/airflow/dags/first_practice_dag.py
[2024-04-05T03:22:36.452+0000] {processor.py:830} INFO - Processing file /opt/airflow/dags/first_practice_dag.py for tasks to queue
[2024-04-05T03:22:36.455+0000] {logging_mixin.py:188} INFO - [2024-04-05T03:22:36.455+0000] {dagbag.py:540} INFO - Filling up the DagBag from /opt/airflow/dags/first_practice_dag.py
[2024-04-05T03:22:36.499+0000] {processor.py:840} INFO - DAG(s) 'first_practice_dag' retrieved from /opt/airflow/dags/first_practice_dag.py
[2024-04-05T03:22:36.551+0000] {logging_mixin.py:188} INFO - [2024-04-05T03:22:36.550+0000] {dag.py:3047} INFO - Sync 1 DAGs
[2024-04-05T03:22:36.598+0000] {logging_mixin.py:188} INFO - [2024-04-05T03:22:36.598+0000] {dag.py:3834} INFO - Setting next_dagrun for first_practice_dag to 2024-04-04 00:00:00+00:00, run_after=2024-04-05 00:00:00+00:00
[2024-04-05T03:22:36.636+0000] {processor.py:183} INFO - Processing /opt/airflow/dags/first_practice_dag.py took 0.189 seconds
[2024-04-05T03:23:07.059+0000] {processor.py:161} INFO - Started process (PID=1773) to work on /opt/airflow/dags/first_practice_dag.py
[2024-04-05T03:23:07.061+0000] {processor.py:830} INFO - Processing file /opt/airflow/dags/first_practice_dag.py for tasks to queue
[2024-04-05T03:23:07.063+0000] {logging_mixin.py:188} INFO - [2024-04-05T03:23:07.062+0000] {dagbag.py:540} INFO - Filling up the DagBag from /opt/airflow/dags/first_practice_dag.py
[2024-04-05T03:23:07.111+0000] {processor.py:840} INFO - DAG(s) 'first_practice_dag' retrieved from /opt/airflow/dags/first_practice_dag.py
[2024-04-05T03:23:07.168+0000] {logging_mixin.py:188} INFO - [2024-04-05T03:23:07.164+0000] {dag.py:3047} INFO - Sync 1 DAGs
[2024-04-05T03:23:07.214+0000] {logging_mixin.py:188} INFO - [2024-04-05T03:23:07.213+0000] {dag.py:3834} INFO - Setting next_dagrun for first_practice_dag to 2024-04-04 00:00:00+00:00, run_after=2024-04-05 00:00:00+00:00
[2024-04-05T03:23:07.268+0000] {processor.py:183} INFO - Processing /opt/airflow/dags/first_practice_dag.py took 0.220 seconds
[2024-04-05T03:23:37.646+0000] {processor.py:161} INFO - Started process (PID=1814) to work on /opt/airflow/dags/first_practice_dag.py
[2024-04-05T03:23:37.648+0000] {processor.py:830} INFO - Processing file /opt/airflow/dags/first_practice_dag.py for tasks to queue
[2024-04-05T03:23:37.652+0000] {logging_mixin.py:188} INFO - [2024-04-05T03:23:37.652+0000] {dagbag.py:540} INFO - Filling up the DagBag from /opt/airflow/dags/first_practice_dag.py
[2024-04-05T03:23:37.702+0000] {processor.py:840} INFO - DAG(s) 'first_practice_dag' retrieved from /opt/airflow/dags/first_practice_dag.py
[2024-04-05T03:23:37.774+0000] {logging_mixin.py:188} INFO - [2024-04-05T03:23:37.774+0000] {dag.py:3047} INFO - Sync 1 DAGs
[2024-04-05T03:23:37.825+0000] {logging_mixin.py:188} INFO - [2024-04-05T03:23:37.825+0000] {dag.py:3834} INFO - Setting next_dagrun for first_practice_dag to 2024-04-04 00:00:00+00:00, run_after=2024-04-05 00:00:00+00:00
[2024-04-05T03:23:37.873+0000] {processor.py:183} INFO - Processing /opt/airflow/dags/first_practice_dag.py took 0.235 seconds
[2024-04-05T03:24:08.199+0000] {processor.py:161} INFO - Started process (PID=1855) to work on /opt/airflow/dags/first_practice_dag.py
[2024-04-05T03:24:08.201+0000] {processor.py:830} INFO - Processing file /opt/airflow/dags/first_practice_dag.py for tasks to queue
[2024-04-05T03:24:08.206+0000] {logging_mixin.py:188} INFO - [2024-04-05T03:24:08.206+0000] {dagbag.py:540} INFO - Filling up the DagBag from /opt/airflow/dags/first_practice_dag.py
[2024-04-05T03:24:08.292+0000] {processor.py:840} INFO - DAG(s) 'first_practice_dag' retrieved from /opt/airflow/dags/first_practice_dag.py
[2024-04-05T03:24:08.401+0000] {logging_mixin.py:188} INFO - [2024-04-05T03:24:08.401+0000] {dag.py:3047} INFO - Sync 1 DAGs
[2024-04-05T03:24:08.510+0000] {logging_mixin.py:188} INFO - [2024-04-05T03:24:08.510+0000] {dag.py:3834} INFO - Setting next_dagrun for first_practice_dag to 2024-04-04 00:00:00+00:00, run_after=2024-04-05 00:00:00+00:00
[2024-04-05T03:24:08.597+0000] {processor.py:183} INFO - Processing /opt/airflow/dags/first_practice_dag.py took 0.408 seconds
[2024-04-05T03:24:38.756+0000] {processor.py:161} INFO - Started process (PID=1897) to work on /opt/airflow/dags/first_practice_dag.py
[2024-04-05T03:24:38.758+0000] {processor.py:830} INFO - Processing file /opt/airflow/dags/first_practice_dag.py for tasks to queue
[2024-04-05T03:24:38.762+0000] {logging_mixin.py:188} INFO - [2024-04-05T03:24:38.762+0000] {dagbag.py:540} INFO - Filling up the DagBag from /opt/airflow/dags/first_practice_dag.py
[2024-04-05T03:24:38.794+0000] {processor.py:840} INFO - DAG(s) 'first_practice_dag' retrieved from /opt/airflow/dags/first_practice_dag.py
[2024-04-05T03:24:38.836+0000] {logging_mixin.py:188} INFO - [2024-04-05T03:24:38.836+0000] {dag.py:3047} INFO - Sync 1 DAGs
[2024-04-05T03:24:38.877+0000] {logging_mixin.py:188} INFO - [2024-04-05T03:24:38.877+0000] {dag.py:3834} INFO - Setting next_dagrun for first_practice_dag to 2024-04-04 00:00:00+00:00, run_after=2024-04-05 00:00:00+00:00
[2024-04-05T03:24:38.915+0000] {processor.py:183} INFO - Processing /opt/airflow/dags/first_practice_dag.py took 0.162 seconds
[2024-04-05T03:25:09.150+0000] {processor.py:161} INFO - Started process (PID=1938) to work on /opt/airflow/dags/first_practice_dag.py
[2024-04-05T03:25:09.154+0000] {processor.py:830} INFO - Processing file /opt/airflow/dags/first_practice_dag.py for tasks to queue
[2024-04-05T03:25:09.156+0000] {logging_mixin.py:188} INFO - [2024-04-05T03:25:09.155+0000] {dagbag.py:540} INFO - Filling up the DagBag from /opt/airflow/dags/first_practice_dag.py
[2024-04-05T03:25:09.191+0000] {processor.py:840} INFO - DAG(s) 'first_practice_dag' retrieved from /opt/airflow/dags/first_practice_dag.py
[2024-04-05T03:25:09.259+0000] {logging_mixin.py:188} INFO - [2024-04-05T03:25:09.258+0000] {dag.py:3047} INFO - Sync 1 DAGs
[2024-04-05T03:25:09.315+0000] {logging_mixin.py:188} INFO - [2024-04-05T03:25:09.314+0000] {dag.py:3834} INFO - Setting next_dagrun for first_practice_dag to 2024-04-04 00:00:00+00:00, run_after=2024-04-05 00:00:00+00:00
[2024-04-05T03:25:09.356+0000] {processor.py:183} INFO - Processing /opt/airflow/dags/first_practice_dag.py took 0.209 seconds
[2024-04-05T03:25:39.695+0000] {processor.py:161} INFO - Started process (PID=1979) to work on /opt/airflow/dags/first_practice_dag.py
[2024-04-05T03:25:39.699+0000] {processor.py:830} INFO - Processing file /opt/airflow/dags/first_practice_dag.py for tasks to queue
[2024-04-05T03:25:39.700+0000] {logging_mixin.py:188} INFO - [2024-04-05T03:25:39.700+0000] {dagbag.py:540} INFO - Filling up the DagBag from /opt/airflow/dags/first_practice_dag.py
[2024-04-05T03:25:39.732+0000] {processor.py:840} INFO - DAG(s) 'first_practice_dag' retrieved from /opt/airflow/dags/first_practice_dag.py
[2024-04-05T03:25:39.779+0000] {logging_mixin.py:188} INFO - [2024-04-05T03:25:39.775+0000] {dag.py:3047} INFO - Sync 1 DAGs
[2024-04-05T03:25:39.813+0000] {logging_mixin.py:188} INFO - [2024-04-05T03:25:39.812+0000] {dag.py:3834} INFO - Setting next_dagrun for first_practice_dag to 2024-04-04 00:00:00+00:00, run_after=2024-04-05 00:00:00+00:00
[2024-04-05T03:25:39.844+0000] {processor.py:183} INFO - Processing /opt/airflow/dags/first_practice_dag.py took 0.153 seconds
[2024-04-05T03:26:10.028+0000] {processor.py:161} INFO - Started process (PID=2020) to work on /opt/airflow/dags/first_practice_dag.py
[2024-04-05T03:26:10.032+0000] {processor.py:830} INFO - Processing file /opt/airflow/dags/first_practice_dag.py for tasks to queue
[2024-04-05T03:26:10.034+0000] {logging_mixin.py:188} INFO - [2024-04-05T03:26:10.033+0000] {dagbag.py:540} INFO - Filling up the DagBag from /opt/airflow/dags/first_practice_dag.py
[2024-04-05T03:26:10.096+0000] {processor.py:840} INFO - DAG(s) 'first_practice_dag' retrieved from /opt/airflow/dags/first_practice_dag.py
[2024-04-05T03:26:10.144+0000] {logging_mixin.py:188} INFO - [2024-04-05T03:26:10.144+0000] {dag.py:3047} INFO - Sync 1 DAGs
[2024-04-05T03:26:10.186+0000] {logging_mixin.py:188} INFO - [2024-04-05T03:26:10.186+0000] {dag.py:3834} INFO - Setting next_dagrun for first_practice_dag to 2024-04-04 00:00:00+00:00, run_after=2024-04-05 00:00:00+00:00
[2024-04-05T03:26:10.224+0000] {processor.py:183} INFO - Processing /opt/airflow/dags/first_practice_dag.py took 0.200 seconds
[2024-04-05T03:26:40.541+0000] {processor.py:161} INFO - Started process (PID=2061) to work on /opt/airflow/dags/first_practice_dag.py
[2024-04-05T03:26:40.542+0000] {processor.py:830} INFO - Processing file /opt/airflow/dags/first_practice_dag.py for tasks to queue
[2024-04-05T03:26:40.544+0000] {logging_mixin.py:188} INFO - [2024-04-05T03:26:40.543+0000] {dagbag.py:540} INFO - Filling up the DagBag from /opt/airflow/dags/first_practice_dag.py
[2024-04-05T03:26:40.590+0000] {processor.py:840} INFO - DAG(s) 'first_practice_dag' retrieved from /opt/airflow/dags/first_practice_dag.py
[2024-04-05T03:26:40.633+0000] {logging_mixin.py:188} INFO - [2024-04-05T03:26:40.632+0000] {dag.py:3047} INFO - Sync 1 DAGs
[2024-04-05T03:26:40.708+0000] {logging_mixin.py:188} INFO - [2024-04-05T03:26:40.707+0000] {dag.py:3834} INFO - Setting next_dagrun for first_practice_dag to 2024-04-04 00:00:00+00:00, run_after=2024-04-05 00:00:00+00:00
[2024-04-05T03:26:40.772+0000] {processor.py:183} INFO - Processing /opt/airflow/dags/first_practice_dag.py took 0.238 seconds
[2024-04-05T03:27:10.931+0000] {processor.py:161} INFO - Started process (PID=2102) to work on /opt/airflow/dags/first_practice_dag.py
[2024-04-05T03:27:10.932+0000] {processor.py:830} INFO - Processing file /opt/airflow/dags/first_practice_dag.py for tasks to queue
[2024-04-05T03:27:10.934+0000] {logging_mixin.py:188} INFO - [2024-04-05T03:27:10.933+0000] {dagbag.py:540} INFO - Filling up the DagBag from /opt/airflow/dags/first_practice_dag.py
[2024-04-05T03:27:10.972+0000] {processor.py:840} INFO - DAG(s) 'first_practice_dag' retrieved from /opt/airflow/dags/first_practice_dag.py
[2024-04-05T03:27:11.022+0000] {logging_mixin.py:188} INFO - [2024-04-05T03:27:11.022+0000] {dag.py:3047} INFO - Sync 1 DAGs
[2024-04-05T03:27:11.084+0000] {logging_mixin.py:188} INFO - [2024-04-05T03:27:11.084+0000] {dag.py:3834} INFO - Setting next_dagrun for first_practice_dag to 2024-04-04 00:00:00+00:00, run_after=2024-04-05 00:00:00+00:00
[2024-04-05T03:27:11.133+0000] {processor.py:183} INFO - Processing /opt/airflow/dags/first_practice_dag.py took 0.209 seconds
[2024-04-05T03:27:41.478+0000] {processor.py:161} INFO - Started process (PID=2143) to work on /opt/airflow/dags/first_practice_dag.py
[2024-04-05T03:27:41.479+0000] {processor.py:830} INFO - Processing file /opt/airflow/dags/first_practice_dag.py for tasks to queue
[2024-04-05T03:27:41.481+0000] {logging_mixin.py:188} INFO - [2024-04-05T03:27:41.480+0000] {dagbag.py:540} INFO - Filling up the DagBag from /opt/airflow/dags/first_practice_dag.py
[2024-04-05T03:27:41.519+0000] {processor.py:840} INFO - DAG(s) 'first_practice_dag' retrieved from /opt/airflow/dags/first_practice_dag.py
[2024-04-05T03:27:41.567+0000] {logging_mixin.py:188} INFO - [2024-04-05T03:27:41.566+0000] {dag.py:3047} INFO - Sync 1 DAGs
[2024-04-05T03:27:41.609+0000] {logging_mixin.py:188} INFO - [2024-04-05T03:27:41.609+0000] {dag.py:3834} INFO - Setting next_dagrun for first_practice_dag to 2024-04-04 00:00:00+00:00, run_after=2024-04-05 00:00:00+00:00
[2024-04-05T03:27:41.652+0000] {processor.py:183} INFO - Processing /opt/airflow/dags/first_practice_dag.py took 0.181 seconds
[2024-04-05T03:28:11.806+0000] {processor.py:161} INFO - Started process (PID=2184) to work on /opt/airflow/dags/first_practice_dag.py
[2024-04-05T03:28:11.810+0000] {processor.py:830} INFO - Processing file /opt/airflow/dags/first_practice_dag.py for tasks to queue
[2024-04-05T03:28:11.811+0000] {logging_mixin.py:188} INFO - [2024-04-05T03:28:11.811+0000] {dagbag.py:540} INFO - Filling up the DagBag from /opt/airflow/dags/first_practice_dag.py
[2024-04-05T03:28:11.851+0000] {processor.py:840} INFO - DAG(s) 'first_practice_dag' retrieved from /opt/airflow/dags/first_practice_dag.py
[2024-04-05T03:28:11.892+0000] {logging_mixin.py:188} INFO - [2024-04-05T03:28:11.892+0000] {dag.py:3047} INFO - Sync 1 DAGs
[2024-04-05T03:28:11.931+0000] {logging_mixin.py:188} INFO - [2024-04-05T03:28:11.931+0000] {dag.py:3834} INFO - Setting next_dagrun for first_practice_dag to 2024-04-04 00:00:00+00:00, run_after=2024-04-05 00:00:00+00:00
[2024-04-05T03:28:11.962+0000] {processor.py:183} INFO - Processing /opt/airflow/dags/first_practice_dag.py took 0.160 seconds
[2024-04-05T03:28:42.637+0000] {processor.py:161} INFO - Started process (PID=2230) to work on /opt/airflow/dags/first_practice_dag.py
[2024-04-05T03:28:42.640+0000] {processor.py:830} INFO - Processing file /opt/airflow/dags/first_practice_dag.py for tasks to queue
[2024-04-05T03:28:42.645+0000] {logging_mixin.py:188} INFO - [2024-04-05T03:28:42.641+0000] {dagbag.py:540} INFO - Filling up the DagBag from /opt/airflow/dags/first_practice_dag.py
[2024-04-05T03:28:42.691+0000] {processor.py:840} INFO - DAG(s) 'first_practice_dag' retrieved from /opt/airflow/dags/first_practice_dag.py
[2024-04-05T03:28:42.737+0000] {logging_mixin.py:188} INFO - [2024-04-05T03:28:42.737+0000] {dag.py:3047} INFO - Sync 1 DAGs
[2024-04-05T03:28:42.775+0000] {logging_mixin.py:188} INFO - [2024-04-05T03:28:42.775+0000] {dag.py:3834} INFO - Setting next_dagrun for first_practice_dag to 2024-04-04 00:00:00+00:00, run_after=2024-04-05 00:00:00+00:00
[2024-04-05T03:28:42.821+0000] {processor.py:183} INFO - Processing /opt/airflow/dags/first_practice_dag.py took 0.192 seconds
[2024-04-05T03:29:13.231+0000] {processor.py:161} INFO - Started process (PID=2276) to work on /opt/airflow/dags/first_practice_dag.py
[2024-04-05T03:29:13.232+0000] {processor.py:830} INFO - Processing file /opt/airflow/dags/first_practice_dag.py for tasks to queue
[2024-04-05T03:29:13.234+0000] {logging_mixin.py:188} INFO - [2024-04-05T03:29:13.233+0000] {dagbag.py:540} INFO - Filling up the DagBag from /opt/airflow/dags/first_practice_dag.py
[2024-04-05T03:29:13.283+0000] {processor.py:840} INFO - DAG(s) 'first_practice_dag' retrieved from /opt/airflow/dags/first_practice_dag.py
[2024-04-05T03:29:13.332+0000] {logging_mixin.py:188} INFO - [2024-04-05T03:29:13.331+0000] {dag.py:3047} INFO - Sync 1 DAGs
[2024-04-05T03:29:13.370+0000] {logging_mixin.py:188} INFO - [2024-04-05T03:29:13.370+0000] {dag.py:3834} INFO - Setting next_dagrun for first_practice_dag to 2024-04-04 00:00:00+00:00, run_after=2024-04-05 00:00:00+00:00
[2024-04-05T03:29:13.421+0000] {processor.py:183} INFO - Processing /opt/airflow/dags/first_practice_dag.py took 0.198 seconds
[2024-04-05T03:29:43.798+0000] {processor.py:161} INFO - Started process (PID=2322) to work on /opt/airflow/dags/first_practice_dag.py
[2024-04-05T03:29:43.799+0000] {processor.py:830} INFO - Processing file /opt/airflow/dags/first_practice_dag.py for tasks to queue
[2024-04-05T03:29:43.804+0000] {logging_mixin.py:188} INFO - [2024-04-05T03:29:43.800+0000] {dagbag.py:540} INFO - Filling up the DagBag from /opt/airflow/dags/first_practice_dag.py
[2024-04-05T03:29:43.839+0000] {processor.py:840} INFO - DAG(s) 'first_practice_dag' retrieved from /opt/airflow/dags/first_practice_dag.py
[2024-04-05T03:29:43.887+0000] {logging_mixin.py:188} INFO - [2024-04-05T03:29:43.887+0000] {dag.py:3047} INFO - Sync 1 DAGs
[2024-04-05T03:29:43.935+0000] {logging_mixin.py:188} INFO - [2024-04-05T03:29:43.935+0000] {dag.py:3834} INFO - Setting next_dagrun for first_practice_dag to 2024-04-04 00:00:00+00:00, run_after=2024-04-05 00:00:00+00:00
[2024-04-05T03:29:43.975+0000] {processor.py:183} INFO - Processing /opt/airflow/dags/first_practice_dag.py took 0.180 seconds
[2024-04-05T03:30:14.081+0000] {processor.py:161} INFO - Started process (PID=2368) to work on /opt/airflow/dags/first_practice_dag.py
[2024-04-05T03:30:14.082+0000] {processor.py:830} INFO - Processing file /opt/airflow/dags/first_practice_dag.py for tasks to queue
[2024-04-05T03:30:14.083+0000] {logging_mixin.py:188} INFO - [2024-04-05T03:30:14.083+0000] {dagbag.py:540} INFO - Filling up the DagBag from /opt/airflow/dags/first_practice_dag.py
[2024-04-05T03:30:14.132+0000] {processor.py:840} INFO - DAG(s) 'first_practice_dag' retrieved from /opt/airflow/dags/first_practice_dag.py
[2024-04-05T03:30:14.190+0000] {logging_mixin.py:188} INFO - [2024-04-05T03:30:14.189+0000] {dag.py:3047} INFO - Sync 1 DAGs
[2024-04-05T03:30:14.230+0000] {logging_mixin.py:188} INFO - [2024-04-05T03:30:14.230+0000] {dag.py:3834} INFO - Setting next_dagrun for first_practice_dag to 2024-04-04 00:00:00+00:00, run_after=2024-04-05 00:00:00+00:00
[2024-04-05T03:30:14.262+0000] {processor.py:183} INFO - Processing /opt/airflow/dags/first_practice_dag.py took 0.187 seconds
[2024-04-05T03:30:44.631+0000] {processor.py:161} INFO - Started process (PID=2414) to work on /opt/airflow/dags/first_practice_dag.py
[2024-04-05T03:30:44.632+0000] {processor.py:830} INFO - Processing file /opt/airflow/dags/first_practice_dag.py for tasks to queue
[2024-04-05T03:30:44.633+0000] {logging_mixin.py:188} INFO - [2024-04-05T03:30:44.633+0000] {dagbag.py:540} INFO - Filling up the DagBag from /opt/airflow/dags/first_practice_dag.py
[2024-04-05T03:30:44.662+0000] {processor.py:840} INFO - DAG(s) 'first_practice_dag' retrieved from /opt/airflow/dags/first_practice_dag.py
[2024-04-05T03:30:44.706+0000] {logging_mixin.py:188} INFO - [2024-04-05T03:30:44.706+0000] {dag.py:3047} INFO - Sync 1 DAGs
[2024-04-05T03:30:44.755+0000] {logging_mixin.py:188} INFO - [2024-04-05T03:30:44.754+0000] {dag.py:3834} INFO - Setting next_dagrun for first_practice_dag to 2024-04-04 00:00:00+00:00, run_after=2024-04-05 00:00:00+00:00
[2024-04-05T03:30:44.804+0000] {processor.py:183} INFO - Processing /opt/airflow/dags/first_practice_dag.py took 0.179 seconds
[2024-04-05T03:31:15.368+0000] {processor.py:161} INFO - Started process (PID=2465) to work on /opt/airflow/dags/first_practice_dag.py
[2024-04-05T03:31:15.369+0000] {processor.py:830} INFO - Processing file /opt/airflow/dags/first_practice_dag.py for tasks to queue
[2024-04-05T03:31:15.371+0000] {logging_mixin.py:188} INFO - [2024-04-05T03:31:15.371+0000] {dagbag.py:540} INFO - Filling up the DagBag from /opt/airflow/dags/first_practice_dag.py
[2024-04-05T03:31:15.411+0000] {processor.py:840} INFO - DAG(s) 'first_practice_dag' retrieved from /opt/airflow/dags/first_practice_dag.py
[2024-04-05T03:31:15.461+0000] {logging_mixin.py:188} INFO - [2024-04-05T03:31:15.461+0000] {dag.py:3047} INFO - Sync 1 DAGs
[2024-04-05T03:31:15.501+0000] {logging_mixin.py:188} INFO - [2024-04-05T03:31:15.501+0000] {dag.py:3834} INFO - Setting next_dagrun for first_practice_dag to 2024-04-04 00:00:00+00:00, run_after=2024-04-05 00:00:00+00:00
[2024-04-05T03:31:15.549+0000] {processor.py:183} INFO - Processing /opt/airflow/dags/first_practice_dag.py took 0.189 seconds
[2024-04-05T03:31:45.993+0000] {processor.py:161} INFO - Started process (PID=2511) to work on /opt/airflow/dags/first_practice_dag.py
[2024-04-05T03:31:45.994+0000] {processor.py:830} INFO - Processing file /opt/airflow/dags/first_practice_dag.py for tasks to queue
[2024-04-05T03:31:45.996+0000] {logging_mixin.py:188} INFO - [2024-04-05T03:31:45.995+0000] {dagbag.py:540} INFO - Filling up the DagBag from /opt/airflow/dags/first_practice_dag.py
[2024-04-05T03:31:46.044+0000] {processor.py:840} INFO - DAG(s) 'first_practice_dag' retrieved from /opt/airflow/dags/first_practice_dag.py
[2024-04-05T03:31:46.097+0000] {logging_mixin.py:188} INFO - [2024-04-05T03:31:46.096+0000] {dag.py:3047} INFO - Sync 1 DAGs
[2024-04-05T03:31:46.153+0000] {logging_mixin.py:188} INFO - [2024-04-05T03:31:46.153+0000] {dag.py:3834} INFO - Setting next_dagrun for first_practice_dag to 2024-04-04 00:00:00+00:00, run_after=2024-04-05 00:00:00+00:00
[2024-04-05T03:31:46.202+0000] {processor.py:183} INFO - Processing /opt/airflow/dags/first_practice_dag.py took 0.216 seconds
[2024-04-05T03:32:30.047+0000] {processor.py:161} INFO - Started process (PID=172) to work on /opt/airflow/dags/first_practice_dag.py
[2024-04-05T03:32:30.053+0000] {processor.py:830} INFO - Processing file /opt/airflow/dags/first_practice_dag.py for tasks to queue
[2024-04-05T03:32:30.054+0000] {logging_mixin.py:188} INFO - [2024-04-05T03:32:30.054+0000] {dagbag.py:540} INFO - Filling up the DagBag from /opt/airflow/dags/first_practice_dag.py
[2024-04-05T03:32:30.107+0000] {processor.py:840} INFO - DAG(s) 'first_practice_dag' retrieved from /opt/airflow/dags/first_practice_dag.py
[2024-04-05T03:32:30.226+0000] {logging_mixin.py:188} INFO - [2024-04-05T03:32:30.225+0000] {dag.py:3047} INFO - Sync 1 DAGs
[2024-04-05T03:32:30.284+0000] {logging_mixin.py:188} INFO - [2024-04-05T03:32:30.284+0000] {dag.py:3834} INFO - Setting next_dagrun for first_practice_dag to 2024-04-04 00:00:00+00:00, run_after=2024-04-05 00:00:00+00:00
[2024-04-05T03:32:30.346+0000] {processor.py:183} INFO - Processing /opt/airflow/dags/first_practice_dag.py took 0.307 seconds
[2024-04-05T03:33:00.734+0000] {processor.py:161} INFO - Started process (PID=218) to work on /opt/airflow/dags/first_practice_dag.py
[2024-04-05T03:33:00.735+0000] {processor.py:830} INFO - Processing file /opt/airflow/dags/first_practice_dag.py for tasks to queue
[2024-04-05T03:33:00.736+0000] {logging_mixin.py:188} INFO - [2024-04-05T03:33:00.736+0000] {dagbag.py:540} INFO - Filling up the DagBag from /opt/airflow/dags/first_practice_dag.py
[2024-04-05T03:33:00.766+0000] {processor.py:840} INFO - DAG(s) 'first_practice_dag' retrieved from /opt/airflow/dags/first_practice_dag.py
[2024-04-05T03:33:00.828+0000] {logging_mixin.py:188} INFO - [2024-04-05T03:33:00.828+0000] {dag.py:3047} INFO - Sync 1 DAGs
[2024-04-05T03:33:00.875+0000] {logging_mixin.py:188} INFO - [2024-04-05T03:33:00.874+0000] {dag.py:3834} INFO - Setting next_dagrun for first_practice_dag to 2024-04-04 00:00:00+00:00, run_after=2024-04-05 00:00:00+00:00
[2024-04-05T03:33:00.924+0000] {processor.py:183} INFO - Processing /opt/airflow/dags/first_practice_dag.py took 0.196 seconds
[2024-04-05T03:33:31.594+0000] {processor.py:161} INFO - Started process (PID=264) to work on /opt/airflow/dags/first_practice_dag.py
[2024-04-05T03:33:31.595+0000] {processor.py:830} INFO - Processing file /opt/airflow/dags/first_practice_dag.py for tasks to queue
[2024-04-05T03:33:31.597+0000] {logging_mixin.py:188} INFO - [2024-04-05T03:33:31.596+0000] {dagbag.py:540} INFO - Filling up the DagBag from /opt/airflow/dags/first_practice_dag.py
[2024-04-05T03:33:31.643+0000] {processor.py:840} INFO - DAG(s) 'first_practice_dag' retrieved from /opt/airflow/dags/first_practice_dag.py
[2024-04-05T03:33:31.712+0000] {logging_mixin.py:188} INFO - [2024-04-05T03:33:31.712+0000] {dag.py:3047} INFO - Sync 1 DAGs
[2024-04-05T03:33:31.766+0000] {logging_mixin.py:188} INFO - [2024-04-05T03:33:31.766+0000] {dag.py:3834} INFO - Setting next_dagrun for first_practice_dag to 2024-04-04 00:00:00+00:00, run_after=2024-04-05 00:00:00+00:00
[2024-04-05T03:33:31.824+0000] {processor.py:183} INFO - Processing /opt/airflow/dags/first_practice_dag.py took 0.239 seconds
[2024-04-05T03:34:02.568+0000] {processor.py:161} INFO - Started process (PID=319) to work on /opt/airflow/dags/first_practice_dag.py
[2024-04-05T03:34:02.569+0000] {processor.py:830} INFO - Processing file /opt/airflow/dags/first_practice_dag.py for tasks to queue
[2024-04-05T03:34:02.575+0000] {logging_mixin.py:188} INFO - [2024-04-05T03:34:02.574+0000] {dagbag.py:540} INFO - Filling up the DagBag from /opt/airflow/dags/first_practice_dag.py
[2024-04-05T03:34:02.606+0000] {processor.py:840} INFO - DAG(s) 'first_practice_dag' retrieved from /opt/airflow/dags/first_practice_dag.py
[2024-04-05T03:34:02.658+0000] {logging_mixin.py:188} INFO - [2024-04-05T03:34:02.658+0000] {dag.py:3047} INFO - Sync 1 DAGs
[2024-04-05T03:34:02.708+0000] {logging_mixin.py:188} INFO - [2024-04-05T03:34:02.708+0000] {dag.py:3834} INFO - Setting next_dagrun for first_practice_dag to 2024-04-04 00:00:00+00:00, run_after=2024-04-05 00:00:00+00:00
[2024-04-05T03:34:02.747+0000] {processor.py:183} INFO - Processing /opt/airflow/dags/first_practice_dag.py took 0.182 seconds
[2024-04-05T03:34:33.243+0000] {processor.py:161} INFO - Started process (PID=367) to work on /opt/airflow/dags/first_practice_dag.py
[2024-04-05T03:34:33.245+0000] {processor.py:830} INFO - Processing file /opt/airflow/dags/first_practice_dag.py for tasks to queue
[2024-04-05T03:34:33.250+0000] {logging_mixin.py:188} INFO - [2024-04-05T03:34:33.250+0000] {dagbag.py:540} INFO - Filling up the DagBag from /opt/airflow/dags/first_practice_dag.py
[2024-04-05T03:34:33.314+0000] {processor.py:840} INFO - DAG(s) 'first_practice_dag' retrieved from /opt/airflow/dags/first_practice_dag.py
[2024-04-05T03:34:33.382+0000] {logging_mixin.py:188} INFO - [2024-04-05T03:34:33.382+0000] {dag.py:3047} INFO - Sync 1 DAGs
[2024-04-05T03:34:33.451+0000] {logging_mixin.py:188} INFO - [2024-04-05T03:34:33.451+0000] {dag.py:3834} INFO - Setting next_dagrun for first_practice_dag to 2024-04-04 00:00:00+00:00, run_after=2024-04-05 00:00:00+00:00
[2024-04-05T03:34:33.515+0000] {processor.py:183} INFO - Processing /opt/airflow/dags/first_practice_dag.py took 0.280 seconds
[2024-04-05T03:35:03.924+0000] {processor.py:161} INFO - Started process (PID=419) to work on /opt/airflow/dags/first_practice_dag.py
[2024-04-05T03:35:03.933+0000] {processor.py:830} INFO - Processing file /opt/airflow/dags/first_practice_dag.py for tasks to queue
[2024-04-05T03:35:03.935+0000] {logging_mixin.py:188} INFO - [2024-04-05T03:35:03.935+0000] {dagbag.py:540} INFO - Filling up the DagBag from /opt/airflow/dags/first_practice_dag.py
[2024-04-05T03:35:03.989+0000] {processor.py:840} INFO - DAG(s) 'first_practice_dag' retrieved from /opt/airflow/dags/first_practice_dag.py
[2024-04-05T03:35:04.057+0000] {logging_mixin.py:188} INFO - [2024-04-05T03:35:04.056+0000] {dag.py:3047} INFO - Sync 1 DAGs
[2024-04-05T03:35:04.144+0000] {logging_mixin.py:188} INFO - [2024-04-05T03:35:04.139+0000] {dag.py:3834} INFO - Setting next_dagrun for first_practice_dag to 2024-04-04 00:00:00+00:00, run_after=2024-04-05 00:00:00+00:00
[2024-04-05T03:35:04.215+0000] {processor.py:183} INFO - Processing /opt/airflow/dags/first_practice_dag.py took 0.299 seconds
[2024-04-05T03:35:34.548+0000] {processor.py:161} INFO - Started process (PID=463) to work on /opt/airflow/dags/first_practice_dag.py
[2024-04-05T03:35:34.550+0000] {processor.py:830} INFO - Processing file /opt/airflow/dags/first_practice_dag.py for tasks to queue
[2024-04-05T03:35:34.551+0000] {logging_mixin.py:188} INFO - [2024-04-05T03:35:34.551+0000] {dagbag.py:540} INFO - Filling up the DagBag from /opt/airflow/dags/first_practice_dag.py
[2024-04-05T03:35:34.591+0000] {processor.py:840} INFO - DAG(s) 'first_practice_dag' retrieved from /opt/airflow/dags/first_practice_dag.py
[2024-04-05T03:35:34.641+0000] {logging_mixin.py:188} INFO - [2024-04-05T03:35:34.641+0000] {dag.py:3047} INFO - Sync 1 DAGs
[2024-04-05T03:35:34.692+0000] {logging_mixin.py:188} INFO - [2024-04-05T03:35:34.691+0000] {dag.py:3834} INFO - Setting next_dagrun for first_practice_dag to 2024-04-04 00:00:00+00:00, run_after=2024-04-05 00:00:00+00:00
[2024-04-05T03:35:34.731+0000] {processor.py:183} INFO - Processing /opt/airflow/dags/first_practice_dag.py took 0.192 seconds
[2024-04-05T03:36:05.657+0000] {processor.py:161} INFO - Started process (PID=509) to work on /opt/airflow/dags/first_practice_dag.py
[2024-04-05T03:36:05.658+0000] {processor.py:830} INFO - Processing file /opt/airflow/dags/first_practice_dag.py for tasks to queue
[2024-04-05T03:36:05.663+0000] {logging_mixin.py:188} INFO - [2024-04-05T03:36:05.663+0000] {dagbag.py:540} INFO - Filling up the DagBag from /opt/airflow/dags/first_practice_dag.py
[2024-04-05T03:36:05.703+0000] {processor.py:840} INFO - DAG(s) 'first_practice_dag' retrieved from /opt/airflow/dags/first_practice_dag.py
[2024-04-05T03:36:05.747+0000] {logging_mixin.py:188} INFO - [2024-04-05T03:36:05.747+0000] {dag.py:3047} INFO - Sync 1 DAGs
[2024-04-05T03:36:05.793+0000] {logging_mixin.py:188} INFO - [2024-04-05T03:36:05.792+0000] {dag.py:3834} INFO - Setting next_dagrun for first_practice_dag to 2024-04-04 00:00:00+00:00, run_after=2024-04-05 00:00:00+00:00
[2024-04-05T03:36:05.837+0000] {processor.py:183} INFO - Processing /opt/airflow/dags/first_practice_dag.py took 0.184 seconds
[2024-04-05T03:36:36.777+0000] {processor.py:161} INFO - Started process (PID=557) to work on /opt/airflow/dags/first_practice_dag.py
[2024-04-05T03:36:36.778+0000] {processor.py:830} INFO - Processing file /opt/airflow/dags/first_practice_dag.py for tasks to queue
[2024-04-05T03:36:36.780+0000] {logging_mixin.py:188} INFO - [2024-04-05T03:36:36.779+0000] {dagbag.py:540} INFO - Filling up the DagBag from /opt/airflow/dags/first_practice_dag.py
[2024-04-05T03:36:36.831+0000] {processor.py:840} INFO - DAG(s) 'first_practice_dag' retrieved from /opt/airflow/dags/first_practice_dag.py
[2024-04-05T03:36:36.882+0000] {logging_mixin.py:188} INFO - [2024-04-05T03:36:36.882+0000] {dag.py:3047} INFO - Sync 1 DAGs
[2024-04-05T03:36:36.931+0000] {logging_mixin.py:188} INFO - [2024-04-05T03:36:36.931+0000] {dag.py:3834} INFO - Setting next_dagrun for first_practice_dag to 2024-04-04 00:00:00+00:00, run_after=2024-04-05 00:00:00+00:00
[2024-04-05T03:36:36.982+0000] {processor.py:183} INFO - Processing /opt/airflow/dags/first_practice_dag.py took 0.212 seconds
[2024-04-05T03:37:07.384+0000] {processor.py:161} INFO - Started process (PID=603) to work on /opt/airflow/dags/first_practice_dag.py
[2024-04-05T03:37:07.387+0000] {processor.py:830} INFO - Processing file /opt/airflow/dags/first_practice_dag.py for tasks to queue
[2024-04-05T03:37:07.393+0000] {logging_mixin.py:188} INFO - [2024-04-05T03:37:07.388+0000] {dagbag.py:540} INFO - Filling up the DagBag from /opt/airflow/dags/first_practice_dag.py
[2024-04-05T03:37:07.447+0000] {processor.py:840} INFO - DAG(s) 'first_practice_dag' retrieved from /opt/airflow/dags/first_practice_dag.py
[2024-04-05T03:37:07.526+0000] {logging_mixin.py:188} INFO - [2024-04-05T03:37:07.525+0000] {dag.py:3047} INFO - Sync 1 DAGs
[2024-04-05T03:37:07.597+0000] {logging_mixin.py:188} INFO - [2024-04-05T03:37:07.596+0000] {dag.py:3834} INFO - Setting next_dagrun for first_practice_dag to 2024-04-04 00:00:00+00:00, run_after=2024-04-05 00:00:00+00:00
[2024-04-05T03:37:07.647+0000] {processor.py:183} INFO - Processing /opt/airflow/dags/first_practice_dag.py took 0.272 seconds
[2024-04-05T03:37:38.650+0000] {processor.py:161} INFO - Started process (PID=649) to work on /opt/airflow/dags/first_practice_dag.py
[2024-04-05T03:37:38.651+0000] {processor.py:830} INFO - Processing file /opt/airflow/dags/first_practice_dag.py for tasks to queue
[2024-04-05T03:37:38.653+0000] {logging_mixin.py:188} INFO - [2024-04-05T03:37:38.652+0000] {dagbag.py:540} INFO - Filling up the DagBag from /opt/airflow/dags/first_practice_dag.py
[2024-04-05T03:37:38.700+0000] {processor.py:840} INFO - DAG(s) 'first_practice_dag' retrieved from /opt/airflow/dags/first_practice_dag.py
[2024-04-05T03:37:38.752+0000] {logging_mixin.py:188} INFO - [2024-04-05T03:37:38.751+0000] {dag.py:3047} INFO - Sync 1 DAGs
[2024-04-05T03:37:38.823+0000] {logging_mixin.py:188} INFO - [2024-04-05T03:37:38.822+0000] {dag.py:3834} INFO - Setting next_dagrun for first_practice_dag to 2024-04-04 00:00:00+00:00, run_after=2024-04-05 00:00:00+00:00
[2024-04-05T03:37:38.894+0000] {processor.py:183} INFO - Processing /opt/airflow/dags/first_practice_dag.py took 0.254 seconds
[2024-04-05T03:38:09.293+0000] {processor.py:161} INFO - Started process (PID=695) to work on /opt/airflow/dags/first_practice_dag.py
[2024-04-05T03:38:09.295+0000] {processor.py:830} INFO - Processing file /opt/airflow/dags/first_practice_dag.py for tasks to queue
[2024-04-05T03:38:09.297+0000] {logging_mixin.py:188} INFO - [2024-04-05T03:38:09.296+0000] {dagbag.py:540} INFO - Filling up the DagBag from /opt/airflow/dags/first_practice_dag.py
[2024-04-05T03:38:09.365+0000] {processor.py:840} INFO - DAG(s) 'first_practice_dag' retrieved from /opt/airflow/dags/first_practice_dag.py
[2024-04-05T03:38:09.454+0000] {logging_mixin.py:188} INFO - [2024-04-05T03:38:09.454+0000] {dag.py:3047} INFO - Sync 1 DAGs
[2024-04-05T03:38:09.538+0000] {logging_mixin.py:188} INFO - [2024-04-05T03:38:09.537+0000] {dag.py:3834} INFO - Setting next_dagrun for first_practice_dag to 2024-04-04 00:00:00+00:00, run_after=2024-04-05 00:00:00+00:00
[2024-04-05T03:38:09.585+0000] {processor.py:183} INFO - Processing /opt/airflow/dags/first_practice_dag.py took 0.302 seconds
[2024-04-05T03:38:39.923+0000] {processor.py:161} INFO - Started process (PID=741) to work on /opt/airflow/dags/first_practice_dag.py
[2024-04-05T03:38:39.925+0000] {processor.py:830} INFO - Processing file /opt/airflow/dags/first_practice_dag.py for tasks to queue
[2024-04-05T03:38:39.931+0000] {logging_mixin.py:188} INFO - [2024-04-05T03:38:39.931+0000] {dagbag.py:540} INFO - Filling up the DagBag from /opt/airflow/dags/first_practice_dag.py
[2024-04-05T03:38:40.052+0000] {processor.py:840} INFO - DAG(s) 'first_practice_dag' retrieved from /opt/airflow/dags/first_practice_dag.py
[2024-04-05T03:38:40.161+0000] {logging_mixin.py:188} INFO - [2024-04-05T03:38:40.156+0000] {dag.py:3047} INFO - Sync 1 DAGs
[2024-04-05T03:38:40.263+0000] {logging_mixin.py:188} INFO - [2024-04-05T03:38:40.262+0000] {dag.py:3834} INFO - Setting next_dagrun for first_practice_dag to 2024-04-04 00:00:00+00:00, run_after=2024-04-05 00:00:00+00:00
[2024-04-05T03:38:40.315+0000] {processor.py:183} INFO - Processing /opt/airflow/dags/first_practice_dag.py took 0.402 seconds
[2024-04-05T03:39:11.317+0000] {processor.py:161} INFO - Started process (PID=787) to work on /opt/airflow/dags/first_practice_dag.py
[2024-04-05T03:39:11.328+0000] {processor.py:830} INFO - Processing file /opt/airflow/dags/first_practice_dag.py for tasks to queue
[2024-04-05T03:39:11.339+0000] {logging_mixin.py:188} INFO - [2024-04-05T03:39:11.338+0000] {dagbag.py:540} INFO - Filling up the DagBag from /opt/airflow/dags/first_practice_dag.py
[2024-04-05T03:39:11.420+0000] {processor.py:840} INFO - DAG(s) 'first_practice_dag' retrieved from /opt/airflow/dags/first_practice_dag.py
[2024-04-05T03:39:11.501+0000] {logging_mixin.py:188} INFO - [2024-04-05T03:39:11.501+0000] {dag.py:3047} INFO - Sync 1 DAGs
[2024-04-05T03:39:11.652+0000] {logging_mixin.py:188} INFO - [2024-04-05T03:39:11.651+0000] {dag.py:3834} INFO - Setting next_dagrun for first_practice_dag to 2024-04-04 00:00:00+00:00, run_after=2024-04-05 00:00:00+00:00
[2024-04-05T03:39:11.749+0000] {processor.py:183} INFO - Processing /opt/airflow/dags/first_practice_dag.py took 0.447 seconds
[2024-04-05T03:40:09.320+0000] {processor.py:161} INFO - Started process (PID=178) to work on /opt/airflow/dags/first_practice_dag.py
[2024-04-05T03:40:09.322+0000] {processor.py:830} INFO - Processing file /opt/airflow/dags/first_practice_dag.py for tasks to queue
[2024-04-05T03:40:09.329+0000] {logging_mixin.py:188} INFO - [2024-04-05T03:40:09.324+0000] {dagbag.py:540} INFO - Filling up the DagBag from /opt/airflow/dags/first_practice_dag.py
[2024-04-05T03:40:09.403+0000] {processor.py:840} INFO - DAG(s) 'first_practice_dag' retrieved from /opt/airflow/dags/first_practice_dag.py
[2024-04-05T03:40:09.571+0000] {logging_mixin.py:188} INFO - [2024-04-05T03:40:09.571+0000] {dag.py:3047} INFO - Sync 1 DAGs
[2024-04-05T03:40:09.652+0000] {logging_mixin.py:188} INFO - [2024-04-05T03:40:09.651+0000] {dag.py:3834} INFO - Setting next_dagrun for first_practice_dag to 2024-04-04 00:00:00+00:00, run_after=2024-04-05 00:00:00+00:00
[2024-04-05T03:40:09.720+0000] {processor.py:183} INFO - Processing /opt/airflow/dags/first_practice_dag.py took 0.409 seconds
[2024-04-05T03:40:40.590+0000] {processor.py:161} INFO - Started process (PID=224) to work on /opt/airflow/dags/first_practice_dag.py
[2024-04-05T03:40:40.598+0000] {processor.py:830} INFO - Processing file /opt/airflow/dags/first_practice_dag.py for tasks to queue
[2024-04-05T03:40:40.601+0000] {logging_mixin.py:188} INFO - [2024-04-05T03:40:40.600+0000] {dagbag.py:540} INFO - Filling up the DagBag from /opt/airflow/dags/first_practice_dag.py
[2024-04-05T03:40:40.912+0000] {processor.py:840} INFO - DAG(s) 'first_practice_dag' retrieved from /opt/airflow/dags/first_practice_dag.py
[2024-04-05T03:40:41.258+0000] {logging_mixin.py:188} INFO - [2024-04-05T03:40:41.252+0000] {dag.py:3047} INFO - Sync 1 DAGs
[2024-04-05T03:40:41.902+0000] {logging_mixin.py:188} INFO - [2024-04-05T03:40:41.902+0000] {dag.py:3834} INFO - Setting next_dagrun for first_practice_dag to 2024-04-04 00:00:00+00:00, run_after=2024-04-05 00:00:00+00:00
[2024-04-05T03:40:42.120+0000] {processor.py:183} INFO - Processing /opt/airflow/dags/first_practice_dag.py took 1.569 seconds
[2024-04-05T03:41:12.801+0000] {processor.py:161} INFO - Started process (PID=270) to work on /opt/airflow/dags/first_practice_dag.py
[2024-04-05T03:41:12.810+0000] {processor.py:830} INFO - Processing file /opt/airflow/dags/first_practice_dag.py for tasks to queue
[2024-04-05T03:41:12.819+0000] {logging_mixin.py:188} INFO - [2024-04-05T03:41:12.819+0000] {dagbag.py:540} INFO - Filling up the DagBag from /opt/airflow/dags/first_practice_dag.py
[2024-04-05T03:41:13.009+0000] {processor.py:840} INFO - DAG(s) 'first_practice_dag' retrieved from /opt/airflow/dags/first_practice_dag.py
[2024-04-05T03:41:13.220+0000] {logging_mixin.py:188} INFO - [2024-04-05T03:41:13.219+0000] {dag.py:3047} INFO - Sync 1 DAGs
[2024-04-05T03:41:13.478+0000] {logging_mixin.py:188} INFO - [2024-04-05T03:41:13.471+0000] {dag.py:3834} INFO - Setting next_dagrun for first_practice_dag to 2024-04-04 00:00:00+00:00, run_after=2024-04-05 00:00:00+00:00
[2024-04-05T03:41:13.682+0000] {processor.py:183} INFO - Processing /opt/airflow/dags/first_practice_dag.py took 0.902 seconds
[2024-04-05T03:41:44.656+0000] {processor.py:161} INFO - Started process (PID=315) to work on /opt/airflow/dags/first_practice_dag.py
[2024-04-05T03:41:44.663+0000] {processor.py:830} INFO - Processing file /opt/airflow/dags/first_practice_dag.py for tasks to queue
[2024-04-05T03:41:44.665+0000] {logging_mixin.py:188} INFO - [2024-04-05T03:41:44.664+0000] {dagbag.py:540} INFO - Filling up the DagBag from /opt/airflow/dags/first_practice_dag.py
[2024-04-05T03:41:44.734+0000] {processor.py:840} INFO - DAG(s) 'first_practice_dag' retrieved from /opt/airflow/dags/first_practice_dag.py
[2024-04-05T03:41:44.816+0000] {logging_mixin.py:188} INFO - [2024-04-05T03:41:44.816+0000] {dag.py:3047} INFO - Sync 1 DAGs
[2024-04-05T03:41:44.945+0000] {logging_mixin.py:188} INFO - [2024-04-05T03:41:44.945+0000] {dag.py:3834} INFO - Setting next_dagrun for first_practice_dag to 2024-04-04 00:00:00+00:00, run_after=2024-04-05 00:00:00+00:00
[2024-04-05T03:41:45.123+0000] {processor.py:183} INFO - Processing /opt/airflow/dags/first_practice_dag.py took 0.477 seconds
[2024-04-05T03:42:15.664+0000] {processor.py:161} INFO - Started process (PID=372) to work on /opt/airflow/dags/first_practice_dag.py
[2024-04-05T03:42:15.671+0000] {processor.py:830} INFO - Processing file /opt/airflow/dags/first_practice_dag.py for tasks to queue
[2024-04-05T03:42:15.673+0000] {logging_mixin.py:188} INFO - [2024-04-05T03:42:15.673+0000] {dagbag.py:540} INFO - Filling up the DagBag from /opt/airflow/dags/first_practice_dag.py
[2024-04-05T03:42:15.784+0000] {processor.py:840} INFO - DAG(s) 'first_practice_dag' retrieved from /opt/airflow/dags/first_practice_dag.py
[2024-04-05T03:42:15.881+0000] {logging_mixin.py:188} INFO - [2024-04-05T03:42:15.876+0000] {dag.py:3047} INFO - Sync 1 DAGs
[2024-04-05T03:42:15.955+0000] {logging_mixin.py:188} INFO - [2024-04-05T03:42:15.954+0000] {dag.py:3834} INFO - Setting next_dagrun for first_practice_dag to 2024-04-04 00:00:00+00:00, run_after=2024-04-05 00:00:00+00:00
[2024-04-05T03:42:16.162+0000] {processor.py:183} INFO - Processing /opt/airflow/dags/first_practice_dag.py took 0.510 seconds
[2024-04-05T03:42:46.431+0000] {processor.py:161} INFO - Started process (PID=418) to work on /opt/airflow/dags/first_practice_dag.py
[2024-04-05T03:42:46.433+0000] {processor.py:830} INFO - Processing file /opt/airflow/dags/first_practice_dag.py for tasks to queue
[2024-04-05T03:42:46.439+0000] {logging_mixin.py:188} INFO - [2024-04-05T03:42:46.439+0000] {dagbag.py:540} INFO - Filling up the DagBag from /opt/airflow/dags/first_practice_dag.py
[2024-04-05T03:42:46.502+0000] {processor.py:840} INFO - DAG(s) 'first_practice_dag' retrieved from /opt/airflow/dags/first_practice_dag.py
[2024-04-05T03:42:46.582+0000] {logging_mixin.py:188} INFO - [2024-04-05T03:42:46.582+0000] {dag.py:3047} INFO - Sync 1 DAGs
[2024-04-05T03:42:46.654+0000] {logging_mixin.py:188} INFO - [2024-04-05T03:42:46.653+0000] {dag.py:3834} INFO - Setting next_dagrun for first_practice_dag to 2024-04-04 00:00:00+00:00, run_after=2024-04-05 00:00:00+00:00
[2024-04-05T03:42:46.733+0000] {processor.py:183} INFO - Processing /opt/airflow/dags/first_practice_dag.py took 0.313 seconds
