[2024-04-05T03:03:18.696+0000] {processor.py:161} INFO - Started process (PID=197) to work on /opt/airflow/dags/our_first_dag.py
[2024-04-05T03:03:18.698+0000] {processor.py:830} INFO - Processing file /opt/airflow/dags/our_first_dag.py for tasks to queue
[2024-04-05T03:03:18.699+0000] {logging_mixin.py:188} INFO - [2024-04-05T03:03:18.698+0000] {dagbag.py:540} INFO - Filling up the DagBag from /opt/airflow/dags/our_first_dag.py
[2024-04-05T03:03:18.727+0000] {processor.py:840} INFO - DAG(s) 'our_first_dag_v3' retrieved from /opt/airflow/dags/our_first_dag.py
[2024-04-05T03:03:18.899+0000] {logging_mixin.py:188} INFO - [2024-04-05T03:03:18.899+0000] {dag.py:3047} INFO - Sync 1 DAGs
[2024-04-05T03:03:18.928+0000] {logging_mixin.py:188} INFO - [2024-04-05T03:03:18.928+0000] {dag.py:3834} INFO - Setting next_dagrun for our_first_dag_v3 to 2024-04-03 00:00:00+00:00, run_after=2024-04-04 00:00:00+00:00
[2024-04-05T03:03:18.953+0000] {processor.py:183} INFO - Processing /opt/airflow/dags/our_first_dag.py took 0.263 seconds
[2024-04-05T03:03:49.526+0000] {processor.py:161} INFO - Started process (PID=240) to work on /opt/airflow/dags/our_first_dag.py
[2024-04-05T03:03:49.527+0000] {processor.py:830} INFO - Processing file /opt/airflow/dags/our_first_dag.py for tasks to queue
[2024-04-05T03:03:49.528+0000] {logging_mixin.py:188} INFO - [2024-04-05T03:03:49.528+0000] {dagbag.py:540} INFO - Filling up the DagBag from /opt/airflow/dags/our_first_dag.py
[2024-04-05T03:03:49.551+0000] {processor.py:840} INFO - DAG(s) 'our_first_dag_v3' retrieved from /opt/airflow/dags/our_first_dag.py
[2024-04-05T03:03:49.586+0000] {logging_mixin.py:188} INFO - [2024-04-05T03:03:49.586+0000] {dag.py:3047} INFO - Sync 1 DAGs
[2024-04-05T03:03:49.615+0000] {logging_mixin.py:188} INFO - [2024-04-05T03:03:49.614+0000] {dag.py:3834} INFO - Setting next_dagrun for our_first_dag_v3 to 2024-04-03 00:00:00+00:00, run_after=2024-04-04 00:00:00+00:00
[2024-04-05T03:03:49.648+0000] {processor.py:183} INFO - Processing /opt/airflow/dags/our_first_dag.py took 0.126 seconds
[2024-04-05T03:04:19.852+0000] {processor.py:161} INFO - Started process (PID=281) to work on /opt/airflow/dags/our_first_dag.py
[2024-04-05T03:04:19.853+0000] {processor.py:830} INFO - Processing file /opt/airflow/dags/our_first_dag.py for tasks to queue
[2024-04-05T03:04:19.854+0000] {logging_mixin.py:188} INFO - [2024-04-05T03:04:19.854+0000] {dagbag.py:540} INFO - Filling up the DagBag from /opt/airflow/dags/our_first_dag.py
[2024-04-05T03:04:19.874+0000] {processor.py:840} INFO - DAG(s) 'our_first_dag_v3' retrieved from /opt/airflow/dags/our_first_dag.py
[2024-04-05T03:04:19.902+0000] {logging_mixin.py:188} INFO - [2024-04-05T03:04:19.901+0000] {dag.py:3047} INFO - Sync 1 DAGs
[2024-04-05T03:04:19.928+0000] {logging_mixin.py:188} INFO - [2024-04-05T03:04:19.928+0000] {dag.py:3834} INFO - Setting next_dagrun for our_first_dag_v3 to 2024-04-03 00:00:00+00:00, run_after=2024-04-04 00:00:00+00:00
[2024-04-05T03:04:19.965+0000] {processor.py:183} INFO - Processing /opt/airflow/dags/our_first_dag.py took 0.116 seconds
[2024-04-05T03:04:50.146+0000] {processor.py:161} INFO - Started process (PID=322) to work on /opt/airflow/dags/our_first_dag.py
[2024-04-05T03:04:50.147+0000] {processor.py:830} INFO - Processing file /opt/airflow/dags/our_first_dag.py for tasks to queue
[2024-04-05T03:04:50.148+0000] {logging_mixin.py:188} INFO - [2024-04-05T03:04:50.148+0000] {dagbag.py:540} INFO - Filling up the DagBag from /opt/airflow/dags/our_first_dag.py
[2024-04-05T03:04:50.166+0000] {processor.py:840} INFO - DAG(s) 'our_first_dag_v3' retrieved from /opt/airflow/dags/our_first_dag.py
[2024-04-05T03:04:50.194+0000] {logging_mixin.py:188} INFO - [2024-04-05T03:04:50.194+0000] {dag.py:3047} INFO - Sync 1 DAGs
[2024-04-05T03:04:50.218+0000] {logging_mixin.py:188} INFO - [2024-04-05T03:04:50.218+0000] {dag.py:3834} INFO - Setting next_dagrun for our_first_dag_v3 to 2024-04-03 00:00:00+00:00, run_after=2024-04-04 00:00:00+00:00
[2024-04-05T03:04:50.254+0000] {processor.py:183} INFO - Processing /opt/airflow/dags/our_first_dag.py took 0.110 seconds
[2024-04-05T03:05:20.362+0000] {processor.py:161} INFO - Started process (PID=363) to work on /opt/airflow/dags/our_first_dag.py
[2024-04-05T03:05:20.363+0000] {processor.py:830} INFO - Processing file /opt/airflow/dags/our_first_dag.py for tasks to queue
[2024-04-05T03:05:20.364+0000] {logging_mixin.py:188} INFO - [2024-04-05T03:05:20.364+0000] {dagbag.py:540} INFO - Filling up the DagBag from /opt/airflow/dags/our_first_dag.py
[2024-04-05T03:05:20.382+0000] {processor.py:840} INFO - DAG(s) 'our_first_dag_v3' retrieved from /opt/airflow/dags/our_first_dag.py
[2024-04-05T03:05:20.408+0000] {logging_mixin.py:188} INFO - [2024-04-05T03:05:20.407+0000] {dag.py:3047} INFO - Sync 1 DAGs
[2024-04-05T03:05:20.438+0000] {logging_mixin.py:188} INFO - [2024-04-05T03:05:20.438+0000] {dag.py:3834} INFO - Setting next_dagrun for our_first_dag_v3 to 2024-04-03 00:00:00+00:00, run_after=2024-04-04 00:00:00+00:00
[2024-04-05T03:05:20.469+0000] {processor.py:183} INFO - Processing /opt/airflow/dags/our_first_dag.py took 0.110 seconds
[2024-04-05T03:05:50.548+0000] {processor.py:161} INFO - Started process (PID=404) to work on /opt/airflow/dags/our_first_dag.py
[2024-04-05T03:05:50.549+0000] {processor.py:830} INFO - Processing file /opt/airflow/dags/our_first_dag.py for tasks to queue
[2024-04-05T03:05:50.550+0000] {logging_mixin.py:188} INFO - [2024-04-05T03:05:50.550+0000] {dagbag.py:540} INFO - Filling up the DagBag from /opt/airflow/dags/our_first_dag.py
[2024-04-05T03:05:50.568+0000] {processor.py:840} INFO - DAG(s) 'our_first_dag_v3' retrieved from /opt/airflow/dags/our_first_dag.py
[2024-04-05T03:05:50.594+0000] {logging_mixin.py:188} INFO - [2024-04-05T03:05:50.594+0000] {dag.py:3047} INFO - Sync 1 DAGs
[2024-04-05T03:05:50.618+0000] {logging_mixin.py:188} INFO - [2024-04-05T03:05:50.618+0000] {dag.py:3834} INFO - Setting next_dagrun for our_first_dag_v3 to 2024-04-03 00:00:00+00:00, run_after=2024-04-04 00:00:00+00:00
[2024-04-05T03:05:50.650+0000] {processor.py:183} INFO - Processing /opt/airflow/dags/our_first_dag.py took 0.105 seconds
[2024-04-05T03:06:20.797+0000] {processor.py:161} INFO - Started process (PID=445) to work on /opt/airflow/dags/our_first_dag.py
[2024-04-05T03:06:20.798+0000] {processor.py:830} INFO - Processing file /opt/airflow/dags/our_first_dag.py for tasks to queue
[2024-04-05T03:06:20.799+0000] {logging_mixin.py:188} INFO - [2024-04-05T03:06:20.799+0000] {dagbag.py:540} INFO - Filling up the DagBag from /opt/airflow/dags/our_first_dag.py
[2024-04-05T03:06:20.818+0000] {processor.py:840} INFO - DAG(s) 'our_first_dag_v3' retrieved from /opt/airflow/dags/our_first_dag.py
[2024-04-05T03:06:20.843+0000] {logging_mixin.py:188} INFO - [2024-04-05T03:06:20.843+0000] {dag.py:3047} INFO - Sync 1 DAGs
[2024-04-05T03:06:20.869+0000] {logging_mixin.py:188} INFO - [2024-04-05T03:06:20.869+0000] {dag.py:3834} INFO - Setting next_dagrun for our_first_dag_v3 to 2024-04-03 00:00:00+00:00, run_after=2024-04-04 00:00:00+00:00
[2024-04-05T03:06:20.894+0000] {processor.py:183} INFO - Processing /opt/airflow/dags/our_first_dag.py took 0.101 seconds
[2024-04-05T03:06:51.282+0000] {processor.py:161} INFO - Started process (PID=484) to work on /opt/airflow/dags/our_first_dag.py
[2024-04-05T03:06:51.284+0000] {processor.py:830} INFO - Processing file /opt/airflow/dags/our_first_dag.py for tasks to queue
[2024-04-05T03:06:51.286+0000] {logging_mixin.py:188} INFO - [2024-04-05T03:06:51.285+0000] {dagbag.py:540} INFO - Filling up the DagBag from /opt/airflow/dags/our_first_dag.py
[2024-04-05T03:06:51.323+0000] {processor.py:840} INFO - DAG(s) 'our_first_dag_v3' retrieved from /opt/airflow/dags/our_first_dag.py
[2024-04-05T03:06:51.372+0000] {logging_mixin.py:188} INFO - [2024-04-05T03:06:51.371+0000] {dag.py:3047} INFO - Sync 1 DAGs
[2024-04-05T03:06:51.430+0000] {logging_mixin.py:188} INFO - [2024-04-05T03:06:51.429+0000] {dag.py:3834} INFO - Setting next_dagrun for our_first_dag_v3 to 2024-04-03 00:00:00+00:00, run_after=2024-04-04 00:00:00+00:00
[2024-04-05T03:06:51.489+0000] {processor.py:183} INFO - Processing /opt/airflow/dags/our_first_dag.py took 0.214 seconds
[2024-04-05T03:07:21.694+0000] {processor.py:161} INFO - Started process (PID=527) to work on /opt/airflow/dags/our_first_dag.py
[2024-04-05T03:07:21.695+0000] {processor.py:830} INFO - Processing file /opt/airflow/dags/our_first_dag.py for tasks to queue
[2024-04-05T03:07:21.697+0000] {logging_mixin.py:188} INFO - [2024-04-05T03:07:21.696+0000] {dagbag.py:540} INFO - Filling up the DagBag from /opt/airflow/dags/our_first_dag.py
[2024-04-05T03:07:21.713+0000] {processor.py:840} INFO - DAG(s) 'our_first_dag_v3' retrieved from /opt/airflow/dags/our_first_dag.py
[2024-04-05T03:07:21.743+0000] {logging_mixin.py:188} INFO - [2024-04-05T03:07:21.743+0000] {dag.py:3047} INFO - Sync 1 DAGs
[2024-04-05T03:07:21.768+0000] {logging_mixin.py:188} INFO - [2024-04-05T03:07:21.768+0000] {dag.py:3834} INFO - Setting next_dagrun for our_first_dag_v3 to 2024-04-03 00:00:00+00:00, run_after=2024-04-04 00:00:00+00:00
[2024-04-05T03:07:21.804+0000] {processor.py:183} INFO - Processing /opt/airflow/dags/our_first_dag.py took 0.112 seconds
[2024-04-05T03:07:51.926+0000] {processor.py:161} INFO - Started process (PID=568) to work on /opt/airflow/dags/our_first_dag.py
[2024-04-05T03:07:51.927+0000] {processor.py:830} INFO - Processing file /opt/airflow/dags/our_first_dag.py for tasks to queue
[2024-04-05T03:07:51.929+0000] {logging_mixin.py:188} INFO - [2024-04-05T03:07:51.929+0000] {dagbag.py:540} INFO - Filling up the DagBag from /opt/airflow/dags/our_first_dag.py
[2024-04-05T03:07:51.947+0000] {processor.py:840} INFO - DAG(s) 'our_first_dag_v3' retrieved from /opt/airflow/dags/our_first_dag.py
[2024-04-05T03:07:51.973+0000] {logging_mixin.py:188} INFO - [2024-04-05T03:07:51.973+0000] {dag.py:3047} INFO - Sync 1 DAGs
[2024-04-05T03:07:52.004+0000] {logging_mixin.py:188} INFO - [2024-04-05T03:07:52.004+0000] {dag.py:3834} INFO - Setting next_dagrun for our_first_dag_v3 to 2024-04-03 00:00:00+00:00, run_after=2024-04-04 00:00:00+00:00
[2024-04-05T03:07:52.049+0000] {processor.py:183} INFO - Processing /opt/airflow/dags/our_first_dag.py took 0.125 seconds
[2024-04-05T03:08:22.178+0000] {processor.py:161} INFO - Started process (PID=609) to work on /opt/airflow/dags/our_first_dag.py
[2024-04-05T03:08:22.180+0000] {processor.py:830} INFO - Processing file /opt/airflow/dags/our_first_dag.py for tasks to queue
[2024-04-05T03:08:22.181+0000] {logging_mixin.py:188} INFO - [2024-04-05T03:08:22.181+0000] {dagbag.py:540} INFO - Filling up the DagBag from /opt/airflow/dags/our_first_dag.py
[2024-04-05T03:08:22.203+0000] {processor.py:840} INFO - DAG(s) 'our_first_dag_v3' retrieved from /opt/airflow/dags/our_first_dag.py
[2024-04-05T03:08:22.236+0000] {logging_mixin.py:188} INFO - [2024-04-05T03:08:22.236+0000] {dag.py:3047} INFO - Sync 1 DAGs
[2024-04-05T03:08:22.262+0000] {logging_mixin.py:188} INFO - [2024-04-05T03:08:22.261+0000] {dag.py:3834} INFO - Setting next_dagrun for our_first_dag_v3 to 2024-04-03 00:00:00+00:00, run_after=2024-04-04 00:00:00+00:00
[2024-04-05T03:08:22.295+0000] {processor.py:183} INFO - Processing /opt/airflow/dags/our_first_dag.py took 0.120 seconds
[2024-04-05T03:08:52.503+0000] {processor.py:161} INFO - Started process (PID=650) to work on /opt/airflow/dags/our_first_dag.py
[2024-04-05T03:08:52.504+0000] {processor.py:830} INFO - Processing file /opt/airflow/dags/our_first_dag.py for tasks to queue
[2024-04-05T03:08:52.505+0000] {logging_mixin.py:188} INFO - [2024-04-05T03:08:52.505+0000] {dagbag.py:540} INFO - Filling up the DagBag from /opt/airflow/dags/our_first_dag.py
[2024-04-05T03:08:52.526+0000] {processor.py:840} INFO - DAG(s) 'our_first_dag_v3' retrieved from /opt/airflow/dags/our_first_dag.py
[2024-04-05T03:08:52.556+0000] {logging_mixin.py:188} INFO - [2024-04-05T03:08:52.555+0000] {dag.py:3047} INFO - Sync 1 DAGs
[2024-04-05T03:08:52.583+0000] {logging_mixin.py:188} INFO - [2024-04-05T03:08:52.583+0000] {dag.py:3834} INFO - Setting next_dagrun for our_first_dag_v3 to 2024-04-03 00:00:00+00:00, run_after=2024-04-04 00:00:00+00:00
[2024-04-05T03:08:52.618+0000] {processor.py:183} INFO - Processing /opt/airflow/dags/our_first_dag.py took 0.120 seconds
[2024-04-05T03:09:22.679+0000] {processor.py:161} INFO - Started process (PID=690) to work on /opt/airflow/dags/our_first_dag.py
[2024-04-05T03:09:22.680+0000] {processor.py:830} INFO - Processing file /opt/airflow/dags/our_first_dag.py for tasks to queue
[2024-04-05T03:09:22.681+0000] {logging_mixin.py:188} INFO - [2024-04-05T03:09:22.681+0000] {dagbag.py:540} INFO - Filling up the DagBag from /opt/airflow/dags/our_first_dag.py
[2024-04-05T03:09:22.699+0000] {processor.py:840} INFO - DAG(s) 'our_first_dag_v3' retrieved from /opt/airflow/dags/our_first_dag.py
[2024-04-05T03:09:22.728+0000] {logging_mixin.py:188} INFO - [2024-04-05T03:09:22.728+0000] {dag.py:3047} INFO - Sync 1 DAGs
[2024-04-05T03:09:22.750+0000] {logging_mixin.py:188} INFO - [2024-04-05T03:09:22.750+0000] {dag.py:3834} INFO - Setting next_dagrun for our_first_dag_v3 to 2024-04-03 00:00:00+00:00, run_after=2024-04-04 00:00:00+00:00
[2024-04-05T03:09:22.786+0000] {processor.py:183} INFO - Processing /opt/airflow/dags/our_first_dag.py took 0.110 seconds
[2024-04-05T03:09:52.949+0000] {processor.py:161} INFO - Started process (PID=731) to work on /opt/airflow/dags/our_first_dag.py
[2024-04-05T03:09:52.950+0000] {processor.py:830} INFO - Processing file /opt/airflow/dags/our_first_dag.py for tasks to queue
[2024-04-05T03:09:52.951+0000] {logging_mixin.py:188} INFO - [2024-04-05T03:09:52.950+0000] {dagbag.py:540} INFO - Filling up the DagBag from /opt/airflow/dags/our_first_dag.py
[2024-04-05T03:09:52.970+0000] {processor.py:840} INFO - DAG(s) 'our_first_dag_v3' retrieved from /opt/airflow/dags/our_first_dag.py
[2024-04-05T03:09:52.999+0000] {logging_mixin.py:188} INFO - [2024-04-05T03:09:52.998+0000] {dag.py:3047} INFO - Sync 1 DAGs
[2024-04-05T03:09:53.025+0000] {logging_mixin.py:188} INFO - [2024-04-05T03:09:53.025+0000] {dag.py:3834} INFO - Setting next_dagrun for our_first_dag_v3 to 2024-04-03 00:00:00+00:00, run_after=2024-04-04 00:00:00+00:00
[2024-04-05T03:09:53.061+0000] {processor.py:183} INFO - Processing /opt/airflow/dags/our_first_dag.py took 0.115 seconds
[2024-04-05T03:10:23.351+0000] {processor.py:161} INFO - Started process (PID=772) to work on /opt/airflow/dags/our_first_dag.py
[2024-04-05T03:10:23.352+0000] {processor.py:830} INFO - Processing file /opt/airflow/dags/our_first_dag.py for tasks to queue
[2024-04-05T03:10:23.353+0000] {logging_mixin.py:188} INFO - [2024-04-05T03:10:23.352+0000] {dagbag.py:540} INFO - Filling up the DagBag from /opt/airflow/dags/our_first_dag.py
[2024-04-05T03:10:23.371+0000] {processor.py:840} INFO - DAG(s) 'our_first_dag_v3' retrieved from /opt/airflow/dags/our_first_dag.py
[2024-04-05T03:10:23.398+0000] {logging_mixin.py:188} INFO - [2024-04-05T03:10:23.398+0000] {dag.py:3047} INFO - Sync 1 DAGs
[2024-04-05T03:10:23.423+0000] {logging_mixin.py:188} INFO - [2024-04-05T03:10:23.423+0000] {dag.py:3834} INFO - Setting next_dagrun for our_first_dag_v3 to 2024-04-03 00:00:00+00:00, run_after=2024-04-04 00:00:00+00:00
[2024-04-05T03:10:23.449+0000] {processor.py:183} INFO - Processing /opt/airflow/dags/our_first_dag.py took 0.101 seconds
[2024-04-05T03:10:53.643+0000] {processor.py:161} INFO - Started process (PID=813) to work on /opt/airflow/dags/our_first_dag.py
[2024-04-05T03:10:53.644+0000] {processor.py:830} INFO - Processing file /opt/airflow/dags/our_first_dag.py for tasks to queue
[2024-04-05T03:10:53.645+0000] {logging_mixin.py:188} INFO - [2024-04-05T03:10:53.645+0000] {dagbag.py:540} INFO - Filling up the DagBag from /opt/airflow/dags/our_first_dag.py
[2024-04-05T03:10:53.665+0000] {processor.py:840} INFO - DAG(s) 'our_first_dag_v3' retrieved from /opt/airflow/dags/our_first_dag.py
[2024-04-05T03:10:53.692+0000] {logging_mixin.py:188} INFO - [2024-04-05T03:10:53.692+0000] {dag.py:3047} INFO - Sync 1 DAGs
[2024-04-05T03:10:53.721+0000] {logging_mixin.py:188} INFO - [2024-04-05T03:10:53.721+0000] {dag.py:3834} INFO - Setting next_dagrun for our_first_dag_v3 to 2024-04-03 00:00:00+00:00, run_after=2024-04-04 00:00:00+00:00
[2024-04-05T03:10:53.758+0000] {processor.py:183} INFO - Processing /opt/airflow/dags/our_first_dag.py took 0.117 seconds
[2024-04-05T03:11:23.842+0000] {processor.py:161} INFO - Started process (PID=854) to work on /opt/airflow/dags/our_first_dag.py
[2024-04-05T03:11:23.843+0000] {processor.py:830} INFO - Processing file /opt/airflow/dags/our_first_dag.py for tasks to queue
[2024-04-05T03:11:23.844+0000] {logging_mixin.py:188} INFO - [2024-04-05T03:11:23.844+0000] {dagbag.py:540} INFO - Filling up the DagBag from /opt/airflow/dags/our_first_dag.py
[2024-04-05T03:11:23.869+0000] {processor.py:840} INFO - DAG(s) 'our_first_dag_v3' retrieved from /opt/airflow/dags/our_first_dag.py
[2024-04-05T03:11:23.898+0000] {logging_mixin.py:188} INFO - [2024-04-05T03:11:23.897+0000] {dag.py:3047} INFO - Sync 1 DAGs
[2024-04-05T03:11:23.930+0000] {logging_mixin.py:188} INFO - [2024-04-05T03:11:23.929+0000] {dag.py:3834} INFO - Setting next_dagrun for our_first_dag_v3 to 2024-04-03 00:00:00+00:00, run_after=2024-04-04 00:00:00+00:00
[2024-04-05T03:11:23.970+0000] {processor.py:183} INFO - Processing /opt/airflow/dags/our_first_dag.py took 0.132 seconds
[2024-04-05T03:11:54.162+0000] {processor.py:161} INFO - Started process (PID=893) to work on /opt/airflow/dags/our_first_dag.py
[2024-04-05T03:11:54.164+0000] {processor.py:830} INFO - Processing file /opt/airflow/dags/our_first_dag.py for tasks to queue
[2024-04-05T03:11:54.165+0000] {logging_mixin.py:188} INFO - [2024-04-05T03:11:54.165+0000] {dagbag.py:540} INFO - Filling up the DagBag from /opt/airflow/dags/our_first_dag.py
[2024-04-05T03:11:54.198+0000] {processor.py:840} INFO - DAG(s) 'our_first_dag_v3' retrieved from /opt/airflow/dags/our_first_dag.py
[2024-04-05T03:11:54.242+0000] {logging_mixin.py:188} INFO - [2024-04-05T03:11:54.242+0000] {dag.py:3047} INFO - Sync 1 DAGs
[2024-04-05T03:11:54.277+0000] {logging_mixin.py:188} INFO - [2024-04-05T03:11:54.277+0000] {dag.py:3834} INFO - Setting next_dagrun for our_first_dag_v3 to 2024-04-03 00:00:00+00:00, run_after=2024-04-04 00:00:00+00:00
[2024-04-05T03:11:54.317+0000] {processor.py:183} INFO - Processing /opt/airflow/dags/our_first_dag.py took 0.162 seconds
[2024-04-05T03:12:24.453+0000] {processor.py:161} INFO - Started process (PID=934) to work on /opt/airflow/dags/our_first_dag.py
[2024-04-05T03:12:24.454+0000] {processor.py:830} INFO - Processing file /opt/airflow/dags/our_first_dag.py for tasks to queue
[2024-04-05T03:12:24.455+0000] {logging_mixin.py:188} INFO - [2024-04-05T03:12:24.455+0000] {dagbag.py:540} INFO - Filling up the DagBag from /opt/airflow/dags/our_first_dag.py
[2024-04-05T03:12:24.476+0000] {processor.py:840} INFO - DAG(s) 'our_first_dag_v3' retrieved from /opt/airflow/dags/our_first_dag.py
[2024-04-05T03:12:24.504+0000] {logging_mixin.py:188} INFO - [2024-04-05T03:12:24.504+0000] {dag.py:3047} INFO - Sync 1 DAGs
[2024-04-05T03:12:24.533+0000] {logging_mixin.py:188} INFO - [2024-04-05T03:12:24.533+0000] {dag.py:3834} INFO - Setting next_dagrun for our_first_dag_v3 to 2024-04-03 00:00:00+00:00, run_after=2024-04-04 00:00:00+00:00
[2024-04-05T03:12:24.565+0000] {processor.py:183} INFO - Processing /opt/airflow/dags/our_first_dag.py took 0.116 seconds
[2024-04-05T03:12:54.874+0000] {processor.py:161} INFO - Started process (PID=978) to work on /opt/airflow/dags/our_first_dag.py
[2024-04-05T03:12:54.876+0000] {processor.py:830} INFO - Processing file /opt/airflow/dags/our_first_dag.py for tasks to queue
[2024-04-05T03:12:54.877+0000] {logging_mixin.py:188} INFO - [2024-04-05T03:12:54.877+0000] {dagbag.py:540} INFO - Filling up the DagBag from /opt/airflow/dags/our_first_dag.py
[2024-04-05T03:12:54.905+0000] {processor.py:840} INFO - DAG(s) 'our_first_dag_v3' retrieved from /opt/airflow/dags/our_first_dag.py
[2024-04-05T03:12:54.937+0000] {logging_mixin.py:188} INFO - [2024-04-05T03:12:54.937+0000] {dag.py:3047} INFO - Sync 1 DAGs
[2024-04-05T03:12:54.967+0000] {logging_mixin.py:188} INFO - [2024-04-05T03:12:54.967+0000] {dag.py:3834} INFO - Setting next_dagrun for our_first_dag_v3 to 2024-04-03 00:00:00+00:00, run_after=2024-04-04 00:00:00+00:00
[2024-04-05T03:12:55.007+0000] {processor.py:183} INFO - Processing /opt/airflow/dags/our_first_dag.py took 0.138 seconds
[2024-04-05T03:13:25.231+0000] {processor.py:161} INFO - Started process (PID=1019) to work on /opt/airflow/dags/our_first_dag.py
[2024-04-05T03:13:25.233+0000] {processor.py:830} INFO - Processing file /opt/airflow/dags/our_first_dag.py for tasks to queue
[2024-04-05T03:13:25.235+0000] {logging_mixin.py:188} INFO - [2024-04-05T03:13:25.235+0000] {dagbag.py:540} INFO - Filling up the DagBag from /opt/airflow/dags/our_first_dag.py
[2024-04-05T03:13:25.259+0000] {processor.py:840} INFO - DAG(s) 'our_first_dag_v3' retrieved from /opt/airflow/dags/our_first_dag.py
[2024-04-05T03:13:25.291+0000] {logging_mixin.py:188} INFO - [2024-04-05T03:13:25.291+0000] {dag.py:3047} INFO - Sync 1 DAGs
[2024-04-05T03:13:25.322+0000] {logging_mixin.py:188} INFO - [2024-04-05T03:13:25.321+0000] {dag.py:3834} INFO - Setting next_dagrun for our_first_dag_v3 to 2024-04-03 00:00:00+00:00, run_after=2024-04-04 00:00:00+00:00
[2024-04-05T03:13:25.360+0000] {processor.py:183} INFO - Processing /opt/airflow/dags/our_first_dag.py took 0.131 seconds
[2024-04-05T03:13:55.535+0000] {processor.py:161} INFO - Started process (PID=1058) to work on /opt/airflow/dags/our_first_dag.py
[2024-04-05T03:13:55.537+0000] {processor.py:830} INFO - Processing file /opt/airflow/dags/our_first_dag.py for tasks to queue
[2024-04-05T03:13:55.539+0000] {logging_mixin.py:188} INFO - [2024-04-05T03:13:55.538+0000] {dagbag.py:540} INFO - Filling up the DagBag from /opt/airflow/dags/our_first_dag.py
[2024-04-05T03:13:55.569+0000] {processor.py:840} INFO - DAG(s) 'our_first_dag_v3' retrieved from /opt/airflow/dags/our_first_dag.py
[2024-04-05T03:13:55.609+0000] {logging_mixin.py:188} INFO - [2024-04-05T03:13:55.609+0000] {dag.py:3047} INFO - Sync 1 DAGs
[2024-04-05T03:13:55.641+0000] {logging_mixin.py:188} INFO - [2024-04-05T03:13:55.640+0000] {dag.py:3834} INFO - Setting next_dagrun for our_first_dag_v3 to 2024-04-03 00:00:00+00:00, run_after=2024-04-04 00:00:00+00:00
[2024-04-05T03:13:55.672+0000] {processor.py:183} INFO - Processing /opt/airflow/dags/our_first_dag.py took 0.141 seconds
[2024-04-05T03:14:26.062+0000] {processor.py:161} INFO - Started process (PID=1101) to work on /opt/airflow/dags/our_first_dag.py
[2024-04-05T03:14:26.064+0000] {processor.py:830} INFO - Processing file /opt/airflow/dags/our_first_dag.py for tasks to queue
[2024-04-05T03:14:26.065+0000] {logging_mixin.py:188} INFO - [2024-04-05T03:14:26.065+0000] {dagbag.py:540} INFO - Filling up the DagBag from /opt/airflow/dags/our_first_dag.py
[2024-04-05T03:14:26.090+0000] {processor.py:840} INFO - DAG(s) 'our_first_dag_v3' retrieved from /opt/airflow/dags/our_first_dag.py
[2024-04-05T03:14:26.124+0000] {logging_mixin.py:188} INFO - [2024-04-05T03:14:26.123+0000] {dag.py:3047} INFO - Sync 1 DAGs
[2024-04-05T03:14:26.158+0000] {logging_mixin.py:188} INFO - [2024-04-05T03:14:26.156+0000] {dag.py:3834} INFO - Setting next_dagrun for our_first_dag_v3 to 2024-04-03 00:00:00+00:00, run_after=2024-04-04 00:00:00+00:00
[2024-04-05T03:14:26.185+0000] {processor.py:183} INFO - Processing /opt/airflow/dags/our_first_dag.py took 0.126 seconds
[2024-04-05T03:14:56.407+0000] {processor.py:161} INFO - Started process (PID=1142) to work on /opt/airflow/dags/our_first_dag.py
[2024-04-05T03:14:56.410+0000] {processor.py:830} INFO - Processing file /opt/airflow/dags/our_first_dag.py for tasks to queue
[2024-04-05T03:14:56.412+0000] {logging_mixin.py:188} INFO - [2024-04-05T03:14:56.411+0000] {dagbag.py:540} INFO - Filling up the DagBag from /opt/airflow/dags/our_first_dag.py
[2024-04-05T03:14:56.436+0000] {processor.py:840} INFO - DAG(s) 'our_first_dag_v3' retrieved from /opt/airflow/dags/our_first_dag.py
[2024-04-05T03:14:56.472+0000] {logging_mixin.py:188} INFO - [2024-04-05T03:14:56.472+0000] {dag.py:3047} INFO - Sync 1 DAGs
[2024-04-05T03:14:56.501+0000] {logging_mixin.py:188} INFO - [2024-04-05T03:14:56.501+0000] {dag.py:3834} INFO - Setting next_dagrun for our_first_dag_v3 to 2024-04-03 00:00:00+00:00, run_after=2024-04-04 00:00:00+00:00
[2024-04-05T03:14:56.538+0000] {processor.py:183} INFO - Processing /opt/airflow/dags/our_first_dag.py took 0.134 seconds
[2024-04-05T03:15:26.808+0000] {processor.py:161} INFO - Started process (PID=1183) to work on /opt/airflow/dags/our_first_dag.py
[2024-04-05T03:15:26.810+0000] {processor.py:830} INFO - Processing file /opt/airflow/dags/our_first_dag.py for tasks to queue
[2024-04-05T03:15:26.815+0000] {logging_mixin.py:188} INFO - [2024-04-05T03:15:26.814+0000] {dagbag.py:540} INFO - Filling up the DagBag from /opt/airflow/dags/our_first_dag.py
[2024-04-05T03:15:26.850+0000] {processor.py:840} INFO - DAG(s) 'our_first_dag_v3' retrieved from /opt/airflow/dags/our_first_dag.py
[2024-04-05T03:15:26.897+0000] {logging_mixin.py:188} INFO - [2024-04-05T03:15:26.897+0000] {dag.py:3047} INFO - Sync 1 DAGs
[2024-04-05T03:15:26.939+0000] {logging_mixin.py:188} INFO - [2024-04-05T03:15:26.939+0000] {dag.py:3834} INFO - Setting next_dagrun for our_first_dag_v3 to 2024-04-03 00:00:00+00:00, run_after=2024-04-04 00:00:00+00:00
[2024-04-05T03:15:26.986+0000] {processor.py:183} INFO - Processing /opt/airflow/dags/our_first_dag.py took 0.181 seconds
[2024-04-05T03:15:57.187+0000] {processor.py:161} INFO - Started process (PID=1224) to work on /opt/airflow/dags/our_first_dag.py
[2024-04-05T03:15:57.188+0000] {processor.py:830} INFO - Processing file /opt/airflow/dags/our_first_dag.py for tasks to queue
[2024-04-05T03:15:57.189+0000] {logging_mixin.py:188} INFO - [2024-04-05T03:15:57.188+0000] {dagbag.py:540} INFO - Filling up the DagBag from /opt/airflow/dags/our_first_dag.py
[2024-04-05T03:15:57.211+0000] {processor.py:840} INFO - DAG(s) 'our_first_dag_v3' retrieved from /opt/airflow/dags/our_first_dag.py
[2024-04-05T03:15:57.247+0000] {logging_mixin.py:188} INFO - [2024-04-05T03:15:57.247+0000] {dag.py:3047} INFO - Sync 1 DAGs
[2024-04-05T03:15:57.283+0000] {logging_mixin.py:188} INFO - [2024-04-05T03:15:57.282+0000] {dag.py:3834} INFO - Setting next_dagrun for our_first_dag_v3 to 2024-04-03 00:00:00+00:00, run_after=2024-04-04 00:00:00+00:00
[2024-04-05T03:15:57.321+0000] {processor.py:183} INFO - Processing /opt/airflow/dags/our_first_dag.py took 0.139 seconds
[2024-04-05T03:16:27.582+0000] {processor.py:161} INFO - Started process (PID=1265) to work on /opt/airflow/dags/our_first_dag.py
[2024-04-05T03:16:27.584+0000] {processor.py:830} INFO - Processing file /opt/airflow/dags/our_first_dag.py for tasks to queue
[2024-04-05T03:16:27.585+0000] {logging_mixin.py:188} INFO - [2024-04-05T03:16:27.584+0000] {dagbag.py:540} INFO - Filling up the DagBag from /opt/airflow/dags/our_first_dag.py
[2024-04-05T03:16:27.612+0000] {processor.py:840} INFO - DAG(s) 'our_first_dag_v3' retrieved from /opt/airflow/dags/our_first_dag.py
[2024-04-05T03:16:27.644+0000] {logging_mixin.py:188} INFO - [2024-04-05T03:16:27.644+0000] {dag.py:3047} INFO - Sync 1 DAGs
[2024-04-05T03:16:27.674+0000] {logging_mixin.py:188} INFO - [2024-04-05T03:16:27.674+0000] {dag.py:3834} INFO - Setting next_dagrun for our_first_dag_v3 to 2024-04-03 00:00:00+00:00, run_after=2024-04-04 00:00:00+00:00
[2024-04-05T03:16:27.713+0000] {processor.py:183} INFO - Processing /opt/airflow/dags/our_first_dag.py took 0.134 seconds
[2024-04-05T03:16:57.784+0000] {processor.py:161} INFO - Started process (PID=1304) to work on /opt/airflow/dags/our_first_dag.py
[2024-04-05T03:16:57.786+0000] {processor.py:830} INFO - Processing file /opt/airflow/dags/our_first_dag.py for tasks to queue
[2024-04-05T03:16:57.787+0000] {logging_mixin.py:188} INFO - [2024-04-05T03:16:57.787+0000] {dagbag.py:540} INFO - Filling up the DagBag from /opt/airflow/dags/our_first_dag.py
[2024-04-05T03:16:57.816+0000] {processor.py:840} INFO - DAG(s) 'our_first_dag_v3' retrieved from /opt/airflow/dags/our_first_dag.py
[2024-04-05T03:16:57.862+0000] {logging_mixin.py:188} INFO - [2024-04-05T03:16:57.860+0000] {dag.py:3047} INFO - Sync 1 DAGs
[2024-04-05T03:16:57.912+0000] {logging_mixin.py:188} INFO - [2024-04-05T03:16:57.909+0000] {dag.py:3834} INFO - Setting next_dagrun for our_first_dag_v3 to 2024-04-03 00:00:00+00:00, run_after=2024-04-04 00:00:00+00:00
[2024-04-05T03:16:57.964+0000] {processor.py:183} INFO - Processing /opt/airflow/dags/our_first_dag.py took 0.187 seconds
[2024-04-05T03:17:28.381+0000] {processor.py:161} INFO - Started process (PID=1347) to work on /opt/airflow/dags/our_first_dag.py
[2024-04-05T03:17:28.384+0000] {processor.py:830} INFO - Processing file /opt/airflow/dags/our_first_dag.py for tasks to queue
[2024-04-05T03:17:28.385+0000] {logging_mixin.py:188} INFO - [2024-04-05T03:17:28.385+0000] {dagbag.py:540} INFO - Filling up the DagBag from /opt/airflow/dags/our_first_dag.py
[2024-04-05T03:17:28.409+0000] {processor.py:840} INFO - DAG(s) 'our_first_dag_v3' retrieved from /opt/airflow/dags/our_first_dag.py
[2024-04-05T03:17:28.444+0000] {logging_mixin.py:188} INFO - [2024-04-05T03:17:28.442+0000] {dag.py:3047} INFO - Sync 1 DAGs
[2024-04-05T03:17:28.471+0000] {logging_mixin.py:188} INFO - [2024-04-05T03:17:28.471+0000] {dag.py:3834} INFO - Setting next_dagrun for our_first_dag_v3 to 2024-04-03 00:00:00+00:00, run_after=2024-04-04 00:00:00+00:00
[2024-04-05T03:17:28.511+0000] {processor.py:183} INFO - Processing /opt/airflow/dags/our_first_dag.py took 0.133 seconds
[2024-04-05T03:17:58.861+0000] {processor.py:161} INFO - Started process (PID=1388) to work on /opt/airflow/dags/our_first_dag.py
[2024-04-05T03:17:58.864+0000] {processor.py:830} INFO - Processing file /opt/airflow/dags/our_first_dag.py for tasks to queue
[2024-04-05T03:17:58.869+0000] {logging_mixin.py:188} INFO - [2024-04-05T03:17:58.868+0000] {dagbag.py:540} INFO - Filling up the DagBag from /opt/airflow/dags/our_first_dag.py
[2024-04-05T03:17:58.902+0000] {processor.py:840} INFO - DAG(s) 'our_first_dag_v3' retrieved from /opt/airflow/dags/our_first_dag.py
[2024-04-05T03:17:58.948+0000] {logging_mixin.py:188} INFO - [2024-04-05T03:17:58.948+0000] {dag.py:3047} INFO - Sync 1 DAGs
[2024-04-05T03:17:58.992+0000] {logging_mixin.py:188} INFO - [2024-04-05T03:17:58.992+0000] {dag.py:3834} INFO - Setting next_dagrun for our_first_dag_v3 to 2024-04-03 00:00:00+00:00, run_after=2024-04-04 00:00:00+00:00
[2024-04-05T03:17:59.021+0000] {processor.py:183} INFO - Processing /opt/airflow/dags/our_first_dag.py took 0.166 seconds
[2024-04-05T03:18:29.439+0000] {processor.py:161} INFO - Started process (PID=1429) to work on /opt/airflow/dags/our_first_dag.py
[2024-04-05T03:18:29.441+0000] {processor.py:830} INFO - Processing file /opt/airflow/dags/our_first_dag.py for tasks to queue
[2024-04-05T03:18:29.442+0000] {logging_mixin.py:188} INFO - [2024-04-05T03:18:29.442+0000] {dagbag.py:540} INFO - Filling up the DagBag from /opt/airflow/dags/our_first_dag.py
[2024-04-05T03:18:29.472+0000] {processor.py:840} INFO - DAG(s) 'our_first_dag_v3' retrieved from /opt/airflow/dags/our_first_dag.py
[2024-04-05T03:18:29.511+0000] {logging_mixin.py:188} INFO - [2024-04-05T03:18:29.511+0000] {dag.py:3047} INFO - Sync 1 DAGs
[2024-04-05T03:18:29.545+0000] {logging_mixin.py:188} INFO - [2024-04-05T03:18:29.545+0000] {dag.py:3834} INFO - Setting next_dagrun for our_first_dag_v3 to 2024-04-03 00:00:00+00:00, run_after=2024-04-04 00:00:00+00:00
[2024-04-05T03:18:29.582+0000] {processor.py:183} INFO - Processing /opt/airflow/dags/our_first_dag.py took 0.145 seconds
[2024-04-05T03:18:59.749+0000] {processor.py:161} INFO - Started process (PID=1468) to work on /opt/airflow/dags/our_first_dag.py
[2024-04-05T03:18:59.750+0000] {processor.py:830} INFO - Processing file /opt/airflow/dags/our_first_dag.py for tasks to queue
[2024-04-05T03:18:59.752+0000] {logging_mixin.py:188} INFO - [2024-04-05T03:18:59.751+0000] {dagbag.py:540} INFO - Filling up the DagBag from /opt/airflow/dags/our_first_dag.py
[2024-04-05T03:18:59.788+0000] {processor.py:840} INFO - DAG(s) 'our_first_dag_v3' retrieved from /opt/airflow/dags/our_first_dag.py
[2024-04-05T03:18:59.834+0000] {logging_mixin.py:188} INFO - [2024-04-05T03:18:59.834+0000] {dag.py:3047} INFO - Sync 1 DAGs
[2024-04-05T03:18:59.884+0000] {logging_mixin.py:188} INFO - [2024-04-05T03:18:59.884+0000] {dag.py:3834} INFO - Setting next_dagrun for our_first_dag_v3 to 2024-04-03 00:00:00+00:00, run_after=2024-04-04 00:00:00+00:00
[2024-04-05T03:18:59.919+0000] {processor.py:183} INFO - Processing /opt/airflow/dags/our_first_dag.py took 0.176 seconds
[2024-04-05T03:19:30.779+0000] {processor.py:161} INFO - Started process (PID=1511) to work on /opt/airflow/dags/our_first_dag.py
[2024-04-05T03:19:30.781+0000] {processor.py:830} INFO - Processing file /opt/airflow/dags/our_first_dag.py for tasks to queue
[2024-04-05T03:19:30.782+0000] {logging_mixin.py:188} INFO - [2024-04-05T03:19:30.782+0000] {dagbag.py:540} INFO - Filling up the DagBag from /opt/airflow/dags/our_first_dag.py
[2024-04-05T03:19:30.824+0000] {processor.py:840} INFO - DAG(s) 'our_first_dag_v3' retrieved from /opt/airflow/dags/our_first_dag.py
[2024-04-05T03:19:30.897+0000] {logging_mixin.py:188} INFO - [2024-04-05T03:19:30.897+0000] {dag.py:3047} INFO - Sync 1 DAGs
[2024-04-05T03:19:30.961+0000] {logging_mixin.py:188} INFO - [2024-04-05T03:19:30.961+0000] {dag.py:3834} INFO - Setting next_dagrun for our_first_dag_v3 to 2024-04-03 00:00:00+00:00, run_after=2024-04-04 00:00:00+00:00
[2024-04-05T03:19:31.012+0000] {processor.py:183} INFO - Processing /opt/airflow/dags/our_first_dag.py took 0.241 seconds
[2024-04-05T03:20:02.382+0000] {processor.py:161} INFO - Started process (PID=1550) to work on /opt/airflow/dags/our_first_dag.py
[2024-04-05T03:20:02.390+0000] {processor.py:830} INFO - Processing file /opt/airflow/dags/our_first_dag.py for tasks to queue
[2024-04-05T03:20:02.396+0000] {logging_mixin.py:188} INFO - [2024-04-05T03:20:02.395+0000] {dagbag.py:540} INFO - Filling up the DagBag from /opt/airflow/dags/our_first_dag.py
[2024-04-05T03:20:02.500+0000] {processor.py:840} INFO - DAG(s) 'our_first_dag_v3' retrieved from /opt/airflow/dags/our_first_dag.py
[2024-04-05T03:20:02.628+0000] {logging_mixin.py:188} INFO - [2024-04-05T03:20:02.627+0000] {dag.py:3047} INFO - Sync 1 DAGs
[2024-04-05T03:20:02.778+0000] {logging_mixin.py:188} INFO - [2024-04-05T03:20:02.778+0000] {dag.py:3834} INFO - Setting next_dagrun for our_first_dag_v3 to 2024-04-03 00:00:00+00:00, run_after=2024-04-04 00:00:00+00:00
[2024-04-05T03:20:02.899+0000] {processor.py:183} INFO - Processing /opt/airflow/dags/our_first_dag.py took 0.552 seconds
[2024-04-05T03:20:33.510+0000] {processor.py:161} INFO - Started process (PID=1591) to work on /opt/airflow/dags/our_first_dag.py
[2024-04-05T03:20:33.515+0000] {processor.py:830} INFO - Processing file /opt/airflow/dags/our_first_dag.py for tasks to queue
[2024-04-05T03:20:33.518+0000] {logging_mixin.py:188} INFO - [2024-04-05T03:20:33.517+0000] {dagbag.py:540} INFO - Filling up the DagBag from /opt/airflow/dags/our_first_dag.py
[2024-04-05T03:20:33.571+0000] {processor.py:840} INFO - DAG(s) 'our_first_dag_v3' retrieved from /opt/airflow/dags/our_first_dag.py
[2024-04-05T03:20:33.627+0000] {logging_mixin.py:188} INFO - [2024-04-05T03:20:33.627+0000] {dag.py:3047} INFO - Sync 1 DAGs
[2024-04-05T03:20:33.676+0000] {logging_mixin.py:188} INFO - [2024-04-05T03:20:33.676+0000] {dag.py:3834} INFO - Setting next_dagrun for our_first_dag_v3 to 2024-04-03 00:00:00+00:00, run_after=2024-04-04 00:00:00+00:00
[2024-04-05T03:20:33.709+0000] {processor.py:183} INFO - Processing /opt/airflow/dags/our_first_dag.py took 0.203 seconds
[2024-04-05T03:21:04.019+0000] {processor.py:161} INFO - Started process (PID=1632) to work on /opt/airflow/dags/our_first_dag.py
[2024-04-05T03:21:04.021+0000] {processor.py:830} INFO - Processing file /opt/airflow/dags/our_first_dag.py for tasks to queue
[2024-04-05T03:21:04.023+0000] {logging_mixin.py:188} INFO - [2024-04-05T03:21:04.022+0000] {dagbag.py:540} INFO - Filling up the DagBag from /opt/airflow/dags/our_first_dag.py
[2024-04-05T03:21:04.084+0000] {processor.py:840} INFO - DAG(s) 'our_first_dag_v3' retrieved from /opt/airflow/dags/our_first_dag.py
[2024-04-05T03:21:04.143+0000] {logging_mixin.py:188} INFO - [2024-04-05T03:21:04.143+0000] {dag.py:3047} INFO - Sync 1 DAGs
[2024-04-05T03:21:04.206+0000] {logging_mixin.py:188} INFO - [2024-04-05T03:21:04.205+0000] {dag.py:3834} INFO - Setting next_dagrun for our_first_dag_v3 to 2024-04-03 00:00:00+00:00, run_after=2024-04-04 00:00:00+00:00
[2024-04-05T03:21:04.261+0000] {processor.py:183} INFO - Processing /opt/airflow/dags/our_first_dag.py took 0.251 seconds
[2024-04-05T03:21:35.795+0000] {processor.py:161} INFO - Started process (PID=1679) to work on /opt/airflow/dags/our_first_dag.py
[2024-04-05T03:21:35.796+0000] {processor.py:830} INFO - Processing file /opt/airflow/dags/our_first_dag.py for tasks to queue
[2024-04-05T03:21:35.801+0000] {logging_mixin.py:188} INFO - [2024-04-05T03:21:35.800+0000] {dagbag.py:540} INFO - Filling up the DagBag from /opt/airflow/dags/our_first_dag.py
[2024-04-05T03:21:35.896+0000] {processor.py:840} INFO - DAG(s) 'our_first_dag_v3' retrieved from /opt/airflow/dags/our_first_dag.py
[2024-04-05T03:21:35.980+0000] {logging_mixin.py:188} INFO - [2024-04-05T03:21:35.979+0000] {dag.py:3047} INFO - Sync 1 DAGs
[2024-04-05T03:21:36.072+0000] {logging_mixin.py:188} INFO - [2024-04-05T03:21:36.071+0000] {dag.py:3834} INFO - Setting next_dagrun for our_first_dag_v3 to 2024-04-03 00:00:00+00:00, run_after=2024-04-04 00:00:00+00:00
[2024-04-05T03:21:36.190+0000] {processor.py:183} INFO - Processing /opt/airflow/dags/our_first_dag.py took 0.404 seconds
[2024-04-05T03:22:08.062+0000] {processor.py:161} INFO - Started process (PID=1719) to work on /opt/airflow/dags/our_first_dag.py
[2024-04-05T03:22:08.065+0000] {processor.py:830} INFO - Processing file /opt/airflow/dags/our_first_dag.py for tasks to queue
[2024-04-05T03:22:08.067+0000] {logging_mixin.py:188} INFO - [2024-04-05T03:22:08.067+0000] {dagbag.py:540} INFO - Filling up the DagBag from /opt/airflow/dags/our_first_dag.py
[2024-04-05T03:22:08.412+0000] {processor.py:840} INFO - DAG(s) 'our_first_dag_v3' retrieved from /opt/airflow/dags/our_first_dag.py
[2024-04-05T03:22:08.592+0000] {logging_mixin.py:188} INFO - [2024-04-05T03:22:08.591+0000] {dag.py:3047} INFO - Sync 1 DAGs
[2024-04-05T03:22:08.787+0000] {logging_mixin.py:188} INFO - [2024-04-05T03:22:08.786+0000] {dag.py:3834} INFO - Setting next_dagrun for our_first_dag_v3 to 2024-04-03 00:00:00+00:00, run_after=2024-04-04 00:00:00+00:00
[2024-04-05T03:22:08.922+0000] {processor.py:183} INFO - Processing /opt/airflow/dags/our_first_dag.py took 0.871 seconds
[2024-04-05T03:22:39.379+0000] {processor.py:161} INFO - Started process (PID=1760) to work on /opt/airflow/dags/our_first_dag.py
[2024-04-05T03:22:39.381+0000] {processor.py:830} INFO - Processing file /opt/airflow/dags/our_first_dag.py for tasks to queue
[2024-04-05T03:22:39.386+0000] {logging_mixin.py:188} INFO - [2024-04-05T03:22:39.385+0000] {dagbag.py:540} INFO - Filling up the DagBag from /opt/airflow/dags/our_first_dag.py
[2024-04-05T03:22:39.432+0000] {processor.py:840} INFO - DAG(s) 'our_first_dag_v3' retrieved from /opt/airflow/dags/our_first_dag.py
[2024-04-05T03:22:39.480+0000] {logging_mixin.py:188} INFO - [2024-04-05T03:22:39.480+0000] {dag.py:3047} INFO - Sync 1 DAGs
[2024-04-05T03:22:39.529+0000] {logging_mixin.py:188} INFO - [2024-04-05T03:22:39.529+0000] {dag.py:3834} INFO - Setting next_dagrun for our_first_dag_v3 to 2024-04-03 00:00:00+00:00, run_after=2024-04-04 00:00:00+00:00
[2024-04-05T03:22:39.568+0000] {processor.py:183} INFO - Processing /opt/airflow/dags/our_first_dag.py took 0.199 seconds
[2024-04-05T03:23:09.797+0000] {processor.py:161} INFO - Started process (PID=1801) to work on /opt/airflow/dags/our_first_dag.py
[2024-04-05T03:23:09.799+0000] {processor.py:830} INFO - Processing file /opt/airflow/dags/our_first_dag.py for tasks to queue
[2024-04-05T03:23:09.800+0000] {logging_mixin.py:188} INFO - [2024-04-05T03:23:09.800+0000] {dagbag.py:540} INFO - Filling up the DagBag from /opt/airflow/dags/our_first_dag.py
[2024-04-05T03:23:09.839+0000] {processor.py:840} INFO - DAG(s) 'our_first_dag_v3' retrieved from /opt/airflow/dags/our_first_dag.py
[2024-04-05T03:23:09.883+0000] {logging_mixin.py:188} INFO - [2024-04-05T03:23:09.883+0000] {dag.py:3047} INFO - Sync 1 DAGs
[2024-04-05T03:23:09.921+0000] {logging_mixin.py:188} INFO - [2024-04-05T03:23:09.921+0000] {dag.py:3834} INFO - Setting next_dagrun for our_first_dag_v3 to 2024-04-03 00:00:00+00:00, run_after=2024-04-04 00:00:00+00:00
[2024-04-05T03:23:10.017+0000] {processor.py:183} INFO - Processing /opt/airflow/dags/our_first_dag.py took 0.226 seconds
[2024-04-05T03:23:40.302+0000] {processor.py:161} INFO - Started process (PID=1842) to work on /opt/airflow/dags/our_first_dag.py
[2024-04-05T03:23:40.303+0000] {processor.py:830} INFO - Processing file /opt/airflow/dags/our_first_dag.py for tasks to queue
[2024-04-05T03:23:40.304+0000] {logging_mixin.py:188} INFO - [2024-04-05T03:23:40.304+0000] {dagbag.py:540} INFO - Filling up the DagBag from /opt/airflow/dags/our_first_dag.py
[2024-04-05T03:23:40.342+0000] {processor.py:840} INFO - DAG(s) 'our_first_dag_v3' retrieved from /opt/airflow/dags/our_first_dag.py
[2024-04-05T03:23:40.404+0000] {logging_mixin.py:188} INFO - [2024-04-05T03:23:40.404+0000] {dag.py:3047} INFO - Sync 1 DAGs
[2024-04-05T03:23:40.448+0000] {logging_mixin.py:188} INFO - [2024-04-05T03:23:40.448+0000] {dag.py:3834} INFO - Setting next_dagrun for our_first_dag_v3 to 2024-04-03 00:00:00+00:00, run_after=2024-04-04 00:00:00+00:00
[2024-04-05T03:23:40.494+0000] {processor.py:183} INFO - Processing /opt/airflow/dags/our_first_dag.py took 0.197 seconds
[2024-04-05T03:24:11.009+0000] {processor.py:161} INFO - Started process (PID=1883) to work on /opt/airflow/dags/our_first_dag.py
[2024-04-05T03:24:11.010+0000] {processor.py:830} INFO - Processing file /opt/airflow/dags/our_first_dag.py for tasks to queue
[2024-04-05T03:24:11.012+0000] {logging_mixin.py:188} INFO - [2024-04-05T03:24:11.011+0000] {dagbag.py:540} INFO - Filling up the DagBag from /opt/airflow/dags/our_first_dag.py
[2024-04-05T03:24:11.067+0000] {processor.py:840} INFO - DAG(s) 'our_first_dag_v3' retrieved from /opt/airflow/dags/our_first_dag.py
[2024-04-05T03:24:11.178+0000] {logging_mixin.py:188} INFO - [2024-04-05T03:24:11.178+0000] {dag.py:3047} INFO - Sync 1 DAGs
[2024-04-05T03:24:11.229+0000] {logging_mixin.py:188} INFO - [2024-04-05T03:24:11.228+0000] {dag.py:3834} INFO - Setting next_dagrun for our_first_dag_v3 to 2024-04-03 00:00:00+00:00, run_after=2024-04-04 00:00:00+00:00
[2024-04-05T03:24:11.272+0000] {processor.py:183} INFO - Processing /opt/airflow/dags/our_first_dag.py took 0.272 seconds
[2024-04-05T03:24:41.465+0000] {processor.py:161} INFO - Started process (PID=1925) to work on /opt/airflow/dags/our_first_dag.py
[2024-04-05T03:24:41.467+0000] {processor.py:830} INFO - Processing file /opt/airflow/dags/our_first_dag.py for tasks to queue
[2024-04-05T03:24:41.472+0000] {logging_mixin.py:188} INFO - [2024-04-05T03:24:41.468+0000] {dagbag.py:540} INFO - Filling up the DagBag from /opt/airflow/dags/our_first_dag.py
[2024-04-05T03:24:41.515+0000] {processor.py:840} INFO - DAG(s) 'our_first_dag_v3' retrieved from /opt/airflow/dags/our_first_dag.py
[2024-04-05T03:24:41.585+0000] {logging_mixin.py:188} INFO - [2024-04-05T03:24:41.584+0000] {dag.py:3047} INFO - Sync 1 DAGs
[2024-04-05T03:24:41.635+0000] {logging_mixin.py:188} INFO - [2024-04-05T03:24:41.634+0000] {dag.py:3834} INFO - Setting next_dagrun for our_first_dag_v3 to 2024-04-03 00:00:00+00:00, run_after=2024-04-04 00:00:00+00:00
[2024-04-05T03:24:41.675+0000] {processor.py:183} INFO - Processing /opt/airflow/dags/our_first_dag.py took 0.217 seconds
[2024-04-05T03:25:11.809+0000] {processor.py:161} INFO - Started process (PID=1966) to work on /opt/airflow/dags/our_first_dag.py
[2024-04-05T03:25:11.810+0000] {processor.py:830} INFO - Processing file /opt/airflow/dags/our_first_dag.py for tasks to queue
[2024-04-05T03:25:11.814+0000] {logging_mixin.py:188} INFO - [2024-04-05T03:25:11.811+0000] {dagbag.py:540} INFO - Filling up the DagBag from /opt/airflow/dags/our_first_dag.py
[2024-04-05T03:25:11.851+0000] {processor.py:840} INFO - DAG(s) 'our_first_dag_v3' retrieved from /opt/airflow/dags/our_first_dag.py
[2024-04-05T03:25:11.901+0000] {logging_mixin.py:188} INFO - [2024-04-05T03:25:11.900+0000] {dag.py:3047} INFO - Sync 1 DAGs
[2024-04-05T03:25:11.955+0000] {logging_mixin.py:188} INFO - [2024-04-05T03:25:11.955+0000] {dag.py:3834} INFO - Setting next_dagrun for our_first_dag_v3 to 2024-04-03 00:00:00+00:00, run_after=2024-04-04 00:00:00+00:00
[2024-04-05T03:25:11.989+0000] {processor.py:183} INFO - Processing /opt/airflow/dags/our_first_dag.py took 0.184 seconds
[2024-04-05T03:25:42.223+0000] {processor.py:161} INFO - Started process (PID=2007) to work on /opt/airflow/dags/our_first_dag.py
[2024-04-05T03:25:42.224+0000] {processor.py:830} INFO - Processing file /opt/airflow/dags/our_first_dag.py for tasks to queue
[2024-04-05T03:25:42.225+0000] {logging_mixin.py:188} INFO - [2024-04-05T03:25:42.225+0000] {dagbag.py:540} INFO - Filling up the DagBag from /opt/airflow/dags/our_first_dag.py
[2024-04-05T03:25:42.264+0000] {processor.py:840} INFO - DAG(s) 'our_first_dag_v3' retrieved from /opt/airflow/dags/our_first_dag.py
[2024-04-05T03:25:42.312+0000] {logging_mixin.py:188} INFO - [2024-04-05T03:25:42.312+0000] {dag.py:3047} INFO - Sync 1 DAGs
[2024-04-05T03:25:42.351+0000] {logging_mixin.py:188} INFO - [2024-04-05T03:25:42.351+0000] {dag.py:3834} INFO - Setting next_dagrun for our_first_dag_v3 to 2024-04-03 00:00:00+00:00, run_after=2024-04-04 00:00:00+00:00
[2024-04-05T03:25:42.385+0000] {processor.py:183} INFO - Processing /opt/airflow/dags/our_first_dag.py took 0.165 seconds
[2024-04-05T03:26:12.614+0000] {processor.py:161} INFO - Started process (PID=2048) to work on /opt/airflow/dags/our_first_dag.py
[2024-04-05T03:26:12.614+0000] {processor.py:830} INFO - Processing file /opt/airflow/dags/our_first_dag.py for tasks to queue
[2024-04-05T03:26:12.615+0000] {logging_mixin.py:188} INFO - [2024-04-05T03:26:12.615+0000] {dagbag.py:540} INFO - Filling up the DagBag from /opt/airflow/dags/our_first_dag.py
[2024-04-05T03:26:12.648+0000] {processor.py:840} INFO - DAG(s) 'our_first_dag_v3' retrieved from /opt/airflow/dags/our_first_dag.py
[2024-04-05T03:26:12.694+0000] {logging_mixin.py:188} INFO - [2024-04-05T03:26:12.694+0000] {dag.py:3047} INFO - Sync 1 DAGs
[2024-04-05T03:26:12.737+0000] {logging_mixin.py:188} INFO - [2024-04-05T03:26:12.737+0000] {dag.py:3834} INFO - Setting next_dagrun for our_first_dag_v3 to 2024-04-03 00:00:00+00:00, run_after=2024-04-04 00:00:00+00:00
[2024-04-05T03:26:12.785+0000] {processor.py:183} INFO - Processing /opt/airflow/dags/our_first_dag.py took 0.177 seconds
[2024-04-05T03:26:43.027+0000] {processor.py:161} INFO - Started process (PID=2089) to work on /opt/airflow/dags/our_first_dag.py
[2024-04-05T03:26:43.029+0000] {processor.py:830} INFO - Processing file /opt/airflow/dags/our_first_dag.py for tasks to queue
[2024-04-05T03:26:43.031+0000] {logging_mixin.py:188} INFO - [2024-04-05T03:26:43.030+0000] {dagbag.py:540} INFO - Filling up the DagBag from /opt/airflow/dags/our_first_dag.py
[2024-04-05T03:26:43.087+0000] {processor.py:840} INFO - DAG(s) 'our_first_dag_v3' retrieved from /opt/airflow/dags/our_first_dag.py
[2024-04-05T03:26:43.144+0000] {logging_mixin.py:188} INFO - [2024-04-05T03:26:43.144+0000] {dag.py:3047} INFO - Sync 1 DAGs
[2024-04-05T03:26:43.207+0000] {logging_mixin.py:188} INFO - [2024-04-05T03:26:43.204+0000] {dag.py:3834} INFO - Setting next_dagrun for our_first_dag_v3 to 2024-04-03 00:00:00+00:00, run_after=2024-04-04 00:00:00+00:00
[2024-04-05T03:26:43.259+0000] {processor.py:183} INFO - Processing /opt/airflow/dags/our_first_dag.py took 0.240 seconds
[2024-04-05T03:27:13.543+0000] {processor.py:161} INFO - Started process (PID=2130) to work on /opt/airflow/dags/our_first_dag.py
[2024-04-05T03:27:13.545+0000] {processor.py:830} INFO - Processing file /opt/airflow/dags/our_first_dag.py for tasks to queue
[2024-04-05T03:27:13.547+0000] {logging_mixin.py:188} INFO - [2024-04-05T03:27:13.546+0000] {dagbag.py:540} INFO - Filling up the DagBag from /opt/airflow/dags/our_first_dag.py
[2024-04-05T03:27:13.591+0000] {processor.py:840} INFO - DAG(s) 'our_first_dag_v3' retrieved from /opt/airflow/dags/our_first_dag.py
[2024-04-05T03:27:13.642+0000] {logging_mixin.py:188} INFO - [2024-04-05T03:27:13.642+0000] {dag.py:3047} INFO - Sync 1 DAGs
[2024-04-05T03:27:13.706+0000] {logging_mixin.py:188} INFO - [2024-04-05T03:27:13.705+0000] {dag.py:3834} INFO - Setting next_dagrun for our_first_dag_v3 to 2024-04-03 00:00:00+00:00, run_after=2024-04-04 00:00:00+00:00
[2024-04-05T03:27:13.755+0000] {processor.py:183} INFO - Processing /opt/airflow/dags/our_first_dag.py took 0.219 seconds
[2024-04-05T03:27:43.912+0000] {processor.py:161} INFO - Started process (PID=2171) to work on /opt/airflow/dags/our_first_dag.py
[2024-04-05T03:27:43.916+0000] {processor.py:830} INFO - Processing file /opt/airflow/dags/our_first_dag.py for tasks to queue
[2024-04-05T03:27:43.917+0000] {logging_mixin.py:188} INFO - [2024-04-05T03:27:43.917+0000] {dagbag.py:540} INFO - Filling up the DagBag from /opt/airflow/dags/our_first_dag.py
[2024-04-05T03:27:43.956+0000] {processor.py:840} INFO - DAG(s) 'our_first_dag_v3' retrieved from /opt/airflow/dags/our_first_dag.py
[2024-04-05T03:27:44.010+0000] {logging_mixin.py:188} INFO - [2024-04-05T03:27:44.010+0000] {dag.py:3047} INFO - Sync 1 DAGs
[2024-04-05T03:27:44.056+0000] {logging_mixin.py:188} INFO - [2024-04-05T03:27:44.052+0000] {dag.py:3834} INFO - Setting next_dagrun for our_first_dag_v3 to 2024-04-03 00:00:00+00:00, run_after=2024-04-04 00:00:00+00:00
[2024-04-05T03:27:44.106+0000] {processor.py:183} INFO - Processing /opt/airflow/dags/our_first_dag.py took 0.198 seconds
[2024-04-05T03:28:14.496+0000] {processor.py:161} INFO - Started process (PID=2212) to work on /opt/airflow/dags/our_first_dag.py
[2024-04-05T03:28:14.500+0000] {processor.py:830} INFO - Processing file /opt/airflow/dags/our_first_dag.py for tasks to queue
[2024-04-05T03:28:14.501+0000] {logging_mixin.py:188} INFO - [2024-04-05T03:28:14.501+0000] {dagbag.py:540} INFO - Filling up the DagBag from /opt/airflow/dags/our_first_dag.py
[2024-04-05T03:28:14.531+0000] {processor.py:840} INFO - DAG(s) 'our_first_dag_v3' retrieved from /opt/airflow/dags/our_first_dag.py
[2024-04-05T03:28:14.573+0000] {logging_mixin.py:188} INFO - [2024-04-05T03:28:14.572+0000] {dag.py:3047} INFO - Sync 1 DAGs
[2024-04-05T03:28:14.613+0000] {logging_mixin.py:188} INFO - [2024-04-05T03:28:14.612+0000] {dag.py:3834} INFO - Setting next_dagrun for our_first_dag_v3 to 2024-04-03 00:00:00+00:00, run_after=2024-04-04 00:00:00+00:00
[2024-04-05T03:28:14.654+0000] {processor.py:183} INFO - Processing /opt/airflow/dags/our_first_dag.py took 0.161 seconds
[2024-04-05T03:28:45.235+0000] {processor.py:161} INFO - Started process (PID=2258) to work on /opt/airflow/dags/our_first_dag.py
[2024-04-05T03:28:45.237+0000] {processor.py:830} INFO - Processing file /opt/airflow/dags/our_first_dag.py for tasks to queue
[2024-04-05T03:28:45.238+0000] {logging_mixin.py:188} INFO - [2024-04-05T03:28:45.237+0000] {dagbag.py:540} INFO - Filling up the DagBag from /opt/airflow/dags/our_first_dag.py
[2024-04-05T03:28:45.269+0000] {processor.py:840} INFO - DAG(s) 'our_first_dag_v3' retrieved from /opt/airflow/dags/our_first_dag.py
[2024-04-05T03:28:45.326+0000] {logging_mixin.py:188} INFO - [2024-04-05T03:28:45.326+0000] {dag.py:3047} INFO - Sync 1 DAGs
[2024-04-05T03:28:45.365+0000] {logging_mixin.py:188} INFO - [2024-04-05T03:28:45.361+0000] {dag.py:3834} INFO - Setting next_dagrun for our_first_dag_v3 to 2024-04-03 00:00:00+00:00, run_after=2024-04-04 00:00:00+00:00
[2024-04-05T03:28:45.408+0000] {processor.py:183} INFO - Processing /opt/airflow/dags/our_first_dag.py took 0.179 seconds
[2024-04-05T03:29:15.751+0000] {processor.py:161} INFO - Started process (PID=2304) to work on /opt/airflow/dags/our_first_dag.py
[2024-04-05T03:29:15.753+0000] {processor.py:830} INFO - Processing file /opt/airflow/dags/our_first_dag.py for tasks to queue
[2024-04-05T03:29:15.760+0000] {logging_mixin.py:188} INFO - [2024-04-05T03:29:15.755+0000] {dagbag.py:540} INFO - Filling up the DagBag from /opt/airflow/dags/our_first_dag.py
[2024-04-05T03:29:15.800+0000] {processor.py:840} INFO - DAG(s) 'our_first_dag_v3' retrieved from /opt/airflow/dags/our_first_dag.py
[2024-04-05T03:29:15.843+0000] {logging_mixin.py:188} INFO - [2024-04-05T03:29:15.843+0000] {dag.py:3047} INFO - Sync 1 DAGs
[2024-04-05T03:29:15.883+0000] {logging_mixin.py:188} INFO - [2024-04-05T03:29:15.883+0000] {dag.py:3834} INFO - Setting next_dagrun for our_first_dag_v3 to 2024-04-03 00:00:00+00:00, run_after=2024-04-04 00:00:00+00:00
[2024-04-05T03:29:15.929+0000] {processor.py:183} INFO - Processing /opt/airflow/dags/our_first_dag.py took 0.189 seconds
[2024-04-05T03:29:46.324+0000] {processor.py:161} INFO - Started process (PID=2350) to work on /opt/airflow/dags/our_first_dag.py
[2024-04-05T03:29:46.326+0000] {processor.py:830} INFO - Processing file /opt/airflow/dags/our_first_dag.py for tasks to queue
[2024-04-05T03:29:46.328+0000] {logging_mixin.py:188} INFO - [2024-04-05T03:29:46.327+0000] {dagbag.py:540} INFO - Filling up the DagBag from /opt/airflow/dags/our_first_dag.py
[2024-04-05T03:29:46.389+0000] {processor.py:840} INFO - DAG(s) 'our_first_dag_v3' retrieved from /opt/airflow/dags/our_first_dag.py
[2024-04-05T03:29:46.478+0000] {logging_mixin.py:188} INFO - [2024-04-05T03:29:46.478+0000] {dag.py:3047} INFO - Sync 1 DAGs
[2024-04-05T03:29:46.548+0000] {logging_mixin.py:188} INFO - [2024-04-05T03:29:46.548+0000] {dag.py:3834} INFO - Setting next_dagrun for our_first_dag_v3 to 2024-04-03 00:00:00+00:00, run_after=2024-04-04 00:00:00+00:00
[2024-04-05T03:29:46.658+0000] {processor.py:183} INFO - Processing /opt/airflow/dags/our_first_dag.py took 0.344 seconds
[2024-04-05T03:30:16.812+0000] {processor.py:161} INFO - Started process (PID=2396) to work on /opt/airflow/dags/our_first_dag.py
[2024-04-05T03:30:16.813+0000] {processor.py:830} INFO - Processing file /opt/airflow/dags/our_first_dag.py for tasks to queue
[2024-04-05T03:30:16.819+0000] {logging_mixin.py:188} INFO - [2024-04-05T03:30:16.814+0000] {dagbag.py:540} INFO - Filling up the DagBag from /opt/airflow/dags/our_first_dag.py
[2024-04-05T03:30:16.863+0000] {processor.py:840} INFO - DAG(s) 'our_first_dag_v3' retrieved from /opt/airflow/dags/our_first_dag.py
[2024-04-05T03:30:16.921+0000] {logging_mixin.py:188} INFO - [2024-04-05T03:30:16.921+0000] {dag.py:3047} INFO - Sync 1 DAGs
[2024-04-05T03:30:16.964+0000] {logging_mixin.py:188} INFO - [2024-04-05T03:30:16.964+0000] {dag.py:3834} INFO - Setting next_dagrun for our_first_dag_v3 to 2024-04-03 00:00:00+00:00, run_after=2024-04-04 00:00:00+00:00
[2024-04-05T03:30:17.003+0000] {processor.py:183} INFO - Processing /opt/airflow/dags/our_first_dag.py took 0.200 seconds
[2024-04-05T03:30:47.323+0000] {processor.py:161} INFO - Started process (PID=2442) to work on /opt/airflow/dags/our_first_dag.py
[2024-04-05T03:30:47.324+0000] {processor.py:830} INFO - Processing file /opt/airflow/dags/our_first_dag.py for tasks to queue
[2024-04-05T03:30:47.326+0000] {logging_mixin.py:188} INFO - [2024-04-05T03:30:47.325+0000] {dagbag.py:540} INFO - Filling up the DagBag from /opt/airflow/dags/our_first_dag.py
[2024-04-05T03:30:47.365+0000] {processor.py:840} INFO - DAG(s) 'our_first_dag_v3' retrieved from /opt/airflow/dags/our_first_dag.py
[2024-04-05T03:30:47.411+0000] {logging_mixin.py:188} INFO - [2024-04-05T03:30:47.407+0000] {dag.py:3047} INFO - Sync 1 DAGs
[2024-04-05T03:30:47.455+0000] {logging_mixin.py:188} INFO - [2024-04-05T03:30:47.455+0000] {dag.py:3834} INFO - Setting next_dagrun for our_first_dag_v3 to 2024-04-03 00:00:00+00:00, run_after=2024-04-04 00:00:00+00:00
[2024-04-05T03:30:47.490+0000] {processor.py:183} INFO - Processing /opt/airflow/dags/our_first_dag.py took 0.174 seconds
[2024-04-05T03:31:17.957+0000] {processor.py:161} INFO - Started process (PID=2493) to work on /opt/airflow/dags/our_first_dag.py
[2024-04-05T03:31:17.958+0000] {processor.py:830} INFO - Processing file /opt/airflow/dags/our_first_dag.py for tasks to queue
[2024-04-05T03:31:17.959+0000] {logging_mixin.py:188} INFO - [2024-04-05T03:31:17.959+0000] {dagbag.py:540} INFO - Filling up the DagBag from /opt/airflow/dags/our_first_dag.py
[2024-04-05T03:31:18.000+0000] {processor.py:840} INFO - DAG(s) 'our_first_dag_v3' retrieved from /opt/airflow/dags/our_first_dag.py
[2024-04-05T03:31:18.047+0000] {logging_mixin.py:188} INFO - [2024-04-05T03:31:18.046+0000] {dag.py:3047} INFO - Sync 1 DAGs
[2024-04-05T03:31:18.092+0000] {logging_mixin.py:188} INFO - [2024-04-05T03:31:18.092+0000] {dag.py:3834} INFO - Setting next_dagrun for our_first_dag_v3 to 2024-04-03 00:00:00+00:00, run_after=2024-04-04 00:00:00+00:00
[2024-04-05T03:31:18.130+0000] {processor.py:183} INFO - Processing /opt/airflow/dags/our_first_dag.py took 0.181 seconds
[2024-04-05T03:31:49.223+0000] {processor.py:161} INFO - Started process (PID=2554) to work on /opt/airflow/dags/our_first_dag.py
[2024-04-05T03:31:49.224+0000] {processor.py:830} INFO - Processing file /opt/airflow/dags/our_first_dag.py for tasks to queue
[2024-04-05T03:31:49.226+0000] {logging_mixin.py:188} INFO - [2024-04-05T03:31:49.226+0000] {dagbag.py:540} INFO - Filling up the DagBag from /opt/airflow/dags/our_first_dag.py
[2024-04-05T03:31:49.276+0000] {processor.py:840} INFO - DAG(s) 'our_first_dag_v3' retrieved from /opt/airflow/dags/our_first_dag.py
[2024-04-05T03:31:49.337+0000] {logging_mixin.py:188} INFO - [2024-04-05T03:31:49.336+0000] {dag.py:3047} INFO - Sync 1 DAGs
[2024-04-05T03:31:49.388+0000] {logging_mixin.py:188} INFO - [2024-04-05T03:31:49.387+0000] {dag.py:3834} INFO - Setting next_dagrun for our_first_dag_v3 to 2024-04-03 00:00:00+00:00, run_after=2024-04-04 00:00:00+00:00
[2024-04-05T03:31:49.437+0000] {processor.py:183} INFO - Processing /opt/airflow/dags/our_first_dag.py took 0.225 seconds
[2024-04-05T03:32:31.688+0000] {processor.py:161} INFO - Started process (PID=202) to work on /opt/airflow/dags/our_first_dag.py
[2024-04-05T03:32:31.693+0000] {processor.py:830} INFO - Processing file /opt/airflow/dags/our_first_dag.py for tasks to queue
[2024-04-05T03:32:31.699+0000] {logging_mixin.py:188} INFO - [2024-04-05T03:32:31.698+0000] {dagbag.py:540} INFO - Filling up the DagBag from /opt/airflow/dags/our_first_dag.py
[2024-04-05T03:32:31.744+0000] {processor.py:840} INFO - DAG(s) 'our_first_dag_v3' retrieved from /opt/airflow/dags/our_first_dag.py
[2024-04-05T03:32:31.805+0000] {logging_mixin.py:188} INFO - [2024-04-05T03:32:31.805+0000] {dag.py:3047} INFO - Sync 1 DAGs
[2024-04-05T03:32:31.869+0000] {logging_mixin.py:188} INFO - [2024-04-05T03:32:31.869+0000] {dag.py:3834} INFO - Setting next_dagrun for our_first_dag_v3 to 2024-04-03 00:00:00+00:00, run_after=2024-04-04 00:00:00+00:00
[2024-04-05T03:32:31.924+0000] {processor.py:183} INFO - Processing /opt/airflow/dags/our_first_dag.py took 0.246 seconds
[2024-04-05T03:33:02.667+0000] {processor.py:161} INFO - Started process (PID=250) to work on /opt/airflow/dags/our_first_dag.py
[2024-04-05T03:33:02.669+0000] {processor.py:830} INFO - Processing file /opt/airflow/dags/our_first_dag.py for tasks to queue
[2024-04-05T03:33:02.674+0000] {logging_mixin.py:188} INFO - [2024-04-05T03:33:02.674+0000] {dagbag.py:540} INFO - Filling up the DagBag from /opt/airflow/dags/our_first_dag.py
[2024-04-05T03:33:02.718+0000] {processor.py:840} INFO - DAG(s) 'our_first_dag_v3' retrieved from /opt/airflow/dags/our_first_dag.py
[2024-04-05T03:33:02.766+0000] {logging_mixin.py:188} INFO - [2024-04-05T03:33:02.766+0000] {dag.py:3047} INFO - Sync 1 DAGs
[2024-04-05T03:33:02.814+0000] {logging_mixin.py:188} INFO - [2024-04-05T03:33:02.810+0000] {dag.py:3834} INFO - Setting next_dagrun for our_first_dag_v3 to 2024-04-03 00:00:00+00:00, run_after=2024-04-04 00:00:00+00:00
[2024-04-05T03:33:02.857+0000] {processor.py:183} INFO - Processing /opt/airflow/dags/our_first_dag.py took 0.193 seconds
[2024-04-05T03:33:33.681+0000] {processor.py:161} INFO - Started process (PID=302) to work on /opt/airflow/dags/our_first_dag.py
[2024-04-05T03:33:33.682+0000] {processor.py:830} INFO - Processing file /opt/airflow/dags/our_first_dag.py for tasks to queue
[2024-04-05T03:33:33.684+0000] {logging_mixin.py:188} INFO - [2024-04-05T03:33:33.683+0000] {dagbag.py:540} INFO - Filling up the DagBag from /opt/airflow/dags/our_first_dag.py
[2024-04-05T03:33:33.733+0000] {processor.py:840} INFO - DAG(s) 'our_first_dag_v3' retrieved from /opt/airflow/dags/our_first_dag.py
[2024-04-05T03:33:33.793+0000] {logging_mixin.py:188} INFO - [2024-04-05T03:33:33.792+0000] {dag.py:3047} INFO - Sync 1 DAGs
[2024-04-05T03:33:33.835+0000] {logging_mixin.py:188} INFO - [2024-04-05T03:33:33.835+0000] {dag.py:3834} INFO - Setting next_dagrun for our_first_dag_v3 to 2024-04-03 00:00:00+00:00, run_after=2024-04-04 00:00:00+00:00
[2024-04-05T03:33:33.886+0000] {processor.py:183} INFO - Processing /opt/airflow/dags/our_first_dag.py took 0.212 seconds
[2024-04-05T03:34:04.828+0000] {processor.py:161} INFO - Started process (PID=357) to work on /opt/airflow/dags/our_first_dag.py
[2024-04-05T03:34:04.833+0000] {processor.py:830} INFO - Processing file /opt/airflow/dags/our_first_dag.py for tasks to queue
[2024-04-05T03:34:04.835+0000] {logging_mixin.py:188} INFO - [2024-04-05T03:34:04.834+0000] {dagbag.py:540} INFO - Filling up the DagBag from /opt/airflow/dags/our_first_dag.py
[2024-04-05T03:34:04.885+0000] {processor.py:840} INFO - DAG(s) 'our_first_dag_v3' retrieved from /opt/airflow/dags/our_first_dag.py
[2024-04-05T03:34:04.936+0000] {logging_mixin.py:188} INFO - [2024-04-05T03:34:04.936+0000] {dag.py:3047} INFO - Sync 1 DAGs
[2024-04-05T03:34:04.977+0000] {logging_mixin.py:188} INFO - [2024-04-05T03:34:04.977+0000] {dag.py:3834} INFO - Setting next_dagrun for our_first_dag_v3 to 2024-04-03 00:00:00+00:00, run_after=2024-04-04 00:00:00+00:00
[2024-04-05T03:34:05.028+0000] {processor.py:183} INFO - Processing /opt/airflow/dags/our_first_dag.py took 0.204 seconds
[2024-04-05T03:34:35.254+0000] {processor.py:161} INFO - Started process (PID=403) to work on /opt/airflow/dags/our_first_dag.py
[2024-04-05T03:34:35.255+0000] {processor.py:830} INFO - Processing file /opt/airflow/dags/our_first_dag.py for tasks to queue
[2024-04-05T03:34:35.261+0000] {logging_mixin.py:188} INFO - [2024-04-05T03:34:35.260+0000] {dagbag.py:540} INFO - Filling up the DagBag from /opt/airflow/dags/our_first_dag.py
[2024-04-05T03:34:35.311+0000] {processor.py:840} INFO - DAG(s) 'our_first_dag_v3' retrieved from /opt/airflow/dags/our_first_dag.py
[2024-04-05T03:34:35.363+0000] {logging_mixin.py:188} INFO - [2024-04-05T03:34:35.363+0000] {dag.py:3047} INFO - Sync 1 DAGs
[2024-04-05T03:34:35.406+0000] {logging_mixin.py:188} INFO - [2024-04-05T03:34:35.405+0000] {dag.py:3834} INFO - Setting next_dagrun for our_first_dag_v3 to 2024-04-03 00:00:00+00:00, run_after=2024-04-04 00:00:00+00:00
[2024-04-05T03:34:35.445+0000] {processor.py:183} INFO - Processing /opt/airflow/dags/our_first_dag.py took 0.194 seconds
[2024-04-05T03:35:05.637+0000] {processor.py:161} INFO - Started process (PID=447) to work on /opt/airflow/dags/our_first_dag.py
[2024-04-05T03:35:05.638+0000] {processor.py:830} INFO - Processing file /opt/airflow/dags/our_first_dag.py for tasks to queue
[2024-04-05T03:35:05.644+0000] {logging_mixin.py:188} INFO - [2024-04-05T03:35:05.639+0000] {dagbag.py:540} INFO - Filling up the DagBag from /opt/airflow/dags/our_first_dag.py
[2024-04-05T03:35:05.689+0000] {processor.py:840} INFO - DAG(s) 'our_first_dag_v3' retrieved from /opt/airflow/dags/our_first_dag.py
[2024-04-05T03:35:05.746+0000] {logging_mixin.py:188} INFO - [2024-04-05T03:35:05.745+0000] {dag.py:3047} INFO - Sync 1 DAGs
[2024-04-05T03:35:05.795+0000] {logging_mixin.py:188} INFO - [2024-04-05T03:35:05.795+0000] {dag.py:3834} INFO - Setting next_dagrun for our_first_dag_v3 to 2024-04-03 00:00:00+00:00, run_after=2024-04-04 00:00:00+00:00
[2024-04-05T03:35:05.839+0000] {processor.py:183} INFO - Processing /opt/airflow/dags/our_first_dag.py took 0.210 seconds
[2024-04-05T03:35:36.500+0000] {processor.py:161} INFO - Started process (PID=493) to work on /opt/airflow/dags/our_first_dag.py
[2024-04-05T03:35:36.501+0000] {processor.py:830} INFO - Processing file /opt/airflow/dags/our_first_dag.py for tasks to queue
[2024-04-05T03:35:36.502+0000] {logging_mixin.py:188} INFO - [2024-04-05T03:35:36.502+0000] {dagbag.py:540} INFO - Filling up the DagBag from /opt/airflow/dags/our_first_dag.py
[2024-04-05T03:35:36.541+0000] {processor.py:840} INFO - DAG(s) 'our_first_dag_v3' retrieved from /opt/airflow/dags/our_first_dag.py
[2024-04-05T03:35:36.600+0000] {logging_mixin.py:188} INFO - [2024-04-05T03:35:36.599+0000] {dag.py:3047} INFO - Sync 1 DAGs
[2024-04-05T03:35:36.660+0000] {logging_mixin.py:188} INFO - [2024-04-05T03:35:36.659+0000] {dag.py:3834} INFO - Setting next_dagrun for our_first_dag_v3 to 2024-04-03 00:00:00+00:00, run_after=2024-04-04 00:00:00+00:00
[2024-04-05T03:35:36.718+0000] {processor.py:183} INFO - Processing /opt/airflow/dags/our_first_dag.py took 0.227 seconds
[2024-04-05T03:36:06.847+0000] {processor.py:161} INFO - Started process (PID=539) to work on /opt/airflow/dags/our_first_dag.py
[2024-04-05T03:36:06.848+0000] {processor.py:830} INFO - Processing file /opt/airflow/dags/our_first_dag.py for tasks to queue
[2024-04-05T03:36:06.853+0000] {logging_mixin.py:188} INFO - [2024-04-05T03:36:06.853+0000] {dagbag.py:540} INFO - Filling up the DagBag from /opt/airflow/dags/our_first_dag.py
[2024-04-05T03:36:06.895+0000] {processor.py:840} INFO - DAG(s) 'our_first_dag_v3' retrieved from /opt/airflow/dags/our_first_dag.py
[2024-04-05T03:36:06.946+0000] {logging_mixin.py:188} INFO - [2024-04-05T03:36:06.946+0000] {dag.py:3047} INFO - Sync 1 DAGs
[2024-04-05T03:36:06.994+0000] {logging_mixin.py:188} INFO - [2024-04-05T03:36:06.993+0000] {dag.py:3834} INFO - Setting next_dagrun for our_first_dag_v3 to 2024-04-03 00:00:00+00:00, run_after=2024-04-04 00:00:00+00:00
[2024-04-05T03:36:07.043+0000] {processor.py:183} INFO - Processing /opt/airflow/dags/our_first_dag.py took 0.200 seconds
[2024-04-05T03:36:38.058+0000] {processor.py:161} INFO - Started process (PID=587) to work on /opt/airflow/dags/our_first_dag.py
[2024-04-05T03:36:38.059+0000] {processor.py:830} INFO - Processing file /opt/airflow/dags/our_first_dag.py for tasks to queue
[2024-04-05T03:36:38.061+0000] {logging_mixin.py:188} INFO - [2024-04-05T03:36:38.060+0000] {dagbag.py:540} INFO - Filling up the DagBag from /opt/airflow/dags/our_first_dag.py
[2024-04-05T03:36:38.100+0000] {processor.py:840} INFO - DAG(s) 'our_first_dag_v3' retrieved from /opt/airflow/dags/our_first_dag.py
[2024-04-05T03:36:38.150+0000] {logging_mixin.py:188} INFO - [2024-04-05T03:36:38.150+0000] {dag.py:3047} INFO - Sync 1 DAGs
[2024-04-05T03:36:38.192+0000] {logging_mixin.py:188} INFO - [2024-04-05T03:36:38.192+0000] {dag.py:3834} INFO - Setting next_dagrun for our_first_dag_v3 to 2024-04-03 00:00:00+00:00, run_after=2024-04-04 00:00:00+00:00
[2024-04-05T03:36:38.241+0000] {processor.py:183} INFO - Processing /opt/airflow/dags/our_first_dag.py took 0.191 seconds
[2024-04-05T03:37:08.794+0000] {processor.py:161} INFO - Started process (PID=633) to work on /opt/airflow/dags/our_first_dag.py
[2024-04-05T03:37:08.795+0000] {processor.py:830} INFO - Processing file /opt/airflow/dags/our_first_dag.py for tasks to queue
[2024-04-05T03:37:08.797+0000] {logging_mixin.py:188} INFO - [2024-04-05T03:37:08.796+0000] {dagbag.py:540} INFO - Filling up the DagBag from /opt/airflow/dags/our_first_dag.py
[2024-04-05T03:37:08.903+0000] {processor.py:840} INFO - DAG(s) 'our_first_dag_v3' retrieved from /opt/airflow/dags/our_first_dag.py
[2024-04-05T03:37:09.035+0000] {logging_mixin.py:188} INFO - [2024-04-05T03:37:09.035+0000] {dag.py:3047} INFO - Sync 1 DAGs
[2024-04-05T03:37:09.166+0000] {logging_mixin.py:188} INFO - [2024-04-05T03:37:09.165+0000] {dag.py:3834} INFO - Setting next_dagrun for our_first_dag_v3 to 2024-04-03 00:00:00+00:00, run_after=2024-04-04 00:00:00+00:00
[2024-04-05T03:37:09.253+0000] {processor.py:183} INFO - Processing /opt/airflow/dags/our_first_dag.py took 0.469 seconds
[2024-04-05T03:37:39.932+0000] {processor.py:161} INFO - Started process (PID=679) to work on /opt/airflow/dags/our_first_dag.py
[2024-04-05T03:37:39.933+0000] {processor.py:830} INFO - Processing file /opt/airflow/dags/our_first_dag.py for tasks to queue
[2024-04-05T03:37:39.934+0000] {logging_mixin.py:188} INFO - [2024-04-05T03:37:39.934+0000] {dagbag.py:540} INFO - Filling up the DagBag from /opt/airflow/dags/our_first_dag.py
[2024-04-05T03:37:39.975+0000] {processor.py:840} INFO - DAG(s) 'our_first_dag_v3' retrieved from /opt/airflow/dags/our_first_dag.py
[2024-04-05T03:37:40.044+0000] {logging_mixin.py:188} INFO - [2024-04-05T03:37:40.043+0000] {dag.py:3047} INFO - Sync 1 DAGs
[2024-04-05T03:37:40.104+0000] {logging_mixin.py:188} INFO - [2024-04-05T03:37:40.104+0000] {dag.py:3834} INFO - Setting next_dagrun for our_first_dag_v3 to 2024-04-03 00:00:00+00:00, run_after=2024-04-04 00:00:00+00:00
[2024-04-05T03:37:40.191+0000] {processor.py:183} INFO - Processing /opt/airflow/dags/our_first_dag.py took 0.268 seconds
[2024-04-05T03:38:10.636+0000] {processor.py:161} INFO - Started process (PID=725) to work on /opt/airflow/dags/our_first_dag.py
[2024-04-05T03:38:10.638+0000] {processor.py:830} INFO - Processing file /opt/airflow/dags/our_first_dag.py for tasks to queue
[2024-04-05T03:38:10.646+0000] {logging_mixin.py:188} INFO - [2024-04-05T03:38:10.645+0000] {dagbag.py:540} INFO - Filling up the DagBag from /opt/airflow/dags/our_first_dag.py
[2024-04-05T03:38:10.703+0000] {processor.py:840} INFO - DAG(s) 'our_first_dag_v3' retrieved from /opt/airflow/dags/our_first_dag.py
[2024-04-05T03:38:10.756+0000] {logging_mixin.py:188} INFO - [2024-04-05T03:38:10.755+0000] {dag.py:3047} INFO - Sync 1 DAGs
[2024-04-05T03:38:10.806+0000] {logging_mixin.py:188} INFO - [2024-04-05T03:38:10.806+0000] {dag.py:3834} INFO - Setting next_dagrun for our_first_dag_v3 to 2024-04-03 00:00:00+00:00, run_after=2024-04-04 00:00:00+00:00
[2024-04-05T03:38:10.853+0000] {processor.py:183} INFO - Processing /opt/airflow/dags/our_first_dag.py took 0.226 seconds
[2024-04-05T03:38:42.060+0000] {processor.py:161} INFO - Started process (PID=771) to work on /opt/airflow/dags/our_first_dag.py
[2024-04-05T03:38:42.062+0000] {processor.py:830} INFO - Processing file /opt/airflow/dags/our_first_dag.py for tasks to queue
[2024-04-05T03:38:42.071+0000] {logging_mixin.py:188} INFO - [2024-04-05T03:38:42.071+0000] {dagbag.py:540} INFO - Filling up the DagBag from /opt/airflow/dags/our_first_dag.py
[2024-04-05T03:38:42.133+0000] {processor.py:840} INFO - DAG(s) 'our_first_dag_v3' retrieved from /opt/airflow/dags/our_first_dag.py
[2024-04-05T03:38:42.205+0000] {logging_mixin.py:188} INFO - [2024-04-05T03:38:42.205+0000] {dag.py:3047} INFO - Sync 1 DAGs
[2024-04-05T03:38:42.274+0000] {logging_mixin.py:188} INFO - [2024-04-05T03:38:42.273+0000] {dag.py:3834} INFO - Setting next_dagrun for our_first_dag_v3 to 2024-04-03 00:00:00+00:00, run_after=2024-04-04 00:00:00+00:00
[2024-04-05T03:38:42.332+0000] {processor.py:183} INFO - Processing /opt/airflow/dags/our_first_dag.py took 0.280 seconds
[2024-04-05T03:39:13.153+0000] {processor.py:161} INFO - Started process (PID=820) to work on /opt/airflow/dags/our_first_dag.py
[2024-04-05T03:39:13.168+0000] {processor.py:830} INFO - Processing file /opt/airflow/dags/our_first_dag.py for tasks to queue
[2024-04-05T03:39:13.170+0000] {logging_mixin.py:188} INFO - [2024-04-05T03:39:13.169+0000] {dagbag.py:540} INFO - Filling up the DagBag from /opt/airflow/dags/our_first_dag.py
[2024-04-05T03:39:13.230+0000] {processor.py:840} INFO - DAG(s) 'our_first_dag_v3' retrieved from /opt/airflow/dags/our_first_dag.py
[2024-04-05T03:39:13.308+0000] {logging_mixin.py:188} INFO - [2024-04-05T03:39:13.308+0000] {dag.py:3047} INFO - Sync 1 DAGs
[2024-04-05T03:39:13.378+0000] {logging_mixin.py:188} INFO - [2024-04-05T03:39:13.373+0000] {dag.py:3834} INFO - Setting next_dagrun for our_first_dag_v3 to 2024-04-03 00:00:00+00:00, run_after=2024-04-04 00:00:00+00:00
[2024-04-05T03:39:13.462+0000] {processor.py:183} INFO - Processing /opt/airflow/dags/our_first_dag.py took 0.313 seconds
[2024-04-05T03:40:12.143+0000] {processor.py:161} INFO - Started process (PID=209) to work on /opt/airflow/dags/our_first_dag.py
[2024-04-05T03:40:12.149+0000] {processor.py:830} INFO - Processing file /opt/airflow/dags/our_first_dag.py for tasks to queue
[2024-04-05T03:40:12.150+0000] {logging_mixin.py:188} INFO - [2024-04-05T03:40:12.150+0000] {dagbag.py:540} INFO - Filling up the DagBag from /opt/airflow/dags/our_first_dag.py
[2024-04-05T03:40:12.201+0000] {processor.py:840} INFO - DAG(s) 'our_first_dag_v3' retrieved from /opt/airflow/dags/our_first_dag.py
[2024-04-05T03:40:12.309+0000] {logging_mixin.py:188} INFO - [2024-04-05T03:40:12.304+0000] {dag.py:3047} INFO - Sync 1 DAGs
[2024-04-05T03:40:12.374+0000] {logging_mixin.py:188} INFO - [2024-04-05T03:40:12.373+0000] {dag.py:3834} INFO - Setting next_dagrun for our_first_dag_v3 to 2024-04-03 00:00:00+00:00, run_after=2024-04-04 00:00:00+00:00
[2024-04-05T03:40:12.432+0000] {processor.py:183} INFO - Processing /opt/airflow/dags/our_first_dag.py took 0.298 seconds
[2024-04-05T03:40:45.082+0000] {processor.py:161} INFO - Started process (PID=254) to work on /opt/airflow/dags/our_first_dag.py
[2024-04-05T03:40:45.102+0000] {processor.py:830} INFO - Processing file /opt/airflow/dags/our_first_dag.py for tasks to queue
[2024-04-05T03:40:45.110+0000] {logging_mixin.py:188} INFO - [2024-04-05T03:40:45.109+0000] {dagbag.py:540} INFO - Filling up the DagBag from /opt/airflow/dags/our_first_dag.py
[2024-04-05T03:40:45.272+0000] {processor.py:840} INFO - DAG(s) 'our_first_dag_v3' retrieved from /opt/airflow/dags/our_first_dag.py
[2024-04-05T03:40:45.439+0000] {logging_mixin.py:188} INFO - [2024-04-05T03:40:45.438+0000] {dag.py:3047} INFO - Sync 1 DAGs
[2024-04-05T03:40:45.593+0000] {logging_mixin.py:188} INFO - [2024-04-05T03:40:45.592+0000] {dag.py:3834} INFO - Setting next_dagrun for our_first_dag_v3 to 2024-04-03 00:00:00+00:00, run_after=2024-04-04 00:00:00+00:00
[2024-04-05T03:40:45.740+0000] {processor.py:183} INFO - Processing /opt/airflow/dags/our_first_dag.py took 0.680 seconds
[2024-04-05T03:41:17.030+0000] {processor.py:161} INFO - Started process (PID=300) to work on /opt/airflow/dags/our_first_dag.py
[2024-04-05T03:41:17.032+0000] {processor.py:830} INFO - Processing file /opt/airflow/dags/our_first_dag.py for tasks to queue
[2024-04-05T03:41:17.039+0000] {logging_mixin.py:188} INFO - [2024-04-05T03:41:17.039+0000] {dagbag.py:540} INFO - Filling up the DagBag from /opt/airflow/dags/our_first_dag.py
[2024-04-05T03:41:17.229+0000] {processor.py:840} INFO - DAG(s) 'our_first_dag_v3' retrieved from /opt/airflow/dags/our_first_dag.py
[2024-04-05T03:41:17.401+0000] {logging_mixin.py:188} INFO - [2024-04-05T03:41:17.400+0000] {dag.py:3047} INFO - Sync 1 DAGs
[2024-04-05T03:41:17.549+0000] {logging_mixin.py:188} INFO - [2024-04-05T03:41:17.548+0000] {dag.py:3834} INFO - Setting next_dagrun for our_first_dag_v3 to 2024-04-03 00:00:00+00:00, run_after=2024-04-04 00:00:00+00:00
[2024-04-05T03:41:17.712+0000] {processor.py:183} INFO - Processing /opt/airflow/dags/our_first_dag.py took 0.710 seconds
[2024-04-05T03:41:48.557+0000] {processor.py:161} INFO - Started process (PID=348) to work on /opt/airflow/dags/our_first_dag.py
[2024-04-05T03:41:48.563+0000] {processor.py:830} INFO - Processing file /opt/airflow/dags/our_first_dag.py for tasks to queue
[2024-04-05T03:41:48.565+0000] {logging_mixin.py:188} INFO - [2024-04-05T03:41:48.564+0000] {dagbag.py:540} INFO - Filling up the DagBag from /opt/airflow/dags/our_first_dag.py
[2024-04-05T03:41:48.643+0000] {processor.py:840} INFO - DAG(s) 'our_first_dag_v3' retrieved from /opt/airflow/dags/our_first_dag.py
[2024-04-05T03:41:48.732+0000] {logging_mixin.py:188} INFO - [2024-04-05T03:41:48.727+0000] {dag.py:3047} INFO - Sync 1 DAGs
[2024-04-05T03:41:48.822+0000] {logging_mixin.py:188} INFO - [2024-04-05T03:41:48.816+0000] {dag.py:3834} INFO - Setting next_dagrun for our_first_dag_v3 to 2024-04-03 00:00:00+00:00, run_after=2024-04-04 00:00:00+00:00
[2024-04-05T03:41:48.882+0000] {processor.py:183} INFO - Processing /opt/airflow/dags/our_first_dag.py took 0.339 seconds
[2024-04-05T03:42:19.035+0000] {processor.py:161} INFO - Started process (PID=404) to work on /opt/airflow/dags/our_first_dag.py
[2024-04-05T03:42:19.042+0000] {processor.py:830} INFO - Processing file /opt/airflow/dags/our_first_dag.py for tasks to queue
[2024-04-05T03:42:19.044+0000] {logging_mixin.py:188} INFO - [2024-04-05T03:42:19.043+0000] {dagbag.py:540} INFO - Filling up the DagBag from /opt/airflow/dags/our_first_dag.py
[2024-04-05T03:42:19.136+0000] {processor.py:840} INFO - DAG(s) 'our_first_dag_v3' retrieved from /opt/airflow/dags/our_first_dag.py
[2024-04-05T03:42:19.275+0000] {logging_mixin.py:188} INFO - [2024-04-05T03:42:19.275+0000] {dag.py:3047} INFO - Sync 1 DAGs
[2024-04-05T03:42:19.424+0000] {logging_mixin.py:188} INFO - [2024-04-05T03:42:19.424+0000] {dag.py:3834} INFO - Setting next_dagrun for our_first_dag_v3 to 2024-04-03 00:00:00+00:00, run_after=2024-04-04 00:00:00+00:00
[2024-04-05T03:42:19.511+0000] {processor.py:183} INFO - Processing /opt/airflow/dags/our_first_dag.py took 0.481 seconds
[2024-04-05T03:42:50.019+0000] {processor.py:161} INFO - Started process (PID=450) to work on /opt/airflow/dags/our_first_dag.py
[2024-04-05T03:42:50.021+0000] {processor.py:830} INFO - Processing file /opt/airflow/dags/our_first_dag.py for tasks to queue
[2024-04-05T03:42:50.022+0000] {logging_mixin.py:188} INFO - [2024-04-05T03:42:50.022+0000] {dagbag.py:540} INFO - Filling up the DagBag from /opt/airflow/dags/our_first_dag.py
[2024-04-05T03:42:50.083+0000] {processor.py:840} INFO - DAG(s) 'our_first_dag_v3' retrieved from /opt/airflow/dags/our_first_dag.py
[2024-04-05T03:42:50.169+0000] {logging_mixin.py:188} INFO - [2024-04-05T03:42:50.163+0000] {dag.py:3047} INFO - Sync 1 DAGs
[2024-04-05T03:42:50.253+0000] {logging_mixin.py:188} INFO - [2024-04-05T03:42:50.252+0000] {dag.py:3834} INFO - Setting next_dagrun for our_first_dag_v3 to 2024-04-03 00:00:00+00:00, run_after=2024-04-04 00:00:00+00:00
[2024-04-05T03:42:50.323+0000] {processor.py:183} INFO - Processing /opt/airflow/dags/our_first_dag.py took 0.314 seconds
