[2024-04-01T23:33:48.120+0000] {logging_mixin.py:188} INFO - Changing /opt/***/logs/dag_id=our_first_dag/run_id=scheduled__2021-08-23T00:00:00+00:00/task_id=task1 permission to 509
[2024-04-01T23:33:48.122+0000] {logging_mixin.py:188} INFO - Changing /opt/***/logs/dag_id=our_first_dag/run_id=scheduled__2021-08-23T00:00:00+00:00 permission to 509
[2024-04-01T23:33:48.123+0000] {logging_mixin.py:188} INFO - Changing /opt/***/logs/dag_id=our_first_dag permission to 509
[2024-04-01T23:33:48.125+0000] {logging_mixin.py:188} INFO - Changing /opt/***/logs permission to 509
[2024-04-01T23:33:48.163+0000] {logging_mixin.py:188} INFO - Changing /opt/***/logs/dag_id=our_first_dag/run_id=scheduled__2021-08-23T00:00:00+00:00/task_id=task1 permission to 509
[2024-04-01T23:33:48.165+0000] {logging_mixin.py:188} INFO - Changing /opt/***/logs/dag_id=our_first_dag/run_id=scheduled__2021-08-23T00:00:00+00:00 permission to 509
[2024-04-01T23:33:48.167+0000] {logging_mixin.py:188} INFO - Changing /opt/***/logs/dag_id=our_first_dag permission to 509
[2024-04-01T23:33:48.168+0000] {logging_mixin.py:188} INFO - Changing /opt/***/logs permission to 509
[2024-04-01T23:33:48.222+0000] {taskinstance.py:1979} INFO - Dependencies all met for dep_context=non-requeueable deps ti=<TaskInstance: our_first_dag.task1 scheduled__2021-08-23T00:00:00+00:00 [queued]>
[2024-04-01T23:33:48.243+0000] {taskinstance.py:1979} INFO - Dependencies all met for dep_context=requeueable deps ti=<TaskInstance: our_first_dag.task1 scheduled__2021-08-23T00:00:00+00:00 [queued]>
[2024-04-01T23:33:48.244+0000] {taskinstance.py:2193} INFO - Starting attempt 1 of 6
[2024-04-01T23:33:48.300+0000] {taskinstance.py:2217} INFO - Executing <Task(BashOperator): task1> on 2021-08-23 00:00:00+00:00
[2024-04-01T23:33:48.306+0000] {standard_task_runner.py:60} INFO - Started process 445 to run task
[2024-04-01T23:33:48.311+0000] {standard_task_runner.py:87} INFO - Running: ['***', 'tasks', 'run', 'our_first_dag', 'task1', 'scheduled__2021-08-23T00:00:00+00:00', '--job-id', '28', '--raw', '--subdir', 'DAGS_FOLDER/our_first_dag.py', '--cfg-path', '/tmp/tmp7sji8emm']
[2024-04-01T23:33:48.315+0000] {standard_task_runner.py:88} INFO - Job 28: Subtask task1
[2024-04-01T23:33:48.403+0000] {logging_mixin.py:188} INFO - Changing /opt/***/logs/dag_id=our_first_dag/run_id=scheduled__2021-08-23T00:00:00+00:00/task_id=task1 permission to 509
[2024-04-01T23:33:48.406+0000] {logging_mixin.py:188} INFO - Changing /opt/***/logs/dag_id=our_first_dag/run_id=scheduled__2021-08-23T00:00:00+00:00 permission to 509
[2024-04-01T23:33:48.409+0000] {logging_mixin.py:188} INFO - Changing /opt/***/logs/dag_id=our_first_dag permission to 509
[2024-04-01T23:33:48.412+0000] {logging_mixin.py:188} INFO - Changing /opt/***/logs permission to 509
[2024-04-01T23:33:48.417+0000] {task_command.py:423} INFO - Running <TaskInstance: our_first_dag.task1 scheduled__2021-08-23T00:00:00+00:00 [running]> on host 46dc445f2ec8
[2024-04-01T23:33:48.579+0000] {taskinstance.py:2513} INFO - Exporting env vars: AIRFLOW_CTX_DAG_OWNER='coder2j' AIRFLOW_CTX_DAG_ID='our_first_dag' AIRFLOW_CTX_TASK_ID='task1' AIRFLOW_CTX_EXECUTION_DATE='2021-08-23T00:00:00+00:00' AIRFLOW_CTX_TRY_NUMBER='1' AIRFLOW_CTX_DAG_RUN_ID='scheduled__2021-08-23T00:00:00+00:00'
[2024-04-01T23:33:48.582+0000] {subprocess.py:63} INFO - Tmp dir root location: /tmp
[2024-04-01T23:33:48.584+0000] {subprocess.py:75} INFO - Running command: ['/usr/bin/bash', '-c', 'echo Hello, World!']
[2024-04-01T23:33:48.597+0000] {subprocess.py:86} INFO - Output:
[2024-04-01T23:33:48.600+0000] {subprocess.py:93} INFO - Hello, World!
[2024-04-01T23:33:48.601+0000] {subprocess.py:97} INFO - Command exited with return code 0
[2024-04-01T23:33:48.643+0000] {taskinstance.py:1149} INFO - Marking task as SUCCESS. dag_id=our_first_dag, task_id=task1, execution_date=20210823T000000, start_date=20240401T233348, end_date=20240401T233348
[2024-04-01T23:33:48.687+0000] {local_task_job_runner.py:234} INFO - Task exited with return code 0
[2024-04-01T23:33:48.724+0000] {taskinstance.py:3312} INFO - 0 downstream tasks scheduled from follow-on schedule check
