[2024-04-01T23:33:39.735+0000] {logging_mixin.py:188} INFO - Changing /opt/***/logs/dag_id=our_first_dag/run_id=scheduled__2021-08-04T00:00:00+00:00/task_id=task1 permission to 509
[2024-04-01T23:33:39.737+0000] {logging_mixin.py:188} INFO - Changing /opt/***/logs/dag_id=our_first_dag/run_id=scheduled__2021-08-04T00:00:00+00:00 permission to 509
[2024-04-01T23:33:39.741+0000] {logging_mixin.py:188} INFO - Changing /opt/***/logs/dag_id=our_first_dag permission to 509
[2024-04-01T23:33:39.747+0000] {logging_mixin.py:188} INFO - Changing /opt/***/logs permission to 509
[2024-04-01T23:33:39.832+0000] {logging_mixin.py:188} INFO - Changing /opt/***/logs/dag_id=our_first_dag/run_id=scheduled__2021-08-04T00:00:00+00:00/task_id=task1 permission to 509
[2024-04-01T23:33:39.836+0000] {logging_mixin.py:188} INFO - Changing /opt/***/logs/dag_id=our_first_dag/run_id=scheduled__2021-08-04T00:00:00+00:00 permission to 509
[2024-04-01T23:33:39.839+0000] {logging_mixin.py:188} INFO - Changing /opt/***/logs/dag_id=our_first_dag permission to 509
[2024-04-01T23:33:39.843+0000] {logging_mixin.py:188} INFO - Changing /opt/***/logs permission to 509
[2024-04-01T23:33:39.927+0000] {taskinstance.py:1979} INFO - Dependencies all met for dep_context=non-requeueable deps ti=<TaskInstance: our_first_dag.task1 scheduled__2021-08-04T00:00:00+00:00 [queued]>
[2024-04-01T23:33:39.950+0000] {taskinstance.py:1979} INFO - Dependencies all met for dep_context=requeueable deps ti=<TaskInstance: our_first_dag.task1 scheduled__2021-08-04T00:00:00+00:00 [queued]>
[2024-04-01T23:33:39.952+0000] {taskinstance.py:2193} INFO - Starting attempt 1 of 6
[2024-04-01T23:33:39.991+0000] {taskinstance.py:2217} INFO - Executing <Task(BashOperator): task1> on 2021-08-04 00:00:00+00:00
[2024-04-01T23:33:39.998+0000] {standard_task_runner.py:60} INFO - Started process 377 to run task
[2024-04-01T23:33:40.005+0000] {standard_task_runner.py:87} INFO - Running: ['***', 'tasks', 'run', 'our_first_dag', 'task1', 'scheduled__2021-08-04T00:00:00+00:00', '--job-id', '8', '--raw', '--subdir', 'DAGS_FOLDER/our_first_dag.py', '--cfg-path', '/tmp/tmp5gcxc7nw']
[2024-04-01T23:33:40.010+0000] {standard_task_runner.py:88} INFO - Job 8: Subtask task1
[2024-04-01T23:33:40.089+0000] {logging_mixin.py:188} INFO - Changing /opt/***/logs/dag_id=our_first_dag/run_id=scheduled__2021-08-04T00:00:00+00:00/task_id=task1 permission to 509
[2024-04-01T23:33:40.091+0000] {logging_mixin.py:188} INFO - Changing /opt/***/logs/dag_id=our_first_dag/run_id=scheduled__2021-08-04T00:00:00+00:00 permission to 509
[2024-04-01T23:33:40.093+0000] {logging_mixin.py:188} INFO - Changing /opt/***/logs/dag_id=our_first_dag permission to 509
[2024-04-01T23:33:40.094+0000] {logging_mixin.py:188} INFO - Changing /opt/***/logs permission to 509
[2024-04-01T23:33:40.097+0000] {task_command.py:423} INFO - Running <TaskInstance: our_first_dag.task1 scheduled__2021-08-04T00:00:00+00:00 [running]> on host 46dc445f2ec8
[2024-04-01T23:33:40.207+0000] {taskinstance.py:2513} INFO - Exporting env vars: AIRFLOW_CTX_DAG_OWNER='coder2j' AIRFLOW_CTX_DAG_ID='our_first_dag' AIRFLOW_CTX_TASK_ID='task1' AIRFLOW_CTX_EXECUTION_DATE='2021-08-04T00:00:00+00:00' AIRFLOW_CTX_TRY_NUMBER='1' AIRFLOW_CTX_DAG_RUN_ID='scheduled__2021-08-04T00:00:00+00:00'
[2024-04-01T23:33:40.209+0000] {subprocess.py:63} INFO - Tmp dir root location: /tmp
[2024-04-01T23:33:40.210+0000] {subprocess.py:75} INFO - Running command: ['/usr/bin/bash', '-c', 'echo Hello, World!']
[2024-04-01T23:33:40.219+0000] {subprocess.py:86} INFO - Output:
[2024-04-01T23:33:40.221+0000] {subprocess.py:93} INFO - Hello, World!
[2024-04-01T23:33:40.222+0000] {subprocess.py:97} INFO - Command exited with return code 0
[2024-04-01T23:33:40.254+0000] {taskinstance.py:1149} INFO - Marking task as SUCCESS. dag_id=our_first_dag, task_id=task1, execution_date=20210804T000000, start_date=20240401T233339, end_date=20240401T233340
[2024-04-01T23:33:40.296+0000] {local_task_job_runner.py:234} INFO - Task exited with return code 0
[2024-04-01T23:33:40.315+0000] {taskinstance.py:3312} INFO - 0 downstream tasks scheduled from follow-on schedule check
