[2024-04-01T22:56:51.188+0000] {processor.py:161} INFO - Started process (PID=237) to work on /home/airflow/.local/lib/python3.8/site-packages/airflow/example_dags/example_branch_python_dop_operator_3.py
[2024-04-01T22:56:51.190+0000] {processor.py:830} INFO - Processing file /home/airflow/.local/lib/python3.8/site-packages/airflow/example_dags/example_branch_python_dop_operator_3.py for tasks to queue
[2024-04-01T22:56:51.192+0000] {logging_mixin.py:188} INFO - [2024-04-01T22:56:51.191+0000] {dagbag.py:540} INFO - Filling up the DagBag from /home/airflow/.local/lib/python3.8/site-packages/airflow/example_dags/example_branch_python_dop_operator_3.py
[2024-04-01T22:56:51.206+0000] {processor.py:840} INFO - DAG(s) 'example_branch_dop_operator_v3' retrieved from /home/airflow/.local/lib/python3.8/site-packages/airflow/example_dags/example_branch_python_dop_operator_3.py
[2024-04-01T22:56:51.218+0000] {logging_mixin.py:188} INFO - [2024-04-01T22:56:51.218+0000] {dag.py:3047} INFO - Sync 1 DAGs
[2024-04-01T22:56:51.254+0000] {logging_mixin.py:188} INFO - [2024-04-01T22:56:51.253+0000] {dag.py:3834} INFO - Setting next_dagrun for example_branch_dop_operator_v3 to 2024-04-01 22:55:00+00:00, run_after=2024-04-01 22:56:00+00:00
[2024-04-01T22:56:51.283+0000] {processor.py:183} INFO - Processing /home/airflow/.local/lib/python3.8/site-packages/airflow/example_dags/example_branch_python_dop_operator_3.py took 0.098 seconds
[2024-04-01T22:57:22.681+0000] {processor.py:161} INFO - Started process (PID=486) to work on /home/airflow/.local/lib/python3.8/site-packages/airflow/example_dags/example_branch_python_dop_operator_3.py
[2024-04-01T22:57:22.682+0000] {processor.py:830} INFO - Processing file /home/airflow/.local/lib/python3.8/site-packages/airflow/example_dags/example_branch_python_dop_operator_3.py for tasks to queue
[2024-04-01T22:57:22.683+0000] {logging_mixin.py:188} INFO - [2024-04-01T22:57:22.683+0000] {dagbag.py:540} INFO - Filling up the DagBag from /home/airflow/.local/lib/python3.8/site-packages/airflow/example_dags/example_branch_python_dop_operator_3.py
[2024-04-01T22:57:22.691+0000] {processor.py:840} INFO - DAG(s) 'example_branch_dop_operator_v3' retrieved from /home/airflow/.local/lib/python3.8/site-packages/airflow/example_dags/example_branch_python_dop_operator_3.py
[2024-04-01T22:57:22.795+0000] {logging_mixin.py:188} INFO - [2024-04-01T22:57:22.795+0000] {dag.py:3047} INFO - Sync 1 DAGs
[2024-04-01T22:57:22.820+0000] {logging_mixin.py:188} INFO - [2024-04-01T22:57:22.820+0000] {dag.py:3834} INFO - Setting next_dagrun for example_branch_dop_operator_v3 to 2024-04-01 22:56:00+00:00, run_after=2024-04-01 22:57:00+00:00
[2024-04-01T22:57:22.848+0000] {processor.py:183} INFO - Processing /home/airflow/.local/lib/python3.8/site-packages/airflow/example_dags/example_branch_python_dop_operator_3.py took 0.170 seconds
[2024-04-01T22:57:53.365+0000] {processor.py:161} INFO - Started process (PID=731) to work on /home/airflow/.local/lib/python3.8/site-packages/airflow/example_dags/example_branch_python_dop_operator_3.py
[2024-04-01T22:57:53.366+0000] {processor.py:830} INFO - Processing file /home/airflow/.local/lib/python3.8/site-packages/airflow/example_dags/example_branch_python_dop_operator_3.py for tasks to queue
[2024-04-01T22:57:53.367+0000] {logging_mixin.py:188} INFO - [2024-04-01T22:57:53.367+0000] {dagbag.py:540} INFO - Filling up the DagBag from /home/airflow/.local/lib/python3.8/site-packages/airflow/example_dags/example_branch_python_dop_operator_3.py
[2024-04-01T22:57:53.375+0000] {processor.py:840} INFO - DAG(s) 'example_branch_dop_operator_v3' retrieved from /home/airflow/.local/lib/python3.8/site-packages/airflow/example_dags/example_branch_python_dop_operator_3.py
[2024-04-01T22:57:53.395+0000] {logging_mixin.py:188} INFO - [2024-04-01T22:57:53.395+0000] {dag.py:3047} INFO - Sync 1 DAGs
[2024-04-01T22:57:53.420+0000] {logging_mixin.py:188} INFO - [2024-04-01T22:57:53.420+0000] {dag.py:3834} INFO - Setting next_dagrun for example_branch_dop_operator_v3 to 2024-04-01 22:56:00+00:00, run_after=2024-04-01 22:57:00+00:00
[2024-04-01T22:57:53.451+0000] {processor.py:183} INFO - Processing /home/airflow/.local/lib/python3.8/site-packages/airflow/example_dags/example_branch_python_dop_operator_3.py took 0.089 seconds
[2024-04-01T22:58:23.837+0000] {processor.py:161} INFO - Started process (PID=978) to work on /home/airflow/.local/lib/python3.8/site-packages/airflow/example_dags/example_branch_python_dop_operator_3.py
[2024-04-01T22:58:23.838+0000] {processor.py:830} INFO - Processing file /home/airflow/.local/lib/python3.8/site-packages/airflow/example_dags/example_branch_python_dop_operator_3.py for tasks to queue
[2024-04-01T22:58:23.839+0000] {logging_mixin.py:188} INFO - [2024-04-01T22:58:23.838+0000] {dagbag.py:540} INFO - Filling up the DagBag from /home/airflow/.local/lib/python3.8/site-packages/airflow/example_dags/example_branch_python_dop_operator_3.py
[2024-04-01T22:58:23.847+0000] {processor.py:840} INFO - DAG(s) 'example_branch_dop_operator_v3' retrieved from /home/airflow/.local/lib/python3.8/site-packages/airflow/example_dags/example_branch_python_dop_operator_3.py
[2024-04-01T22:58:23.872+0000] {logging_mixin.py:188} INFO - [2024-04-01T22:58:23.872+0000] {dag.py:3047} INFO - Sync 1 DAGs
[2024-04-01T22:58:23.900+0000] {logging_mixin.py:188} INFO - [2024-04-01T22:58:23.900+0000] {dag.py:3834} INFO - Setting next_dagrun for example_branch_dop_operator_v3 to 2024-04-01 22:57:00+00:00, run_after=2024-04-01 22:58:00+00:00
[2024-04-01T22:58:23.934+0000] {processor.py:183} INFO - Processing /home/airflow/.local/lib/python3.8/site-packages/airflow/example_dags/example_branch_python_dop_operator_3.py took 0.100 seconds
[2024-04-01T22:58:54.177+0000] {processor.py:161} INFO - Started process (PID=1227) to work on /home/airflow/.local/lib/python3.8/site-packages/airflow/example_dags/example_branch_python_dop_operator_3.py
[2024-04-01T22:58:54.178+0000] {processor.py:830} INFO - Processing file /home/airflow/.local/lib/python3.8/site-packages/airflow/example_dags/example_branch_python_dop_operator_3.py for tasks to queue
[2024-04-01T22:58:54.180+0000] {logging_mixin.py:188} INFO - [2024-04-01T22:58:54.179+0000] {dagbag.py:540} INFO - Filling up the DagBag from /home/airflow/.local/lib/python3.8/site-packages/airflow/example_dags/example_branch_python_dop_operator_3.py
[2024-04-01T22:58:54.193+0000] {processor.py:840} INFO - DAG(s) 'example_branch_dop_operator_v3' retrieved from /home/airflow/.local/lib/python3.8/site-packages/airflow/example_dags/example_branch_python_dop_operator_3.py
[2024-04-01T22:58:54.222+0000] {logging_mixin.py:188} INFO - [2024-04-01T22:58:54.222+0000] {dag.py:3047} INFO - Sync 1 DAGs
[2024-04-01T22:58:54.269+0000] {logging_mixin.py:188} INFO - [2024-04-01T22:58:54.269+0000] {dag.py:3834} INFO - Setting next_dagrun for example_branch_dop_operator_v3 to 2024-04-01 22:57:00+00:00, run_after=2024-04-01 22:58:00+00:00
[2024-04-01T22:58:54.299+0000] {processor.py:183} INFO - Processing /home/airflow/.local/lib/python3.8/site-packages/airflow/example_dags/example_branch_python_dop_operator_3.py took 0.127 seconds
[2024-04-01T22:59:24.750+0000] {processor.py:161} INFO - Started process (PID=1474) to work on /home/airflow/.local/lib/python3.8/site-packages/airflow/example_dags/example_branch_python_dop_operator_3.py
[2024-04-01T22:59:24.751+0000] {processor.py:830} INFO - Processing file /home/airflow/.local/lib/python3.8/site-packages/airflow/example_dags/example_branch_python_dop_operator_3.py for tasks to queue
[2024-04-01T22:59:24.752+0000] {logging_mixin.py:188} INFO - [2024-04-01T22:59:24.752+0000] {dagbag.py:540} INFO - Filling up the DagBag from /home/airflow/.local/lib/python3.8/site-packages/airflow/example_dags/example_branch_python_dop_operator_3.py
[2024-04-01T22:59:24.760+0000] {processor.py:840} INFO - DAG(s) 'example_branch_dop_operator_v3' retrieved from /home/airflow/.local/lib/python3.8/site-packages/airflow/example_dags/example_branch_python_dop_operator_3.py
[2024-04-01T22:59:24.783+0000] {logging_mixin.py:188} INFO - [2024-04-01T22:59:24.783+0000] {dag.py:3047} INFO - Sync 1 DAGs
[2024-04-01T22:59:24.811+0000] {logging_mixin.py:188} INFO - [2024-04-01T22:59:24.811+0000] {dag.py:3834} INFO - Setting next_dagrun for example_branch_dop_operator_v3 to 2024-04-01 22:58:00+00:00, run_after=2024-04-01 22:59:00+00:00
[2024-04-01T22:59:24.844+0000] {processor.py:183} INFO - Processing /home/airflow/.local/lib/python3.8/site-packages/airflow/example_dags/example_branch_python_dop_operator_3.py took 0.098 seconds
[2024-04-01T22:59:55.051+0000] {processor.py:161} INFO - Started process (PID=1745) to work on /home/airflow/.local/lib/python3.8/site-packages/airflow/example_dags/example_branch_python_dop_operator_3.py
[2024-04-01T22:59:55.052+0000] {processor.py:830} INFO - Processing file /home/airflow/.local/lib/python3.8/site-packages/airflow/example_dags/example_branch_python_dop_operator_3.py for tasks to queue
[2024-04-01T22:59:55.053+0000] {logging_mixin.py:188} INFO - [2024-04-01T22:59:55.053+0000] {dagbag.py:540} INFO - Filling up the DagBag from /home/airflow/.local/lib/python3.8/site-packages/airflow/example_dags/example_branch_python_dop_operator_3.py
[2024-04-01T22:59:55.062+0000] {processor.py:840} INFO - DAG(s) 'example_branch_dop_operator_v3' retrieved from /home/airflow/.local/lib/python3.8/site-packages/airflow/example_dags/example_branch_python_dop_operator_3.py
[2024-04-01T22:59:55.086+0000] {logging_mixin.py:188} INFO - [2024-04-01T22:59:55.086+0000] {dag.py:3047} INFO - Sync 1 DAGs
[2024-04-01T22:59:55.117+0000] {logging_mixin.py:188} INFO - [2024-04-01T22:59:55.117+0000] {dag.py:3834} INFO - Setting next_dagrun for example_branch_dop_operator_v3 to 2024-04-01 22:58:00+00:00, run_after=2024-04-01 22:59:00+00:00
[2024-04-01T22:59:55.151+0000] {processor.py:183} INFO - Processing /home/airflow/.local/lib/python3.8/site-packages/airflow/example_dags/example_branch_python_dop_operator_3.py took 0.103 seconds
[2024-04-01T23:00:25.639+0000] {processor.py:161} INFO - Started process (PID=1993) to work on /home/airflow/.local/lib/python3.8/site-packages/airflow/example_dags/example_branch_python_dop_operator_3.py
[2024-04-01T23:00:25.640+0000] {processor.py:830} INFO - Processing file /home/airflow/.local/lib/python3.8/site-packages/airflow/example_dags/example_branch_python_dop_operator_3.py for tasks to queue
[2024-04-01T23:00:25.641+0000] {logging_mixin.py:188} INFO - [2024-04-01T23:00:25.640+0000] {dagbag.py:540} INFO - Filling up the DagBag from /home/airflow/.local/lib/python3.8/site-packages/airflow/example_dags/example_branch_python_dop_operator_3.py
[2024-04-01T23:00:25.649+0000] {processor.py:840} INFO - DAG(s) 'example_branch_dop_operator_v3' retrieved from /home/airflow/.local/lib/python3.8/site-packages/airflow/example_dags/example_branch_python_dop_operator_3.py
[2024-04-01T23:00:25.670+0000] {logging_mixin.py:188} INFO - [2024-04-01T23:00:25.670+0000] {dag.py:3047} INFO - Sync 1 DAGs
[2024-04-01T23:00:25.698+0000] {logging_mixin.py:188} INFO - [2024-04-01T23:00:25.697+0000] {dag.py:3834} INFO - Setting next_dagrun for example_branch_dop_operator_v3 to 2024-04-01 22:59:00+00:00, run_after=2024-04-01 23:00:00+00:00
[2024-04-01T23:00:25.720+0000] {processor.py:183} INFO - Processing /home/airflow/.local/lib/python3.8/site-packages/airflow/example_dags/example_branch_python_dop_operator_3.py took 0.084 seconds
[2024-04-01T23:00:55.859+0000] {processor.py:161} INFO - Started process (PID=2240) to work on /home/airflow/.local/lib/python3.8/site-packages/airflow/example_dags/example_branch_python_dop_operator_3.py
[2024-04-01T23:00:55.860+0000] {processor.py:830} INFO - Processing file /home/airflow/.local/lib/python3.8/site-packages/airflow/example_dags/example_branch_python_dop_operator_3.py for tasks to queue
[2024-04-01T23:00:55.861+0000] {logging_mixin.py:188} INFO - [2024-04-01T23:00:55.861+0000] {dagbag.py:540} INFO - Filling up the DagBag from /home/airflow/.local/lib/python3.8/site-packages/airflow/example_dags/example_branch_python_dop_operator_3.py
[2024-04-01T23:00:55.871+0000] {processor.py:840} INFO - DAG(s) 'example_branch_dop_operator_v3' retrieved from /home/airflow/.local/lib/python3.8/site-packages/airflow/example_dags/example_branch_python_dop_operator_3.py
[2024-04-01T23:00:55.892+0000] {logging_mixin.py:188} INFO - [2024-04-01T23:00:55.891+0000] {dag.py:3047} INFO - Sync 1 DAGs
[2024-04-01T23:00:55.917+0000] {logging_mixin.py:188} INFO - [2024-04-01T23:00:55.917+0000] {dag.py:3834} INFO - Setting next_dagrun for example_branch_dop_operator_v3 to 2024-04-01 22:59:00+00:00, run_after=2024-04-01 23:00:00+00:00
[2024-04-01T23:00:55.939+0000] {processor.py:183} INFO - Processing /home/airflow/.local/lib/python3.8/site-packages/airflow/example_dags/example_branch_python_dop_operator_3.py took 0.084 seconds
[2024-04-01T23:01:26.264+0000] {processor.py:161} INFO - Started process (PID=2485) to work on /home/airflow/.local/lib/python3.8/site-packages/airflow/example_dags/example_branch_python_dop_operator_3.py
[2024-04-01T23:01:26.266+0000] {processor.py:830} INFO - Processing file /home/airflow/.local/lib/python3.8/site-packages/airflow/example_dags/example_branch_python_dop_operator_3.py for tasks to queue
[2024-04-01T23:01:26.267+0000] {logging_mixin.py:188} INFO - [2024-04-01T23:01:26.267+0000] {dagbag.py:540} INFO - Filling up the DagBag from /home/airflow/.local/lib/python3.8/site-packages/airflow/example_dags/example_branch_python_dop_operator_3.py
[2024-04-01T23:01:26.279+0000] {processor.py:840} INFO - DAG(s) 'example_branch_dop_operator_v3' retrieved from /home/airflow/.local/lib/python3.8/site-packages/airflow/example_dags/example_branch_python_dop_operator_3.py
[2024-04-01T23:01:26.302+0000] {logging_mixin.py:188} INFO - [2024-04-01T23:01:26.301+0000] {dag.py:3047} INFO - Sync 1 DAGs
[2024-04-01T23:01:26.332+0000] {logging_mixin.py:188} INFO - [2024-04-01T23:01:26.332+0000] {dag.py:3834} INFO - Setting next_dagrun for example_branch_dop_operator_v3 to 2024-04-01 23:00:00+00:00, run_after=2024-04-01 23:01:00+00:00
[2024-04-01T23:01:26.364+0000] {processor.py:183} INFO - Processing /home/airflow/.local/lib/python3.8/site-packages/airflow/example_dags/example_branch_python_dop_operator_3.py took 0.102 seconds
[2024-04-01T23:01:56.835+0000] {processor.py:161} INFO - Started process (PID=2732) to work on /home/airflow/.local/lib/python3.8/site-packages/airflow/example_dags/example_branch_python_dop_operator_3.py
[2024-04-01T23:01:56.836+0000] {processor.py:830} INFO - Processing file /home/airflow/.local/lib/python3.8/site-packages/airflow/example_dags/example_branch_python_dop_operator_3.py for tasks to queue
[2024-04-01T23:01:56.838+0000] {logging_mixin.py:188} INFO - [2024-04-01T23:01:56.837+0000] {dagbag.py:540} INFO - Filling up the DagBag from /home/airflow/.local/lib/python3.8/site-packages/airflow/example_dags/example_branch_python_dop_operator_3.py
[2024-04-01T23:01:56.846+0000] {processor.py:840} INFO - DAG(s) 'example_branch_dop_operator_v3' retrieved from /home/airflow/.local/lib/python3.8/site-packages/airflow/example_dags/example_branch_python_dop_operator_3.py
[2024-04-01T23:01:56.869+0000] {logging_mixin.py:188} INFO - [2024-04-01T23:01:56.869+0000] {dag.py:3047} INFO - Sync 1 DAGs
[2024-04-01T23:01:56.896+0000] {logging_mixin.py:188} INFO - [2024-04-01T23:01:56.896+0000] {dag.py:3834} INFO - Setting next_dagrun for example_branch_dop_operator_v3 to 2024-04-01 23:00:00+00:00, run_after=2024-04-01 23:01:00+00:00
[2024-04-01T23:01:56.926+0000] {processor.py:183} INFO - Processing /home/airflow/.local/lib/python3.8/site-packages/airflow/example_dags/example_branch_python_dop_operator_3.py took 0.094 seconds
[2024-04-01T23:02:27.422+0000] {processor.py:161} INFO - Started process (PID=2981) to work on /home/airflow/.local/lib/python3.8/site-packages/airflow/example_dags/example_branch_python_dop_operator_3.py
[2024-04-01T23:02:27.423+0000] {processor.py:830} INFO - Processing file /home/airflow/.local/lib/python3.8/site-packages/airflow/example_dags/example_branch_python_dop_operator_3.py for tasks to queue
[2024-04-01T23:02:27.424+0000] {logging_mixin.py:188} INFO - [2024-04-01T23:02:27.424+0000] {dagbag.py:540} INFO - Filling up the DagBag from /home/airflow/.local/lib/python3.8/site-packages/airflow/example_dags/example_branch_python_dop_operator_3.py
[2024-04-01T23:02:27.433+0000] {processor.py:840} INFO - DAG(s) 'example_branch_dop_operator_v3' retrieved from /home/airflow/.local/lib/python3.8/site-packages/airflow/example_dags/example_branch_python_dop_operator_3.py
[2024-04-01T23:02:27.453+0000] {logging_mixin.py:188} INFO - [2024-04-01T23:02:27.453+0000] {dag.py:3047} INFO - Sync 1 DAGs
[2024-04-01T23:02:27.481+0000] {logging_mixin.py:188} INFO - [2024-04-01T23:02:27.481+0000] {dag.py:3834} INFO - Setting next_dagrun for example_branch_dop_operator_v3 to 2024-04-01 23:01:00+00:00, run_after=2024-04-01 23:02:00+00:00
[2024-04-01T23:02:27.513+0000] {processor.py:183} INFO - Processing /home/airflow/.local/lib/python3.8/site-packages/airflow/example_dags/example_branch_python_dop_operator_3.py took 0.095 seconds
[2024-04-01T23:02:57.830+0000] {processor.py:161} INFO - Started process (PID=3228) to work on /home/airflow/.local/lib/python3.8/site-packages/airflow/example_dags/example_branch_python_dop_operator_3.py
[2024-04-01T23:02:57.831+0000] {processor.py:830} INFO - Processing file /home/airflow/.local/lib/python3.8/site-packages/airflow/example_dags/example_branch_python_dop_operator_3.py for tasks to queue
[2024-04-01T23:02:57.832+0000] {logging_mixin.py:188} INFO - [2024-04-01T23:02:57.832+0000] {dagbag.py:540} INFO - Filling up the DagBag from /home/airflow/.local/lib/python3.8/site-packages/airflow/example_dags/example_branch_python_dop_operator_3.py
[2024-04-01T23:02:57.840+0000] {processor.py:840} INFO - DAG(s) 'example_branch_dop_operator_v3' retrieved from /home/airflow/.local/lib/python3.8/site-packages/airflow/example_dags/example_branch_python_dop_operator_3.py
[2024-04-01T23:02:57.861+0000] {logging_mixin.py:188} INFO - [2024-04-01T23:02:57.860+0000] {dag.py:3047} INFO - Sync 1 DAGs
[2024-04-01T23:02:57.887+0000] {logging_mixin.py:188} INFO - [2024-04-01T23:02:57.887+0000] {dag.py:3834} INFO - Setting next_dagrun for example_branch_dop_operator_v3 to 2024-04-01 23:01:00+00:00, run_after=2024-04-01 23:02:00+00:00
[2024-04-01T23:02:57.919+0000] {processor.py:183} INFO - Processing /home/airflow/.local/lib/python3.8/site-packages/airflow/example_dags/example_branch_python_dop_operator_3.py took 0.092 seconds
[2024-04-01T23:03:28.235+0000] {processor.py:161} INFO - Started process (PID=3473) to work on /home/airflow/.local/lib/python3.8/site-packages/airflow/example_dags/example_branch_python_dop_operator_3.py
[2024-04-01T23:03:28.236+0000] {processor.py:830} INFO - Processing file /home/airflow/.local/lib/python3.8/site-packages/airflow/example_dags/example_branch_python_dop_operator_3.py for tasks to queue
[2024-04-01T23:03:28.237+0000] {logging_mixin.py:188} INFO - [2024-04-01T23:03:28.236+0000] {dagbag.py:540} INFO - Filling up the DagBag from /home/airflow/.local/lib/python3.8/site-packages/airflow/example_dags/example_branch_python_dop_operator_3.py
[2024-04-01T23:03:28.245+0000] {processor.py:840} INFO - DAG(s) 'example_branch_dop_operator_v3' retrieved from /home/airflow/.local/lib/python3.8/site-packages/airflow/example_dags/example_branch_python_dop_operator_3.py
[2024-04-01T23:03:28.266+0000] {logging_mixin.py:188} INFO - [2024-04-01T23:03:28.265+0000] {dag.py:3047} INFO - Sync 1 DAGs
[2024-04-01T23:03:28.293+0000] {logging_mixin.py:188} INFO - [2024-04-01T23:03:28.292+0000] {dag.py:3834} INFO - Setting next_dagrun for example_branch_dop_operator_v3 to 2024-04-01 23:02:00+00:00, run_after=2024-04-01 23:03:00+00:00
[2024-04-01T23:03:28.318+0000] {processor.py:183} INFO - Processing /home/airflow/.local/lib/python3.8/site-packages/airflow/example_dags/example_branch_python_dop_operator_3.py took 0.086 seconds
[2024-04-01T23:03:58.899+0000] {processor.py:161} INFO - Started process (PID=3722) to work on /home/airflow/.local/lib/python3.8/site-packages/airflow/example_dags/example_branch_python_dop_operator_3.py
[2024-04-01T23:03:58.901+0000] {processor.py:830} INFO - Processing file /home/airflow/.local/lib/python3.8/site-packages/airflow/example_dags/example_branch_python_dop_operator_3.py for tasks to queue
[2024-04-01T23:03:58.902+0000] {logging_mixin.py:188} INFO - [2024-04-01T23:03:58.901+0000] {dagbag.py:540} INFO - Filling up the DagBag from /home/airflow/.local/lib/python3.8/site-packages/airflow/example_dags/example_branch_python_dop_operator_3.py
[2024-04-01T23:03:58.910+0000] {processor.py:840} INFO - DAG(s) 'example_branch_dop_operator_v3' retrieved from /home/airflow/.local/lib/python3.8/site-packages/airflow/example_dags/example_branch_python_dop_operator_3.py
[2024-04-01T23:03:58.931+0000] {logging_mixin.py:188} INFO - [2024-04-01T23:03:58.931+0000] {dag.py:3047} INFO - Sync 1 DAGs
[2024-04-01T23:03:58.958+0000] {logging_mixin.py:188} INFO - [2024-04-01T23:03:58.958+0000] {dag.py:3834} INFO - Setting next_dagrun for example_branch_dop_operator_v3 to 2024-04-01 23:02:00+00:00, run_after=2024-04-01 23:03:00+00:00
[2024-04-01T23:03:58.991+0000] {processor.py:183} INFO - Processing /home/airflow/.local/lib/python3.8/site-packages/airflow/example_dags/example_branch_python_dop_operator_3.py took 0.094 seconds
[2024-04-01T23:04:29.326+0000] {processor.py:161} INFO - Started process (PID=3967) to work on /home/airflow/.local/lib/python3.8/site-packages/airflow/example_dags/example_branch_python_dop_operator_3.py
[2024-04-01T23:04:29.327+0000] {processor.py:830} INFO - Processing file /home/airflow/.local/lib/python3.8/site-packages/airflow/example_dags/example_branch_python_dop_operator_3.py for tasks to queue
[2024-04-01T23:04:29.328+0000] {logging_mixin.py:188} INFO - [2024-04-01T23:04:29.327+0000] {dagbag.py:540} INFO - Filling up the DagBag from /home/airflow/.local/lib/python3.8/site-packages/airflow/example_dags/example_branch_python_dop_operator_3.py
[2024-04-01T23:04:29.336+0000] {processor.py:840} INFO - DAG(s) 'example_branch_dop_operator_v3' retrieved from /home/airflow/.local/lib/python3.8/site-packages/airflow/example_dags/example_branch_python_dop_operator_3.py
[2024-04-01T23:04:29.360+0000] {logging_mixin.py:188} INFO - [2024-04-01T23:04:29.360+0000] {dag.py:3047} INFO - Sync 1 DAGs
[2024-04-01T23:04:29.389+0000] {logging_mixin.py:188} INFO - [2024-04-01T23:04:29.388+0000] {dag.py:3834} INFO - Setting next_dagrun for example_branch_dop_operator_v3 to 2024-04-01 23:03:00+00:00, run_after=2024-04-01 23:04:00+00:00
[2024-04-01T23:04:29.422+0000] {processor.py:183} INFO - Processing /home/airflow/.local/lib/python3.8/site-packages/airflow/example_dags/example_branch_python_dop_operator_3.py took 0.100 seconds
[2024-04-01T23:05:00.282+0000] {processor.py:161} INFO - Started process (PID=4216) to work on /home/airflow/.local/lib/python3.8/site-packages/airflow/example_dags/example_branch_python_dop_operator_3.py
[2024-04-01T23:05:00.286+0000] {processor.py:830} INFO - Processing file /home/airflow/.local/lib/python3.8/site-packages/airflow/example_dags/example_branch_python_dop_operator_3.py for tasks to queue
[2024-04-01T23:05:00.288+0000] {logging_mixin.py:188} INFO - [2024-04-01T23:05:00.288+0000] {dagbag.py:540} INFO - Filling up the DagBag from /home/airflow/.local/lib/python3.8/site-packages/airflow/example_dags/example_branch_python_dop_operator_3.py
[2024-04-01T23:05:00.306+0000] {processor.py:840} INFO - DAG(s) 'example_branch_dop_operator_v3' retrieved from /home/airflow/.local/lib/python3.8/site-packages/airflow/example_dags/example_branch_python_dop_operator_3.py
[2024-04-01T23:05:00.343+0000] {logging_mixin.py:188} INFO - [2024-04-01T23:05:00.343+0000] {dag.py:3047} INFO - Sync 1 DAGs
[2024-04-01T23:05:00.395+0000] {logging_mixin.py:188} INFO - [2024-04-01T23:05:00.395+0000] {dag.py:3834} INFO - Setting next_dagrun for example_branch_dop_operator_v3 to 2024-04-01 23:04:00+00:00, run_after=2024-04-01 23:05:00+00:00
[2024-04-01T23:05:00.434+0000] {processor.py:183} INFO - Processing /home/airflow/.local/lib/python3.8/site-packages/airflow/example_dags/example_branch_python_dop_operator_3.py took 0.157 seconds
[2024-04-01T23:05:31.268+0000] {processor.py:161} INFO - Started process (PID=4462) to work on /home/airflow/.local/lib/python3.8/site-packages/airflow/example_dags/example_branch_python_dop_operator_3.py
[2024-04-01T23:05:31.269+0000] {processor.py:830} INFO - Processing file /home/airflow/.local/lib/python3.8/site-packages/airflow/example_dags/example_branch_python_dop_operator_3.py for tasks to queue
[2024-04-01T23:05:31.270+0000] {logging_mixin.py:188} INFO - [2024-04-01T23:05:31.270+0000] {dagbag.py:540} INFO - Filling up the DagBag from /home/airflow/.local/lib/python3.8/site-packages/airflow/example_dags/example_branch_python_dop_operator_3.py
[2024-04-01T23:05:31.278+0000] {processor.py:840} INFO - DAG(s) 'example_branch_dop_operator_v3' retrieved from /home/airflow/.local/lib/python3.8/site-packages/airflow/example_dags/example_branch_python_dop_operator_3.py
[2024-04-01T23:05:31.300+0000] {logging_mixin.py:188} INFO - [2024-04-01T23:05:31.299+0000] {dag.py:3047} INFO - Sync 1 DAGs
[2024-04-01T23:05:31.331+0000] {logging_mixin.py:188} INFO - [2024-04-01T23:05:31.331+0000] {dag.py:3834} INFO - Setting next_dagrun for example_branch_dop_operator_v3 to 2024-04-01 23:04:00+00:00, run_after=2024-04-01 23:05:00+00:00
[2024-04-01T23:05:31.353+0000] {processor.py:183} INFO - Processing /home/airflow/.local/lib/python3.8/site-packages/airflow/example_dags/example_branch_python_dop_operator_3.py took 0.088 seconds
[2024-04-01T23:06:02.248+0000] {processor.py:161} INFO - Started process (PID=4709) to work on /home/airflow/.local/lib/python3.8/site-packages/airflow/example_dags/example_branch_python_dop_operator_3.py
[2024-04-01T23:06:02.249+0000] {processor.py:830} INFO - Processing file /home/airflow/.local/lib/python3.8/site-packages/airflow/example_dags/example_branch_python_dop_operator_3.py for tasks to queue
[2024-04-01T23:06:02.250+0000] {logging_mixin.py:188} INFO - [2024-04-01T23:06:02.250+0000] {dagbag.py:540} INFO - Filling up the DagBag from /home/airflow/.local/lib/python3.8/site-packages/airflow/example_dags/example_branch_python_dop_operator_3.py
[2024-04-01T23:06:02.260+0000] {processor.py:840} INFO - DAG(s) 'example_branch_dop_operator_v3' retrieved from /home/airflow/.local/lib/python3.8/site-packages/airflow/example_dags/example_branch_python_dop_operator_3.py
[2024-04-01T23:06:02.282+0000] {logging_mixin.py:188} INFO - [2024-04-01T23:06:02.282+0000] {dag.py:3047} INFO - Sync 1 DAGs
[2024-04-01T23:06:02.312+0000] {logging_mixin.py:188} INFO - [2024-04-01T23:06:02.312+0000] {dag.py:3834} INFO - Setting next_dagrun for example_branch_dop_operator_v3 to 2024-04-01 23:05:00+00:00, run_after=2024-04-01 23:06:00+00:00
[2024-04-01T23:06:02.337+0000] {processor.py:183} INFO - Processing /home/airflow/.local/lib/python3.8/site-packages/airflow/example_dags/example_branch_python_dop_operator_3.py took 0.093 seconds
[2024-04-01T23:06:32.537+0000] {processor.py:161} INFO - Started process (PID=4956) to work on /home/airflow/.local/lib/python3.8/site-packages/airflow/example_dags/example_branch_python_dop_operator_3.py
[2024-04-01T23:06:32.539+0000] {processor.py:830} INFO - Processing file /home/airflow/.local/lib/python3.8/site-packages/airflow/example_dags/example_branch_python_dop_operator_3.py for tasks to queue
[2024-04-01T23:06:32.540+0000] {logging_mixin.py:188} INFO - [2024-04-01T23:06:32.539+0000] {dagbag.py:540} INFO - Filling up the DagBag from /home/airflow/.local/lib/python3.8/site-packages/airflow/example_dags/example_branch_python_dop_operator_3.py
[2024-04-01T23:06:32.549+0000] {processor.py:840} INFO - DAG(s) 'example_branch_dop_operator_v3' retrieved from /home/airflow/.local/lib/python3.8/site-packages/airflow/example_dags/example_branch_python_dop_operator_3.py
[2024-04-01T23:06:32.571+0000] {logging_mixin.py:188} INFO - [2024-04-01T23:06:32.570+0000] {dag.py:3047} INFO - Sync 1 DAGs
[2024-04-01T23:06:32.600+0000] {logging_mixin.py:188} INFO - [2024-04-01T23:06:32.600+0000] {dag.py:3834} INFO - Setting next_dagrun for example_branch_dop_operator_v3 to 2024-04-01 23:05:00+00:00, run_after=2024-04-01 23:06:00+00:00
[2024-04-01T23:06:32.621+0000] {processor.py:183} INFO - Processing /home/airflow/.local/lib/python3.8/site-packages/airflow/example_dags/example_branch_python_dop_operator_3.py took 0.087 seconds
[2024-04-01T23:07:03.170+0000] {processor.py:161} INFO - Started process (PID=5203) to work on /home/airflow/.local/lib/python3.8/site-packages/airflow/example_dags/example_branch_python_dop_operator_3.py
[2024-04-01T23:07:03.171+0000] {processor.py:830} INFO - Processing file /home/airflow/.local/lib/python3.8/site-packages/airflow/example_dags/example_branch_python_dop_operator_3.py for tasks to queue
[2024-04-01T23:07:03.172+0000] {logging_mixin.py:188} INFO - [2024-04-01T23:07:03.171+0000] {dagbag.py:540} INFO - Filling up the DagBag from /home/airflow/.local/lib/python3.8/site-packages/airflow/example_dags/example_branch_python_dop_operator_3.py
[2024-04-01T23:07:03.180+0000] {processor.py:840} INFO - DAG(s) 'example_branch_dop_operator_v3' retrieved from /home/airflow/.local/lib/python3.8/site-packages/airflow/example_dags/example_branch_python_dop_operator_3.py
[2024-04-01T23:07:03.201+0000] {logging_mixin.py:188} INFO - [2024-04-01T23:07:03.201+0000] {dag.py:3047} INFO - Sync 1 DAGs
[2024-04-01T23:07:03.235+0000] {logging_mixin.py:188} INFO - [2024-04-01T23:07:03.234+0000] {dag.py:3834} INFO - Setting next_dagrun for example_branch_dop_operator_v3 to 2024-04-01 23:06:00+00:00, run_after=2024-04-01 23:07:00+00:00
[2024-04-01T23:07:03.257+0000] {processor.py:183} INFO - Processing /home/airflow/.local/lib/python3.8/site-packages/airflow/example_dags/example_branch_python_dop_operator_3.py took 0.090 seconds
[2024-04-01T23:07:33.505+0000] {processor.py:161} INFO - Started process (PID=5450) to work on /home/airflow/.local/lib/python3.8/site-packages/airflow/example_dags/example_branch_python_dop_operator_3.py
[2024-04-01T23:07:33.507+0000] {processor.py:830} INFO - Processing file /home/airflow/.local/lib/python3.8/site-packages/airflow/example_dags/example_branch_python_dop_operator_3.py for tasks to queue
[2024-04-01T23:07:33.508+0000] {logging_mixin.py:188} INFO - [2024-04-01T23:07:33.508+0000] {dagbag.py:540} INFO - Filling up the DagBag from /home/airflow/.local/lib/python3.8/site-packages/airflow/example_dags/example_branch_python_dop_operator_3.py
[2024-04-01T23:07:33.521+0000] {processor.py:840} INFO - DAG(s) 'example_branch_dop_operator_v3' retrieved from /home/airflow/.local/lib/python3.8/site-packages/airflow/example_dags/example_branch_python_dop_operator_3.py
[2024-04-01T23:07:33.546+0000] {logging_mixin.py:188} INFO - [2024-04-01T23:07:33.545+0000] {dag.py:3047} INFO - Sync 1 DAGs
[2024-04-01T23:07:33.595+0000] {logging_mixin.py:188} INFO - [2024-04-01T23:07:33.594+0000] {dag.py:3834} INFO - Setting next_dagrun for example_branch_dop_operator_v3 to 2024-04-01 23:06:00+00:00, run_after=2024-04-01 23:07:00+00:00
[2024-04-01T23:07:33.637+0000] {processor.py:183} INFO - Processing /home/airflow/.local/lib/python3.8/site-packages/airflow/example_dags/example_branch_python_dop_operator_3.py took 0.136 seconds
[2024-04-01T23:08:03.934+0000] {processor.py:161} INFO - Started process (PID=5697) to work on /home/airflow/.local/lib/python3.8/site-packages/airflow/example_dags/example_branch_python_dop_operator_3.py
[2024-04-01T23:08:03.935+0000] {processor.py:830} INFO - Processing file /home/airflow/.local/lib/python3.8/site-packages/airflow/example_dags/example_branch_python_dop_operator_3.py for tasks to queue
[2024-04-01T23:08:03.936+0000] {logging_mixin.py:188} INFO - [2024-04-01T23:08:03.936+0000] {dagbag.py:540} INFO - Filling up the DagBag from /home/airflow/.local/lib/python3.8/site-packages/airflow/example_dags/example_branch_python_dop_operator_3.py
[2024-04-01T23:08:03.944+0000] {processor.py:840} INFO - DAG(s) 'example_branch_dop_operator_v3' retrieved from /home/airflow/.local/lib/python3.8/site-packages/airflow/example_dags/example_branch_python_dop_operator_3.py
[2024-04-01T23:08:03.968+0000] {logging_mixin.py:188} INFO - [2024-04-01T23:08:03.968+0000] {dag.py:3047} INFO - Sync 1 DAGs
[2024-04-01T23:08:03.995+0000] {logging_mixin.py:188} INFO - [2024-04-01T23:08:03.994+0000] {dag.py:3834} INFO - Setting next_dagrun for example_branch_dop_operator_v3 to 2024-04-01 23:07:00+00:00, run_after=2024-04-01 23:08:00+00:00
[2024-04-01T23:08:04.029+0000] {processor.py:183} INFO - Processing /home/airflow/.local/lib/python3.8/site-packages/airflow/example_dags/example_branch_python_dop_operator_3.py took 0.098 seconds
[2024-04-01T23:08:34.474+0000] {processor.py:161} INFO - Started process (PID=5944) to work on /home/airflow/.local/lib/python3.8/site-packages/airflow/example_dags/example_branch_python_dop_operator_3.py
[2024-04-01T23:08:34.475+0000] {processor.py:830} INFO - Processing file /home/airflow/.local/lib/python3.8/site-packages/airflow/example_dags/example_branch_python_dop_operator_3.py for tasks to queue
[2024-04-01T23:08:34.476+0000] {logging_mixin.py:188} INFO - [2024-04-01T23:08:34.476+0000] {dagbag.py:540} INFO - Filling up the DagBag from /home/airflow/.local/lib/python3.8/site-packages/airflow/example_dags/example_branch_python_dop_operator_3.py
[2024-04-01T23:08:34.484+0000] {processor.py:840} INFO - DAG(s) 'example_branch_dop_operator_v3' retrieved from /home/airflow/.local/lib/python3.8/site-packages/airflow/example_dags/example_branch_python_dop_operator_3.py
[2024-04-01T23:08:34.507+0000] {logging_mixin.py:188} INFO - [2024-04-01T23:08:34.506+0000] {dag.py:3047} INFO - Sync 1 DAGs
[2024-04-01T23:08:34.532+0000] {logging_mixin.py:188} INFO - [2024-04-01T23:08:34.532+0000] {dag.py:3834} INFO - Setting next_dagrun for example_branch_dop_operator_v3 to 2024-04-01 23:07:00+00:00, run_after=2024-04-01 23:08:00+00:00
[2024-04-01T23:08:34.565+0000] {processor.py:183} INFO - Processing /home/airflow/.local/lib/python3.8/site-packages/airflow/example_dags/example_branch_python_dop_operator_3.py took 0.093 seconds
[2024-04-01T23:09:04.898+0000] {processor.py:161} INFO - Started process (PID=6191) to work on /home/airflow/.local/lib/python3.8/site-packages/airflow/example_dags/example_branch_python_dop_operator_3.py
[2024-04-01T23:09:04.899+0000] {processor.py:830} INFO - Processing file /home/airflow/.local/lib/python3.8/site-packages/airflow/example_dags/example_branch_python_dop_operator_3.py for tasks to queue
[2024-04-01T23:09:04.900+0000] {logging_mixin.py:188} INFO - [2024-04-01T23:09:04.900+0000] {dagbag.py:540} INFO - Filling up the DagBag from /home/airflow/.local/lib/python3.8/site-packages/airflow/example_dags/example_branch_python_dop_operator_3.py
[2024-04-01T23:09:04.908+0000] {processor.py:840} INFO - DAG(s) 'example_branch_dop_operator_v3' retrieved from /home/airflow/.local/lib/python3.8/site-packages/airflow/example_dags/example_branch_python_dop_operator_3.py
[2024-04-01T23:09:04.931+0000] {logging_mixin.py:188} INFO - [2024-04-01T23:09:04.931+0000] {dag.py:3047} INFO - Sync 1 DAGs
[2024-04-01T23:09:04.959+0000] {logging_mixin.py:188} INFO - [2024-04-01T23:09:04.959+0000] {dag.py:3834} INFO - Setting next_dagrun for example_branch_dop_operator_v3 to 2024-04-01 23:08:00+00:00, run_after=2024-04-01 23:09:00+00:00
[2024-04-01T23:09:04.988+0000] {processor.py:183} INFO - Processing /home/airflow/.local/lib/python3.8/site-packages/airflow/example_dags/example_branch_python_dop_operator_3.py took 0.093 seconds
[2024-04-01T23:09:35.207+0000] {processor.py:161} INFO - Started process (PID=6439) to work on /home/airflow/.local/lib/python3.8/site-packages/airflow/example_dags/example_branch_python_dop_operator_3.py
[2024-04-01T23:09:35.208+0000] {processor.py:830} INFO - Processing file /home/airflow/.local/lib/python3.8/site-packages/airflow/example_dags/example_branch_python_dop_operator_3.py for tasks to queue
[2024-04-01T23:09:35.209+0000] {logging_mixin.py:188} INFO - [2024-04-01T23:09:35.209+0000] {dagbag.py:540} INFO - Filling up the DagBag from /home/airflow/.local/lib/python3.8/site-packages/airflow/example_dags/example_branch_python_dop_operator_3.py
[2024-04-01T23:09:35.217+0000] {processor.py:840} INFO - DAG(s) 'example_branch_dop_operator_v3' retrieved from /home/airflow/.local/lib/python3.8/site-packages/airflow/example_dags/example_branch_python_dop_operator_3.py
[2024-04-01T23:09:35.239+0000] {logging_mixin.py:188} INFO - [2024-04-01T23:09:35.239+0000] {dag.py:3047} INFO - Sync 1 DAGs
[2024-04-01T23:09:35.268+0000] {logging_mixin.py:188} INFO - [2024-04-01T23:09:35.268+0000] {dag.py:3834} INFO - Setting next_dagrun for example_branch_dop_operator_v3 to 2024-04-01 23:08:00+00:00, run_after=2024-04-01 23:09:00+00:00
[2024-04-01T23:09:35.293+0000] {processor.py:183} INFO - Processing /home/airflow/.local/lib/python3.8/site-packages/airflow/example_dags/example_branch_python_dop_operator_3.py took 0.089 seconds
[2024-04-01T23:10:05.713+0000] {processor.py:161} INFO - Started process (PID=6686) to work on /home/airflow/.local/lib/python3.8/site-packages/airflow/example_dags/example_branch_python_dop_operator_3.py
[2024-04-01T23:10:05.715+0000] {processor.py:830} INFO - Processing file /home/airflow/.local/lib/python3.8/site-packages/airflow/example_dags/example_branch_python_dop_operator_3.py for tasks to queue
[2024-04-01T23:10:05.718+0000] {logging_mixin.py:188} INFO - [2024-04-01T23:10:05.717+0000] {dagbag.py:540} INFO - Filling up the DagBag from /home/airflow/.local/lib/python3.8/site-packages/airflow/example_dags/example_branch_python_dop_operator_3.py
[2024-04-01T23:10:05.729+0000] {processor.py:840} INFO - DAG(s) 'example_branch_dop_operator_v3' retrieved from /home/airflow/.local/lib/python3.8/site-packages/airflow/example_dags/example_branch_python_dop_operator_3.py
[2024-04-01T23:10:05.753+0000] {logging_mixin.py:188} INFO - [2024-04-01T23:10:05.753+0000] {dag.py:3047} INFO - Sync 1 DAGs
[2024-04-01T23:10:05.781+0000] {logging_mixin.py:188} INFO - [2024-04-01T23:10:05.781+0000] {dag.py:3834} INFO - Setting next_dagrun for example_branch_dop_operator_v3 to 2024-04-01 23:09:00+00:00, run_after=2024-04-01 23:10:00+00:00
[2024-04-01T23:10:05.808+0000] {processor.py:183} INFO - Processing /home/airflow/.local/lib/python3.8/site-packages/airflow/example_dags/example_branch_python_dop_operator_3.py took 0.099 seconds
[2024-04-01T23:10:36.033+0000] {processor.py:161} INFO - Started process (PID=6933) to work on /home/airflow/.local/lib/python3.8/site-packages/airflow/example_dags/example_branch_python_dop_operator_3.py
[2024-04-01T23:10:36.034+0000] {processor.py:830} INFO - Processing file /home/airflow/.local/lib/python3.8/site-packages/airflow/example_dags/example_branch_python_dop_operator_3.py for tasks to queue
[2024-04-01T23:10:36.035+0000] {logging_mixin.py:188} INFO - [2024-04-01T23:10:36.034+0000] {dagbag.py:540} INFO - Filling up the DagBag from /home/airflow/.local/lib/python3.8/site-packages/airflow/example_dags/example_branch_python_dop_operator_3.py
[2024-04-01T23:10:36.043+0000] {processor.py:840} INFO - DAG(s) 'example_branch_dop_operator_v3' retrieved from /home/airflow/.local/lib/python3.8/site-packages/airflow/example_dags/example_branch_python_dop_operator_3.py
[2024-04-01T23:10:36.063+0000] {logging_mixin.py:188} INFO - [2024-04-01T23:10:36.063+0000] {dag.py:3047} INFO - Sync 1 DAGs
[2024-04-01T23:10:36.090+0000] {logging_mixin.py:188} INFO - [2024-04-01T23:10:36.090+0000] {dag.py:3834} INFO - Setting next_dagrun for example_branch_dop_operator_v3 to 2024-04-01 23:09:00+00:00, run_after=2024-04-01 23:10:00+00:00
[2024-04-01T23:10:36.113+0000] {processor.py:183} INFO - Processing /home/airflow/.local/lib/python3.8/site-packages/airflow/example_dags/example_branch_python_dop_operator_3.py took 0.083 seconds
[2024-04-01T23:11:06.299+0000] {processor.py:161} INFO - Started process (PID=7177) to work on /home/airflow/.local/lib/python3.8/site-packages/airflow/example_dags/example_branch_python_dop_operator_3.py
[2024-04-01T23:11:06.300+0000] {processor.py:830} INFO - Processing file /home/airflow/.local/lib/python3.8/site-packages/airflow/example_dags/example_branch_python_dop_operator_3.py for tasks to queue
[2024-04-01T23:11:06.301+0000] {logging_mixin.py:188} INFO - [2024-04-01T23:11:06.300+0000] {dagbag.py:540} INFO - Filling up the DagBag from /home/airflow/.local/lib/python3.8/site-packages/airflow/example_dags/example_branch_python_dop_operator_3.py
[2024-04-01T23:11:06.310+0000] {processor.py:840} INFO - DAG(s) 'example_branch_dop_operator_v3' retrieved from /home/airflow/.local/lib/python3.8/site-packages/airflow/example_dags/example_branch_python_dop_operator_3.py
[2024-04-01T23:11:06.332+0000] {logging_mixin.py:188} INFO - [2024-04-01T23:11:06.332+0000] {dag.py:3047} INFO - Sync 1 DAGs
[2024-04-01T23:11:06.362+0000] {logging_mixin.py:188} INFO - [2024-04-01T23:11:06.362+0000] {dag.py:3834} INFO - Setting next_dagrun for example_branch_dop_operator_v3 to 2024-04-01 23:10:00+00:00, run_after=2024-04-01 23:11:00+00:00
[2024-04-01T23:11:06.398+0000] {processor.py:183} INFO - Processing /home/airflow/.local/lib/python3.8/site-packages/airflow/example_dags/example_branch_python_dop_operator_3.py took 0.102 seconds
[2024-04-01T23:11:36.997+0000] {processor.py:161} INFO - Started process (PID=7435) to work on /home/airflow/.local/lib/python3.8/site-packages/airflow/example_dags/example_branch_python_dop_operator_3.py
[2024-04-01T23:11:36.998+0000] {processor.py:830} INFO - Processing file /home/airflow/.local/lib/python3.8/site-packages/airflow/example_dags/example_branch_python_dop_operator_3.py for tasks to queue
[2024-04-01T23:11:36.999+0000] {logging_mixin.py:188} INFO - [2024-04-01T23:11:36.999+0000] {dagbag.py:540} INFO - Filling up the DagBag from /home/airflow/.local/lib/python3.8/site-packages/airflow/example_dags/example_branch_python_dop_operator_3.py
[2024-04-01T23:11:37.007+0000] {processor.py:840} INFO - DAG(s) 'example_branch_dop_operator_v3' retrieved from /home/airflow/.local/lib/python3.8/site-packages/airflow/example_dags/example_branch_python_dop_operator_3.py
[2024-04-01T23:11:37.027+0000] {logging_mixin.py:188} INFO - [2024-04-01T23:11:37.027+0000] {dag.py:3047} INFO - Sync 1 DAGs
[2024-04-01T23:11:37.053+0000] {logging_mixin.py:188} INFO - [2024-04-01T23:11:37.053+0000] {dag.py:3834} INFO - Setting next_dagrun for example_branch_dop_operator_v3 to 2024-04-01 23:10:00+00:00, run_after=2024-04-01 23:11:00+00:00
[2024-04-01T23:11:37.078+0000] {processor.py:183} INFO - Processing /home/airflow/.local/lib/python3.8/site-packages/airflow/example_dags/example_branch_python_dop_operator_3.py took 0.085 seconds
[2024-04-01T23:12:07.411+0000] {processor.py:161} INFO - Started process (PID=7682) to work on /home/airflow/.local/lib/python3.8/site-packages/airflow/example_dags/example_branch_python_dop_operator_3.py
[2024-04-01T23:12:07.412+0000] {processor.py:830} INFO - Processing file /home/airflow/.local/lib/python3.8/site-packages/airflow/example_dags/example_branch_python_dop_operator_3.py for tasks to queue
[2024-04-01T23:12:07.413+0000] {logging_mixin.py:188} INFO - [2024-04-01T23:12:07.413+0000] {dagbag.py:540} INFO - Filling up the DagBag from /home/airflow/.local/lib/python3.8/site-packages/airflow/example_dags/example_branch_python_dop_operator_3.py
[2024-04-01T23:12:07.421+0000] {processor.py:840} INFO - DAG(s) 'example_branch_dop_operator_v3' retrieved from /home/airflow/.local/lib/python3.8/site-packages/airflow/example_dags/example_branch_python_dop_operator_3.py
[2024-04-01T23:12:07.441+0000] {logging_mixin.py:188} INFO - [2024-04-01T23:12:07.440+0000] {dag.py:3047} INFO - Sync 1 DAGs
[2024-04-01T23:12:07.466+0000] {logging_mixin.py:188} INFO - [2024-04-01T23:12:07.466+0000] {dag.py:3834} INFO - Setting next_dagrun for example_branch_dop_operator_v3 to 2024-04-01 23:11:00+00:00, run_after=2024-04-01 23:12:00+00:00
[2024-04-01T23:12:07.499+0000] {processor.py:183} INFO - Processing /home/airflow/.local/lib/python3.8/site-packages/airflow/example_dags/example_branch_python_dop_operator_3.py took 0.091 seconds
[2024-04-01T23:12:37.977+0000] {processor.py:161} INFO - Started process (PID=7930) to work on /home/airflow/.local/lib/python3.8/site-packages/airflow/example_dags/example_branch_python_dop_operator_3.py
[2024-04-01T23:12:37.978+0000] {processor.py:830} INFO - Processing file /home/airflow/.local/lib/python3.8/site-packages/airflow/example_dags/example_branch_python_dop_operator_3.py for tasks to queue
[2024-04-01T23:12:37.979+0000] {logging_mixin.py:188} INFO - [2024-04-01T23:12:37.979+0000] {dagbag.py:540} INFO - Filling up the DagBag from /home/airflow/.local/lib/python3.8/site-packages/airflow/example_dags/example_branch_python_dop_operator_3.py
[2024-04-01T23:12:37.988+0000] {processor.py:840} INFO - DAG(s) 'example_branch_dop_operator_v3' retrieved from /home/airflow/.local/lib/python3.8/site-packages/airflow/example_dags/example_branch_python_dop_operator_3.py
[2024-04-01T23:12:38.008+0000] {logging_mixin.py:188} INFO - [2024-04-01T23:12:38.008+0000] {dag.py:3047} INFO - Sync 1 DAGs
[2024-04-01T23:12:38.032+0000] {logging_mixin.py:188} INFO - [2024-04-01T23:12:38.032+0000] {dag.py:3834} INFO - Setting next_dagrun for example_branch_dop_operator_v3 to 2024-04-01 23:11:00+00:00, run_after=2024-04-01 23:12:00+00:00
[2024-04-01T23:12:38.063+0000] {processor.py:183} INFO - Processing /home/airflow/.local/lib/python3.8/site-packages/airflow/example_dags/example_branch_python_dop_operator_3.py took 0.089 seconds
[2024-04-01T23:13:08.459+0000] {processor.py:161} INFO - Started process (PID=8175) to work on /home/airflow/.local/lib/python3.8/site-packages/airflow/example_dags/example_branch_python_dop_operator_3.py
[2024-04-01T23:13:08.460+0000] {processor.py:830} INFO - Processing file /home/airflow/.local/lib/python3.8/site-packages/airflow/example_dags/example_branch_python_dop_operator_3.py for tasks to queue
[2024-04-01T23:13:08.461+0000] {logging_mixin.py:188} INFO - [2024-04-01T23:13:08.461+0000] {dagbag.py:540} INFO - Filling up the DagBag from /home/airflow/.local/lib/python3.8/site-packages/airflow/example_dags/example_branch_python_dop_operator_3.py
[2024-04-01T23:13:08.469+0000] {processor.py:840} INFO - DAG(s) 'example_branch_dop_operator_v3' retrieved from /home/airflow/.local/lib/python3.8/site-packages/airflow/example_dags/example_branch_python_dop_operator_3.py
[2024-04-01T23:13:08.489+0000] {logging_mixin.py:188} INFO - [2024-04-01T23:13:08.489+0000] {dag.py:3047} INFO - Sync 1 DAGs
[2024-04-01T23:13:08.515+0000] {logging_mixin.py:188} INFO - [2024-04-01T23:13:08.515+0000] {dag.py:3834} INFO - Setting next_dagrun for example_branch_dop_operator_v3 to 2024-04-01 23:12:00+00:00, run_after=2024-04-01 23:13:00+00:00
[2024-04-01T23:13:08.538+0000] {processor.py:183} INFO - Processing /home/airflow/.local/lib/python3.8/site-packages/airflow/example_dags/example_branch_python_dop_operator_3.py took 0.083 seconds
[2024-04-01T23:13:39.191+0000] {processor.py:161} INFO - Started process (PID=8423) to work on /home/airflow/.local/lib/python3.8/site-packages/airflow/example_dags/example_branch_python_dop_operator_3.py
[2024-04-01T23:13:39.192+0000] {processor.py:830} INFO - Processing file /home/airflow/.local/lib/python3.8/site-packages/airflow/example_dags/example_branch_python_dop_operator_3.py for tasks to queue
[2024-04-01T23:13:39.193+0000] {logging_mixin.py:188} INFO - [2024-04-01T23:13:39.193+0000] {dagbag.py:540} INFO - Filling up the DagBag from /home/airflow/.local/lib/python3.8/site-packages/airflow/example_dags/example_branch_python_dop_operator_3.py
[2024-04-01T23:13:39.202+0000] {processor.py:840} INFO - DAG(s) 'example_branch_dop_operator_v3' retrieved from /home/airflow/.local/lib/python3.8/site-packages/airflow/example_dags/example_branch_python_dop_operator_3.py
[2024-04-01T23:13:39.221+0000] {logging_mixin.py:188} INFO - [2024-04-01T23:13:39.221+0000] {dag.py:3047} INFO - Sync 1 DAGs
[2024-04-01T23:13:39.249+0000] {logging_mixin.py:188} INFO - [2024-04-01T23:13:39.249+0000] {dag.py:3834} INFO - Setting next_dagrun for example_branch_dop_operator_v3 to 2024-04-01 23:12:00+00:00, run_after=2024-04-01 23:13:00+00:00
[2024-04-01T23:13:39.274+0000] {processor.py:183} INFO - Processing /home/airflow/.local/lib/python3.8/site-packages/airflow/example_dags/example_branch_python_dop_operator_3.py took 0.085 seconds
[2024-04-01T23:14:09.471+0000] {processor.py:161} INFO - Started process (PID=8670) to work on /home/airflow/.local/lib/python3.8/site-packages/airflow/example_dags/example_branch_python_dop_operator_3.py
[2024-04-01T23:14:09.472+0000] {processor.py:830} INFO - Processing file /home/airflow/.local/lib/python3.8/site-packages/airflow/example_dags/example_branch_python_dop_operator_3.py for tasks to queue
[2024-04-01T23:14:09.473+0000] {logging_mixin.py:188} INFO - [2024-04-01T23:14:09.472+0000] {dagbag.py:540} INFO - Filling up the DagBag from /home/airflow/.local/lib/python3.8/site-packages/airflow/example_dags/example_branch_python_dop_operator_3.py
[2024-04-01T23:14:09.481+0000] {processor.py:840} INFO - DAG(s) 'example_branch_dop_operator_v3' retrieved from /home/airflow/.local/lib/python3.8/site-packages/airflow/example_dags/example_branch_python_dop_operator_3.py
[2024-04-01T23:14:09.506+0000] {logging_mixin.py:188} INFO - [2024-04-01T23:14:09.506+0000] {dag.py:3047} INFO - Sync 1 DAGs
[2024-04-01T23:14:09.533+0000] {logging_mixin.py:188} INFO - [2024-04-01T23:14:09.533+0000] {dag.py:3834} INFO - Setting next_dagrun for example_branch_dop_operator_v3 to 2024-04-01 23:13:00+00:00, run_after=2024-04-01 23:14:00+00:00
[2024-04-01T23:14:09.557+0000] {processor.py:183} INFO - Processing /home/airflow/.local/lib/python3.8/site-packages/airflow/example_dags/example_branch_python_dop_operator_3.py took 0.090 seconds
[2024-04-01T23:14:40.203+0000] {processor.py:161} INFO - Started process (PID=8917) to work on /home/airflow/.local/lib/python3.8/site-packages/airflow/example_dags/example_branch_python_dop_operator_3.py
[2024-04-01T23:14:40.204+0000] {processor.py:830} INFO - Processing file /home/airflow/.local/lib/python3.8/site-packages/airflow/example_dags/example_branch_python_dop_operator_3.py for tasks to queue
[2024-04-01T23:14:40.205+0000] {logging_mixin.py:188} INFO - [2024-04-01T23:14:40.205+0000] {dagbag.py:540} INFO - Filling up the DagBag from /home/airflow/.local/lib/python3.8/site-packages/airflow/example_dags/example_branch_python_dop_operator_3.py
[2024-04-01T23:14:40.213+0000] {processor.py:840} INFO - DAG(s) 'example_branch_dop_operator_v3' retrieved from /home/airflow/.local/lib/python3.8/site-packages/airflow/example_dags/example_branch_python_dop_operator_3.py
[2024-04-01T23:14:40.237+0000] {logging_mixin.py:188} INFO - [2024-04-01T23:14:40.237+0000] {dag.py:3047} INFO - Sync 1 DAGs
[2024-04-01T23:14:40.264+0000] {logging_mixin.py:188} INFO - [2024-04-01T23:14:40.264+0000] {dag.py:3834} INFO - Setting next_dagrun for example_branch_dop_operator_v3 to 2024-04-01 23:13:00+00:00, run_after=2024-04-01 23:14:00+00:00
[2024-04-01T23:14:40.290+0000] {processor.py:183} INFO - Processing /home/airflow/.local/lib/python3.8/site-packages/airflow/example_dags/example_branch_python_dop_operator_3.py took 0.090 seconds
[2024-04-01T23:15:11.214+0000] {processor.py:161} INFO - Started process (PID=9159) to work on /home/airflow/.local/lib/python3.8/site-packages/airflow/example_dags/example_branch_python_dop_operator_3.py
[2024-04-01T23:15:11.215+0000] {processor.py:830} INFO - Processing file /home/airflow/.local/lib/python3.8/site-packages/airflow/example_dags/example_branch_python_dop_operator_3.py for tasks to queue
[2024-04-01T23:15:11.216+0000] {logging_mixin.py:188} INFO - [2024-04-01T23:15:11.216+0000] {dagbag.py:540} INFO - Filling up the DagBag from /home/airflow/.local/lib/python3.8/site-packages/airflow/example_dags/example_branch_python_dop_operator_3.py
[2024-04-01T23:15:11.224+0000] {processor.py:840} INFO - DAG(s) 'example_branch_dop_operator_v3' retrieved from /home/airflow/.local/lib/python3.8/site-packages/airflow/example_dags/example_branch_python_dop_operator_3.py
[2024-04-01T23:15:11.250+0000] {logging_mixin.py:188} INFO - [2024-04-01T23:15:11.250+0000] {dag.py:3047} INFO - Sync 1 DAGs
[2024-04-01T23:15:11.278+0000] {logging_mixin.py:188} INFO - [2024-04-01T23:15:11.277+0000] {dag.py:3834} INFO - Setting next_dagrun for example_branch_dop_operator_v3 to 2024-04-01 23:14:00+00:00, run_after=2024-04-01 23:15:00+00:00
[2024-04-01T23:15:11.312+0000] {processor.py:183} INFO - Processing /home/airflow/.local/lib/python3.8/site-packages/airflow/example_dags/example_branch_python_dop_operator_3.py took 0.100 seconds
[2024-04-01T23:15:41.942+0000] {processor.py:161} INFO - Started process (PID=9413) to work on /home/airflow/.local/lib/python3.8/site-packages/airflow/example_dags/example_branch_python_dop_operator_3.py
[2024-04-01T23:15:41.943+0000] {processor.py:830} INFO - Processing file /home/airflow/.local/lib/python3.8/site-packages/airflow/example_dags/example_branch_python_dop_operator_3.py for tasks to queue
[2024-04-01T23:15:41.944+0000] {logging_mixin.py:188} INFO - [2024-04-01T23:15:41.944+0000] {dagbag.py:540} INFO - Filling up the DagBag from /home/airflow/.local/lib/python3.8/site-packages/airflow/example_dags/example_branch_python_dop_operator_3.py
[2024-04-01T23:15:41.953+0000] {processor.py:840} INFO - DAG(s) 'example_branch_dop_operator_v3' retrieved from /home/airflow/.local/lib/python3.8/site-packages/airflow/example_dags/example_branch_python_dop_operator_3.py
[2024-04-01T23:15:41.972+0000] {logging_mixin.py:188} INFO - [2024-04-01T23:15:41.972+0000] {dag.py:3047} INFO - Sync 1 DAGs
[2024-04-01T23:15:41.998+0000] {logging_mixin.py:188} INFO - [2024-04-01T23:15:41.998+0000] {dag.py:3834} INFO - Setting next_dagrun for example_branch_dop_operator_v3 to 2024-04-01 23:14:00+00:00, run_after=2024-04-01 23:15:00+00:00
[2024-04-01T23:15:42.021+0000] {processor.py:183} INFO - Processing /home/airflow/.local/lib/python3.8/site-packages/airflow/example_dags/example_branch_python_dop_operator_3.py took 0.082 seconds
[2024-04-01T23:16:12.405+0000] {processor.py:161} INFO - Started process (PID=9660) to work on /home/airflow/.local/lib/python3.8/site-packages/airflow/example_dags/example_branch_python_dop_operator_3.py
[2024-04-01T23:16:12.406+0000] {processor.py:830} INFO - Processing file /home/airflow/.local/lib/python3.8/site-packages/airflow/example_dags/example_branch_python_dop_operator_3.py for tasks to queue
[2024-04-01T23:16:12.408+0000] {logging_mixin.py:188} INFO - [2024-04-01T23:16:12.407+0000] {dagbag.py:540} INFO - Filling up the DagBag from /home/airflow/.local/lib/python3.8/site-packages/airflow/example_dags/example_branch_python_dop_operator_3.py
[2024-04-01T23:16:12.417+0000] {processor.py:840} INFO - DAG(s) 'example_branch_dop_operator_v3' retrieved from /home/airflow/.local/lib/python3.8/site-packages/airflow/example_dags/example_branch_python_dop_operator_3.py
[2024-04-01T23:16:12.440+0000] {logging_mixin.py:188} INFO - [2024-04-01T23:16:12.439+0000] {dag.py:3047} INFO - Sync 1 DAGs
[2024-04-01T23:16:12.467+0000] {logging_mixin.py:188} INFO - [2024-04-01T23:16:12.466+0000] {dag.py:3834} INFO - Setting next_dagrun for example_branch_dop_operator_v3 to 2024-04-01 23:15:00+00:00, run_after=2024-04-01 23:16:00+00:00
[2024-04-01T23:16:12.490+0000] {processor.py:183} INFO - Processing /home/airflow/.local/lib/python3.8/site-packages/airflow/example_dags/example_branch_python_dop_operator_3.py took 0.089 seconds
[2024-04-01T23:16:42.840+0000] {processor.py:161} INFO - Started process (PID=9907) to work on /home/airflow/.local/lib/python3.8/site-packages/airflow/example_dags/example_branch_python_dop_operator_3.py
[2024-04-01T23:16:42.841+0000] {processor.py:830} INFO - Processing file /home/airflow/.local/lib/python3.8/site-packages/airflow/example_dags/example_branch_python_dop_operator_3.py for tasks to queue
[2024-04-01T23:16:42.842+0000] {logging_mixin.py:188} INFO - [2024-04-01T23:16:42.842+0000] {dagbag.py:540} INFO - Filling up the DagBag from /home/airflow/.local/lib/python3.8/site-packages/airflow/example_dags/example_branch_python_dop_operator_3.py
[2024-04-01T23:16:42.850+0000] {processor.py:840} INFO - DAG(s) 'example_branch_dop_operator_v3' retrieved from /home/airflow/.local/lib/python3.8/site-packages/airflow/example_dags/example_branch_python_dop_operator_3.py
[2024-04-01T23:16:42.871+0000] {logging_mixin.py:188} INFO - [2024-04-01T23:16:42.870+0000] {dag.py:3047} INFO - Sync 1 DAGs
[2024-04-01T23:16:42.898+0000] {logging_mixin.py:188} INFO - [2024-04-01T23:16:42.897+0000] {dag.py:3834} INFO - Setting next_dagrun for example_branch_dop_operator_v3 to 2024-04-01 23:15:00+00:00, run_after=2024-04-01 23:16:00+00:00
[2024-04-01T23:16:42.924+0000] {processor.py:183} INFO - Processing /home/airflow/.local/lib/python3.8/site-packages/airflow/example_dags/example_branch_python_dop_operator_3.py took 0.086 seconds
[2024-04-01T23:17:13.331+0000] {processor.py:161} INFO - Started process (PID=10154) to work on /home/airflow/.local/lib/python3.8/site-packages/airflow/example_dags/example_branch_python_dop_operator_3.py
[2024-04-01T23:17:13.333+0000] {processor.py:830} INFO - Processing file /home/airflow/.local/lib/python3.8/site-packages/airflow/example_dags/example_branch_python_dop_operator_3.py for tasks to queue
[2024-04-01T23:17:13.333+0000] {logging_mixin.py:188} INFO - [2024-04-01T23:17:13.333+0000] {dagbag.py:540} INFO - Filling up the DagBag from /home/airflow/.local/lib/python3.8/site-packages/airflow/example_dags/example_branch_python_dop_operator_3.py
[2024-04-01T23:17:13.342+0000] {processor.py:840} INFO - DAG(s) 'example_branch_dop_operator_v3' retrieved from /home/airflow/.local/lib/python3.8/site-packages/airflow/example_dags/example_branch_python_dop_operator_3.py
[2024-04-01T23:17:13.364+0000] {logging_mixin.py:188} INFO - [2024-04-01T23:17:13.364+0000] {dag.py:3047} INFO - Sync 1 DAGs
[2024-04-01T23:17:13.395+0000] {logging_mixin.py:188} INFO - [2024-04-01T23:17:13.394+0000] {dag.py:3834} INFO - Setting next_dagrun for example_branch_dop_operator_v3 to 2024-04-01 23:16:00+00:00, run_after=2024-04-01 23:17:00+00:00
[2024-04-01T23:17:13.421+0000] {processor.py:183} INFO - Processing /home/airflow/.local/lib/python3.8/site-packages/airflow/example_dags/example_branch_python_dop_operator_3.py took 0.092 seconds
[2024-04-01T23:17:43.911+0000] {processor.py:161} INFO - Started process (PID=10401) to work on /home/airflow/.local/lib/python3.8/site-packages/airflow/example_dags/example_branch_python_dop_operator_3.py
[2024-04-01T23:17:43.912+0000] {processor.py:830} INFO - Processing file /home/airflow/.local/lib/python3.8/site-packages/airflow/example_dags/example_branch_python_dop_operator_3.py for tasks to queue
[2024-04-01T23:17:43.913+0000] {logging_mixin.py:188} INFO - [2024-04-01T23:17:43.913+0000] {dagbag.py:540} INFO - Filling up the DagBag from /home/airflow/.local/lib/python3.8/site-packages/airflow/example_dags/example_branch_python_dop_operator_3.py
[2024-04-01T23:17:43.921+0000] {processor.py:840} INFO - DAG(s) 'example_branch_dop_operator_v3' retrieved from /home/airflow/.local/lib/python3.8/site-packages/airflow/example_dags/example_branch_python_dop_operator_3.py
[2024-04-01T23:17:43.942+0000] {logging_mixin.py:188} INFO - [2024-04-01T23:17:43.941+0000] {dag.py:3047} INFO - Sync 1 DAGs
[2024-04-01T23:17:43.974+0000] {logging_mixin.py:188} INFO - [2024-04-01T23:17:43.973+0000] {dag.py:3834} INFO - Setting next_dagrun for example_branch_dop_operator_v3 to 2024-04-01 23:16:00+00:00, run_after=2024-04-01 23:17:00+00:00
[2024-04-01T23:17:43.999+0000] {processor.py:183} INFO - Processing /home/airflow/.local/lib/python3.8/site-packages/airflow/example_dags/example_branch_python_dop_operator_3.py took 0.091 seconds
[2024-04-01T23:18:14.301+0000] {processor.py:161} INFO - Started process (PID=10648) to work on /home/airflow/.local/lib/python3.8/site-packages/airflow/example_dags/example_branch_python_dop_operator_3.py
[2024-04-01T23:18:14.302+0000] {processor.py:830} INFO - Processing file /home/airflow/.local/lib/python3.8/site-packages/airflow/example_dags/example_branch_python_dop_operator_3.py for tasks to queue
[2024-04-01T23:18:14.303+0000] {logging_mixin.py:188} INFO - [2024-04-01T23:18:14.302+0000] {dagbag.py:540} INFO - Filling up the DagBag from /home/airflow/.local/lib/python3.8/site-packages/airflow/example_dags/example_branch_python_dop_operator_3.py
[2024-04-01T23:18:14.311+0000] {processor.py:840} INFO - DAG(s) 'example_branch_dop_operator_v3' retrieved from /home/airflow/.local/lib/python3.8/site-packages/airflow/example_dags/example_branch_python_dop_operator_3.py
[2024-04-01T23:18:14.337+0000] {logging_mixin.py:188} INFO - [2024-04-01T23:18:14.337+0000] {dag.py:3047} INFO - Sync 1 DAGs
[2024-04-01T23:18:14.365+0000] {logging_mixin.py:188} INFO - [2024-04-01T23:18:14.364+0000] {dag.py:3834} INFO - Setting next_dagrun for example_branch_dop_operator_v3 to 2024-04-01 23:17:00+00:00, run_after=2024-04-01 23:18:00+00:00
[2024-04-01T23:18:14.400+0000] {processor.py:183} INFO - Processing /home/airflow/.local/lib/python3.8/site-packages/airflow/example_dags/example_branch_python_dop_operator_3.py took 0.103 seconds
[2024-04-01T23:18:44.778+0000] {processor.py:161} INFO - Started process (PID=10895) to work on /home/airflow/.local/lib/python3.8/site-packages/airflow/example_dags/example_branch_python_dop_operator_3.py
[2024-04-01T23:18:44.779+0000] {processor.py:830} INFO - Processing file /home/airflow/.local/lib/python3.8/site-packages/airflow/example_dags/example_branch_python_dop_operator_3.py for tasks to queue
[2024-04-01T23:18:44.780+0000] {logging_mixin.py:188} INFO - [2024-04-01T23:18:44.780+0000] {dagbag.py:540} INFO - Filling up the DagBag from /home/airflow/.local/lib/python3.8/site-packages/airflow/example_dags/example_branch_python_dop_operator_3.py
[2024-04-01T23:18:44.789+0000] {processor.py:840} INFO - DAG(s) 'example_branch_dop_operator_v3' retrieved from /home/airflow/.local/lib/python3.8/site-packages/airflow/example_dags/example_branch_python_dop_operator_3.py
[2024-04-01T23:18:44.812+0000] {logging_mixin.py:188} INFO - [2024-04-01T23:18:44.812+0000] {dag.py:3047} INFO - Sync 1 DAGs
[2024-04-01T23:18:44.839+0000] {logging_mixin.py:188} INFO - [2024-04-01T23:18:44.839+0000] {dag.py:3834} INFO - Setting next_dagrun for example_branch_dop_operator_v3 to 2024-04-01 23:17:00+00:00, run_after=2024-04-01 23:18:00+00:00
[2024-04-01T23:18:44.861+0000] {processor.py:183} INFO - Processing /home/airflow/.local/lib/python3.8/site-packages/airflow/example_dags/example_branch_python_dop_operator_3.py took 0.086 seconds
[2024-04-01T23:19:15.230+0000] {processor.py:161} INFO - Started process (PID=11142) to work on /home/airflow/.local/lib/python3.8/site-packages/airflow/example_dags/example_branch_python_dop_operator_3.py
[2024-04-01T23:19:15.231+0000] {processor.py:830} INFO - Processing file /home/airflow/.local/lib/python3.8/site-packages/airflow/example_dags/example_branch_python_dop_operator_3.py for tasks to queue
[2024-04-01T23:19:15.232+0000] {logging_mixin.py:188} INFO - [2024-04-01T23:19:15.232+0000] {dagbag.py:540} INFO - Filling up the DagBag from /home/airflow/.local/lib/python3.8/site-packages/airflow/example_dags/example_branch_python_dop_operator_3.py
[2024-04-01T23:19:15.241+0000] {processor.py:840} INFO - DAG(s) 'example_branch_dop_operator_v3' retrieved from /home/airflow/.local/lib/python3.8/site-packages/airflow/example_dags/example_branch_python_dop_operator_3.py
[2024-04-01T23:19:15.263+0000] {logging_mixin.py:188} INFO - [2024-04-01T23:19:15.262+0000] {dag.py:3047} INFO - Sync 1 DAGs
[2024-04-01T23:19:15.293+0000] {logging_mixin.py:188} INFO - [2024-04-01T23:19:15.292+0000] {dag.py:3834} INFO - Setting next_dagrun for example_branch_dop_operator_v3 to 2024-04-01 23:18:00+00:00, run_after=2024-04-01 23:19:00+00:00
[2024-04-01T23:19:15.315+0000] {processor.py:183} INFO - Processing /home/airflow/.local/lib/python3.8/site-packages/airflow/example_dags/example_branch_python_dop_operator_3.py took 0.088 seconds
[2024-04-01T23:19:46.140+0000] {processor.py:161} INFO - Started process (PID=11389) to work on /home/airflow/.local/lib/python3.8/site-packages/airflow/example_dags/example_branch_python_dop_operator_3.py
[2024-04-01T23:19:46.141+0000] {processor.py:830} INFO - Processing file /home/airflow/.local/lib/python3.8/site-packages/airflow/example_dags/example_branch_python_dop_operator_3.py for tasks to queue
[2024-04-01T23:19:46.142+0000] {logging_mixin.py:188} INFO - [2024-04-01T23:19:46.142+0000] {dagbag.py:540} INFO - Filling up the DagBag from /home/airflow/.local/lib/python3.8/site-packages/airflow/example_dags/example_branch_python_dop_operator_3.py
[2024-04-01T23:19:46.151+0000] {processor.py:840} INFO - DAG(s) 'example_branch_dop_operator_v3' retrieved from /home/airflow/.local/lib/python3.8/site-packages/airflow/example_dags/example_branch_python_dop_operator_3.py
[2024-04-01T23:19:46.176+0000] {logging_mixin.py:188} INFO - [2024-04-01T23:19:46.176+0000] {dag.py:3047} INFO - Sync 1 DAGs
[2024-04-01T23:19:46.212+0000] {logging_mixin.py:188} INFO - [2024-04-01T23:19:46.211+0000] {dag.py:3834} INFO - Setting next_dagrun for example_branch_dop_operator_v3 to 2024-04-01 23:18:00+00:00, run_after=2024-04-01 23:19:00+00:00
[2024-04-01T23:19:46.238+0000] {processor.py:183} INFO - Processing /home/airflow/.local/lib/python3.8/site-packages/airflow/example_dags/example_branch_python_dop_operator_3.py took 0.101 seconds
[2024-04-01T23:20:17.142+0000] {processor.py:161} INFO - Started process (PID=11636) to work on /home/airflow/.local/lib/python3.8/site-packages/airflow/example_dags/example_branch_python_dop_operator_3.py
[2024-04-01T23:20:17.143+0000] {processor.py:830} INFO - Processing file /home/airflow/.local/lib/python3.8/site-packages/airflow/example_dags/example_branch_python_dop_operator_3.py for tasks to queue
[2024-04-01T23:20:17.144+0000] {logging_mixin.py:188} INFO - [2024-04-01T23:20:17.144+0000] {dagbag.py:540} INFO - Filling up the DagBag from /home/airflow/.local/lib/python3.8/site-packages/airflow/example_dags/example_branch_python_dop_operator_3.py
[2024-04-01T23:20:17.154+0000] {processor.py:840} INFO - DAG(s) 'example_branch_dop_operator_v3' retrieved from /home/airflow/.local/lib/python3.8/site-packages/airflow/example_dags/example_branch_python_dop_operator_3.py
[2024-04-01T23:20:17.178+0000] {logging_mixin.py:188} INFO - [2024-04-01T23:20:17.178+0000] {dag.py:3047} INFO - Sync 1 DAGs
[2024-04-01T23:20:17.205+0000] {logging_mixin.py:188} INFO - [2024-04-01T23:20:17.205+0000] {dag.py:3834} INFO - Setting next_dagrun for example_branch_dop_operator_v3 to 2024-04-01 23:19:00+00:00, run_after=2024-04-01 23:20:00+00:00
[2024-04-01T23:20:17.259+0000] {processor.py:183} INFO - Processing /home/airflow/.local/lib/python3.8/site-packages/airflow/example_dags/example_branch_python_dop_operator_3.py took 0.120 seconds
[2024-04-01T23:20:47.427+0000] {processor.py:161} INFO - Started process (PID=11883) to work on /home/airflow/.local/lib/python3.8/site-packages/airflow/example_dags/example_branch_python_dop_operator_3.py
[2024-04-01T23:20:47.429+0000] {processor.py:830} INFO - Processing file /home/airflow/.local/lib/python3.8/site-packages/airflow/example_dags/example_branch_python_dop_operator_3.py for tasks to queue
[2024-04-01T23:20:47.432+0000] {logging_mixin.py:188} INFO - [2024-04-01T23:20:47.431+0000] {dagbag.py:540} INFO - Filling up the DagBag from /home/airflow/.local/lib/python3.8/site-packages/airflow/example_dags/example_branch_python_dop_operator_3.py
[2024-04-01T23:20:47.448+0000] {processor.py:840} INFO - DAG(s) 'example_branch_dop_operator_v3' retrieved from /home/airflow/.local/lib/python3.8/site-packages/airflow/example_dags/example_branch_python_dop_operator_3.py
[2024-04-01T23:20:47.473+0000] {logging_mixin.py:188} INFO - [2024-04-01T23:20:47.473+0000] {dag.py:3047} INFO - Sync 1 DAGs
[2024-04-01T23:20:47.501+0000] {logging_mixin.py:188} INFO - [2024-04-01T23:20:47.500+0000] {dag.py:3834} INFO - Setting next_dagrun for example_branch_dop_operator_v3 to 2024-04-01 23:19:00+00:00, run_after=2024-04-01 23:20:00+00:00
[2024-04-01T23:20:47.532+0000] {processor.py:183} INFO - Processing /home/airflow/.local/lib/python3.8/site-packages/airflow/example_dags/example_branch_python_dop_operator_3.py took 0.109 seconds
