[2024-04-01T22:56:51.293+0000] {processor.py:161} INFO - Started process (PID=242) to work on /home/airflow/.local/lib/python3.8/site-packages/airflow/example_dags/example_setup_teardown.py
[2024-04-01T22:56:51.294+0000] {processor.py:830} INFO - Processing file /home/airflow/.local/lib/python3.8/site-packages/airflow/example_dags/example_setup_teardown.py for tasks to queue
[2024-04-01T22:56:51.296+0000] {logging_mixin.py:188} INFO - [2024-04-01T22:56:51.295+0000] {dagbag.py:540} INFO - Filling up the DagBag from /home/airflow/.local/lib/python3.8/site-packages/airflow/example_dags/example_setup_teardown.py
[2024-04-01T22:56:51.309+0000] {processor.py:840} INFO - DAG(s) 'example_setup_teardown' retrieved from /home/airflow/.local/lib/python3.8/site-packages/airflow/example_dags/example_setup_teardown.py
[2024-04-01T22:56:51.338+0000] {logging_mixin.py:188} INFO - [2024-04-01T22:56:51.338+0000] {dag.py:3047} INFO - Sync 1 DAGs
[2024-04-01T22:56:51.384+0000] {logging_mixin.py:188} INFO - [2024-04-01T22:56:51.384+0000] {dag.py:3834} INFO - Setting next_dagrun for example_setup_teardown to 2024-03-31 00:00:00+00:00, run_after=2024-04-01 00:00:00+00:00
[2024-04-01T22:56:51.407+0000] {processor.py:183} INFO - Processing /home/airflow/.local/lib/python3.8/site-packages/airflow/example_dags/example_setup_teardown.py took 0.118 seconds
[2024-04-01T22:57:22.681+0000] {processor.py:161} INFO - Started process (PID=489) to work on /home/airflow/.local/lib/python3.8/site-packages/airflow/example_dags/example_setup_teardown.py
[2024-04-01T22:57:22.682+0000] {processor.py:830} INFO - Processing file /home/airflow/.local/lib/python3.8/site-packages/airflow/example_dags/example_setup_teardown.py for tasks to queue
[2024-04-01T22:57:22.683+0000] {logging_mixin.py:188} INFO - [2024-04-01T22:57:22.683+0000] {dagbag.py:540} INFO - Filling up the DagBag from /home/airflow/.local/lib/python3.8/site-packages/airflow/example_dags/example_setup_teardown.py
[2024-04-01T22:57:22.690+0000] {processor.py:840} INFO - DAG(s) 'example_setup_teardown' retrieved from /home/airflow/.local/lib/python3.8/site-packages/airflow/example_dags/example_setup_teardown.py
[2024-04-01T22:57:22.794+0000] {logging_mixin.py:188} INFO - [2024-04-01T22:57:22.794+0000] {dag.py:3047} INFO - Sync 1 DAGs
[2024-04-01T22:57:22.816+0000] {logging_mixin.py:188} INFO - [2024-04-01T22:57:22.816+0000] {dag.py:3834} INFO - Setting next_dagrun for example_setup_teardown to 2024-03-31 00:00:00+00:00, run_after=2024-04-01 00:00:00+00:00
[2024-04-01T22:57:22.842+0000] {processor.py:183} INFO - Processing /home/airflow/.local/lib/python3.8/site-packages/airflow/example_dags/example_setup_teardown.py took 0.163 seconds
[2024-04-01T22:57:53.490+0000] {processor.py:161} INFO - Started process (PID=738) to work on /home/airflow/.local/lib/python3.8/site-packages/airflow/example_dags/example_setup_teardown.py
[2024-04-01T22:57:53.491+0000] {processor.py:830} INFO - Processing file /home/airflow/.local/lib/python3.8/site-packages/airflow/example_dags/example_setup_teardown.py for tasks to queue
[2024-04-01T22:57:53.492+0000] {logging_mixin.py:188} INFO - [2024-04-01T22:57:53.492+0000] {dagbag.py:540} INFO - Filling up the DagBag from /home/airflow/.local/lib/python3.8/site-packages/airflow/example_dags/example_setup_teardown.py
[2024-04-01T22:57:53.499+0000] {processor.py:840} INFO - DAG(s) 'example_setup_teardown' retrieved from /home/airflow/.local/lib/python3.8/site-packages/airflow/example_dags/example_setup_teardown.py
[2024-04-01T22:57:53.521+0000] {logging_mixin.py:188} INFO - [2024-04-01T22:57:53.520+0000] {dag.py:3047} INFO - Sync 1 DAGs
[2024-04-01T22:57:53.544+0000] {logging_mixin.py:188} INFO - [2024-04-01T22:57:53.544+0000] {dag.py:3834} INFO - Setting next_dagrun for example_setup_teardown to 2024-03-31 00:00:00+00:00, run_after=2024-04-01 00:00:00+00:00
[2024-04-01T22:57:53.566+0000] {processor.py:183} INFO - Processing /home/airflow/.local/lib/python3.8/site-packages/airflow/example_dags/example_setup_teardown.py took 0.079 seconds
[2024-04-01T22:58:23.976+0000] {processor.py:161} INFO - Started process (PID=985) to work on /home/airflow/.local/lib/python3.8/site-packages/airflow/example_dags/example_setup_teardown.py
[2024-04-01T22:58:23.977+0000] {processor.py:830} INFO - Processing file /home/airflow/.local/lib/python3.8/site-packages/airflow/example_dags/example_setup_teardown.py for tasks to queue
[2024-04-01T22:58:23.978+0000] {logging_mixin.py:188} INFO - [2024-04-01T22:58:23.978+0000] {dagbag.py:540} INFO - Filling up the DagBag from /home/airflow/.local/lib/python3.8/site-packages/airflow/example_dags/example_setup_teardown.py
[2024-04-01T22:58:23.984+0000] {processor.py:840} INFO - DAG(s) 'example_setup_teardown' retrieved from /home/airflow/.local/lib/python3.8/site-packages/airflow/example_dags/example_setup_teardown.py
[2024-04-01T22:58:24.005+0000] {logging_mixin.py:188} INFO - [2024-04-01T22:58:24.005+0000] {dag.py:3047} INFO - Sync 1 DAGs
[2024-04-01T22:58:24.029+0000] {logging_mixin.py:188} INFO - [2024-04-01T22:58:24.028+0000] {dag.py:3834} INFO - Setting next_dagrun for example_setup_teardown to 2024-03-31 00:00:00+00:00, run_after=2024-04-01 00:00:00+00:00
[2024-04-01T22:58:24.051+0000] {processor.py:183} INFO - Processing /home/airflow/.local/lib/python3.8/site-packages/airflow/example_dags/example_setup_teardown.py took 0.078 seconds
[2024-04-01T22:58:54.184+0000] {processor.py:161} INFO - Started process (PID=1230) to work on /home/airflow/.local/lib/python3.8/site-packages/airflow/example_dags/example_setup_teardown.py
[2024-04-01T22:58:54.186+0000] {processor.py:830} INFO - Processing file /home/airflow/.local/lib/python3.8/site-packages/airflow/example_dags/example_setup_teardown.py for tasks to queue
[2024-04-01T22:58:54.187+0000] {logging_mixin.py:188} INFO - [2024-04-01T22:58:54.187+0000] {dagbag.py:540} INFO - Filling up the DagBag from /home/airflow/.local/lib/python3.8/site-packages/airflow/example_dags/example_setup_teardown.py
[2024-04-01T22:58:54.198+0000] {processor.py:840} INFO - DAG(s) 'example_setup_teardown' retrieved from /home/airflow/.local/lib/python3.8/site-packages/airflow/example_dags/example_setup_teardown.py
[2024-04-01T22:58:54.230+0000] {logging_mixin.py:188} INFO - [2024-04-01T22:58:54.230+0000] {dag.py:3047} INFO - Sync 1 DAGs
[2024-04-01T22:58:54.269+0000] {logging_mixin.py:188} INFO - [2024-04-01T22:58:54.269+0000] {dag.py:3834} INFO - Setting next_dagrun for example_setup_teardown to 2024-03-31 00:00:00+00:00, run_after=2024-04-01 00:00:00+00:00
[2024-04-01T22:58:54.299+0000] {processor.py:183} INFO - Processing /home/airflow/.local/lib/python3.8/site-packages/airflow/example_dags/example_setup_teardown.py took 0.118 seconds
[2024-04-01T22:59:24.889+0000] {processor.py:161} INFO - Started process (PID=1479) to work on /home/airflow/.local/lib/python3.8/site-packages/airflow/example_dags/example_setup_teardown.py
[2024-04-01T22:59:24.890+0000] {processor.py:830} INFO - Processing file /home/airflow/.local/lib/python3.8/site-packages/airflow/example_dags/example_setup_teardown.py for tasks to queue
[2024-04-01T22:59:24.891+0000] {logging_mixin.py:188} INFO - [2024-04-01T22:59:24.890+0000] {dagbag.py:540} INFO - Filling up the DagBag from /home/airflow/.local/lib/python3.8/site-packages/airflow/example_dags/example_setup_teardown.py
[2024-04-01T22:59:24.897+0000] {processor.py:840} INFO - DAG(s) 'example_setup_teardown' retrieved from /home/airflow/.local/lib/python3.8/site-packages/airflow/example_dags/example_setup_teardown.py
[2024-04-01T22:59:24.922+0000] {logging_mixin.py:188} INFO - [2024-04-01T22:59:24.922+0000] {dag.py:3047} INFO - Sync 1 DAGs
[2024-04-01T22:59:24.946+0000] {logging_mixin.py:188} INFO - [2024-04-01T22:59:24.946+0000] {dag.py:3834} INFO - Setting next_dagrun for example_setup_teardown to 2024-03-31 00:00:00+00:00, run_after=2024-04-01 00:00:00+00:00
[2024-04-01T22:59:24.983+0000] {processor.py:183} INFO - Processing /home/airflow/.local/lib/python3.8/site-packages/airflow/example_dags/example_setup_teardown.py took 0.098 seconds
[2024-04-01T22:59:55.051+0000] {processor.py:161} INFO - Started process (PID=1748) to work on /home/airflow/.local/lib/python3.8/site-packages/airflow/example_dags/example_setup_teardown.py
[2024-04-01T22:59:55.052+0000] {processor.py:830} INFO - Processing file /home/airflow/.local/lib/python3.8/site-packages/airflow/example_dags/example_setup_teardown.py for tasks to queue
[2024-04-01T22:59:55.053+0000] {logging_mixin.py:188} INFO - [2024-04-01T22:59:55.053+0000] {dagbag.py:540} INFO - Filling up the DagBag from /home/airflow/.local/lib/python3.8/site-packages/airflow/example_dags/example_setup_teardown.py
[2024-04-01T22:59:55.061+0000] {processor.py:840} INFO - DAG(s) 'example_setup_teardown' retrieved from /home/airflow/.local/lib/python3.8/site-packages/airflow/example_dags/example_setup_teardown.py
[2024-04-01T22:59:55.085+0000] {logging_mixin.py:188} INFO - [2024-04-01T22:59:55.085+0000] {dag.py:3047} INFO - Sync 1 DAGs
[2024-04-01T22:59:55.111+0000] {logging_mixin.py:188} INFO - [2024-04-01T22:59:55.111+0000] {dag.py:3834} INFO - Setting next_dagrun for example_setup_teardown to 2024-03-31 00:00:00+00:00, run_after=2024-04-01 00:00:00+00:00
[2024-04-01T22:59:55.144+0000] {processor.py:183} INFO - Processing /home/airflow/.local/lib/python3.8/site-packages/airflow/example_dags/example_setup_teardown.py took 0.096 seconds
[2024-04-01T23:00:25.760+0000] {processor.py:161} INFO - Started process (PID=1998) to work on /home/airflow/.local/lib/python3.8/site-packages/airflow/example_dags/example_setup_teardown.py
[2024-04-01T23:00:25.762+0000] {processor.py:830} INFO - Processing file /home/airflow/.local/lib/python3.8/site-packages/airflow/example_dags/example_setup_teardown.py for tasks to queue
[2024-04-01T23:00:25.762+0000] {logging_mixin.py:188} INFO - [2024-04-01T23:00:25.762+0000] {dagbag.py:540} INFO - Filling up the DagBag from /home/airflow/.local/lib/python3.8/site-packages/airflow/example_dags/example_setup_teardown.py
[2024-04-01T23:00:25.772+0000] {processor.py:840} INFO - DAG(s) 'example_setup_teardown' retrieved from /home/airflow/.local/lib/python3.8/site-packages/airflow/example_dags/example_setup_teardown.py
[2024-04-01T23:00:25.795+0000] {logging_mixin.py:188} INFO - [2024-04-01T23:00:25.795+0000] {dag.py:3047} INFO - Sync 1 DAGs
[2024-04-01T23:00:25.821+0000] {logging_mixin.py:188} INFO - [2024-04-01T23:00:25.820+0000] {dag.py:3834} INFO - Setting next_dagrun for example_setup_teardown to 2024-03-31 00:00:00+00:00, run_after=2024-04-01 00:00:00+00:00
[2024-04-01T23:00:25.858+0000] {processor.py:183} INFO - Processing /home/airflow/.local/lib/python3.8/site-packages/airflow/example_dags/example_setup_teardown.py took 0.100 seconds
[2024-04-01T23:00:55.980+0000] {processor.py:161} INFO - Started process (PID=2245) to work on /home/airflow/.local/lib/python3.8/site-packages/airflow/example_dags/example_setup_teardown.py
[2024-04-01T23:00:55.981+0000] {processor.py:830} INFO - Processing file /home/airflow/.local/lib/python3.8/site-packages/airflow/example_dags/example_setup_teardown.py for tasks to queue
[2024-04-01T23:00:55.983+0000] {logging_mixin.py:188} INFO - [2024-04-01T23:00:55.982+0000] {dagbag.py:540} INFO - Filling up the DagBag from /home/airflow/.local/lib/python3.8/site-packages/airflow/example_dags/example_setup_teardown.py
[2024-04-01T23:00:55.990+0000] {processor.py:840} INFO - DAG(s) 'example_setup_teardown' retrieved from /home/airflow/.local/lib/python3.8/site-packages/airflow/example_dags/example_setup_teardown.py
[2024-04-01T23:00:56.018+0000] {logging_mixin.py:188} INFO - [2024-04-01T23:00:56.018+0000] {dag.py:3047} INFO - Sync 1 DAGs
[2024-04-01T23:00:56.061+0000] {logging_mixin.py:188} INFO - [2024-04-01T23:00:56.061+0000] {dag.py:3834} INFO - Setting next_dagrun for example_setup_teardown to 2024-03-31 00:00:00+00:00, run_after=2024-04-01 00:00:00+00:00
[2024-04-01T23:00:56.095+0000] {processor.py:183} INFO - Processing /home/airflow/.local/lib/python3.8/site-packages/airflow/example_dags/example_setup_teardown.py took 0.119 seconds
[2024-04-01T23:01:26.284+0000] {processor.py:161} INFO - Started process (PID=2490) to work on /home/airflow/.local/lib/python3.8/site-packages/airflow/example_dags/example_setup_teardown.py
[2024-04-01T23:01:26.285+0000] {processor.py:830} INFO - Processing file /home/airflow/.local/lib/python3.8/site-packages/airflow/example_dags/example_setup_teardown.py for tasks to queue
[2024-04-01T23:01:26.286+0000] {logging_mixin.py:188} INFO - [2024-04-01T23:01:26.286+0000] {dagbag.py:540} INFO - Filling up the DagBag from /home/airflow/.local/lib/python3.8/site-packages/airflow/example_dags/example_setup_teardown.py
[2024-04-01T23:01:26.295+0000] {processor.py:840} INFO - DAG(s) 'example_setup_teardown' retrieved from /home/airflow/.local/lib/python3.8/site-packages/airflow/example_dags/example_setup_teardown.py
[2024-04-01T23:01:26.319+0000] {logging_mixin.py:188} INFO - [2024-04-01T23:01:26.319+0000] {dag.py:3047} INFO - Sync 1 DAGs
[2024-04-01T23:01:26.344+0000] {logging_mixin.py:188} INFO - [2024-04-01T23:01:26.343+0000] {dag.py:3834} INFO - Setting next_dagrun for example_setup_teardown to 2024-03-31 00:00:00+00:00, run_after=2024-04-01 00:00:00+00:00
[2024-04-01T23:01:26.368+0000] {processor.py:183} INFO - Processing /home/airflow/.local/lib/python3.8/site-packages/airflow/example_dags/example_setup_teardown.py took 0.087 seconds
[2024-04-01T23:01:56.969+0000] {processor.py:161} INFO - Started process (PID=2739) to work on /home/airflow/.local/lib/python3.8/site-packages/airflow/example_dags/example_setup_teardown.py
[2024-04-01T23:01:56.970+0000] {processor.py:830} INFO - Processing file /home/airflow/.local/lib/python3.8/site-packages/airflow/example_dags/example_setup_teardown.py for tasks to queue
[2024-04-01T23:01:56.971+0000] {logging_mixin.py:188} INFO - [2024-04-01T23:01:56.971+0000] {dagbag.py:540} INFO - Filling up the DagBag from /home/airflow/.local/lib/python3.8/site-packages/airflow/example_dags/example_setup_teardown.py
[2024-04-01T23:01:56.977+0000] {processor.py:840} INFO - DAG(s) 'example_setup_teardown' retrieved from /home/airflow/.local/lib/python3.8/site-packages/airflow/example_dags/example_setup_teardown.py
[2024-04-01T23:01:57.003+0000] {logging_mixin.py:188} INFO - [2024-04-01T23:01:57.002+0000] {dag.py:3047} INFO - Sync 1 DAGs
[2024-04-01T23:01:57.029+0000] {logging_mixin.py:188} INFO - [2024-04-01T23:01:57.029+0000] {dag.py:3834} INFO - Setting next_dagrun for example_setup_teardown to 2024-03-31 00:00:00+00:00, run_after=2024-04-01 00:00:00+00:00
[2024-04-01T23:01:57.068+0000] {processor.py:183} INFO - Processing /home/airflow/.local/lib/python3.8/site-packages/airflow/example_dags/example_setup_teardown.py took 0.102 seconds
[2024-04-01T23:02:27.422+0000] {processor.py:161} INFO - Started process (PID=2984) to work on /home/airflow/.local/lib/python3.8/site-packages/airflow/example_dags/example_setup_teardown.py
[2024-04-01T23:02:27.423+0000] {processor.py:830} INFO - Processing file /home/airflow/.local/lib/python3.8/site-packages/airflow/example_dags/example_setup_teardown.py for tasks to queue
[2024-04-01T23:02:27.424+0000] {logging_mixin.py:188} INFO - [2024-04-01T23:02:27.424+0000] {dagbag.py:540} INFO - Filling up the DagBag from /home/airflow/.local/lib/python3.8/site-packages/airflow/example_dags/example_setup_teardown.py
[2024-04-01T23:02:27.431+0000] {processor.py:840} INFO - DAG(s) 'example_setup_teardown' retrieved from /home/airflow/.local/lib/python3.8/site-packages/airflow/example_dags/example_setup_teardown.py
[2024-04-01T23:02:27.453+0000] {logging_mixin.py:188} INFO - [2024-04-01T23:02:27.453+0000] {dag.py:3047} INFO - Sync 1 DAGs
[2024-04-01T23:02:27.477+0000] {logging_mixin.py:188} INFO - [2024-04-01T23:02:27.476+0000] {dag.py:3834} INFO - Setting next_dagrun for example_setup_teardown to 2024-03-31 00:00:00+00:00, run_after=2024-04-01 00:00:00+00:00
[2024-04-01T23:02:27.513+0000] {processor.py:183} INFO - Processing /home/airflow/.local/lib/python3.8/site-packages/airflow/example_dags/example_setup_teardown.py took 0.094 seconds
[2024-04-01T23:02:57.957+0000] {processor.py:161} INFO - Started process (PID=3233) to work on /home/airflow/.local/lib/python3.8/site-packages/airflow/example_dags/example_setup_teardown.py
[2024-04-01T23:02:57.958+0000] {processor.py:830} INFO - Processing file /home/airflow/.local/lib/python3.8/site-packages/airflow/example_dags/example_setup_teardown.py for tasks to queue
[2024-04-01T23:02:57.959+0000] {logging_mixin.py:188} INFO - [2024-04-01T23:02:57.959+0000] {dagbag.py:540} INFO - Filling up the DagBag from /home/airflow/.local/lib/python3.8/site-packages/airflow/example_dags/example_setup_teardown.py
[2024-04-01T23:02:57.966+0000] {processor.py:840} INFO - DAG(s) 'example_setup_teardown' retrieved from /home/airflow/.local/lib/python3.8/site-packages/airflow/example_dags/example_setup_teardown.py
[2024-04-01T23:02:57.989+0000] {logging_mixin.py:188} INFO - [2024-04-01T23:02:57.988+0000] {dag.py:3047} INFO - Sync 1 DAGs
[2024-04-01T23:02:58.013+0000] {logging_mixin.py:188} INFO - [2024-04-01T23:02:58.012+0000] {dag.py:3834} INFO - Setting next_dagrun for example_setup_teardown to 2024-03-31 00:00:00+00:00, run_after=2024-04-01 00:00:00+00:00
[2024-04-01T23:02:58.037+0000] {processor.py:183} INFO - Processing /home/airflow/.local/lib/python3.8/site-packages/airflow/example_dags/example_setup_teardown.py took 0.082 seconds
[2024-04-01T23:03:28.353+0000] {processor.py:161} INFO - Started process (PID=3478) to work on /home/airflow/.local/lib/python3.8/site-packages/airflow/example_dags/example_setup_teardown.py
[2024-04-01T23:03:28.354+0000] {processor.py:830} INFO - Processing file /home/airflow/.local/lib/python3.8/site-packages/airflow/example_dags/example_setup_teardown.py for tasks to queue
[2024-04-01T23:03:28.356+0000] {logging_mixin.py:188} INFO - [2024-04-01T23:03:28.355+0000] {dagbag.py:540} INFO - Filling up the DagBag from /home/airflow/.local/lib/python3.8/site-packages/airflow/example_dags/example_setup_teardown.py
[2024-04-01T23:03:28.363+0000] {processor.py:840} INFO - DAG(s) 'example_setup_teardown' retrieved from /home/airflow/.local/lib/python3.8/site-packages/airflow/example_dags/example_setup_teardown.py
[2024-04-01T23:03:28.384+0000] {logging_mixin.py:188} INFO - [2024-04-01T23:03:28.383+0000] {dag.py:3047} INFO - Sync 1 DAGs
[2024-04-01T23:03:28.409+0000] {logging_mixin.py:188} INFO - [2024-04-01T23:03:28.408+0000] {dag.py:3834} INFO - Setting next_dagrun for example_setup_teardown to 2024-03-31 00:00:00+00:00, run_after=2024-04-01 00:00:00+00:00
[2024-04-01T23:03:28.433+0000] {processor.py:183} INFO - Processing /home/airflow/.local/lib/python3.8/site-packages/airflow/example_dags/example_setup_teardown.py took 0.083 seconds
[2024-04-01T23:03:58.899+0000] {processor.py:161} INFO - Started process (PID=3725) to work on /home/airflow/.local/lib/python3.8/site-packages/airflow/example_dags/example_setup_teardown.py
[2024-04-01T23:03:58.901+0000] {processor.py:830} INFO - Processing file /home/airflow/.local/lib/python3.8/site-packages/airflow/example_dags/example_setup_teardown.py for tasks to queue
[2024-04-01T23:03:58.902+0000] {logging_mixin.py:188} INFO - [2024-04-01T23:03:58.901+0000] {dagbag.py:540} INFO - Filling up the DagBag from /home/airflow/.local/lib/python3.8/site-packages/airflow/example_dags/example_setup_teardown.py
[2024-04-01T23:03:58.908+0000] {processor.py:840} INFO - DAG(s) 'example_setup_teardown' retrieved from /home/airflow/.local/lib/python3.8/site-packages/airflow/example_dags/example_setup_teardown.py
[2024-04-01T23:03:58.931+0000] {logging_mixin.py:188} INFO - [2024-04-01T23:03:58.931+0000] {dag.py:3047} INFO - Sync 1 DAGs
[2024-04-01T23:03:58.954+0000] {logging_mixin.py:188} INFO - [2024-04-01T23:03:58.953+0000] {dag.py:3834} INFO - Setting next_dagrun for example_setup_teardown to 2024-03-31 00:00:00+00:00, run_after=2024-04-01 00:00:00+00:00
[2024-04-01T23:03:58.989+0000] {processor.py:183} INFO - Processing /home/airflow/.local/lib/python3.8/site-packages/airflow/example_dags/example_setup_teardown.py took 0.092 seconds
[2024-04-01T23:04:29.460+0000] {processor.py:161} INFO - Started process (PID=3974) to work on /home/airflow/.local/lib/python3.8/site-packages/airflow/example_dags/example_setup_teardown.py
[2024-04-01T23:04:29.461+0000] {processor.py:830} INFO - Processing file /home/airflow/.local/lib/python3.8/site-packages/airflow/example_dags/example_setup_teardown.py for tasks to queue
[2024-04-01T23:04:29.462+0000] {logging_mixin.py:188} INFO - [2024-04-01T23:04:29.461+0000] {dagbag.py:540} INFO - Filling up the DagBag from /home/airflow/.local/lib/python3.8/site-packages/airflow/example_dags/example_setup_teardown.py
[2024-04-01T23:04:29.468+0000] {processor.py:840} INFO - DAG(s) 'example_setup_teardown' retrieved from /home/airflow/.local/lib/python3.8/site-packages/airflow/example_dags/example_setup_teardown.py
[2024-04-01T23:04:29.488+0000] {logging_mixin.py:188} INFO - [2024-04-01T23:04:29.487+0000] {dag.py:3047} INFO - Sync 1 DAGs
[2024-04-01T23:04:29.512+0000] {logging_mixin.py:188} INFO - [2024-04-01T23:04:29.511+0000] {dag.py:3834} INFO - Setting next_dagrun for example_setup_teardown to 2024-03-31 00:00:00+00:00, run_after=2024-04-01 00:00:00+00:00
[2024-04-01T23:04:29.537+0000] {processor.py:183} INFO - Processing /home/airflow/.local/lib/python3.8/site-packages/airflow/example_dags/example_setup_teardown.py took 0.080 seconds
[2024-04-01T23:05:00.297+0000] {processor.py:161} INFO - Started process (PID=4219) to work on /home/airflow/.local/lib/python3.8/site-packages/airflow/example_dags/example_setup_teardown.py
[2024-04-01T23:05:00.299+0000] {processor.py:830} INFO - Processing file /home/airflow/.local/lib/python3.8/site-packages/airflow/example_dags/example_setup_teardown.py for tasks to queue
[2024-04-01T23:05:00.301+0000] {logging_mixin.py:188} INFO - [2024-04-01T23:05:00.300+0000] {dagbag.py:540} INFO - Filling up the DagBag from /home/airflow/.local/lib/python3.8/site-packages/airflow/example_dags/example_setup_teardown.py
[2024-04-01T23:05:00.312+0000] {processor.py:840} INFO - DAG(s) 'example_setup_teardown' retrieved from /home/airflow/.local/lib/python3.8/site-packages/airflow/example_dags/example_setup_teardown.py
[2024-04-01T23:05:00.350+0000] {logging_mixin.py:188} INFO - [2024-04-01T23:05:00.350+0000] {dag.py:3047} INFO - Sync 1 DAGs
[2024-04-01T23:05:00.394+0000] {logging_mixin.py:188} INFO - [2024-04-01T23:05:00.394+0000] {dag.py:3834} INFO - Setting next_dagrun for example_setup_teardown to 2024-03-31 00:00:00+00:00, run_after=2024-04-01 00:00:00+00:00
[2024-04-01T23:05:00.436+0000] {processor.py:183} INFO - Processing /home/airflow/.local/lib/python3.8/site-packages/airflow/example_dags/example_setup_teardown.py took 0.143 seconds
[2024-04-01T23:05:31.398+0000] {processor.py:161} INFO - Started process (PID=4468) to work on /home/airflow/.local/lib/python3.8/site-packages/airflow/example_dags/example_setup_teardown.py
[2024-04-01T23:05:31.399+0000] {processor.py:830} INFO - Processing file /home/airflow/.local/lib/python3.8/site-packages/airflow/example_dags/example_setup_teardown.py for tasks to queue
[2024-04-01T23:05:31.401+0000] {logging_mixin.py:188} INFO - [2024-04-01T23:05:31.400+0000] {dagbag.py:540} INFO - Filling up the DagBag from /home/airflow/.local/lib/python3.8/site-packages/airflow/example_dags/example_setup_teardown.py
[2024-04-01T23:05:31.417+0000] {processor.py:840} INFO - DAG(s) 'example_setup_teardown' retrieved from /home/airflow/.local/lib/python3.8/site-packages/airflow/example_dags/example_setup_teardown.py
[2024-04-01T23:05:31.442+0000] {logging_mixin.py:188} INFO - [2024-04-01T23:05:31.442+0000] {dag.py:3047} INFO - Sync 1 DAGs
[2024-04-01T23:05:31.466+0000] {logging_mixin.py:188} INFO - [2024-04-01T23:05:31.465+0000] {dag.py:3834} INFO - Setting next_dagrun for example_setup_teardown to 2024-03-31 00:00:00+00:00, run_after=2024-04-01 00:00:00+00:00
[2024-04-01T23:05:31.486+0000] {processor.py:183} INFO - Processing /home/airflow/.local/lib/python3.8/site-packages/airflow/example_dags/example_setup_teardown.py took 0.093 seconds
[2024-04-01T23:06:02.377+0000] {processor.py:161} INFO - Started process (PID=4714) to work on /home/airflow/.local/lib/python3.8/site-packages/airflow/example_dags/example_setup_teardown.py
[2024-04-01T23:06:02.378+0000] {processor.py:830} INFO - Processing file /home/airflow/.local/lib/python3.8/site-packages/airflow/example_dags/example_setup_teardown.py for tasks to queue
[2024-04-01T23:06:02.380+0000] {logging_mixin.py:188} INFO - [2024-04-01T23:06:02.380+0000] {dagbag.py:540} INFO - Filling up the DagBag from /home/airflow/.local/lib/python3.8/site-packages/airflow/example_dags/example_setup_teardown.py
[2024-04-01T23:06:02.389+0000] {processor.py:840} INFO - DAG(s) 'example_setup_teardown' retrieved from /home/airflow/.local/lib/python3.8/site-packages/airflow/example_dags/example_setup_teardown.py
[2024-04-01T23:06:02.414+0000] {logging_mixin.py:188} INFO - [2024-04-01T23:06:02.414+0000] {dag.py:3047} INFO - Sync 1 DAGs
[2024-04-01T23:06:02.446+0000] {logging_mixin.py:188} INFO - [2024-04-01T23:06:02.446+0000] {dag.py:3834} INFO - Setting next_dagrun for example_setup_teardown to 2024-03-31 00:00:00+00:00, run_after=2024-04-01 00:00:00+00:00
[2024-04-01T23:06:02.470+0000] {processor.py:183} INFO - Processing /home/airflow/.local/lib/python3.8/site-packages/airflow/example_dags/example_setup_teardown.py took 0.097 seconds
[2024-04-01T23:06:32.655+0000] {processor.py:161} INFO - Started process (PID=4961) to work on /home/airflow/.local/lib/python3.8/site-packages/airflow/example_dags/example_setup_teardown.py
[2024-04-01T23:06:32.656+0000] {processor.py:830} INFO - Processing file /home/airflow/.local/lib/python3.8/site-packages/airflow/example_dags/example_setup_teardown.py for tasks to queue
[2024-04-01T23:06:32.658+0000] {logging_mixin.py:188} INFO - [2024-04-01T23:06:32.657+0000] {dagbag.py:540} INFO - Filling up the DagBag from /home/airflow/.local/lib/python3.8/site-packages/airflow/example_dags/example_setup_teardown.py
[2024-04-01T23:06:32.665+0000] {processor.py:840} INFO - DAG(s) 'example_setup_teardown' retrieved from /home/airflow/.local/lib/python3.8/site-packages/airflow/example_dags/example_setup_teardown.py
[2024-04-01T23:06:32.688+0000] {logging_mixin.py:188} INFO - [2024-04-01T23:06:32.688+0000] {dag.py:3047} INFO - Sync 1 DAGs
[2024-04-01T23:06:32.716+0000] {logging_mixin.py:188} INFO - [2024-04-01T23:06:32.716+0000] {dag.py:3834} INFO - Setting next_dagrun for example_setup_teardown to 2024-03-31 00:00:00+00:00, run_after=2024-04-01 00:00:00+00:00
[2024-04-01T23:06:32.744+0000] {processor.py:183} INFO - Processing /home/airflow/.local/lib/python3.8/site-packages/airflow/example_dags/example_setup_teardown.py took 0.092 seconds
[2024-04-01T23:07:03.294+0000] {processor.py:161} INFO - Started process (PID=5209) to work on /home/airflow/.local/lib/python3.8/site-packages/airflow/example_dags/example_setup_teardown.py
[2024-04-01T23:07:03.296+0000] {processor.py:830} INFO - Processing file /home/airflow/.local/lib/python3.8/site-packages/airflow/example_dags/example_setup_teardown.py for tasks to queue
[2024-04-01T23:07:03.297+0000] {logging_mixin.py:188} INFO - [2024-04-01T23:07:03.297+0000] {dagbag.py:540} INFO - Filling up the DagBag from /home/airflow/.local/lib/python3.8/site-packages/airflow/example_dags/example_setup_teardown.py
[2024-04-01T23:07:03.305+0000] {processor.py:840} INFO - DAG(s) 'example_setup_teardown' retrieved from /home/airflow/.local/lib/python3.8/site-packages/airflow/example_dags/example_setup_teardown.py
[2024-04-01T23:07:03.327+0000] {logging_mixin.py:188} INFO - [2024-04-01T23:07:03.326+0000] {dag.py:3047} INFO - Sync 1 DAGs
[2024-04-01T23:07:03.351+0000] {logging_mixin.py:188} INFO - [2024-04-01T23:07:03.351+0000] {dag.py:3834} INFO - Setting next_dagrun for example_setup_teardown to 2024-03-31 00:00:00+00:00, run_after=2024-04-01 00:00:00+00:00
[2024-04-01T23:07:03.372+0000] {processor.py:183} INFO - Processing /home/airflow/.local/lib/python3.8/site-packages/airflow/example_dags/example_setup_teardown.py took 0.081 seconds
[2024-04-01T23:07:33.678+0000] {processor.py:161} INFO - Started process (PID=5455) to work on /home/airflow/.local/lib/python3.8/site-packages/airflow/example_dags/example_setup_teardown.py
[2024-04-01T23:07:33.679+0000] {processor.py:830} INFO - Processing file /home/airflow/.local/lib/python3.8/site-packages/airflow/example_dags/example_setup_teardown.py for tasks to queue
[2024-04-01T23:07:33.681+0000] {logging_mixin.py:188} INFO - [2024-04-01T23:07:33.680+0000] {dagbag.py:540} INFO - Filling up the DagBag from /home/airflow/.local/lib/python3.8/site-packages/airflow/example_dags/example_setup_teardown.py
[2024-04-01T23:07:33.693+0000] {processor.py:840} INFO - DAG(s) 'example_setup_teardown' retrieved from /home/airflow/.local/lib/python3.8/site-packages/airflow/example_dags/example_setup_teardown.py
[2024-04-01T23:07:33.720+0000] {logging_mixin.py:188} INFO - [2024-04-01T23:07:33.720+0000] {dag.py:3047} INFO - Sync 1 DAGs
[2024-04-01T23:07:33.758+0000] {logging_mixin.py:188} INFO - [2024-04-01T23:07:33.758+0000] {dag.py:3834} INFO - Setting next_dagrun for example_setup_teardown to 2024-03-31 00:00:00+00:00, run_after=2024-04-01 00:00:00+00:00
[2024-04-01T23:07:33.784+0000] {processor.py:183} INFO - Processing /home/airflow/.local/lib/python3.8/site-packages/airflow/example_dags/example_setup_teardown.py took 0.111 seconds
[2024-04-01T23:08:04.071+0000] {processor.py:161} INFO - Started process (PID=5704) to work on /home/airflow/.local/lib/python3.8/site-packages/airflow/example_dags/example_setup_teardown.py
[2024-04-01T23:08:04.072+0000] {processor.py:830} INFO - Processing file /home/airflow/.local/lib/python3.8/site-packages/airflow/example_dags/example_setup_teardown.py for tasks to queue
[2024-04-01T23:08:04.073+0000] {logging_mixin.py:188} INFO - [2024-04-01T23:08:04.073+0000] {dagbag.py:540} INFO - Filling up the DagBag from /home/airflow/.local/lib/python3.8/site-packages/airflow/example_dags/example_setup_teardown.py
[2024-04-01T23:08:04.079+0000] {processor.py:840} INFO - DAG(s) 'example_setup_teardown' retrieved from /home/airflow/.local/lib/python3.8/site-packages/airflow/example_dags/example_setup_teardown.py
[2024-04-01T23:08:04.101+0000] {logging_mixin.py:188} INFO - [2024-04-01T23:08:04.101+0000] {dag.py:3047} INFO - Sync 1 DAGs
[2024-04-01T23:08:04.123+0000] {logging_mixin.py:188} INFO - [2024-04-01T23:08:04.123+0000] {dag.py:3834} INFO - Setting next_dagrun for example_setup_teardown to 2024-03-31 00:00:00+00:00, run_after=2024-04-01 00:00:00+00:00
[2024-04-01T23:08:04.147+0000] {processor.py:183} INFO - Processing /home/airflow/.local/lib/python3.8/site-packages/airflow/example_dags/example_setup_teardown.py took 0.078 seconds
[2024-04-01T23:08:34.613+0000] {processor.py:161} INFO - Started process (PID=5951) to work on /home/airflow/.local/lib/python3.8/site-packages/airflow/example_dags/example_setup_teardown.py
[2024-04-01T23:08:34.614+0000] {processor.py:830} INFO - Processing file /home/airflow/.local/lib/python3.8/site-packages/airflow/example_dags/example_setup_teardown.py for tasks to queue
[2024-04-01T23:08:34.615+0000] {logging_mixin.py:188} INFO - [2024-04-01T23:08:34.615+0000] {dagbag.py:540} INFO - Filling up the DagBag from /home/airflow/.local/lib/python3.8/site-packages/airflow/example_dags/example_setup_teardown.py
[2024-04-01T23:08:34.624+0000] {processor.py:840} INFO - DAG(s) 'example_setup_teardown' retrieved from /home/airflow/.local/lib/python3.8/site-packages/airflow/example_dags/example_setup_teardown.py
[2024-04-01T23:08:34.650+0000] {logging_mixin.py:188} INFO - [2024-04-01T23:08:34.649+0000] {dag.py:3047} INFO - Sync 1 DAGs
[2024-04-01T23:08:34.673+0000] {logging_mixin.py:188} INFO - [2024-04-01T23:08:34.673+0000] {dag.py:3834} INFO - Setting next_dagrun for example_setup_teardown to 2024-03-31 00:00:00+00:00, run_after=2024-04-01 00:00:00+00:00
[2024-04-01T23:08:34.706+0000] {processor.py:183} INFO - Processing /home/airflow/.local/lib/python3.8/site-packages/airflow/example_dags/example_setup_teardown.py took 0.097 seconds
[2024-04-01T23:09:05.032+0000] {processor.py:161} INFO - Started process (PID=6198) to work on /home/airflow/.local/lib/python3.8/site-packages/airflow/example_dags/example_setup_teardown.py
[2024-04-01T23:09:05.033+0000] {processor.py:830} INFO - Processing file /home/airflow/.local/lib/python3.8/site-packages/airflow/example_dags/example_setup_teardown.py for tasks to queue
[2024-04-01T23:09:05.034+0000] {logging_mixin.py:188} INFO - [2024-04-01T23:09:05.034+0000] {dagbag.py:540} INFO - Filling up the DagBag from /home/airflow/.local/lib/python3.8/site-packages/airflow/example_dags/example_setup_teardown.py
[2024-04-01T23:09:05.040+0000] {processor.py:840} INFO - DAG(s) 'example_setup_teardown' retrieved from /home/airflow/.local/lib/python3.8/site-packages/airflow/example_dags/example_setup_teardown.py
[2024-04-01T23:09:05.059+0000] {logging_mixin.py:188} INFO - [2024-04-01T23:09:05.058+0000] {dag.py:3047} INFO - Sync 1 DAGs
[2024-04-01T23:09:05.082+0000] {logging_mixin.py:188} INFO - [2024-04-01T23:09:05.082+0000] {dag.py:3834} INFO - Setting next_dagrun for example_setup_teardown to 2024-03-31 00:00:00+00:00, run_after=2024-04-01 00:00:00+00:00
[2024-04-01T23:09:05.119+0000] {processor.py:183} INFO - Processing /home/airflow/.local/lib/python3.8/site-packages/airflow/example_dags/example_setup_teardown.py took 0.089 seconds
[2024-04-01T23:09:35.328+0000] {processor.py:161} INFO - Started process (PID=6444) to work on /home/airflow/.local/lib/python3.8/site-packages/airflow/example_dags/example_setup_teardown.py
[2024-04-01T23:09:35.329+0000] {processor.py:830} INFO - Processing file /home/airflow/.local/lib/python3.8/site-packages/airflow/example_dags/example_setup_teardown.py for tasks to queue
[2024-04-01T23:09:35.330+0000] {logging_mixin.py:188} INFO - [2024-04-01T23:09:35.330+0000] {dagbag.py:540} INFO - Filling up the DagBag from /home/airflow/.local/lib/python3.8/site-packages/airflow/example_dags/example_setup_teardown.py
[2024-04-01T23:09:35.337+0000] {processor.py:840} INFO - DAG(s) 'example_setup_teardown' retrieved from /home/airflow/.local/lib/python3.8/site-packages/airflow/example_dags/example_setup_teardown.py
[2024-04-01T23:09:35.356+0000] {logging_mixin.py:188} INFO - [2024-04-01T23:09:35.356+0000] {dag.py:3047} INFO - Sync 1 DAGs
[2024-04-01T23:09:35.382+0000] {logging_mixin.py:188} INFO - [2024-04-01T23:09:35.381+0000] {dag.py:3834} INFO - Setting next_dagrun for example_setup_teardown to 2024-03-31 00:00:00+00:00, run_after=2024-04-01 00:00:00+00:00
[2024-04-01T23:09:35.403+0000] {processor.py:183} INFO - Processing /home/airflow/.local/lib/python3.8/site-packages/airflow/example_dags/example_setup_teardown.py took 0.078 seconds
[2024-04-01T23:10:05.847+0000] {processor.py:161} INFO - Started process (PID=6691) to work on /home/airflow/.local/lib/python3.8/site-packages/airflow/example_dags/example_setup_teardown.py
[2024-04-01T23:10:05.848+0000] {processor.py:830} INFO - Processing file /home/airflow/.local/lib/python3.8/site-packages/airflow/example_dags/example_setup_teardown.py for tasks to queue
[2024-04-01T23:10:05.850+0000] {logging_mixin.py:188} INFO - [2024-04-01T23:10:05.849+0000] {dagbag.py:540} INFO - Filling up the DagBag from /home/airflow/.local/lib/python3.8/site-packages/airflow/example_dags/example_setup_teardown.py
[2024-04-01T23:10:05.857+0000] {processor.py:840} INFO - DAG(s) 'example_setup_teardown' retrieved from /home/airflow/.local/lib/python3.8/site-packages/airflow/example_dags/example_setup_teardown.py
[2024-04-01T23:10:05.877+0000] {logging_mixin.py:188} INFO - [2024-04-01T23:10:05.877+0000] {dag.py:3047} INFO - Sync 1 DAGs
[2024-04-01T23:10:05.900+0000] {logging_mixin.py:188} INFO - [2024-04-01T23:10:05.900+0000] {dag.py:3834} INFO - Setting next_dagrun for example_setup_teardown to 2024-03-31 00:00:00+00:00, run_after=2024-04-01 00:00:00+00:00
[2024-04-01T23:10:05.926+0000] {processor.py:183} INFO - Processing /home/airflow/.local/lib/python3.8/site-packages/airflow/example_dags/example_setup_teardown.py took 0.082 seconds
[2024-04-01T23:10:36.147+0000] {processor.py:161} INFO - Started process (PID=6939) to work on /home/airflow/.local/lib/python3.8/site-packages/airflow/example_dags/example_setup_teardown.py
[2024-04-01T23:10:36.148+0000] {processor.py:830} INFO - Processing file /home/airflow/.local/lib/python3.8/site-packages/airflow/example_dags/example_setup_teardown.py for tasks to queue
[2024-04-01T23:10:36.150+0000] {logging_mixin.py:188} INFO - [2024-04-01T23:10:36.149+0000] {dagbag.py:540} INFO - Filling up the DagBag from /home/airflow/.local/lib/python3.8/site-packages/airflow/example_dags/example_setup_teardown.py
[2024-04-01T23:10:36.158+0000] {processor.py:840} INFO - DAG(s) 'example_setup_teardown' retrieved from /home/airflow/.local/lib/python3.8/site-packages/airflow/example_dags/example_setup_teardown.py
[2024-04-01T23:10:36.178+0000] {logging_mixin.py:188} INFO - [2024-04-01T23:10:36.178+0000] {dag.py:3047} INFO - Sync 1 DAGs
[2024-04-01T23:10:36.202+0000] {logging_mixin.py:188} INFO - [2024-04-01T23:10:36.202+0000] {dag.py:3834} INFO - Setting next_dagrun for example_setup_teardown to 2024-03-31 00:00:00+00:00, run_after=2024-04-01 00:00:00+00:00
[2024-04-01T23:10:36.226+0000] {processor.py:183} INFO - Processing /home/airflow/.local/lib/python3.8/site-packages/airflow/example_dags/example_setup_teardown.py took 0.082 seconds
[2024-04-01T23:11:06.443+0000] {processor.py:161} INFO - Started process (PID=7185) to work on /home/airflow/.local/lib/python3.8/site-packages/airflow/example_dags/example_setup_teardown.py
[2024-04-01T23:11:06.444+0000] {processor.py:830} INFO - Processing file /home/airflow/.local/lib/python3.8/site-packages/airflow/example_dags/example_setup_teardown.py for tasks to queue
[2024-04-01T23:11:06.445+0000] {logging_mixin.py:188} INFO - [2024-04-01T23:11:06.445+0000] {dagbag.py:540} INFO - Filling up the DagBag from /home/airflow/.local/lib/python3.8/site-packages/airflow/example_dags/example_setup_teardown.py
[2024-04-01T23:11:06.453+0000] {processor.py:840} INFO - DAG(s) 'example_setup_teardown' retrieved from /home/airflow/.local/lib/python3.8/site-packages/airflow/example_dags/example_setup_teardown.py
[2024-04-01T23:11:06.476+0000] {logging_mixin.py:188} INFO - [2024-04-01T23:11:06.476+0000] {dag.py:3047} INFO - Sync 1 DAGs
[2024-04-01T23:11:06.498+0000] {logging_mixin.py:188} INFO - [2024-04-01T23:11:06.498+0000] {dag.py:3834} INFO - Setting next_dagrun for example_setup_teardown to 2024-03-31 00:00:00+00:00, run_after=2024-04-01 00:00:00+00:00
[2024-04-01T23:11:06.518+0000] {processor.py:183} INFO - Processing /home/airflow/.local/lib/python3.8/site-packages/airflow/example_dags/example_setup_teardown.py took 0.079 seconds
[2024-04-01T23:11:36.997+0000] {processor.py:161} INFO - Started process (PID=7438) to work on /home/airflow/.local/lib/python3.8/site-packages/airflow/example_dags/example_setup_teardown.py
[2024-04-01T23:11:36.998+0000] {processor.py:830} INFO - Processing file /home/airflow/.local/lib/python3.8/site-packages/airflow/example_dags/example_setup_teardown.py for tasks to queue
[2024-04-01T23:11:36.999+0000] {logging_mixin.py:188} INFO - [2024-04-01T23:11:36.999+0000] {dagbag.py:540} INFO - Filling up the DagBag from /home/airflow/.local/lib/python3.8/site-packages/airflow/example_dags/example_setup_teardown.py
[2024-04-01T23:11:37.005+0000] {processor.py:840} INFO - DAG(s) 'example_setup_teardown' retrieved from /home/airflow/.local/lib/python3.8/site-packages/airflow/example_dags/example_setup_teardown.py
[2024-04-01T23:11:37.026+0000] {logging_mixin.py:188} INFO - [2024-04-01T23:11:37.025+0000] {dag.py:3047} INFO - Sync 1 DAGs
[2024-04-01T23:11:37.049+0000] {logging_mixin.py:188} INFO - [2024-04-01T23:11:37.049+0000] {dag.py:3834} INFO - Setting next_dagrun for example_setup_teardown to 2024-03-31 00:00:00+00:00, run_after=2024-04-01 00:00:00+00:00
[2024-04-01T23:11:37.073+0000] {processor.py:183} INFO - Processing /home/airflow/.local/lib/python3.8/site-packages/airflow/example_dags/example_setup_teardown.py took 0.079 seconds
[2024-04-01T23:12:07.546+0000] {processor.py:161} INFO - Started process (PID=7687) to work on /home/airflow/.local/lib/python3.8/site-packages/airflow/example_dags/example_setup_teardown.py
[2024-04-01T23:12:07.547+0000] {processor.py:830} INFO - Processing file /home/airflow/.local/lib/python3.8/site-packages/airflow/example_dags/example_setup_teardown.py for tasks to queue
[2024-04-01T23:12:07.548+0000] {logging_mixin.py:188} INFO - [2024-04-01T23:12:07.548+0000] {dagbag.py:540} INFO - Filling up the DagBag from /home/airflow/.local/lib/python3.8/site-packages/airflow/example_dags/example_setup_teardown.py
[2024-04-01T23:12:07.555+0000] {processor.py:840} INFO - DAG(s) 'example_setup_teardown' retrieved from /home/airflow/.local/lib/python3.8/site-packages/airflow/example_dags/example_setup_teardown.py
[2024-04-01T23:12:07.576+0000] {logging_mixin.py:188} INFO - [2024-04-01T23:12:07.575+0000] {dag.py:3047} INFO - Sync 1 DAGs
[2024-04-01T23:12:07.603+0000] {logging_mixin.py:188} INFO - [2024-04-01T23:12:07.603+0000] {dag.py:3834} INFO - Setting next_dagrun for example_setup_teardown to 2024-03-31 00:00:00+00:00, run_after=2024-04-01 00:00:00+00:00
[2024-04-01T23:12:07.623+0000] {processor.py:183} INFO - Processing /home/airflow/.local/lib/python3.8/site-packages/airflow/example_dags/example_setup_teardown.py took 0.080 seconds
[2024-04-01T23:12:38.110+0000] {processor.py:161} INFO - Started process (PID=7935) to work on /home/airflow/.local/lib/python3.8/site-packages/airflow/example_dags/example_setup_teardown.py
[2024-04-01T23:12:38.111+0000] {processor.py:830} INFO - Processing file /home/airflow/.local/lib/python3.8/site-packages/airflow/example_dags/example_setup_teardown.py for tasks to queue
[2024-04-01T23:12:38.112+0000] {logging_mixin.py:188} INFO - [2024-04-01T23:12:38.112+0000] {dagbag.py:540} INFO - Filling up the DagBag from /home/airflow/.local/lib/python3.8/site-packages/airflow/example_dags/example_setup_teardown.py
[2024-04-01T23:12:38.118+0000] {processor.py:840} INFO - DAG(s) 'example_setup_teardown' retrieved from /home/airflow/.local/lib/python3.8/site-packages/airflow/example_dags/example_setup_teardown.py
[2024-04-01T23:12:38.140+0000] {logging_mixin.py:188} INFO - [2024-04-01T23:12:38.140+0000] {dag.py:3047} INFO - Sync 1 DAGs
[2024-04-01T23:12:38.164+0000] {logging_mixin.py:188} INFO - [2024-04-01T23:12:38.164+0000] {dag.py:3834} INFO - Setting next_dagrun for example_setup_teardown to 2024-03-31 00:00:00+00:00, run_after=2024-04-01 00:00:00+00:00
[2024-04-01T23:12:38.186+0000] {processor.py:183} INFO - Processing /home/airflow/.local/lib/python3.8/site-packages/airflow/example_dags/example_setup_teardown.py took 0.079 seconds
[2024-04-01T23:13:08.573+0000] {processor.py:161} INFO - Started process (PID=8180) to work on /home/airflow/.local/lib/python3.8/site-packages/airflow/example_dags/example_setup_teardown.py
[2024-04-01T23:13:08.574+0000] {processor.py:830} INFO - Processing file /home/airflow/.local/lib/python3.8/site-packages/airflow/example_dags/example_setup_teardown.py for tasks to queue
[2024-04-01T23:13:08.575+0000] {logging_mixin.py:188} INFO - [2024-04-01T23:13:08.575+0000] {dagbag.py:540} INFO - Filling up the DagBag from /home/airflow/.local/lib/python3.8/site-packages/airflow/example_dags/example_setup_teardown.py
[2024-04-01T23:13:08.586+0000] {processor.py:840} INFO - DAG(s) 'example_setup_teardown' retrieved from /home/airflow/.local/lib/python3.8/site-packages/airflow/example_dags/example_setup_teardown.py
[2024-04-01T23:13:08.606+0000] {logging_mixin.py:188} INFO - [2024-04-01T23:13:08.605+0000] {dag.py:3047} INFO - Sync 1 DAGs
[2024-04-01T23:13:08.630+0000] {logging_mixin.py:188} INFO - [2024-04-01T23:13:08.629+0000] {dag.py:3834} INFO - Setting next_dagrun for example_setup_teardown to 2024-03-31 00:00:00+00:00, run_after=2024-04-01 00:00:00+00:00
[2024-04-01T23:13:08.664+0000] {processor.py:183} INFO - Processing /home/airflow/.local/lib/python3.8/site-packages/airflow/example_dags/example_setup_teardown.py took 0.094 seconds
[2024-04-01T23:13:39.312+0000] {processor.py:161} INFO - Started process (PID=8428) to work on /home/airflow/.local/lib/python3.8/site-packages/airflow/example_dags/example_setup_teardown.py
[2024-04-01T23:13:39.313+0000] {processor.py:830} INFO - Processing file /home/airflow/.local/lib/python3.8/site-packages/airflow/example_dags/example_setup_teardown.py for tasks to queue
[2024-04-01T23:13:39.314+0000] {logging_mixin.py:188} INFO - [2024-04-01T23:13:39.314+0000] {dagbag.py:540} INFO - Filling up the DagBag from /home/airflow/.local/lib/python3.8/site-packages/airflow/example_dags/example_setup_teardown.py
[2024-04-01T23:13:39.325+0000] {processor.py:840} INFO - DAG(s) 'example_setup_teardown' retrieved from /home/airflow/.local/lib/python3.8/site-packages/airflow/example_dags/example_setup_teardown.py
[2024-04-01T23:13:39.345+0000] {logging_mixin.py:188} INFO - [2024-04-01T23:13:39.345+0000] {dag.py:3047} INFO - Sync 1 DAGs
[2024-04-01T23:13:39.370+0000] {logging_mixin.py:188} INFO - [2024-04-01T23:13:39.370+0000] {dag.py:3834} INFO - Setting next_dagrun for example_setup_teardown to 2024-03-31 00:00:00+00:00, run_after=2024-04-01 00:00:00+00:00
[2024-04-01T23:13:39.393+0000] {processor.py:183} INFO - Processing /home/airflow/.local/lib/python3.8/site-packages/airflow/example_dags/example_setup_teardown.py took 0.084 seconds
[2024-04-01T23:14:09.593+0000] {processor.py:161} INFO - Started process (PID=8675) to work on /home/airflow/.local/lib/python3.8/site-packages/airflow/example_dags/example_setup_teardown.py
[2024-04-01T23:14:09.594+0000] {processor.py:830} INFO - Processing file /home/airflow/.local/lib/python3.8/site-packages/airflow/example_dags/example_setup_teardown.py for tasks to queue
[2024-04-01T23:14:09.595+0000] {logging_mixin.py:188} INFO - [2024-04-01T23:14:09.595+0000] {dagbag.py:540} INFO - Filling up the DagBag from /home/airflow/.local/lib/python3.8/site-packages/airflow/example_dags/example_setup_teardown.py
[2024-04-01T23:14:09.602+0000] {processor.py:840} INFO - DAG(s) 'example_setup_teardown' retrieved from /home/airflow/.local/lib/python3.8/site-packages/airflow/example_dags/example_setup_teardown.py
[2024-04-01T23:14:09.622+0000] {logging_mixin.py:188} INFO - [2024-04-01T23:14:09.622+0000] {dag.py:3047} INFO - Sync 1 DAGs
[2024-04-01T23:14:09.647+0000] {logging_mixin.py:188} INFO - [2024-04-01T23:14:09.647+0000] {dag.py:3834} INFO - Setting next_dagrun for example_setup_teardown to 2024-03-31 00:00:00+00:00, run_after=2024-04-01 00:00:00+00:00
[2024-04-01T23:14:09.671+0000] {processor.py:183} INFO - Processing /home/airflow/.local/lib/python3.8/site-packages/airflow/example_dags/example_setup_teardown.py took 0.081 seconds
[2024-04-01T23:14:40.327+0000] {processor.py:161} INFO - Started process (PID=8922) to work on /home/airflow/.local/lib/python3.8/site-packages/airflow/example_dags/example_setup_teardown.py
[2024-04-01T23:14:40.328+0000] {processor.py:830} INFO - Processing file /home/airflow/.local/lib/python3.8/site-packages/airflow/example_dags/example_setup_teardown.py for tasks to queue
[2024-04-01T23:14:40.329+0000] {logging_mixin.py:188} INFO - [2024-04-01T23:14:40.329+0000] {dagbag.py:540} INFO - Filling up the DagBag from /home/airflow/.local/lib/python3.8/site-packages/airflow/example_dags/example_setup_teardown.py
[2024-04-01T23:14:40.336+0000] {processor.py:840} INFO - DAG(s) 'example_setup_teardown' retrieved from /home/airflow/.local/lib/python3.8/site-packages/airflow/example_dags/example_setup_teardown.py
[2024-04-01T23:14:40.354+0000] {logging_mixin.py:188} INFO - [2024-04-01T23:14:40.354+0000] {dag.py:3047} INFO - Sync 1 DAGs
[2024-04-01T23:14:40.378+0000] {logging_mixin.py:188} INFO - [2024-04-01T23:14:40.377+0000] {dag.py:3834} INFO - Setting next_dagrun for example_setup_teardown to 2024-03-31 00:00:00+00:00, run_after=2024-04-01 00:00:00+00:00
[2024-04-01T23:14:40.411+0000] {processor.py:183} INFO - Processing /home/airflow/.local/lib/python3.8/site-packages/airflow/example_dags/example_setup_teardown.py took 0.086 seconds
[2024-04-01T23:15:11.495+0000] {processor.py:161} INFO - Started process (PID=9171) to work on /home/airflow/.local/lib/python3.8/site-packages/airflow/example_dags/example_setup_teardown.py
[2024-04-01T23:15:11.496+0000] {processor.py:830} INFO - Processing file /home/airflow/.local/lib/python3.8/site-packages/airflow/example_dags/example_setup_teardown.py for tasks to queue
[2024-04-01T23:15:11.497+0000] {logging_mixin.py:188} INFO - [2024-04-01T23:15:11.496+0000] {dagbag.py:540} INFO - Filling up the DagBag from /home/airflow/.local/lib/python3.8/site-packages/airflow/example_dags/example_setup_teardown.py
[2024-04-01T23:15:11.503+0000] {processor.py:840} INFO - DAG(s) 'example_setup_teardown' retrieved from /home/airflow/.local/lib/python3.8/site-packages/airflow/example_dags/example_setup_teardown.py
[2024-04-01T23:15:11.525+0000] {logging_mixin.py:188} INFO - [2024-04-01T23:15:11.525+0000] {dag.py:3047} INFO - Sync 1 DAGs
[2024-04-01T23:15:11.549+0000] {logging_mixin.py:188} INFO - [2024-04-01T23:15:11.549+0000] {dag.py:3834} INFO - Setting next_dagrun for example_setup_teardown to 2024-03-31 00:00:00+00:00, run_after=2024-04-01 00:00:00+00:00
[2024-04-01T23:15:11.577+0000] {processor.py:183} INFO - Processing /home/airflow/.local/lib/python3.8/site-packages/airflow/example_dags/example_setup_teardown.py took 0.085 seconds
[2024-04-01T23:15:42.064+0000] {processor.py:161} INFO - Started process (PID=9418) to work on /home/airflow/.local/lib/python3.8/site-packages/airflow/example_dags/example_setup_teardown.py
[2024-04-01T23:15:42.065+0000] {processor.py:830} INFO - Processing file /home/airflow/.local/lib/python3.8/site-packages/airflow/example_dags/example_setup_teardown.py for tasks to queue
[2024-04-01T23:15:42.066+0000] {logging_mixin.py:188} INFO - [2024-04-01T23:15:42.066+0000] {dagbag.py:540} INFO - Filling up the DagBag from /home/airflow/.local/lib/python3.8/site-packages/airflow/example_dags/example_setup_teardown.py
[2024-04-01T23:15:42.073+0000] {processor.py:840} INFO - DAG(s) 'example_setup_teardown' retrieved from /home/airflow/.local/lib/python3.8/site-packages/airflow/example_dags/example_setup_teardown.py
[2024-04-01T23:15:42.097+0000] {logging_mixin.py:188} INFO - [2024-04-01T23:15:42.096+0000] {dag.py:3047} INFO - Sync 1 DAGs
[2024-04-01T23:15:42.121+0000] {logging_mixin.py:188} INFO - [2024-04-01T23:15:42.121+0000] {dag.py:3834} INFO - Setting next_dagrun for example_setup_teardown to 2024-03-31 00:00:00+00:00, run_after=2024-04-01 00:00:00+00:00
[2024-04-01T23:15:42.158+0000] {processor.py:183} INFO - Processing /home/airflow/.local/lib/python3.8/site-packages/airflow/example_dags/example_setup_teardown.py took 0.097 seconds
[2024-04-01T23:16:12.533+0000] {processor.py:161} INFO - Started process (PID=9665) to work on /home/airflow/.local/lib/python3.8/site-packages/airflow/example_dags/example_setup_teardown.py
[2024-04-01T23:16:12.534+0000] {processor.py:830} INFO - Processing file /home/airflow/.local/lib/python3.8/site-packages/airflow/example_dags/example_setup_teardown.py for tasks to queue
[2024-04-01T23:16:12.535+0000] {logging_mixin.py:188} INFO - [2024-04-01T23:16:12.535+0000] {dagbag.py:540} INFO - Filling up the DagBag from /home/airflow/.local/lib/python3.8/site-packages/airflow/example_dags/example_setup_teardown.py
[2024-04-01T23:16:12.542+0000] {processor.py:840} INFO - DAG(s) 'example_setup_teardown' retrieved from /home/airflow/.local/lib/python3.8/site-packages/airflow/example_dags/example_setup_teardown.py
[2024-04-01T23:16:12.563+0000] {logging_mixin.py:188} INFO - [2024-04-01T23:16:12.563+0000] {dag.py:3047} INFO - Sync 1 DAGs
[2024-04-01T23:16:12.587+0000] {logging_mixin.py:188} INFO - [2024-04-01T23:16:12.587+0000] {dag.py:3834} INFO - Setting next_dagrun for example_setup_teardown to 2024-03-31 00:00:00+00:00, run_after=2024-04-01 00:00:00+00:00
[2024-04-01T23:16:12.625+0000] {processor.py:183} INFO - Processing /home/airflow/.local/lib/python3.8/site-packages/airflow/example_dags/example_setup_teardown.py took 0.095 seconds
[2024-04-01T23:16:42.840+0000] {processor.py:161} INFO - Started process (PID=9910) to work on /home/airflow/.local/lib/python3.8/site-packages/airflow/example_dags/example_setup_teardown.py
[2024-04-01T23:16:42.841+0000] {processor.py:830} INFO - Processing file /home/airflow/.local/lib/python3.8/site-packages/airflow/example_dags/example_setup_teardown.py for tasks to queue
[2024-04-01T23:16:42.842+0000] {logging_mixin.py:188} INFO - [2024-04-01T23:16:42.842+0000] {dagbag.py:540} INFO - Filling up the DagBag from /home/airflow/.local/lib/python3.8/site-packages/airflow/example_dags/example_setup_teardown.py
[2024-04-01T23:16:42.849+0000] {processor.py:840} INFO - DAG(s) 'example_setup_teardown' retrieved from /home/airflow/.local/lib/python3.8/site-packages/airflow/example_dags/example_setup_teardown.py
[2024-04-01T23:16:42.868+0000] {logging_mixin.py:188} INFO - [2024-04-01T23:16:42.868+0000] {dag.py:3047} INFO - Sync 1 DAGs
[2024-04-01T23:16:42.892+0000] {logging_mixin.py:188} INFO - [2024-04-01T23:16:42.892+0000] {dag.py:3834} INFO - Setting next_dagrun for example_setup_teardown to 2024-03-31 00:00:00+00:00, run_after=2024-04-01 00:00:00+00:00
[2024-04-01T23:16:42.918+0000] {processor.py:183} INFO - Processing /home/airflow/.local/lib/python3.8/site-packages/airflow/example_dags/example_setup_teardown.py took 0.080 seconds
[2024-04-01T23:17:13.331+0000] {processor.py:161} INFO - Started process (PID=10157) to work on /home/airflow/.local/lib/python3.8/site-packages/airflow/example_dags/example_setup_teardown.py
[2024-04-01T23:17:13.333+0000] {processor.py:830} INFO - Processing file /home/airflow/.local/lib/python3.8/site-packages/airflow/example_dags/example_setup_teardown.py for tasks to queue
[2024-04-01T23:17:13.333+0000] {logging_mixin.py:188} INFO - [2024-04-01T23:17:13.333+0000] {dagbag.py:540} INFO - Filling up the DagBag from /home/airflow/.local/lib/python3.8/site-packages/airflow/example_dags/example_setup_teardown.py
[2024-04-01T23:17:13.340+0000] {processor.py:840} INFO - DAG(s) 'example_setup_teardown' retrieved from /home/airflow/.local/lib/python3.8/site-packages/airflow/example_dags/example_setup_teardown.py
[2024-04-01T23:17:13.360+0000] {logging_mixin.py:188} INFO - [2024-04-01T23:17:13.359+0000] {dag.py:3047} INFO - Sync 1 DAGs
[2024-04-01T23:17:13.384+0000] {logging_mixin.py:188} INFO - [2024-04-01T23:17:13.383+0000] {dag.py:3834} INFO - Setting next_dagrun for example_setup_teardown to 2024-03-31 00:00:00+00:00, run_after=2024-04-01 00:00:00+00:00
[2024-04-01T23:17:13.408+0000] {processor.py:183} INFO - Processing /home/airflow/.local/lib/python3.8/site-packages/airflow/example_dags/example_setup_teardown.py took 0.079 seconds
[2024-04-01T23:17:43.911+0000] {processor.py:161} INFO - Started process (PID=10404) to work on /home/airflow/.local/lib/python3.8/site-packages/airflow/example_dags/example_setup_teardown.py
[2024-04-01T23:17:43.912+0000] {processor.py:830} INFO - Processing file /home/airflow/.local/lib/python3.8/site-packages/airflow/example_dags/example_setup_teardown.py for tasks to queue
[2024-04-01T23:17:43.913+0000] {logging_mixin.py:188} INFO - [2024-04-01T23:17:43.913+0000] {dagbag.py:540} INFO - Filling up the DagBag from /home/airflow/.local/lib/python3.8/site-packages/airflow/example_dags/example_setup_teardown.py
[2024-04-01T23:17:43.919+0000] {processor.py:840} INFO - DAG(s) 'example_setup_teardown' retrieved from /home/airflow/.local/lib/python3.8/site-packages/airflow/example_dags/example_setup_teardown.py
[2024-04-01T23:17:43.942+0000] {logging_mixin.py:188} INFO - [2024-04-01T23:17:43.941+0000] {dag.py:3047} INFO - Sync 1 DAGs
[2024-04-01T23:17:43.969+0000] {logging_mixin.py:188} INFO - [2024-04-01T23:17:43.969+0000] {dag.py:3834} INFO - Setting next_dagrun for example_setup_teardown to 2024-03-31 00:00:00+00:00, run_after=2024-04-01 00:00:00+00:00
[2024-04-01T23:17:43.995+0000] {processor.py:183} INFO - Processing /home/airflow/.local/lib/python3.8/site-packages/airflow/example_dags/example_setup_teardown.py took 0.087 seconds
[2024-04-01T23:18:14.450+0000] {processor.py:161} INFO - Started process (PID=10653) to work on /home/airflow/.local/lib/python3.8/site-packages/airflow/example_dags/example_setup_teardown.py
[2024-04-01T23:18:14.451+0000] {processor.py:830} INFO - Processing file /home/airflow/.local/lib/python3.8/site-packages/airflow/example_dags/example_setup_teardown.py for tasks to queue
[2024-04-01T23:18:14.453+0000] {logging_mixin.py:188} INFO - [2024-04-01T23:18:14.452+0000] {dagbag.py:540} INFO - Filling up the DagBag from /home/airflow/.local/lib/python3.8/site-packages/airflow/example_dags/example_setup_teardown.py
[2024-04-01T23:18:14.459+0000] {processor.py:840} INFO - DAG(s) 'example_setup_teardown' retrieved from /home/airflow/.local/lib/python3.8/site-packages/airflow/example_dags/example_setup_teardown.py
[2024-04-01T23:18:14.482+0000] {logging_mixin.py:188} INFO - [2024-04-01T23:18:14.481+0000] {dag.py:3047} INFO - Sync 1 DAGs
[2024-04-01T23:18:14.505+0000] {logging_mixin.py:188} INFO - [2024-04-01T23:18:14.505+0000] {dag.py:3834} INFO - Setting next_dagrun for example_setup_teardown to 2024-03-31 00:00:00+00:00, run_after=2024-04-01 00:00:00+00:00
[2024-04-01T23:18:14.538+0000] {processor.py:183} INFO - Processing /home/airflow/.local/lib/python3.8/site-packages/airflow/example_dags/example_setup_teardown.py took 0.091 seconds
[2024-04-01T23:18:44.900+0000] {processor.py:161} INFO - Started process (PID=10900) to work on /home/airflow/.local/lib/python3.8/site-packages/airflow/example_dags/example_setup_teardown.py
[2024-04-01T23:18:44.901+0000] {processor.py:830} INFO - Processing file /home/airflow/.local/lib/python3.8/site-packages/airflow/example_dags/example_setup_teardown.py for tasks to queue
[2024-04-01T23:18:44.902+0000] {logging_mixin.py:188} INFO - [2024-04-01T23:18:44.901+0000] {dagbag.py:540} INFO - Filling up the DagBag from /home/airflow/.local/lib/python3.8/site-packages/airflow/example_dags/example_setup_teardown.py
[2024-04-01T23:18:44.908+0000] {processor.py:840} INFO - DAG(s) 'example_setup_teardown' retrieved from /home/airflow/.local/lib/python3.8/site-packages/airflow/example_dags/example_setup_teardown.py
[2024-04-01T23:18:44.932+0000] {logging_mixin.py:188} INFO - [2024-04-01T23:18:44.932+0000] {dag.py:3047} INFO - Sync 1 DAGs
[2024-04-01T23:18:44.955+0000] {logging_mixin.py:188} INFO - [2024-04-01T23:18:44.954+0000] {dag.py:3834} INFO - Setting next_dagrun for example_setup_teardown to 2024-03-31 00:00:00+00:00, run_after=2024-04-01 00:00:00+00:00
[2024-04-01T23:18:44.976+0000] {processor.py:183} INFO - Processing /home/airflow/.local/lib/python3.8/site-packages/airflow/example_dags/example_setup_teardown.py took 0.079 seconds
[2024-04-01T23:19:15.350+0000] {processor.py:161} INFO - Started process (PID=11147) to work on /home/airflow/.local/lib/python3.8/site-packages/airflow/example_dags/example_setup_teardown.py
[2024-04-01T23:19:15.351+0000] {processor.py:830} INFO - Processing file /home/airflow/.local/lib/python3.8/site-packages/airflow/example_dags/example_setup_teardown.py for tasks to queue
[2024-04-01T23:19:15.353+0000] {logging_mixin.py:188} INFO - [2024-04-01T23:19:15.352+0000] {dagbag.py:540} INFO - Filling up the DagBag from /home/airflow/.local/lib/python3.8/site-packages/airflow/example_dags/example_setup_teardown.py
[2024-04-01T23:19:15.359+0000] {processor.py:840} INFO - DAG(s) 'example_setup_teardown' retrieved from /home/airflow/.local/lib/python3.8/site-packages/airflow/example_dags/example_setup_teardown.py
[2024-04-01T23:19:15.381+0000] {logging_mixin.py:188} INFO - [2024-04-01T23:19:15.380+0000] {dag.py:3047} INFO - Sync 1 DAGs
[2024-04-01T23:19:15.404+0000] {logging_mixin.py:188} INFO - [2024-04-01T23:19:15.403+0000] {dag.py:3834} INFO - Setting next_dagrun for example_setup_teardown to 2024-03-31 00:00:00+00:00, run_after=2024-04-01 00:00:00+00:00
[2024-04-01T23:19:15.424+0000] {processor.py:183} INFO - Processing /home/airflow/.local/lib/python3.8/site-packages/airflow/example_dags/example_setup_teardown.py took 0.076 seconds
[2024-04-01T23:19:46.278+0000] {processor.py:161} INFO - Started process (PID=11394) to work on /home/airflow/.local/lib/python3.8/site-packages/airflow/example_dags/example_setup_teardown.py
[2024-04-01T23:19:46.279+0000] {processor.py:830} INFO - Processing file /home/airflow/.local/lib/python3.8/site-packages/airflow/example_dags/example_setup_teardown.py for tasks to queue
[2024-04-01T23:19:46.281+0000] {logging_mixin.py:188} INFO - [2024-04-01T23:19:46.280+0000] {dagbag.py:540} INFO - Filling up the DagBag from /home/airflow/.local/lib/python3.8/site-packages/airflow/example_dags/example_setup_teardown.py
[2024-04-01T23:19:46.290+0000] {processor.py:840} INFO - DAG(s) 'example_setup_teardown' retrieved from /home/airflow/.local/lib/python3.8/site-packages/airflow/example_dags/example_setup_teardown.py
[2024-04-01T23:19:46.312+0000] {logging_mixin.py:188} INFO - [2024-04-01T23:19:46.312+0000] {dag.py:3047} INFO - Sync 1 DAGs
[2024-04-01T23:19:46.336+0000] {logging_mixin.py:188} INFO - [2024-04-01T23:19:46.336+0000] {dag.py:3834} INFO - Setting next_dagrun for example_setup_teardown to 2024-03-31 00:00:00+00:00, run_after=2024-04-01 00:00:00+00:00
[2024-04-01T23:19:46.370+0000] {processor.py:183} INFO - Processing /home/airflow/.local/lib/python3.8/site-packages/airflow/example_dags/example_setup_teardown.py took 0.096 seconds
[2024-04-01T23:20:17.142+0000] {processor.py:161} INFO - Started process (PID=11639) to work on /home/airflow/.local/lib/python3.8/site-packages/airflow/example_dags/example_setup_teardown.py
[2024-04-01T23:20:17.143+0000] {processor.py:830} INFO - Processing file /home/airflow/.local/lib/python3.8/site-packages/airflow/example_dags/example_setup_teardown.py for tasks to queue
[2024-04-01T23:20:17.144+0000] {logging_mixin.py:188} INFO - [2024-04-01T23:20:17.144+0000] {dagbag.py:540} INFO - Filling up the DagBag from /home/airflow/.local/lib/python3.8/site-packages/airflow/example_dags/example_setup_teardown.py
[2024-04-01T23:20:17.152+0000] {processor.py:840} INFO - DAG(s) 'example_setup_teardown' retrieved from /home/airflow/.local/lib/python3.8/site-packages/airflow/example_dags/example_setup_teardown.py
[2024-04-01T23:20:17.176+0000] {logging_mixin.py:188} INFO - [2024-04-01T23:20:17.176+0000] {dag.py:3047} INFO - Sync 1 DAGs
[2024-04-01T23:20:17.201+0000] {logging_mixin.py:188} INFO - [2024-04-01T23:20:17.201+0000] {dag.py:3834} INFO - Setting next_dagrun for example_setup_teardown to 2024-03-31 00:00:00+00:00, run_after=2024-04-01 00:00:00+00:00
[2024-04-01T23:20:17.240+0000] {processor.py:183} INFO - Processing /home/airflow/.local/lib/python3.8/site-packages/airflow/example_dags/example_setup_teardown.py took 0.101 seconds
[2024-04-01T23:20:47.566+0000] {processor.py:161} INFO - Started process (PID=11888) to work on /home/airflow/.local/lib/python3.8/site-packages/airflow/example_dags/example_setup_teardown.py
[2024-04-01T23:20:47.567+0000] {processor.py:830} INFO - Processing file /home/airflow/.local/lib/python3.8/site-packages/airflow/example_dags/example_setup_teardown.py for tasks to queue
[2024-04-01T23:20:47.568+0000] {logging_mixin.py:188} INFO - [2024-04-01T23:20:47.567+0000] {dagbag.py:540} INFO - Filling up the DagBag from /home/airflow/.local/lib/python3.8/site-packages/airflow/example_dags/example_setup_teardown.py
[2024-04-01T23:20:47.574+0000] {processor.py:840} INFO - DAG(s) 'example_setup_teardown' retrieved from /home/airflow/.local/lib/python3.8/site-packages/airflow/example_dags/example_setup_teardown.py
[2024-04-01T23:20:47.594+0000] {logging_mixin.py:188} INFO - [2024-04-01T23:20:47.593+0000] {dag.py:3047} INFO - Sync 1 DAGs
[2024-04-01T23:20:47.616+0000] {logging_mixin.py:188} INFO - [2024-04-01T23:20:47.615+0000] {dag.py:3834} INFO - Setting next_dagrun for example_setup_teardown to 2024-03-31 00:00:00+00:00, run_after=2024-04-01 00:00:00+00:00
[2024-04-01T23:20:47.637+0000] {processor.py:183} INFO - Processing /home/airflow/.local/lib/python3.8/site-packages/airflow/example_dags/example_setup_teardown.py took 0.074 seconds
