[2024-04-01T22:56:50.381+0000] {processor.py:161} INFO - Started process (PID=187) to work on /home/airflow/.local/lib/python3.8/site-packages/airflow/example_dags/example_sensor_decorator.py
[2024-04-01T22:56:50.383+0000] {processor.py:830} INFO - Processing file /home/airflow/.local/lib/python3.8/site-packages/airflow/example_dags/example_sensor_decorator.py for tasks to queue
[2024-04-01T22:56:50.385+0000] {logging_mixin.py:188} INFO - [2024-04-01T22:56:50.384+0000] {dagbag.py:540} INFO - Filling up the DagBag from /home/airflow/.local/lib/python3.8/site-packages/airflow/example_dags/example_sensor_decorator.py
[2024-04-01T22:56:50.399+0000] {processor.py:840} INFO - DAG(s) 'example_sensor_decorator' retrieved from /home/airflow/.local/lib/python3.8/site-packages/airflow/example_dags/example_sensor_decorator.py
[2024-04-01T22:56:50.413+0000] {logging_mixin.py:188} INFO - [2024-04-01T22:56:50.413+0000] {dag.py:3047} INFO - Sync 1 DAGs
[2024-04-01T22:56:50.435+0000] {logging_mixin.py:188} INFO - [2024-04-01T22:56:50.435+0000] {dag.py:3834} INFO - Setting next_dagrun for example_sensor_decorator to None, run_after=None
[2024-04-01T22:56:50.466+0000] {processor.py:183} INFO - Processing /home/airflow/.local/lib/python3.8/site-packages/airflow/example_dags/example_sensor_decorator.py took 0.090 seconds
[2024-04-01T22:57:21.358+0000] {processor.py:161} INFO - Started process (PID=434) to work on /home/airflow/.local/lib/python3.8/site-packages/airflow/example_dags/example_sensor_decorator.py
[2024-04-01T22:57:21.359+0000] {processor.py:830} INFO - Processing file /home/airflow/.local/lib/python3.8/site-packages/airflow/example_dags/example_sensor_decorator.py for tasks to queue
[2024-04-01T22:57:21.360+0000] {logging_mixin.py:188} INFO - [2024-04-01T22:57:21.360+0000] {dagbag.py:540} INFO - Filling up the DagBag from /home/airflow/.local/lib/python3.8/site-packages/airflow/example_dags/example_sensor_decorator.py
[2024-04-01T22:57:21.367+0000] {processor.py:840} INFO - DAG(s) 'example_sensor_decorator' retrieved from /home/airflow/.local/lib/python3.8/site-packages/airflow/example_dags/example_sensor_decorator.py
[2024-04-01T22:57:21.469+0000] {logging_mixin.py:188} INFO - [2024-04-01T22:57:21.469+0000] {dag.py:3047} INFO - Sync 1 DAGs
[2024-04-01T22:57:21.481+0000] {logging_mixin.py:188} INFO - [2024-04-01T22:57:21.480+0000] {dag.py:3834} INFO - Setting next_dagrun for example_sensor_decorator to None, run_after=None
[2024-04-01T22:57:21.514+0000] {processor.py:183} INFO - Processing /home/airflow/.local/lib/python3.8/site-packages/airflow/example_dags/example_sensor_decorator.py took 0.158 seconds
[2024-04-01T22:57:51.554+0000] {processor.py:161} INFO - Started process (PID=683) to work on /home/airflow/.local/lib/python3.8/site-packages/airflow/example_dags/example_sensor_decorator.py
[2024-04-01T22:57:51.555+0000] {processor.py:830} INFO - Processing file /home/airflow/.local/lib/python3.8/site-packages/airflow/example_dags/example_sensor_decorator.py for tasks to queue
[2024-04-01T22:57:51.556+0000] {logging_mixin.py:188} INFO - [2024-04-01T22:57:51.556+0000] {dagbag.py:540} INFO - Filling up the DagBag from /home/airflow/.local/lib/python3.8/site-packages/airflow/example_dags/example_sensor_decorator.py
[2024-04-01T22:57:51.563+0000] {processor.py:840} INFO - DAG(s) 'example_sensor_decorator' retrieved from /home/airflow/.local/lib/python3.8/site-packages/airflow/example_dags/example_sensor_decorator.py
[2024-04-01T22:57:51.586+0000] {logging_mixin.py:188} INFO - [2024-04-01T22:57:51.585+0000] {dag.py:3047} INFO - Sync 1 DAGs
[2024-04-01T22:57:51.598+0000] {logging_mixin.py:188} INFO - [2024-04-01T22:57:51.598+0000] {dag.py:3834} INFO - Setting next_dagrun for example_sensor_decorator to None, run_after=None
[2024-04-01T22:57:51.628+0000] {processor.py:183} INFO - Processing /home/airflow/.local/lib/python3.8/site-packages/airflow/example_dags/example_sensor_decorator.py took 0.078 seconds
[2024-04-01T22:58:22.156+0000] {processor.py:161} INFO - Started process (PID=928) to work on /home/airflow/.local/lib/python3.8/site-packages/airflow/example_dags/example_sensor_decorator.py
[2024-04-01T22:58:22.157+0000] {processor.py:830} INFO - Processing file /home/airflow/.local/lib/python3.8/site-packages/airflow/example_dags/example_sensor_decorator.py for tasks to queue
[2024-04-01T22:58:22.159+0000] {logging_mixin.py:188} INFO - [2024-04-01T22:58:22.158+0000] {dagbag.py:540} INFO - Filling up the DagBag from /home/airflow/.local/lib/python3.8/site-packages/airflow/example_dags/example_sensor_decorator.py
[2024-04-01T22:58:22.164+0000] {processor.py:840} INFO - DAG(s) 'example_sensor_decorator' retrieved from /home/airflow/.local/lib/python3.8/site-packages/airflow/example_dags/example_sensor_decorator.py
[2024-04-01T22:58:22.188+0000] {logging_mixin.py:188} INFO - [2024-04-01T22:58:22.188+0000] {dag.py:3047} INFO - Sync 1 DAGs
[2024-04-01T22:58:22.201+0000] {logging_mixin.py:188} INFO - [2024-04-01T22:58:22.201+0000] {dag.py:3834} INFO - Setting next_dagrun for example_sensor_decorator to None, run_after=None
[2024-04-01T22:58:22.236+0000] {processor.py:183} INFO - Processing /home/airflow/.local/lib/python3.8/site-packages/airflow/example_dags/example_sensor_decorator.py took 0.083 seconds
[2024-04-01T22:58:52.405+0000] {processor.py:161} INFO - Started process (PID=1177) to work on /home/airflow/.local/lib/python3.8/site-packages/airflow/example_dags/example_sensor_decorator.py
[2024-04-01T22:58:52.406+0000] {processor.py:830} INFO - Processing file /home/airflow/.local/lib/python3.8/site-packages/airflow/example_dags/example_sensor_decorator.py for tasks to queue
[2024-04-01T22:58:52.407+0000] {logging_mixin.py:188} INFO - [2024-04-01T22:58:52.407+0000] {dagbag.py:540} INFO - Filling up the DagBag from /home/airflow/.local/lib/python3.8/site-packages/airflow/example_dags/example_sensor_decorator.py
[2024-04-01T22:58:52.413+0000] {processor.py:840} INFO - DAG(s) 'example_sensor_decorator' retrieved from /home/airflow/.local/lib/python3.8/site-packages/airflow/example_dags/example_sensor_decorator.py
[2024-04-01T22:58:52.433+0000] {logging_mixin.py:188} INFO - [2024-04-01T22:58:52.433+0000] {dag.py:3047} INFO - Sync 1 DAGs
[2024-04-01T22:58:52.447+0000] {logging_mixin.py:188} INFO - [2024-04-01T22:58:52.447+0000] {dag.py:3834} INFO - Setting next_dagrun for example_sensor_decorator to None, run_after=None
[2024-04-01T22:58:52.466+0000] {processor.py:183} INFO - Processing /home/airflow/.local/lib/python3.8/site-packages/airflow/example_dags/example_sensor_decorator.py took 0.064 seconds
[2024-04-01T22:59:22.839+0000] {processor.py:161} INFO - Started process (PID=1422) to work on /home/airflow/.local/lib/python3.8/site-packages/airflow/example_dags/example_sensor_decorator.py
[2024-04-01T22:59:22.840+0000] {processor.py:830} INFO - Processing file /home/airflow/.local/lib/python3.8/site-packages/airflow/example_dags/example_sensor_decorator.py for tasks to queue
[2024-04-01T22:59:22.841+0000] {logging_mixin.py:188} INFO - [2024-04-01T22:59:22.841+0000] {dagbag.py:540} INFO - Filling up the DagBag from /home/airflow/.local/lib/python3.8/site-packages/airflow/example_dags/example_sensor_decorator.py
[2024-04-01T22:59:22.847+0000] {processor.py:840} INFO - DAG(s) 'example_sensor_decorator' retrieved from /home/airflow/.local/lib/python3.8/site-packages/airflow/example_dags/example_sensor_decorator.py
[2024-04-01T22:59:22.873+0000] {logging_mixin.py:188} INFO - [2024-04-01T22:59:22.873+0000] {dag.py:3047} INFO - Sync 1 DAGs
[2024-04-01T22:59:22.891+0000] {logging_mixin.py:188} INFO - [2024-04-01T22:59:22.890+0000] {dag.py:3834} INFO - Setting next_dagrun for example_sensor_decorator to None, run_after=None
[2024-04-01T22:59:22.938+0000] {processor.py:183} INFO - Processing /home/airflow/.local/lib/python3.8/site-packages/airflow/example_dags/example_sensor_decorator.py took 0.102 seconds
[2024-04-01T22:59:53.050+0000] {processor.py:161} INFO - Started process (PID=1691) to work on /home/airflow/.local/lib/python3.8/site-packages/airflow/example_dags/example_sensor_decorator.py
[2024-04-01T22:59:53.051+0000] {processor.py:830} INFO - Processing file /home/airflow/.local/lib/python3.8/site-packages/airflow/example_dags/example_sensor_decorator.py for tasks to queue
[2024-04-01T22:59:53.053+0000] {logging_mixin.py:188} INFO - [2024-04-01T22:59:53.052+0000] {dagbag.py:540} INFO - Filling up the DagBag from /home/airflow/.local/lib/python3.8/site-packages/airflow/example_dags/example_sensor_decorator.py
[2024-04-01T22:59:53.061+0000] {processor.py:840} INFO - DAG(s) 'example_sensor_decorator' retrieved from /home/airflow/.local/lib/python3.8/site-packages/airflow/example_dags/example_sensor_decorator.py
[2024-04-01T22:59:53.082+0000] {logging_mixin.py:188} INFO - [2024-04-01T22:59:53.081+0000] {dag.py:3047} INFO - Sync 1 DAGs
[2024-04-01T22:59:53.097+0000] {logging_mixin.py:188} INFO - [2024-04-01T22:59:53.096+0000] {dag.py:3834} INFO - Setting next_dagrun for example_sensor_decorator to None, run_after=None
[2024-04-01T22:59:53.119+0000] {processor.py:183} INFO - Processing /home/airflow/.local/lib/python3.8/site-packages/airflow/example_dags/example_sensor_decorator.py took 0.072 seconds
[2024-04-01T23:00:23.643+0000] {processor.py:161} INFO - Started process (PID=1943) to work on /home/airflow/.local/lib/python3.8/site-packages/airflow/example_dags/example_sensor_decorator.py
[2024-04-01T23:00:23.644+0000] {processor.py:830} INFO - Processing file /home/airflow/.local/lib/python3.8/site-packages/airflow/example_dags/example_sensor_decorator.py for tasks to queue
[2024-04-01T23:00:23.646+0000] {logging_mixin.py:188} INFO - [2024-04-01T23:00:23.645+0000] {dagbag.py:540} INFO - Filling up the DagBag from /home/airflow/.local/lib/python3.8/site-packages/airflow/example_dags/example_sensor_decorator.py
[2024-04-01T23:00:23.655+0000] {processor.py:840} INFO - DAG(s) 'example_sensor_decorator' retrieved from /home/airflow/.local/lib/python3.8/site-packages/airflow/example_dags/example_sensor_decorator.py
[2024-04-01T23:00:23.681+0000] {logging_mixin.py:188} INFO - [2024-04-01T23:00:23.680+0000] {dag.py:3047} INFO - Sync 1 DAGs
[2024-04-01T23:00:23.700+0000] {logging_mixin.py:188} INFO - [2024-04-01T23:00:23.699+0000] {dag.py:3834} INFO - Setting next_dagrun for example_sensor_decorator to None, run_after=None
[2024-04-01T23:00:23.736+0000] {processor.py:183} INFO - Processing /home/airflow/.local/lib/python3.8/site-packages/airflow/example_dags/example_sensor_decorator.py took 0.098 seconds
[2024-04-01T23:00:53.977+0000] {processor.py:161} INFO - Started process (PID=2190) to work on /home/airflow/.local/lib/python3.8/site-packages/airflow/example_dags/example_sensor_decorator.py
[2024-04-01T23:00:53.978+0000] {processor.py:830} INFO - Processing file /home/airflow/.local/lib/python3.8/site-packages/airflow/example_dags/example_sensor_decorator.py for tasks to queue
[2024-04-01T23:00:53.979+0000] {logging_mixin.py:188} INFO - [2024-04-01T23:00:53.979+0000] {dagbag.py:540} INFO - Filling up the DagBag from /home/airflow/.local/lib/python3.8/site-packages/airflow/example_dags/example_sensor_decorator.py
[2024-04-01T23:00:53.985+0000] {processor.py:840} INFO - DAG(s) 'example_sensor_decorator' retrieved from /home/airflow/.local/lib/python3.8/site-packages/airflow/example_dags/example_sensor_decorator.py
[2024-04-01T23:00:54.004+0000] {logging_mixin.py:188} INFO - [2024-04-01T23:00:54.004+0000] {dag.py:3047} INFO - Sync 1 DAGs
[2024-04-01T23:00:54.018+0000] {logging_mixin.py:188} INFO - [2024-04-01T23:00:54.018+0000] {dag.py:3834} INFO - Setting next_dagrun for example_sensor_decorator to None, run_after=None
[2024-04-01T23:00:54.052+0000] {processor.py:183} INFO - Processing /home/airflow/.local/lib/python3.8/site-packages/airflow/example_dags/example_sensor_decorator.py took 0.077 seconds
[2024-04-01T23:01:24.617+0000] {processor.py:161} INFO - Started process (PID=2437) to work on /home/airflow/.local/lib/python3.8/site-packages/airflow/example_dags/example_sensor_decorator.py
[2024-04-01T23:01:24.619+0000] {processor.py:830} INFO - Processing file /home/airflow/.local/lib/python3.8/site-packages/airflow/example_dags/example_sensor_decorator.py for tasks to queue
[2024-04-01T23:01:24.620+0000] {logging_mixin.py:188} INFO - [2024-04-01T23:01:24.619+0000] {dagbag.py:540} INFO - Filling up the DagBag from /home/airflow/.local/lib/python3.8/site-packages/airflow/example_dags/example_sensor_decorator.py
[2024-04-01T23:01:24.625+0000] {processor.py:840} INFO - DAG(s) 'example_sensor_decorator' retrieved from /home/airflow/.local/lib/python3.8/site-packages/airflow/example_dags/example_sensor_decorator.py
[2024-04-01T23:01:24.646+0000] {logging_mixin.py:188} INFO - [2024-04-01T23:01:24.646+0000] {dag.py:3047} INFO - Sync 1 DAGs
[2024-04-01T23:01:24.658+0000] {logging_mixin.py:188} INFO - [2024-04-01T23:01:24.658+0000] {dag.py:3834} INFO - Setting next_dagrun for example_sensor_decorator to None, run_after=None
[2024-04-01T23:01:24.694+0000] {processor.py:183} INFO - Processing /home/airflow/.local/lib/python3.8/site-packages/airflow/example_dags/example_sensor_decorator.py took 0.079 seconds
[2024-04-01T23:01:55.041+0000] {processor.py:161} INFO - Started process (PID=2684) to work on /home/airflow/.local/lib/python3.8/site-packages/airflow/example_dags/example_sensor_decorator.py
[2024-04-01T23:01:55.042+0000] {processor.py:830} INFO - Processing file /home/airflow/.local/lib/python3.8/site-packages/airflow/example_dags/example_sensor_decorator.py for tasks to queue
[2024-04-01T23:01:55.043+0000] {logging_mixin.py:188} INFO - [2024-04-01T23:01:55.043+0000] {dagbag.py:540} INFO - Filling up the DagBag from /home/airflow/.local/lib/python3.8/site-packages/airflow/example_dags/example_sensor_decorator.py
[2024-04-01T23:01:55.049+0000] {processor.py:840} INFO - DAG(s) 'example_sensor_decorator' retrieved from /home/airflow/.local/lib/python3.8/site-packages/airflow/example_dags/example_sensor_decorator.py
[2024-04-01T23:01:55.068+0000] {logging_mixin.py:188} INFO - [2024-04-01T23:01:55.068+0000] {dag.py:3047} INFO - Sync 1 DAGs
[2024-04-01T23:01:55.081+0000] {logging_mixin.py:188} INFO - [2024-04-01T23:01:55.081+0000] {dag.py:3834} INFO - Setting next_dagrun for example_sensor_decorator to None, run_after=None
[2024-04-01T23:01:55.114+0000] {processor.py:183} INFO - Processing /home/airflow/.local/lib/python3.8/site-packages/airflow/example_dags/example_sensor_decorator.py took 0.076 seconds
[2024-04-01T23:02:25.570+0000] {processor.py:161} INFO - Started process (PID=2931) to work on /home/airflow/.local/lib/python3.8/site-packages/airflow/example_dags/example_sensor_decorator.py
[2024-04-01T23:02:25.572+0000] {processor.py:830} INFO - Processing file /home/airflow/.local/lib/python3.8/site-packages/airflow/example_dags/example_sensor_decorator.py for tasks to queue
[2024-04-01T23:02:25.572+0000] {logging_mixin.py:188} INFO - [2024-04-01T23:02:25.572+0000] {dagbag.py:540} INFO - Filling up the DagBag from /home/airflow/.local/lib/python3.8/site-packages/airflow/example_dags/example_sensor_decorator.py
[2024-04-01T23:02:25.578+0000] {processor.py:840} INFO - DAG(s) 'example_sensor_decorator' retrieved from /home/airflow/.local/lib/python3.8/site-packages/airflow/example_dags/example_sensor_decorator.py
[2024-04-01T23:02:25.598+0000] {logging_mixin.py:188} INFO - [2024-04-01T23:02:25.597+0000] {dag.py:3047} INFO - Sync 1 DAGs
[2024-04-01T23:02:25.612+0000] {logging_mixin.py:188} INFO - [2024-04-01T23:02:25.612+0000] {dag.py:3834} INFO - Setting next_dagrun for example_sensor_decorator to None, run_after=None
[2024-04-01T23:02:25.648+0000] {processor.py:183} INFO - Processing /home/airflow/.local/lib/python3.8/site-packages/airflow/example_dags/example_sensor_decorator.py took 0.080 seconds
[2024-04-01T23:02:55.886+0000] {processor.py:161} INFO - Started process (PID=3178) to work on /home/airflow/.local/lib/python3.8/site-packages/airflow/example_dags/example_sensor_decorator.py
[2024-04-01T23:02:55.887+0000] {processor.py:830} INFO - Processing file /home/airflow/.local/lib/python3.8/site-packages/airflow/example_dags/example_sensor_decorator.py for tasks to queue
[2024-04-01T23:02:55.888+0000] {logging_mixin.py:188} INFO - [2024-04-01T23:02:55.888+0000] {dagbag.py:540} INFO - Filling up the DagBag from /home/airflow/.local/lib/python3.8/site-packages/airflow/example_dags/example_sensor_decorator.py
[2024-04-01T23:02:55.893+0000] {processor.py:840} INFO - DAG(s) 'example_sensor_decorator' retrieved from /home/airflow/.local/lib/python3.8/site-packages/airflow/example_dags/example_sensor_decorator.py
[2024-04-01T23:02:55.915+0000] {logging_mixin.py:188} INFO - [2024-04-01T23:02:55.914+0000] {dag.py:3047} INFO - Sync 1 DAGs
[2024-04-01T23:02:55.929+0000] {logging_mixin.py:188} INFO - [2024-04-01T23:02:55.929+0000] {dag.py:3834} INFO - Setting next_dagrun for example_sensor_decorator to None, run_after=None
[2024-04-01T23:02:55.960+0000] {processor.py:183} INFO - Processing /home/airflow/.local/lib/python3.8/site-packages/airflow/example_dags/example_sensor_decorator.py took 0.078 seconds
[2024-04-01T23:03:26.454+0000] {processor.py:161} INFO - Started process (PID=3423) to work on /home/airflow/.local/lib/python3.8/site-packages/airflow/example_dags/example_sensor_decorator.py
[2024-04-01T23:03:26.455+0000] {processor.py:830} INFO - Processing file /home/airflow/.local/lib/python3.8/site-packages/airflow/example_dags/example_sensor_decorator.py for tasks to queue
[2024-04-01T23:03:26.456+0000] {logging_mixin.py:188} INFO - [2024-04-01T23:03:26.456+0000] {dagbag.py:540} INFO - Filling up the DagBag from /home/airflow/.local/lib/python3.8/site-packages/airflow/example_dags/example_sensor_decorator.py
[2024-04-01T23:03:26.462+0000] {processor.py:840} INFO - DAG(s) 'example_sensor_decorator' retrieved from /home/airflow/.local/lib/python3.8/site-packages/airflow/example_dags/example_sensor_decorator.py
[2024-04-01T23:03:26.485+0000] {logging_mixin.py:188} INFO - [2024-04-01T23:03:26.484+0000] {dag.py:3047} INFO - Sync 1 DAGs
[2024-04-01T23:03:26.498+0000] {logging_mixin.py:188} INFO - [2024-04-01T23:03:26.497+0000] {dag.py:3834} INFO - Setting next_dagrun for example_sensor_decorator to None, run_after=None
[2024-04-01T23:03:26.534+0000] {processor.py:183} INFO - Processing /home/airflow/.local/lib/python3.8/site-packages/airflow/example_dags/example_sensor_decorator.py took 0.083 seconds
[2024-04-01T23:03:57.099+0000] {processor.py:161} INFO - Started process (PID=3672) to work on /home/airflow/.local/lib/python3.8/site-packages/airflow/example_dags/example_sensor_decorator.py
[2024-04-01T23:03:57.100+0000] {processor.py:830} INFO - Processing file /home/airflow/.local/lib/python3.8/site-packages/airflow/example_dags/example_sensor_decorator.py for tasks to queue
[2024-04-01T23:03:57.101+0000] {logging_mixin.py:188} INFO - [2024-04-01T23:03:57.100+0000] {dagbag.py:540} INFO - Filling up the DagBag from /home/airflow/.local/lib/python3.8/site-packages/airflow/example_dags/example_sensor_decorator.py
[2024-04-01T23:03:57.106+0000] {processor.py:840} INFO - DAG(s) 'example_sensor_decorator' retrieved from /home/airflow/.local/lib/python3.8/site-packages/airflow/example_dags/example_sensor_decorator.py
[2024-04-01T23:03:57.126+0000] {logging_mixin.py:188} INFO - [2024-04-01T23:03:57.125+0000] {dag.py:3047} INFO - Sync 1 DAGs
[2024-04-01T23:03:57.139+0000] {logging_mixin.py:188} INFO - [2024-04-01T23:03:57.138+0000] {dag.py:3834} INFO - Setting next_dagrun for example_sensor_decorator to None, run_after=None
[2024-04-01T23:03:57.170+0000] {processor.py:183} INFO - Processing /home/airflow/.local/lib/python3.8/site-packages/airflow/example_dags/example_sensor_decorator.py took 0.074 seconds
[2024-04-01T23:04:27.647+0000] {processor.py:161} INFO - Started process (PID=3919) to work on /home/airflow/.local/lib/python3.8/site-packages/airflow/example_dags/example_sensor_decorator.py
[2024-04-01T23:04:27.648+0000] {processor.py:830} INFO - Processing file /home/airflow/.local/lib/python3.8/site-packages/airflow/example_dags/example_sensor_decorator.py for tasks to queue
[2024-04-01T23:04:27.649+0000] {logging_mixin.py:188} INFO - [2024-04-01T23:04:27.649+0000] {dagbag.py:540} INFO - Filling up the DagBag from /home/airflow/.local/lib/python3.8/site-packages/airflow/example_dags/example_sensor_decorator.py
[2024-04-01T23:04:27.654+0000] {processor.py:840} INFO - DAG(s) 'example_sensor_decorator' retrieved from /home/airflow/.local/lib/python3.8/site-packages/airflow/example_dags/example_sensor_decorator.py
[2024-04-01T23:04:27.675+0000] {logging_mixin.py:188} INFO - [2024-04-01T23:04:27.675+0000] {dag.py:3047} INFO - Sync 1 DAGs
[2024-04-01T23:04:27.687+0000] {logging_mixin.py:188} INFO - [2024-04-01T23:04:27.687+0000] {dag.py:3834} INFO - Setting next_dagrun for example_sensor_decorator to None, run_after=None
[2024-04-01T23:04:27.722+0000] {processor.py:183} INFO - Processing /home/airflow/.local/lib/python3.8/site-packages/airflow/example_dags/example_sensor_decorator.py took 0.078 seconds
[2024-04-01T23:04:58.253+0000] {processor.py:161} INFO - Started process (PID=4164) to work on /home/airflow/.local/lib/python3.8/site-packages/airflow/example_dags/example_sensor_decorator.py
[2024-04-01T23:04:58.256+0000] {processor.py:830} INFO - Processing file /home/airflow/.local/lib/python3.8/site-packages/airflow/example_dags/example_sensor_decorator.py for tasks to queue
[2024-04-01T23:04:58.259+0000] {logging_mixin.py:188} INFO - [2024-04-01T23:04:58.257+0000] {dagbag.py:540} INFO - Filling up the DagBag from /home/airflow/.local/lib/python3.8/site-packages/airflow/example_dags/example_sensor_decorator.py
[2024-04-01T23:04:58.269+0000] {processor.py:840} INFO - DAG(s) 'example_sensor_decorator' retrieved from /home/airflow/.local/lib/python3.8/site-packages/airflow/example_dags/example_sensor_decorator.py
[2024-04-01T23:04:58.302+0000] {logging_mixin.py:188} INFO - [2024-04-01T23:04:58.302+0000] {dag.py:3047} INFO - Sync 1 DAGs
[2024-04-01T23:04:58.322+0000] {logging_mixin.py:188} INFO - [2024-04-01T23:04:58.322+0000] {dag.py:3834} INFO - Setting next_dagrun for example_sensor_decorator to None, run_after=None
[2024-04-01T23:04:58.354+0000] {processor.py:183} INFO - Processing /home/airflow/.local/lib/python3.8/site-packages/airflow/example_dags/example_sensor_decorator.py took 0.106 seconds
[2024-04-01T23:05:28.421+0000] {processor.py:161} INFO - Started process (PID=4414) to work on /home/airflow/.local/lib/python3.8/site-packages/airflow/example_dags/example_sensor_decorator.py
[2024-04-01T23:05:28.422+0000] {processor.py:830} INFO - Processing file /home/airflow/.local/lib/python3.8/site-packages/airflow/example_dags/example_sensor_decorator.py for tasks to queue
[2024-04-01T23:05:28.424+0000] {logging_mixin.py:188} INFO - [2024-04-01T23:05:28.423+0000] {dagbag.py:540} INFO - Filling up the DagBag from /home/airflow/.local/lib/python3.8/site-packages/airflow/example_dags/example_sensor_decorator.py
[2024-04-01T23:05:28.430+0000] {processor.py:840} INFO - DAG(s) 'example_sensor_decorator' retrieved from /home/airflow/.local/lib/python3.8/site-packages/airflow/example_dags/example_sensor_decorator.py
[2024-04-01T23:05:28.454+0000] {logging_mixin.py:188} INFO - [2024-04-01T23:05:28.454+0000] {dag.py:3047} INFO - Sync 1 DAGs
[2024-04-01T23:05:28.467+0000] {logging_mixin.py:188} INFO - [2024-04-01T23:05:28.466+0000] {dag.py:3834} INFO - Setting next_dagrun for example_sensor_decorator to None, run_after=None
[2024-04-01T23:05:28.495+0000] {processor.py:183} INFO - Processing /home/airflow/.local/lib/python3.8/site-packages/airflow/example_dags/example_sensor_decorator.py took 0.078 seconds
[2024-04-01T23:05:58.587+0000] {processor.py:161} INFO - Started process (PID=4661) to work on /home/airflow/.local/lib/python3.8/site-packages/airflow/example_dags/example_sensor_decorator.py
[2024-04-01T23:05:58.588+0000] {processor.py:830} INFO - Processing file /home/airflow/.local/lib/python3.8/site-packages/airflow/example_dags/example_sensor_decorator.py for tasks to queue
[2024-04-01T23:05:58.590+0000] {logging_mixin.py:188} INFO - [2024-04-01T23:05:58.589+0000] {dagbag.py:540} INFO - Filling up the DagBag from /home/airflow/.local/lib/python3.8/site-packages/airflow/example_dags/example_sensor_decorator.py
[2024-04-01T23:05:58.595+0000] {processor.py:840} INFO - DAG(s) 'example_sensor_decorator' retrieved from /home/airflow/.local/lib/python3.8/site-packages/airflow/example_dags/example_sensor_decorator.py
[2024-04-01T23:05:58.615+0000] {logging_mixin.py:188} INFO - [2024-04-01T23:05:58.614+0000] {dag.py:3047} INFO - Sync 1 DAGs
[2024-04-01T23:05:58.629+0000] {logging_mixin.py:188} INFO - [2024-04-01T23:05:58.628+0000] {dag.py:3834} INFO - Setting next_dagrun for example_sensor_decorator to None, run_after=None
[2024-04-01T23:05:58.650+0000] {processor.py:183} INFO - Processing /home/airflow/.local/lib/python3.8/site-packages/airflow/example_dags/example_sensor_decorator.py took 0.067 seconds
[2024-04-01T23:06:28.890+0000] {processor.py:161} INFO - Started process (PID=4908) to work on /home/airflow/.local/lib/python3.8/site-packages/airflow/example_dags/example_sensor_decorator.py
[2024-04-01T23:06:28.891+0000] {processor.py:830} INFO - Processing file /home/airflow/.local/lib/python3.8/site-packages/airflow/example_dags/example_sensor_decorator.py for tasks to queue
[2024-04-01T23:06:28.892+0000] {logging_mixin.py:188} INFO - [2024-04-01T23:06:28.892+0000] {dagbag.py:540} INFO - Filling up the DagBag from /home/airflow/.local/lib/python3.8/site-packages/airflow/example_dags/example_sensor_decorator.py
[2024-04-01T23:06:28.897+0000] {processor.py:840} INFO - DAG(s) 'example_sensor_decorator' retrieved from /home/airflow/.local/lib/python3.8/site-packages/airflow/example_dags/example_sensor_decorator.py
[2024-04-01T23:06:28.920+0000] {logging_mixin.py:188} INFO - [2024-04-01T23:06:28.920+0000] {dag.py:3047} INFO - Sync 1 DAGs
[2024-04-01T23:06:28.933+0000] {logging_mixin.py:188} INFO - [2024-04-01T23:06:28.933+0000] {dag.py:3834} INFO - Setting next_dagrun for example_sensor_decorator to None, run_after=None
[2024-04-01T23:06:28.957+0000] {processor.py:183} INFO - Processing /home/airflow/.local/lib/python3.8/site-packages/airflow/example_dags/example_sensor_decorator.py took 0.071 seconds
[2024-04-01T23:06:59.496+0000] {processor.py:161} INFO - Started process (PID=5155) to work on /home/airflow/.local/lib/python3.8/site-packages/airflow/example_dags/example_sensor_decorator.py
[2024-04-01T23:06:59.497+0000] {processor.py:830} INFO - Processing file /home/airflow/.local/lib/python3.8/site-packages/airflow/example_dags/example_sensor_decorator.py for tasks to queue
[2024-04-01T23:06:59.498+0000] {logging_mixin.py:188} INFO - [2024-04-01T23:06:59.498+0000] {dagbag.py:540} INFO - Filling up the DagBag from /home/airflow/.local/lib/python3.8/site-packages/airflow/example_dags/example_sensor_decorator.py
[2024-04-01T23:06:59.504+0000] {processor.py:840} INFO - DAG(s) 'example_sensor_decorator' retrieved from /home/airflow/.local/lib/python3.8/site-packages/airflow/example_dags/example_sensor_decorator.py
[2024-04-01T23:06:59.526+0000] {logging_mixin.py:188} INFO - [2024-04-01T23:06:59.525+0000] {dag.py:3047} INFO - Sync 1 DAGs
[2024-04-01T23:06:59.543+0000] {logging_mixin.py:188} INFO - [2024-04-01T23:06:59.543+0000] {dag.py:3834} INFO - Setting next_dagrun for example_sensor_decorator to None, run_after=None
[2024-04-01T23:06:59.573+0000] {processor.py:183} INFO - Processing /home/airflow/.local/lib/python3.8/site-packages/airflow/example_dags/example_sensor_decorator.py took 0.080 seconds
[2024-04-01T23:07:29.858+0000] {processor.py:161} INFO - Started process (PID=5402) to work on /home/airflow/.local/lib/python3.8/site-packages/airflow/example_dags/example_sensor_decorator.py
[2024-04-01T23:07:29.859+0000] {processor.py:830} INFO - Processing file /home/airflow/.local/lib/python3.8/site-packages/airflow/example_dags/example_sensor_decorator.py for tasks to queue
[2024-04-01T23:07:29.860+0000] {logging_mixin.py:188} INFO - [2024-04-01T23:07:29.860+0000] {dagbag.py:540} INFO - Filling up the DagBag from /home/airflow/.local/lib/python3.8/site-packages/airflow/example_dags/example_sensor_decorator.py
[2024-04-01T23:07:29.866+0000] {processor.py:840} INFO - DAG(s) 'example_sensor_decorator' retrieved from /home/airflow/.local/lib/python3.8/site-packages/airflow/example_dags/example_sensor_decorator.py
[2024-04-01T23:07:29.885+0000] {logging_mixin.py:188} INFO - [2024-04-01T23:07:29.884+0000] {dag.py:3047} INFO - Sync 1 DAGs
[2024-04-01T23:07:29.898+0000] {logging_mixin.py:188} INFO - [2024-04-01T23:07:29.897+0000] {dag.py:3834} INFO - Setting next_dagrun for example_sensor_decorator to None, run_after=None
[2024-04-01T23:07:29.921+0000] {processor.py:183} INFO - Processing /home/airflow/.local/lib/python3.8/site-packages/airflow/example_dags/example_sensor_decorator.py took 0.066 seconds
[2024-04-01T23:08:00.290+0000] {processor.py:161} INFO - Started process (PID=5649) to work on /home/airflow/.local/lib/python3.8/site-packages/airflow/example_dags/example_sensor_decorator.py
[2024-04-01T23:08:00.291+0000] {processor.py:830} INFO - Processing file /home/airflow/.local/lib/python3.8/site-packages/airflow/example_dags/example_sensor_decorator.py for tasks to queue
[2024-04-01T23:08:00.291+0000] {logging_mixin.py:188} INFO - [2024-04-01T23:08:00.291+0000] {dagbag.py:540} INFO - Filling up the DagBag from /home/airflow/.local/lib/python3.8/site-packages/airflow/example_dags/example_sensor_decorator.py
[2024-04-01T23:08:00.297+0000] {processor.py:840} INFO - DAG(s) 'example_sensor_decorator' retrieved from /home/airflow/.local/lib/python3.8/site-packages/airflow/example_dags/example_sensor_decorator.py
[2024-04-01T23:08:00.317+0000] {logging_mixin.py:188} INFO - [2024-04-01T23:08:00.316+0000] {dag.py:3047} INFO - Sync 1 DAGs
[2024-04-01T23:08:00.329+0000] {logging_mixin.py:188} INFO - [2024-04-01T23:08:00.329+0000] {dag.py:3834} INFO - Setting next_dagrun for example_sensor_decorator to None, run_after=None
[2024-04-01T23:08:00.351+0000] {processor.py:183} INFO - Processing /home/airflow/.local/lib/python3.8/site-packages/airflow/example_dags/example_sensor_decorator.py took 0.064 seconds
[2024-04-01T23:08:30.785+0000] {processor.py:161} INFO - Started process (PID=5896) to work on /home/airflow/.local/lib/python3.8/site-packages/airflow/example_dags/example_sensor_decorator.py
[2024-04-01T23:08:30.786+0000] {processor.py:830} INFO - Processing file /home/airflow/.local/lib/python3.8/site-packages/airflow/example_dags/example_sensor_decorator.py for tasks to queue
[2024-04-01T23:08:30.787+0000] {logging_mixin.py:188} INFO - [2024-04-01T23:08:30.787+0000] {dagbag.py:540} INFO - Filling up the DagBag from /home/airflow/.local/lib/python3.8/site-packages/airflow/example_dags/example_sensor_decorator.py
[2024-04-01T23:08:30.793+0000] {processor.py:840} INFO - DAG(s) 'example_sensor_decorator' retrieved from /home/airflow/.local/lib/python3.8/site-packages/airflow/example_dags/example_sensor_decorator.py
[2024-04-01T23:08:30.815+0000] {logging_mixin.py:188} INFO - [2024-04-01T23:08:30.814+0000] {dag.py:3047} INFO - Sync 1 DAGs
[2024-04-01T23:08:30.829+0000] {logging_mixin.py:188} INFO - [2024-04-01T23:08:30.828+0000] {dag.py:3834} INFO - Setting next_dagrun for example_sensor_decorator to None, run_after=None
[2024-04-01T23:08:30.866+0000] {processor.py:183} INFO - Processing /home/airflow/.local/lib/python3.8/site-packages/airflow/example_dags/example_sensor_decorator.py took 0.084 seconds
[2024-04-01T23:09:01.235+0000] {processor.py:161} INFO - Started process (PID=6141) to work on /home/airflow/.local/lib/python3.8/site-packages/airflow/example_dags/example_sensor_decorator.py
[2024-04-01T23:09:01.236+0000] {processor.py:830} INFO - Processing file /home/airflow/.local/lib/python3.8/site-packages/airflow/example_dags/example_sensor_decorator.py for tasks to queue
[2024-04-01T23:09:01.237+0000] {logging_mixin.py:188} INFO - [2024-04-01T23:09:01.236+0000] {dagbag.py:540} INFO - Filling up the DagBag from /home/airflow/.local/lib/python3.8/site-packages/airflow/example_dags/example_sensor_decorator.py
[2024-04-01T23:09:01.242+0000] {processor.py:840} INFO - DAG(s) 'example_sensor_decorator' retrieved from /home/airflow/.local/lib/python3.8/site-packages/airflow/example_dags/example_sensor_decorator.py
[2024-04-01T23:09:01.263+0000] {logging_mixin.py:188} INFO - [2024-04-01T23:09:01.262+0000] {dag.py:3047} INFO - Sync 1 DAGs
[2024-04-01T23:09:01.276+0000] {logging_mixin.py:188} INFO - [2024-04-01T23:09:01.276+0000] {dag.py:3834} INFO - Setting next_dagrun for example_sensor_decorator to None, run_after=None
[2024-04-01T23:09:01.309+0000] {processor.py:183} INFO - Processing /home/airflow/.local/lib/python3.8/site-packages/airflow/example_dags/example_sensor_decorator.py took 0.078 seconds
[2024-04-01T23:09:31.547+0000] {processor.py:161} INFO - Started process (PID=6389) to work on /home/airflow/.local/lib/python3.8/site-packages/airflow/example_dags/example_sensor_decorator.py
[2024-04-01T23:09:31.548+0000] {processor.py:830} INFO - Processing file /home/airflow/.local/lib/python3.8/site-packages/airflow/example_dags/example_sensor_decorator.py for tasks to queue
[2024-04-01T23:09:31.549+0000] {logging_mixin.py:188} INFO - [2024-04-01T23:09:31.548+0000] {dagbag.py:540} INFO - Filling up the DagBag from /home/airflow/.local/lib/python3.8/site-packages/airflow/example_dags/example_sensor_decorator.py
[2024-04-01T23:09:31.554+0000] {processor.py:840} INFO - DAG(s) 'example_sensor_decorator' retrieved from /home/airflow/.local/lib/python3.8/site-packages/airflow/example_dags/example_sensor_decorator.py
[2024-04-01T23:09:31.574+0000] {logging_mixin.py:188} INFO - [2024-04-01T23:09:31.573+0000] {dag.py:3047} INFO - Sync 1 DAGs
[2024-04-01T23:09:31.587+0000] {logging_mixin.py:188} INFO - [2024-04-01T23:09:31.586+0000] {dag.py:3834} INFO - Setting next_dagrun for example_sensor_decorator to None, run_after=None
[2024-04-01T23:09:31.622+0000] {processor.py:183} INFO - Processing /home/airflow/.local/lib/python3.8/site-packages/airflow/example_dags/example_sensor_decorator.py took 0.078 seconds
[2024-04-01T23:10:01.891+0000] {processor.py:161} INFO - Started process (PID=6636) to work on /home/airflow/.local/lib/python3.8/site-packages/airflow/example_dags/example_sensor_decorator.py
[2024-04-01T23:10:01.892+0000] {processor.py:830} INFO - Processing file /home/airflow/.local/lib/python3.8/site-packages/airflow/example_dags/example_sensor_decorator.py for tasks to queue
[2024-04-01T23:10:01.893+0000] {logging_mixin.py:188} INFO - [2024-04-01T23:10:01.893+0000] {dagbag.py:540} INFO - Filling up the DagBag from /home/airflow/.local/lib/python3.8/site-packages/airflow/example_dags/example_sensor_decorator.py
[2024-04-01T23:10:01.900+0000] {processor.py:840} INFO - DAG(s) 'example_sensor_decorator' retrieved from /home/airflow/.local/lib/python3.8/site-packages/airflow/example_dags/example_sensor_decorator.py
[2024-04-01T23:10:01.919+0000] {logging_mixin.py:188} INFO - [2024-04-01T23:10:01.919+0000] {dag.py:3047} INFO - Sync 1 DAGs
[2024-04-01T23:10:01.931+0000] {logging_mixin.py:188} INFO - [2024-04-01T23:10:01.931+0000] {dag.py:3834} INFO - Setting next_dagrun for example_sensor_decorator to None, run_after=None
[2024-04-01T23:10:01.967+0000] {processor.py:183} INFO - Processing /home/airflow/.local/lib/python3.8/site-packages/airflow/example_dags/example_sensor_decorator.py took 0.080 seconds
[2024-04-01T23:10:32.458+0000] {processor.py:161} INFO - Started process (PID=6885) to work on /home/airflow/.local/lib/python3.8/site-packages/airflow/example_dags/example_sensor_decorator.py
[2024-04-01T23:10:32.459+0000] {processor.py:830} INFO - Processing file /home/airflow/.local/lib/python3.8/site-packages/airflow/example_dags/example_sensor_decorator.py for tasks to queue
[2024-04-01T23:10:32.460+0000] {logging_mixin.py:188} INFO - [2024-04-01T23:10:32.460+0000] {dagbag.py:540} INFO - Filling up the DagBag from /home/airflow/.local/lib/python3.8/site-packages/airflow/example_dags/example_sensor_decorator.py
[2024-04-01T23:10:32.466+0000] {processor.py:840} INFO - DAG(s) 'example_sensor_decorator' retrieved from /home/airflow/.local/lib/python3.8/site-packages/airflow/example_dags/example_sensor_decorator.py
[2024-04-01T23:10:32.485+0000] {logging_mixin.py:188} INFO - [2024-04-01T23:10:32.484+0000] {dag.py:3047} INFO - Sync 1 DAGs
[2024-04-01T23:10:32.497+0000] {logging_mixin.py:188} INFO - [2024-04-01T23:10:32.497+0000] {dag.py:3834} INFO - Setting next_dagrun for example_sensor_decorator to None, run_after=None
[2024-04-01T23:10:32.533+0000] {processor.py:183} INFO - Processing /home/airflow/.local/lib/python3.8/site-packages/airflow/example_dags/example_sensor_decorator.py took 0.077 seconds
[2024-04-01T23:11:02.761+0000] {processor.py:161} INFO - Started process (PID=7132) to work on /home/airflow/.local/lib/python3.8/site-packages/airflow/example_dags/example_sensor_decorator.py
[2024-04-01T23:11:02.763+0000] {processor.py:830} INFO - Processing file /home/airflow/.local/lib/python3.8/site-packages/airflow/example_dags/example_sensor_decorator.py for tasks to queue
[2024-04-01T23:11:02.764+0000] {logging_mixin.py:188} INFO - [2024-04-01T23:11:02.763+0000] {dagbag.py:540} INFO - Filling up the DagBag from /home/airflow/.local/lib/python3.8/site-packages/airflow/example_dags/example_sensor_decorator.py
[2024-04-01T23:11:02.769+0000] {processor.py:840} INFO - DAG(s) 'example_sensor_decorator' retrieved from /home/airflow/.local/lib/python3.8/site-packages/airflow/example_dags/example_sensor_decorator.py
[2024-04-01T23:11:02.791+0000] {logging_mixin.py:188} INFO - [2024-04-01T23:11:02.790+0000] {dag.py:3047} INFO - Sync 1 DAGs
[2024-04-01T23:11:02.804+0000] {logging_mixin.py:188} INFO - [2024-04-01T23:11:02.804+0000] {dag.py:3834} INFO - Setting next_dagrun for example_sensor_decorator to None, run_after=None
[2024-04-01T23:11:02.830+0000] {processor.py:183} INFO - Processing /home/airflow/.local/lib/python3.8/site-packages/airflow/example_dags/example_sensor_decorator.py took 0.071 seconds
[2024-04-01T23:11:33.201+0000] {processor.py:161} INFO - Started process (PID=7377) to work on /home/airflow/.local/lib/python3.8/site-packages/airflow/example_dags/example_sensor_decorator.py
[2024-04-01T23:11:33.202+0000] {processor.py:830} INFO - Processing file /home/airflow/.local/lib/python3.8/site-packages/airflow/example_dags/example_sensor_decorator.py for tasks to queue
[2024-04-01T23:11:33.202+0000] {logging_mixin.py:188} INFO - [2024-04-01T23:11:33.202+0000] {dagbag.py:540} INFO - Filling up the DagBag from /home/airflow/.local/lib/python3.8/site-packages/airflow/example_dags/example_sensor_decorator.py
[2024-04-01T23:11:33.208+0000] {processor.py:840} INFO - DAG(s) 'example_sensor_decorator' retrieved from /home/airflow/.local/lib/python3.8/site-packages/airflow/example_dags/example_sensor_decorator.py
[2024-04-01T23:11:33.228+0000] {logging_mixin.py:188} INFO - [2024-04-01T23:11:33.228+0000] {dag.py:3047} INFO - Sync 1 DAGs
[2024-04-01T23:11:33.241+0000] {logging_mixin.py:188} INFO - [2024-04-01T23:11:33.240+0000] {dag.py:3834} INFO - Setting next_dagrun for example_sensor_decorator to None, run_after=None
[2024-04-01T23:11:33.276+0000] {processor.py:183} INFO - Processing /home/airflow/.local/lib/python3.8/site-packages/airflow/example_dags/example_sensor_decorator.py took 0.078 seconds
[2024-04-01T23:12:03.662+0000] {processor.py:161} INFO - Started process (PID=7626) to work on /home/airflow/.local/lib/python3.8/site-packages/airflow/example_dags/example_sensor_decorator.py
[2024-04-01T23:12:03.663+0000] {processor.py:830} INFO - Processing file /home/airflow/.local/lib/python3.8/site-packages/airflow/example_dags/example_sensor_decorator.py for tasks to queue
[2024-04-01T23:12:03.664+0000] {logging_mixin.py:188} INFO - [2024-04-01T23:12:03.664+0000] {dagbag.py:540} INFO - Filling up the DagBag from /home/airflow/.local/lib/python3.8/site-packages/airflow/example_dags/example_sensor_decorator.py
[2024-04-01T23:12:03.671+0000] {processor.py:840} INFO - DAG(s) 'example_sensor_decorator' retrieved from /home/airflow/.local/lib/python3.8/site-packages/airflow/example_dags/example_sensor_decorator.py
[2024-04-01T23:12:03.691+0000] {logging_mixin.py:188} INFO - [2024-04-01T23:12:03.691+0000] {dag.py:3047} INFO - Sync 1 DAGs
[2024-04-01T23:12:03.706+0000] {logging_mixin.py:188} INFO - [2024-04-01T23:12:03.706+0000] {dag.py:3834} INFO - Setting next_dagrun for example_sensor_decorator to None, run_after=None
[2024-04-01T23:12:03.738+0000] {processor.py:183} INFO - Processing /home/airflow/.local/lib/python3.8/site-packages/airflow/example_dags/example_sensor_decorator.py took 0.080 seconds
[2024-04-01T23:12:34.269+0000] {processor.py:161} INFO - Started process (PID=7873) to work on /home/airflow/.local/lib/python3.8/site-packages/airflow/example_dags/example_sensor_decorator.py
[2024-04-01T23:12:34.270+0000] {processor.py:830} INFO - Processing file /home/airflow/.local/lib/python3.8/site-packages/airflow/example_dags/example_sensor_decorator.py for tasks to queue
[2024-04-01T23:12:34.271+0000] {logging_mixin.py:188} INFO - [2024-04-01T23:12:34.270+0000] {dagbag.py:540} INFO - Filling up the DagBag from /home/airflow/.local/lib/python3.8/site-packages/airflow/example_dags/example_sensor_decorator.py
[2024-04-01T23:12:34.276+0000] {processor.py:840} INFO - DAG(s) 'example_sensor_decorator' retrieved from /home/airflow/.local/lib/python3.8/site-packages/airflow/example_dags/example_sensor_decorator.py
[2024-04-01T23:12:34.297+0000] {logging_mixin.py:188} INFO - [2024-04-01T23:12:34.297+0000] {dag.py:3047} INFO - Sync 1 DAGs
[2024-04-01T23:12:34.310+0000] {logging_mixin.py:188} INFO - [2024-04-01T23:12:34.310+0000] {dag.py:3834} INFO - Setting next_dagrun for example_sensor_decorator to None, run_after=None
[2024-04-01T23:12:34.342+0000] {processor.py:183} INFO - Processing /home/airflow/.local/lib/python3.8/site-packages/airflow/example_dags/example_sensor_decorator.py took 0.076 seconds
[2024-04-01T23:13:04.917+0000] {processor.py:161} INFO - Started process (PID=8121) to work on /home/airflow/.local/lib/python3.8/site-packages/airflow/example_dags/example_sensor_decorator.py
[2024-04-01T23:13:04.918+0000] {processor.py:830} INFO - Processing file /home/airflow/.local/lib/python3.8/site-packages/airflow/example_dags/example_sensor_decorator.py for tasks to queue
[2024-04-01T23:13:04.919+0000] {logging_mixin.py:188} INFO - [2024-04-01T23:13:04.919+0000] {dagbag.py:540} INFO - Filling up the DagBag from /home/airflow/.local/lib/python3.8/site-packages/airflow/example_dags/example_sensor_decorator.py
[2024-04-01T23:13:04.924+0000] {processor.py:840} INFO - DAG(s) 'example_sensor_decorator' retrieved from /home/airflow/.local/lib/python3.8/site-packages/airflow/example_dags/example_sensor_decorator.py
[2024-04-01T23:13:04.944+0000] {logging_mixin.py:188} INFO - [2024-04-01T23:13:04.943+0000] {dag.py:3047} INFO - Sync 1 DAGs
[2024-04-01T23:13:04.958+0000] {logging_mixin.py:188} INFO - [2024-04-01T23:13:04.957+0000] {dag.py:3834} INFO - Setting next_dagrun for example_sensor_decorator to None, run_after=None
[2024-04-01T23:13:04.995+0000] {processor.py:183} INFO - Processing /home/airflow/.local/lib/python3.8/site-packages/airflow/example_dags/example_sensor_decorator.py took 0.081 seconds
[2024-04-01T23:13:35.390+0000] {processor.py:161} INFO - Started process (PID=8366) to work on /home/airflow/.local/lib/python3.8/site-packages/airflow/example_dags/example_sensor_decorator.py
[2024-04-01T23:13:35.392+0000] {processor.py:830} INFO - Processing file /home/airflow/.local/lib/python3.8/site-packages/airflow/example_dags/example_sensor_decorator.py for tasks to queue
[2024-04-01T23:13:35.393+0000] {logging_mixin.py:188} INFO - [2024-04-01T23:13:35.393+0000] {dagbag.py:540} INFO - Filling up the DagBag from /home/airflow/.local/lib/python3.8/site-packages/airflow/example_dags/example_sensor_decorator.py
[2024-04-01T23:13:35.409+0000] {processor.py:840} INFO - DAG(s) 'example_sensor_decorator' retrieved from /home/airflow/.local/lib/python3.8/site-packages/airflow/example_dags/example_sensor_decorator.py
[2024-04-01T23:13:35.433+0000] {logging_mixin.py:188} INFO - [2024-04-01T23:13:35.433+0000] {dag.py:3047} INFO - Sync 1 DAGs
[2024-04-01T23:13:35.446+0000] {logging_mixin.py:188} INFO - [2024-04-01T23:13:35.446+0000] {dag.py:3834} INFO - Setting next_dagrun for example_sensor_decorator to None, run_after=None
[2024-04-01T23:13:35.482+0000] {processor.py:183} INFO - Processing /home/airflow/.local/lib/python3.8/site-packages/airflow/example_dags/example_sensor_decorator.py took 0.094 seconds
[2024-04-01T23:14:05.803+0000] {processor.py:161} INFO - Started process (PID=8614) to work on /home/airflow/.local/lib/python3.8/site-packages/airflow/example_dags/example_sensor_decorator.py
[2024-04-01T23:14:05.804+0000] {processor.py:830} INFO - Processing file /home/airflow/.local/lib/python3.8/site-packages/airflow/example_dags/example_sensor_decorator.py for tasks to queue
[2024-04-01T23:14:05.805+0000] {logging_mixin.py:188} INFO - [2024-04-01T23:14:05.804+0000] {dagbag.py:540} INFO - Filling up the DagBag from /home/airflow/.local/lib/python3.8/site-packages/airflow/example_dags/example_sensor_decorator.py
[2024-04-01T23:14:05.810+0000] {processor.py:840} INFO - DAG(s) 'example_sensor_decorator' retrieved from /home/airflow/.local/lib/python3.8/site-packages/airflow/example_dags/example_sensor_decorator.py
[2024-04-01T23:14:05.831+0000] {logging_mixin.py:188} INFO - [2024-04-01T23:14:05.830+0000] {dag.py:3047} INFO - Sync 1 DAGs
[2024-04-01T23:14:05.844+0000] {logging_mixin.py:188} INFO - [2024-04-01T23:14:05.844+0000] {dag.py:3834} INFO - Setting next_dagrun for example_sensor_decorator to None, run_after=None
[2024-04-01T23:14:05.868+0000] {processor.py:183} INFO - Processing /home/airflow/.local/lib/python3.8/site-packages/airflow/example_dags/example_sensor_decorator.py took 0.068 seconds
[2024-04-01T23:14:36.447+0000] {processor.py:161} INFO - Started process (PID=8863) to work on /home/airflow/.local/lib/python3.8/site-packages/airflow/example_dags/example_sensor_decorator.py
[2024-04-01T23:14:36.456+0000] {processor.py:830} INFO - Processing file /home/airflow/.local/lib/python3.8/site-packages/airflow/example_dags/example_sensor_decorator.py for tasks to queue
[2024-04-01T23:14:36.458+0000] {logging_mixin.py:188} INFO - [2024-04-01T23:14:36.458+0000] {dagbag.py:540} INFO - Filling up the DagBag from /home/airflow/.local/lib/python3.8/site-packages/airflow/example_dags/example_sensor_decorator.py
[2024-04-01T23:14:36.469+0000] {processor.py:840} INFO - DAG(s) 'example_sensor_decorator' retrieved from /home/airflow/.local/lib/python3.8/site-packages/airflow/example_dags/example_sensor_decorator.py
[2024-04-01T23:14:36.525+0000] {logging_mixin.py:188} INFO - [2024-04-01T23:14:36.524+0000] {dag.py:3047} INFO - Sync 1 DAGs
[2024-04-01T23:14:36.555+0000] {logging_mixin.py:188} INFO - [2024-04-01T23:14:36.555+0000] {dag.py:3834} INFO - Setting next_dagrun for example_sensor_decorator to None, run_after=None
[2024-04-01T23:14:36.609+0000] {processor.py:183} INFO - Processing /home/airflow/.local/lib/python3.8/site-packages/airflow/example_dags/example_sensor_decorator.py took 0.169 seconds
[2024-04-01T23:15:06.909+0000] {processor.py:161} INFO - Started process (PID=9110) to work on /home/airflow/.local/lib/python3.8/site-packages/airflow/example_dags/example_sensor_decorator.py
[2024-04-01T23:15:06.910+0000] {processor.py:830} INFO - Processing file /home/airflow/.local/lib/python3.8/site-packages/airflow/example_dags/example_sensor_decorator.py for tasks to queue
[2024-04-01T23:15:06.911+0000] {logging_mixin.py:188} INFO - [2024-04-01T23:15:06.911+0000] {dagbag.py:540} INFO - Filling up the DagBag from /home/airflow/.local/lib/python3.8/site-packages/airflow/example_dags/example_sensor_decorator.py
[2024-04-01T23:15:06.917+0000] {processor.py:840} INFO - DAG(s) 'example_sensor_decorator' retrieved from /home/airflow/.local/lib/python3.8/site-packages/airflow/example_dags/example_sensor_decorator.py
[2024-04-01T23:15:06.937+0000] {logging_mixin.py:188} INFO - [2024-04-01T23:15:06.937+0000] {dag.py:3047} INFO - Sync 1 DAGs
[2024-04-01T23:15:06.950+0000] {logging_mixin.py:188} INFO - [2024-04-01T23:15:06.950+0000] {dag.py:3834} INFO - Setting next_dagrun for example_sensor_decorator to None, run_after=None
[2024-04-01T23:15:06.985+0000] {processor.py:183} INFO - Processing /home/airflow/.local/lib/python3.8/site-packages/airflow/example_dags/example_sensor_decorator.py took 0.079 seconds
[2024-04-01T23:15:37.363+0000] {processor.py:161} INFO - Started process (PID=9363) to work on /home/airflow/.local/lib/python3.8/site-packages/airflow/example_dags/example_sensor_decorator.py
[2024-04-01T23:15:37.364+0000] {processor.py:830} INFO - Processing file /home/airflow/.local/lib/python3.8/site-packages/airflow/example_dags/example_sensor_decorator.py for tasks to queue
[2024-04-01T23:15:37.365+0000] {logging_mixin.py:188} INFO - [2024-04-01T23:15:37.365+0000] {dagbag.py:540} INFO - Filling up the DagBag from /home/airflow/.local/lib/python3.8/site-packages/airflow/example_dags/example_sensor_decorator.py
[2024-04-01T23:15:37.370+0000] {processor.py:840} INFO - DAG(s) 'example_sensor_decorator' retrieved from /home/airflow/.local/lib/python3.8/site-packages/airflow/example_dags/example_sensor_decorator.py
[2024-04-01T23:15:37.389+0000] {logging_mixin.py:188} INFO - [2024-04-01T23:15:37.388+0000] {dag.py:3047} INFO - Sync 1 DAGs
[2024-04-01T23:15:37.401+0000] {logging_mixin.py:188} INFO - [2024-04-01T23:15:37.401+0000] {dag.py:3834} INFO - Setting next_dagrun for example_sensor_decorator to None, run_after=None
[2024-04-01T23:15:37.433+0000] {processor.py:183} INFO - Processing /home/airflow/.local/lib/python3.8/site-packages/airflow/example_dags/example_sensor_decorator.py took 0.073 seconds
[2024-04-01T23:16:07.819+0000] {processor.py:161} INFO - Started process (PID=9608) to work on /home/airflow/.local/lib/python3.8/site-packages/airflow/example_dags/example_sensor_decorator.py
[2024-04-01T23:16:07.821+0000] {processor.py:830} INFO - Processing file /home/airflow/.local/lib/python3.8/site-packages/airflow/example_dags/example_sensor_decorator.py for tasks to queue
[2024-04-01T23:16:07.822+0000] {logging_mixin.py:188} INFO - [2024-04-01T23:16:07.822+0000] {dagbag.py:540} INFO - Filling up the DagBag from /home/airflow/.local/lib/python3.8/site-packages/airflow/example_dags/example_sensor_decorator.py
[2024-04-01T23:16:07.828+0000] {processor.py:840} INFO - DAG(s) 'example_sensor_decorator' retrieved from /home/airflow/.local/lib/python3.8/site-packages/airflow/example_dags/example_sensor_decorator.py
[2024-04-01T23:16:07.851+0000] {logging_mixin.py:188} INFO - [2024-04-01T23:16:07.850+0000] {dag.py:3047} INFO - Sync 1 DAGs
[2024-04-01T23:16:07.863+0000] {logging_mixin.py:188} INFO - [2024-04-01T23:16:07.863+0000] {dag.py:3834} INFO - Setting next_dagrun for example_sensor_decorator to None, run_after=None
[2024-04-01T23:16:07.887+0000] {processor.py:183} INFO - Processing /home/airflow/.local/lib/python3.8/site-packages/airflow/example_dags/example_sensor_decorator.py took 0.070 seconds
[2024-04-01T23:16:38.264+0000] {processor.py:161} INFO - Started process (PID=9857) to work on /home/airflow/.local/lib/python3.8/site-packages/airflow/example_dags/example_sensor_decorator.py
[2024-04-01T23:16:38.265+0000] {processor.py:830} INFO - Processing file /home/airflow/.local/lib/python3.8/site-packages/airflow/example_dags/example_sensor_decorator.py for tasks to queue
[2024-04-01T23:16:38.266+0000] {logging_mixin.py:188} INFO - [2024-04-01T23:16:38.265+0000] {dagbag.py:540} INFO - Filling up the DagBag from /home/airflow/.local/lib/python3.8/site-packages/airflow/example_dags/example_sensor_decorator.py
[2024-04-01T23:16:38.271+0000] {processor.py:840} INFO - DAG(s) 'example_sensor_decorator' retrieved from /home/airflow/.local/lib/python3.8/site-packages/airflow/example_dags/example_sensor_decorator.py
[2024-04-01T23:16:38.293+0000] {logging_mixin.py:188} INFO - [2024-04-01T23:16:38.293+0000] {dag.py:3047} INFO - Sync 1 DAGs
[2024-04-01T23:16:38.305+0000] {logging_mixin.py:188} INFO - [2024-04-01T23:16:38.305+0000] {dag.py:3834} INFO - Setting next_dagrun for example_sensor_decorator to None, run_after=None
[2024-04-01T23:16:38.335+0000] {processor.py:183} INFO - Processing /home/airflow/.local/lib/python3.8/site-packages/airflow/example_dags/example_sensor_decorator.py took 0.074 seconds
[2024-04-01T23:17:08.742+0000] {processor.py:161} INFO - Started process (PID=10104) to work on /home/airflow/.local/lib/python3.8/site-packages/airflow/example_dags/example_sensor_decorator.py
[2024-04-01T23:17:08.743+0000] {processor.py:830} INFO - Processing file /home/airflow/.local/lib/python3.8/site-packages/airflow/example_dags/example_sensor_decorator.py for tasks to queue
[2024-04-01T23:17:08.744+0000] {logging_mixin.py:188} INFO - [2024-04-01T23:17:08.744+0000] {dagbag.py:540} INFO - Filling up the DagBag from /home/airflow/.local/lib/python3.8/site-packages/airflow/example_dags/example_sensor_decorator.py
[2024-04-01T23:17:08.749+0000] {processor.py:840} INFO - DAG(s) 'example_sensor_decorator' retrieved from /home/airflow/.local/lib/python3.8/site-packages/airflow/example_dags/example_sensor_decorator.py
[2024-04-01T23:17:08.769+0000] {logging_mixin.py:188} INFO - [2024-04-01T23:17:08.769+0000] {dag.py:3047} INFO - Sync 1 DAGs
[2024-04-01T23:17:08.781+0000] {logging_mixin.py:188} INFO - [2024-04-01T23:17:08.781+0000] {dag.py:3834} INFO - Setting next_dagrun for example_sensor_decorator to None, run_after=None
[2024-04-01T23:17:08.817+0000] {processor.py:183} INFO - Processing /home/airflow/.local/lib/python3.8/site-packages/airflow/example_dags/example_sensor_decorator.py took 0.078 seconds
[2024-04-01T23:17:39.310+0000] {processor.py:161} INFO - Started process (PID=10349) to work on /home/airflow/.local/lib/python3.8/site-packages/airflow/example_dags/example_sensor_decorator.py
[2024-04-01T23:17:39.311+0000] {processor.py:830} INFO - Processing file /home/airflow/.local/lib/python3.8/site-packages/airflow/example_dags/example_sensor_decorator.py for tasks to queue
[2024-04-01T23:17:39.312+0000] {logging_mixin.py:188} INFO - [2024-04-01T23:17:39.312+0000] {dagbag.py:540} INFO - Filling up the DagBag from /home/airflow/.local/lib/python3.8/site-packages/airflow/example_dags/example_sensor_decorator.py
[2024-04-01T23:17:39.318+0000] {processor.py:840} INFO - DAG(s) 'example_sensor_decorator' retrieved from /home/airflow/.local/lib/python3.8/site-packages/airflow/example_dags/example_sensor_decorator.py
[2024-04-01T23:17:39.340+0000] {logging_mixin.py:188} INFO - [2024-04-01T23:17:39.339+0000] {dag.py:3047} INFO - Sync 1 DAGs
[2024-04-01T23:17:39.352+0000] {logging_mixin.py:188} INFO - [2024-04-01T23:17:39.351+0000] {dag.py:3834} INFO - Setting next_dagrun for example_sensor_decorator to None, run_after=None
[2024-04-01T23:17:39.386+0000] {processor.py:183} INFO - Processing /home/airflow/.local/lib/python3.8/site-packages/airflow/example_dags/example_sensor_decorator.py took 0.079 seconds
[2024-04-01T23:18:09.594+0000] {processor.py:161} INFO - Started process (PID=10596) to work on /home/airflow/.local/lib/python3.8/site-packages/airflow/example_dags/example_sensor_decorator.py
[2024-04-01T23:18:09.595+0000] {processor.py:830} INFO - Processing file /home/airflow/.local/lib/python3.8/site-packages/airflow/example_dags/example_sensor_decorator.py for tasks to queue
[2024-04-01T23:18:09.596+0000] {logging_mixin.py:188} INFO - [2024-04-01T23:18:09.596+0000] {dagbag.py:540} INFO - Filling up the DagBag from /home/airflow/.local/lib/python3.8/site-packages/airflow/example_dags/example_sensor_decorator.py
[2024-04-01T23:18:09.601+0000] {processor.py:840} INFO - DAG(s) 'example_sensor_decorator' retrieved from /home/airflow/.local/lib/python3.8/site-packages/airflow/example_dags/example_sensor_decorator.py
[2024-04-01T23:18:09.622+0000] {logging_mixin.py:188} INFO - [2024-04-01T23:18:09.622+0000] {dag.py:3047} INFO - Sync 1 DAGs
[2024-04-01T23:18:09.635+0000] {logging_mixin.py:188} INFO - [2024-04-01T23:18:09.634+0000] {dag.py:3834} INFO - Setting next_dagrun for example_sensor_decorator to None, run_after=None
[2024-04-01T23:18:09.666+0000] {processor.py:183} INFO - Processing /home/airflow/.local/lib/python3.8/site-packages/airflow/example_dags/example_sensor_decorator.py took 0.075 seconds
[2024-04-01T23:18:40.209+0000] {processor.py:161} INFO - Started process (PID=10843) to work on /home/airflow/.local/lib/python3.8/site-packages/airflow/example_dags/example_sensor_decorator.py
[2024-04-01T23:18:40.210+0000] {processor.py:830} INFO - Processing file /home/airflow/.local/lib/python3.8/site-packages/airflow/example_dags/example_sensor_decorator.py for tasks to queue
[2024-04-01T23:18:40.211+0000] {logging_mixin.py:188} INFO - [2024-04-01T23:18:40.211+0000] {dagbag.py:540} INFO - Filling up the DagBag from /home/airflow/.local/lib/python3.8/site-packages/airflow/example_dags/example_sensor_decorator.py
[2024-04-01T23:18:40.217+0000] {processor.py:840} INFO - DAG(s) 'example_sensor_decorator' retrieved from /home/airflow/.local/lib/python3.8/site-packages/airflow/example_dags/example_sensor_decorator.py
[2024-04-01T23:18:40.240+0000] {logging_mixin.py:188} INFO - [2024-04-01T23:18:40.240+0000] {dag.py:3047} INFO - Sync 1 DAGs
[2024-04-01T23:18:40.253+0000] {logging_mixin.py:188} INFO - [2024-04-01T23:18:40.253+0000] {dag.py:3834} INFO - Setting next_dagrun for example_sensor_decorator to None, run_after=None
[2024-04-01T23:18:40.288+0000] {processor.py:183} INFO - Processing /home/airflow/.local/lib/python3.8/site-packages/airflow/example_dags/example_sensor_decorator.py took 0.082 seconds
[2024-04-01T23:19:10.686+0000] {processor.py:161} INFO - Started process (PID=11091) to work on /home/airflow/.local/lib/python3.8/site-packages/airflow/example_dags/example_sensor_decorator.py
[2024-04-01T23:19:10.687+0000] {processor.py:830} INFO - Processing file /home/airflow/.local/lib/python3.8/site-packages/airflow/example_dags/example_sensor_decorator.py for tasks to queue
[2024-04-01T23:19:10.688+0000] {logging_mixin.py:188} INFO - [2024-04-01T23:19:10.688+0000] {dagbag.py:540} INFO - Filling up the DagBag from /home/airflow/.local/lib/python3.8/site-packages/airflow/example_dags/example_sensor_decorator.py
[2024-04-01T23:19:10.694+0000] {processor.py:840} INFO - DAG(s) 'example_sensor_decorator' retrieved from /home/airflow/.local/lib/python3.8/site-packages/airflow/example_dags/example_sensor_decorator.py
[2024-04-01T23:19:10.715+0000] {logging_mixin.py:188} INFO - [2024-04-01T23:19:10.715+0000] {dag.py:3047} INFO - Sync 1 DAGs
[2024-04-01T23:19:10.727+0000] {logging_mixin.py:188} INFO - [2024-04-01T23:19:10.727+0000] {dag.py:3834} INFO - Setting next_dagrun for example_sensor_decorator to None, run_after=None
[2024-04-01T23:19:10.749+0000] {processor.py:183} INFO - Processing /home/airflow/.local/lib/python3.8/site-packages/airflow/example_dags/example_sensor_decorator.py took 0.066 seconds
[2024-04-01T23:19:41.390+0000] {processor.py:161} INFO - Started process (PID=11337) to work on /home/airflow/.local/lib/python3.8/site-packages/airflow/example_dags/example_sensor_decorator.py
[2024-04-01T23:19:41.391+0000] {processor.py:830} INFO - Processing file /home/airflow/.local/lib/python3.8/site-packages/airflow/example_dags/example_sensor_decorator.py for tasks to queue
[2024-04-01T23:19:41.392+0000] {logging_mixin.py:188} INFO - [2024-04-01T23:19:41.392+0000] {dagbag.py:540} INFO - Filling up the DagBag from /home/airflow/.local/lib/python3.8/site-packages/airflow/example_dags/example_sensor_decorator.py
[2024-04-01T23:19:41.400+0000] {processor.py:840} INFO - DAG(s) 'example_sensor_decorator' retrieved from /home/airflow/.local/lib/python3.8/site-packages/airflow/example_dags/example_sensor_decorator.py
[2024-04-01T23:19:41.422+0000] {logging_mixin.py:188} INFO - [2024-04-01T23:19:41.421+0000] {dag.py:3047} INFO - Sync 1 DAGs
[2024-04-01T23:19:41.436+0000] {logging_mixin.py:188} INFO - [2024-04-01T23:19:41.435+0000] {dag.py:3834} INFO - Setting next_dagrun for example_sensor_decorator to None, run_after=None
[2024-04-01T23:19:41.473+0000] {processor.py:183} INFO - Processing /home/airflow/.local/lib/python3.8/site-packages/airflow/example_dags/example_sensor_decorator.py took 0.086 seconds
[2024-04-01T23:20:12.421+0000] {processor.py:161} INFO - Started process (PID=11584) to work on /home/airflow/.local/lib/python3.8/site-packages/airflow/example_dags/example_sensor_decorator.py
[2024-04-01T23:20:12.422+0000] {processor.py:830} INFO - Processing file /home/airflow/.local/lib/python3.8/site-packages/airflow/example_dags/example_sensor_decorator.py for tasks to queue
[2024-04-01T23:20:12.423+0000] {logging_mixin.py:188} INFO - [2024-04-01T23:20:12.423+0000] {dagbag.py:540} INFO - Filling up the DagBag from /home/airflow/.local/lib/python3.8/site-packages/airflow/example_dags/example_sensor_decorator.py
[2024-04-01T23:20:12.429+0000] {processor.py:840} INFO - DAG(s) 'example_sensor_decorator' retrieved from /home/airflow/.local/lib/python3.8/site-packages/airflow/example_dags/example_sensor_decorator.py
[2024-04-01T23:20:12.449+0000] {logging_mixin.py:188} INFO - [2024-04-01T23:20:12.449+0000] {dag.py:3047} INFO - Sync 1 DAGs
[2024-04-01T23:20:12.462+0000] {logging_mixin.py:188} INFO - [2024-04-01T23:20:12.461+0000] {dag.py:3834} INFO - Setting next_dagrun for example_sensor_decorator to None, run_after=None
[2024-04-01T23:20:12.497+0000] {processor.py:183} INFO - Processing /home/airflow/.local/lib/python3.8/site-packages/airflow/example_dags/example_sensor_decorator.py took 0.079 seconds
[2024-04-01T23:20:42.653+0000] {processor.py:161} INFO - Started process (PID=11831) to work on /home/airflow/.local/lib/python3.8/site-packages/airflow/example_dags/example_sensor_decorator.py
[2024-04-01T23:20:42.654+0000] {processor.py:830} INFO - Processing file /home/airflow/.local/lib/python3.8/site-packages/airflow/example_dags/example_sensor_decorator.py for tasks to queue
[2024-04-01T23:20:42.655+0000] {logging_mixin.py:188} INFO - [2024-04-01T23:20:42.655+0000] {dagbag.py:540} INFO - Filling up the DagBag from /home/airflow/.local/lib/python3.8/site-packages/airflow/example_dags/example_sensor_decorator.py
[2024-04-01T23:20:42.661+0000] {processor.py:840} INFO - DAG(s) 'example_sensor_decorator' retrieved from /home/airflow/.local/lib/python3.8/site-packages/airflow/example_dags/example_sensor_decorator.py
[2024-04-01T23:20:42.682+0000] {logging_mixin.py:188} INFO - [2024-04-01T23:20:42.681+0000] {dag.py:3047} INFO - Sync 1 DAGs
[2024-04-01T23:20:42.694+0000] {logging_mixin.py:188} INFO - [2024-04-01T23:20:42.694+0000] {dag.py:3834} INFO - Setting next_dagrun for example_sensor_decorator to None, run_after=None
[2024-04-01T23:20:42.731+0000] {processor.py:183} INFO - Processing /home/airflow/.local/lib/python3.8/site-packages/airflow/example_dags/example_sensor_decorator.py took 0.081 seconds
