[2024-04-01T22:56:53.022+0000] {processor.py:161} INFO - Started process (PID=357) to work on /home/airflow/.local/lib/python3.8/site-packages/airflow/example_dags/example_trigger_controller_dag.py
[2024-04-01T22:56:53.024+0000] {processor.py:830} INFO - Processing file /home/airflow/.local/lib/python3.8/site-packages/airflow/example_dags/example_trigger_controller_dag.py for tasks to queue
[2024-04-01T22:56:53.025+0000] {logging_mixin.py:188} INFO - [2024-04-01T22:56:53.025+0000] {dagbag.py:540} INFO - Filling up the DagBag from /home/airflow/.local/lib/python3.8/site-packages/airflow/example_dags/example_trigger_controller_dag.py
[2024-04-01T22:56:53.034+0000] {processor.py:840} INFO - DAG(s) 'example_trigger_controller_dag' retrieved from /home/airflow/.local/lib/python3.8/site-packages/airflow/example_dags/example_trigger_controller_dag.py
[2024-04-01T22:56:53.053+0000] {logging_mixin.py:188} INFO - [2024-04-01T22:56:53.052+0000] {dag.py:3047} INFO - Sync 1 DAGs
[2024-04-01T22:56:53.112+0000] {logging_mixin.py:188} INFO - [2024-04-01T22:56:53.112+0000] {dag.py:3834} INFO - Setting next_dagrun for example_trigger_controller_dag to 2021-01-01 00:00:00+00:00, run_after=2021-01-01 00:00:00+00:00
[2024-04-01T22:56:53.152+0000] {processor.py:183} INFO - Processing /home/airflow/.local/lib/python3.8/site-packages/airflow/example_dags/example_trigger_controller_dag.py took 0.135 seconds
[2024-04-01T22:57:26.127+0000] {processor.py:161} INFO - Started process (PID=606) to work on /home/airflow/.local/lib/python3.8/site-packages/airflow/example_dags/example_trigger_controller_dag.py
[2024-04-01T22:57:26.128+0000] {processor.py:830} INFO - Processing file /home/airflow/.local/lib/python3.8/site-packages/airflow/example_dags/example_trigger_controller_dag.py for tasks to queue
[2024-04-01T22:57:26.129+0000] {logging_mixin.py:188} INFO - [2024-04-01T22:57:26.129+0000] {dagbag.py:540} INFO - Filling up the DagBag from /home/airflow/.local/lib/python3.8/site-packages/airflow/example_dags/example_trigger_controller_dag.py
[2024-04-01T22:57:26.134+0000] {processor.py:840} INFO - DAG(s) 'example_trigger_controller_dag' retrieved from /home/airflow/.local/lib/python3.8/site-packages/airflow/example_dags/example_trigger_controller_dag.py
[2024-04-01T22:57:26.243+0000] {logging_mixin.py:188} INFO - [2024-04-01T22:57:26.243+0000] {dag.py:3047} INFO - Sync 1 DAGs
[2024-04-01T22:57:26.267+0000] {logging_mixin.py:188} INFO - [2024-04-01T22:57:26.266+0000] {dag.py:3834} INFO - Setting next_dagrun for example_trigger_controller_dag to 2021-01-01 00:00:00+00:00, run_after=2021-01-01 00:00:00+00:00
[2024-04-01T22:57:26.293+0000] {processor.py:183} INFO - Processing /home/airflow/.local/lib/python3.8/site-packages/airflow/example_dags/example_trigger_controller_dag.py took 0.169 seconds
[2024-04-01T22:57:56.959+0000] {processor.py:161} INFO - Started process (PID=851) to work on /home/airflow/.local/lib/python3.8/site-packages/airflow/example_dags/example_trigger_controller_dag.py
[2024-04-01T22:57:56.960+0000] {processor.py:830} INFO - Processing file /home/airflow/.local/lib/python3.8/site-packages/airflow/example_dags/example_trigger_controller_dag.py for tasks to queue
[2024-04-01T22:57:56.961+0000] {logging_mixin.py:188} INFO - [2024-04-01T22:57:56.960+0000] {dagbag.py:540} INFO - Filling up the DagBag from /home/airflow/.local/lib/python3.8/site-packages/airflow/example_dags/example_trigger_controller_dag.py
[2024-04-01T22:57:56.965+0000] {processor.py:840} INFO - DAG(s) 'example_trigger_controller_dag' retrieved from /home/airflow/.local/lib/python3.8/site-packages/airflow/example_dags/example_trigger_controller_dag.py
[2024-04-01T22:57:56.987+0000] {logging_mixin.py:188} INFO - [2024-04-01T22:57:56.986+0000] {dag.py:3047} INFO - Sync 1 DAGs
[2024-04-01T22:57:57.010+0000] {logging_mixin.py:188} INFO - [2024-04-01T22:57:57.009+0000] {dag.py:3834} INFO - Setting next_dagrun for example_trigger_controller_dag to 2021-01-01 00:00:00+00:00, run_after=2021-01-01 00:00:00+00:00
[2024-04-01T22:57:57.044+0000] {processor.py:183} INFO - Processing /home/airflow/.local/lib/python3.8/site-packages/airflow/example_dags/example_trigger_controller_dag.py took 0.088 seconds
[2024-04-01T22:58:27.387+0000] {processor.py:161} INFO - Started process (PID=1098) to work on /home/airflow/.local/lib/python3.8/site-packages/airflow/example_dags/example_trigger_controller_dag.py
[2024-04-01T22:58:27.388+0000] {processor.py:830} INFO - Processing file /home/airflow/.local/lib/python3.8/site-packages/airflow/example_dags/example_trigger_controller_dag.py for tasks to queue
[2024-04-01T22:58:27.389+0000] {logging_mixin.py:188} INFO - [2024-04-01T22:58:27.389+0000] {dagbag.py:540} INFO - Filling up the DagBag from /home/airflow/.local/lib/python3.8/site-packages/airflow/example_dags/example_trigger_controller_dag.py
[2024-04-01T22:58:27.393+0000] {processor.py:840} INFO - DAG(s) 'example_trigger_controller_dag' retrieved from /home/airflow/.local/lib/python3.8/site-packages/airflow/example_dags/example_trigger_controller_dag.py
[2024-04-01T22:58:27.415+0000] {logging_mixin.py:188} INFO - [2024-04-01T22:58:27.415+0000] {dag.py:3047} INFO - Sync 1 DAGs
[2024-04-01T22:58:27.448+0000] {logging_mixin.py:188} INFO - [2024-04-01T22:58:27.447+0000] {dag.py:3834} INFO - Setting next_dagrun for example_trigger_controller_dag to 2021-01-01 00:00:00+00:00, run_after=2021-01-01 00:00:00+00:00
[2024-04-01T22:58:27.491+0000] {processor.py:183} INFO - Processing /home/airflow/.local/lib/python3.8/site-packages/airflow/example_dags/example_trigger_controller_dag.py took 0.107 seconds
[2024-04-01T22:58:57.802+0000] {processor.py:161} INFO - Started process (PID=1345) to work on /home/airflow/.local/lib/python3.8/site-packages/airflow/example_dags/example_trigger_controller_dag.py
[2024-04-01T22:58:57.803+0000] {processor.py:830} INFO - Processing file /home/airflow/.local/lib/python3.8/site-packages/airflow/example_dags/example_trigger_controller_dag.py for tasks to queue
[2024-04-01T22:58:57.804+0000] {logging_mixin.py:188} INFO - [2024-04-01T22:58:57.804+0000] {dagbag.py:540} INFO - Filling up the DagBag from /home/airflow/.local/lib/python3.8/site-packages/airflow/example_dags/example_trigger_controller_dag.py
[2024-04-01T22:58:57.809+0000] {processor.py:840} INFO - DAG(s) 'example_trigger_controller_dag' retrieved from /home/airflow/.local/lib/python3.8/site-packages/airflow/example_dags/example_trigger_controller_dag.py
[2024-04-01T22:58:57.832+0000] {logging_mixin.py:188} INFO - [2024-04-01T22:58:57.832+0000] {dag.py:3047} INFO - Sync 1 DAGs
[2024-04-01T22:58:57.857+0000] {logging_mixin.py:188} INFO - [2024-04-01T22:58:57.856+0000] {dag.py:3834} INFO - Setting next_dagrun for example_trigger_controller_dag to 2021-01-01 00:00:00+00:00, run_after=2021-01-01 00:00:00+00:00
[2024-04-01T22:58:57.883+0000] {processor.py:183} INFO - Processing /home/airflow/.local/lib/python3.8/site-packages/airflow/example_dags/example_trigger_controller_dag.py took 0.084 seconds
[2024-04-01T22:59:28.492+0000] {processor.py:161} INFO - Started process (PID=1592) to work on /home/airflow/.local/lib/python3.8/site-packages/airflow/example_dags/example_trigger_controller_dag.py
[2024-04-01T22:59:28.493+0000] {processor.py:830} INFO - Processing file /home/airflow/.local/lib/python3.8/site-packages/airflow/example_dags/example_trigger_controller_dag.py for tasks to queue
[2024-04-01T22:59:28.494+0000] {logging_mixin.py:188} INFO - [2024-04-01T22:59:28.493+0000] {dagbag.py:540} INFO - Filling up the DagBag from /home/airflow/.local/lib/python3.8/site-packages/airflow/example_dags/example_trigger_controller_dag.py
[2024-04-01T22:59:28.500+0000] {processor.py:840} INFO - DAG(s) 'example_trigger_controller_dag' retrieved from /home/airflow/.local/lib/python3.8/site-packages/airflow/example_dags/example_trigger_controller_dag.py
[2024-04-01T22:59:28.526+0000] {logging_mixin.py:188} INFO - [2024-04-01T22:59:28.526+0000] {dag.py:3047} INFO - Sync 1 DAGs
[2024-04-01T22:59:28.556+0000] {logging_mixin.py:188} INFO - [2024-04-01T22:59:28.556+0000] {dag.py:3834} INFO - Setting next_dagrun for example_trigger_controller_dag to 2021-01-01 00:00:00+00:00, run_after=2021-01-01 00:00:00+00:00
[2024-04-01T22:59:28.586+0000] {processor.py:183} INFO - Processing /home/airflow/.local/lib/python3.8/site-packages/airflow/example_dags/example_trigger_controller_dag.py took 0.097 seconds
[2024-04-01T22:59:59.469+0000] {processor.py:161} INFO - Started process (PID=1863) to work on /home/airflow/.local/lib/python3.8/site-packages/airflow/example_dags/example_trigger_controller_dag.py
[2024-04-01T22:59:59.470+0000] {processor.py:830} INFO - Processing file /home/airflow/.local/lib/python3.8/site-packages/airflow/example_dags/example_trigger_controller_dag.py for tasks to queue
[2024-04-01T22:59:59.471+0000] {logging_mixin.py:188} INFO - [2024-04-01T22:59:59.471+0000] {dagbag.py:540} INFO - Filling up the DagBag from /home/airflow/.local/lib/python3.8/site-packages/airflow/example_dags/example_trigger_controller_dag.py
[2024-04-01T22:59:59.476+0000] {processor.py:840} INFO - DAG(s) 'example_trigger_controller_dag' retrieved from /home/airflow/.local/lib/python3.8/site-packages/airflow/example_dags/example_trigger_controller_dag.py
[2024-04-01T22:59:59.495+0000] {logging_mixin.py:188} INFO - [2024-04-01T22:59:59.495+0000] {dag.py:3047} INFO - Sync 1 DAGs
[2024-04-01T22:59:59.522+0000] {logging_mixin.py:188} INFO - [2024-04-01T22:59:59.522+0000] {dag.py:3834} INFO - Setting next_dagrun for example_trigger_controller_dag to 2021-01-01 00:00:00+00:00, run_after=2021-01-01 00:00:00+00:00
[2024-04-01T22:59:59.549+0000] {processor.py:183} INFO - Processing /home/airflow/.local/lib/python3.8/site-packages/airflow/example_dags/example_trigger_controller_dag.py took 0.082 seconds
[2024-04-01T23:00:29.723+0000] {processor.py:161} INFO - Started process (PID=2111) to work on /home/airflow/.local/lib/python3.8/site-packages/airflow/example_dags/example_trigger_controller_dag.py
[2024-04-01T23:00:29.724+0000] {processor.py:830} INFO - Processing file /home/airflow/.local/lib/python3.8/site-packages/airflow/example_dags/example_trigger_controller_dag.py for tasks to queue
[2024-04-01T23:00:29.726+0000] {logging_mixin.py:188} INFO - [2024-04-01T23:00:29.725+0000] {dagbag.py:540} INFO - Filling up the DagBag from /home/airflow/.local/lib/python3.8/site-packages/airflow/example_dags/example_trigger_controller_dag.py
[2024-04-01T23:00:29.730+0000] {processor.py:840} INFO - DAG(s) 'example_trigger_controller_dag' retrieved from /home/airflow/.local/lib/python3.8/site-packages/airflow/example_dags/example_trigger_controller_dag.py
[2024-04-01T23:00:29.750+0000] {logging_mixin.py:188} INFO - [2024-04-01T23:00:29.750+0000] {dag.py:3047} INFO - Sync 1 DAGs
[2024-04-01T23:00:29.773+0000] {logging_mixin.py:188} INFO - [2024-04-01T23:00:29.773+0000] {dag.py:3834} INFO - Setting next_dagrun for example_trigger_controller_dag to 2021-01-01 00:00:00+00:00, run_after=2021-01-01 00:00:00+00:00
[2024-04-01T23:00:29.801+0000] {processor.py:183} INFO - Processing /home/airflow/.local/lib/python3.8/site-packages/airflow/example_dags/example_trigger_controller_dag.py took 0.080 seconds
[2024-04-01T23:01:00.585+0000] {processor.py:161} INFO - Started process (PID=2358) to work on /home/airflow/.local/lib/python3.8/site-packages/airflow/example_dags/example_trigger_controller_dag.py
[2024-04-01T23:01:00.586+0000] {processor.py:830} INFO - Processing file /home/airflow/.local/lib/python3.8/site-packages/airflow/example_dags/example_trigger_controller_dag.py for tasks to queue
[2024-04-01T23:01:00.587+0000] {logging_mixin.py:188} INFO - [2024-04-01T23:01:00.587+0000] {dagbag.py:540} INFO - Filling up the DagBag from /home/airflow/.local/lib/python3.8/site-packages/airflow/example_dags/example_trigger_controller_dag.py
[2024-04-01T23:01:00.591+0000] {processor.py:840} INFO - DAG(s) 'example_trigger_controller_dag' retrieved from /home/airflow/.local/lib/python3.8/site-packages/airflow/example_dags/example_trigger_controller_dag.py
[2024-04-01T23:01:00.615+0000] {logging_mixin.py:188} INFO - [2024-04-01T23:01:00.615+0000] {dag.py:3047} INFO - Sync 1 DAGs
[2024-04-01T23:01:00.638+0000] {logging_mixin.py:188} INFO - [2024-04-01T23:01:00.638+0000] {dag.py:3834} INFO - Setting next_dagrun for example_trigger_controller_dag to 2021-01-01 00:00:00+00:00, run_after=2021-01-01 00:00:00+00:00
[2024-04-01T23:01:00.674+0000] {processor.py:183} INFO - Processing /home/airflow/.local/lib/python3.8/site-packages/airflow/example_dags/example_trigger_controller_dag.py took 0.092 seconds
[2024-04-01T23:01:30.905+0000] {processor.py:161} INFO - Started process (PID=2605) to work on /home/airflow/.local/lib/python3.8/site-packages/airflow/example_dags/example_trigger_controller_dag.py
[2024-04-01T23:01:30.906+0000] {processor.py:830} INFO - Processing file /home/airflow/.local/lib/python3.8/site-packages/airflow/example_dags/example_trigger_controller_dag.py for tasks to queue
[2024-04-01T23:01:30.906+0000] {logging_mixin.py:188} INFO - [2024-04-01T23:01:30.906+0000] {dagbag.py:540} INFO - Filling up the DagBag from /home/airflow/.local/lib/python3.8/site-packages/airflow/example_dags/example_trigger_controller_dag.py
[2024-04-01T23:01:30.911+0000] {processor.py:840} INFO - DAG(s) 'example_trigger_controller_dag' retrieved from /home/airflow/.local/lib/python3.8/site-packages/airflow/example_dags/example_trigger_controller_dag.py
[2024-04-01T23:01:30.932+0000] {logging_mixin.py:188} INFO - [2024-04-01T23:01:30.931+0000] {dag.py:3047} INFO - Sync 1 DAGs
[2024-04-01T23:01:30.954+0000] {logging_mixin.py:188} INFO - [2024-04-01T23:01:30.954+0000] {dag.py:3834} INFO - Setting next_dagrun for example_trigger_controller_dag to 2021-01-01 00:00:00+00:00, run_after=2021-01-01 00:00:00+00:00
[2024-04-01T23:01:30.991+0000] {processor.py:183} INFO - Processing /home/airflow/.local/lib/python3.8/site-packages/airflow/example_dags/example_trigger_controller_dag.py took 0.089 seconds
[2024-04-01T23:02:01.515+0000] {processor.py:161} INFO - Started process (PID=2852) to work on /home/airflow/.local/lib/python3.8/site-packages/airflow/example_dags/example_trigger_controller_dag.py
[2024-04-01T23:02:01.516+0000] {processor.py:830} INFO - Processing file /home/airflow/.local/lib/python3.8/site-packages/airflow/example_dags/example_trigger_controller_dag.py for tasks to queue
[2024-04-01T23:02:01.517+0000] {logging_mixin.py:188} INFO - [2024-04-01T23:02:01.516+0000] {dagbag.py:540} INFO - Filling up the DagBag from /home/airflow/.local/lib/python3.8/site-packages/airflow/example_dags/example_trigger_controller_dag.py
[2024-04-01T23:02:01.521+0000] {processor.py:840} INFO - DAG(s) 'example_trigger_controller_dag' retrieved from /home/airflow/.local/lib/python3.8/site-packages/airflow/example_dags/example_trigger_controller_dag.py
[2024-04-01T23:02:01.542+0000] {logging_mixin.py:188} INFO - [2024-04-01T23:02:01.542+0000] {dag.py:3047} INFO - Sync 1 DAGs
[2024-04-01T23:02:01.565+0000] {logging_mixin.py:188} INFO - [2024-04-01T23:02:01.565+0000] {dag.py:3834} INFO - Setting next_dagrun for example_trigger_controller_dag to 2021-01-01 00:00:00+00:00, run_after=2021-01-01 00:00:00+00:00
[2024-04-01T23:02:01.588+0000] {processor.py:183} INFO - Processing /home/airflow/.local/lib/python3.8/site-packages/airflow/example_dags/example_trigger_controller_dag.py took 0.077 seconds
[2024-04-01T23:02:31.928+0000] {processor.py:161} INFO - Started process (PID=3101) to work on /home/airflow/.local/lib/python3.8/site-packages/airflow/example_dags/example_trigger_controller_dag.py
[2024-04-01T23:02:31.929+0000] {processor.py:830} INFO - Processing file /home/airflow/.local/lib/python3.8/site-packages/airflow/example_dags/example_trigger_controller_dag.py for tasks to queue
[2024-04-01T23:02:31.930+0000] {logging_mixin.py:188} INFO - [2024-04-01T23:02:31.930+0000] {dagbag.py:540} INFO - Filling up the DagBag from /home/airflow/.local/lib/python3.8/site-packages/airflow/example_dags/example_trigger_controller_dag.py
[2024-04-01T23:02:31.934+0000] {processor.py:840} INFO - DAG(s) 'example_trigger_controller_dag' retrieved from /home/airflow/.local/lib/python3.8/site-packages/airflow/example_dags/example_trigger_controller_dag.py
[2024-04-01T23:02:31.957+0000] {logging_mixin.py:188} INFO - [2024-04-01T23:02:31.956+0000] {dag.py:3047} INFO - Sync 1 DAGs
[2024-04-01T23:02:31.984+0000] {logging_mixin.py:188} INFO - [2024-04-01T23:02:31.984+0000] {dag.py:3834} INFO - Setting next_dagrun for example_trigger_controller_dag to 2021-01-01 00:00:00+00:00, run_after=2021-01-01 00:00:00+00:00
[2024-04-01T23:02:32.016+0000] {processor.py:183} INFO - Processing /home/airflow/.local/lib/python3.8/site-packages/airflow/example_dags/example_trigger_controller_dag.py took 0.090 seconds
[2024-04-01T23:03:02.428+0000] {processor.py:161} INFO - Started process (PID=3346) to work on /home/airflow/.local/lib/python3.8/site-packages/airflow/example_dags/example_trigger_controller_dag.py
[2024-04-01T23:03:02.429+0000] {processor.py:830} INFO - Processing file /home/airflow/.local/lib/python3.8/site-packages/airflow/example_dags/example_trigger_controller_dag.py for tasks to queue
[2024-04-01T23:03:02.430+0000] {logging_mixin.py:188} INFO - [2024-04-01T23:03:02.429+0000] {dagbag.py:540} INFO - Filling up the DagBag from /home/airflow/.local/lib/python3.8/site-packages/airflow/example_dags/example_trigger_controller_dag.py
[2024-04-01T23:03:02.434+0000] {processor.py:840} INFO - DAG(s) 'example_trigger_controller_dag' retrieved from /home/airflow/.local/lib/python3.8/site-packages/airflow/example_dags/example_trigger_controller_dag.py
[2024-04-01T23:03:02.452+0000] {logging_mixin.py:188} INFO - [2024-04-01T23:03:02.452+0000] {dag.py:3047} INFO - Sync 1 DAGs
[2024-04-01T23:03:02.474+0000] {logging_mixin.py:188} INFO - [2024-04-01T23:03:02.474+0000] {dag.py:3834} INFO - Setting next_dagrun for example_trigger_controller_dag to 2021-01-01 00:00:00+00:00, run_after=2021-01-01 00:00:00+00:00
[2024-04-01T23:03:02.497+0000] {processor.py:183} INFO - Processing /home/airflow/.local/lib/python3.8/site-packages/airflow/example_dags/example_trigger_controller_dag.py took 0.072 seconds
[2024-04-01T23:03:32.882+0000] {processor.py:161} INFO - Started process (PID=3593) to work on /home/airflow/.local/lib/python3.8/site-packages/airflow/example_dags/example_trigger_controller_dag.py
[2024-04-01T23:03:32.883+0000] {processor.py:830} INFO - Processing file /home/airflow/.local/lib/python3.8/site-packages/airflow/example_dags/example_trigger_controller_dag.py for tasks to queue
[2024-04-01T23:03:32.884+0000] {logging_mixin.py:188} INFO - [2024-04-01T23:03:32.884+0000] {dagbag.py:540} INFO - Filling up the DagBag from /home/airflow/.local/lib/python3.8/site-packages/airflow/example_dags/example_trigger_controller_dag.py
[2024-04-01T23:03:32.890+0000] {processor.py:840} INFO - DAG(s) 'example_trigger_controller_dag' retrieved from /home/airflow/.local/lib/python3.8/site-packages/airflow/example_dags/example_trigger_controller_dag.py
[2024-04-01T23:03:32.914+0000] {logging_mixin.py:188} INFO - [2024-04-01T23:03:32.914+0000] {dag.py:3047} INFO - Sync 1 DAGs
[2024-04-01T23:03:32.937+0000] {logging_mixin.py:188} INFO - [2024-04-01T23:03:32.937+0000] {dag.py:3834} INFO - Setting next_dagrun for example_trigger_controller_dag to 2021-01-01 00:00:00+00:00, run_after=2021-01-01 00:00:00+00:00
[2024-04-01T23:03:32.962+0000] {processor.py:183} INFO - Processing /home/airflow/.local/lib/python3.8/site-packages/airflow/example_dags/example_trigger_controller_dag.py took 0.085 seconds
[2024-04-01T23:04:03.636+0000] {processor.py:161} INFO - Started process (PID=3840) to work on /home/airflow/.local/lib/python3.8/site-packages/airflow/example_dags/example_trigger_controller_dag.py
[2024-04-01T23:04:03.637+0000] {processor.py:830} INFO - Processing file /home/airflow/.local/lib/python3.8/site-packages/airflow/example_dags/example_trigger_controller_dag.py for tasks to queue
[2024-04-01T23:04:03.638+0000] {logging_mixin.py:188} INFO - [2024-04-01T23:04:03.638+0000] {dagbag.py:540} INFO - Filling up the DagBag from /home/airflow/.local/lib/python3.8/site-packages/airflow/example_dags/example_trigger_controller_dag.py
[2024-04-01T23:04:03.642+0000] {processor.py:840} INFO - DAG(s) 'example_trigger_controller_dag' retrieved from /home/airflow/.local/lib/python3.8/site-packages/airflow/example_dags/example_trigger_controller_dag.py
[2024-04-01T23:04:03.664+0000] {logging_mixin.py:188} INFO - [2024-04-01T23:04:03.664+0000] {dag.py:3047} INFO - Sync 1 DAGs
[2024-04-01T23:04:03.686+0000] {logging_mixin.py:188} INFO - [2024-04-01T23:04:03.686+0000] {dag.py:3834} INFO - Setting next_dagrun for example_trigger_controller_dag to 2021-01-01 00:00:00+00:00, run_after=2021-01-01 00:00:00+00:00
[2024-04-01T23:04:03.707+0000] {processor.py:183} INFO - Processing /home/airflow/.local/lib/python3.8/site-packages/airflow/example_dags/example_trigger_controller_dag.py took 0.074 seconds
[2024-04-01T23:04:34.000+0000] {processor.py:161} INFO - Started process (PID=4087) to work on /home/airflow/.local/lib/python3.8/site-packages/airflow/example_dags/example_trigger_controller_dag.py
[2024-04-01T23:04:34.001+0000] {processor.py:830} INFO - Processing file /home/airflow/.local/lib/python3.8/site-packages/airflow/example_dags/example_trigger_controller_dag.py for tasks to queue
[2024-04-01T23:04:34.003+0000] {logging_mixin.py:188} INFO - [2024-04-01T23:04:34.002+0000] {dagbag.py:540} INFO - Filling up the DagBag from /home/airflow/.local/lib/python3.8/site-packages/airflow/example_dags/example_trigger_controller_dag.py
[2024-04-01T23:04:34.007+0000] {processor.py:840} INFO - DAG(s) 'example_trigger_controller_dag' retrieved from /home/airflow/.local/lib/python3.8/site-packages/airflow/example_dags/example_trigger_controller_dag.py
[2024-04-01T23:04:34.031+0000] {logging_mixin.py:188} INFO - [2024-04-01T23:04:34.031+0000] {dag.py:3047} INFO - Sync 1 DAGs
[2024-04-01T23:04:34.056+0000] {logging_mixin.py:188} INFO - [2024-04-01T23:04:34.055+0000] {dag.py:3834} INFO - Setting next_dagrun for example_trigger_controller_dag to 2021-01-01 00:00:00+00:00, run_after=2021-01-01 00:00:00+00:00
[2024-04-01T23:04:34.092+0000] {processor.py:183} INFO - Processing /home/airflow/.local/lib/python3.8/site-packages/airflow/example_dags/example_trigger_controller_dag.py took 0.095 seconds
[2024-04-01T23:05:05.132+0000] {processor.py:161} INFO - Started process (PID=4334) to work on /home/airflow/.local/lib/python3.8/site-packages/airflow/example_dags/example_trigger_controller_dag.py
[2024-04-01T23:05:05.134+0000] {processor.py:830} INFO - Processing file /home/airflow/.local/lib/python3.8/site-packages/airflow/example_dags/example_trigger_controller_dag.py for tasks to queue
[2024-04-01T23:05:05.136+0000] {logging_mixin.py:188} INFO - [2024-04-01T23:05:05.135+0000] {dagbag.py:540} INFO - Filling up the DagBag from /home/airflow/.local/lib/python3.8/site-packages/airflow/example_dags/example_trigger_controller_dag.py
[2024-04-01T23:05:05.145+0000] {processor.py:840} INFO - DAG(s) 'example_trigger_controller_dag' retrieved from /home/airflow/.local/lib/python3.8/site-packages/airflow/example_dags/example_trigger_controller_dag.py
[2024-04-01T23:05:05.183+0000] {logging_mixin.py:188} INFO - [2024-04-01T23:05:05.182+0000] {dag.py:3047} INFO - Sync 1 DAGs
[2024-04-01T23:05:05.225+0000] {logging_mixin.py:188} INFO - [2024-04-01T23:05:05.225+0000] {dag.py:3834} INFO - Setting next_dagrun for example_trigger_controller_dag to 2021-01-01 00:00:00+00:00, run_after=2021-01-01 00:00:00+00:00
[2024-04-01T23:05:05.265+0000] {processor.py:183} INFO - Processing /home/airflow/.local/lib/python3.8/site-packages/airflow/example_dags/example_trigger_controller_dag.py took 0.139 seconds
[2024-04-01T23:05:35.387+0000] {processor.py:161} INFO - Started process (PID=4582) to work on /home/airflow/.local/lib/python3.8/site-packages/airflow/example_dags/example_trigger_controller_dag.py
[2024-04-01T23:05:35.388+0000] {processor.py:830} INFO - Processing file /home/airflow/.local/lib/python3.8/site-packages/airflow/example_dags/example_trigger_controller_dag.py for tasks to queue
[2024-04-01T23:05:35.390+0000] {logging_mixin.py:188} INFO - [2024-04-01T23:05:35.389+0000] {dagbag.py:540} INFO - Filling up the DagBag from /home/airflow/.local/lib/python3.8/site-packages/airflow/example_dags/example_trigger_controller_dag.py
[2024-04-01T23:05:35.395+0000] {processor.py:840} INFO - DAG(s) 'example_trigger_controller_dag' retrieved from /home/airflow/.local/lib/python3.8/site-packages/airflow/example_dags/example_trigger_controller_dag.py
[2024-04-01T23:05:35.420+0000] {logging_mixin.py:188} INFO - [2024-04-01T23:05:35.420+0000] {dag.py:3047} INFO - Sync 1 DAGs
[2024-04-01T23:05:35.447+0000] {logging_mixin.py:188} INFO - [2024-04-01T23:05:35.447+0000] {dag.py:3834} INFO - Setting next_dagrun for example_trigger_controller_dag to 2021-01-01 00:00:00+00:00, run_after=2021-01-01 00:00:00+00:00
[2024-04-01T23:05:35.474+0000] {processor.py:183} INFO - Processing /home/airflow/.local/lib/python3.8/site-packages/airflow/example_dags/example_trigger_controller_dag.py took 0.090 seconds
[2024-04-01T23:06:06.001+0000] {processor.py:161} INFO - Started process (PID=4830) to work on /home/airflow/.local/lib/python3.8/site-packages/airflow/example_dags/example_trigger_controller_dag.py
[2024-04-01T23:06:06.003+0000] {processor.py:830} INFO - Processing file /home/airflow/.local/lib/python3.8/site-packages/airflow/example_dags/example_trigger_controller_dag.py for tasks to queue
[2024-04-01T23:06:06.005+0000] {logging_mixin.py:188} INFO - [2024-04-01T23:06:06.004+0000] {dagbag.py:540} INFO - Filling up the DagBag from /home/airflow/.local/lib/python3.8/site-packages/airflow/example_dags/example_trigger_controller_dag.py
[2024-04-01T23:06:06.010+0000] {processor.py:840} INFO - DAG(s) 'example_trigger_controller_dag' retrieved from /home/airflow/.local/lib/python3.8/site-packages/airflow/example_dags/example_trigger_controller_dag.py
[2024-04-01T23:06:06.034+0000] {logging_mixin.py:188} INFO - [2024-04-01T23:06:06.034+0000] {dag.py:3047} INFO - Sync 1 DAGs
[2024-04-01T23:06:06.063+0000] {logging_mixin.py:188} INFO - [2024-04-01T23:06:06.063+0000] {dag.py:3834} INFO - Setting next_dagrun for example_trigger_controller_dag to 2021-01-01 00:00:00+00:00, run_after=2021-01-01 00:00:00+00:00
[2024-04-01T23:06:06.089+0000] {processor.py:183} INFO - Processing /home/airflow/.local/lib/python3.8/site-packages/airflow/example_dags/example_trigger_controller_dag.py took 0.091 seconds
[2024-04-01T23:06:36.407+0000] {processor.py:161} INFO - Started process (PID=5076) to work on /home/airflow/.local/lib/python3.8/site-packages/airflow/example_dags/example_trigger_controller_dag.py
[2024-04-01T23:06:36.408+0000] {processor.py:830} INFO - Processing file /home/airflow/.local/lib/python3.8/site-packages/airflow/example_dags/example_trigger_controller_dag.py for tasks to queue
[2024-04-01T23:06:36.409+0000] {logging_mixin.py:188} INFO - [2024-04-01T23:06:36.409+0000] {dagbag.py:540} INFO - Filling up the DagBag from /home/airflow/.local/lib/python3.8/site-packages/airflow/example_dags/example_trigger_controller_dag.py
[2024-04-01T23:06:36.414+0000] {processor.py:840} INFO - DAG(s) 'example_trigger_controller_dag' retrieved from /home/airflow/.local/lib/python3.8/site-packages/airflow/example_dags/example_trigger_controller_dag.py
[2024-04-01T23:06:36.433+0000] {logging_mixin.py:188} INFO - [2024-04-01T23:06:36.433+0000] {dag.py:3047} INFO - Sync 1 DAGs
[2024-04-01T23:06:36.455+0000] {logging_mixin.py:188} INFO - [2024-04-01T23:06:36.455+0000] {dag.py:3834} INFO - Setting next_dagrun for example_trigger_controller_dag to 2021-01-01 00:00:00+00:00, run_after=2021-01-01 00:00:00+00:00
[2024-04-01T23:06:36.489+0000] {processor.py:183} INFO - Processing /home/airflow/.local/lib/python3.8/site-packages/airflow/example_dags/example_trigger_controller_dag.py took 0.085 seconds
[2024-04-01T23:07:06.965+0000] {processor.py:161} INFO - Started process (PID=5329) to work on /home/airflow/.local/lib/python3.8/site-packages/airflow/example_dags/example_trigger_controller_dag.py
[2024-04-01T23:07:06.967+0000] {processor.py:830} INFO - Processing file /home/airflow/.local/lib/python3.8/site-packages/airflow/example_dags/example_trigger_controller_dag.py for tasks to queue
[2024-04-01T23:07:06.968+0000] {logging_mixin.py:188} INFO - [2024-04-01T23:07:06.967+0000] {dagbag.py:540} INFO - Filling up the DagBag from /home/airflow/.local/lib/python3.8/site-packages/airflow/example_dags/example_trigger_controller_dag.py
[2024-04-01T23:07:06.973+0000] {processor.py:840} INFO - DAG(s) 'example_trigger_controller_dag' retrieved from /home/airflow/.local/lib/python3.8/site-packages/airflow/example_dags/example_trigger_controller_dag.py
[2024-04-01T23:07:06.995+0000] {logging_mixin.py:188} INFO - [2024-04-01T23:07:06.995+0000] {dag.py:3047} INFO - Sync 1 DAGs
[2024-04-01T23:07:07.023+0000] {logging_mixin.py:188} INFO - [2024-04-01T23:07:07.022+0000] {dag.py:3834} INFO - Setting next_dagrun for example_trigger_controller_dag to 2021-01-01 00:00:00+00:00, run_after=2021-01-01 00:00:00+00:00
[2024-04-01T23:07:07.046+0000] {processor.py:183} INFO - Processing /home/airflow/.local/lib/python3.8/site-packages/airflow/example_dags/example_trigger_controller_dag.py took 0.085 seconds
[2024-04-01T23:07:37.327+0000] {processor.py:161} INFO - Started process (PID=5576) to work on /home/airflow/.local/lib/python3.8/site-packages/airflow/example_dags/example_trigger_controller_dag.py
[2024-04-01T23:07:37.328+0000] {processor.py:830} INFO - Processing file /home/airflow/.local/lib/python3.8/site-packages/airflow/example_dags/example_trigger_controller_dag.py for tasks to queue
[2024-04-01T23:07:37.330+0000] {logging_mixin.py:188} INFO - [2024-04-01T23:07:37.329+0000] {dagbag.py:540} INFO - Filling up the DagBag from /home/airflow/.local/lib/python3.8/site-packages/airflow/example_dags/example_trigger_controller_dag.py
[2024-04-01T23:07:37.334+0000] {processor.py:840} INFO - DAG(s) 'example_trigger_controller_dag' retrieved from /home/airflow/.local/lib/python3.8/site-packages/airflow/example_dags/example_trigger_controller_dag.py
[2024-04-01T23:07:37.354+0000] {logging_mixin.py:188} INFO - [2024-04-01T23:07:37.354+0000] {dag.py:3047} INFO - Sync 1 DAGs
[2024-04-01T23:07:37.379+0000] {logging_mixin.py:188} INFO - [2024-04-01T23:07:37.379+0000] {dag.py:3834} INFO - Setting next_dagrun for example_trigger_controller_dag to 2021-01-01 00:00:00+00:00, run_after=2021-01-01 00:00:00+00:00
[2024-04-01T23:07:37.405+0000] {processor.py:183} INFO - Processing /home/airflow/.local/lib/python3.8/site-packages/airflow/example_dags/example_trigger_controller_dag.py took 0.081 seconds
[2024-04-01T23:08:07.629+0000] {processor.py:161} INFO - Started process (PID=5823) to work on /home/airflow/.local/lib/python3.8/site-packages/airflow/example_dags/example_trigger_controller_dag.py
[2024-04-01T23:08:07.630+0000] {processor.py:830} INFO - Processing file /home/airflow/.local/lib/python3.8/site-packages/airflow/example_dags/example_trigger_controller_dag.py for tasks to queue
[2024-04-01T23:08:07.631+0000] {logging_mixin.py:188} INFO - [2024-04-01T23:08:07.631+0000] {dagbag.py:540} INFO - Filling up the DagBag from /home/airflow/.local/lib/python3.8/site-packages/airflow/example_dags/example_trigger_controller_dag.py
[2024-04-01T23:08:07.635+0000] {processor.py:840} INFO - DAG(s) 'example_trigger_controller_dag' retrieved from /home/airflow/.local/lib/python3.8/site-packages/airflow/example_dags/example_trigger_controller_dag.py
[2024-04-01T23:08:07.659+0000] {logging_mixin.py:188} INFO - [2024-04-01T23:08:07.659+0000] {dag.py:3047} INFO - Sync 1 DAGs
[2024-04-01T23:08:07.682+0000] {logging_mixin.py:188} INFO - [2024-04-01T23:08:07.681+0000] {dag.py:3834} INFO - Setting next_dagrun for example_trigger_controller_dag to 2021-01-01 00:00:00+00:00, run_after=2021-01-01 00:00:00+00:00
[2024-04-01T23:08:07.717+0000] {processor.py:183} INFO - Processing /home/airflow/.local/lib/python3.8/site-packages/airflow/example_dags/example_trigger_controller_dag.py took 0.091 seconds
[2024-04-01T23:08:38.223+0000] {processor.py:161} INFO - Started process (PID=6072) to work on /home/airflow/.local/lib/python3.8/site-packages/airflow/example_dags/example_trigger_controller_dag.py
[2024-04-01T23:08:38.224+0000] {processor.py:830} INFO - Processing file /home/airflow/.local/lib/python3.8/site-packages/airflow/example_dags/example_trigger_controller_dag.py for tasks to queue
[2024-04-01T23:08:38.225+0000] {logging_mixin.py:188} INFO - [2024-04-01T23:08:38.225+0000] {dagbag.py:540} INFO - Filling up the DagBag from /home/airflow/.local/lib/python3.8/site-packages/airflow/example_dags/example_trigger_controller_dag.py
[2024-04-01T23:08:38.229+0000] {processor.py:840} INFO - DAG(s) 'example_trigger_controller_dag' retrieved from /home/airflow/.local/lib/python3.8/site-packages/airflow/example_dags/example_trigger_controller_dag.py
[2024-04-01T23:08:38.247+0000] {logging_mixin.py:188} INFO - [2024-04-01T23:08:38.247+0000] {dag.py:3047} INFO - Sync 1 DAGs
[2024-04-01T23:08:38.268+0000] {logging_mixin.py:188} INFO - [2024-04-01T23:08:38.268+0000] {dag.py:3834} INFO - Setting next_dagrun for example_trigger_controller_dag to 2021-01-01 00:00:00+00:00, run_after=2021-01-01 00:00:00+00:00
[2024-04-01T23:08:38.292+0000] {processor.py:183} INFO - Processing /home/airflow/.local/lib/python3.8/site-packages/airflow/example_dags/example_trigger_controller_dag.py took 0.071 seconds
[2024-04-01T23:09:08.664+0000] {processor.py:161} INFO - Started process (PID=6320) to work on /home/airflow/.local/lib/python3.8/site-packages/airflow/example_dags/example_trigger_controller_dag.py
[2024-04-01T23:09:08.665+0000] {processor.py:830} INFO - Processing file /home/airflow/.local/lib/python3.8/site-packages/airflow/example_dags/example_trigger_controller_dag.py for tasks to queue
[2024-04-01T23:09:08.666+0000] {logging_mixin.py:188} INFO - [2024-04-01T23:09:08.666+0000] {dagbag.py:540} INFO - Filling up the DagBag from /home/airflow/.local/lib/python3.8/site-packages/airflow/example_dags/example_trigger_controller_dag.py
[2024-04-01T23:09:08.670+0000] {processor.py:840} INFO - DAG(s) 'example_trigger_controller_dag' retrieved from /home/airflow/.local/lib/python3.8/site-packages/airflow/example_dags/example_trigger_controller_dag.py
[2024-04-01T23:09:08.689+0000] {logging_mixin.py:188} INFO - [2024-04-01T23:09:08.689+0000] {dag.py:3047} INFO - Sync 1 DAGs
[2024-04-01T23:09:08.712+0000] {logging_mixin.py:188} INFO - [2024-04-01T23:09:08.712+0000] {dag.py:3834} INFO - Setting next_dagrun for example_trigger_controller_dag to 2021-01-01 00:00:00+00:00, run_after=2021-01-01 00:00:00+00:00
[2024-04-01T23:09:08.747+0000] {processor.py:183} INFO - Processing /home/airflow/.local/lib/python3.8/site-packages/airflow/example_dags/example_trigger_controller_dag.py took 0.086 seconds
[2024-04-01T23:09:38.903+0000] {processor.py:161} INFO - Started process (PID=6565) to work on /home/airflow/.local/lib/python3.8/site-packages/airflow/example_dags/example_trigger_controller_dag.py
[2024-04-01T23:09:38.905+0000] {processor.py:830} INFO - Processing file /home/airflow/.local/lib/python3.8/site-packages/airflow/example_dags/example_trigger_controller_dag.py for tasks to queue
[2024-04-01T23:09:38.906+0000] {logging_mixin.py:188} INFO - [2024-04-01T23:09:38.905+0000] {dagbag.py:540} INFO - Filling up the DagBag from /home/airflow/.local/lib/python3.8/site-packages/airflow/example_dags/example_trigger_controller_dag.py
[2024-04-01T23:09:38.910+0000] {processor.py:840} INFO - DAG(s) 'example_trigger_controller_dag' retrieved from /home/airflow/.local/lib/python3.8/site-packages/airflow/example_dags/example_trigger_controller_dag.py
[2024-04-01T23:09:38.933+0000] {logging_mixin.py:188} INFO - [2024-04-01T23:09:38.932+0000] {dag.py:3047} INFO - Sync 1 DAGs
[2024-04-01T23:09:38.955+0000] {logging_mixin.py:188} INFO - [2024-04-01T23:09:38.955+0000] {dag.py:3834} INFO - Setting next_dagrun for example_trigger_controller_dag to 2021-01-01 00:00:00+00:00, run_after=2021-01-01 00:00:00+00:00
[2024-04-01T23:09:38.979+0000] {processor.py:183} INFO - Processing /home/airflow/.local/lib/python3.8/site-packages/airflow/example_dags/example_trigger_controller_dag.py took 0.078 seconds
[2024-04-01T23:10:09.426+0000] {processor.py:161} INFO - Started process (PID=6814) to work on /home/airflow/.local/lib/python3.8/site-packages/airflow/example_dags/example_trigger_controller_dag.py
[2024-04-01T23:10:09.427+0000] {processor.py:830} INFO - Processing file /home/airflow/.local/lib/python3.8/site-packages/airflow/example_dags/example_trigger_controller_dag.py for tasks to queue
[2024-04-01T23:10:09.427+0000] {logging_mixin.py:188} INFO - [2024-04-01T23:10:09.427+0000] {dagbag.py:540} INFO - Filling up the DagBag from /home/airflow/.local/lib/python3.8/site-packages/airflow/example_dags/example_trigger_controller_dag.py
[2024-04-01T23:10:09.432+0000] {processor.py:840} INFO - DAG(s) 'example_trigger_controller_dag' retrieved from /home/airflow/.local/lib/python3.8/site-packages/airflow/example_dags/example_trigger_controller_dag.py
[2024-04-01T23:10:09.449+0000] {logging_mixin.py:188} INFO - [2024-04-01T23:10:09.449+0000] {dag.py:3047} INFO - Sync 1 DAGs
[2024-04-01T23:10:09.471+0000] {logging_mixin.py:188} INFO - [2024-04-01T23:10:09.471+0000] {dag.py:3834} INFO - Setting next_dagrun for example_trigger_controller_dag to 2021-01-01 00:00:00+00:00, run_after=2021-01-01 00:00:00+00:00
[2024-04-01T23:10:09.496+0000] {processor.py:183} INFO - Processing /home/airflow/.local/lib/python3.8/site-packages/airflow/example_dags/example_trigger_controller_dag.py took 0.073 seconds
[2024-04-01T23:10:39.713+0000] {processor.py:161} INFO - Started process (PID=7061) to work on /home/airflow/.local/lib/python3.8/site-packages/airflow/example_dags/example_trigger_controller_dag.py
[2024-04-01T23:10:39.714+0000] {processor.py:830} INFO - Processing file /home/airflow/.local/lib/python3.8/site-packages/airflow/example_dags/example_trigger_controller_dag.py for tasks to queue
[2024-04-01T23:10:39.715+0000] {logging_mixin.py:188} INFO - [2024-04-01T23:10:39.715+0000] {dagbag.py:540} INFO - Filling up the DagBag from /home/airflow/.local/lib/python3.8/site-packages/airflow/example_dags/example_trigger_controller_dag.py
[2024-04-01T23:10:39.720+0000] {processor.py:840} INFO - DAG(s) 'example_trigger_controller_dag' retrieved from /home/airflow/.local/lib/python3.8/site-packages/airflow/example_dags/example_trigger_controller_dag.py
[2024-04-01T23:10:39.741+0000] {logging_mixin.py:188} INFO - [2024-04-01T23:10:39.740+0000] {dag.py:3047} INFO - Sync 1 DAGs
[2024-04-01T23:10:39.764+0000] {logging_mixin.py:188} INFO - [2024-04-01T23:10:39.764+0000] {dag.py:3834} INFO - Setting next_dagrun for example_trigger_controller_dag to 2021-01-01 00:00:00+00:00, run_after=2021-01-01 00:00:00+00:00
[2024-04-01T23:10:39.787+0000] {processor.py:183} INFO - Processing /home/airflow/.local/lib/python3.8/site-packages/airflow/example_dags/example_trigger_controller_dag.py took 0.077 seconds
[2024-04-01T23:11:10.111+0000] {processor.py:161} INFO - Started process (PID=7306) to work on /home/airflow/.local/lib/python3.8/site-packages/airflow/example_dags/example_trigger_controller_dag.py
[2024-04-01T23:11:10.112+0000] {processor.py:830} INFO - Processing file /home/airflow/.local/lib/python3.8/site-packages/airflow/example_dags/example_trigger_controller_dag.py for tasks to queue
[2024-04-01T23:11:10.113+0000] {logging_mixin.py:188} INFO - [2024-04-01T23:11:10.113+0000] {dagbag.py:540} INFO - Filling up the DagBag from /home/airflow/.local/lib/python3.8/site-packages/airflow/example_dags/example_trigger_controller_dag.py
[2024-04-01T23:11:10.118+0000] {processor.py:840} INFO - DAG(s) 'example_trigger_controller_dag' retrieved from /home/airflow/.local/lib/python3.8/site-packages/airflow/example_dags/example_trigger_controller_dag.py
[2024-04-01T23:11:10.139+0000] {logging_mixin.py:188} INFO - [2024-04-01T23:11:10.139+0000] {dag.py:3047} INFO - Sync 1 DAGs
[2024-04-01T23:11:10.162+0000] {logging_mixin.py:188} INFO - [2024-04-01T23:11:10.162+0000] {dag.py:3834} INFO - Setting next_dagrun for example_trigger_controller_dag to 2021-01-01 00:00:00+00:00, run_after=2021-01-01 00:00:00+00:00
[2024-04-01T23:11:10.196+0000] {processor.py:183} INFO - Processing /home/airflow/.local/lib/python3.8/site-packages/airflow/example_dags/example_trigger_controller_dag.py took 0.088 seconds
[2024-04-01T23:11:40.653+0000] {processor.py:161} INFO - Started process (PID=7553) to work on /home/airflow/.local/lib/python3.8/site-packages/airflow/example_dags/example_trigger_controller_dag.py
[2024-04-01T23:11:40.654+0000] {processor.py:830} INFO - Processing file /home/airflow/.local/lib/python3.8/site-packages/airflow/example_dags/example_trigger_controller_dag.py for tasks to queue
[2024-04-01T23:11:40.655+0000] {logging_mixin.py:188} INFO - [2024-04-01T23:11:40.655+0000] {dagbag.py:540} INFO - Filling up the DagBag from /home/airflow/.local/lib/python3.8/site-packages/airflow/example_dags/example_trigger_controller_dag.py
[2024-04-01T23:11:40.660+0000] {processor.py:840} INFO - DAG(s) 'example_trigger_controller_dag' retrieved from /home/airflow/.local/lib/python3.8/site-packages/airflow/example_dags/example_trigger_controller_dag.py
[2024-04-01T23:11:40.679+0000] {logging_mixin.py:188} INFO - [2024-04-01T23:11:40.678+0000] {dag.py:3047} INFO - Sync 1 DAGs
[2024-04-01T23:11:40.701+0000] {logging_mixin.py:188} INFO - [2024-04-01T23:11:40.700+0000] {dag.py:3834} INFO - Setting next_dagrun for example_trigger_controller_dag to 2021-01-01 00:00:00+00:00, run_after=2021-01-01 00:00:00+00:00
[2024-04-01T23:11:40.725+0000] {processor.py:183} INFO - Processing /home/airflow/.local/lib/python3.8/site-packages/airflow/example_dags/example_trigger_controller_dag.py took 0.075 seconds
[2024-04-01T23:12:11.259+0000] {processor.py:161} INFO - Started process (PID=7800) to work on /home/airflow/.local/lib/python3.8/site-packages/airflow/example_dags/example_trigger_controller_dag.py
[2024-04-01T23:12:11.260+0000] {processor.py:830} INFO - Processing file /home/airflow/.local/lib/python3.8/site-packages/airflow/example_dags/example_trigger_controller_dag.py for tasks to queue
[2024-04-01T23:12:11.261+0000] {logging_mixin.py:188} INFO - [2024-04-01T23:12:11.261+0000] {dagbag.py:540} INFO - Filling up the DagBag from /home/airflow/.local/lib/python3.8/site-packages/airflow/example_dags/example_trigger_controller_dag.py
[2024-04-01T23:12:11.266+0000] {processor.py:840} INFO - DAG(s) 'example_trigger_controller_dag' retrieved from /home/airflow/.local/lib/python3.8/site-packages/airflow/example_dags/example_trigger_controller_dag.py
[2024-04-01T23:12:11.290+0000] {logging_mixin.py:188} INFO - [2024-04-01T23:12:11.289+0000] {dag.py:3047} INFO - Sync 1 DAGs
[2024-04-01T23:12:11.316+0000] {logging_mixin.py:188} INFO - [2024-04-01T23:12:11.316+0000] {dag.py:3834} INFO - Setting next_dagrun for example_trigger_controller_dag to 2021-01-01 00:00:00+00:00, run_after=2021-01-01 00:00:00+00:00
[2024-04-01T23:12:11.354+0000] {processor.py:183} INFO - Processing /home/airflow/.local/lib/python3.8/site-packages/airflow/example_dags/example_trigger_controller_dag.py took 0.098 seconds
[2024-04-01T23:12:41.804+0000] {processor.py:161} INFO - Started process (PID=8048) to work on /home/airflow/.local/lib/python3.8/site-packages/airflow/example_dags/example_trigger_controller_dag.py
[2024-04-01T23:12:41.805+0000] {processor.py:830} INFO - Processing file /home/airflow/.local/lib/python3.8/site-packages/airflow/example_dags/example_trigger_controller_dag.py for tasks to queue
[2024-04-01T23:12:41.806+0000] {logging_mixin.py:188} INFO - [2024-04-01T23:12:41.806+0000] {dagbag.py:540} INFO - Filling up the DagBag from /home/airflow/.local/lib/python3.8/site-packages/airflow/example_dags/example_trigger_controller_dag.py
[2024-04-01T23:12:41.810+0000] {processor.py:840} INFO - DAG(s) 'example_trigger_controller_dag' retrieved from /home/airflow/.local/lib/python3.8/site-packages/airflow/example_dags/example_trigger_controller_dag.py
[2024-04-01T23:12:41.833+0000] {logging_mixin.py:188} INFO - [2024-04-01T23:12:41.833+0000] {dag.py:3047} INFO - Sync 1 DAGs
[2024-04-01T23:12:41.857+0000] {logging_mixin.py:188} INFO - [2024-04-01T23:12:41.857+0000] {dag.py:3834} INFO - Setting next_dagrun for example_trigger_controller_dag to 2021-01-01 00:00:00+00:00, run_after=2021-01-01 00:00:00+00:00
[2024-04-01T23:12:41.892+0000] {processor.py:183} INFO - Processing /home/airflow/.local/lib/python3.8/site-packages/airflow/example_dags/example_trigger_controller_dag.py took 0.092 seconds
[2024-04-01T23:13:12.306+0000] {processor.py:161} INFO - Started process (PID=8295) to work on /home/airflow/.local/lib/python3.8/site-packages/airflow/example_dags/example_trigger_controller_dag.py
[2024-04-01T23:13:12.307+0000] {processor.py:830} INFO - Processing file /home/airflow/.local/lib/python3.8/site-packages/airflow/example_dags/example_trigger_controller_dag.py for tasks to queue
[2024-04-01T23:13:12.308+0000] {logging_mixin.py:188} INFO - [2024-04-01T23:13:12.308+0000] {dagbag.py:540} INFO - Filling up the DagBag from /home/airflow/.local/lib/python3.8/site-packages/airflow/example_dags/example_trigger_controller_dag.py
[2024-04-01T23:13:12.313+0000] {processor.py:840} INFO - DAG(s) 'example_trigger_controller_dag' retrieved from /home/airflow/.local/lib/python3.8/site-packages/airflow/example_dags/example_trigger_controller_dag.py
[2024-04-01T23:13:12.334+0000] {logging_mixin.py:188} INFO - [2024-04-01T23:13:12.334+0000] {dag.py:3047} INFO - Sync 1 DAGs
[2024-04-01T23:13:12.357+0000] {logging_mixin.py:188} INFO - [2024-04-01T23:13:12.357+0000] {dag.py:3834} INFO - Setting next_dagrun for example_trigger_controller_dag to 2021-01-01 00:00:00+00:00, run_after=2021-01-01 00:00:00+00:00
[2024-04-01T23:13:12.396+0000] {processor.py:183} INFO - Processing /home/airflow/.local/lib/python3.8/site-packages/airflow/example_dags/example_trigger_controller_dag.py took 0.092 seconds
[2024-04-01T23:13:42.894+0000] {processor.py:161} INFO - Started process (PID=8545) to work on /home/airflow/.local/lib/python3.8/site-packages/airflow/example_dags/example_trigger_controller_dag.py
[2024-04-01T23:13:42.895+0000] {processor.py:830} INFO - Processing file /home/airflow/.local/lib/python3.8/site-packages/airflow/example_dags/example_trigger_controller_dag.py for tasks to queue
[2024-04-01T23:13:42.896+0000] {logging_mixin.py:188} INFO - [2024-04-01T23:13:42.896+0000] {dagbag.py:540} INFO - Filling up the DagBag from /home/airflow/.local/lib/python3.8/site-packages/airflow/example_dags/example_trigger_controller_dag.py
[2024-04-01T23:13:42.900+0000] {processor.py:840} INFO - DAG(s) 'example_trigger_controller_dag' retrieved from /home/airflow/.local/lib/python3.8/site-packages/airflow/example_dags/example_trigger_controller_dag.py
[2024-04-01T23:13:42.918+0000] {logging_mixin.py:188} INFO - [2024-04-01T23:13:42.918+0000] {dag.py:3047} INFO - Sync 1 DAGs
[2024-04-01T23:13:42.943+0000] {logging_mixin.py:188} INFO - [2024-04-01T23:13:42.942+0000] {dag.py:3834} INFO - Setting next_dagrun for example_trigger_controller_dag to 2021-01-01 00:00:00+00:00, run_after=2021-01-01 00:00:00+00:00
[2024-04-01T23:13:42.963+0000] {processor.py:183} INFO - Processing /home/airflow/.local/lib/python3.8/site-packages/airflow/example_dags/example_trigger_controller_dag.py took 0.071 seconds
[2024-04-01T23:14:13.304+0000] {processor.py:161} INFO - Started process (PID=8790) to work on /home/airflow/.local/lib/python3.8/site-packages/airflow/example_dags/example_trigger_controller_dag.py
[2024-04-01T23:14:13.305+0000] {processor.py:830} INFO - Processing file /home/airflow/.local/lib/python3.8/site-packages/airflow/example_dags/example_trigger_controller_dag.py for tasks to queue
[2024-04-01T23:14:13.306+0000] {logging_mixin.py:188} INFO - [2024-04-01T23:14:13.305+0000] {dagbag.py:540} INFO - Filling up the DagBag from /home/airflow/.local/lib/python3.8/site-packages/airflow/example_dags/example_trigger_controller_dag.py
[2024-04-01T23:14:13.310+0000] {processor.py:840} INFO - DAG(s) 'example_trigger_controller_dag' retrieved from /home/airflow/.local/lib/python3.8/site-packages/airflow/example_dags/example_trigger_controller_dag.py
[2024-04-01T23:14:13.331+0000] {logging_mixin.py:188} INFO - [2024-04-01T23:14:13.331+0000] {dag.py:3047} INFO - Sync 1 DAGs
[2024-04-01T23:14:13.354+0000] {logging_mixin.py:188} INFO - [2024-04-01T23:14:13.353+0000] {dag.py:3834} INFO - Setting next_dagrun for example_trigger_controller_dag to 2021-01-01 00:00:00+00:00, run_after=2021-01-01 00:00:00+00:00
[2024-04-01T23:14:13.390+0000] {processor.py:183} INFO - Processing /home/airflow/.local/lib/python3.8/site-packages/airflow/example_dags/example_trigger_controller_dag.py took 0.089 seconds
[2024-04-01T23:14:43.903+0000] {processor.py:161} INFO - Started process (PID=9039) to work on /home/airflow/.local/lib/python3.8/site-packages/airflow/example_dags/example_trigger_controller_dag.py
[2024-04-01T23:14:43.904+0000] {processor.py:830} INFO - Processing file /home/airflow/.local/lib/python3.8/site-packages/airflow/example_dags/example_trigger_controller_dag.py for tasks to queue
[2024-04-01T23:14:43.906+0000] {logging_mixin.py:188} INFO - [2024-04-01T23:14:43.906+0000] {dagbag.py:540} INFO - Filling up the DagBag from /home/airflow/.local/lib/python3.8/site-packages/airflow/example_dags/example_trigger_controller_dag.py
[2024-04-01T23:14:43.913+0000] {processor.py:840} INFO - DAG(s) 'example_trigger_controller_dag' retrieved from /home/airflow/.local/lib/python3.8/site-packages/airflow/example_dags/example_trigger_controller_dag.py
[2024-04-01T23:14:43.943+0000] {logging_mixin.py:188} INFO - [2024-04-01T23:14:43.943+0000] {dag.py:3047} INFO - Sync 1 DAGs
[2024-04-01T23:14:43.975+0000] {logging_mixin.py:188} INFO - [2024-04-01T23:14:43.974+0000] {dag.py:3834} INFO - Setting next_dagrun for example_trigger_controller_dag to 2021-01-01 00:00:00+00:00, run_after=2021-01-01 00:00:00+00:00
[2024-04-01T23:14:44.011+0000] {processor.py:183} INFO - Processing /home/airflow/.local/lib/python3.8/site-packages/airflow/example_dags/example_trigger_controller_dag.py took 0.112 seconds
[2024-04-01T23:15:14.232+0000] {processor.py:161} INFO - Started process (PID=9286) to work on /home/airflow/.local/lib/python3.8/site-packages/airflow/example_dags/example_trigger_controller_dag.py
[2024-04-01T23:15:14.233+0000] {processor.py:830} INFO - Processing file /home/airflow/.local/lib/python3.8/site-packages/airflow/example_dags/example_trigger_controller_dag.py for tasks to queue
[2024-04-01T23:15:14.234+0000] {logging_mixin.py:188} INFO - [2024-04-01T23:15:14.233+0000] {dagbag.py:540} INFO - Filling up the DagBag from /home/airflow/.local/lib/python3.8/site-packages/airflow/example_dags/example_trigger_controller_dag.py
[2024-04-01T23:15:14.238+0000] {processor.py:840} INFO - DAG(s) 'example_trigger_controller_dag' retrieved from /home/airflow/.local/lib/python3.8/site-packages/airflow/example_dags/example_trigger_controller_dag.py
[2024-04-01T23:15:14.259+0000] {logging_mixin.py:188} INFO - [2024-04-01T23:15:14.259+0000] {dag.py:3047} INFO - Sync 1 DAGs
[2024-04-01T23:15:14.283+0000] {logging_mixin.py:188} INFO - [2024-04-01T23:15:14.282+0000] {dag.py:3834} INFO - Setting next_dagrun for example_trigger_controller_dag to 2021-01-01 00:00:00+00:00, run_after=2021-01-01 00:00:00+00:00
[2024-04-01T23:15:14.308+0000] {processor.py:183} INFO - Processing /home/airflow/.local/lib/python3.8/site-packages/airflow/example_dags/example_trigger_controller_dag.py took 0.079 seconds
[2024-04-01T23:15:44.833+0000] {processor.py:161} INFO - Started process (PID=9531) to work on /home/airflow/.local/lib/python3.8/site-packages/airflow/example_dags/example_trigger_controller_dag.py
[2024-04-01T23:15:44.834+0000] {processor.py:830} INFO - Processing file /home/airflow/.local/lib/python3.8/site-packages/airflow/example_dags/example_trigger_controller_dag.py for tasks to queue
[2024-04-01T23:15:44.835+0000] {logging_mixin.py:188} INFO - [2024-04-01T23:15:44.835+0000] {dagbag.py:540} INFO - Filling up the DagBag from /home/airflow/.local/lib/python3.8/site-packages/airflow/example_dags/example_trigger_controller_dag.py
[2024-04-01T23:15:44.839+0000] {processor.py:840} INFO - DAG(s) 'example_trigger_controller_dag' retrieved from /home/airflow/.local/lib/python3.8/site-packages/airflow/example_dags/example_trigger_controller_dag.py
[2024-04-01T23:15:44.860+0000] {logging_mixin.py:188} INFO - [2024-04-01T23:15:44.860+0000] {dag.py:3047} INFO - Sync 1 DAGs
[2024-04-01T23:15:44.883+0000] {logging_mixin.py:188} INFO - [2024-04-01T23:15:44.883+0000] {dag.py:3834} INFO - Setting next_dagrun for example_trigger_controller_dag to 2021-01-01 00:00:00+00:00, run_after=2021-01-01 00:00:00+00:00
[2024-04-01T23:15:44.907+0000] {processor.py:183} INFO - Processing /home/airflow/.local/lib/python3.8/site-packages/airflow/example_dags/example_trigger_controller_dag.py took 0.076 seconds
[2024-04-01T23:16:15.192+0000] {processor.py:161} INFO - Started process (PID=9775) to work on /home/airflow/.local/lib/python3.8/site-packages/airflow/example_dags/example_trigger_controller_dag.py
[2024-04-01T23:16:15.193+0000] {processor.py:830} INFO - Processing file /home/airflow/.local/lib/python3.8/site-packages/airflow/example_dags/example_trigger_controller_dag.py for tasks to queue
[2024-04-01T23:16:15.194+0000] {logging_mixin.py:188} INFO - [2024-04-01T23:16:15.194+0000] {dagbag.py:540} INFO - Filling up the DagBag from /home/airflow/.local/lib/python3.8/site-packages/airflow/example_dags/example_trigger_controller_dag.py
[2024-04-01T23:16:15.199+0000] {processor.py:840} INFO - DAG(s) 'example_trigger_controller_dag' retrieved from /home/airflow/.local/lib/python3.8/site-packages/airflow/example_dags/example_trigger_controller_dag.py
[2024-04-01T23:16:15.217+0000] {logging_mixin.py:188} INFO - [2024-04-01T23:16:15.217+0000] {dag.py:3047} INFO - Sync 1 DAGs
[2024-04-01T23:16:15.237+0000] {logging_mixin.py:188} INFO - [2024-04-01T23:16:15.237+0000] {dag.py:3834} INFO - Setting next_dagrun for example_trigger_controller_dag to 2021-01-01 00:00:00+00:00, run_after=2021-01-01 00:00:00+00:00
[2024-04-01T23:16:15.271+0000] {processor.py:183} INFO - Processing /home/airflow/.local/lib/python3.8/site-packages/airflow/example_dags/example_trigger_controller_dag.py took 0.081 seconds
[2024-04-01T23:16:45.603+0000] {processor.py:161} INFO - Started process (PID=10022) to work on /home/airflow/.local/lib/python3.8/site-packages/airflow/example_dags/example_trigger_controller_dag.py
[2024-04-01T23:16:45.604+0000] {processor.py:830} INFO - Processing file /home/airflow/.local/lib/python3.8/site-packages/airflow/example_dags/example_trigger_controller_dag.py for tasks to queue
[2024-04-01T23:16:45.605+0000] {logging_mixin.py:188} INFO - [2024-04-01T23:16:45.604+0000] {dagbag.py:540} INFO - Filling up the DagBag from /home/airflow/.local/lib/python3.8/site-packages/airflow/example_dags/example_trigger_controller_dag.py
[2024-04-01T23:16:45.609+0000] {processor.py:840} INFO - DAG(s) 'example_trigger_controller_dag' retrieved from /home/airflow/.local/lib/python3.8/site-packages/airflow/example_dags/example_trigger_controller_dag.py
[2024-04-01T23:16:45.629+0000] {logging_mixin.py:188} INFO - [2024-04-01T23:16:45.629+0000] {dag.py:3047} INFO - Sync 1 DAGs
[2024-04-01T23:16:45.650+0000] {logging_mixin.py:188} INFO - [2024-04-01T23:16:45.650+0000] {dag.py:3834} INFO - Setting next_dagrun for example_trigger_controller_dag to 2021-01-01 00:00:00+00:00, run_after=2021-01-01 00:00:00+00:00
[2024-04-01T23:16:45.673+0000] {processor.py:183} INFO - Processing /home/airflow/.local/lib/python3.8/site-packages/airflow/example_dags/example_trigger_controller_dag.py took 0.073 seconds
[2024-04-01T23:17:16.182+0000] {processor.py:161} INFO - Started process (PID=10272) to work on /home/airflow/.local/lib/python3.8/site-packages/airflow/example_dags/example_trigger_controller_dag.py
[2024-04-01T23:17:16.183+0000] {processor.py:830} INFO - Processing file /home/airflow/.local/lib/python3.8/site-packages/airflow/example_dags/example_trigger_controller_dag.py for tasks to queue
[2024-04-01T23:17:16.184+0000] {logging_mixin.py:188} INFO - [2024-04-01T23:17:16.184+0000] {dagbag.py:540} INFO - Filling up the DagBag from /home/airflow/.local/lib/python3.8/site-packages/airflow/example_dags/example_trigger_controller_dag.py
[2024-04-01T23:17:16.188+0000] {processor.py:840} INFO - DAG(s) 'example_trigger_controller_dag' retrieved from /home/airflow/.local/lib/python3.8/site-packages/airflow/example_dags/example_trigger_controller_dag.py
[2024-04-01T23:17:16.207+0000] {logging_mixin.py:188} INFO - [2024-04-01T23:17:16.207+0000] {dag.py:3047} INFO - Sync 1 DAGs
[2024-04-01T23:17:16.229+0000] {logging_mixin.py:188} INFO - [2024-04-01T23:17:16.229+0000] {dag.py:3834} INFO - Setting next_dagrun for example_trigger_controller_dag to 2021-01-01 00:00:00+00:00, run_after=2021-01-01 00:00:00+00:00
[2024-04-01T23:17:16.264+0000] {processor.py:183} INFO - Processing /home/airflow/.local/lib/python3.8/site-packages/airflow/example_dags/example_trigger_controller_dag.py took 0.085 seconds
[2024-04-01T23:17:46.544+0000] {processor.py:161} INFO - Started process (PID=10519) to work on /home/airflow/.local/lib/python3.8/site-packages/airflow/example_dags/example_trigger_controller_dag.py
[2024-04-01T23:17:46.545+0000] {processor.py:830} INFO - Processing file /home/airflow/.local/lib/python3.8/site-packages/airflow/example_dags/example_trigger_controller_dag.py for tasks to queue
[2024-04-01T23:17:46.547+0000] {logging_mixin.py:188} INFO - [2024-04-01T23:17:46.546+0000] {dagbag.py:540} INFO - Filling up the DagBag from /home/airflow/.local/lib/python3.8/site-packages/airflow/example_dags/example_trigger_controller_dag.py
[2024-04-01T23:17:46.551+0000] {processor.py:840} INFO - DAG(s) 'example_trigger_controller_dag' retrieved from /home/airflow/.local/lib/python3.8/site-packages/airflow/example_dags/example_trigger_controller_dag.py
[2024-04-01T23:17:46.570+0000] {logging_mixin.py:188} INFO - [2024-04-01T23:17:46.570+0000] {dag.py:3047} INFO - Sync 1 DAGs
[2024-04-01T23:17:46.594+0000] {logging_mixin.py:188} INFO - [2024-04-01T23:17:46.593+0000] {dag.py:3834} INFO - Setting next_dagrun for example_trigger_controller_dag to 2021-01-01 00:00:00+00:00, run_after=2021-01-01 00:00:00+00:00
[2024-04-01T23:17:46.619+0000] {processor.py:183} INFO - Processing /home/airflow/.local/lib/python3.8/site-packages/airflow/example_dags/example_trigger_controller_dag.py took 0.078 seconds
[2024-04-01T23:18:17.135+0000] {processor.py:161} INFO - Started process (PID=10768) to work on /home/airflow/.local/lib/python3.8/site-packages/airflow/example_dags/example_trigger_controller_dag.py
[2024-04-01T23:18:17.136+0000] {processor.py:830} INFO - Processing file /home/airflow/.local/lib/python3.8/site-packages/airflow/example_dags/example_trigger_controller_dag.py for tasks to queue
[2024-04-01T23:18:17.137+0000] {logging_mixin.py:188} INFO - [2024-04-01T23:18:17.137+0000] {dagbag.py:540} INFO - Filling up the DagBag from /home/airflow/.local/lib/python3.8/site-packages/airflow/example_dags/example_trigger_controller_dag.py
[2024-04-01T23:18:17.142+0000] {processor.py:840} INFO - DAG(s) 'example_trigger_controller_dag' retrieved from /home/airflow/.local/lib/python3.8/site-packages/airflow/example_dags/example_trigger_controller_dag.py
[2024-04-01T23:18:17.162+0000] {logging_mixin.py:188} INFO - [2024-04-01T23:18:17.162+0000] {dag.py:3047} INFO - Sync 1 DAGs
[2024-04-01T23:18:17.186+0000] {logging_mixin.py:188} INFO - [2024-04-01T23:18:17.186+0000] {dag.py:3834} INFO - Setting next_dagrun for example_trigger_controller_dag to 2021-01-01 00:00:00+00:00, run_after=2021-01-01 00:00:00+00:00
[2024-04-01T23:18:17.220+0000] {processor.py:183} INFO - Processing /home/airflow/.local/lib/python3.8/site-packages/airflow/example_dags/example_trigger_controller_dag.py took 0.088 seconds
[2024-04-01T23:18:47.660+0000] {processor.py:161} INFO - Started process (PID=11013) to work on /home/airflow/.local/lib/python3.8/site-packages/airflow/example_dags/example_trigger_controller_dag.py
[2024-04-01T23:18:47.661+0000] {processor.py:830} INFO - Processing file /home/airflow/.local/lib/python3.8/site-packages/airflow/example_dags/example_trigger_controller_dag.py for tasks to queue
[2024-04-01T23:18:47.662+0000] {logging_mixin.py:188} INFO - [2024-04-01T23:18:47.662+0000] {dagbag.py:540} INFO - Filling up the DagBag from /home/airflow/.local/lib/python3.8/site-packages/airflow/example_dags/example_trigger_controller_dag.py
[2024-04-01T23:18:47.666+0000] {processor.py:840} INFO - DAG(s) 'example_trigger_controller_dag' retrieved from /home/airflow/.local/lib/python3.8/site-packages/airflow/example_dags/example_trigger_controller_dag.py
[2024-04-01T23:18:47.686+0000] {logging_mixin.py:188} INFO - [2024-04-01T23:18:47.686+0000] {dag.py:3047} INFO - Sync 1 DAGs
[2024-04-01T23:18:47.709+0000] {logging_mixin.py:188} INFO - [2024-04-01T23:18:47.709+0000] {dag.py:3834} INFO - Setting next_dagrun for example_trigger_controller_dag to 2021-01-01 00:00:00+00:00, run_after=2021-01-01 00:00:00+00:00
[2024-04-01T23:18:47.733+0000] {processor.py:183} INFO - Processing /home/airflow/.local/lib/python3.8/site-packages/airflow/example_dags/example_trigger_controller_dag.py took 0.076 seconds
[2024-04-01T23:19:18.418+0000] {processor.py:161} INFO - Started process (PID=11262) to work on /home/airflow/.local/lib/python3.8/site-packages/airflow/example_dags/example_trigger_controller_dag.py
[2024-04-01T23:19:18.419+0000] {processor.py:830} INFO - Processing file /home/airflow/.local/lib/python3.8/site-packages/airflow/example_dags/example_trigger_controller_dag.py for tasks to queue
[2024-04-01T23:19:18.420+0000] {logging_mixin.py:188} INFO - [2024-04-01T23:19:18.419+0000] {dagbag.py:540} INFO - Filling up the DagBag from /home/airflow/.local/lib/python3.8/site-packages/airflow/example_dags/example_trigger_controller_dag.py
[2024-04-01T23:19:18.424+0000] {processor.py:840} INFO - DAG(s) 'example_trigger_controller_dag' retrieved from /home/airflow/.local/lib/python3.8/site-packages/airflow/example_dags/example_trigger_controller_dag.py
[2024-04-01T23:19:18.445+0000] {logging_mixin.py:188} INFO - [2024-04-01T23:19:18.445+0000] {dag.py:3047} INFO - Sync 1 DAGs
[2024-04-01T23:19:18.469+0000] {logging_mixin.py:188} INFO - [2024-04-01T23:19:18.469+0000] {dag.py:3834} INFO - Setting next_dagrun for example_trigger_controller_dag to 2021-01-01 00:00:00+00:00, run_after=2021-01-01 00:00:00+00:00
[2024-04-01T23:19:18.500+0000] {processor.py:183} INFO - Processing /home/airflow/.local/lib/python3.8/site-packages/airflow/example_dags/example_trigger_controller_dag.py took 0.085 seconds
[2024-04-01T23:19:48.982+0000] {processor.py:161} INFO - Started process (PID=11507) to work on /home/airflow/.local/lib/python3.8/site-packages/airflow/example_dags/example_trigger_controller_dag.py
[2024-04-01T23:19:48.983+0000] {processor.py:830} INFO - Processing file /home/airflow/.local/lib/python3.8/site-packages/airflow/example_dags/example_trigger_controller_dag.py for tasks to queue
[2024-04-01T23:19:48.984+0000] {logging_mixin.py:188} INFO - [2024-04-01T23:19:48.984+0000] {dagbag.py:540} INFO - Filling up the DagBag from /home/airflow/.local/lib/python3.8/site-packages/airflow/example_dags/example_trigger_controller_dag.py
[2024-04-01T23:19:48.989+0000] {processor.py:840} INFO - DAG(s) 'example_trigger_controller_dag' retrieved from /home/airflow/.local/lib/python3.8/site-packages/airflow/example_dags/example_trigger_controller_dag.py
[2024-04-01T23:19:49.009+0000] {logging_mixin.py:188} INFO - [2024-04-01T23:19:49.009+0000] {dag.py:3047} INFO - Sync 1 DAGs
[2024-04-01T23:19:49.033+0000] {logging_mixin.py:188} INFO - [2024-04-01T23:19:49.033+0000] {dag.py:3834} INFO - Setting next_dagrun for example_trigger_controller_dag to 2021-01-01 00:00:00+00:00, run_after=2021-01-01 00:00:00+00:00
[2024-04-01T23:19:49.056+0000] {processor.py:183} INFO - Processing /home/airflow/.local/lib/python3.8/site-packages/airflow/example_dags/example_trigger_controller_dag.py took 0.076 seconds
[2024-04-01T23:20:19.777+0000] {processor.py:161} INFO - Started process (PID=11756) to work on /home/airflow/.local/lib/python3.8/site-packages/airflow/example_dags/example_trigger_controller_dag.py
[2024-04-01T23:20:19.778+0000] {processor.py:830} INFO - Processing file /home/airflow/.local/lib/python3.8/site-packages/airflow/example_dags/example_trigger_controller_dag.py for tasks to queue
[2024-04-01T23:20:19.779+0000] {logging_mixin.py:188} INFO - [2024-04-01T23:20:19.779+0000] {dagbag.py:540} INFO - Filling up the DagBag from /home/airflow/.local/lib/python3.8/site-packages/airflow/example_dags/example_trigger_controller_dag.py
[2024-04-01T23:20:19.783+0000] {processor.py:840} INFO - DAG(s) 'example_trigger_controller_dag' retrieved from /home/airflow/.local/lib/python3.8/site-packages/airflow/example_dags/example_trigger_controller_dag.py
[2024-04-01T23:20:19.803+0000] {logging_mixin.py:188} INFO - [2024-04-01T23:20:19.802+0000] {dag.py:3047} INFO - Sync 1 DAGs
[2024-04-01T23:20:19.827+0000] {logging_mixin.py:188} INFO - [2024-04-01T23:20:19.827+0000] {dag.py:3834} INFO - Setting next_dagrun for example_trigger_controller_dag to 2021-01-01 00:00:00+00:00, run_after=2021-01-01 00:00:00+00:00
[2024-04-01T23:20:19.859+0000] {processor.py:183} INFO - Processing /home/airflow/.local/lib/python3.8/site-packages/airflow/example_dags/example_trigger_controller_dag.py took 0.085 seconds
[2024-04-01T23:20:50.277+0000] {processor.py:161} INFO - Started process (PID=12001) to work on /home/airflow/.local/lib/python3.8/site-packages/airflow/example_dags/example_trigger_controller_dag.py
[2024-04-01T23:20:50.278+0000] {processor.py:830} INFO - Processing file /home/airflow/.local/lib/python3.8/site-packages/airflow/example_dags/example_trigger_controller_dag.py for tasks to queue
[2024-04-01T23:20:50.279+0000] {logging_mixin.py:188} INFO - [2024-04-01T23:20:50.279+0000] {dagbag.py:540} INFO - Filling up the DagBag from /home/airflow/.local/lib/python3.8/site-packages/airflow/example_dags/example_trigger_controller_dag.py
[2024-04-01T23:20:50.284+0000] {processor.py:840} INFO - DAG(s) 'example_trigger_controller_dag' retrieved from /home/airflow/.local/lib/python3.8/site-packages/airflow/example_dags/example_trigger_controller_dag.py
[2024-04-01T23:20:50.305+0000] {logging_mixin.py:188} INFO - [2024-04-01T23:20:50.305+0000] {dag.py:3047} INFO - Sync 1 DAGs
[2024-04-01T23:20:50.332+0000] {logging_mixin.py:188} INFO - [2024-04-01T23:20:50.332+0000] {dag.py:3834} INFO - Setting next_dagrun for example_trigger_controller_dag to 2021-01-01 00:00:00+00:00, run_after=2021-01-01 00:00:00+00:00
[2024-04-01T23:20:50.366+0000] {processor.py:183} INFO - Processing /home/airflow/.local/lib/python3.8/site-packages/airflow/example_dags/example_trigger_controller_dag.py took 0.092 seconds
