[2024-04-01T22:56:52.766+0000] {processor.py:161} INFO - Started process (PID=337) to work on /home/airflow/.local/lib/python3.8/site-packages/airflow/example_dags/example_latest_only_with_trigger.py
[2024-04-01T22:56:52.768+0000] {processor.py:830} INFO - Processing file /home/airflow/.local/lib/python3.8/site-packages/airflow/example_dags/example_latest_only_with_trigger.py for tasks to queue
[2024-04-01T22:56:52.770+0000] {logging_mixin.py:188} INFO - [2024-04-01T22:56:52.769+0000] {dagbag.py:540} INFO - Filling up the DagBag from /home/airflow/.local/lib/python3.8/site-packages/airflow/example_dags/example_latest_only_with_trigger.py
[2024-04-01T22:56:52.782+0000] {processor.py:840} INFO - DAG(s) 'latest_only_with_trigger' retrieved from /home/airflow/.local/lib/python3.8/site-packages/airflow/example_dags/example_latest_only_with_trigger.py
[2024-04-01T22:56:52.799+0000] {logging_mixin.py:188} INFO - [2024-04-01T22:56:52.799+0000] {dag.py:3047} INFO - Sync 1 DAGs
[2024-04-01T22:56:52.831+0000] {logging_mixin.py:188} INFO - [2024-04-01T22:56:52.831+0000] {dag.py:3834} INFO - Setting next_dagrun for latest_only_with_trigger to 2024-04-01 16:00:00+00:00, run_after=2024-04-01 20:00:00+00:00
[2024-04-01T22:56:52.858+0000] {processor.py:183} INFO - Processing /home/airflow/.local/lib/python3.8/site-packages/airflow/example_dags/example_latest_only_with_trigger.py took 0.095 seconds
[2024-04-01T22:57:25.465+0000] {processor.py:161} INFO - Started process (PID=586) to work on /home/airflow/.local/lib/python3.8/site-packages/airflow/example_dags/example_latest_only_with_trigger.py
[2024-04-01T22:57:25.466+0000] {processor.py:830} INFO - Processing file /home/airflow/.local/lib/python3.8/site-packages/airflow/example_dags/example_latest_only_with_trigger.py for tasks to queue
[2024-04-01T22:57:25.467+0000] {logging_mixin.py:188} INFO - [2024-04-01T22:57:25.467+0000] {dagbag.py:540} INFO - Filling up the DagBag from /home/airflow/.local/lib/python3.8/site-packages/airflow/example_dags/example_latest_only_with_trigger.py
[2024-04-01T22:57:25.473+0000] {processor.py:840} INFO - DAG(s) 'latest_only_with_trigger' retrieved from /home/airflow/.local/lib/python3.8/site-packages/airflow/example_dags/example_latest_only_with_trigger.py
[2024-04-01T22:57:25.571+0000] {logging_mixin.py:188} INFO - [2024-04-01T22:57:25.571+0000] {dag.py:3047} INFO - Sync 1 DAGs
[2024-04-01T22:57:25.593+0000] {logging_mixin.py:188} INFO - [2024-04-01T22:57:25.593+0000] {dag.py:3834} INFO - Setting next_dagrun for latest_only_with_trigger to 2024-04-01 16:00:00+00:00, run_after=2024-04-01 20:00:00+00:00
[2024-04-01T22:57:25.625+0000] {processor.py:183} INFO - Processing /home/airflow/.local/lib/python3.8/site-packages/airflow/example_dags/example_latest_only_with_trigger.py took 0.163 seconds
[2024-04-01T22:57:55.792+0000] {processor.py:161} INFO - Started process (PID=831) to work on /home/airflow/.local/lib/python3.8/site-packages/airflow/example_dags/example_latest_only_with_trigger.py
[2024-04-01T22:57:55.793+0000] {processor.py:830} INFO - Processing file /home/airflow/.local/lib/python3.8/site-packages/airflow/example_dags/example_latest_only_with_trigger.py for tasks to queue
[2024-04-01T22:57:55.795+0000] {logging_mixin.py:188} INFO - [2024-04-01T22:57:55.794+0000] {dagbag.py:540} INFO - Filling up the DagBag from /home/airflow/.local/lib/python3.8/site-packages/airflow/example_dags/example_latest_only_with_trigger.py
[2024-04-01T22:57:55.802+0000] {processor.py:840} INFO - DAG(s) 'latest_only_with_trigger' retrieved from /home/airflow/.local/lib/python3.8/site-packages/airflow/example_dags/example_latest_only_with_trigger.py
[2024-04-01T22:57:55.828+0000] {logging_mixin.py:188} INFO - [2024-04-01T22:57:55.828+0000] {dag.py:3047} INFO - Sync 1 DAGs
[2024-04-01T22:57:55.853+0000] {logging_mixin.py:188} INFO - [2024-04-01T22:57:55.853+0000] {dag.py:3834} INFO - Setting next_dagrun for latest_only_with_trigger to 2024-04-01 16:00:00+00:00, run_after=2024-04-01 20:00:00+00:00
[2024-04-01T22:57:55.889+0000] {processor.py:183} INFO - Processing /home/airflow/.local/lib/python3.8/site-packages/airflow/example_dags/example_latest_only_with_trigger.py took 0.100 seconds
[2024-04-01T22:58:26.204+0000] {processor.py:161} INFO - Started process (PID=1078) to work on /home/airflow/.local/lib/python3.8/site-packages/airflow/example_dags/example_latest_only_with_trigger.py
[2024-04-01T22:58:26.205+0000] {processor.py:830} INFO - Processing file /home/airflow/.local/lib/python3.8/site-packages/airflow/example_dags/example_latest_only_with_trigger.py for tasks to queue
[2024-04-01T22:58:26.206+0000] {logging_mixin.py:188} INFO - [2024-04-01T22:58:26.206+0000] {dagbag.py:540} INFO - Filling up the DagBag from /home/airflow/.local/lib/python3.8/site-packages/airflow/example_dags/example_latest_only_with_trigger.py
[2024-04-01T22:58:26.212+0000] {processor.py:840} INFO - DAG(s) 'latest_only_with_trigger' retrieved from /home/airflow/.local/lib/python3.8/site-packages/airflow/example_dags/example_latest_only_with_trigger.py
[2024-04-01T22:58:26.232+0000] {logging_mixin.py:188} INFO - [2024-04-01T22:58:26.231+0000] {dag.py:3047} INFO - Sync 1 DAGs
[2024-04-01T22:58:26.259+0000] {logging_mixin.py:188} INFO - [2024-04-01T22:58:26.259+0000] {dag.py:3834} INFO - Setting next_dagrun for latest_only_with_trigger to 2024-04-01 16:00:00+00:00, run_after=2024-04-01 20:00:00+00:00
[2024-04-01T22:58:26.280+0000] {processor.py:183} INFO - Processing /home/airflow/.local/lib/python3.8/site-packages/airflow/example_dags/example_latest_only_with_trigger.py took 0.079 seconds
[2024-04-01T22:58:56.597+0000] {processor.py:161} INFO - Started process (PID=1325) to work on /home/airflow/.local/lib/python3.8/site-packages/airflow/example_dags/example_latest_only_with_trigger.py
[2024-04-01T22:58:56.599+0000] {processor.py:830} INFO - Processing file /home/airflow/.local/lib/python3.8/site-packages/airflow/example_dags/example_latest_only_with_trigger.py for tasks to queue
[2024-04-01T22:58:56.600+0000] {logging_mixin.py:188} INFO - [2024-04-01T22:58:56.600+0000] {dagbag.py:540} INFO - Filling up the DagBag from /home/airflow/.local/lib/python3.8/site-packages/airflow/example_dags/example_latest_only_with_trigger.py
[2024-04-01T22:58:56.607+0000] {processor.py:840} INFO - DAG(s) 'latest_only_with_trigger' retrieved from /home/airflow/.local/lib/python3.8/site-packages/airflow/example_dags/example_latest_only_with_trigger.py
[2024-04-01T22:58:56.633+0000] {logging_mixin.py:188} INFO - [2024-04-01T22:58:56.632+0000] {dag.py:3047} INFO - Sync 1 DAGs
[2024-04-01T22:58:56.658+0000] {logging_mixin.py:188} INFO - [2024-04-01T22:58:56.658+0000] {dag.py:3834} INFO - Setting next_dagrun for latest_only_with_trigger to 2024-04-01 16:00:00+00:00, run_after=2024-04-01 20:00:00+00:00
[2024-04-01T22:58:56.684+0000] {processor.py:183} INFO - Processing /home/airflow/.local/lib/python3.8/site-packages/airflow/example_dags/example_latest_only_with_trigger.py took 0.090 seconds
[2024-04-01T22:59:28.183+0000] {processor.py:161} INFO - Started process (PID=1574) to work on /home/airflow/.local/lib/python3.8/site-packages/airflow/example_dags/example_latest_only_with_trigger.py
[2024-04-01T22:59:28.185+0000] {processor.py:830} INFO - Processing file /home/airflow/.local/lib/python3.8/site-packages/airflow/example_dags/example_latest_only_with_trigger.py for tasks to queue
[2024-04-01T22:59:28.186+0000] {logging_mixin.py:188} INFO - [2024-04-01T22:59:28.186+0000] {dagbag.py:540} INFO - Filling up the DagBag from /home/airflow/.local/lib/python3.8/site-packages/airflow/example_dags/example_latest_only_with_trigger.py
[2024-04-01T22:59:28.193+0000] {processor.py:840} INFO - DAG(s) 'latest_only_with_trigger' retrieved from /home/airflow/.local/lib/python3.8/site-packages/airflow/example_dags/example_latest_only_with_trigger.py
[2024-04-01T22:59:28.238+0000] {logging_mixin.py:188} INFO - [2024-04-01T22:59:28.238+0000] {dag.py:3047} INFO - Sync 1 DAGs
[2024-04-01T22:59:28.272+0000] {logging_mixin.py:188} INFO - [2024-04-01T22:59:28.271+0000] {dag.py:3834} INFO - Setting next_dagrun for latest_only_with_trigger to 2024-04-01 16:00:00+00:00, run_after=2024-04-01 20:00:00+00:00
[2024-04-01T22:59:28.306+0000] {processor.py:183} INFO - Processing /home/airflow/.local/lib/python3.8/site-packages/airflow/example_dags/example_latest_only_with_trigger.py took 0.127 seconds
[2024-04-01T22:59:59.235+0000] {processor.py:161} INFO - Started process (PID=1845) to work on /home/airflow/.local/lib/python3.8/site-packages/airflow/example_dags/example_latest_only_with_trigger.py
[2024-04-01T22:59:59.236+0000] {processor.py:830} INFO - Processing file /home/airflow/.local/lib/python3.8/site-packages/airflow/example_dags/example_latest_only_with_trigger.py for tasks to queue
[2024-04-01T22:59:59.237+0000] {logging_mixin.py:188} INFO - [2024-04-01T22:59:59.237+0000] {dagbag.py:540} INFO - Filling up the DagBag from /home/airflow/.local/lib/python3.8/site-packages/airflow/example_dags/example_latest_only_with_trigger.py
[2024-04-01T22:59:59.243+0000] {processor.py:840} INFO - DAG(s) 'latest_only_with_trigger' retrieved from /home/airflow/.local/lib/python3.8/site-packages/airflow/example_dags/example_latest_only_with_trigger.py
[2024-04-01T22:59:59.265+0000] {logging_mixin.py:188} INFO - [2024-04-01T22:59:59.264+0000] {dag.py:3047} INFO - Sync 1 DAGs
[2024-04-01T22:59:59.288+0000] {logging_mixin.py:188} INFO - [2024-04-01T22:59:59.288+0000] {dag.py:3834} INFO - Setting next_dagrun for latest_only_with_trigger to 2024-04-01 16:00:00+00:00, run_after=2024-04-01 20:00:00+00:00
[2024-04-01T22:59:59.324+0000] {processor.py:183} INFO - Processing /home/airflow/.local/lib/python3.8/site-packages/airflow/example_dags/example_latest_only_with_trigger.py took 0.092 seconds
[2024-04-01T23:00:29.456+0000] {processor.py:161} INFO - Started process (PID=2093) to work on /home/airflow/.local/lib/python3.8/site-packages/airflow/example_dags/example_latest_only_with_trigger.py
[2024-04-01T23:00:29.457+0000] {processor.py:830} INFO - Processing file /home/airflow/.local/lib/python3.8/site-packages/airflow/example_dags/example_latest_only_with_trigger.py for tasks to queue
[2024-04-01T23:00:29.458+0000] {logging_mixin.py:188} INFO - [2024-04-01T23:00:29.458+0000] {dagbag.py:540} INFO - Filling up the DagBag from /home/airflow/.local/lib/python3.8/site-packages/airflow/example_dags/example_latest_only_with_trigger.py
[2024-04-01T23:00:29.464+0000] {processor.py:840} INFO - DAG(s) 'latest_only_with_trigger' retrieved from /home/airflow/.local/lib/python3.8/site-packages/airflow/example_dags/example_latest_only_with_trigger.py
[2024-04-01T23:00:29.486+0000] {logging_mixin.py:188} INFO - [2024-04-01T23:00:29.486+0000] {dag.py:3047} INFO - Sync 1 DAGs
[2024-04-01T23:00:29.510+0000] {logging_mixin.py:188} INFO - [2024-04-01T23:00:29.509+0000] {dag.py:3834} INFO - Setting next_dagrun for latest_only_with_trigger to 2024-04-01 16:00:00+00:00, run_after=2024-04-01 20:00:00+00:00
[2024-04-01T23:00:29.549+0000] {processor.py:183} INFO - Processing /home/airflow/.local/lib/python3.8/site-packages/airflow/example_dags/example_latest_only_with_trigger.py took 0.096 seconds
[2024-04-01T23:01:00.319+0000] {processor.py:161} INFO - Started process (PID=2340) to work on /home/airflow/.local/lib/python3.8/site-packages/airflow/example_dags/example_latest_only_with_trigger.py
[2024-04-01T23:01:00.320+0000] {processor.py:830} INFO - Processing file /home/airflow/.local/lib/python3.8/site-packages/airflow/example_dags/example_latest_only_with_trigger.py for tasks to queue
[2024-04-01T23:01:00.321+0000] {logging_mixin.py:188} INFO - [2024-04-01T23:01:00.321+0000] {dagbag.py:540} INFO - Filling up the DagBag from /home/airflow/.local/lib/python3.8/site-packages/airflow/example_dags/example_latest_only_with_trigger.py
[2024-04-01T23:01:00.327+0000] {processor.py:840} INFO - DAG(s) 'latest_only_with_trigger' retrieved from /home/airflow/.local/lib/python3.8/site-packages/airflow/example_dags/example_latest_only_with_trigger.py
[2024-04-01T23:01:00.350+0000] {logging_mixin.py:188} INFO - [2024-04-01T23:01:00.349+0000] {dag.py:3047} INFO - Sync 1 DAGs
[2024-04-01T23:01:00.373+0000] {logging_mixin.py:188} INFO - [2024-04-01T23:01:00.373+0000] {dag.py:3834} INFO - Setting next_dagrun for latest_only_with_trigger to 2024-04-01 16:00:00+00:00, run_after=2024-04-01 20:00:00+00:00
[2024-04-01T23:01:00.410+0000] {processor.py:183} INFO - Processing /home/airflow/.local/lib/python3.8/site-packages/airflow/example_dags/example_latest_only_with_trigger.py took 0.094 seconds
[2024-04-01T23:01:30.664+0000] {processor.py:161} INFO - Started process (PID=2587) to work on /home/airflow/.local/lib/python3.8/site-packages/airflow/example_dags/example_latest_only_with_trigger.py
[2024-04-01T23:01:30.665+0000] {processor.py:830} INFO - Processing file /home/airflow/.local/lib/python3.8/site-packages/airflow/example_dags/example_latest_only_with_trigger.py for tasks to queue
[2024-04-01T23:01:30.667+0000] {logging_mixin.py:188} INFO - [2024-04-01T23:01:30.666+0000] {dagbag.py:540} INFO - Filling up the DagBag from /home/airflow/.local/lib/python3.8/site-packages/airflow/example_dags/example_latest_only_with_trigger.py
[2024-04-01T23:01:30.672+0000] {processor.py:840} INFO - DAG(s) 'latest_only_with_trigger' retrieved from /home/airflow/.local/lib/python3.8/site-packages/airflow/example_dags/example_latest_only_with_trigger.py
[2024-04-01T23:01:30.693+0000] {logging_mixin.py:188} INFO - [2024-04-01T23:01:30.693+0000] {dag.py:3047} INFO - Sync 1 DAGs
[2024-04-01T23:01:30.716+0000] {logging_mixin.py:188} INFO - [2024-04-01T23:01:30.716+0000] {dag.py:3834} INFO - Setting next_dagrun for latest_only_with_trigger to 2024-04-01 16:00:00+00:00, run_after=2024-04-01 20:00:00+00:00
[2024-04-01T23:01:30.740+0000] {processor.py:183} INFO - Processing /home/airflow/.local/lib/python3.8/site-packages/airflow/example_dags/example_latest_only_with_trigger.py took 0.079 seconds
[2024-04-01T23:02:01.269+0000] {processor.py:161} INFO - Started process (PID=2834) to work on /home/airflow/.local/lib/python3.8/site-packages/airflow/example_dags/example_latest_only_with_trigger.py
[2024-04-01T23:02:01.271+0000] {processor.py:830} INFO - Processing file /home/airflow/.local/lib/python3.8/site-packages/airflow/example_dags/example_latest_only_with_trigger.py for tasks to queue
[2024-04-01T23:02:01.272+0000] {logging_mixin.py:188} INFO - [2024-04-01T23:02:01.272+0000] {dagbag.py:540} INFO - Filling up the DagBag from /home/airflow/.local/lib/python3.8/site-packages/airflow/example_dags/example_latest_only_with_trigger.py
[2024-04-01T23:02:01.277+0000] {processor.py:840} INFO - DAG(s) 'latest_only_with_trigger' retrieved from /home/airflow/.local/lib/python3.8/site-packages/airflow/example_dags/example_latest_only_with_trigger.py
[2024-04-01T23:02:01.302+0000] {logging_mixin.py:188} INFO - [2024-04-01T23:02:01.301+0000] {dag.py:3047} INFO - Sync 1 DAGs
[2024-04-01T23:02:01.324+0000] {logging_mixin.py:188} INFO - [2024-04-01T23:02:01.324+0000] {dag.py:3834} INFO - Setting next_dagrun for latest_only_with_trigger to 2024-04-01 16:00:00+00:00, run_after=2024-04-01 20:00:00+00:00
[2024-04-01T23:02:01.360+0000] {processor.py:183} INFO - Processing /home/airflow/.local/lib/python3.8/site-packages/airflow/example_dags/example_latest_only_with_trigger.py took 0.093 seconds
[2024-04-01T23:02:31.693+0000] {processor.py:161} INFO - Started process (PID=3081) to work on /home/airflow/.local/lib/python3.8/site-packages/airflow/example_dags/example_latest_only_with_trigger.py
[2024-04-01T23:02:31.695+0000] {processor.py:830} INFO - Processing file /home/airflow/.local/lib/python3.8/site-packages/airflow/example_dags/example_latest_only_with_trigger.py for tasks to queue
[2024-04-01T23:02:31.696+0000] {logging_mixin.py:188} INFO - [2024-04-01T23:02:31.695+0000] {dagbag.py:540} INFO - Filling up the DagBag from /home/airflow/.local/lib/python3.8/site-packages/airflow/example_dags/example_latest_only_with_trigger.py
[2024-04-01T23:02:31.701+0000] {processor.py:840} INFO - DAG(s) 'latest_only_with_trigger' retrieved from /home/airflow/.local/lib/python3.8/site-packages/airflow/example_dags/example_latest_only_with_trigger.py
[2024-04-01T23:02:31.722+0000] {logging_mixin.py:188} INFO - [2024-04-01T23:02:31.722+0000] {dag.py:3047} INFO - Sync 1 DAGs
[2024-04-01T23:02:31.747+0000] {logging_mixin.py:188} INFO - [2024-04-01T23:02:31.747+0000] {dag.py:3834} INFO - Setting next_dagrun for latest_only_with_trigger to 2024-04-01 16:00:00+00:00, run_after=2024-04-01 20:00:00+00:00
[2024-04-01T23:02:31.781+0000] {processor.py:183} INFO - Processing /home/airflow/.local/lib/python3.8/site-packages/airflow/example_dags/example_latest_only_with_trigger.py took 0.090 seconds
[2024-04-01T23:03:02.177+0000] {processor.py:161} INFO - Started process (PID=3328) to work on /home/airflow/.local/lib/python3.8/site-packages/airflow/example_dags/example_latest_only_with_trigger.py
[2024-04-01T23:03:02.178+0000] {processor.py:830} INFO - Processing file /home/airflow/.local/lib/python3.8/site-packages/airflow/example_dags/example_latest_only_with_trigger.py for tasks to queue
[2024-04-01T23:03:02.179+0000] {logging_mixin.py:188} INFO - [2024-04-01T23:03:02.179+0000] {dagbag.py:540} INFO - Filling up the DagBag from /home/airflow/.local/lib/python3.8/site-packages/airflow/example_dags/example_latest_only_with_trigger.py
[2024-04-01T23:03:02.185+0000] {processor.py:840} INFO - DAG(s) 'latest_only_with_trigger' retrieved from /home/airflow/.local/lib/python3.8/site-packages/airflow/example_dags/example_latest_only_with_trigger.py
[2024-04-01T23:03:02.210+0000] {logging_mixin.py:188} INFO - [2024-04-01T23:03:02.209+0000] {dag.py:3047} INFO - Sync 1 DAGs
[2024-04-01T23:03:02.232+0000] {logging_mixin.py:188} INFO - [2024-04-01T23:03:02.232+0000] {dag.py:3834} INFO - Setting next_dagrun for latest_only_with_trigger to 2024-04-01 16:00:00+00:00, run_after=2024-04-01 20:00:00+00:00
[2024-04-01T23:03:02.258+0000] {processor.py:183} INFO - Processing /home/airflow/.local/lib/python3.8/site-packages/airflow/example_dags/example_latest_only_with_trigger.py took 0.083 seconds
[2024-04-01T23:03:32.620+0000] {processor.py:161} INFO - Started process (PID=3575) to work on /home/airflow/.local/lib/python3.8/site-packages/airflow/example_dags/example_latest_only_with_trigger.py
[2024-04-01T23:03:32.621+0000] {processor.py:830} INFO - Processing file /home/airflow/.local/lib/python3.8/site-packages/airflow/example_dags/example_latest_only_with_trigger.py for tasks to queue
[2024-04-01T23:03:32.622+0000] {logging_mixin.py:188} INFO - [2024-04-01T23:03:32.622+0000] {dagbag.py:540} INFO - Filling up the DagBag from /home/airflow/.local/lib/python3.8/site-packages/airflow/example_dags/example_latest_only_with_trigger.py
[2024-04-01T23:03:32.628+0000] {processor.py:840} INFO - DAG(s) 'latest_only_with_trigger' retrieved from /home/airflow/.local/lib/python3.8/site-packages/airflow/example_dags/example_latest_only_with_trigger.py
[2024-04-01T23:03:32.648+0000] {logging_mixin.py:188} INFO - [2024-04-01T23:03:32.648+0000] {dag.py:3047} INFO - Sync 1 DAGs
[2024-04-01T23:03:32.671+0000] {logging_mixin.py:188} INFO - [2024-04-01T23:03:32.671+0000] {dag.py:3834} INFO - Setting next_dagrun for latest_only_with_trigger to 2024-04-01 16:00:00+00:00, run_after=2024-04-01 20:00:00+00:00
[2024-04-01T23:03:32.708+0000] {processor.py:183} INFO - Processing /home/airflow/.local/lib/python3.8/site-packages/airflow/example_dags/example_latest_only_with_trigger.py took 0.091 seconds
[2024-04-01T23:04:03.338+0000] {processor.py:161} INFO - Started process (PID=3822) to work on /home/airflow/.local/lib/python3.8/site-packages/airflow/example_dags/example_latest_only_with_trigger.py
[2024-04-01T23:04:03.339+0000] {processor.py:830} INFO - Processing file /home/airflow/.local/lib/python3.8/site-packages/airflow/example_dags/example_latest_only_with_trigger.py for tasks to queue
[2024-04-01T23:04:03.340+0000] {logging_mixin.py:188} INFO - [2024-04-01T23:04:03.340+0000] {dagbag.py:540} INFO - Filling up the DagBag from /home/airflow/.local/lib/python3.8/site-packages/airflow/example_dags/example_latest_only_with_trigger.py
[2024-04-01T23:04:03.346+0000] {processor.py:840} INFO - DAG(s) 'latest_only_with_trigger' retrieved from /home/airflow/.local/lib/python3.8/site-packages/airflow/example_dags/example_latest_only_with_trigger.py
[2024-04-01T23:04:03.374+0000] {logging_mixin.py:188} INFO - [2024-04-01T23:04:03.374+0000] {dag.py:3047} INFO - Sync 1 DAGs
[2024-04-01T23:04:03.407+0000] {logging_mixin.py:188} INFO - [2024-04-01T23:04:03.406+0000] {dag.py:3834} INFO - Setting next_dagrun for latest_only_with_trigger to 2024-04-01 16:00:00+00:00, run_after=2024-04-01 20:00:00+00:00
[2024-04-01T23:04:03.449+0000] {processor.py:183} INFO - Processing /home/airflow/.local/lib/python3.8/site-packages/airflow/example_dags/example_latest_only_with_trigger.py took 0.114 seconds
[2024-04-01T23:04:33.749+0000] {processor.py:161} INFO - Started process (PID=4069) to work on /home/airflow/.local/lib/python3.8/site-packages/airflow/example_dags/example_latest_only_with_trigger.py
[2024-04-01T23:04:33.750+0000] {processor.py:830} INFO - Processing file /home/airflow/.local/lib/python3.8/site-packages/airflow/example_dags/example_latest_only_with_trigger.py for tasks to queue
[2024-04-01T23:04:33.751+0000] {logging_mixin.py:188} INFO - [2024-04-01T23:04:33.751+0000] {dagbag.py:540} INFO - Filling up the DagBag from /home/airflow/.local/lib/python3.8/site-packages/airflow/example_dags/example_latest_only_with_trigger.py
[2024-04-01T23:04:33.757+0000] {processor.py:840} INFO - DAG(s) 'latest_only_with_trigger' retrieved from /home/airflow/.local/lib/python3.8/site-packages/airflow/example_dags/example_latest_only_with_trigger.py
[2024-04-01T23:04:33.777+0000] {logging_mixin.py:188} INFO - [2024-04-01T23:04:33.777+0000] {dag.py:3047} INFO - Sync 1 DAGs
[2024-04-01T23:04:33.800+0000] {logging_mixin.py:188} INFO - [2024-04-01T23:04:33.800+0000] {dag.py:3834} INFO - Setting next_dagrun for latest_only_with_trigger to 2024-04-01 16:00:00+00:00, run_after=2024-04-01 20:00:00+00:00
[2024-04-01T23:04:33.836+0000] {processor.py:183} INFO - Processing /home/airflow/.local/lib/python3.8/site-packages/airflow/example_dags/example_latest_only_with_trigger.py took 0.090 seconds
[2024-04-01T23:05:04.702+0000] {processor.py:161} INFO - Started process (PID=4316) to work on /home/airflow/.local/lib/python3.8/site-packages/airflow/example_dags/example_latest_only_with_trigger.py
[2024-04-01T23:05:04.704+0000] {processor.py:830} INFO - Processing file /home/airflow/.local/lib/python3.8/site-packages/airflow/example_dags/example_latest_only_with_trigger.py for tasks to queue
[2024-04-01T23:05:04.706+0000] {logging_mixin.py:188} INFO - [2024-04-01T23:05:04.705+0000] {dagbag.py:540} INFO - Filling up the DagBag from /home/airflow/.local/lib/python3.8/site-packages/airflow/example_dags/example_latest_only_with_trigger.py
[2024-04-01T23:05:04.724+0000] {processor.py:840} INFO - DAG(s) 'latest_only_with_trigger' retrieved from /home/airflow/.local/lib/python3.8/site-packages/airflow/example_dags/example_latest_only_with_trigger.py
[2024-04-01T23:05:04.768+0000] {logging_mixin.py:188} INFO - [2024-04-01T23:05:04.767+0000] {dag.py:3047} INFO - Sync 1 DAGs
[2024-04-01T23:05:04.815+0000] {logging_mixin.py:188} INFO - [2024-04-01T23:05:04.814+0000] {dag.py:3834} INFO - Setting next_dagrun for latest_only_with_trigger to 2024-04-01 16:00:00+00:00, run_after=2024-04-01 20:00:00+00:00
[2024-04-01T23:05:04.853+0000] {processor.py:183} INFO - Processing /home/airflow/.local/lib/python3.8/site-packages/airflow/example_dags/example_latest_only_with_trigger.py took 0.157 seconds
[2024-04-01T23:05:35.111+0000] {processor.py:161} INFO - Started process (PID=4564) to work on /home/airflow/.local/lib/python3.8/site-packages/airflow/example_dags/example_latest_only_with_trigger.py
[2024-04-01T23:05:35.113+0000] {processor.py:830} INFO - Processing file /home/airflow/.local/lib/python3.8/site-packages/airflow/example_dags/example_latest_only_with_trigger.py for tasks to queue
[2024-04-01T23:05:35.115+0000] {logging_mixin.py:188} INFO - [2024-04-01T23:05:35.114+0000] {dagbag.py:540} INFO - Filling up the DagBag from /home/airflow/.local/lib/python3.8/site-packages/airflow/example_dags/example_latest_only_with_trigger.py
[2024-04-01T23:05:35.121+0000] {processor.py:840} INFO - DAG(s) 'latest_only_with_trigger' retrieved from /home/airflow/.local/lib/python3.8/site-packages/airflow/example_dags/example_latest_only_with_trigger.py
[2024-04-01T23:05:35.148+0000] {logging_mixin.py:188} INFO - [2024-04-01T23:05:35.148+0000] {dag.py:3047} INFO - Sync 1 DAGs
[2024-04-01T23:05:35.177+0000] {logging_mixin.py:188} INFO - [2024-04-01T23:05:35.177+0000] {dag.py:3834} INFO - Setting next_dagrun for latest_only_with_trigger to 2024-04-01 16:00:00+00:00, run_after=2024-04-01 20:00:00+00:00
[2024-04-01T23:05:35.211+0000] {processor.py:183} INFO - Processing /home/airflow/.local/lib/python3.8/site-packages/airflow/example_dags/example_latest_only_with_trigger.py took 0.104 seconds
[2024-04-01T23:06:05.748+0000] {processor.py:161} INFO - Started process (PID=4811) to work on /home/airflow/.local/lib/python3.8/site-packages/airflow/example_dags/example_latest_only_with_trigger.py
[2024-04-01T23:06:05.749+0000] {processor.py:830} INFO - Processing file /home/airflow/.local/lib/python3.8/site-packages/airflow/example_dags/example_latest_only_with_trigger.py for tasks to queue
[2024-04-01T23:06:05.750+0000] {logging_mixin.py:188} INFO - [2024-04-01T23:06:05.749+0000] {dagbag.py:540} INFO - Filling up the DagBag from /home/airflow/.local/lib/python3.8/site-packages/airflow/example_dags/example_latest_only_with_trigger.py
[2024-04-01T23:06:05.755+0000] {processor.py:840} INFO - DAG(s) 'latest_only_with_trigger' retrieved from /home/airflow/.local/lib/python3.8/site-packages/airflow/example_dags/example_latest_only_with_trigger.py
[2024-04-01T23:06:05.779+0000] {logging_mixin.py:188} INFO - [2024-04-01T23:06:05.778+0000] {dag.py:3047} INFO - Sync 1 DAGs
[2024-04-01T23:06:05.809+0000] {logging_mixin.py:188} INFO - [2024-04-01T23:06:05.808+0000] {dag.py:3834} INFO - Setting next_dagrun for latest_only_with_trigger to 2024-04-01 16:00:00+00:00, run_after=2024-04-01 20:00:00+00:00
[2024-04-01T23:06:05.837+0000] {processor.py:183} INFO - Processing /home/airflow/.local/lib/python3.8/site-packages/airflow/example_dags/example_latest_only_with_trigger.py took 0.092 seconds
[2024-04-01T23:06:36.146+0000] {processor.py:161} INFO - Started process (PID=5058) to work on /home/airflow/.local/lib/python3.8/site-packages/airflow/example_dags/example_latest_only_with_trigger.py
[2024-04-01T23:06:36.148+0000] {processor.py:830} INFO - Processing file /home/airflow/.local/lib/python3.8/site-packages/airflow/example_dags/example_latest_only_with_trigger.py for tasks to queue
[2024-04-01T23:06:36.149+0000] {logging_mixin.py:188} INFO - [2024-04-01T23:06:36.149+0000] {dagbag.py:540} INFO - Filling up the DagBag from /home/airflow/.local/lib/python3.8/site-packages/airflow/example_dags/example_latest_only_with_trigger.py
[2024-04-01T23:06:36.156+0000] {processor.py:840} INFO - DAG(s) 'latest_only_with_trigger' retrieved from /home/airflow/.local/lib/python3.8/site-packages/airflow/example_dags/example_latest_only_with_trigger.py
[2024-04-01T23:06:36.190+0000] {logging_mixin.py:188} INFO - [2024-04-01T23:06:36.189+0000] {dag.py:3047} INFO - Sync 1 DAGs
[2024-04-01T23:06:36.224+0000] {logging_mixin.py:188} INFO - [2024-04-01T23:06:36.224+0000] {dag.py:3834} INFO - Setting next_dagrun for latest_only_with_trigger to 2024-04-01 16:00:00+00:00, run_after=2024-04-01 20:00:00+00:00
[2024-04-01T23:06:36.253+0000] {processor.py:183} INFO - Processing /home/airflow/.local/lib/python3.8/site-packages/airflow/example_dags/example_latest_only_with_trigger.py took 0.111 seconds
[2024-04-01T23:07:06.695+0000] {processor.py:161} INFO - Started process (PID=5311) to work on /home/airflow/.local/lib/python3.8/site-packages/airflow/example_dags/example_latest_only_with_trigger.py
[2024-04-01T23:07:06.697+0000] {processor.py:830} INFO - Processing file /home/airflow/.local/lib/python3.8/site-packages/airflow/example_dags/example_latest_only_with_trigger.py for tasks to queue
[2024-04-01T23:07:06.698+0000] {logging_mixin.py:188} INFO - [2024-04-01T23:07:06.697+0000] {dagbag.py:540} INFO - Filling up the DagBag from /home/airflow/.local/lib/python3.8/site-packages/airflow/example_dags/example_latest_only_with_trigger.py
[2024-04-01T23:07:06.703+0000] {processor.py:840} INFO - DAG(s) 'latest_only_with_trigger' retrieved from /home/airflow/.local/lib/python3.8/site-packages/airflow/example_dags/example_latest_only_with_trigger.py
[2024-04-01T23:07:06.726+0000] {logging_mixin.py:188} INFO - [2024-04-01T23:07:06.726+0000] {dag.py:3047} INFO - Sync 1 DAGs
[2024-04-01T23:07:06.752+0000] {logging_mixin.py:188} INFO - [2024-04-01T23:07:06.751+0000] {dag.py:3834} INFO - Setting next_dagrun for latest_only_with_trigger to 2024-04-01 16:00:00+00:00, run_after=2024-04-01 20:00:00+00:00
[2024-04-01T23:07:06.776+0000] {processor.py:183} INFO - Processing /home/airflow/.local/lib/python3.8/site-packages/airflow/example_dags/example_latest_only_with_trigger.py took 0.084 seconds
[2024-04-01T23:07:37.095+0000] {processor.py:161} INFO - Started process (PID=5558) to work on /home/airflow/.local/lib/python3.8/site-packages/airflow/example_dags/example_latest_only_with_trigger.py
[2024-04-01T23:07:37.096+0000] {processor.py:830} INFO - Processing file /home/airflow/.local/lib/python3.8/site-packages/airflow/example_dags/example_latest_only_with_trigger.py for tasks to queue
[2024-04-01T23:07:37.098+0000] {logging_mixin.py:188} INFO - [2024-04-01T23:07:37.097+0000] {dagbag.py:540} INFO - Filling up the DagBag from /home/airflow/.local/lib/python3.8/site-packages/airflow/example_dags/example_latest_only_with_trigger.py
[2024-04-01T23:07:37.103+0000] {processor.py:840} INFO - DAG(s) 'latest_only_with_trigger' retrieved from /home/airflow/.local/lib/python3.8/site-packages/airflow/example_dags/example_latest_only_with_trigger.py
[2024-04-01T23:07:37.125+0000] {logging_mixin.py:188} INFO - [2024-04-01T23:07:37.125+0000] {dag.py:3047} INFO - Sync 1 DAGs
[2024-04-01T23:07:37.150+0000] {logging_mixin.py:188} INFO - [2024-04-01T23:07:37.150+0000] {dag.py:3834} INFO - Setting next_dagrun for latest_only_with_trigger to 2024-04-01 16:00:00+00:00, run_after=2024-04-01 20:00:00+00:00
[2024-04-01T23:07:37.176+0000] {processor.py:183} INFO - Processing /home/airflow/.local/lib/python3.8/site-packages/airflow/example_dags/example_latest_only_with_trigger.py took 0.084 seconds
[2024-04-01T23:08:07.387+0000] {processor.py:161} INFO - Started process (PID=5805) to work on /home/airflow/.local/lib/python3.8/site-packages/airflow/example_dags/example_latest_only_with_trigger.py
[2024-04-01T23:08:07.388+0000] {processor.py:830} INFO - Processing file /home/airflow/.local/lib/python3.8/site-packages/airflow/example_dags/example_latest_only_with_trigger.py for tasks to queue
[2024-04-01T23:08:07.389+0000] {logging_mixin.py:188} INFO - [2024-04-01T23:08:07.389+0000] {dagbag.py:540} INFO - Filling up the DagBag from /home/airflow/.local/lib/python3.8/site-packages/airflow/example_dags/example_latest_only_with_trigger.py
[2024-04-01T23:08:07.394+0000] {processor.py:840} INFO - DAG(s) 'latest_only_with_trigger' retrieved from /home/airflow/.local/lib/python3.8/site-packages/airflow/example_dags/example_latest_only_with_trigger.py
[2024-04-01T23:08:07.415+0000] {logging_mixin.py:188} INFO - [2024-04-01T23:08:07.414+0000] {dag.py:3047} INFO - Sync 1 DAGs
[2024-04-01T23:08:07.439+0000] {logging_mixin.py:188} INFO - [2024-04-01T23:08:07.438+0000] {dag.py:3834} INFO - Setting next_dagrun for latest_only_with_trigger to 2024-04-01 16:00:00+00:00, run_after=2024-04-01 20:00:00+00:00
[2024-04-01T23:08:07.474+0000] {processor.py:183} INFO - Processing /home/airflow/.local/lib/python3.8/site-packages/airflow/example_dags/example_latest_only_with_trigger.py took 0.090 seconds
[2024-04-01T23:08:37.978+0000] {processor.py:161} INFO - Started process (PID=6052) to work on /home/airflow/.local/lib/python3.8/site-packages/airflow/example_dags/example_latest_only_with_trigger.py
[2024-04-01T23:08:37.979+0000] {processor.py:830} INFO - Processing file /home/airflow/.local/lib/python3.8/site-packages/airflow/example_dags/example_latest_only_with_trigger.py for tasks to queue
[2024-04-01T23:08:37.980+0000] {logging_mixin.py:188} INFO - [2024-04-01T23:08:37.980+0000] {dagbag.py:540} INFO - Filling up the DagBag from /home/airflow/.local/lib/python3.8/site-packages/airflow/example_dags/example_latest_only_with_trigger.py
[2024-04-01T23:08:37.985+0000] {processor.py:840} INFO - DAG(s) 'latest_only_with_trigger' retrieved from /home/airflow/.local/lib/python3.8/site-packages/airflow/example_dags/example_latest_only_with_trigger.py
[2024-04-01T23:08:38.007+0000] {logging_mixin.py:188} INFO - [2024-04-01T23:08:38.007+0000] {dag.py:3047} INFO - Sync 1 DAGs
[2024-04-01T23:08:38.030+0000] {logging_mixin.py:188} INFO - [2024-04-01T23:08:38.030+0000] {dag.py:3834} INFO - Setting next_dagrun for latest_only_with_trigger to 2024-04-01 16:00:00+00:00, run_after=2024-04-01 20:00:00+00:00
[2024-04-01T23:08:38.066+0000] {processor.py:183} INFO - Processing /home/airflow/.local/lib/python3.8/site-packages/airflow/example_dags/example_latest_only_with_trigger.py took 0.091 seconds
[2024-04-01T23:09:08.296+0000] {processor.py:161} INFO - Started process (PID=6300) to work on /home/airflow/.local/lib/python3.8/site-packages/airflow/example_dags/example_latest_only_with_trigger.py
[2024-04-01T23:09:08.297+0000] {processor.py:830} INFO - Processing file /home/airflow/.local/lib/python3.8/site-packages/airflow/example_dags/example_latest_only_with_trigger.py for tasks to queue
[2024-04-01T23:09:08.298+0000] {logging_mixin.py:188} INFO - [2024-04-01T23:09:08.298+0000] {dagbag.py:540} INFO - Filling up the DagBag from /home/airflow/.local/lib/python3.8/site-packages/airflow/example_dags/example_latest_only_with_trigger.py
[2024-04-01T23:09:08.304+0000] {processor.py:840} INFO - DAG(s) 'latest_only_with_trigger' retrieved from /home/airflow/.local/lib/python3.8/site-packages/airflow/example_dags/example_latest_only_with_trigger.py
[2024-04-01T23:09:08.325+0000] {logging_mixin.py:188} INFO - [2024-04-01T23:09:08.324+0000] {dag.py:3047} INFO - Sync 1 DAGs
[2024-04-01T23:09:08.349+0000] {logging_mixin.py:188} INFO - [2024-04-01T23:09:08.349+0000] {dag.py:3834} INFO - Setting next_dagrun for latest_only_with_trigger to 2024-04-01 16:00:00+00:00, run_after=2024-04-01 20:00:00+00:00
[2024-04-01T23:09:08.383+0000] {processor.py:183} INFO - Processing /home/airflow/.local/lib/python3.8/site-packages/airflow/example_dags/example_latest_only_with_trigger.py took 0.090 seconds
[2024-04-01T23:09:38.654+0000] {processor.py:161} INFO - Started process (PID=6547) to work on /home/airflow/.local/lib/python3.8/site-packages/airflow/example_dags/example_latest_only_with_trigger.py
[2024-04-01T23:09:38.655+0000] {processor.py:830} INFO - Processing file /home/airflow/.local/lib/python3.8/site-packages/airflow/example_dags/example_latest_only_with_trigger.py for tasks to queue
[2024-04-01T23:09:38.656+0000] {logging_mixin.py:188} INFO - [2024-04-01T23:09:38.656+0000] {dagbag.py:540} INFO - Filling up the DagBag from /home/airflow/.local/lib/python3.8/site-packages/airflow/example_dags/example_latest_only_with_trigger.py
[2024-04-01T23:09:38.662+0000] {processor.py:840} INFO - DAG(s) 'latest_only_with_trigger' retrieved from /home/airflow/.local/lib/python3.8/site-packages/airflow/example_dags/example_latest_only_with_trigger.py
[2024-04-01T23:09:38.686+0000] {logging_mixin.py:188} INFO - [2024-04-01T23:09:38.685+0000] {dag.py:3047} INFO - Sync 1 DAGs
[2024-04-01T23:09:38.708+0000] {logging_mixin.py:188} INFO - [2024-04-01T23:09:38.708+0000] {dag.py:3834} INFO - Setting next_dagrun for latest_only_with_trigger to 2024-04-01 16:00:00+00:00, run_after=2024-04-01 20:00:00+00:00
[2024-04-01T23:09:38.744+0000] {processor.py:183} INFO - Processing /home/airflow/.local/lib/python3.8/site-packages/airflow/example_dags/example_latest_only_with_trigger.py took 0.093 seconds
[2024-04-01T23:10:09.173+0000] {processor.py:161} INFO - Started process (PID=6794) to work on /home/airflow/.local/lib/python3.8/site-packages/airflow/example_dags/example_latest_only_with_trigger.py
[2024-04-01T23:10:09.175+0000] {processor.py:830} INFO - Processing file /home/airflow/.local/lib/python3.8/site-packages/airflow/example_dags/example_latest_only_with_trigger.py for tasks to queue
[2024-04-01T23:10:09.176+0000] {logging_mixin.py:188} INFO - [2024-04-01T23:10:09.175+0000] {dagbag.py:540} INFO - Filling up the DagBag from /home/airflow/.local/lib/python3.8/site-packages/airflow/example_dags/example_latest_only_with_trigger.py
[2024-04-01T23:10:09.181+0000] {processor.py:840} INFO - DAG(s) 'latest_only_with_trigger' retrieved from /home/airflow/.local/lib/python3.8/site-packages/airflow/example_dags/example_latest_only_with_trigger.py
[2024-04-01T23:10:09.203+0000] {logging_mixin.py:188} INFO - [2024-04-01T23:10:09.203+0000] {dag.py:3047} INFO - Sync 1 DAGs
[2024-04-01T23:10:09.226+0000] {logging_mixin.py:188} INFO - [2024-04-01T23:10:09.226+0000] {dag.py:3834} INFO - Setting next_dagrun for latest_only_with_trigger to 2024-04-01 16:00:00+00:00, run_after=2024-04-01 20:00:00+00:00
[2024-04-01T23:10:09.262+0000] {processor.py:183} INFO - Processing /home/airflow/.local/lib/python3.8/site-packages/airflow/example_dags/example_latest_only_with_trigger.py took 0.091 seconds
[2024-04-01T23:10:39.467+0000] {processor.py:161} INFO - Started process (PID=7041) to work on /home/airflow/.local/lib/python3.8/site-packages/airflow/example_dags/example_latest_only_with_trigger.py
[2024-04-01T23:10:39.469+0000] {processor.py:830} INFO - Processing file /home/airflow/.local/lib/python3.8/site-packages/airflow/example_dags/example_latest_only_with_trigger.py for tasks to queue
[2024-04-01T23:10:39.470+0000] {logging_mixin.py:188} INFO - [2024-04-01T23:10:39.470+0000] {dagbag.py:540} INFO - Filling up the DagBag from /home/airflow/.local/lib/python3.8/site-packages/airflow/example_dags/example_latest_only_with_trigger.py
[2024-04-01T23:10:39.478+0000] {processor.py:840} INFO - DAG(s) 'latest_only_with_trigger' retrieved from /home/airflow/.local/lib/python3.8/site-packages/airflow/example_dags/example_latest_only_with_trigger.py
[2024-04-01T23:10:39.502+0000] {logging_mixin.py:188} INFO - [2024-04-01T23:10:39.502+0000] {dag.py:3047} INFO - Sync 1 DAGs
[2024-04-01T23:10:39.526+0000] {logging_mixin.py:188} INFO - [2024-04-01T23:10:39.526+0000] {dag.py:3834} INFO - Setting next_dagrun for latest_only_with_trigger to 2024-04-01 16:00:00+00:00, run_after=2024-04-01 20:00:00+00:00
[2024-04-01T23:10:39.559+0000] {processor.py:183} INFO - Processing /home/airflow/.local/lib/python3.8/site-packages/airflow/example_dags/example_latest_only_with_trigger.py took 0.096 seconds
[2024-04-01T23:11:09.866+0000] {processor.py:161} INFO - Started process (PID=7288) to work on /home/airflow/.local/lib/python3.8/site-packages/airflow/example_dags/example_latest_only_with_trigger.py
[2024-04-01T23:11:09.867+0000] {processor.py:830} INFO - Processing file /home/airflow/.local/lib/python3.8/site-packages/airflow/example_dags/example_latest_only_with_trigger.py for tasks to queue
[2024-04-01T23:11:09.868+0000] {logging_mixin.py:188} INFO - [2024-04-01T23:11:09.868+0000] {dagbag.py:540} INFO - Filling up the DagBag from /home/airflow/.local/lib/python3.8/site-packages/airflow/example_dags/example_latest_only_with_trigger.py
[2024-04-01T23:11:09.874+0000] {processor.py:840} INFO - DAG(s) 'latest_only_with_trigger' retrieved from /home/airflow/.local/lib/python3.8/site-packages/airflow/example_dags/example_latest_only_with_trigger.py
[2024-04-01T23:11:09.894+0000] {logging_mixin.py:188} INFO - [2024-04-01T23:11:09.894+0000] {dag.py:3047} INFO - Sync 1 DAGs
[2024-04-01T23:11:09.918+0000] {logging_mixin.py:188} INFO - [2024-04-01T23:11:09.918+0000] {dag.py:3834} INFO - Setting next_dagrun for latest_only_with_trigger to 2024-04-01 16:00:00+00:00, run_after=2024-04-01 20:00:00+00:00
[2024-04-01T23:11:09.952+0000] {processor.py:183} INFO - Processing /home/airflow/.local/lib/python3.8/site-packages/airflow/example_dags/example_latest_only_with_trigger.py took 0.089 seconds
[2024-04-01T23:11:40.402+0000] {processor.py:161} INFO - Started process (PID=7535) to work on /home/airflow/.local/lib/python3.8/site-packages/airflow/example_dags/example_latest_only_with_trigger.py
[2024-04-01T23:11:40.403+0000] {processor.py:830} INFO - Processing file /home/airflow/.local/lib/python3.8/site-packages/airflow/example_dags/example_latest_only_with_trigger.py for tasks to queue
[2024-04-01T23:11:40.404+0000] {logging_mixin.py:188} INFO - [2024-04-01T23:11:40.404+0000] {dagbag.py:540} INFO - Filling up the DagBag from /home/airflow/.local/lib/python3.8/site-packages/airflow/example_dags/example_latest_only_with_trigger.py
[2024-04-01T23:11:40.410+0000] {processor.py:840} INFO - DAG(s) 'latest_only_with_trigger' retrieved from /home/airflow/.local/lib/python3.8/site-packages/airflow/example_dags/example_latest_only_with_trigger.py
[2024-04-01T23:11:40.430+0000] {logging_mixin.py:188} INFO - [2024-04-01T23:11:40.429+0000] {dag.py:3047} INFO - Sync 1 DAGs
[2024-04-01T23:11:40.453+0000] {logging_mixin.py:188} INFO - [2024-04-01T23:11:40.452+0000] {dag.py:3834} INFO - Setting next_dagrun for latest_only_with_trigger to 2024-04-01 16:00:00+00:00, run_after=2024-04-01 20:00:00+00:00
[2024-04-01T23:11:40.479+0000] {processor.py:183} INFO - Processing /home/airflow/.local/lib/python3.8/site-packages/airflow/example_dags/example_latest_only_with_trigger.py took 0.079 seconds
[2024-04-01T23:12:10.994+0000] {processor.py:161} INFO - Started process (PID=7782) to work on /home/airflow/.local/lib/python3.8/site-packages/airflow/example_dags/example_latest_only_with_trigger.py
[2024-04-01T23:12:10.995+0000] {processor.py:830} INFO - Processing file /home/airflow/.local/lib/python3.8/site-packages/airflow/example_dags/example_latest_only_with_trigger.py for tasks to queue
[2024-04-01T23:12:10.996+0000] {logging_mixin.py:188} INFO - [2024-04-01T23:12:10.996+0000] {dagbag.py:540} INFO - Filling up the DagBag from /home/airflow/.local/lib/python3.8/site-packages/airflow/example_dags/example_latest_only_with_trigger.py
[2024-04-01T23:12:11.002+0000] {processor.py:840} INFO - DAG(s) 'latest_only_with_trigger' retrieved from /home/airflow/.local/lib/python3.8/site-packages/airflow/example_dags/example_latest_only_with_trigger.py
[2024-04-01T23:12:11.026+0000] {logging_mixin.py:188} INFO - [2024-04-01T23:12:11.026+0000] {dag.py:3047} INFO - Sync 1 DAGs
[2024-04-01T23:12:11.050+0000] {logging_mixin.py:188} INFO - [2024-04-01T23:12:11.050+0000] {dag.py:3834} INFO - Setting next_dagrun for latest_only_with_trigger to 2024-04-01 16:00:00+00:00, run_after=2024-04-01 20:00:00+00:00
[2024-04-01T23:12:11.088+0000] {processor.py:183} INFO - Processing /home/airflow/.local/lib/python3.8/site-packages/airflow/example_dags/example_latest_only_with_trigger.py took 0.098 seconds
[2024-04-01T23:12:41.545+0000] {processor.py:161} INFO - Started process (PID=8030) to work on /home/airflow/.local/lib/python3.8/site-packages/airflow/example_dags/example_latest_only_with_trigger.py
[2024-04-01T23:12:41.546+0000] {processor.py:830} INFO - Processing file /home/airflow/.local/lib/python3.8/site-packages/airflow/example_dags/example_latest_only_with_trigger.py for tasks to queue
[2024-04-01T23:12:41.547+0000] {logging_mixin.py:188} INFO - [2024-04-01T23:12:41.546+0000] {dagbag.py:540} INFO - Filling up the DagBag from /home/airflow/.local/lib/python3.8/site-packages/airflow/example_dags/example_latest_only_with_trigger.py
[2024-04-01T23:12:41.552+0000] {processor.py:840} INFO - DAG(s) 'latest_only_with_trigger' retrieved from /home/airflow/.local/lib/python3.8/site-packages/airflow/example_dags/example_latest_only_with_trigger.py
[2024-04-01T23:12:41.573+0000] {logging_mixin.py:188} INFO - [2024-04-01T23:12:41.573+0000] {dag.py:3047} INFO - Sync 1 DAGs
[2024-04-01T23:12:41.597+0000] {logging_mixin.py:188} INFO - [2024-04-01T23:12:41.597+0000] {dag.py:3834} INFO - Setting next_dagrun for latest_only_with_trigger to 2024-04-01 16:00:00+00:00, run_after=2024-04-01 20:00:00+00:00
[2024-04-01T23:12:41.623+0000] {processor.py:183} INFO - Processing /home/airflow/.local/lib/python3.8/site-packages/airflow/example_dags/example_latest_only_with_trigger.py took 0.082 seconds
[2024-04-01T23:13:12.040+0000] {processor.py:161} INFO - Started process (PID=8277) to work on /home/airflow/.local/lib/python3.8/site-packages/airflow/example_dags/example_latest_only_with_trigger.py
[2024-04-01T23:13:12.041+0000] {processor.py:830} INFO - Processing file /home/airflow/.local/lib/python3.8/site-packages/airflow/example_dags/example_latest_only_with_trigger.py for tasks to queue
[2024-04-01T23:13:12.043+0000] {logging_mixin.py:188} INFO - [2024-04-01T23:13:12.042+0000] {dagbag.py:540} INFO - Filling up the DagBag from /home/airflow/.local/lib/python3.8/site-packages/airflow/example_dags/example_latest_only_with_trigger.py
[2024-04-01T23:13:12.048+0000] {processor.py:840} INFO - DAG(s) 'latest_only_with_trigger' retrieved from /home/airflow/.local/lib/python3.8/site-packages/airflow/example_dags/example_latest_only_with_trigger.py
[2024-04-01T23:13:12.072+0000] {logging_mixin.py:188} INFO - [2024-04-01T23:13:12.072+0000] {dag.py:3047} INFO - Sync 1 DAGs
[2024-04-01T23:13:12.124+0000] {logging_mixin.py:188} INFO - [2024-04-01T23:13:12.124+0000] {dag.py:3834} INFO - Setting next_dagrun for latest_only_with_trigger to 2024-04-01 16:00:00+00:00, run_after=2024-04-01 20:00:00+00:00
[2024-04-01T23:13:12.151+0000] {processor.py:183} INFO - Processing /home/airflow/.local/lib/python3.8/site-packages/airflow/example_dags/example_latest_only_with_trigger.py took 0.114 seconds
[2024-04-01T23:13:42.653+0000] {processor.py:161} INFO - Started process (PID=8525) to work on /home/airflow/.local/lib/python3.8/site-packages/airflow/example_dags/example_latest_only_with_trigger.py
[2024-04-01T23:13:42.654+0000] {processor.py:830} INFO - Processing file /home/airflow/.local/lib/python3.8/site-packages/airflow/example_dags/example_latest_only_with_trigger.py for tasks to queue
[2024-04-01T23:13:42.655+0000] {logging_mixin.py:188} INFO - [2024-04-01T23:13:42.655+0000] {dagbag.py:540} INFO - Filling up the DagBag from /home/airflow/.local/lib/python3.8/site-packages/airflow/example_dags/example_latest_only_with_trigger.py
[2024-04-01T23:13:42.661+0000] {processor.py:840} INFO - DAG(s) 'latest_only_with_trigger' retrieved from /home/airflow/.local/lib/python3.8/site-packages/airflow/example_dags/example_latest_only_with_trigger.py
[2024-04-01T23:13:42.683+0000] {logging_mixin.py:188} INFO - [2024-04-01T23:13:42.683+0000] {dag.py:3047} INFO - Sync 1 DAGs
[2024-04-01T23:13:42.706+0000] {logging_mixin.py:188} INFO - [2024-04-01T23:13:42.705+0000] {dag.py:3834} INFO - Setting next_dagrun for latest_only_with_trigger to 2024-04-01 16:00:00+00:00, run_after=2024-04-01 20:00:00+00:00
[2024-04-01T23:13:42.740+0000] {processor.py:183} INFO - Processing /home/airflow/.local/lib/python3.8/site-packages/airflow/example_dags/example_latest_only_with_trigger.py took 0.090 seconds
[2024-04-01T23:14:13.062+0000] {processor.py:161} INFO - Started process (PID=8772) to work on /home/airflow/.local/lib/python3.8/site-packages/airflow/example_dags/example_latest_only_with_trigger.py
[2024-04-01T23:14:13.063+0000] {processor.py:830} INFO - Processing file /home/airflow/.local/lib/python3.8/site-packages/airflow/example_dags/example_latest_only_with_trigger.py for tasks to queue
[2024-04-01T23:14:13.064+0000] {logging_mixin.py:188} INFO - [2024-04-01T23:14:13.064+0000] {dagbag.py:540} INFO - Filling up the DagBag from /home/airflow/.local/lib/python3.8/site-packages/airflow/example_dags/example_latest_only_with_trigger.py
[2024-04-01T23:14:13.070+0000] {processor.py:840} INFO - DAG(s) 'latest_only_with_trigger' retrieved from /home/airflow/.local/lib/python3.8/site-packages/airflow/example_dags/example_latest_only_with_trigger.py
[2024-04-01T23:14:13.092+0000] {logging_mixin.py:188} INFO - [2024-04-01T23:14:13.091+0000] {dag.py:3047} INFO - Sync 1 DAGs
[2024-04-01T23:14:13.115+0000] {logging_mixin.py:188} INFO - [2024-04-01T23:14:13.115+0000] {dag.py:3834} INFO - Setting next_dagrun for latest_only_with_trigger to 2024-04-01 16:00:00+00:00, run_after=2024-04-01 20:00:00+00:00
[2024-04-01T23:14:13.139+0000] {processor.py:183} INFO - Processing /home/airflow/.local/lib/python3.8/site-packages/airflow/example_dags/example_latest_only_with_trigger.py took 0.079 seconds
[2024-04-01T23:14:43.632+0000] {processor.py:161} INFO - Started process (PID=9019) to work on /home/airflow/.local/lib/python3.8/site-packages/airflow/example_dags/example_latest_only_with_trigger.py
[2024-04-01T23:14:43.633+0000] {processor.py:830} INFO - Processing file /home/airflow/.local/lib/python3.8/site-packages/airflow/example_dags/example_latest_only_with_trigger.py for tasks to queue
[2024-04-01T23:14:43.634+0000] {logging_mixin.py:188} INFO - [2024-04-01T23:14:43.634+0000] {dagbag.py:540} INFO - Filling up the DagBag from /home/airflow/.local/lib/python3.8/site-packages/airflow/example_dags/example_latest_only_with_trigger.py
[2024-04-01T23:14:43.640+0000] {processor.py:840} INFO - DAG(s) 'latest_only_with_trigger' retrieved from /home/airflow/.local/lib/python3.8/site-packages/airflow/example_dags/example_latest_only_with_trigger.py
[2024-04-01T23:14:43.663+0000] {logging_mixin.py:188} INFO - [2024-04-01T23:14:43.662+0000] {dag.py:3047} INFO - Sync 1 DAGs
[2024-04-01T23:14:43.685+0000] {logging_mixin.py:188} INFO - [2024-04-01T23:14:43.685+0000] {dag.py:3834} INFO - Setting next_dagrun for latest_only_with_trigger to 2024-04-01 16:00:00+00:00, run_after=2024-04-01 20:00:00+00:00
[2024-04-01T23:14:43.721+0000] {processor.py:183} INFO - Processing /home/airflow/.local/lib/python3.8/site-packages/airflow/example_dags/example_latest_only_with_trigger.py took 0.092 seconds
[2024-04-01T23:15:13.850+0000] {processor.py:161} INFO - Started process (PID=9266) to work on /home/airflow/.local/lib/python3.8/site-packages/airflow/example_dags/example_latest_only_with_trigger.py
[2024-04-01T23:15:13.851+0000] {processor.py:830} INFO - Processing file /home/airflow/.local/lib/python3.8/site-packages/airflow/example_dags/example_latest_only_with_trigger.py for tasks to queue
[2024-04-01T23:15:13.853+0000] {logging_mixin.py:188} INFO - [2024-04-01T23:15:13.852+0000] {dagbag.py:540} INFO - Filling up the DagBag from /home/airflow/.local/lib/python3.8/site-packages/airflow/example_dags/example_latest_only_with_trigger.py
[2024-04-01T23:15:13.859+0000] {processor.py:840} INFO - DAG(s) 'latest_only_with_trigger' retrieved from /home/airflow/.local/lib/python3.8/site-packages/airflow/example_dags/example_latest_only_with_trigger.py
[2024-04-01T23:15:13.882+0000] {logging_mixin.py:188} INFO - [2024-04-01T23:15:13.882+0000] {dag.py:3047} INFO - Sync 1 DAGs
[2024-04-01T23:15:13.909+0000] {logging_mixin.py:188} INFO - [2024-04-01T23:15:13.909+0000] {dag.py:3834} INFO - Setting next_dagrun for latest_only_with_trigger to 2024-04-01 16:00:00+00:00, run_after=2024-04-01 20:00:00+00:00
[2024-04-01T23:15:13.936+0000] {processor.py:183} INFO - Processing /home/airflow/.local/lib/python3.8/site-packages/airflow/example_dags/example_latest_only_with_trigger.py took 0.089 seconds
[2024-04-01T23:15:44.603+0000] {processor.py:161} INFO - Started process (PID=9513) to work on /home/airflow/.local/lib/python3.8/site-packages/airflow/example_dags/example_latest_only_with_trigger.py
[2024-04-01T23:15:44.604+0000] {processor.py:830} INFO - Processing file /home/airflow/.local/lib/python3.8/site-packages/airflow/example_dags/example_latest_only_with_trigger.py for tasks to queue
[2024-04-01T23:15:44.605+0000] {logging_mixin.py:188} INFO - [2024-04-01T23:15:44.605+0000] {dagbag.py:540} INFO - Filling up the DagBag from /home/airflow/.local/lib/python3.8/site-packages/airflow/example_dags/example_latest_only_with_trigger.py
[2024-04-01T23:15:44.611+0000] {processor.py:840} INFO - DAG(s) 'latest_only_with_trigger' retrieved from /home/airflow/.local/lib/python3.8/site-packages/airflow/example_dags/example_latest_only_with_trigger.py
[2024-04-01T23:15:44.632+0000] {logging_mixin.py:188} INFO - [2024-04-01T23:15:44.632+0000] {dag.py:3047} INFO - Sync 1 DAGs
[2024-04-01T23:15:44.655+0000] {logging_mixin.py:188} INFO - [2024-04-01T23:15:44.655+0000] {dag.py:3834} INFO - Setting next_dagrun for latest_only_with_trigger to 2024-04-01 16:00:00+00:00, run_after=2024-04-01 20:00:00+00:00
[2024-04-01T23:15:44.679+0000] {processor.py:183} INFO - Processing /home/airflow/.local/lib/python3.8/site-packages/airflow/example_dags/example_latest_only_with_trigger.py took 0.079 seconds
[2024-04-01T23:16:14.950+0000] {processor.py:161} INFO - Started process (PID=9760) to work on /home/airflow/.local/lib/python3.8/site-packages/airflow/example_dags/example_latest_only_with_trigger.py
[2024-04-01T23:16:14.951+0000] {processor.py:830} INFO - Processing file /home/airflow/.local/lib/python3.8/site-packages/airflow/example_dags/example_latest_only_with_trigger.py for tasks to queue
[2024-04-01T23:16:14.952+0000] {logging_mixin.py:188} INFO - [2024-04-01T23:16:14.951+0000] {dagbag.py:540} INFO - Filling up the DagBag from /home/airflow/.local/lib/python3.8/site-packages/airflow/example_dags/example_latest_only_with_trigger.py
[2024-04-01T23:16:14.957+0000] {processor.py:840} INFO - DAG(s) 'latest_only_with_trigger' retrieved from /home/airflow/.local/lib/python3.8/site-packages/airflow/example_dags/example_latest_only_with_trigger.py
[2024-04-01T23:16:14.980+0000] {logging_mixin.py:188} INFO - [2024-04-01T23:16:14.980+0000] {dag.py:3047} INFO - Sync 1 DAGs
[2024-04-01T23:16:15.006+0000] {logging_mixin.py:188} INFO - [2024-04-01T23:16:15.006+0000] {dag.py:3834} INFO - Setting next_dagrun for latest_only_with_trigger to 2024-04-01 16:00:00+00:00, run_after=2024-04-01 20:00:00+00:00
[2024-04-01T23:16:15.037+0000] {processor.py:183} INFO - Processing /home/airflow/.local/lib/python3.8/site-packages/airflow/example_dags/example_latest_only_with_trigger.py took 0.090 seconds
[2024-04-01T23:16:45.365+0000] {processor.py:161} INFO - Started process (PID=10007) to work on /home/airflow/.local/lib/python3.8/site-packages/airflow/example_dags/example_latest_only_with_trigger.py
[2024-04-01T23:16:45.366+0000] {processor.py:830} INFO - Processing file /home/airflow/.local/lib/python3.8/site-packages/airflow/example_dags/example_latest_only_with_trigger.py for tasks to queue
[2024-04-01T23:16:45.367+0000] {logging_mixin.py:188} INFO - [2024-04-01T23:16:45.367+0000] {dagbag.py:540} INFO - Filling up the DagBag from /home/airflow/.local/lib/python3.8/site-packages/airflow/example_dags/example_latest_only_with_trigger.py
[2024-04-01T23:16:45.372+0000] {processor.py:840} INFO - DAG(s) 'latest_only_with_trigger' retrieved from /home/airflow/.local/lib/python3.8/site-packages/airflow/example_dags/example_latest_only_with_trigger.py
[2024-04-01T23:16:45.394+0000] {logging_mixin.py:188} INFO - [2024-04-01T23:16:45.394+0000] {dag.py:3047} INFO - Sync 1 DAGs
[2024-04-01T23:16:45.416+0000] {logging_mixin.py:188} INFO - [2024-04-01T23:16:45.415+0000] {dag.py:3834} INFO - Setting next_dagrun for latest_only_with_trigger to 2024-04-01 16:00:00+00:00, run_after=2024-04-01 20:00:00+00:00
[2024-04-01T23:16:45.447+0000] {processor.py:183} INFO - Processing /home/airflow/.local/lib/python3.8/site-packages/airflow/example_dags/example_latest_only_with_trigger.py took 0.085 seconds
[2024-04-01T23:17:15.920+0000] {processor.py:161} INFO - Started process (PID=10254) to work on /home/airflow/.local/lib/python3.8/site-packages/airflow/example_dags/example_latest_only_with_trigger.py
[2024-04-01T23:17:15.921+0000] {processor.py:830} INFO - Processing file /home/airflow/.local/lib/python3.8/site-packages/airflow/example_dags/example_latest_only_with_trigger.py for tasks to queue
[2024-04-01T23:17:15.922+0000] {logging_mixin.py:188} INFO - [2024-04-01T23:17:15.922+0000] {dagbag.py:540} INFO - Filling up the DagBag from /home/airflow/.local/lib/python3.8/site-packages/airflow/example_dags/example_latest_only_with_trigger.py
[2024-04-01T23:17:15.928+0000] {processor.py:840} INFO - DAG(s) 'latest_only_with_trigger' retrieved from /home/airflow/.local/lib/python3.8/site-packages/airflow/example_dags/example_latest_only_with_trigger.py
[2024-04-01T23:17:15.950+0000] {logging_mixin.py:188} INFO - [2024-04-01T23:17:15.949+0000] {dag.py:3047} INFO - Sync 1 DAGs
[2024-04-01T23:17:15.972+0000] {logging_mixin.py:188} INFO - [2024-04-01T23:17:15.972+0000] {dag.py:3834} INFO - Setting next_dagrun for latest_only_with_trigger to 2024-04-01 16:00:00+00:00, run_after=2024-04-01 20:00:00+00:00
[2024-04-01T23:17:16.008+0000] {processor.py:183} INFO - Processing /home/airflow/.local/lib/python3.8/site-packages/airflow/example_dags/example_latest_only_with_trigger.py took 0.091 seconds
[2024-04-01T23:17:46.289+0000] {processor.py:161} INFO - Started process (PID=10501) to work on /home/airflow/.local/lib/python3.8/site-packages/airflow/example_dags/example_latest_only_with_trigger.py
[2024-04-01T23:17:46.290+0000] {processor.py:830} INFO - Processing file /home/airflow/.local/lib/python3.8/site-packages/airflow/example_dags/example_latest_only_with_trigger.py for tasks to queue
[2024-04-01T23:17:46.291+0000] {logging_mixin.py:188} INFO - [2024-04-01T23:17:46.290+0000] {dagbag.py:540} INFO - Filling up the DagBag from /home/airflow/.local/lib/python3.8/site-packages/airflow/example_dags/example_latest_only_with_trigger.py
[2024-04-01T23:17:46.297+0000] {processor.py:840} INFO - DAG(s) 'latest_only_with_trigger' retrieved from /home/airflow/.local/lib/python3.8/site-packages/airflow/example_dags/example_latest_only_with_trigger.py
[2024-04-01T23:17:46.318+0000] {logging_mixin.py:188} INFO - [2024-04-01T23:17:46.318+0000] {dag.py:3047} INFO - Sync 1 DAGs
[2024-04-01T23:17:46.340+0000] {logging_mixin.py:188} INFO - [2024-04-01T23:17:46.340+0000] {dag.py:3834} INFO - Setting next_dagrun for latest_only_with_trigger to 2024-04-01 16:00:00+00:00, run_after=2024-04-01 20:00:00+00:00
[2024-04-01T23:17:46.376+0000] {processor.py:183} INFO - Processing /home/airflow/.local/lib/python3.8/site-packages/airflow/example_dags/example_latest_only_with_trigger.py took 0.090 seconds
[2024-04-01T23:18:16.876+0000] {processor.py:161} INFO - Started process (PID=10748) to work on /home/airflow/.local/lib/python3.8/site-packages/airflow/example_dags/example_latest_only_with_trigger.py
[2024-04-01T23:18:16.877+0000] {processor.py:830} INFO - Processing file /home/airflow/.local/lib/python3.8/site-packages/airflow/example_dags/example_latest_only_with_trigger.py for tasks to queue
[2024-04-01T23:18:16.878+0000] {logging_mixin.py:188} INFO - [2024-04-01T23:18:16.878+0000] {dagbag.py:540} INFO - Filling up the DagBag from /home/airflow/.local/lib/python3.8/site-packages/airflow/example_dags/example_latest_only_with_trigger.py
[2024-04-01T23:18:16.883+0000] {processor.py:840} INFO - DAG(s) 'latest_only_with_trigger' retrieved from /home/airflow/.local/lib/python3.8/site-packages/airflow/example_dags/example_latest_only_with_trigger.py
[2024-04-01T23:18:16.908+0000] {logging_mixin.py:188} INFO - [2024-04-01T23:18:16.908+0000] {dag.py:3047} INFO - Sync 1 DAGs
[2024-04-01T23:18:16.933+0000] {logging_mixin.py:188} INFO - [2024-04-01T23:18:16.933+0000] {dag.py:3834} INFO - Setting next_dagrun for latest_only_with_trigger to 2024-04-01 16:00:00+00:00, run_after=2024-04-01 20:00:00+00:00
[2024-04-01T23:18:16.967+0000] {processor.py:183} INFO - Processing /home/airflow/.local/lib/python3.8/site-packages/airflow/example_dags/example_latest_only_with_trigger.py took 0.094 seconds
[2024-04-01T23:18:47.415+0000] {processor.py:161} INFO - Started process (PID=10995) to work on /home/airflow/.local/lib/python3.8/site-packages/airflow/example_dags/example_latest_only_with_trigger.py
[2024-04-01T23:18:47.416+0000] {processor.py:830} INFO - Processing file /home/airflow/.local/lib/python3.8/site-packages/airflow/example_dags/example_latest_only_with_trigger.py for tasks to queue
[2024-04-01T23:18:47.417+0000] {logging_mixin.py:188} INFO - [2024-04-01T23:18:47.417+0000] {dagbag.py:540} INFO - Filling up the DagBag from /home/airflow/.local/lib/python3.8/site-packages/airflow/example_dags/example_latest_only_with_trigger.py
[2024-04-01T23:18:47.422+0000] {processor.py:840} INFO - DAG(s) 'latest_only_with_trigger' retrieved from /home/airflow/.local/lib/python3.8/site-packages/airflow/example_dags/example_latest_only_with_trigger.py
[2024-04-01T23:18:47.444+0000] {logging_mixin.py:188} INFO - [2024-04-01T23:18:47.444+0000] {dag.py:3047} INFO - Sync 1 DAGs
[2024-04-01T23:18:47.467+0000] {logging_mixin.py:188} INFO - [2024-04-01T23:18:47.467+0000] {dag.py:3834} INFO - Setting next_dagrun for latest_only_with_trigger to 2024-04-01 16:00:00+00:00, run_after=2024-04-01 20:00:00+00:00
[2024-04-01T23:18:47.492+0000] {processor.py:183} INFO - Processing /home/airflow/.local/lib/python3.8/site-packages/airflow/example_dags/example_latest_only_with_trigger.py took 0.080 seconds
[2024-04-01T23:19:18.168+0000] {processor.py:161} INFO - Started process (PID=11242) to work on /home/airflow/.local/lib/python3.8/site-packages/airflow/example_dags/example_latest_only_with_trigger.py
[2024-04-01T23:19:18.169+0000] {processor.py:830} INFO - Processing file /home/airflow/.local/lib/python3.8/site-packages/airflow/example_dags/example_latest_only_with_trigger.py for tasks to queue
[2024-04-01T23:19:18.170+0000] {logging_mixin.py:188} INFO - [2024-04-01T23:19:18.170+0000] {dagbag.py:540} INFO - Filling up the DagBag from /home/airflow/.local/lib/python3.8/site-packages/airflow/example_dags/example_latest_only_with_trigger.py
[2024-04-01T23:19:18.176+0000] {processor.py:840} INFO - DAG(s) 'latest_only_with_trigger' retrieved from /home/airflow/.local/lib/python3.8/site-packages/airflow/example_dags/example_latest_only_with_trigger.py
[2024-04-01T23:19:18.199+0000] {logging_mixin.py:188} INFO - [2024-04-01T23:19:18.198+0000] {dag.py:3047} INFO - Sync 1 DAGs
[2024-04-01T23:19:18.225+0000] {logging_mixin.py:188} INFO - [2024-04-01T23:19:18.225+0000] {dag.py:3834} INFO - Setting next_dagrun for latest_only_with_trigger to 2024-04-01 16:00:00+00:00, run_after=2024-04-01 20:00:00+00:00
[2024-04-01T23:19:18.257+0000] {processor.py:183} INFO - Processing /home/airflow/.local/lib/python3.8/site-packages/airflow/example_dags/example_latest_only_with_trigger.py took 0.093 seconds
[2024-04-01T23:19:48.720+0000] {processor.py:161} INFO - Started process (PID=11489) to work on /home/airflow/.local/lib/python3.8/site-packages/airflow/example_dags/example_latest_only_with_trigger.py
[2024-04-01T23:19:48.721+0000] {processor.py:830} INFO - Processing file /home/airflow/.local/lib/python3.8/site-packages/airflow/example_dags/example_latest_only_with_trigger.py for tasks to queue
[2024-04-01T23:19:48.723+0000] {logging_mixin.py:188} INFO - [2024-04-01T23:19:48.722+0000] {dagbag.py:540} INFO - Filling up the DagBag from /home/airflow/.local/lib/python3.8/site-packages/airflow/example_dags/example_latest_only_with_trigger.py
[2024-04-01T23:19:48.731+0000] {processor.py:840} INFO - DAG(s) 'latest_only_with_trigger' retrieved from /home/airflow/.local/lib/python3.8/site-packages/airflow/example_dags/example_latest_only_with_trigger.py
[2024-04-01T23:19:48.758+0000] {logging_mixin.py:188} INFO - [2024-04-01T23:19:48.758+0000] {dag.py:3047} INFO - Sync 1 DAGs
[2024-04-01T23:19:48.784+0000] {logging_mixin.py:188} INFO - [2024-04-01T23:19:48.784+0000] {dag.py:3834} INFO - Setting next_dagrun for latest_only_with_trigger to 2024-04-01 16:00:00+00:00, run_after=2024-04-01 20:00:00+00:00
[2024-04-01T23:19:48.810+0000] {processor.py:183} INFO - Processing /home/airflow/.local/lib/python3.8/site-packages/airflow/example_dags/example_latest_only_with_trigger.py took 0.093 seconds
[2024-04-01T23:20:19.527+0000] {processor.py:161} INFO - Started process (PID=11736) to work on /home/airflow/.local/lib/python3.8/site-packages/airflow/example_dags/example_latest_only_with_trigger.py
[2024-04-01T23:20:19.528+0000] {processor.py:830} INFO - Processing file /home/airflow/.local/lib/python3.8/site-packages/airflow/example_dags/example_latest_only_with_trigger.py for tasks to queue
[2024-04-01T23:20:19.529+0000] {logging_mixin.py:188} INFO - [2024-04-01T23:20:19.529+0000] {dagbag.py:540} INFO - Filling up the DagBag from /home/airflow/.local/lib/python3.8/site-packages/airflow/example_dags/example_latest_only_with_trigger.py
[2024-04-01T23:20:19.534+0000] {processor.py:840} INFO - DAG(s) 'latest_only_with_trigger' retrieved from /home/airflow/.local/lib/python3.8/site-packages/airflow/example_dags/example_latest_only_with_trigger.py
[2024-04-01T23:20:19.560+0000] {logging_mixin.py:188} INFO - [2024-04-01T23:20:19.559+0000] {dag.py:3047} INFO - Sync 1 DAGs
[2024-04-01T23:20:19.585+0000] {logging_mixin.py:188} INFO - [2024-04-01T23:20:19.584+0000] {dag.py:3834} INFO - Setting next_dagrun for latest_only_with_trigger to 2024-04-01 16:00:00+00:00, run_after=2024-04-01 20:00:00+00:00
[2024-04-01T23:20:19.617+0000] {processor.py:183} INFO - Processing /home/airflow/.local/lib/python3.8/site-packages/airflow/example_dags/example_latest_only_with_trigger.py took 0.093 seconds
[2024-04-01T23:20:50.010+0000] {processor.py:161} INFO - Started process (PID=11983) to work on /home/airflow/.local/lib/python3.8/site-packages/airflow/example_dags/example_latest_only_with_trigger.py
[2024-04-01T23:20:50.012+0000] {processor.py:830} INFO - Processing file /home/airflow/.local/lib/python3.8/site-packages/airflow/example_dags/example_latest_only_with_trigger.py for tasks to queue
[2024-04-01T23:20:50.014+0000] {logging_mixin.py:188} INFO - [2024-04-01T23:20:50.014+0000] {dagbag.py:540} INFO - Filling up the DagBag from /home/airflow/.local/lib/python3.8/site-packages/airflow/example_dags/example_latest_only_with_trigger.py
[2024-04-01T23:20:50.021+0000] {processor.py:840} INFO - DAG(s) 'latest_only_with_trigger' retrieved from /home/airflow/.local/lib/python3.8/site-packages/airflow/example_dags/example_latest_only_with_trigger.py
[2024-04-01T23:20:50.046+0000] {logging_mixin.py:188} INFO - [2024-04-01T23:20:50.046+0000] {dag.py:3047} INFO - Sync 1 DAGs
[2024-04-01T23:20:50.072+0000] {logging_mixin.py:188} INFO - [2024-04-01T23:20:50.071+0000] {dag.py:3834} INFO - Setting next_dagrun for latest_only_with_trigger to 2024-04-01 16:00:00+00:00, run_after=2024-04-01 20:00:00+00:00
[2024-04-01T23:20:50.117+0000] {processor.py:183} INFO - Processing /home/airflow/.local/lib/python3.8/site-packages/airflow/example_dags/example_latest_only_with_trigger.py took 0.109 seconds
