[2024-04-01T22:56:51.028+0000] {processor.py:161} INFO - Started process (PID=222) to work on /home/airflow/.local/lib/python3.8/site-packages/airflow/example_dags/example_branch_day_of_week_operator.py
[2024-04-01T22:56:51.029+0000] {processor.py:830} INFO - Processing file /home/airflow/.local/lib/python3.8/site-packages/airflow/example_dags/example_branch_day_of_week_operator.py for tasks to queue
[2024-04-01T22:56:51.031+0000] {logging_mixin.py:188} INFO - [2024-04-01T22:56:51.030+0000] {dagbag.py:540} INFO - Filling up the DagBag from /home/airflow/.local/lib/python3.8/site-packages/airflow/example_dags/example_branch_day_of_week_operator.py
[2024-04-01T22:56:51.045+0000] {processor.py:840} INFO - DAG(s) 'example_weekday_branch_operator' retrieved from /home/airflow/.local/lib/python3.8/site-packages/airflow/example_dags/example_branch_day_of_week_operator.py
[2024-04-01T22:56:51.058+0000] {logging_mixin.py:188} INFO - [2024-04-01T22:56:51.057+0000] {dag.py:3047} INFO - Sync 1 DAGs
[2024-04-01T22:56:51.090+0000] {logging_mixin.py:188} INFO - [2024-04-01T22:56:51.090+0000] {dag.py:3834} INFO - Setting next_dagrun for example_weekday_branch_operator to 2024-03-31 00:00:00+00:00, run_after=2024-04-01 00:00:00+00:00
[2024-04-01T22:56:51.114+0000] {processor.py:183} INFO - Processing /home/airflow/.local/lib/python3.8/site-packages/airflow/example_dags/example_branch_day_of_week_operator.py took 0.090 seconds
[2024-04-01T22:57:22.230+0000] {processor.py:161} INFO - Started process (PID=471) to work on /home/airflow/.local/lib/python3.8/site-packages/airflow/example_dags/example_branch_day_of_week_operator.py
[2024-04-01T22:57:22.232+0000] {processor.py:830} INFO - Processing file /home/airflow/.local/lib/python3.8/site-packages/airflow/example_dags/example_branch_day_of_week_operator.py for tasks to queue
[2024-04-01T22:57:22.232+0000] {logging_mixin.py:188} INFO - [2024-04-01T22:57:22.232+0000] {dagbag.py:540} INFO - Filling up the DagBag from /home/airflow/.local/lib/python3.8/site-packages/airflow/example_dags/example_branch_day_of_week_operator.py
[2024-04-01T22:57:22.239+0000] {processor.py:840} INFO - DAG(s) 'example_weekday_branch_operator' retrieved from /home/airflow/.local/lib/python3.8/site-packages/airflow/example_dags/example_branch_day_of_week_operator.py
[2024-04-01T22:57:22.346+0000] {logging_mixin.py:188} INFO - [2024-04-01T22:57:22.346+0000] {dag.py:3047} INFO - Sync 1 DAGs
[2024-04-01T22:57:22.369+0000] {logging_mixin.py:188} INFO - [2024-04-01T22:57:22.369+0000] {dag.py:3834} INFO - Setting next_dagrun for example_weekday_branch_operator to 2024-03-31 00:00:00+00:00, run_after=2024-04-01 00:00:00+00:00
[2024-04-01T22:57:22.403+0000] {processor.py:183} INFO - Processing /home/airflow/.local/lib/python3.8/site-packages/airflow/example_dags/example_branch_day_of_week_operator.py took 0.176 seconds
[2024-04-01T22:57:53.234+0000] {processor.py:161} INFO - Started process (PID=718) to work on /home/airflow/.local/lib/python3.8/site-packages/airflow/example_dags/example_branch_day_of_week_operator.py
[2024-04-01T22:57:53.236+0000] {processor.py:830} INFO - Processing file /home/airflow/.local/lib/python3.8/site-packages/airflow/example_dags/example_branch_day_of_week_operator.py for tasks to queue
[2024-04-01T22:57:53.237+0000] {logging_mixin.py:188} INFO - [2024-04-01T22:57:53.237+0000] {dagbag.py:540} INFO - Filling up the DagBag from /home/airflow/.local/lib/python3.8/site-packages/airflow/example_dags/example_branch_day_of_week_operator.py
[2024-04-01T22:57:53.251+0000] {processor.py:840} INFO - DAG(s) 'example_weekday_branch_operator' retrieved from /home/airflow/.local/lib/python3.8/site-packages/airflow/example_dags/example_branch_day_of_week_operator.py
[2024-04-01T22:57:53.276+0000] {logging_mixin.py:188} INFO - [2024-04-01T22:57:53.276+0000] {dag.py:3047} INFO - Sync 1 DAGs
[2024-04-01T22:57:53.300+0000] {logging_mixin.py:188} INFO - [2024-04-01T22:57:53.300+0000] {dag.py:3834} INFO - Setting next_dagrun for example_weekday_branch_operator to 2024-03-31 00:00:00+00:00, run_after=2024-04-01 00:00:00+00:00
[2024-04-01T22:57:53.320+0000] {processor.py:183} INFO - Processing /home/airflow/.local/lib/python3.8/site-packages/airflow/example_dags/example_branch_day_of_week_operator.py took 0.090 seconds
[2024-04-01T22:58:23.564+0000] {processor.py:161} INFO - Started process (PID=963) to work on /home/airflow/.local/lib/python3.8/site-packages/airflow/example_dags/example_branch_day_of_week_operator.py
[2024-04-01T22:58:23.565+0000] {processor.py:830} INFO - Processing file /home/airflow/.local/lib/python3.8/site-packages/airflow/example_dags/example_branch_day_of_week_operator.py for tasks to queue
[2024-04-01T22:58:23.567+0000] {logging_mixin.py:188} INFO - [2024-04-01T22:58:23.566+0000] {dagbag.py:540} INFO - Filling up the DagBag from /home/airflow/.local/lib/python3.8/site-packages/airflow/example_dags/example_branch_day_of_week_operator.py
[2024-04-01T22:58:23.574+0000] {processor.py:840} INFO - DAG(s) 'example_weekday_branch_operator' retrieved from /home/airflow/.local/lib/python3.8/site-packages/airflow/example_dags/example_branch_day_of_week_operator.py
[2024-04-01T22:58:23.596+0000] {logging_mixin.py:188} INFO - [2024-04-01T22:58:23.596+0000] {dag.py:3047} INFO - Sync 1 DAGs
[2024-04-01T22:58:23.623+0000] {logging_mixin.py:188} INFO - [2024-04-01T22:58:23.623+0000] {dag.py:3834} INFO - Setting next_dagrun for example_weekday_branch_operator to 2024-03-31 00:00:00+00:00, run_after=2024-04-01 00:00:00+00:00
[2024-04-01T22:58:23.649+0000] {processor.py:183} INFO - Processing /home/airflow/.local/lib/python3.8/site-packages/airflow/example_dags/example_branch_day_of_week_operator.py took 0.087 seconds
[2024-04-01T22:58:53.836+0000] {processor.py:161} INFO - Started process (PID=1210) to work on /home/airflow/.local/lib/python3.8/site-packages/airflow/example_dags/example_branch_day_of_week_operator.py
[2024-04-01T22:58:53.838+0000] {processor.py:830} INFO - Processing file /home/airflow/.local/lib/python3.8/site-packages/airflow/example_dags/example_branch_day_of_week_operator.py for tasks to queue
[2024-04-01T22:58:53.840+0000] {logging_mixin.py:188} INFO - [2024-04-01T22:58:53.839+0000] {dagbag.py:540} INFO - Filling up the DagBag from /home/airflow/.local/lib/python3.8/site-packages/airflow/example_dags/example_branch_day_of_week_operator.py
[2024-04-01T22:58:53.856+0000] {processor.py:840} INFO - DAG(s) 'example_weekday_branch_operator' retrieved from /home/airflow/.local/lib/python3.8/site-packages/airflow/example_dags/example_branch_day_of_week_operator.py
[2024-04-01T22:58:53.901+0000] {logging_mixin.py:188} INFO - [2024-04-01T22:58:53.900+0000] {dag.py:3047} INFO - Sync 1 DAGs
[2024-04-01T22:58:53.944+0000] {logging_mixin.py:188} INFO - [2024-04-01T22:58:53.944+0000] {dag.py:3834} INFO - Setting next_dagrun for example_weekday_branch_operator to 2024-03-31 00:00:00+00:00, run_after=2024-04-01 00:00:00+00:00
[2024-04-01T22:58:53.970+0000] {processor.py:183} INFO - Processing /home/airflow/.local/lib/python3.8/site-packages/airflow/example_dags/example_branch_day_of_week_operator.py took 0.139 seconds
[2024-04-01T22:59:24.476+0000] {processor.py:161} INFO - Started process (PID=1459) to work on /home/airflow/.local/lib/python3.8/site-packages/airflow/example_dags/example_branch_day_of_week_operator.py
[2024-04-01T22:59:24.477+0000] {processor.py:830} INFO - Processing file /home/airflow/.local/lib/python3.8/site-packages/airflow/example_dags/example_branch_day_of_week_operator.py for tasks to queue
[2024-04-01T22:59:24.478+0000] {logging_mixin.py:188} INFO - [2024-04-01T22:59:24.478+0000] {dagbag.py:540} INFO - Filling up the DagBag from /home/airflow/.local/lib/python3.8/site-packages/airflow/example_dags/example_branch_day_of_week_operator.py
[2024-04-01T22:59:24.486+0000] {processor.py:840} INFO - DAG(s) 'example_weekday_branch_operator' retrieved from /home/airflow/.local/lib/python3.8/site-packages/airflow/example_dags/example_branch_day_of_week_operator.py
[2024-04-01T22:59:24.508+0000] {logging_mixin.py:188} INFO - [2024-04-01T22:59:24.507+0000] {dag.py:3047} INFO - Sync 1 DAGs
[2024-04-01T22:59:24.535+0000] {logging_mixin.py:188} INFO - [2024-04-01T22:59:24.535+0000] {dag.py:3834} INFO - Setting next_dagrun for example_weekday_branch_operator to 2024-03-31 00:00:00+00:00, run_after=2024-04-01 00:00:00+00:00
[2024-04-01T22:59:24.568+0000] {processor.py:183} INFO - Processing /home/airflow/.local/lib/python3.8/site-packages/airflow/example_dags/example_branch_day_of_week_operator.py took 0.095 seconds
[2024-04-01T22:59:54.716+0000] {processor.py:161} INFO - Started process (PID=1730) to work on /home/airflow/.local/lib/python3.8/site-packages/airflow/example_dags/example_branch_day_of_week_operator.py
[2024-04-01T22:59:54.717+0000] {processor.py:830} INFO - Processing file /home/airflow/.local/lib/python3.8/site-packages/airflow/example_dags/example_branch_day_of_week_operator.py for tasks to queue
[2024-04-01T22:59:54.718+0000] {logging_mixin.py:188} INFO - [2024-04-01T22:59:54.717+0000] {dagbag.py:540} INFO - Filling up the DagBag from /home/airflow/.local/lib/python3.8/site-packages/airflow/example_dags/example_branch_day_of_week_operator.py
[2024-04-01T22:59:54.727+0000] {processor.py:840} INFO - DAG(s) 'example_weekday_branch_operator' retrieved from /home/airflow/.local/lib/python3.8/site-packages/airflow/example_dags/example_branch_day_of_week_operator.py
[2024-04-01T22:59:54.749+0000] {logging_mixin.py:188} INFO - [2024-04-01T22:59:54.748+0000] {dag.py:3047} INFO - Sync 1 DAGs
[2024-04-01T22:59:54.778+0000] {logging_mixin.py:188} INFO - [2024-04-01T22:59:54.777+0000] {dag.py:3834} INFO - Setting next_dagrun for example_weekday_branch_operator to 2024-03-31 00:00:00+00:00, run_after=2024-04-01 00:00:00+00:00
[2024-04-01T22:59:54.815+0000] {processor.py:183} INFO - Processing /home/airflow/.local/lib/python3.8/site-packages/airflow/example_dags/example_branch_day_of_week_operator.py took 0.102 seconds
[2024-04-01T23:00:25.355+0000] {processor.py:161} INFO - Started process (PID=1978) to work on /home/airflow/.local/lib/python3.8/site-packages/airflow/example_dags/example_branch_day_of_week_operator.py
[2024-04-01T23:00:25.357+0000] {processor.py:830} INFO - Processing file /home/airflow/.local/lib/python3.8/site-packages/airflow/example_dags/example_branch_day_of_week_operator.py for tasks to queue
[2024-04-01T23:00:25.359+0000] {logging_mixin.py:188} INFO - [2024-04-01T23:00:25.358+0000] {dagbag.py:540} INFO - Filling up the DagBag from /home/airflow/.local/lib/python3.8/site-packages/airflow/example_dags/example_branch_day_of_week_operator.py
[2024-04-01T23:00:25.368+0000] {processor.py:840} INFO - DAG(s) 'example_weekday_branch_operator' retrieved from /home/airflow/.local/lib/python3.8/site-packages/airflow/example_dags/example_branch_day_of_week_operator.py
[2024-04-01T23:00:25.393+0000] {logging_mixin.py:188} INFO - [2024-04-01T23:00:25.393+0000] {dag.py:3047} INFO - Sync 1 DAGs
[2024-04-01T23:00:25.421+0000] {logging_mixin.py:188} INFO - [2024-04-01T23:00:25.421+0000] {dag.py:3834} INFO - Setting next_dagrun for example_weekday_branch_operator to 2024-03-31 00:00:00+00:00, run_after=2024-04-01 00:00:00+00:00
[2024-04-01T23:00:25.454+0000] {processor.py:183} INFO - Processing /home/airflow/.local/lib/python3.8/site-packages/airflow/example_dags/example_branch_day_of_week_operator.py took 0.105 seconds
[2024-04-01T23:00:55.566+0000] {processor.py:161} INFO - Started process (PID=2225) to work on /home/airflow/.local/lib/python3.8/site-packages/airflow/example_dags/example_branch_day_of_week_operator.py
[2024-04-01T23:00:55.567+0000] {processor.py:830} INFO - Processing file /home/airflow/.local/lib/python3.8/site-packages/airflow/example_dags/example_branch_day_of_week_operator.py for tasks to queue
[2024-04-01T23:00:55.568+0000] {logging_mixin.py:188} INFO - [2024-04-01T23:00:55.568+0000] {dagbag.py:540} INFO - Filling up the DagBag from /home/airflow/.local/lib/python3.8/site-packages/airflow/example_dags/example_branch_day_of_week_operator.py
[2024-04-01T23:00:55.576+0000] {processor.py:840} INFO - DAG(s) 'example_weekday_branch_operator' retrieved from /home/airflow/.local/lib/python3.8/site-packages/airflow/example_dags/example_branch_day_of_week_operator.py
[2024-04-01T23:00:55.600+0000] {logging_mixin.py:188} INFO - [2024-04-01T23:00:55.600+0000] {dag.py:3047} INFO - Sync 1 DAGs
[2024-04-01T23:00:55.628+0000] {logging_mixin.py:188} INFO - [2024-04-01T23:00:55.627+0000] {dag.py:3834} INFO - Setting next_dagrun for example_weekday_branch_operator to 2024-03-31 00:00:00+00:00, run_after=2024-04-01 00:00:00+00:00
[2024-04-01T23:00:55.663+0000] {processor.py:183} INFO - Processing /home/airflow/.local/lib/python3.8/site-packages/airflow/example_dags/example_branch_day_of_week_operator.py took 0.099 seconds
[2024-04-01T23:01:26.020+0000] {processor.py:161} INFO - Started process (PID=2470) to work on /home/airflow/.local/lib/python3.8/site-packages/airflow/example_dags/example_branch_day_of_week_operator.py
[2024-04-01T23:01:26.022+0000] {processor.py:830} INFO - Processing file /home/airflow/.local/lib/python3.8/site-packages/airflow/example_dags/example_branch_day_of_week_operator.py for tasks to queue
[2024-04-01T23:01:26.023+0000] {logging_mixin.py:188} INFO - [2024-04-01T23:01:26.023+0000] {dagbag.py:540} INFO - Filling up the DagBag from /home/airflow/.local/lib/python3.8/site-packages/airflow/example_dags/example_branch_day_of_week_operator.py
[2024-04-01T23:01:26.033+0000] {processor.py:840} INFO - DAG(s) 'example_weekday_branch_operator' retrieved from /home/airflow/.local/lib/python3.8/site-packages/airflow/example_dags/example_branch_day_of_week_operator.py
[2024-04-01T23:01:26.061+0000] {logging_mixin.py:188} INFO - [2024-04-01T23:01:26.060+0000] {dag.py:3047} INFO - Sync 1 DAGs
[2024-04-01T23:01:26.087+0000] {logging_mixin.py:188} INFO - [2024-04-01T23:01:26.087+0000] {dag.py:3834} INFO - Setting next_dagrun for example_weekday_branch_operator to 2024-03-31 00:00:00+00:00, run_after=2024-04-01 00:00:00+00:00
[2024-04-01T23:01:26.106+0000] {processor.py:183} INFO - Processing /home/airflow/.local/lib/python3.8/site-packages/airflow/example_dags/example_branch_day_of_week_operator.py took 0.090 seconds
[2024-04-01T23:01:56.693+0000] {processor.py:161} INFO - Started process (PID=2719) to work on /home/airflow/.local/lib/python3.8/site-packages/airflow/example_dags/example_branch_day_of_week_operator.py
[2024-04-01T23:01:56.694+0000] {processor.py:830} INFO - Processing file /home/airflow/.local/lib/python3.8/site-packages/airflow/example_dags/example_branch_day_of_week_operator.py for tasks to queue
[2024-04-01T23:01:56.695+0000] {logging_mixin.py:188} INFO - [2024-04-01T23:01:56.694+0000] {dagbag.py:540} INFO - Filling up the DagBag from /home/airflow/.local/lib/python3.8/site-packages/airflow/example_dags/example_branch_day_of_week_operator.py
[2024-04-01T23:01:56.702+0000] {processor.py:840} INFO - DAG(s) 'example_weekday_branch_operator' retrieved from /home/airflow/.local/lib/python3.8/site-packages/airflow/example_dags/example_branch_day_of_week_operator.py
[2024-04-01T23:01:56.728+0000] {logging_mixin.py:188} INFO - [2024-04-01T23:01:56.728+0000] {dag.py:3047} INFO - Sync 1 DAGs
[2024-04-01T23:01:56.753+0000] {logging_mixin.py:188} INFO - [2024-04-01T23:01:56.753+0000] {dag.py:3834} INFO - Setting next_dagrun for example_weekday_branch_operator to 2024-03-31 00:00:00+00:00, run_after=2024-04-01 00:00:00+00:00
[2024-04-01T23:01:56.777+0000] {processor.py:183} INFO - Processing /home/airflow/.local/lib/python3.8/site-packages/airflow/example_dags/example_branch_day_of_week_operator.py took 0.087 seconds
[2024-04-01T23:02:27.126+0000] {processor.py:161} INFO - Started process (PID=2966) to work on /home/airflow/.local/lib/python3.8/site-packages/airflow/example_dags/example_branch_day_of_week_operator.py
[2024-04-01T23:02:27.127+0000] {processor.py:830} INFO - Processing file /home/airflow/.local/lib/python3.8/site-packages/airflow/example_dags/example_branch_day_of_week_operator.py for tasks to queue
[2024-04-01T23:02:27.128+0000] {logging_mixin.py:188} INFO - [2024-04-01T23:02:27.127+0000] {dagbag.py:540} INFO - Filling up the DagBag from /home/airflow/.local/lib/python3.8/site-packages/airflow/example_dags/example_branch_day_of_week_operator.py
[2024-04-01T23:02:27.135+0000] {processor.py:840} INFO - DAG(s) 'example_weekday_branch_operator' retrieved from /home/airflow/.local/lib/python3.8/site-packages/airflow/example_dags/example_branch_day_of_week_operator.py
[2024-04-01T23:02:27.159+0000] {logging_mixin.py:188} INFO - [2024-04-01T23:02:27.159+0000] {dag.py:3047} INFO - Sync 1 DAGs
[2024-04-01T23:02:27.183+0000] {logging_mixin.py:188} INFO - [2024-04-01T23:02:27.182+0000] {dag.py:3834} INFO - Setting next_dagrun for example_weekday_branch_operator to 2024-03-31 00:00:00+00:00, run_after=2024-04-01 00:00:00+00:00
[2024-04-01T23:02:27.203+0000] {processor.py:183} INFO - Processing /home/airflow/.local/lib/python3.8/site-packages/airflow/example_dags/example_branch_day_of_week_operator.py took 0.080 seconds
[2024-04-01T23:02:57.556+0000] {processor.py:161} INFO - Started process (PID=3213) to work on /home/airflow/.local/lib/python3.8/site-packages/airflow/example_dags/example_branch_day_of_week_operator.py
[2024-04-01T23:02:57.557+0000] {processor.py:830} INFO - Processing file /home/airflow/.local/lib/python3.8/site-packages/airflow/example_dags/example_branch_day_of_week_operator.py for tasks to queue
[2024-04-01T23:02:57.558+0000] {logging_mixin.py:188} INFO - [2024-04-01T23:02:57.558+0000] {dagbag.py:540} INFO - Filling up the DagBag from /home/airflow/.local/lib/python3.8/site-packages/airflow/example_dags/example_branch_day_of_week_operator.py
[2024-04-01T23:02:57.565+0000] {processor.py:840} INFO - DAG(s) 'example_weekday_branch_operator' retrieved from /home/airflow/.local/lib/python3.8/site-packages/airflow/example_dags/example_branch_day_of_week_operator.py
[2024-04-01T23:02:57.589+0000] {logging_mixin.py:188} INFO - [2024-04-01T23:02:57.588+0000] {dag.py:3047} INFO - Sync 1 DAGs
[2024-04-01T23:02:57.613+0000] {logging_mixin.py:188} INFO - [2024-04-01T23:02:57.613+0000] {dag.py:3834} INFO - Setting next_dagrun for example_weekday_branch_operator to 2024-03-31 00:00:00+00:00, run_after=2024-04-01 00:00:00+00:00
[2024-04-01T23:02:57.637+0000] {processor.py:183} INFO - Processing /home/airflow/.local/lib/python3.8/site-packages/airflow/example_dags/example_branch_day_of_week_operator.py took 0.083 seconds
[2024-04-01T23:03:27.978+0000] {processor.py:161} INFO - Started process (PID=3458) to work on /home/airflow/.local/lib/python3.8/site-packages/airflow/example_dags/example_branch_day_of_week_operator.py
[2024-04-01T23:03:27.980+0000] {processor.py:830} INFO - Processing file /home/airflow/.local/lib/python3.8/site-packages/airflow/example_dags/example_branch_day_of_week_operator.py for tasks to queue
[2024-04-01T23:03:27.981+0000] {logging_mixin.py:188} INFO - [2024-04-01T23:03:27.980+0000] {dagbag.py:540} INFO - Filling up the DagBag from /home/airflow/.local/lib/python3.8/site-packages/airflow/example_dags/example_branch_day_of_week_operator.py
[2024-04-01T23:03:27.988+0000] {processor.py:840} INFO - DAG(s) 'example_weekday_branch_operator' retrieved from /home/airflow/.local/lib/python3.8/site-packages/airflow/example_dags/example_branch_day_of_week_operator.py
[2024-04-01T23:03:28.010+0000] {logging_mixin.py:188} INFO - [2024-04-01T23:03:28.010+0000] {dag.py:3047} INFO - Sync 1 DAGs
[2024-04-01T23:03:28.035+0000] {logging_mixin.py:188} INFO - [2024-04-01T23:03:28.034+0000] {dag.py:3834} INFO - Setting next_dagrun for example_weekday_branch_operator to 2024-03-31 00:00:00+00:00, run_after=2024-04-01 00:00:00+00:00
[2024-04-01T23:03:28.059+0000] {processor.py:183} INFO - Processing /home/airflow/.local/lib/python3.8/site-packages/airflow/example_dags/example_branch_day_of_week_operator.py took 0.083 seconds
[2024-04-01T23:03:58.626+0000] {processor.py:161} INFO - Started process (PID=3707) to work on /home/airflow/.local/lib/python3.8/site-packages/airflow/example_dags/example_branch_day_of_week_operator.py
[2024-04-01T23:03:58.627+0000] {processor.py:830} INFO - Processing file /home/airflow/.local/lib/python3.8/site-packages/airflow/example_dags/example_branch_day_of_week_operator.py for tasks to queue
[2024-04-01T23:03:58.628+0000] {logging_mixin.py:188} INFO - [2024-04-01T23:03:58.628+0000] {dagbag.py:540} INFO - Filling up the DagBag from /home/airflow/.local/lib/python3.8/site-packages/airflow/example_dags/example_branch_day_of_week_operator.py
[2024-04-01T23:03:58.635+0000] {processor.py:840} INFO - DAG(s) 'example_weekday_branch_operator' retrieved from /home/airflow/.local/lib/python3.8/site-packages/airflow/example_dags/example_branch_day_of_week_operator.py
[2024-04-01T23:03:58.661+0000] {logging_mixin.py:188} INFO - [2024-04-01T23:03:58.661+0000] {dag.py:3047} INFO - Sync 1 DAGs
[2024-04-01T23:03:58.686+0000] {logging_mixin.py:188} INFO - [2024-04-01T23:03:58.686+0000] {dag.py:3834} INFO - Setting next_dagrun for example_weekday_branch_operator to 2024-03-31 00:00:00+00:00, run_after=2024-04-01 00:00:00+00:00
[2024-04-01T23:03:58.721+0000] {processor.py:183} INFO - Processing /home/airflow/.local/lib/python3.8/site-packages/airflow/example_dags/example_branch_day_of_week_operator.py took 0.098 seconds
[2024-04-01T23:04:29.182+0000] {processor.py:161} INFO - Started process (PID=3954) to work on /home/airflow/.local/lib/python3.8/site-packages/airflow/example_dags/example_branch_day_of_week_operator.py
[2024-04-01T23:04:29.183+0000] {processor.py:830} INFO - Processing file /home/airflow/.local/lib/python3.8/site-packages/airflow/example_dags/example_branch_day_of_week_operator.py for tasks to queue
[2024-04-01T23:04:29.184+0000] {logging_mixin.py:188} INFO - [2024-04-01T23:04:29.184+0000] {dagbag.py:540} INFO - Filling up the DagBag from /home/airflow/.local/lib/python3.8/site-packages/airflow/example_dags/example_branch_day_of_week_operator.py
[2024-04-01T23:04:29.191+0000] {processor.py:840} INFO - DAG(s) 'example_weekday_branch_operator' retrieved from /home/airflow/.local/lib/python3.8/site-packages/airflow/example_dags/example_branch_day_of_week_operator.py
[2024-04-01T23:04:29.218+0000] {logging_mixin.py:188} INFO - [2024-04-01T23:04:29.218+0000] {dag.py:3047} INFO - Sync 1 DAGs
[2024-04-01T23:04:29.242+0000] {logging_mixin.py:188} INFO - [2024-04-01T23:04:29.242+0000] {dag.py:3834} INFO - Setting next_dagrun for example_weekday_branch_operator to 2024-03-31 00:00:00+00:00, run_after=2024-04-01 00:00:00+00:00
[2024-04-01T23:04:29.267+0000] {processor.py:183} INFO - Processing /home/airflow/.local/lib/python3.8/site-packages/airflow/example_dags/example_branch_day_of_week_operator.py took 0.087 seconds
[2024-04-01T23:04:59.809+0000] {processor.py:161} INFO - Started process (PID=4199) to work on /home/airflow/.local/lib/python3.8/site-packages/airflow/example_dags/example_branch_day_of_week_operator.py
[2024-04-01T23:04:59.810+0000] {processor.py:830} INFO - Processing file /home/airflow/.local/lib/python3.8/site-packages/airflow/example_dags/example_branch_day_of_week_operator.py for tasks to queue
[2024-04-01T23:04:59.812+0000] {logging_mixin.py:188} INFO - [2024-04-01T23:04:59.812+0000] {dagbag.py:540} INFO - Filling up the DagBag from /home/airflow/.local/lib/python3.8/site-packages/airflow/example_dags/example_branch_day_of_week_operator.py
[2024-04-01T23:04:59.826+0000] {processor.py:840} INFO - DAG(s) 'example_weekday_branch_operator' retrieved from /home/airflow/.local/lib/python3.8/site-packages/airflow/example_dags/example_branch_day_of_week_operator.py
[2024-04-01T23:04:59.871+0000] {logging_mixin.py:188} INFO - [2024-04-01T23:04:59.871+0000] {dag.py:3047} INFO - Sync 1 DAGs
[2024-04-01T23:04:59.928+0000] {logging_mixin.py:188} INFO - [2024-04-01T23:04:59.928+0000] {dag.py:3834} INFO - Setting next_dagrun for example_weekday_branch_operator to 2024-03-31 00:00:00+00:00, run_after=2024-04-01 00:00:00+00:00
[2024-04-01T23:04:59.975+0000] {processor.py:183} INFO - Processing /home/airflow/.local/lib/python3.8/site-packages/airflow/example_dags/example_branch_day_of_week_operator.py took 0.171 seconds
[2024-04-01T23:05:30.964+0000] {processor.py:161} INFO - Started process (PID=4447) to work on /home/airflow/.local/lib/python3.8/site-packages/airflow/example_dags/example_branch_day_of_week_operator.py
[2024-04-01T23:05:30.965+0000] {processor.py:830} INFO - Processing file /home/airflow/.local/lib/python3.8/site-packages/airflow/example_dags/example_branch_day_of_week_operator.py for tasks to queue
[2024-04-01T23:05:30.966+0000] {logging_mixin.py:188} INFO - [2024-04-01T23:05:30.966+0000] {dagbag.py:540} INFO - Filling up the DagBag from /home/airflow/.local/lib/python3.8/site-packages/airflow/example_dags/example_branch_day_of_week_operator.py
[2024-04-01T23:05:30.973+0000] {processor.py:840} INFO - DAG(s) 'example_weekday_branch_operator' retrieved from /home/airflow/.local/lib/python3.8/site-packages/airflow/example_dags/example_branch_day_of_week_operator.py
[2024-04-01T23:05:31.003+0000] {logging_mixin.py:188} INFO - [2024-04-01T23:05:31.002+0000] {dag.py:3047} INFO - Sync 1 DAGs
[2024-04-01T23:05:31.030+0000] {logging_mixin.py:188} INFO - [2024-04-01T23:05:31.030+0000] {dag.py:3834} INFO - Setting next_dagrun for example_weekday_branch_operator to 2024-03-31 00:00:00+00:00, run_after=2024-04-01 00:00:00+00:00
[2024-04-01T23:05:31.057+0000] {processor.py:183} INFO - Processing /home/airflow/.local/lib/python3.8/site-packages/airflow/example_dags/example_branch_day_of_week_operator.py took 0.096 seconds
[2024-04-01T23:06:01.998+0000] {processor.py:161} INFO - Started process (PID=4694) to work on /home/airflow/.local/lib/python3.8/site-packages/airflow/example_dags/example_branch_day_of_week_operator.py
[2024-04-01T23:06:02.000+0000] {processor.py:830} INFO - Processing file /home/airflow/.local/lib/python3.8/site-packages/airflow/example_dags/example_branch_day_of_week_operator.py for tasks to queue
[2024-04-01T23:06:02.001+0000] {logging_mixin.py:188} INFO - [2024-04-01T23:06:02.000+0000] {dagbag.py:540} INFO - Filling up the DagBag from /home/airflow/.local/lib/python3.8/site-packages/airflow/example_dags/example_branch_day_of_week_operator.py
[2024-04-01T23:06:02.009+0000] {processor.py:840} INFO - DAG(s) 'example_weekday_branch_operator' retrieved from /home/airflow/.local/lib/python3.8/site-packages/airflow/example_dags/example_branch_day_of_week_operator.py
[2024-04-01T23:06:02.031+0000] {logging_mixin.py:188} INFO - [2024-04-01T23:06:02.031+0000] {dag.py:3047} INFO - Sync 1 DAGs
[2024-04-01T23:06:02.059+0000] {logging_mixin.py:188} INFO - [2024-04-01T23:06:02.058+0000] {dag.py:3834} INFO - Setting next_dagrun for example_weekday_branch_operator to 2024-03-31 00:00:00+00:00, run_after=2024-04-01 00:00:00+00:00
[2024-04-01T23:06:02.081+0000] {processor.py:183} INFO - Processing /home/airflow/.local/lib/python3.8/site-packages/airflow/example_dags/example_branch_day_of_week_operator.py took 0.086 seconds
[2024-04-01T23:06:32.298+0000] {processor.py:161} INFO - Started process (PID=4941) to work on /home/airflow/.local/lib/python3.8/site-packages/airflow/example_dags/example_branch_day_of_week_operator.py
[2024-04-01T23:06:32.299+0000] {processor.py:830} INFO - Processing file /home/airflow/.local/lib/python3.8/site-packages/airflow/example_dags/example_branch_day_of_week_operator.py for tasks to queue
[2024-04-01T23:06:32.300+0000] {logging_mixin.py:188} INFO - [2024-04-01T23:06:32.300+0000] {dagbag.py:540} INFO - Filling up the DagBag from /home/airflow/.local/lib/python3.8/site-packages/airflow/example_dags/example_branch_day_of_week_operator.py
[2024-04-01T23:06:32.307+0000] {processor.py:840} INFO - DAG(s) 'example_weekday_branch_operator' retrieved from /home/airflow/.local/lib/python3.8/site-packages/airflow/example_dags/example_branch_day_of_week_operator.py
[2024-04-01T23:06:32.329+0000] {logging_mixin.py:188} INFO - [2024-04-01T23:06:32.328+0000] {dag.py:3047} INFO - Sync 1 DAGs
[2024-04-01T23:06:32.352+0000] {logging_mixin.py:188} INFO - [2024-04-01T23:06:32.352+0000] {dag.py:3834} INFO - Setting next_dagrun for example_weekday_branch_operator to 2024-03-31 00:00:00+00:00, run_after=2024-04-01 00:00:00+00:00
[2024-04-01T23:06:32.373+0000] {processor.py:183} INFO - Processing /home/airflow/.local/lib/python3.8/site-packages/airflow/example_dags/example_branch_day_of_week_operator.py took 0.078 seconds
[2024-04-01T23:07:02.919+0000] {processor.py:161} INFO - Started process (PID=5188) to work on /home/airflow/.local/lib/python3.8/site-packages/airflow/example_dags/example_branch_day_of_week_operator.py
[2024-04-01T23:07:02.920+0000] {processor.py:830} INFO - Processing file /home/airflow/.local/lib/python3.8/site-packages/airflow/example_dags/example_branch_day_of_week_operator.py for tasks to queue
[2024-04-01T23:07:02.921+0000] {logging_mixin.py:188} INFO - [2024-04-01T23:07:02.921+0000] {dagbag.py:540} INFO - Filling up the DagBag from /home/airflow/.local/lib/python3.8/site-packages/airflow/example_dags/example_branch_day_of_week_operator.py
[2024-04-01T23:07:02.928+0000] {processor.py:840} INFO - DAG(s) 'example_weekday_branch_operator' retrieved from /home/airflow/.local/lib/python3.8/site-packages/airflow/example_dags/example_branch_day_of_week_operator.py
[2024-04-01T23:07:02.953+0000] {logging_mixin.py:188} INFO - [2024-04-01T23:07:02.952+0000] {dag.py:3047} INFO - Sync 1 DAGs
[2024-04-01T23:07:02.976+0000] {logging_mixin.py:188} INFO - [2024-04-01T23:07:02.976+0000] {dag.py:3834} INFO - Setting next_dagrun for example_weekday_branch_operator to 2024-03-31 00:00:00+00:00, run_after=2024-04-01 00:00:00+00:00
[2024-04-01T23:07:02.998+0000] {processor.py:183} INFO - Processing /home/airflow/.local/lib/python3.8/site-packages/airflow/example_dags/example_branch_day_of_week_operator.py took 0.082 seconds
[2024-04-01T23:07:33.234+0000] {processor.py:161} INFO - Started process (PID=5435) to work on /home/airflow/.local/lib/python3.8/site-packages/airflow/example_dags/example_branch_day_of_week_operator.py
[2024-04-01T23:07:33.235+0000] {processor.py:830} INFO - Processing file /home/airflow/.local/lib/python3.8/site-packages/airflow/example_dags/example_branch_day_of_week_operator.py for tasks to queue
[2024-04-01T23:07:33.236+0000] {logging_mixin.py:188} INFO - [2024-04-01T23:07:33.235+0000] {dagbag.py:540} INFO - Filling up the DagBag from /home/airflow/.local/lib/python3.8/site-packages/airflow/example_dags/example_branch_day_of_week_operator.py
[2024-04-01T23:07:33.242+0000] {processor.py:840} INFO - DAG(s) 'example_weekday_branch_operator' retrieved from /home/airflow/.local/lib/python3.8/site-packages/airflow/example_dags/example_branch_day_of_week_operator.py
[2024-04-01T23:07:33.266+0000] {logging_mixin.py:188} INFO - [2024-04-01T23:07:33.265+0000] {dag.py:3047} INFO - Sync 1 DAGs
[2024-04-01T23:07:33.293+0000] {logging_mixin.py:188} INFO - [2024-04-01T23:07:33.293+0000] {dag.py:3834} INFO - Setting next_dagrun for example_weekday_branch_operator to 2024-03-31 00:00:00+00:00, run_after=2024-04-01 00:00:00+00:00
[2024-04-01T23:07:33.315+0000] {processor.py:183} INFO - Processing /home/airflow/.local/lib/python3.8/site-packages/airflow/example_dags/example_branch_day_of_week_operator.py took 0.084 seconds
[2024-04-01T23:08:03.654+0000] {processor.py:161} INFO - Started process (PID=5682) to work on /home/airflow/.local/lib/python3.8/site-packages/airflow/example_dags/example_branch_day_of_week_operator.py
[2024-04-01T23:08:03.656+0000] {processor.py:830} INFO - Processing file /home/airflow/.local/lib/python3.8/site-packages/airflow/example_dags/example_branch_day_of_week_operator.py for tasks to queue
[2024-04-01T23:08:03.658+0000] {logging_mixin.py:188} INFO - [2024-04-01T23:08:03.657+0000] {dagbag.py:540} INFO - Filling up the DagBag from /home/airflow/.local/lib/python3.8/site-packages/airflow/example_dags/example_branch_day_of_week_operator.py
[2024-04-01T23:08:03.665+0000] {processor.py:840} INFO - DAG(s) 'example_weekday_branch_operator' retrieved from /home/airflow/.local/lib/python3.8/site-packages/airflow/example_dags/example_branch_day_of_week_operator.py
[2024-04-01T23:08:03.690+0000] {logging_mixin.py:188} INFO - [2024-04-01T23:08:03.689+0000] {dag.py:3047} INFO - Sync 1 DAGs
[2024-04-01T23:08:03.718+0000] {logging_mixin.py:188} INFO - [2024-04-01T23:08:03.718+0000] {dag.py:3834} INFO - Setting next_dagrun for example_weekday_branch_operator to 2024-03-31 00:00:00+00:00, run_after=2024-04-01 00:00:00+00:00
[2024-04-01T23:08:03.752+0000] {processor.py:183} INFO - Processing /home/airflow/.local/lib/python3.8/site-packages/airflow/example_dags/example_branch_day_of_week_operator.py took 0.101 seconds
[2024-04-01T23:08:34.190+0000] {processor.py:161} INFO - Started process (PID=5929) to work on /home/airflow/.local/lib/python3.8/site-packages/airflow/example_dags/example_branch_day_of_week_operator.py
[2024-04-01T23:08:34.191+0000] {processor.py:830} INFO - Processing file /home/airflow/.local/lib/python3.8/site-packages/airflow/example_dags/example_branch_day_of_week_operator.py for tasks to queue
[2024-04-01T23:08:34.192+0000] {logging_mixin.py:188} INFO - [2024-04-01T23:08:34.192+0000] {dagbag.py:540} INFO - Filling up the DagBag from /home/airflow/.local/lib/python3.8/site-packages/airflow/example_dags/example_branch_day_of_week_operator.py
[2024-04-01T23:08:34.199+0000] {processor.py:840} INFO - DAG(s) 'example_weekday_branch_operator' retrieved from /home/airflow/.local/lib/python3.8/site-packages/airflow/example_dags/example_branch_day_of_week_operator.py
[2024-04-01T23:08:34.221+0000] {logging_mixin.py:188} INFO - [2024-04-01T23:08:34.221+0000] {dag.py:3047} INFO - Sync 1 DAGs
[2024-04-01T23:08:34.245+0000] {logging_mixin.py:188} INFO - [2024-04-01T23:08:34.245+0000] {dag.py:3834} INFO - Setting next_dagrun for example_weekday_branch_operator to 2024-03-31 00:00:00+00:00, run_after=2024-04-01 00:00:00+00:00
[2024-04-01T23:08:34.280+0000] {processor.py:183} INFO - Processing /home/airflow/.local/lib/python3.8/site-packages/airflow/example_dags/example_branch_day_of_week_operator.py took 0.093 seconds
[2024-04-01T23:09:04.624+0000] {processor.py:161} INFO - Started process (PID=6176) to work on /home/airflow/.local/lib/python3.8/site-packages/airflow/example_dags/example_branch_day_of_week_operator.py
[2024-04-01T23:09:04.625+0000] {processor.py:830} INFO - Processing file /home/airflow/.local/lib/python3.8/site-packages/airflow/example_dags/example_branch_day_of_week_operator.py for tasks to queue
[2024-04-01T23:09:04.626+0000] {logging_mixin.py:188} INFO - [2024-04-01T23:09:04.626+0000] {dagbag.py:540} INFO - Filling up the DagBag from /home/airflow/.local/lib/python3.8/site-packages/airflow/example_dags/example_branch_day_of_week_operator.py
[2024-04-01T23:09:04.633+0000] {processor.py:840} INFO - DAG(s) 'example_weekday_branch_operator' retrieved from /home/airflow/.local/lib/python3.8/site-packages/airflow/example_dags/example_branch_day_of_week_operator.py
[2024-04-01T23:09:04.658+0000] {logging_mixin.py:188} INFO - [2024-04-01T23:09:04.658+0000] {dag.py:3047} INFO - Sync 1 DAGs
[2024-04-01T23:09:04.685+0000] {logging_mixin.py:188} INFO - [2024-04-01T23:09:04.684+0000] {dag.py:3834} INFO - Setting next_dagrun for example_weekday_branch_operator to 2024-03-31 00:00:00+00:00, run_after=2024-04-01 00:00:00+00:00
[2024-04-01T23:09:04.720+0000] {processor.py:183} INFO - Processing /home/airflow/.local/lib/python3.8/site-packages/airflow/example_dags/example_branch_day_of_week_operator.py took 0.098 seconds
[2024-04-01T23:09:34.933+0000] {processor.py:161} INFO - Started process (PID=6424) to work on /home/airflow/.local/lib/python3.8/site-packages/airflow/example_dags/example_branch_day_of_week_operator.py
[2024-04-01T23:09:34.934+0000] {processor.py:830} INFO - Processing file /home/airflow/.local/lib/python3.8/site-packages/airflow/example_dags/example_branch_day_of_week_operator.py for tasks to queue
[2024-04-01T23:09:34.935+0000] {logging_mixin.py:188} INFO - [2024-04-01T23:09:34.935+0000] {dagbag.py:540} INFO - Filling up the DagBag from /home/airflow/.local/lib/python3.8/site-packages/airflow/example_dags/example_branch_day_of_week_operator.py
[2024-04-01T23:09:34.943+0000] {processor.py:840} INFO - DAG(s) 'example_weekday_branch_operator' retrieved from /home/airflow/.local/lib/python3.8/site-packages/airflow/example_dags/example_branch_day_of_week_operator.py
[2024-04-01T23:09:34.967+0000] {logging_mixin.py:188} INFO - [2024-04-01T23:09:34.967+0000] {dag.py:3047} INFO - Sync 1 DAGs
[2024-04-01T23:09:34.992+0000] {logging_mixin.py:188} INFO - [2024-04-01T23:09:34.992+0000] {dag.py:3834} INFO - Setting next_dagrun for example_weekday_branch_operator to 2024-03-31 00:00:00+00:00, run_after=2024-04-01 00:00:00+00:00
[2024-04-01T23:09:35.026+0000] {processor.py:183} INFO - Processing /home/airflow/.local/lib/python3.8/site-packages/airflow/example_dags/example_branch_day_of_week_operator.py took 0.096 seconds
[2024-04-01T23:10:05.413+0000] {processor.py:161} INFO - Started process (PID=6671) to work on /home/airflow/.local/lib/python3.8/site-packages/airflow/example_dags/example_branch_day_of_week_operator.py
[2024-04-01T23:10:05.414+0000] {processor.py:830} INFO - Processing file /home/airflow/.local/lib/python3.8/site-packages/airflow/example_dags/example_branch_day_of_week_operator.py for tasks to queue
[2024-04-01T23:10:05.415+0000] {logging_mixin.py:188} INFO - [2024-04-01T23:10:05.415+0000] {dagbag.py:540} INFO - Filling up the DagBag from /home/airflow/.local/lib/python3.8/site-packages/airflow/example_dags/example_branch_day_of_week_operator.py
[2024-04-01T23:10:05.423+0000] {processor.py:840} INFO - DAG(s) 'example_weekday_branch_operator' retrieved from /home/airflow/.local/lib/python3.8/site-packages/airflow/example_dags/example_branch_day_of_week_operator.py
[2024-04-01T23:10:05.446+0000] {logging_mixin.py:188} INFO - [2024-04-01T23:10:05.446+0000] {dag.py:3047} INFO - Sync 1 DAGs
[2024-04-01T23:10:05.469+0000] {logging_mixin.py:188} INFO - [2024-04-01T23:10:05.468+0000] {dag.py:3834} INFO - Setting next_dagrun for example_weekday_branch_operator to 2024-03-31 00:00:00+00:00, run_after=2024-04-01 00:00:00+00:00
[2024-04-01T23:10:05.503+0000] {processor.py:183} INFO - Processing /home/airflow/.local/lib/python3.8/site-packages/airflow/example_dags/example_branch_day_of_week_operator.py took 0.092 seconds
[2024-04-01T23:10:35.765+0000] {processor.py:161} INFO - Started process (PID=6918) to work on /home/airflow/.local/lib/python3.8/site-packages/airflow/example_dags/example_branch_day_of_week_operator.py
[2024-04-01T23:10:35.766+0000] {processor.py:830} INFO - Processing file /home/airflow/.local/lib/python3.8/site-packages/airflow/example_dags/example_branch_day_of_week_operator.py for tasks to queue
[2024-04-01T23:10:35.766+0000] {logging_mixin.py:188} INFO - [2024-04-01T23:10:35.766+0000] {dagbag.py:540} INFO - Filling up the DagBag from /home/airflow/.local/lib/python3.8/site-packages/airflow/example_dags/example_branch_day_of_week_operator.py
[2024-04-01T23:10:35.773+0000] {processor.py:840} INFO - DAG(s) 'example_weekday_branch_operator' retrieved from /home/airflow/.local/lib/python3.8/site-packages/airflow/example_dags/example_branch_day_of_week_operator.py
[2024-04-01T23:10:35.798+0000] {logging_mixin.py:188} INFO - [2024-04-01T23:10:35.798+0000] {dag.py:3047} INFO - Sync 1 DAGs
[2024-04-01T23:10:35.822+0000] {logging_mixin.py:188} INFO - [2024-04-01T23:10:35.822+0000] {dag.py:3834} INFO - Setting next_dagrun for example_weekday_branch_operator to 2024-03-31 00:00:00+00:00, run_after=2024-04-01 00:00:00+00:00
[2024-04-01T23:10:35.858+0000] {processor.py:183} INFO - Processing /home/airflow/.local/lib/python3.8/site-packages/airflow/example_dags/example_branch_day_of_week_operator.py took 0.096 seconds
[2024-04-01T23:11:06.033+0000] {processor.py:161} INFO - Started process (PID=7165) to work on /home/airflow/.local/lib/python3.8/site-packages/airflow/example_dags/example_branch_day_of_week_operator.py
[2024-04-01T23:11:06.034+0000] {processor.py:830} INFO - Processing file /home/airflow/.local/lib/python3.8/site-packages/airflow/example_dags/example_branch_day_of_week_operator.py for tasks to queue
[2024-04-01T23:11:06.035+0000] {logging_mixin.py:188} INFO - [2024-04-01T23:11:06.035+0000] {dagbag.py:540} INFO - Filling up the DagBag from /home/airflow/.local/lib/python3.8/site-packages/airflow/example_dags/example_branch_day_of_week_operator.py
[2024-04-01T23:11:06.042+0000] {processor.py:840} INFO - DAG(s) 'example_weekday_branch_operator' retrieved from /home/airflow/.local/lib/python3.8/site-packages/airflow/example_dags/example_branch_day_of_week_operator.py
[2024-04-01T23:11:06.067+0000] {logging_mixin.py:188} INFO - [2024-04-01T23:11:06.067+0000] {dag.py:3047} INFO - Sync 1 DAGs
[2024-04-01T23:11:06.091+0000] {logging_mixin.py:188} INFO - [2024-04-01T23:11:06.091+0000] {dag.py:3834} INFO - Setting next_dagrun for example_weekday_branch_operator to 2024-03-31 00:00:00+00:00, run_after=2024-04-01 00:00:00+00:00
[2024-04-01T23:11:06.118+0000] {processor.py:183} INFO - Processing /home/airflow/.local/lib/python3.8/site-packages/airflow/example_dags/example_branch_day_of_week_operator.py took 0.087 seconds
[2024-04-01T23:11:36.718+0000] {processor.py:161} INFO - Started process (PID=7412) to work on /home/airflow/.local/lib/python3.8/site-packages/airflow/example_dags/example_branch_day_of_week_operator.py
[2024-04-01T23:11:36.719+0000] {processor.py:830} INFO - Processing file /home/airflow/.local/lib/python3.8/site-packages/airflow/example_dags/example_branch_day_of_week_operator.py for tasks to queue
[2024-04-01T23:11:36.720+0000] {logging_mixin.py:188} INFO - [2024-04-01T23:11:36.720+0000] {dagbag.py:540} INFO - Filling up the DagBag from /home/airflow/.local/lib/python3.8/site-packages/airflow/example_dags/example_branch_day_of_week_operator.py
[2024-04-01T23:11:36.727+0000] {processor.py:840} INFO - DAG(s) 'example_weekday_branch_operator' retrieved from /home/airflow/.local/lib/python3.8/site-packages/airflow/example_dags/example_branch_day_of_week_operator.py
[2024-04-01T23:11:36.750+0000] {logging_mixin.py:188} INFO - [2024-04-01T23:11:36.750+0000] {dag.py:3047} INFO - Sync 1 DAGs
[2024-04-01T23:11:36.773+0000] {logging_mixin.py:188} INFO - [2024-04-01T23:11:36.773+0000] {dag.py:3834} INFO - Setting next_dagrun for example_weekday_branch_operator to 2024-03-31 00:00:00+00:00, run_after=2024-04-01 00:00:00+00:00
[2024-04-01T23:11:36.811+0000] {processor.py:183} INFO - Processing /home/airflow/.local/lib/python3.8/site-packages/airflow/example_dags/example_branch_day_of_week_operator.py took 0.096 seconds
[2024-04-01T23:12:07.120+0000] {processor.py:161} INFO - Started process (PID=7665) to work on /home/airflow/.local/lib/python3.8/site-packages/airflow/example_dags/example_branch_day_of_week_operator.py
[2024-04-01T23:12:07.121+0000] {processor.py:830} INFO - Processing file /home/airflow/.local/lib/python3.8/site-packages/airflow/example_dags/example_branch_day_of_week_operator.py for tasks to queue
[2024-04-01T23:12:07.122+0000] {logging_mixin.py:188} INFO - [2024-04-01T23:12:07.122+0000] {dagbag.py:540} INFO - Filling up the DagBag from /home/airflow/.local/lib/python3.8/site-packages/airflow/example_dags/example_branch_day_of_week_operator.py
[2024-04-01T23:12:07.129+0000] {processor.py:840} INFO - DAG(s) 'example_weekday_branch_operator' retrieved from /home/airflow/.local/lib/python3.8/site-packages/airflow/example_dags/example_branch_day_of_week_operator.py
[2024-04-01T23:12:07.153+0000] {logging_mixin.py:188} INFO - [2024-04-01T23:12:07.153+0000] {dag.py:3047} INFO - Sync 1 DAGs
[2024-04-01T23:12:07.177+0000] {logging_mixin.py:188} INFO - [2024-04-01T23:12:07.176+0000] {dag.py:3834} INFO - Setting next_dagrun for example_weekday_branch_operator to 2024-03-31 00:00:00+00:00, run_after=2024-04-01 00:00:00+00:00
[2024-04-01T23:12:07.212+0000] {processor.py:183} INFO - Processing /home/airflow/.local/lib/python3.8/site-packages/airflow/example_dags/example_branch_day_of_week_operator.py took 0.095 seconds
[2024-04-01T23:12:37.690+0000] {processor.py:161} INFO - Started process (PID=7913) to work on /home/airflow/.local/lib/python3.8/site-packages/airflow/example_dags/example_branch_day_of_week_operator.py
[2024-04-01T23:12:37.692+0000] {processor.py:830} INFO - Processing file /home/airflow/.local/lib/python3.8/site-packages/airflow/example_dags/example_branch_day_of_week_operator.py for tasks to queue
[2024-04-01T23:12:37.692+0000] {logging_mixin.py:188} INFO - [2024-04-01T23:12:37.692+0000] {dagbag.py:540} INFO - Filling up the DagBag from /home/airflow/.local/lib/python3.8/site-packages/airflow/example_dags/example_branch_day_of_week_operator.py
[2024-04-01T23:12:37.699+0000] {processor.py:840} INFO - DAG(s) 'example_weekday_branch_operator' retrieved from /home/airflow/.local/lib/python3.8/site-packages/airflow/example_dags/example_branch_day_of_week_operator.py
[2024-04-01T23:12:37.732+0000] {logging_mixin.py:188} INFO - [2024-04-01T23:12:37.732+0000] {dag.py:3047} INFO - Sync 1 DAGs
[2024-04-01T23:12:37.757+0000] {logging_mixin.py:188} INFO - [2024-04-01T23:12:37.756+0000] {dag.py:3834} INFO - Setting next_dagrun for example_weekday_branch_operator to 2024-03-31 00:00:00+00:00, run_after=2024-04-01 00:00:00+00:00
[2024-04-01T23:12:37.790+0000] {processor.py:183} INFO - Processing /home/airflow/.local/lib/python3.8/site-packages/airflow/example_dags/example_branch_day_of_week_operator.py took 0.103 seconds
[2024-04-01T23:13:08.187+0000] {processor.py:161} INFO - Started process (PID=8160) to work on /home/airflow/.local/lib/python3.8/site-packages/airflow/example_dags/example_branch_day_of_week_operator.py
[2024-04-01T23:13:08.188+0000] {processor.py:830} INFO - Processing file /home/airflow/.local/lib/python3.8/site-packages/airflow/example_dags/example_branch_day_of_week_operator.py for tasks to queue
[2024-04-01T23:13:08.189+0000] {logging_mixin.py:188} INFO - [2024-04-01T23:13:08.188+0000] {dagbag.py:540} INFO - Filling up the DagBag from /home/airflow/.local/lib/python3.8/site-packages/airflow/example_dags/example_branch_day_of_week_operator.py
[2024-04-01T23:13:08.195+0000] {processor.py:840} INFO - DAG(s) 'example_weekday_branch_operator' retrieved from /home/airflow/.local/lib/python3.8/site-packages/airflow/example_dags/example_branch_day_of_week_operator.py
[2024-04-01T23:13:08.220+0000] {logging_mixin.py:188} INFO - [2024-04-01T23:13:08.220+0000] {dag.py:3047} INFO - Sync 1 DAGs
[2024-04-01T23:13:08.244+0000] {logging_mixin.py:188} INFO - [2024-04-01T23:13:08.244+0000] {dag.py:3834} INFO - Setting next_dagrun for example_weekday_branch_operator to 2024-03-31 00:00:00+00:00, run_after=2024-04-01 00:00:00+00:00
[2024-04-01T23:13:08.268+0000] {processor.py:183} INFO - Processing /home/airflow/.local/lib/python3.8/site-packages/airflow/example_dags/example_branch_day_of_week_operator.py took 0.084 seconds
[2024-04-01T23:13:38.922+0000] {processor.py:161} INFO - Started process (PID=8408) to work on /home/airflow/.local/lib/python3.8/site-packages/airflow/example_dags/example_branch_day_of_week_operator.py
[2024-04-01T23:13:38.923+0000] {processor.py:830} INFO - Processing file /home/airflow/.local/lib/python3.8/site-packages/airflow/example_dags/example_branch_day_of_week_operator.py for tasks to queue
[2024-04-01T23:13:38.924+0000] {logging_mixin.py:188} INFO - [2024-04-01T23:13:38.924+0000] {dagbag.py:540} INFO - Filling up the DagBag from /home/airflow/.local/lib/python3.8/site-packages/airflow/example_dags/example_branch_day_of_week_operator.py
[2024-04-01T23:13:38.933+0000] {processor.py:840} INFO - DAG(s) 'example_weekday_branch_operator' retrieved from /home/airflow/.local/lib/python3.8/site-packages/airflow/example_dags/example_branch_day_of_week_operator.py
[2024-04-01T23:13:38.953+0000] {logging_mixin.py:188} INFO - [2024-04-01T23:13:38.953+0000] {dag.py:3047} INFO - Sync 1 DAGs
[2024-04-01T23:13:38.978+0000] {logging_mixin.py:188} INFO - [2024-04-01T23:13:38.977+0000] {dag.py:3834} INFO - Setting next_dagrun for example_weekday_branch_operator to 2024-03-31 00:00:00+00:00, run_after=2024-04-01 00:00:00+00:00
[2024-04-01T23:13:39.013+0000] {processor.py:183} INFO - Processing /home/airflow/.local/lib/python3.8/site-packages/airflow/example_dags/example_branch_day_of_week_operator.py took 0.094 seconds
[2024-04-01T23:14:09.190+0000] {processor.py:161} INFO - Started process (PID=8655) to work on /home/airflow/.local/lib/python3.8/site-packages/airflow/example_dags/example_branch_day_of_week_operator.py
[2024-04-01T23:14:09.191+0000] {processor.py:830} INFO - Processing file /home/airflow/.local/lib/python3.8/site-packages/airflow/example_dags/example_branch_day_of_week_operator.py for tasks to queue
[2024-04-01T23:14:09.192+0000] {logging_mixin.py:188} INFO - [2024-04-01T23:14:09.192+0000] {dagbag.py:540} INFO - Filling up the DagBag from /home/airflow/.local/lib/python3.8/site-packages/airflow/example_dags/example_branch_day_of_week_operator.py
[2024-04-01T23:14:09.199+0000] {processor.py:840} INFO - DAG(s) 'example_weekday_branch_operator' retrieved from /home/airflow/.local/lib/python3.8/site-packages/airflow/example_dags/example_branch_day_of_week_operator.py
[2024-04-01T23:14:09.223+0000] {logging_mixin.py:188} INFO - [2024-04-01T23:14:09.223+0000] {dag.py:3047} INFO - Sync 1 DAGs
[2024-04-01T23:14:09.247+0000] {logging_mixin.py:188} INFO - [2024-04-01T23:14:09.247+0000] {dag.py:3834} INFO - Setting next_dagrun for example_weekday_branch_operator to 2024-03-31 00:00:00+00:00, run_after=2024-04-01 00:00:00+00:00
[2024-04-01T23:14:09.285+0000] {processor.py:183} INFO - Processing /home/airflow/.local/lib/python3.8/site-packages/airflow/example_dags/example_branch_day_of_week_operator.py took 0.098 seconds
[2024-04-01T23:14:39.921+0000] {processor.py:161} INFO - Started process (PID=8902) to work on /home/airflow/.local/lib/python3.8/site-packages/airflow/example_dags/example_branch_day_of_week_operator.py
[2024-04-01T23:14:39.922+0000] {processor.py:830} INFO - Processing file /home/airflow/.local/lib/python3.8/site-packages/airflow/example_dags/example_branch_day_of_week_operator.py for tasks to queue
[2024-04-01T23:14:39.923+0000] {logging_mixin.py:188} INFO - [2024-04-01T23:14:39.923+0000] {dagbag.py:540} INFO - Filling up the DagBag from /home/airflow/.local/lib/python3.8/site-packages/airflow/example_dags/example_branch_day_of_week_operator.py
[2024-04-01T23:14:39.930+0000] {processor.py:840} INFO - DAG(s) 'example_weekday_branch_operator' retrieved from /home/airflow/.local/lib/python3.8/site-packages/airflow/example_dags/example_branch_day_of_week_operator.py
[2024-04-01T23:14:39.954+0000] {logging_mixin.py:188} INFO - [2024-04-01T23:14:39.954+0000] {dag.py:3047} INFO - Sync 1 DAGs
[2024-04-01T23:14:39.979+0000] {logging_mixin.py:188} INFO - [2024-04-01T23:14:39.979+0000] {dag.py:3834} INFO - Setting next_dagrun for example_weekday_branch_operator to 2024-03-31 00:00:00+00:00, run_after=2024-04-01 00:00:00+00:00
[2024-04-01T23:14:40.014+0000] {processor.py:183} INFO - Processing /home/airflow/.local/lib/python3.8/site-packages/airflow/example_dags/example_branch_day_of_week_operator.py took 0.096 seconds
[2024-04-01T23:15:10.198+0000] {processor.py:161} INFO - Started process (PID=9149) to work on /home/airflow/.local/lib/python3.8/site-packages/airflow/example_dags/example_branch_day_of_week_operator.py
[2024-04-01T23:15:10.199+0000] {processor.py:830} INFO - Processing file /home/airflow/.local/lib/python3.8/site-packages/airflow/example_dags/example_branch_day_of_week_operator.py for tasks to queue
[2024-04-01T23:15:10.200+0000] {logging_mixin.py:188} INFO - [2024-04-01T23:15:10.199+0000] {dagbag.py:540} INFO - Filling up the DagBag from /home/airflow/.local/lib/python3.8/site-packages/airflow/example_dags/example_branch_day_of_week_operator.py
[2024-04-01T23:15:10.206+0000] {processor.py:840} INFO - DAG(s) 'example_weekday_branch_operator' retrieved from /home/airflow/.local/lib/python3.8/site-packages/airflow/example_dags/example_branch_day_of_week_operator.py
[2024-04-01T23:15:10.229+0000] {logging_mixin.py:188} INFO - [2024-04-01T23:15:10.228+0000] {dag.py:3047} INFO - Sync 1 DAGs
[2024-04-01T23:15:10.253+0000] {logging_mixin.py:188} INFO - [2024-04-01T23:15:10.253+0000] {dag.py:3834} INFO - Setting next_dagrun for example_weekday_branch_operator to 2024-03-31 00:00:00+00:00, run_after=2024-04-01 00:00:00+00:00
[2024-04-01T23:15:10.290+0000] {processor.py:183} INFO - Processing /home/airflow/.local/lib/python3.8/site-packages/airflow/example_dags/example_branch_day_of_week_operator.py took 0.095 seconds
[2024-04-01T23:15:40.757+0000] {processor.py:161} INFO - Started process (PID=9396) to work on /home/airflow/.local/lib/python3.8/site-packages/airflow/example_dags/example_branch_day_of_week_operator.py
[2024-04-01T23:15:40.758+0000] {processor.py:830} INFO - Processing file /home/airflow/.local/lib/python3.8/site-packages/airflow/example_dags/example_branch_day_of_week_operator.py for tasks to queue
[2024-04-01T23:15:40.759+0000] {logging_mixin.py:188} INFO - [2024-04-01T23:15:40.758+0000] {dagbag.py:540} INFO - Filling up the DagBag from /home/airflow/.local/lib/python3.8/site-packages/airflow/example_dags/example_branch_day_of_week_operator.py
[2024-04-01T23:15:40.766+0000] {processor.py:840} INFO - DAG(s) 'example_weekday_branch_operator' retrieved from /home/airflow/.local/lib/python3.8/site-packages/airflow/example_dags/example_branch_day_of_week_operator.py
[2024-04-01T23:15:40.790+0000] {logging_mixin.py:188} INFO - [2024-04-01T23:15:40.790+0000] {dag.py:3047} INFO - Sync 1 DAGs
[2024-04-01T23:15:40.815+0000] {logging_mixin.py:188} INFO - [2024-04-01T23:15:40.814+0000] {dag.py:3834} INFO - Setting next_dagrun for example_weekday_branch_operator to 2024-03-31 00:00:00+00:00, run_after=2024-04-01 00:00:00+00:00
[2024-04-01T23:15:40.841+0000] {processor.py:183} INFO - Processing /home/airflow/.local/lib/python3.8/site-packages/airflow/example_dags/example_branch_day_of_week_operator.py took 0.087 seconds
[2024-04-01T23:16:11.222+0000] {processor.py:161} INFO - Started process (PID=9643) to work on /home/airflow/.local/lib/python3.8/site-packages/airflow/example_dags/example_branch_day_of_week_operator.py
[2024-04-01T23:16:11.223+0000] {processor.py:830} INFO - Processing file /home/airflow/.local/lib/python3.8/site-packages/airflow/example_dags/example_branch_day_of_week_operator.py for tasks to queue
[2024-04-01T23:16:11.224+0000] {logging_mixin.py:188} INFO - [2024-04-01T23:16:11.224+0000] {dagbag.py:540} INFO - Filling up the DagBag from /home/airflow/.local/lib/python3.8/site-packages/airflow/example_dags/example_branch_day_of_week_operator.py
[2024-04-01T23:16:11.231+0000] {processor.py:840} INFO - DAG(s) 'example_weekday_branch_operator' retrieved from /home/airflow/.local/lib/python3.8/site-packages/airflow/example_dags/example_branch_day_of_week_operator.py
[2024-04-01T23:16:11.255+0000] {logging_mixin.py:188} INFO - [2024-04-01T23:16:11.254+0000] {dag.py:3047} INFO - Sync 1 DAGs
[2024-04-01T23:16:11.281+0000] {logging_mixin.py:188} INFO - [2024-04-01T23:16:11.281+0000] {dag.py:3834} INFO - Setting next_dagrun for example_weekday_branch_operator to 2024-03-31 00:00:00+00:00, run_after=2024-04-01 00:00:00+00:00
[2024-04-01T23:16:11.318+0000] {processor.py:183} INFO - Processing /home/airflow/.local/lib/python3.8/site-packages/airflow/example_dags/example_branch_day_of_week_operator.py took 0.099 seconds
[2024-04-01T23:16:41.642+0000] {processor.py:161} INFO - Started process (PID=9890) to work on /home/airflow/.local/lib/python3.8/site-packages/airflow/example_dags/example_branch_day_of_week_operator.py
[2024-04-01T23:16:41.643+0000] {processor.py:830} INFO - Processing file /home/airflow/.local/lib/python3.8/site-packages/airflow/example_dags/example_branch_day_of_week_operator.py for tasks to queue
[2024-04-01T23:16:41.644+0000] {logging_mixin.py:188} INFO - [2024-04-01T23:16:41.644+0000] {dagbag.py:540} INFO - Filling up the DagBag from /home/airflow/.local/lib/python3.8/site-packages/airflow/example_dags/example_branch_day_of_week_operator.py
[2024-04-01T23:16:41.652+0000] {processor.py:840} INFO - DAG(s) 'example_weekday_branch_operator' retrieved from /home/airflow/.local/lib/python3.8/site-packages/airflow/example_dags/example_branch_day_of_week_operator.py
[2024-04-01T23:16:41.677+0000] {logging_mixin.py:188} INFO - [2024-04-01T23:16:41.677+0000] {dag.py:3047} INFO - Sync 1 DAGs
[2024-04-01T23:16:41.703+0000] {logging_mixin.py:188} INFO - [2024-04-01T23:16:41.702+0000] {dag.py:3834} INFO - Setting next_dagrun for example_weekday_branch_operator to 2024-03-31 00:00:00+00:00, run_after=2024-04-01 00:00:00+00:00
[2024-04-01T23:16:41.739+0000] {processor.py:183} INFO - Processing /home/airflow/.local/lib/python3.8/site-packages/airflow/example_dags/example_branch_day_of_week_operator.py took 0.100 seconds
[2024-04-01T23:17:12.148+0000] {processor.py:161} INFO - Started process (PID=10137) to work on /home/airflow/.local/lib/python3.8/site-packages/airflow/example_dags/example_branch_day_of_week_operator.py
[2024-04-01T23:17:12.149+0000] {processor.py:830} INFO - Processing file /home/airflow/.local/lib/python3.8/site-packages/airflow/example_dags/example_branch_day_of_week_operator.py for tasks to queue
[2024-04-01T23:17:12.150+0000] {logging_mixin.py:188} INFO - [2024-04-01T23:17:12.150+0000] {dagbag.py:540} INFO - Filling up the DagBag from /home/airflow/.local/lib/python3.8/site-packages/airflow/example_dags/example_branch_day_of_week_operator.py
[2024-04-01T23:17:12.158+0000] {processor.py:840} INFO - DAG(s) 'example_weekday_branch_operator' retrieved from /home/airflow/.local/lib/python3.8/site-packages/airflow/example_dags/example_branch_day_of_week_operator.py
[2024-04-01T23:17:12.185+0000] {logging_mixin.py:188} INFO - [2024-04-01T23:17:12.185+0000] {dag.py:3047} INFO - Sync 1 DAGs
[2024-04-01T23:17:12.210+0000] {logging_mixin.py:188} INFO - [2024-04-01T23:17:12.210+0000] {dag.py:3834} INFO - Setting next_dagrun for example_weekday_branch_operator to 2024-03-31 00:00:00+00:00, run_after=2024-04-01 00:00:00+00:00
[2024-04-01T23:17:12.235+0000] {processor.py:183} INFO - Processing /home/airflow/.local/lib/python3.8/site-packages/airflow/example_dags/example_branch_day_of_week_operator.py took 0.090 seconds
[2024-04-01T23:17:42.734+0000] {processor.py:161} INFO - Started process (PID=10384) to work on /home/airflow/.local/lib/python3.8/site-packages/airflow/example_dags/example_branch_day_of_week_operator.py
[2024-04-01T23:17:42.735+0000] {processor.py:830} INFO - Processing file /home/airflow/.local/lib/python3.8/site-packages/airflow/example_dags/example_branch_day_of_week_operator.py for tasks to queue
[2024-04-01T23:17:42.736+0000] {logging_mixin.py:188} INFO - [2024-04-01T23:17:42.736+0000] {dagbag.py:540} INFO - Filling up the DagBag from /home/airflow/.local/lib/python3.8/site-packages/airflow/example_dags/example_branch_day_of_week_operator.py
[2024-04-01T23:17:42.743+0000] {processor.py:840} INFO - DAG(s) 'example_weekday_branch_operator' retrieved from /home/airflow/.local/lib/python3.8/site-packages/airflow/example_dags/example_branch_day_of_week_operator.py
[2024-04-01T23:17:42.766+0000] {logging_mixin.py:188} INFO - [2024-04-01T23:17:42.766+0000] {dag.py:3047} INFO - Sync 1 DAGs
[2024-04-01T23:17:42.791+0000] {logging_mixin.py:188} INFO - [2024-04-01T23:17:42.791+0000] {dag.py:3834} INFO - Setting next_dagrun for example_weekday_branch_operator to 2024-03-31 00:00:00+00:00, run_after=2024-04-01 00:00:00+00:00
[2024-04-01T23:17:42.827+0000] {processor.py:183} INFO - Processing /home/airflow/.local/lib/python3.8/site-packages/airflow/example_dags/example_branch_day_of_week_operator.py took 0.096 seconds
[2024-04-01T23:18:13.112+0000] {processor.py:161} INFO - Started process (PID=10631) to work on /home/airflow/.local/lib/python3.8/site-packages/airflow/example_dags/example_branch_day_of_week_operator.py
[2024-04-01T23:18:13.113+0000] {processor.py:830} INFO - Processing file /home/airflow/.local/lib/python3.8/site-packages/airflow/example_dags/example_branch_day_of_week_operator.py for tasks to queue
[2024-04-01T23:18:13.114+0000] {logging_mixin.py:188} INFO - [2024-04-01T23:18:13.114+0000] {dagbag.py:540} INFO - Filling up the DagBag from /home/airflow/.local/lib/python3.8/site-packages/airflow/example_dags/example_branch_day_of_week_operator.py
[2024-04-01T23:18:13.122+0000] {processor.py:840} INFO - DAG(s) 'example_weekday_branch_operator' retrieved from /home/airflow/.local/lib/python3.8/site-packages/airflow/example_dags/example_branch_day_of_week_operator.py
[2024-04-01T23:18:13.148+0000] {logging_mixin.py:188} INFO - [2024-04-01T23:18:13.148+0000] {dag.py:3047} INFO - Sync 1 DAGs
[2024-04-01T23:18:13.173+0000] {logging_mixin.py:188} INFO - [2024-04-01T23:18:13.172+0000] {dag.py:3834} INFO - Setting next_dagrun for example_weekday_branch_operator to 2024-03-31 00:00:00+00:00, run_after=2024-04-01 00:00:00+00:00
[2024-04-01T23:18:13.205+0000] {processor.py:183} INFO - Processing /home/airflow/.local/lib/python3.8/site-packages/airflow/example_dags/example_branch_day_of_week_operator.py took 0.097 seconds
[2024-04-01T23:18:43.585+0000] {processor.py:161} INFO - Started process (PID=10878) to work on /home/airflow/.local/lib/python3.8/site-packages/airflow/example_dags/example_branch_day_of_week_operator.py
[2024-04-01T23:18:43.586+0000] {processor.py:830} INFO - Processing file /home/airflow/.local/lib/python3.8/site-packages/airflow/example_dags/example_branch_day_of_week_operator.py for tasks to queue
[2024-04-01T23:18:43.587+0000] {logging_mixin.py:188} INFO - [2024-04-01T23:18:43.586+0000] {dagbag.py:540} INFO - Filling up the DagBag from /home/airflow/.local/lib/python3.8/site-packages/airflow/example_dags/example_branch_day_of_week_operator.py
[2024-04-01T23:18:43.593+0000] {processor.py:840} INFO - DAG(s) 'example_weekday_branch_operator' retrieved from /home/airflow/.local/lib/python3.8/site-packages/airflow/example_dags/example_branch_day_of_week_operator.py
[2024-04-01T23:18:43.617+0000] {logging_mixin.py:188} INFO - [2024-04-01T23:18:43.617+0000] {dag.py:3047} INFO - Sync 1 DAGs
[2024-04-01T23:18:43.642+0000] {logging_mixin.py:188} INFO - [2024-04-01T23:18:43.642+0000] {dag.py:3834} INFO - Setting next_dagrun for example_weekday_branch_operator to 2024-03-31 00:00:00+00:00, run_after=2024-04-01 00:00:00+00:00
[2024-04-01T23:18:43.678+0000] {processor.py:183} INFO - Processing /home/airflow/.local/lib/python3.8/site-packages/airflow/example_dags/example_branch_day_of_week_operator.py took 0.097 seconds
[2024-04-01T23:19:14.065+0000] {processor.py:161} INFO - Started process (PID=11125) to work on /home/airflow/.local/lib/python3.8/site-packages/airflow/example_dags/example_branch_day_of_week_operator.py
[2024-04-01T23:19:14.066+0000] {processor.py:830} INFO - Processing file /home/airflow/.local/lib/python3.8/site-packages/airflow/example_dags/example_branch_day_of_week_operator.py for tasks to queue
[2024-04-01T23:19:14.067+0000] {logging_mixin.py:188} INFO - [2024-04-01T23:19:14.067+0000] {dagbag.py:540} INFO - Filling up the DagBag from /home/airflow/.local/lib/python3.8/site-packages/airflow/example_dags/example_branch_day_of_week_operator.py
[2024-04-01T23:19:14.075+0000] {processor.py:840} INFO - DAG(s) 'example_weekday_branch_operator' retrieved from /home/airflow/.local/lib/python3.8/site-packages/airflow/example_dags/example_branch_day_of_week_operator.py
[2024-04-01T23:19:14.103+0000] {logging_mixin.py:188} INFO - [2024-04-01T23:19:14.102+0000] {dag.py:3047} INFO - Sync 1 DAGs
[2024-04-01T23:19:14.148+0000] {logging_mixin.py:188} INFO - [2024-04-01T23:19:14.147+0000] {dag.py:3834} INFO - Setting next_dagrun for example_weekday_branch_operator to 2024-03-31 00:00:00+00:00, run_after=2024-04-01 00:00:00+00:00
[2024-04-01T23:19:14.191+0000] {processor.py:183} INFO - Processing /home/airflow/.local/lib/python3.8/site-packages/airflow/example_dags/example_branch_day_of_week_operator.py took 0.130 seconds
[2024-04-01T23:19:44.955+0000] {processor.py:161} INFO - Started process (PID=11372) to work on /home/airflow/.local/lib/python3.8/site-packages/airflow/example_dags/example_branch_day_of_week_operator.py
[2024-04-01T23:19:44.957+0000] {processor.py:830} INFO - Processing file /home/airflow/.local/lib/python3.8/site-packages/airflow/example_dags/example_branch_day_of_week_operator.py for tasks to queue
[2024-04-01T23:19:44.958+0000] {logging_mixin.py:188} INFO - [2024-04-01T23:19:44.957+0000] {dagbag.py:540} INFO - Filling up the DagBag from /home/airflow/.local/lib/python3.8/site-packages/airflow/example_dags/example_branch_day_of_week_operator.py
[2024-04-01T23:19:44.966+0000] {processor.py:840} INFO - DAG(s) 'example_weekday_branch_operator' retrieved from /home/airflow/.local/lib/python3.8/site-packages/airflow/example_dags/example_branch_day_of_week_operator.py
[2024-04-01T23:19:44.990+0000] {logging_mixin.py:188} INFO - [2024-04-01T23:19:44.989+0000] {dag.py:3047} INFO - Sync 1 DAGs
[2024-04-01T23:19:45.020+0000] {logging_mixin.py:188} INFO - [2024-04-01T23:19:45.019+0000] {dag.py:3834} INFO - Setting next_dagrun for example_weekday_branch_operator to 2024-03-31 00:00:00+00:00, run_after=2024-04-01 00:00:00+00:00
[2024-04-01T23:19:45.053+0000] {processor.py:183} INFO - Processing /home/airflow/.local/lib/python3.8/site-packages/airflow/example_dags/example_branch_day_of_week_operator.py took 0.101 seconds
[2024-04-01T23:20:15.941+0000] {processor.py:161} INFO - Started process (PID=11619) to work on /home/airflow/.local/lib/python3.8/site-packages/airflow/example_dags/example_branch_day_of_week_operator.py
[2024-04-01T23:20:15.942+0000] {processor.py:830} INFO - Processing file /home/airflow/.local/lib/python3.8/site-packages/airflow/example_dags/example_branch_day_of_week_operator.py for tasks to queue
[2024-04-01T23:20:15.943+0000] {logging_mixin.py:188} INFO - [2024-04-01T23:20:15.943+0000] {dagbag.py:540} INFO - Filling up the DagBag from /home/airflow/.local/lib/python3.8/site-packages/airflow/example_dags/example_branch_day_of_week_operator.py
[2024-04-01T23:20:15.951+0000] {processor.py:840} INFO - DAG(s) 'example_weekday_branch_operator' retrieved from /home/airflow/.local/lib/python3.8/site-packages/airflow/example_dags/example_branch_day_of_week_operator.py
[2024-04-01T23:20:15.977+0000] {logging_mixin.py:188} INFO - [2024-04-01T23:20:15.977+0000] {dag.py:3047} INFO - Sync 1 DAGs
[2024-04-01T23:20:16.002+0000] {logging_mixin.py:188} INFO - [2024-04-01T23:20:16.002+0000] {dag.py:3834} INFO - Setting next_dagrun for example_weekday_branch_operator to 2024-03-31 00:00:00+00:00, run_after=2024-04-01 00:00:00+00:00
[2024-04-01T23:20:16.039+0000] {processor.py:183} INFO - Processing /home/airflow/.local/lib/python3.8/site-packages/airflow/example_dags/example_branch_day_of_week_operator.py took 0.101 seconds
[2024-04-01T23:20:46.187+0000] {processor.py:161} INFO - Started process (PID=11866) to work on /home/airflow/.local/lib/python3.8/site-packages/airflow/example_dags/example_branch_day_of_week_operator.py
[2024-04-01T23:20:46.189+0000] {processor.py:830} INFO - Processing file /home/airflow/.local/lib/python3.8/site-packages/airflow/example_dags/example_branch_day_of_week_operator.py for tasks to queue
[2024-04-01T23:20:46.191+0000] {logging_mixin.py:188} INFO - [2024-04-01T23:20:46.190+0000] {dagbag.py:540} INFO - Filling up the DagBag from /home/airflow/.local/lib/python3.8/site-packages/airflow/example_dags/example_branch_day_of_week_operator.py
[2024-04-01T23:20:46.201+0000] {processor.py:840} INFO - DAG(s) 'example_weekday_branch_operator' retrieved from /home/airflow/.local/lib/python3.8/site-packages/airflow/example_dags/example_branch_day_of_week_operator.py
[2024-04-01T23:20:46.228+0000] {logging_mixin.py:188} INFO - [2024-04-01T23:20:46.227+0000] {dag.py:3047} INFO - Sync 1 DAGs
[2024-04-01T23:20:46.259+0000] {logging_mixin.py:188} INFO - [2024-04-01T23:20:46.258+0000] {dag.py:3834} INFO - Setting next_dagrun for example_weekday_branch_operator to 2024-03-31 00:00:00+00:00, run_after=2024-04-01 00:00:00+00:00
[2024-04-01T23:20:46.301+0000] {processor.py:183} INFO - Processing /home/airflow/.local/lib/python3.8/site-packages/airflow/example_dags/example_branch_day_of_week_operator.py took 0.118 seconds
