[2024-04-01T22:56:52.638+0000] {processor.py:161} INFO - Started process (PID=327) to work on /home/airflow/.local/lib/python3.8/site-packages/airflow/example_dags/example_short_circuit_operator.py
[2024-04-01T22:56:52.639+0000] {processor.py:830} INFO - Processing file /home/airflow/.local/lib/python3.8/site-packages/airflow/example_dags/example_short_circuit_operator.py for tasks to queue
[2024-04-01T22:56:52.641+0000] {logging_mixin.py:188} INFO - [2024-04-01T22:56:52.640+0000] {dagbag.py:540} INFO - Filling up the DagBag from /home/airflow/.local/lib/python3.8/site-packages/airflow/example_dags/example_short_circuit_operator.py
[2024-04-01T22:56:52.654+0000] {processor.py:840} INFO - DAG(s) 'example_short_circuit_operator' retrieved from /home/airflow/.local/lib/python3.8/site-packages/airflow/example_dags/example_short_circuit_operator.py
[2024-04-01T22:56:52.668+0000] {logging_mixin.py:188} INFO - [2024-04-01T22:56:52.668+0000] {dag.py:3047} INFO - Sync 1 DAGs
[2024-04-01T22:56:52.699+0000] {logging_mixin.py:188} INFO - [2024-04-01T22:56:52.699+0000] {dag.py:3834} INFO - Setting next_dagrun for example_short_circuit_operator to 2024-03-31 00:00:00+00:00, run_after=2024-04-01 00:00:00+00:00
[2024-04-01T22:56:52.727+0000] {processor.py:183} INFO - Processing /home/airflow/.local/lib/python3.8/site-packages/airflow/example_dags/example_short_circuit_operator.py took 0.093 seconds
[2024-04-01T22:57:25.247+0000] {processor.py:161} INFO - Started process (PID=576) to work on /home/airflow/.local/lib/python3.8/site-packages/airflow/example_dags/example_short_circuit_operator.py
[2024-04-01T22:57:25.248+0000] {processor.py:830} INFO - Processing file /home/airflow/.local/lib/python3.8/site-packages/airflow/example_dags/example_short_circuit_operator.py for tasks to queue
[2024-04-01T22:57:25.249+0000] {logging_mixin.py:188} INFO - [2024-04-01T22:57:25.249+0000] {dagbag.py:540} INFO - Filling up the DagBag from /home/airflow/.local/lib/python3.8/site-packages/airflow/example_dags/example_short_circuit_operator.py
[2024-04-01T22:57:25.263+0000] {processor.py:840} INFO - DAG(s) 'example_short_circuit_operator' retrieved from /home/airflow/.local/lib/python3.8/site-packages/airflow/example_dags/example_short_circuit_operator.py
[2024-04-01T22:57:25.386+0000] {logging_mixin.py:188} INFO - [2024-04-01T22:57:25.385+0000] {dag.py:3047} INFO - Sync 1 DAGs
[2024-04-01T22:57:25.408+0000] {logging_mixin.py:188} INFO - [2024-04-01T22:57:25.408+0000] {dag.py:3834} INFO - Setting next_dagrun for example_short_circuit_operator to 2024-03-31 00:00:00+00:00, run_after=2024-04-01 00:00:00+00:00
[2024-04-01T22:57:25.434+0000] {processor.py:183} INFO - Processing /home/airflow/.local/lib/python3.8/site-packages/airflow/example_dags/example_short_circuit_operator.py took 0.189 seconds
[2024-04-01T22:57:55.665+0000] {processor.py:161} INFO - Started process (PID=821) to work on /home/airflow/.local/lib/python3.8/site-packages/airflow/example_dags/example_short_circuit_operator.py
[2024-04-01T22:57:55.666+0000] {processor.py:830} INFO - Processing file /home/airflow/.local/lib/python3.8/site-packages/airflow/example_dags/example_short_circuit_operator.py for tasks to queue
[2024-04-01T22:57:55.668+0000] {logging_mixin.py:188} INFO - [2024-04-01T22:57:55.667+0000] {dagbag.py:540} INFO - Filling up the DagBag from /home/airflow/.local/lib/python3.8/site-packages/airflow/example_dags/example_short_circuit_operator.py
[2024-04-01T22:57:55.677+0000] {processor.py:840} INFO - DAG(s) 'example_short_circuit_operator' retrieved from /home/airflow/.local/lib/python3.8/site-packages/airflow/example_dags/example_short_circuit_operator.py
[2024-04-01T22:57:55.705+0000] {logging_mixin.py:188} INFO - [2024-04-01T22:57:55.705+0000] {dag.py:3047} INFO - Sync 1 DAGs
[2024-04-01T22:57:55.734+0000] {logging_mixin.py:188} INFO - [2024-04-01T22:57:55.734+0000] {dag.py:3834} INFO - Setting next_dagrun for example_short_circuit_operator to 2024-03-31 00:00:00+00:00, run_after=2024-04-01 00:00:00+00:00
[2024-04-01T22:57:55.759+0000] {processor.py:183} INFO - Processing /home/airflow/.local/lib/python3.8/site-packages/airflow/example_dags/example_short_circuit_operator.py took 0.098 seconds
[2024-04-01T22:58:26.083+0000] {processor.py:161} INFO - Started process (PID=1068) to work on /home/airflow/.local/lib/python3.8/site-packages/airflow/example_dags/example_short_circuit_operator.py
[2024-04-01T22:58:26.084+0000] {processor.py:830} INFO - Processing file /home/airflow/.local/lib/python3.8/site-packages/airflow/example_dags/example_short_circuit_operator.py for tasks to queue
[2024-04-01T22:58:26.085+0000] {logging_mixin.py:188} INFO - [2024-04-01T22:58:26.085+0000] {dagbag.py:540} INFO - Filling up the DagBag from /home/airflow/.local/lib/python3.8/site-packages/airflow/example_dags/example_short_circuit_operator.py
[2024-04-01T22:58:26.094+0000] {processor.py:840} INFO - DAG(s) 'example_short_circuit_operator' retrieved from /home/airflow/.local/lib/python3.8/site-packages/airflow/example_dags/example_short_circuit_operator.py
[2024-04-01T22:58:26.122+0000] {logging_mixin.py:188} INFO - [2024-04-01T22:58:26.121+0000] {dag.py:3047} INFO - Sync 1 DAGs
[2024-04-01T22:58:26.147+0000] {logging_mixin.py:188} INFO - [2024-04-01T22:58:26.147+0000] {dag.py:3834} INFO - Setting next_dagrun for example_short_circuit_operator to 2024-03-31 00:00:00+00:00, run_after=2024-04-01 00:00:00+00:00
[2024-04-01T22:58:26.170+0000] {processor.py:183} INFO - Processing /home/airflow/.local/lib/python3.8/site-packages/airflow/example_dags/example_short_circuit_operator.py took 0.090 seconds
[2024-04-01T22:58:56.466+0000] {processor.py:161} INFO - Started process (PID=1315) to work on /home/airflow/.local/lib/python3.8/site-packages/airflow/example_dags/example_short_circuit_operator.py
[2024-04-01T22:58:56.468+0000] {processor.py:830} INFO - Processing file /home/airflow/.local/lib/python3.8/site-packages/airflow/example_dags/example_short_circuit_operator.py for tasks to queue
[2024-04-01T22:58:56.469+0000] {logging_mixin.py:188} INFO - [2024-04-01T22:58:56.468+0000] {dagbag.py:540} INFO - Filling up the DagBag from /home/airflow/.local/lib/python3.8/site-packages/airflow/example_dags/example_short_circuit_operator.py
[2024-04-01T22:58:56.476+0000] {processor.py:840} INFO - DAG(s) 'example_short_circuit_operator' retrieved from /home/airflow/.local/lib/python3.8/site-packages/airflow/example_dags/example_short_circuit_operator.py
[2024-04-01T22:58:56.504+0000] {logging_mixin.py:188} INFO - [2024-04-01T22:58:56.503+0000] {dag.py:3047} INFO - Sync 1 DAGs
[2024-04-01T22:58:56.529+0000] {logging_mixin.py:188} INFO - [2024-04-01T22:58:56.529+0000] {dag.py:3834} INFO - Setting next_dagrun for example_short_circuit_operator to 2024-03-31 00:00:00+00:00, run_after=2024-04-01 00:00:00+00:00
[2024-04-01T22:58:56.558+0000] {processor.py:183} INFO - Processing /home/airflow/.local/lib/python3.8/site-packages/airflow/example_dags/example_short_circuit_operator.py took 0.094 seconds
[2024-04-01T22:59:27.692+0000] {processor.py:161} INFO - Started process (PID=1562) to work on /home/airflow/.local/lib/python3.8/site-packages/airflow/example_dags/example_short_circuit_operator.py
[2024-04-01T22:59:27.693+0000] {processor.py:830} INFO - Processing file /home/airflow/.local/lib/python3.8/site-packages/airflow/example_dags/example_short_circuit_operator.py for tasks to queue
[2024-04-01T22:59:27.694+0000] {logging_mixin.py:188} INFO - [2024-04-01T22:59:27.694+0000] {dagbag.py:540} INFO - Filling up the DagBag from /home/airflow/.local/lib/python3.8/site-packages/airflow/example_dags/example_short_circuit_operator.py
[2024-04-01T22:59:27.721+0000] {processor.py:840} INFO - DAG(s) 'example_short_circuit_operator' retrieved from /home/airflow/.local/lib/python3.8/site-packages/airflow/example_dags/example_short_circuit_operator.py
[2024-04-01T22:59:27.769+0000] {logging_mixin.py:188} INFO - [2024-04-01T22:59:27.769+0000] {dag.py:3047} INFO - Sync 1 DAGs
[2024-04-01T22:59:27.806+0000] {logging_mixin.py:188} INFO - [2024-04-01T22:59:27.805+0000] {dag.py:3834} INFO - Setting next_dagrun for example_short_circuit_operator to 2024-03-31 00:00:00+00:00, run_after=2024-04-01 00:00:00+00:00
[2024-04-01T22:59:27.910+0000] {processor.py:183} INFO - Processing /home/airflow/.local/lib/python3.8/site-packages/airflow/example_dags/example_short_circuit_operator.py took 0.221 seconds
[2024-04-01T22:59:58.085+0000] {processor.py:161} INFO - Started process (PID=1835) to work on /home/airflow/.local/lib/python3.8/site-packages/airflow/example_dags/example_short_circuit_operator.py
[2024-04-01T22:59:58.086+0000] {processor.py:830} INFO - Processing file /home/airflow/.local/lib/python3.8/site-packages/airflow/example_dags/example_short_circuit_operator.py for tasks to queue
[2024-04-01T22:59:58.087+0000] {logging_mixin.py:188} INFO - [2024-04-01T22:59:58.087+0000] {dagbag.py:540} INFO - Filling up the DagBag from /home/airflow/.local/lib/python3.8/site-packages/airflow/example_dags/example_short_circuit_operator.py
[2024-04-01T22:59:58.095+0000] {processor.py:840} INFO - DAG(s) 'example_short_circuit_operator' retrieved from /home/airflow/.local/lib/python3.8/site-packages/airflow/example_dags/example_short_circuit_operator.py
[2024-04-01T22:59:58.118+0000] {logging_mixin.py:188} INFO - [2024-04-01T22:59:58.118+0000] {dag.py:3047} INFO - Sync 1 DAGs
[2024-04-01T22:59:58.146+0000] {logging_mixin.py:188} INFO - [2024-04-01T22:59:58.146+0000] {dag.py:3834} INFO - Setting next_dagrun for example_short_circuit_operator to 2024-03-31 00:00:00+00:00, run_after=2024-04-01 00:00:00+00:00
[2024-04-01T22:59:58.179+0000] {processor.py:183} INFO - Processing /home/airflow/.local/lib/python3.8/site-packages/airflow/example_dags/example_short_circuit_operator.py took 0.097 seconds
[2024-04-01T23:00:28.295+0000] {processor.py:161} INFO - Started process (PID=2081) to work on /home/airflow/.local/lib/python3.8/site-packages/airflow/example_dags/example_short_circuit_operator.py
[2024-04-01T23:00:28.296+0000] {processor.py:830} INFO - Processing file /home/airflow/.local/lib/python3.8/site-packages/airflow/example_dags/example_short_circuit_operator.py for tasks to queue
[2024-04-01T23:00:28.297+0000] {logging_mixin.py:188} INFO - [2024-04-01T23:00:28.297+0000] {dagbag.py:540} INFO - Filling up the DagBag from /home/airflow/.local/lib/python3.8/site-packages/airflow/example_dags/example_short_circuit_operator.py
[2024-04-01T23:00:28.305+0000] {processor.py:840} INFO - DAG(s) 'example_short_circuit_operator' retrieved from /home/airflow/.local/lib/python3.8/site-packages/airflow/example_dags/example_short_circuit_operator.py
[2024-04-01T23:00:28.332+0000] {logging_mixin.py:188} INFO - [2024-04-01T23:00:28.331+0000] {dag.py:3047} INFO - Sync 1 DAGs
[2024-04-01T23:00:28.358+0000] {logging_mixin.py:188} INFO - [2024-04-01T23:00:28.357+0000] {dag.py:3834} INFO - Setting next_dagrun for example_short_circuit_operator to 2024-03-31 00:00:00+00:00, run_after=2024-04-01 00:00:00+00:00
[2024-04-01T23:00:28.394+0000] {processor.py:183} INFO - Processing /home/airflow/.local/lib/python3.8/site-packages/airflow/example_dags/example_short_circuit_operator.py took 0.102 seconds
[2024-04-01T23:00:59.174+0000] {processor.py:161} INFO - Started process (PID=2328) to work on /home/airflow/.local/lib/python3.8/site-packages/airflow/example_dags/example_short_circuit_operator.py
[2024-04-01T23:00:59.176+0000] {processor.py:830} INFO - Processing file /home/airflow/.local/lib/python3.8/site-packages/airflow/example_dags/example_short_circuit_operator.py for tasks to queue
[2024-04-01T23:00:59.179+0000] {logging_mixin.py:188} INFO - [2024-04-01T23:00:59.178+0000] {dagbag.py:540} INFO - Filling up the DagBag from /home/airflow/.local/lib/python3.8/site-packages/airflow/example_dags/example_short_circuit_operator.py
[2024-04-01T23:00:59.187+0000] {processor.py:840} INFO - DAG(s) 'example_short_circuit_operator' retrieved from /home/airflow/.local/lib/python3.8/site-packages/airflow/example_dags/example_short_circuit_operator.py
[2024-04-01T23:00:59.216+0000] {logging_mixin.py:188} INFO - [2024-04-01T23:00:59.215+0000] {dag.py:3047} INFO - Sync 1 DAGs
[2024-04-01T23:00:59.243+0000] {logging_mixin.py:188} INFO - [2024-04-01T23:00:59.243+0000] {dag.py:3834} INFO - Setting next_dagrun for example_short_circuit_operator to 2024-03-31 00:00:00+00:00, run_after=2024-04-01 00:00:00+00:00
[2024-04-01T23:00:59.269+0000] {processor.py:183} INFO - Processing /home/airflow/.local/lib/python3.8/site-packages/airflow/example_dags/example_short_circuit_operator.py took 0.097 seconds
[2024-04-01T23:01:29.471+0000] {processor.py:161} INFO - Started process (PID=2575) to work on /home/airflow/.local/lib/python3.8/site-packages/airflow/example_dags/example_short_circuit_operator.py
[2024-04-01T23:01:29.472+0000] {processor.py:830} INFO - Processing file /home/airflow/.local/lib/python3.8/site-packages/airflow/example_dags/example_short_circuit_operator.py for tasks to queue
[2024-04-01T23:01:29.473+0000] {logging_mixin.py:188} INFO - [2024-04-01T23:01:29.473+0000] {dagbag.py:540} INFO - Filling up the DagBag from /home/airflow/.local/lib/python3.8/site-packages/airflow/example_dags/example_short_circuit_operator.py
[2024-04-01T23:01:29.481+0000] {processor.py:840} INFO - DAG(s) 'example_short_circuit_operator' retrieved from /home/airflow/.local/lib/python3.8/site-packages/airflow/example_dags/example_short_circuit_operator.py
[2024-04-01T23:01:29.514+0000] {logging_mixin.py:188} INFO - [2024-04-01T23:01:29.514+0000] {dag.py:3047} INFO - Sync 1 DAGs
[2024-04-01T23:01:29.536+0000] {logging_mixin.py:188} INFO - [2024-04-01T23:01:29.536+0000] {dag.py:3834} INFO - Setting next_dagrun for example_short_circuit_operator to 2024-03-31 00:00:00+00:00, run_after=2024-04-01 00:00:00+00:00
[2024-04-01T23:01:29.559+0000] {processor.py:183} INFO - Processing /home/airflow/.local/lib/python3.8/site-packages/airflow/example_dags/example_short_circuit_operator.py took 0.091 seconds
[2024-04-01T23:02:00.085+0000] {processor.py:161} INFO - Started process (PID=2822) to work on /home/airflow/.local/lib/python3.8/site-packages/airflow/example_dags/example_short_circuit_operator.py
[2024-04-01T23:02:00.086+0000] {processor.py:830} INFO - Processing file /home/airflow/.local/lib/python3.8/site-packages/airflow/example_dags/example_short_circuit_operator.py for tasks to queue
[2024-04-01T23:02:00.087+0000] {logging_mixin.py:188} INFO - [2024-04-01T23:02:00.087+0000] {dagbag.py:540} INFO - Filling up the DagBag from /home/airflow/.local/lib/python3.8/site-packages/airflow/example_dags/example_short_circuit_operator.py
[2024-04-01T23:02:00.096+0000] {processor.py:840} INFO - DAG(s) 'example_short_circuit_operator' retrieved from /home/airflow/.local/lib/python3.8/site-packages/airflow/example_dags/example_short_circuit_operator.py
[2024-04-01T23:02:00.121+0000] {logging_mixin.py:188} INFO - [2024-04-01T23:02:00.121+0000] {dag.py:3047} INFO - Sync 1 DAGs
[2024-04-01T23:02:00.145+0000] {logging_mixin.py:188} INFO - [2024-04-01T23:02:00.145+0000] {dag.py:3834} INFO - Setting next_dagrun for example_short_circuit_operator to 2024-03-31 00:00:00+00:00, run_after=2024-04-01 00:00:00+00:00
[2024-04-01T23:02:00.165+0000] {processor.py:183} INFO - Processing /home/airflow/.local/lib/python3.8/site-packages/airflow/example_dags/example_short_circuit_operator.py took 0.083 seconds
[2024-04-01T23:02:30.516+0000] {processor.py:161} INFO - Started process (PID=3069) to work on /home/airflow/.local/lib/python3.8/site-packages/airflow/example_dags/example_short_circuit_operator.py
[2024-04-01T23:02:30.517+0000] {processor.py:830} INFO - Processing file /home/airflow/.local/lib/python3.8/site-packages/airflow/example_dags/example_short_circuit_operator.py for tasks to queue
[2024-04-01T23:02:30.518+0000] {logging_mixin.py:188} INFO - [2024-04-01T23:02:30.518+0000] {dagbag.py:540} INFO - Filling up the DagBag from /home/airflow/.local/lib/python3.8/site-packages/airflow/example_dags/example_short_circuit_operator.py
[2024-04-01T23:02:30.526+0000] {processor.py:840} INFO - DAG(s) 'example_short_circuit_operator' retrieved from /home/airflow/.local/lib/python3.8/site-packages/airflow/example_dags/example_short_circuit_operator.py
[2024-04-01T23:02:30.552+0000] {logging_mixin.py:188} INFO - [2024-04-01T23:02:30.552+0000] {dag.py:3047} INFO - Sync 1 DAGs
[2024-04-01T23:02:30.577+0000] {logging_mixin.py:188} INFO - [2024-04-01T23:02:30.576+0000] {dag.py:3834} INFO - Setting next_dagrun for example_short_circuit_operator to 2024-03-31 00:00:00+00:00, run_after=2024-04-01 00:00:00+00:00
[2024-04-01T23:02:30.613+0000] {processor.py:183} INFO - Processing /home/airflow/.local/lib/python3.8/site-packages/airflow/example_dags/example_short_circuit_operator.py took 0.100 seconds
[2024-04-01T23:03:00.970+0000] {processor.py:161} INFO - Started process (PID=3316) to work on /home/airflow/.local/lib/python3.8/site-packages/airflow/example_dags/example_short_circuit_operator.py
[2024-04-01T23:03:00.971+0000] {processor.py:830} INFO - Processing file /home/airflow/.local/lib/python3.8/site-packages/airflow/example_dags/example_short_circuit_operator.py for tasks to queue
[2024-04-01T23:03:00.972+0000] {logging_mixin.py:188} INFO - [2024-04-01T23:03:00.971+0000] {dagbag.py:540} INFO - Filling up the DagBag from /home/airflow/.local/lib/python3.8/site-packages/airflow/example_dags/example_short_circuit_operator.py
[2024-04-01T23:03:00.979+0000] {processor.py:840} INFO - DAG(s) 'example_short_circuit_operator' retrieved from /home/airflow/.local/lib/python3.8/site-packages/airflow/example_dags/example_short_circuit_operator.py
[2024-04-01T23:03:01.005+0000] {logging_mixin.py:188} INFO - [2024-04-01T23:03:01.005+0000] {dag.py:3047} INFO - Sync 1 DAGs
[2024-04-01T23:03:01.028+0000] {logging_mixin.py:188} INFO - [2024-04-01T23:03:01.028+0000] {dag.py:3834} INFO - Setting next_dagrun for example_short_circuit_operator to 2024-03-31 00:00:00+00:00, run_after=2024-04-01 00:00:00+00:00
[2024-04-01T23:03:01.051+0000] {processor.py:183} INFO - Processing /home/airflow/.local/lib/python3.8/site-packages/airflow/example_dags/example_short_circuit_operator.py took 0.085 seconds
[2024-04-01T23:03:31.428+0000] {processor.py:161} INFO - Started process (PID=3563) to work on /home/airflow/.local/lib/python3.8/site-packages/airflow/example_dags/example_short_circuit_operator.py
[2024-04-01T23:03:31.430+0000] {processor.py:830} INFO - Processing file /home/airflow/.local/lib/python3.8/site-packages/airflow/example_dags/example_short_circuit_operator.py for tasks to queue
[2024-04-01T23:03:31.431+0000] {logging_mixin.py:188} INFO - [2024-04-01T23:03:31.431+0000] {dagbag.py:540} INFO - Filling up the DagBag from /home/airflow/.local/lib/python3.8/site-packages/airflow/example_dags/example_short_circuit_operator.py
[2024-04-01T23:03:31.438+0000] {processor.py:840} INFO - DAG(s) 'example_short_circuit_operator' retrieved from /home/airflow/.local/lib/python3.8/site-packages/airflow/example_dags/example_short_circuit_operator.py
[2024-04-01T23:03:31.464+0000] {logging_mixin.py:188} INFO - [2024-04-01T23:03:31.464+0000] {dag.py:3047} INFO - Sync 1 DAGs
[2024-04-01T23:03:31.487+0000] {logging_mixin.py:188} INFO - [2024-04-01T23:03:31.487+0000] {dag.py:3834} INFO - Setting next_dagrun for example_short_circuit_operator to 2024-03-31 00:00:00+00:00, run_after=2024-04-01 00:00:00+00:00
[2024-04-01T23:03:31.509+0000] {processor.py:183} INFO - Processing /home/airflow/.local/lib/python3.8/site-packages/airflow/example_dags/example_short_circuit_operator.py took 0.083 seconds
[2024-04-01T23:04:02.167+0000] {processor.py:161} INFO - Started process (PID=3810) to work on /home/airflow/.local/lib/python3.8/site-packages/airflow/example_dags/example_short_circuit_operator.py
[2024-04-01T23:04:02.168+0000] {processor.py:830} INFO - Processing file /home/airflow/.local/lib/python3.8/site-packages/airflow/example_dags/example_short_circuit_operator.py for tasks to queue
[2024-04-01T23:04:02.169+0000] {logging_mixin.py:188} INFO - [2024-04-01T23:04:02.169+0000] {dagbag.py:540} INFO - Filling up the DagBag from /home/airflow/.local/lib/python3.8/site-packages/airflow/example_dags/example_short_circuit_operator.py
[2024-04-01T23:04:02.177+0000] {processor.py:840} INFO - DAG(s) 'example_short_circuit_operator' retrieved from /home/airflow/.local/lib/python3.8/site-packages/airflow/example_dags/example_short_circuit_operator.py
[2024-04-01T23:04:02.201+0000] {logging_mixin.py:188} INFO - [2024-04-01T23:04:02.201+0000] {dag.py:3047} INFO - Sync 1 DAGs
[2024-04-01T23:04:02.222+0000] {logging_mixin.py:188} INFO - [2024-04-01T23:04:02.222+0000] {dag.py:3834} INFO - Setting next_dagrun for example_short_circuit_operator to 2024-03-31 00:00:00+00:00, run_after=2024-04-01 00:00:00+00:00
[2024-04-01T23:04:02.244+0000] {processor.py:183} INFO - Processing /home/airflow/.local/lib/python3.8/site-packages/airflow/example_dags/example_short_circuit_operator.py took 0.080 seconds
[2024-04-01T23:04:32.566+0000] {processor.py:161} INFO - Started process (PID=4057) to work on /home/airflow/.local/lib/python3.8/site-packages/airflow/example_dags/example_short_circuit_operator.py
[2024-04-01T23:04:32.567+0000] {processor.py:830} INFO - Processing file /home/airflow/.local/lib/python3.8/site-packages/airflow/example_dags/example_short_circuit_operator.py for tasks to queue
[2024-04-01T23:04:32.569+0000] {logging_mixin.py:188} INFO - [2024-04-01T23:04:32.568+0000] {dagbag.py:540} INFO - Filling up the DagBag from /home/airflow/.local/lib/python3.8/site-packages/airflow/example_dags/example_short_circuit_operator.py
[2024-04-01T23:04:32.577+0000] {processor.py:840} INFO - DAG(s) 'example_short_circuit_operator' retrieved from /home/airflow/.local/lib/python3.8/site-packages/airflow/example_dags/example_short_circuit_operator.py
[2024-04-01T23:04:32.604+0000] {logging_mixin.py:188} INFO - [2024-04-01T23:04:32.603+0000] {dag.py:3047} INFO - Sync 1 DAGs
[2024-04-01T23:04:32.626+0000] {logging_mixin.py:188} INFO - [2024-04-01T23:04:32.626+0000] {dag.py:3834} INFO - Setting next_dagrun for example_short_circuit_operator to 2024-03-31 00:00:00+00:00, run_after=2024-04-01 00:00:00+00:00
[2024-04-01T23:04:32.660+0000] {processor.py:183} INFO - Processing /home/airflow/.local/lib/python3.8/site-packages/airflow/example_dags/example_short_circuit_operator.py took 0.096 seconds
[2024-04-01T23:05:03.210+0000] {processor.py:161} INFO - Started process (PID=4304) to work on /home/airflow/.local/lib/python3.8/site-packages/airflow/example_dags/example_short_circuit_operator.py
[2024-04-01T23:05:03.212+0000] {processor.py:830} INFO - Processing file /home/airflow/.local/lib/python3.8/site-packages/airflow/example_dags/example_short_circuit_operator.py for tasks to queue
[2024-04-01T23:05:03.214+0000] {logging_mixin.py:188} INFO - [2024-04-01T23:05:03.213+0000] {dagbag.py:540} INFO - Filling up the DagBag from /home/airflow/.local/lib/python3.8/site-packages/airflow/example_dags/example_short_circuit_operator.py
[2024-04-01T23:05:03.235+0000] {processor.py:840} INFO - DAG(s) 'example_short_circuit_operator' retrieved from /home/airflow/.local/lib/python3.8/site-packages/airflow/example_dags/example_short_circuit_operator.py
[2024-04-01T23:05:03.284+0000] {logging_mixin.py:188} INFO - [2024-04-01T23:05:03.284+0000] {dag.py:3047} INFO - Sync 1 DAGs
[2024-04-01T23:05:03.332+0000] {logging_mixin.py:188} INFO - [2024-04-01T23:05:03.331+0000] {dag.py:3834} INFO - Setting next_dagrun for example_short_circuit_operator to 2024-03-31 00:00:00+00:00, run_after=2024-04-01 00:00:00+00:00
[2024-04-01T23:05:03.373+0000] {processor.py:183} INFO - Processing /home/airflow/.local/lib/python3.8/site-packages/airflow/example_dags/example_short_circuit_operator.py took 0.168 seconds
[2024-04-01T23:05:33.494+0000] {processor.py:161} INFO - Started process (PID=4547) to work on /home/airflow/.local/lib/python3.8/site-packages/airflow/example_dags/example_short_circuit_operator.py
[2024-04-01T23:05:33.496+0000] {processor.py:830} INFO - Processing file /home/airflow/.local/lib/python3.8/site-packages/airflow/example_dags/example_short_circuit_operator.py for tasks to queue
[2024-04-01T23:05:33.498+0000] {logging_mixin.py:188} INFO - [2024-04-01T23:05:33.497+0000] {dagbag.py:540} INFO - Filling up the DagBag from /home/airflow/.local/lib/python3.8/site-packages/airflow/example_dags/example_short_circuit_operator.py
[2024-04-01T23:05:33.523+0000] {processor.py:840} INFO - DAG(s) 'example_short_circuit_operator' retrieved from /home/airflow/.local/lib/python3.8/site-packages/airflow/example_dags/example_short_circuit_operator.py
[2024-04-01T23:05:33.584+0000] {logging_mixin.py:188} INFO - [2024-04-01T23:05:33.583+0000] {dag.py:3047} INFO - Sync 1 DAGs
[2024-04-01T23:05:33.629+0000] {logging_mixin.py:188} INFO - [2024-04-01T23:05:33.628+0000] {dag.py:3834} INFO - Setting next_dagrun for example_short_circuit_operator to 2024-03-31 00:00:00+00:00, run_after=2024-04-01 00:00:00+00:00
[2024-04-01T23:05:33.688+0000] {processor.py:183} INFO - Processing /home/airflow/.local/lib/python3.8/site-packages/airflow/example_dags/example_short_circuit_operator.py took 0.201 seconds
[2024-04-01T23:06:04.556+0000] {processor.py:161} INFO - Started process (PID=4799) to work on /home/airflow/.local/lib/python3.8/site-packages/airflow/example_dags/example_short_circuit_operator.py
[2024-04-01T23:06:04.557+0000] {processor.py:830} INFO - Processing file /home/airflow/.local/lib/python3.8/site-packages/airflow/example_dags/example_short_circuit_operator.py for tasks to queue
[2024-04-01T23:06:04.558+0000] {logging_mixin.py:188} INFO - [2024-04-01T23:06:04.558+0000] {dagbag.py:540} INFO - Filling up the DagBag from /home/airflow/.local/lib/python3.8/site-packages/airflow/example_dags/example_short_circuit_operator.py
[2024-04-01T23:06:04.566+0000] {processor.py:840} INFO - DAG(s) 'example_short_circuit_operator' retrieved from /home/airflow/.local/lib/python3.8/site-packages/airflow/example_dags/example_short_circuit_operator.py
[2024-04-01T23:06:04.592+0000] {logging_mixin.py:188} INFO - [2024-04-01T23:06:04.592+0000] {dag.py:3047} INFO - Sync 1 DAGs
[2024-04-01T23:06:04.615+0000] {logging_mixin.py:188} INFO - [2024-04-01T23:06:04.615+0000] {dag.py:3834} INFO - Setting next_dagrun for example_short_circuit_operator to 2024-03-31 00:00:00+00:00, run_after=2024-04-01 00:00:00+00:00
[2024-04-01T23:06:04.641+0000] {processor.py:183} INFO - Processing /home/airflow/.local/lib/python3.8/site-packages/airflow/example_dags/example_short_circuit_operator.py took 0.088 seconds
[2024-04-01T23:06:34.953+0000] {processor.py:161} INFO - Started process (PID=5046) to work on /home/airflow/.local/lib/python3.8/site-packages/airflow/example_dags/example_short_circuit_operator.py
[2024-04-01T23:06:34.954+0000] {processor.py:830} INFO - Processing file /home/airflow/.local/lib/python3.8/site-packages/airflow/example_dags/example_short_circuit_operator.py for tasks to queue
[2024-04-01T23:06:34.956+0000] {logging_mixin.py:188} INFO - [2024-04-01T23:06:34.956+0000] {dagbag.py:540} INFO - Filling up the DagBag from /home/airflow/.local/lib/python3.8/site-packages/airflow/example_dags/example_short_circuit_operator.py
[2024-04-01T23:06:34.966+0000] {processor.py:840} INFO - DAG(s) 'example_short_circuit_operator' retrieved from /home/airflow/.local/lib/python3.8/site-packages/airflow/example_dags/example_short_circuit_operator.py
[2024-04-01T23:06:34.991+0000] {logging_mixin.py:188} INFO - [2024-04-01T23:06:34.991+0000] {dag.py:3047} INFO - Sync 1 DAGs
[2024-04-01T23:06:35.015+0000] {logging_mixin.py:188} INFO - [2024-04-01T23:06:35.015+0000] {dag.py:3834} INFO - Setting next_dagrun for example_short_circuit_operator to 2024-03-31 00:00:00+00:00, run_after=2024-04-01 00:00:00+00:00
[2024-04-01T23:06:35.050+0000] {processor.py:183} INFO - Processing /home/airflow/.local/lib/python3.8/site-packages/airflow/example_dags/example_short_circuit_operator.py took 0.100 seconds
[2024-04-01T23:07:05.495+0000] {processor.py:161} INFO - Started process (PID=5293) to work on /home/airflow/.local/lib/python3.8/site-packages/airflow/example_dags/example_short_circuit_operator.py
[2024-04-01T23:07:05.496+0000] {processor.py:830} INFO - Processing file /home/airflow/.local/lib/python3.8/site-packages/airflow/example_dags/example_short_circuit_operator.py for tasks to queue
[2024-04-01T23:07:05.497+0000] {logging_mixin.py:188} INFO - [2024-04-01T23:07:05.497+0000] {dagbag.py:540} INFO - Filling up the DagBag from /home/airflow/.local/lib/python3.8/site-packages/airflow/example_dags/example_short_circuit_operator.py
[2024-04-01T23:07:05.505+0000] {processor.py:840} INFO - DAG(s) 'example_short_circuit_operator' retrieved from /home/airflow/.local/lib/python3.8/site-packages/airflow/example_dags/example_short_circuit_operator.py
[2024-04-01T23:07:05.536+0000] {logging_mixin.py:188} INFO - [2024-04-01T23:07:05.536+0000] {dag.py:3047} INFO - Sync 1 DAGs
[2024-04-01T23:07:05.568+0000] {logging_mixin.py:188} INFO - [2024-04-01T23:07:05.567+0000] {dag.py:3834} INFO - Setting next_dagrun for example_short_circuit_operator to 2024-03-31 00:00:00+00:00, run_after=2024-04-01 00:00:00+00:00
[2024-04-01T23:07:05.590+0000] {processor.py:183} INFO - Processing /home/airflow/.local/lib/python3.8/site-packages/airflow/example_dags/example_short_circuit_operator.py took 0.098 seconds
[2024-04-01T23:07:35.673+0000] {processor.py:161} INFO - Started process (PID=5535) to work on /home/airflow/.local/lib/python3.8/site-packages/airflow/example_dags/example_short_circuit_operator.py
[2024-04-01T23:07:35.675+0000] {processor.py:830} INFO - Processing file /home/airflow/.local/lib/python3.8/site-packages/airflow/example_dags/example_short_circuit_operator.py for tasks to queue
[2024-04-01T23:07:35.676+0000] {logging_mixin.py:188} INFO - [2024-04-01T23:07:35.676+0000] {dagbag.py:540} INFO - Filling up the DagBag from /home/airflow/.local/lib/python3.8/site-packages/airflow/example_dags/example_short_circuit_operator.py
[2024-04-01T23:07:35.684+0000] {processor.py:840} INFO - DAG(s) 'example_short_circuit_operator' retrieved from /home/airflow/.local/lib/python3.8/site-packages/airflow/example_dags/example_short_circuit_operator.py
[2024-04-01T23:07:35.711+0000] {logging_mixin.py:188} INFO - [2024-04-01T23:07:35.711+0000] {dag.py:3047} INFO - Sync 1 DAGs
[2024-04-01T23:07:35.735+0000] {logging_mixin.py:188} INFO - [2024-04-01T23:07:35.734+0000] {dag.py:3834} INFO - Setting next_dagrun for example_short_circuit_operator to 2024-03-31 00:00:00+00:00, run_after=2024-04-01 00:00:00+00:00
[2024-04-01T23:07:35.759+0000] {processor.py:183} INFO - Processing /home/airflow/.local/lib/python3.8/site-packages/airflow/example_dags/example_short_circuit_operator.py took 0.089 seconds
[2024-04-01T23:08:06.041+0000] {processor.py:161} INFO - Started process (PID=5782) to work on /home/airflow/.local/lib/python3.8/site-packages/airflow/example_dags/example_short_circuit_operator.py
[2024-04-01T23:08:06.043+0000] {processor.py:830} INFO - Processing file /home/airflow/.local/lib/python3.8/site-packages/airflow/example_dags/example_short_circuit_operator.py for tasks to queue
[2024-04-01T23:08:06.044+0000] {logging_mixin.py:188} INFO - [2024-04-01T23:08:06.043+0000] {dagbag.py:540} INFO - Filling up the DagBag from /home/airflow/.local/lib/python3.8/site-packages/airflow/example_dags/example_short_circuit_operator.py
[2024-04-01T23:08:06.052+0000] {processor.py:840} INFO - DAG(s) 'example_short_circuit_operator' retrieved from /home/airflow/.local/lib/python3.8/site-packages/airflow/example_dags/example_short_circuit_operator.py
[2024-04-01T23:08:06.077+0000] {logging_mixin.py:188} INFO - [2024-04-01T23:08:06.077+0000] {dag.py:3047} INFO - Sync 1 DAGs
[2024-04-01T23:08:06.100+0000] {logging_mixin.py:188} INFO - [2024-04-01T23:08:06.100+0000] {dag.py:3834} INFO - Setting next_dagrun for example_short_circuit_operator to 2024-03-31 00:00:00+00:00, run_after=2024-04-01 00:00:00+00:00
[2024-04-01T23:08:06.125+0000] {processor.py:183} INFO - Processing /home/airflow/.local/lib/python3.8/site-packages/airflow/example_dags/example_short_circuit_operator.py took 0.086 seconds
[2024-04-01T23:08:36.786+0000] {processor.py:161} INFO - Started process (PID=6040) to work on /home/airflow/.local/lib/python3.8/site-packages/airflow/example_dags/example_short_circuit_operator.py
[2024-04-01T23:08:36.787+0000] {processor.py:830} INFO - Processing file /home/airflow/.local/lib/python3.8/site-packages/airflow/example_dags/example_short_circuit_operator.py for tasks to queue
[2024-04-01T23:08:36.788+0000] {logging_mixin.py:188} INFO - [2024-04-01T23:08:36.788+0000] {dagbag.py:540} INFO - Filling up the DagBag from /home/airflow/.local/lib/python3.8/site-packages/airflow/example_dags/example_short_circuit_operator.py
[2024-04-01T23:08:36.796+0000] {processor.py:840} INFO - DAG(s) 'example_short_circuit_operator' retrieved from /home/airflow/.local/lib/python3.8/site-packages/airflow/example_dags/example_short_circuit_operator.py
[2024-04-01T23:08:36.823+0000] {logging_mixin.py:188} INFO - [2024-04-01T23:08:36.822+0000] {dag.py:3047} INFO - Sync 1 DAGs
[2024-04-01T23:08:36.845+0000] {logging_mixin.py:188} INFO - [2024-04-01T23:08:36.845+0000] {dag.py:3834} INFO - Setting next_dagrun for example_short_circuit_operator to 2024-03-31 00:00:00+00:00, run_after=2024-04-01 00:00:00+00:00
[2024-04-01T23:08:36.868+0000] {processor.py:183} INFO - Processing /home/airflow/.local/lib/python3.8/site-packages/airflow/example_dags/example_short_circuit_operator.py took 0.085 seconds
[2024-04-01T23:09:07.153+0000] {processor.py:161} INFO - Started process (PID=6288) to work on /home/airflow/.local/lib/python3.8/site-packages/airflow/example_dags/example_short_circuit_operator.py
[2024-04-01T23:09:07.154+0000] {processor.py:830} INFO - Processing file /home/airflow/.local/lib/python3.8/site-packages/airflow/example_dags/example_short_circuit_operator.py for tasks to queue
[2024-04-01T23:09:07.155+0000] {logging_mixin.py:188} INFO - [2024-04-01T23:09:07.155+0000] {dagbag.py:540} INFO - Filling up the DagBag from /home/airflow/.local/lib/python3.8/site-packages/airflow/example_dags/example_short_circuit_operator.py
[2024-04-01T23:09:07.163+0000] {processor.py:840} INFO - DAG(s) 'example_short_circuit_operator' retrieved from /home/airflow/.local/lib/python3.8/site-packages/airflow/example_dags/example_short_circuit_operator.py
[2024-04-01T23:09:07.188+0000] {logging_mixin.py:188} INFO - [2024-04-01T23:09:07.188+0000] {dag.py:3047} INFO - Sync 1 DAGs
[2024-04-01T23:09:07.213+0000] {logging_mixin.py:188} INFO - [2024-04-01T23:09:07.213+0000] {dag.py:3834} INFO - Setting next_dagrun for example_short_circuit_operator to 2024-03-31 00:00:00+00:00, run_after=2024-04-01 00:00:00+00:00
[2024-04-01T23:09:07.244+0000] {processor.py:183} INFO - Processing /home/airflow/.local/lib/python3.8/site-packages/airflow/example_dags/example_short_circuit_operator.py took 0.093 seconds
[2024-04-01T23:09:37.471+0000] {processor.py:161} INFO - Started process (PID=6535) to work on /home/airflow/.local/lib/python3.8/site-packages/airflow/example_dags/example_short_circuit_operator.py
[2024-04-01T23:09:37.473+0000] {processor.py:830} INFO - Processing file /home/airflow/.local/lib/python3.8/site-packages/airflow/example_dags/example_short_circuit_operator.py for tasks to queue
[2024-04-01T23:09:37.474+0000] {logging_mixin.py:188} INFO - [2024-04-01T23:09:37.474+0000] {dagbag.py:540} INFO - Filling up the DagBag from /home/airflow/.local/lib/python3.8/site-packages/airflow/example_dags/example_short_circuit_operator.py
[2024-04-01T23:09:37.484+0000] {processor.py:840} INFO - DAG(s) 'example_short_circuit_operator' retrieved from /home/airflow/.local/lib/python3.8/site-packages/airflow/example_dags/example_short_circuit_operator.py
[2024-04-01T23:09:37.509+0000] {logging_mixin.py:188} INFO - [2024-04-01T23:09:37.509+0000] {dag.py:3047} INFO - Sync 1 DAGs
[2024-04-01T23:09:37.532+0000] {logging_mixin.py:188} INFO - [2024-04-01T23:09:37.532+0000] {dag.py:3834} INFO - Setting next_dagrun for example_short_circuit_operator to 2024-03-31 00:00:00+00:00, run_after=2024-04-01 00:00:00+00:00
[2024-04-01T23:09:37.561+0000] {processor.py:183} INFO - Processing /home/airflow/.local/lib/python3.8/site-packages/airflow/example_dags/example_short_circuit_operator.py took 0.094 seconds
[2024-04-01T23:10:07.981+0000] {processor.py:161} INFO - Started process (PID=6782) to work on /home/airflow/.local/lib/python3.8/site-packages/airflow/example_dags/example_short_circuit_operator.py
[2024-04-01T23:10:07.982+0000] {processor.py:830} INFO - Processing file /home/airflow/.local/lib/python3.8/site-packages/airflow/example_dags/example_short_circuit_operator.py for tasks to queue
[2024-04-01T23:10:07.984+0000] {logging_mixin.py:188} INFO - [2024-04-01T23:10:07.984+0000] {dagbag.py:540} INFO - Filling up the DagBag from /home/airflow/.local/lib/python3.8/site-packages/airflow/example_dags/example_short_circuit_operator.py
[2024-04-01T23:10:07.992+0000] {processor.py:840} INFO - DAG(s) 'example_short_circuit_operator' retrieved from /home/airflow/.local/lib/python3.8/site-packages/airflow/example_dags/example_short_circuit_operator.py
[2024-04-01T23:10:08.018+0000] {logging_mixin.py:188} INFO - [2024-04-01T23:10:08.017+0000] {dag.py:3047} INFO - Sync 1 DAGs
[2024-04-01T23:10:08.040+0000] {logging_mixin.py:188} INFO - [2024-04-01T23:10:08.040+0000] {dag.py:3834} INFO - Setting next_dagrun for example_short_circuit_operator to 2024-03-31 00:00:00+00:00, run_after=2024-04-01 00:00:00+00:00
[2024-04-01T23:10:08.074+0000] {processor.py:183} INFO - Processing /home/airflow/.local/lib/python3.8/site-packages/airflow/example_dags/example_short_circuit_operator.py took 0.096 seconds
[2024-04-01T23:10:38.287+0000] {processor.py:161} INFO - Started process (PID=7029) to work on /home/airflow/.local/lib/python3.8/site-packages/airflow/example_dags/example_short_circuit_operator.py
[2024-04-01T23:10:38.288+0000] {processor.py:830} INFO - Processing file /home/airflow/.local/lib/python3.8/site-packages/airflow/example_dags/example_short_circuit_operator.py for tasks to queue
[2024-04-01T23:10:38.289+0000] {logging_mixin.py:188} INFO - [2024-04-01T23:10:38.289+0000] {dagbag.py:540} INFO - Filling up the DagBag from /home/airflow/.local/lib/python3.8/site-packages/airflow/example_dags/example_short_circuit_operator.py
[2024-04-01T23:10:38.297+0000] {processor.py:840} INFO - DAG(s) 'example_short_circuit_operator' retrieved from /home/airflow/.local/lib/python3.8/site-packages/airflow/example_dags/example_short_circuit_operator.py
[2024-04-01T23:10:38.322+0000] {logging_mixin.py:188} INFO - [2024-04-01T23:10:38.322+0000] {dag.py:3047} INFO - Sync 1 DAGs
[2024-04-01T23:10:38.348+0000] {logging_mixin.py:188} INFO - [2024-04-01T23:10:38.348+0000] {dag.py:3834} INFO - Setting next_dagrun for example_short_circuit_operator to 2024-03-31 00:00:00+00:00, run_after=2024-04-01 00:00:00+00:00
[2024-04-01T23:10:38.371+0000] {processor.py:183} INFO - Processing /home/airflow/.local/lib/python3.8/site-packages/airflow/example_dags/example_short_circuit_operator.py took 0.086 seconds
[2024-04-01T23:11:08.697+0000] {processor.py:161} INFO - Started process (PID=7276) to work on /home/airflow/.local/lib/python3.8/site-packages/airflow/example_dags/example_short_circuit_operator.py
[2024-04-01T23:11:08.698+0000] {processor.py:830} INFO - Processing file /home/airflow/.local/lib/python3.8/site-packages/airflow/example_dags/example_short_circuit_operator.py for tasks to queue
[2024-04-01T23:11:08.699+0000] {logging_mixin.py:188} INFO - [2024-04-01T23:11:08.699+0000] {dagbag.py:540} INFO - Filling up the DagBag from /home/airflow/.local/lib/python3.8/site-packages/airflow/example_dags/example_short_circuit_operator.py
[2024-04-01T23:11:08.707+0000] {processor.py:840} INFO - DAG(s) 'example_short_circuit_operator' retrieved from /home/airflow/.local/lib/python3.8/site-packages/airflow/example_dags/example_short_circuit_operator.py
[2024-04-01T23:11:08.732+0000] {logging_mixin.py:188} INFO - [2024-04-01T23:11:08.732+0000] {dag.py:3047} INFO - Sync 1 DAGs
[2024-04-01T23:11:08.754+0000] {logging_mixin.py:188} INFO - [2024-04-01T23:11:08.754+0000] {dag.py:3834} INFO - Setting next_dagrun for example_short_circuit_operator to 2024-03-31 00:00:00+00:00, run_after=2024-04-01 00:00:00+00:00
[2024-04-01T23:11:08.789+0000] {processor.py:183} INFO - Processing /home/airflow/.local/lib/python3.8/site-packages/airflow/example_dags/example_short_circuit_operator.py took 0.095 seconds
[2024-04-01T23:11:39.227+0000] {processor.py:161} INFO - Started process (PID=7523) to work on /home/airflow/.local/lib/python3.8/site-packages/airflow/example_dags/example_short_circuit_operator.py
[2024-04-01T23:11:39.229+0000] {processor.py:830} INFO - Processing file /home/airflow/.local/lib/python3.8/site-packages/airflow/example_dags/example_short_circuit_operator.py for tasks to queue
[2024-04-01T23:11:39.230+0000] {logging_mixin.py:188} INFO - [2024-04-01T23:11:39.230+0000] {dagbag.py:540} INFO - Filling up the DagBag from /home/airflow/.local/lib/python3.8/site-packages/airflow/example_dags/example_short_circuit_operator.py
[2024-04-01T23:11:39.238+0000] {processor.py:840} INFO - DAG(s) 'example_short_circuit_operator' retrieved from /home/airflow/.local/lib/python3.8/site-packages/airflow/example_dags/example_short_circuit_operator.py
[2024-04-01T23:11:39.264+0000] {logging_mixin.py:188} INFO - [2024-04-01T23:11:39.264+0000] {dag.py:3047} INFO - Sync 1 DAGs
[2024-04-01T23:11:39.286+0000] {logging_mixin.py:188} INFO - [2024-04-01T23:11:39.286+0000] {dag.py:3834} INFO - Setting next_dagrun for example_short_circuit_operator to 2024-03-31 00:00:00+00:00, run_after=2024-04-01 00:00:00+00:00
[2024-04-01T23:11:39.308+0000] {processor.py:183} INFO - Processing /home/airflow/.local/lib/python3.8/site-packages/airflow/example_dags/example_short_circuit_operator.py took 0.084 seconds
[2024-04-01T23:12:09.805+0000] {processor.py:161} INFO - Started process (PID=7770) to work on /home/airflow/.local/lib/python3.8/site-packages/airflow/example_dags/example_short_circuit_operator.py
[2024-04-01T23:12:09.806+0000] {processor.py:830} INFO - Processing file /home/airflow/.local/lib/python3.8/site-packages/airflow/example_dags/example_short_circuit_operator.py for tasks to queue
[2024-04-01T23:12:09.808+0000] {logging_mixin.py:188} INFO - [2024-04-01T23:12:09.807+0000] {dagbag.py:540} INFO - Filling up the DagBag from /home/airflow/.local/lib/python3.8/site-packages/airflow/example_dags/example_short_circuit_operator.py
[2024-04-01T23:12:09.815+0000] {processor.py:840} INFO - DAG(s) 'example_short_circuit_operator' retrieved from /home/airflow/.local/lib/python3.8/site-packages/airflow/example_dags/example_short_circuit_operator.py
[2024-04-01T23:12:09.839+0000] {logging_mixin.py:188} INFO - [2024-04-01T23:12:09.839+0000] {dag.py:3047} INFO - Sync 1 DAGs
[2024-04-01T23:12:09.861+0000] {logging_mixin.py:188} INFO - [2024-04-01T23:12:09.861+0000] {dag.py:3834} INFO - Setting next_dagrun for example_short_circuit_operator to 2024-03-31 00:00:00+00:00, run_after=2024-04-01 00:00:00+00:00
[2024-04-01T23:12:09.885+0000] {processor.py:183} INFO - Processing /home/airflow/.local/lib/python3.8/site-packages/airflow/example_dags/example_short_circuit_operator.py took 0.083 seconds
[2024-04-01T23:12:40.373+0000] {processor.py:161} INFO - Started process (PID=8018) to work on /home/airflow/.local/lib/python3.8/site-packages/airflow/example_dags/example_short_circuit_operator.py
[2024-04-01T23:12:40.374+0000] {processor.py:830} INFO - Processing file /home/airflow/.local/lib/python3.8/site-packages/airflow/example_dags/example_short_circuit_operator.py for tasks to queue
[2024-04-01T23:12:40.375+0000] {logging_mixin.py:188} INFO - [2024-04-01T23:12:40.375+0000] {dagbag.py:540} INFO - Filling up the DagBag from /home/airflow/.local/lib/python3.8/site-packages/airflow/example_dags/example_short_circuit_operator.py
[2024-04-01T23:12:40.383+0000] {processor.py:840} INFO - DAG(s) 'example_short_circuit_operator' retrieved from /home/airflow/.local/lib/python3.8/site-packages/airflow/example_dags/example_short_circuit_operator.py
[2024-04-01T23:12:40.408+0000] {logging_mixin.py:188} INFO - [2024-04-01T23:12:40.407+0000] {dag.py:3047} INFO - Sync 1 DAGs
[2024-04-01T23:12:40.431+0000] {logging_mixin.py:188} INFO - [2024-04-01T23:12:40.430+0000] {dag.py:3834} INFO - Setting next_dagrun for example_short_circuit_operator to 2024-03-31 00:00:00+00:00, run_after=2024-04-01 00:00:00+00:00
[2024-04-01T23:12:40.451+0000] {processor.py:183} INFO - Processing /home/airflow/.local/lib/python3.8/site-packages/airflow/example_dags/example_short_circuit_operator.py took 0.081 seconds
[2024-04-01T23:13:10.857+0000] {processor.py:161} INFO - Started process (PID=8265) to work on /home/airflow/.local/lib/python3.8/site-packages/airflow/example_dags/example_short_circuit_operator.py
[2024-04-01T23:13:10.859+0000] {processor.py:830} INFO - Processing file /home/airflow/.local/lib/python3.8/site-packages/airflow/example_dags/example_short_circuit_operator.py for tasks to queue
[2024-04-01T23:13:10.860+0000] {logging_mixin.py:188} INFO - [2024-04-01T23:13:10.860+0000] {dagbag.py:540} INFO - Filling up the DagBag from /home/airflow/.local/lib/python3.8/site-packages/airflow/example_dags/example_short_circuit_operator.py
[2024-04-01T23:13:10.869+0000] {processor.py:840} INFO - DAG(s) 'example_short_circuit_operator' retrieved from /home/airflow/.local/lib/python3.8/site-packages/airflow/example_dags/example_short_circuit_operator.py
[2024-04-01T23:13:10.897+0000] {logging_mixin.py:188} INFO - [2024-04-01T23:13:10.897+0000] {dag.py:3047} INFO - Sync 1 DAGs
[2024-04-01T23:13:10.920+0000] {logging_mixin.py:188} INFO - [2024-04-01T23:13:10.920+0000] {dag.py:3834} INFO - Setting next_dagrun for example_short_circuit_operator to 2024-03-31 00:00:00+00:00, run_after=2024-04-01 00:00:00+00:00
[2024-04-01T23:13:10.954+0000] {processor.py:183} INFO - Processing /home/airflow/.local/lib/python3.8/site-packages/airflow/example_dags/example_short_circuit_operator.py took 0.100 seconds
[2024-04-01T23:13:41.473+0000] {processor.py:161} INFO - Started process (PID=8513) to work on /home/airflow/.local/lib/python3.8/site-packages/airflow/example_dags/example_short_circuit_operator.py
[2024-04-01T23:13:41.474+0000] {processor.py:830} INFO - Processing file /home/airflow/.local/lib/python3.8/site-packages/airflow/example_dags/example_short_circuit_operator.py for tasks to queue
[2024-04-01T23:13:41.475+0000] {logging_mixin.py:188} INFO - [2024-04-01T23:13:41.475+0000] {dagbag.py:540} INFO - Filling up the DagBag from /home/airflow/.local/lib/python3.8/site-packages/airflow/example_dags/example_short_circuit_operator.py
[2024-04-01T23:13:41.483+0000] {processor.py:840} INFO - DAG(s) 'example_short_circuit_operator' retrieved from /home/airflow/.local/lib/python3.8/site-packages/airflow/example_dags/example_short_circuit_operator.py
[2024-04-01T23:13:41.508+0000] {logging_mixin.py:188} INFO - [2024-04-01T23:13:41.508+0000] {dag.py:3047} INFO - Sync 1 DAGs
[2024-04-01T23:13:41.530+0000] {logging_mixin.py:188} INFO - [2024-04-01T23:13:41.530+0000] {dag.py:3834} INFO - Setting next_dagrun for example_short_circuit_operator to 2024-03-31 00:00:00+00:00, run_after=2024-04-01 00:00:00+00:00
[2024-04-01T23:13:41.556+0000] {processor.py:183} INFO - Processing /home/airflow/.local/lib/python3.8/site-packages/airflow/example_dags/example_short_circuit_operator.py took 0.086 seconds
[2024-04-01T23:14:11.631+0000] {processor.py:161} INFO - Started process (PID=8755) to work on /home/airflow/.local/lib/python3.8/site-packages/airflow/example_dags/example_short_circuit_operator.py
[2024-04-01T23:14:11.632+0000] {processor.py:830} INFO - Processing file /home/airflow/.local/lib/python3.8/site-packages/airflow/example_dags/example_short_circuit_operator.py for tasks to queue
[2024-04-01T23:14:11.633+0000] {logging_mixin.py:188} INFO - [2024-04-01T23:14:11.633+0000] {dagbag.py:540} INFO - Filling up the DagBag from /home/airflow/.local/lib/python3.8/site-packages/airflow/example_dags/example_short_circuit_operator.py
[2024-04-01T23:14:11.640+0000] {processor.py:840} INFO - DAG(s) 'example_short_circuit_operator' retrieved from /home/airflow/.local/lib/python3.8/site-packages/airflow/example_dags/example_short_circuit_operator.py
[2024-04-01T23:14:11.670+0000] {logging_mixin.py:188} INFO - [2024-04-01T23:14:11.669+0000] {dag.py:3047} INFO - Sync 1 DAGs
[2024-04-01T23:14:11.691+0000] {logging_mixin.py:188} INFO - [2024-04-01T23:14:11.691+0000] {dag.py:3834} INFO - Setting next_dagrun for example_short_circuit_operator to 2024-03-31 00:00:00+00:00, run_after=2024-04-01 00:00:00+00:00
[2024-04-01T23:14:11.730+0000] {processor.py:183} INFO - Processing /home/airflow/.local/lib/python3.8/site-packages/airflow/example_dags/example_short_circuit_operator.py took 0.101 seconds
[2024-04-01T23:14:42.428+0000] {processor.py:161} INFO - Started process (PID=9007) to work on /home/airflow/.local/lib/python3.8/site-packages/airflow/example_dags/example_short_circuit_operator.py
[2024-04-01T23:14:42.429+0000] {processor.py:830} INFO - Processing file /home/airflow/.local/lib/python3.8/site-packages/airflow/example_dags/example_short_circuit_operator.py for tasks to queue
[2024-04-01T23:14:42.430+0000] {logging_mixin.py:188} INFO - [2024-04-01T23:14:42.430+0000] {dagbag.py:540} INFO - Filling up the DagBag from /home/airflow/.local/lib/python3.8/site-packages/airflow/example_dags/example_short_circuit_operator.py
[2024-04-01T23:14:42.439+0000] {processor.py:840} INFO - DAG(s) 'example_short_circuit_operator' retrieved from /home/airflow/.local/lib/python3.8/site-packages/airflow/example_dags/example_short_circuit_operator.py
[2024-04-01T23:14:42.464+0000] {logging_mixin.py:188} INFO - [2024-04-01T23:14:42.464+0000] {dag.py:3047} INFO - Sync 1 DAGs
[2024-04-01T23:14:42.491+0000] {logging_mixin.py:188} INFO - [2024-04-01T23:14:42.491+0000] {dag.py:3834} INFO - Setting next_dagrun for example_short_circuit_operator to 2024-03-31 00:00:00+00:00, run_after=2024-04-01 00:00:00+00:00
[2024-04-01T23:14:42.513+0000] {processor.py:183} INFO - Processing /home/airflow/.local/lib/python3.8/site-packages/airflow/example_dags/example_short_circuit_operator.py took 0.088 seconds
[2024-04-01T23:15:12.601+0000] {processor.py:161} INFO - Started process (PID=9251) to work on /home/airflow/.local/lib/python3.8/site-packages/airflow/example_dags/example_short_circuit_operator.py
[2024-04-01T23:15:12.602+0000] {processor.py:830} INFO - Processing file /home/airflow/.local/lib/python3.8/site-packages/airflow/example_dags/example_short_circuit_operator.py for tasks to queue
[2024-04-01T23:15:12.603+0000] {logging_mixin.py:188} INFO - [2024-04-01T23:15:12.603+0000] {dagbag.py:540} INFO - Filling up the DagBag from /home/airflow/.local/lib/python3.8/site-packages/airflow/example_dags/example_short_circuit_operator.py
[2024-04-01T23:15:12.611+0000] {processor.py:840} INFO - DAG(s) 'example_short_circuit_operator' retrieved from /home/airflow/.local/lib/python3.8/site-packages/airflow/example_dags/example_short_circuit_operator.py
[2024-04-01T23:15:12.636+0000] {logging_mixin.py:188} INFO - [2024-04-01T23:15:12.635+0000] {dag.py:3047} INFO - Sync 1 DAGs
[2024-04-01T23:15:12.662+0000] {logging_mixin.py:188} INFO - [2024-04-01T23:15:12.661+0000] {dag.py:3834} INFO - Setting next_dagrun for example_short_circuit_operator to 2024-03-31 00:00:00+00:00, run_after=2024-04-01 00:00:00+00:00
[2024-04-01T23:15:12.684+0000] {processor.py:183} INFO - Processing /home/airflow/.local/lib/python3.8/site-packages/airflow/example_dags/example_short_circuit_operator.py took 0.086 seconds
[2024-04-01T23:15:43.459+0000] {processor.py:161} INFO - Started process (PID=9501) to work on /home/airflow/.local/lib/python3.8/site-packages/airflow/example_dags/example_short_circuit_operator.py
[2024-04-01T23:15:43.461+0000] {processor.py:830} INFO - Processing file /home/airflow/.local/lib/python3.8/site-packages/airflow/example_dags/example_short_circuit_operator.py for tasks to queue
[2024-04-01T23:15:43.462+0000] {logging_mixin.py:188} INFO - [2024-04-01T23:15:43.462+0000] {dagbag.py:540} INFO - Filling up the DagBag from /home/airflow/.local/lib/python3.8/site-packages/airflow/example_dags/example_short_circuit_operator.py
[2024-04-01T23:15:43.470+0000] {processor.py:840} INFO - DAG(s) 'example_short_circuit_operator' retrieved from /home/airflow/.local/lib/python3.8/site-packages/airflow/example_dags/example_short_circuit_operator.py
[2024-04-01T23:15:43.497+0000] {logging_mixin.py:188} INFO - [2024-04-01T23:15:43.497+0000] {dag.py:3047} INFO - Sync 1 DAGs
[2024-04-01T23:15:43.524+0000] {logging_mixin.py:188} INFO - [2024-04-01T23:15:43.524+0000] {dag.py:3834} INFO - Setting next_dagrun for example_short_circuit_operator to 2024-03-31 00:00:00+00:00, run_after=2024-04-01 00:00:00+00:00
[2024-04-01T23:15:43.551+0000] {processor.py:183} INFO - Processing /home/airflow/.local/lib/python3.8/site-packages/airflow/example_dags/example_short_circuit_operator.py took 0.095 seconds
[2024-04-01T23:16:13.789+0000] {processor.py:161} INFO - Started process (PID=9748) to work on /home/airflow/.local/lib/python3.8/site-packages/airflow/example_dags/example_short_circuit_operator.py
[2024-04-01T23:16:13.791+0000] {processor.py:830} INFO - Processing file /home/airflow/.local/lib/python3.8/site-packages/airflow/example_dags/example_short_circuit_operator.py for tasks to queue
[2024-04-01T23:16:13.793+0000] {logging_mixin.py:188} INFO - [2024-04-01T23:16:13.792+0000] {dagbag.py:540} INFO - Filling up the DagBag from /home/airflow/.local/lib/python3.8/site-packages/airflow/example_dags/example_short_circuit_operator.py
[2024-04-01T23:16:13.804+0000] {processor.py:840} INFO - DAG(s) 'example_short_circuit_operator' retrieved from /home/airflow/.local/lib/python3.8/site-packages/airflow/example_dags/example_short_circuit_operator.py
[2024-04-01T23:16:13.837+0000] {logging_mixin.py:188} INFO - [2024-04-01T23:16:13.837+0000] {dag.py:3047} INFO - Sync 1 DAGs
[2024-04-01T23:16:13.861+0000] {logging_mixin.py:188} INFO - [2024-04-01T23:16:13.861+0000] {dag.py:3834} INFO - Setting next_dagrun for example_short_circuit_operator to 2024-03-31 00:00:00+00:00, run_after=2024-04-01 00:00:00+00:00
[2024-04-01T23:16:13.895+0000] {processor.py:183} INFO - Processing /home/airflow/.local/lib/python3.8/site-packages/airflow/example_dags/example_short_circuit_operator.py took 0.111 seconds
[2024-04-01T23:16:44.349+0000] {processor.py:161} INFO - Started process (PID=9997) to work on /home/airflow/.local/lib/python3.8/site-packages/airflow/example_dags/example_short_circuit_operator.py
[2024-04-01T23:16:44.350+0000] {processor.py:830} INFO - Processing file /home/airflow/.local/lib/python3.8/site-packages/airflow/example_dags/example_short_circuit_operator.py for tasks to queue
[2024-04-01T23:16:44.351+0000] {logging_mixin.py:188} INFO - [2024-04-01T23:16:44.351+0000] {dagbag.py:540} INFO - Filling up the DagBag from /home/airflow/.local/lib/python3.8/site-packages/airflow/example_dags/example_short_circuit_operator.py
[2024-04-01T23:16:44.360+0000] {processor.py:840} INFO - DAG(s) 'example_short_circuit_operator' retrieved from /home/airflow/.local/lib/python3.8/site-packages/airflow/example_dags/example_short_circuit_operator.py
[2024-04-01T23:16:44.383+0000] {logging_mixin.py:188} INFO - [2024-04-01T23:16:44.382+0000] {dag.py:3047} INFO - Sync 1 DAGs
[2024-04-01T23:16:44.407+0000] {logging_mixin.py:188} INFO - [2024-04-01T23:16:44.407+0000] {dag.py:3834} INFO - Setting next_dagrun for example_short_circuit_operator to 2024-03-31 00:00:00+00:00, run_after=2024-04-01 00:00:00+00:00
[2024-04-01T23:16:44.430+0000] {processor.py:183} INFO - Processing /home/airflow/.local/lib/python3.8/site-packages/airflow/example_dags/example_short_circuit_operator.py took 0.084 seconds
[2024-04-01T23:17:14.778+0000] {processor.py:161} INFO - Started process (PID=10242) to work on /home/airflow/.local/lib/python3.8/site-packages/airflow/example_dags/example_short_circuit_operator.py
[2024-04-01T23:17:14.780+0000] {processor.py:830} INFO - Processing file /home/airflow/.local/lib/python3.8/site-packages/airflow/example_dags/example_short_circuit_operator.py for tasks to queue
[2024-04-01T23:17:14.781+0000] {logging_mixin.py:188} INFO - [2024-04-01T23:17:14.781+0000] {dagbag.py:540} INFO - Filling up the DagBag from /home/airflow/.local/lib/python3.8/site-packages/airflow/example_dags/example_short_circuit_operator.py
[2024-04-01T23:17:14.791+0000] {processor.py:840} INFO - DAG(s) 'example_short_circuit_operator' retrieved from /home/airflow/.local/lib/python3.8/site-packages/airflow/example_dags/example_short_circuit_operator.py
[2024-04-01T23:17:14.819+0000] {logging_mixin.py:188} INFO - [2024-04-01T23:17:14.818+0000] {dag.py:3047} INFO - Sync 1 DAGs
[2024-04-01T23:17:14.849+0000] {logging_mixin.py:188} INFO - [2024-04-01T23:17:14.848+0000] {dag.py:3834} INFO - Setting next_dagrun for example_short_circuit_operator to 2024-03-31 00:00:00+00:00, run_after=2024-04-01 00:00:00+00:00
[2024-04-01T23:17:14.874+0000] {processor.py:183} INFO - Processing /home/airflow/.local/lib/python3.8/site-packages/airflow/example_dags/example_short_circuit_operator.py took 0.099 seconds
[2024-04-01T23:17:45.119+0000] {processor.py:161} INFO - Started process (PID=10489) to work on /home/airflow/.local/lib/python3.8/site-packages/airflow/example_dags/example_short_circuit_operator.py
[2024-04-01T23:17:45.120+0000] {processor.py:830} INFO - Processing file /home/airflow/.local/lib/python3.8/site-packages/airflow/example_dags/example_short_circuit_operator.py for tasks to queue
[2024-04-01T23:17:45.121+0000] {logging_mixin.py:188} INFO - [2024-04-01T23:17:45.121+0000] {dagbag.py:540} INFO - Filling up the DagBag from /home/airflow/.local/lib/python3.8/site-packages/airflow/example_dags/example_short_circuit_operator.py
[2024-04-01T23:17:45.129+0000] {processor.py:840} INFO - DAG(s) 'example_short_circuit_operator' retrieved from /home/airflow/.local/lib/python3.8/site-packages/airflow/example_dags/example_short_circuit_operator.py
[2024-04-01T23:17:45.156+0000] {logging_mixin.py:188} INFO - [2024-04-01T23:17:45.155+0000] {dag.py:3047} INFO - Sync 1 DAGs
[2024-04-01T23:17:45.179+0000] {logging_mixin.py:188} INFO - [2024-04-01T23:17:45.179+0000] {dag.py:3834} INFO - Setting next_dagrun for example_short_circuit_operator to 2024-03-31 00:00:00+00:00, run_after=2024-04-01 00:00:00+00:00
[2024-04-01T23:17:45.200+0000] {processor.py:183} INFO - Processing /home/airflow/.local/lib/python3.8/site-packages/airflow/example_dags/example_short_circuit_operator.py took 0.084 seconds
[2024-04-01T23:18:15.749+0000] {processor.py:161} INFO - Started process (PID=10736) to work on /home/airflow/.local/lib/python3.8/site-packages/airflow/example_dags/example_short_circuit_operator.py
[2024-04-01T23:18:15.750+0000] {processor.py:830} INFO - Processing file /home/airflow/.local/lib/python3.8/site-packages/airflow/example_dags/example_short_circuit_operator.py for tasks to queue
[2024-04-01T23:18:15.751+0000] {logging_mixin.py:188} INFO - [2024-04-01T23:18:15.751+0000] {dagbag.py:540} INFO - Filling up the DagBag from /home/airflow/.local/lib/python3.8/site-packages/airflow/example_dags/example_short_circuit_operator.py
[2024-04-01T23:18:15.759+0000] {processor.py:840} INFO - DAG(s) 'example_short_circuit_operator' retrieved from /home/airflow/.local/lib/python3.8/site-packages/airflow/example_dags/example_short_circuit_operator.py
[2024-04-01T23:18:15.784+0000] {logging_mixin.py:188} INFO - [2024-04-01T23:18:15.784+0000] {dag.py:3047} INFO - Sync 1 DAGs
[2024-04-01T23:18:15.806+0000] {logging_mixin.py:188} INFO - [2024-04-01T23:18:15.806+0000] {dag.py:3834} INFO - Setting next_dagrun for example_short_circuit_operator to 2024-03-31 00:00:00+00:00, run_after=2024-04-01 00:00:00+00:00
[2024-04-01T23:18:15.827+0000] {processor.py:183} INFO - Processing /home/airflow/.local/lib/python3.8/site-packages/airflow/example_dags/example_short_circuit_operator.py took 0.082 seconds
[2024-04-01T23:18:46.152+0000] {processor.py:161} INFO - Started process (PID=10983) to work on /home/airflow/.local/lib/python3.8/site-packages/airflow/example_dags/example_short_circuit_operator.py
[2024-04-01T23:18:46.153+0000] {processor.py:830} INFO - Processing file /home/airflow/.local/lib/python3.8/site-packages/airflow/example_dags/example_short_circuit_operator.py for tasks to queue
[2024-04-01T23:18:46.154+0000] {logging_mixin.py:188} INFO - [2024-04-01T23:18:46.153+0000] {dagbag.py:540} INFO - Filling up the DagBag from /home/airflow/.local/lib/python3.8/site-packages/airflow/example_dags/example_short_circuit_operator.py
[2024-04-01T23:18:46.161+0000] {processor.py:840} INFO - DAG(s) 'example_short_circuit_operator' retrieved from /home/airflow/.local/lib/python3.8/site-packages/airflow/example_dags/example_short_circuit_operator.py
[2024-04-01T23:18:46.188+0000] {logging_mixin.py:188} INFO - [2024-04-01T23:18:46.188+0000] {dag.py:3047} INFO - Sync 1 DAGs
[2024-04-01T23:18:46.217+0000] {logging_mixin.py:188} INFO - [2024-04-01T23:18:46.217+0000] {dag.py:3834} INFO - Setting next_dagrun for example_short_circuit_operator to 2024-03-31 00:00:00+00:00, run_after=2024-04-01 00:00:00+00:00
[2024-04-01T23:18:46.250+0000] {processor.py:183} INFO - Processing /home/airflow/.local/lib/python3.8/site-packages/airflow/example_dags/example_short_circuit_operator.py took 0.101 seconds
[2024-04-01T23:19:17.045+0000] {processor.py:161} INFO - Started process (PID=11232) to work on /home/airflow/.local/lib/python3.8/site-packages/airflow/example_dags/example_short_circuit_operator.py
[2024-04-01T23:19:17.047+0000] {processor.py:830} INFO - Processing file /home/airflow/.local/lib/python3.8/site-packages/airflow/example_dags/example_short_circuit_operator.py for tasks to queue
[2024-04-01T23:19:17.048+0000] {logging_mixin.py:188} INFO - [2024-04-01T23:19:17.048+0000] {dagbag.py:540} INFO - Filling up the DagBag from /home/airflow/.local/lib/python3.8/site-packages/airflow/example_dags/example_short_circuit_operator.py
[2024-04-01T23:19:17.057+0000] {processor.py:840} INFO - DAG(s) 'example_short_circuit_operator' retrieved from /home/airflow/.local/lib/python3.8/site-packages/airflow/example_dags/example_short_circuit_operator.py
[2024-04-01T23:19:17.084+0000] {logging_mixin.py:188} INFO - [2024-04-01T23:19:17.084+0000] {dag.py:3047} INFO - Sync 1 DAGs
[2024-04-01T23:19:17.113+0000] {logging_mixin.py:188} INFO - [2024-04-01T23:19:17.113+0000] {dag.py:3834} INFO - Setting next_dagrun for example_short_circuit_operator to 2024-03-31 00:00:00+00:00, run_after=2024-04-01 00:00:00+00:00
[2024-04-01T23:19:17.137+0000] {processor.py:183} INFO - Processing /home/airflow/.local/lib/python3.8/site-packages/airflow/example_dags/example_short_circuit_operator.py took 0.095 seconds
[2024-04-01T23:19:47.465+0000] {processor.py:161} INFO - Started process (PID=11477) to work on /home/airflow/.local/lib/python3.8/site-packages/airflow/example_dags/example_short_circuit_operator.py
[2024-04-01T23:19:47.467+0000] {processor.py:830} INFO - Processing file /home/airflow/.local/lib/python3.8/site-packages/airflow/example_dags/example_short_circuit_operator.py for tasks to queue
[2024-04-01T23:19:47.468+0000] {logging_mixin.py:188} INFO - [2024-04-01T23:19:47.467+0000] {dagbag.py:540} INFO - Filling up the DagBag from /home/airflow/.local/lib/python3.8/site-packages/airflow/example_dags/example_short_circuit_operator.py
[2024-04-01T23:19:47.476+0000] {processor.py:840} INFO - DAG(s) 'example_short_circuit_operator' retrieved from /home/airflow/.local/lib/python3.8/site-packages/airflow/example_dags/example_short_circuit_operator.py
[2024-04-01T23:19:47.508+0000] {logging_mixin.py:188} INFO - [2024-04-01T23:19:47.507+0000] {dag.py:3047} INFO - Sync 1 DAGs
[2024-04-01T23:19:47.534+0000] {logging_mixin.py:188} INFO - [2024-04-01T23:19:47.534+0000] {dag.py:3834} INFO - Setting next_dagrun for example_short_circuit_operator to 2024-03-31 00:00:00+00:00, run_after=2024-04-01 00:00:00+00:00
[2024-04-01T23:19:47.568+0000] {processor.py:183} INFO - Processing /home/airflow/.local/lib/python3.8/site-packages/airflow/example_dags/example_short_circuit_operator.py took 0.106 seconds
[2024-04-01T23:20:18.394+0000] {processor.py:161} INFO - Started process (PID=11724) to work on /home/airflow/.local/lib/python3.8/site-packages/airflow/example_dags/example_short_circuit_operator.py
[2024-04-01T23:20:18.395+0000] {processor.py:830} INFO - Processing file /home/airflow/.local/lib/python3.8/site-packages/airflow/example_dags/example_short_circuit_operator.py for tasks to queue
[2024-04-01T23:20:18.396+0000] {logging_mixin.py:188} INFO - [2024-04-01T23:20:18.396+0000] {dagbag.py:540} INFO - Filling up the DagBag from /home/airflow/.local/lib/python3.8/site-packages/airflow/example_dags/example_short_circuit_operator.py
[2024-04-01T23:20:18.404+0000] {processor.py:840} INFO - DAG(s) 'example_short_circuit_operator' retrieved from /home/airflow/.local/lib/python3.8/site-packages/airflow/example_dags/example_short_circuit_operator.py
[2024-04-01T23:20:18.433+0000] {logging_mixin.py:188} INFO - [2024-04-01T23:20:18.433+0000] {dag.py:3047} INFO - Sync 1 DAGs
[2024-04-01T23:20:18.460+0000] {logging_mixin.py:188} INFO - [2024-04-01T23:20:18.460+0000] {dag.py:3834} INFO - Setting next_dagrun for example_short_circuit_operator to 2024-03-31 00:00:00+00:00, run_after=2024-04-01 00:00:00+00:00
[2024-04-01T23:20:18.486+0000] {processor.py:183} INFO - Processing /home/airflow/.local/lib/python3.8/site-packages/airflow/example_dags/example_short_circuit_operator.py took 0.095 seconds
[2024-04-01T23:20:48.872+0000] {processor.py:161} INFO - Started process (PID=11971) to work on /home/airflow/.local/lib/python3.8/site-packages/airflow/example_dags/example_short_circuit_operator.py
[2024-04-01T23:20:48.873+0000] {processor.py:830} INFO - Processing file /home/airflow/.local/lib/python3.8/site-packages/airflow/example_dags/example_short_circuit_operator.py for tasks to queue
[2024-04-01T23:20:48.875+0000] {logging_mixin.py:188} INFO - [2024-04-01T23:20:48.874+0000] {dagbag.py:540} INFO - Filling up the DagBag from /home/airflow/.local/lib/python3.8/site-packages/airflow/example_dags/example_short_circuit_operator.py
[2024-04-01T23:20:48.883+0000] {processor.py:840} INFO - DAG(s) 'example_short_circuit_operator' retrieved from /home/airflow/.local/lib/python3.8/site-packages/airflow/example_dags/example_short_circuit_operator.py
[2024-04-01T23:20:48.908+0000] {logging_mixin.py:188} INFO - [2024-04-01T23:20:48.907+0000] {dag.py:3047} INFO - Sync 1 DAGs
[2024-04-01T23:20:48.933+0000] {logging_mixin.py:188} INFO - [2024-04-01T23:20:48.932+0000] {dag.py:3834} INFO - Setting next_dagrun for example_short_circuit_operator to 2024-03-31 00:00:00+00:00, run_after=2024-04-01 00:00:00+00:00
[2024-04-01T23:20:48.957+0000] {processor.py:183} INFO - Processing /home/airflow/.local/lib/python3.8/site-packages/airflow/example_dags/example_short_circuit_operator.py took 0.088 seconds
