[2024-04-01T22:56:51.045+0000] {processor.py:161} INFO - Started process (PID=227) to work on /home/airflow/.local/lib/python3.8/site-packages/airflow/example_dags/example_branch_operator.py
[2024-04-01T22:56:51.046+0000] {processor.py:830} INFO - Processing file /home/airflow/.local/lib/python3.8/site-packages/airflow/example_dags/example_branch_operator.py for tasks to queue
[2024-04-01T22:56:51.047+0000] {logging_mixin.py:188} INFO - [2024-04-01T22:56:51.047+0000] {dagbag.py:540} INFO - Filling up the DagBag from /home/airflow/.local/lib/python3.8/site-packages/airflow/example_dags/example_branch_operator.py
[2024-04-01T22:56:51.074+0000] {processor.py:840} INFO - DAG(s) 'example_branch_operator' retrieved from /home/airflow/.local/lib/python3.8/site-packages/airflow/example_dags/example_branch_operator.py
[2024-04-01T22:56:51.088+0000] {logging_mixin.py:188} INFO - [2024-04-01T22:56:51.087+0000] {dag.py:3047} INFO - Sync 1 DAGs
[2024-04-01T22:56:51.119+0000] {logging_mixin.py:188} INFO - [2024-04-01T22:56:51.118+0000] {dag.py:3834} INFO - Setting next_dagrun for example_branch_operator to 2024-03-31 00:00:00+00:00, run_after=2024-04-01 00:00:00+00:00
[2024-04-01T22:56:51.147+0000] {processor.py:183} INFO - Processing /home/airflow/.local/lib/python3.8/site-packages/airflow/example_dags/example_branch_operator.py took 0.106 seconds
[2024-04-01T22:57:22.230+0000] {processor.py:161} INFO - Started process (PID=474) to work on /home/airflow/.local/lib/python3.8/site-packages/airflow/example_dags/example_branch_operator.py
[2024-04-01T22:57:22.232+0000] {processor.py:830} INFO - Processing file /home/airflow/.local/lib/python3.8/site-packages/airflow/example_dags/example_branch_operator.py for tasks to queue
[2024-04-01T22:57:22.233+0000] {logging_mixin.py:188} INFO - [2024-04-01T22:57:22.232+0000] {dagbag.py:540} INFO - Filling up the DagBag from /home/airflow/.local/lib/python3.8/site-packages/airflow/example_dags/example_branch_operator.py
[2024-04-01T22:57:22.249+0000] {processor.py:840} INFO - DAG(s) 'example_branch_operator' retrieved from /home/airflow/.local/lib/python3.8/site-packages/airflow/example_dags/example_branch_operator.py
[2024-04-01T22:57:22.361+0000] {logging_mixin.py:188} INFO - [2024-04-01T22:57:22.361+0000] {dag.py:3047} INFO - Sync 1 DAGs
[2024-04-01T22:57:22.383+0000] {logging_mixin.py:188} INFO - [2024-04-01T22:57:22.383+0000] {dag.py:3834} INFO - Setting next_dagrun for example_branch_operator to 2024-03-31 00:00:00+00:00, run_after=2024-04-01 00:00:00+00:00
[2024-04-01T22:57:22.409+0000] {processor.py:183} INFO - Processing /home/airflow/.local/lib/python3.8/site-packages/airflow/example_dags/example_branch_operator.py took 0.181 seconds
[2024-04-01T22:57:53.235+0000] {processor.py:161} INFO - Started process (PID=721) to work on /home/airflow/.local/lib/python3.8/site-packages/airflow/example_dags/example_branch_operator.py
[2024-04-01T22:57:53.237+0000] {processor.py:830} INFO - Processing file /home/airflow/.local/lib/python3.8/site-packages/airflow/example_dags/example_branch_operator.py for tasks to queue
[2024-04-01T22:57:53.238+0000] {logging_mixin.py:188} INFO - [2024-04-01T22:57:53.238+0000] {dagbag.py:540} INFO - Filling up the DagBag from /home/airflow/.local/lib/python3.8/site-packages/airflow/example_dags/example_branch_operator.py
[2024-04-01T22:57:53.264+0000] {processor.py:840} INFO - DAG(s) 'example_branch_operator' retrieved from /home/airflow/.local/lib/python3.8/site-packages/airflow/example_dags/example_branch_operator.py
[2024-04-01T22:57:53.293+0000] {logging_mixin.py:188} INFO - [2024-04-01T22:57:53.293+0000] {dag.py:3047} INFO - Sync 1 DAGs
[2024-04-01T22:57:53.316+0000] {logging_mixin.py:188} INFO - [2024-04-01T22:57:53.316+0000] {dag.py:3834} INFO - Setting next_dagrun for example_branch_operator to 2024-03-31 00:00:00+00:00, run_after=2024-04-01 00:00:00+00:00
[2024-04-01T22:57:53.336+0000] {processor.py:183} INFO - Processing /home/airflow/.local/lib/python3.8/site-packages/airflow/example_dags/example_branch_operator.py took 0.106 seconds
[2024-04-01T22:58:23.687+0000] {processor.py:161} INFO - Started process (PID=970) to work on /home/airflow/.local/lib/python3.8/site-packages/airflow/example_dags/example_branch_operator.py
[2024-04-01T22:58:23.688+0000] {processor.py:830} INFO - Processing file /home/airflow/.local/lib/python3.8/site-packages/airflow/example_dags/example_branch_operator.py for tasks to queue
[2024-04-01T22:58:23.689+0000] {logging_mixin.py:188} INFO - [2024-04-01T22:58:23.689+0000] {dagbag.py:540} INFO - Filling up the DagBag from /home/airflow/.local/lib/python3.8/site-packages/airflow/example_dags/example_branch_operator.py
[2024-04-01T22:58:23.705+0000] {processor.py:840} INFO - DAG(s) 'example_branch_operator' retrieved from /home/airflow/.local/lib/python3.8/site-packages/airflow/example_dags/example_branch_operator.py
[2024-04-01T22:58:23.737+0000] {logging_mixin.py:188} INFO - [2024-04-01T22:58:23.736+0000] {dag.py:3047} INFO - Sync 1 DAGs
[2024-04-01T22:58:23.760+0000] {logging_mixin.py:188} INFO - [2024-04-01T22:58:23.760+0000] {dag.py:3834} INFO - Setting next_dagrun for example_branch_operator to 2024-03-31 00:00:00+00:00, run_after=2024-04-01 00:00:00+00:00
[2024-04-01T22:58:23.795+0000] {processor.py:183} INFO - Processing /home/airflow/.local/lib/python3.8/site-packages/airflow/example_dags/example_branch_operator.py took 0.111 seconds
[2024-04-01T22:58:54.002+0000] {processor.py:161} INFO - Started process (PID=1217) to work on /home/airflow/.local/lib/python3.8/site-packages/airflow/example_dags/example_branch_operator.py
[2024-04-01T22:58:54.006+0000] {processor.py:830} INFO - Processing file /home/airflow/.local/lib/python3.8/site-packages/airflow/example_dags/example_branch_operator.py for tasks to queue
[2024-04-01T22:58:54.009+0000] {logging_mixin.py:188} INFO - [2024-04-01T22:58:54.009+0000] {dagbag.py:540} INFO - Filling up the DagBag from /home/airflow/.local/lib/python3.8/site-packages/airflow/example_dags/example_branch_operator.py
[2024-04-01T22:58:54.033+0000] {processor.py:840} INFO - DAG(s) 'example_branch_operator' retrieved from /home/airflow/.local/lib/python3.8/site-packages/airflow/example_dags/example_branch_operator.py
[2024-04-01T22:58:54.070+0000] {logging_mixin.py:188} INFO - [2024-04-01T22:58:54.070+0000] {dag.py:3047} INFO - Sync 1 DAGs
[2024-04-01T22:58:54.101+0000] {logging_mixin.py:188} INFO - [2024-04-01T22:58:54.100+0000] {dag.py:3834} INFO - Setting next_dagrun for example_branch_operator to 2024-03-31 00:00:00+00:00, run_after=2024-04-01 00:00:00+00:00
[2024-04-01T22:58:54.125+0000] {processor.py:183} INFO - Processing /home/airflow/.local/lib/python3.8/site-packages/airflow/example_dags/example_branch_operator.py took 0.127 seconds
[2024-04-01T22:59:24.609+0000] {processor.py:161} INFO - Started process (PID=1464) to work on /home/airflow/.local/lib/python3.8/site-packages/airflow/example_dags/example_branch_operator.py
[2024-04-01T22:59:24.610+0000] {processor.py:830} INFO - Processing file /home/airflow/.local/lib/python3.8/site-packages/airflow/example_dags/example_branch_operator.py for tasks to queue
[2024-04-01T22:59:24.611+0000] {logging_mixin.py:188} INFO - [2024-04-01T22:59:24.611+0000] {dagbag.py:540} INFO - Filling up the DagBag from /home/airflow/.local/lib/python3.8/site-packages/airflow/example_dags/example_branch_operator.py
[2024-04-01T22:59:24.627+0000] {processor.py:840} INFO - DAG(s) 'example_branch_operator' retrieved from /home/airflow/.local/lib/python3.8/site-packages/airflow/example_dags/example_branch_operator.py
[2024-04-01T22:59:24.659+0000] {logging_mixin.py:188} INFO - [2024-04-01T22:59:24.659+0000] {dag.py:3047} INFO - Sync 1 DAGs
[2024-04-01T22:59:24.687+0000] {logging_mixin.py:188} INFO - [2024-04-01T22:59:24.687+0000] {dag.py:3834} INFO - Setting next_dagrun for example_branch_operator to 2024-03-31 00:00:00+00:00, run_after=2024-04-01 00:00:00+00:00
[2024-04-01T22:59:24.711+0000] {processor.py:183} INFO - Processing /home/airflow/.local/lib/python3.8/site-packages/airflow/example_dags/example_branch_operator.py took 0.104 seconds
[2024-04-01T22:59:54.863+0000] {processor.py:161} INFO - Started process (PID=1735) to work on /home/airflow/.local/lib/python3.8/site-packages/airflow/example_dags/example_branch_operator.py
[2024-04-01T22:59:54.865+0000] {processor.py:830} INFO - Processing file /home/airflow/.local/lib/python3.8/site-packages/airflow/example_dags/example_branch_operator.py for tasks to queue
[2024-04-01T22:59:54.867+0000] {logging_mixin.py:188} INFO - [2024-04-01T22:59:54.866+0000] {dagbag.py:540} INFO - Filling up the DagBag from /home/airflow/.local/lib/python3.8/site-packages/airflow/example_dags/example_branch_operator.py
[2024-04-01T22:59:54.894+0000] {processor.py:840} INFO - DAG(s) 'example_branch_operator' retrieved from /home/airflow/.local/lib/python3.8/site-packages/airflow/example_dags/example_branch_operator.py
[2024-04-01T22:59:54.936+0000] {logging_mixin.py:188} INFO - [2024-04-01T22:59:54.935+0000] {dag.py:3047} INFO - Sync 1 DAGs
[2024-04-01T22:59:54.970+0000] {logging_mixin.py:188} INFO - [2024-04-01T22:59:54.969+0000] {dag.py:3834} INFO - Setting next_dagrun for example_branch_operator to 2024-03-31 00:00:00+00:00, run_after=2024-04-01 00:00:00+00:00
[2024-04-01T22:59:55.008+0000] {processor.py:183} INFO - Processing /home/airflow/.local/lib/python3.8/site-packages/airflow/example_dags/example_branch_operator.py took 0.150 seconds
[2024-04-01T23:00:25.492+0000] {processor.py:161} INFO - Started process (PID=1983) to work on /home/airflow/.local/lib/python3.8/site-packages/airflow/example_dags/example_branch_operator.py
[2024-04-01T23:00:25.493+0000] {processor.py:830} INFO - Processing file /home/airflow/.local/lib/python3.8/site-packages/airflow/example_dags/example_branch_operator.py for tasks to queue
[2024-04-01T23:00:25.494+0000] {logging_mixin.py:188} INFO - [2024-04-01T23:00:25.493+0000] {dagbag.py:540} INFO - Filling up the DagBag from /home/airflow/.local/lib/python3.8/site-packages/airflow/example_dags/example_branch_operator.py
[2024-04-01T23:00:25.511+0000] {processor.py:840} INFO - DAG(s) 'example_branch_operator' retrieved from /home/airflow/.local/lib/python3.8/site-packages/airflow/example_dags/example_branch_operator.py
[2024-04-01T23:00:25.544+0000] {logging_mixin.py:188} INFO - [2024-04-01T23:00:25.543+0000] {dag.py:3047} INFO - Sync 1 DAGs
[2024-04-01T23:00:25.571+0000] {logging_mixin.py:188} INFO - [2024-04-01T23:00:25.571+0000] {dag.py:3834} INFO - Setting next_dagrun for example_branch_operator to 2024-03-31 00:00:00+00:00, run_after=2024-04-01 00:00:00+00:00
[2024-04-01T23:00:25.599+0000] {processor.py:183} INFO - Processing /home/airflow/.local/lib/python3.8/site-packages/airflow/example_dags/example_branch_operator.py took 0.110 seconds
[2024-04-01T23:00:55.700+0000] {processor.py:161} INFO - Started process (PID=2230) to work on /home/airflow/.local/lib/python3.8/site-packages/airflow/example_dags/example_branch_operator.py
[2024-04-01T23:00:55.701+0000] {processor.py:830} INFO - Processing file /home/airflow/.local/lib/python3.8/site-packages/airflow/example_dags/example_branch_operator.py for tasks to queue
[2024-04-01T23:00:55.702+0000] {logging_mixin.py:188} INFO - [2024-04-01T23:00:55.702+0000] {dagbag.py:540} INFO - Filling up the DagBag from /home/airflow/.local/lib/python3.8/site-packages/airflow/example_dags/example_branch_operator.py
[2024-04-01T23:00:55.721+0000] {processor.py:840} INFO - DAG(s) 'example_branch_operator' retrieved from /home/airflow/.local/lib/python3.8/site-packages/airflow/example_dags/example_branch_operator.py
[2024-04-01T23:00:55.755+0000] {logging_mixin.py:188} INFO - [2024-04-01T23:00:55.755+0000] {dag.py:3047} INFO - Sync 1 DAGs
[2024-04-01T23:00:55.782+0000] {logging_mixin.py:188} INFO - [2024-04-01T23:00:55.781+0000] {dag.py:3834} INFO - Setting next_dagrun for example_branch_operator to 2024-03-31 00:00:00+00:00, run_after=2024-04-01 00:00:00+00:00
[2024-04-01T23:00:55.816+0000] {processor.py:183} INFO - Processing /home/airflow/.local/lib/python3.8/site-packages/airflow/example_dags/example_branch_operator.py took 0.119 seconds
[2024-04-01T23:01:26.142+0000] {processor.py:161} INFO - Started process (PID=2480) to work on /home/airflow/.local/lib/python3.8/site-packages/airflow/example_dags/example_branch_operator.py
[2024-04-01T23:01:26.143+0000] {processor.py:830} INFO - Processing file /home/airflow/.local/lib/python3.8/site-packages/airflow/example_dags/example_branch_operator.py for tasks to queue
[2024-04-01T23:01:26.144+0000] {logging_mixin.py:188} INFO - [2024-04-01T23:01:26.144+0000] {dagbag.py:540} INFO - Filling up the DagBag from /home/airflow/.local/lib/python3.8/site-packages/airflow/example_dags/example_branch_operator.py
[2024-04-01T23:01:26.161+0000] {processor.py:840} INFO - DAG(s) 'example_branch_operator' retrieved from /home/airflow/.local/lib/python3.8/site-packages/airflow/example_dags/example_branch_operator.py
[2024-04-01T23:01:26.191+0000] {logging_mixin.py:188} INFO - [2024-04-01T23:01:26.191+0000] {dag.py:3047} INFO - Sync 1 DAGs
[2024-04-01T23:01:26.217+0000] {logging_mixin.py:188} INFO - [2024-04-01T23:01:26.217+0000] {dag.py:3834} INFO - Setting next_dagrun for example_branch_operator to 2024-03-31 00:00:00+00:00, run_after=2024-04-01 00:00:00+00:00
[2024-04-01T23:01:26.243+0000] {processor.py:183} INFO - Processing /home/airflow/.local/lib/python3.8/site-packages/airflow/example_dags/example_branch_operator.py took 0.104 seconds
[2024-04-01T23:01:56.693+0000] {processor.py:161} INFO - Started process (PID=2722) to work on /home/airflow/.local/lib/python3.8/site-packages/airflow/example_dags/example_branch_operator.py
[2024-04-01T23:01:56.694+0000] {processor.py:830} INFO - Processing file /home/airflow/.local/lib/python3.8/site-packages/airflow/example_dags/example_branch_operator.py for tasks to queue
[2024-04-01T23:01:56.695+0000] {logging_mixin.py:188} INFO - [2024-04-01T23:01:56.694+0000] {dagbag.py:540} INFO - Filling up the DagBag from /home/airflow/.local/lib/python3.8/site-packages/airflow/example_dags/example_branch_operator.py
[2024-04-01T23:01:56.714+0000] {processor.py:840} INFO - DAG(s) 'example_branch_operator' retrieved from /home/airflow/.local/lib/python3.8/site-packages/airflow/example_dags/example_branch_operator.py
[2024-04-01T23:01:56.745+0000] {logging_mixin.py:188} INFO - [2024-04-01T23:01:56.745+0000] {dag.py:3047} INFO - Sync 1 DAGs
[2024-04-01T23:01:56.771+0000] {logging_mixin.py:188} INFO - [2024-04-01T23:01:56.771+0000] {dag.py:3834} INFO - Setting next_dagrun for example_branch_operator to 2024-03-31 00:00:00+00:00, run_after=2024-04-01 00:00:00+00:00
[2024-04-01T23:01:56.797+0000] {processor.py:183} INFO - Processing /home/airflow/.local/lib/python3.8/site-packages/airflow/example_dags/example_branch_operator.py took 0.107 seconds
[2024-04-01T23:02:27.265+0000] {processor.py:161} INFO - Started process (PID=2971) to work on /home/airflow/.local/lib/python3.8/site-packages/airflow/example_dags/example_branch_operator.py
[2024-04-01T23:02:27.267+0000] {processor.py:830} INFO - Processing file /home/airflow/.local/lib/python3.8/site-packages/airflow/example_dags/example_branch_operator.py for tasks to queue
[2024-04-01T23:02:27.268+0000] {logging_mixin.py:188} INFO - [2024-04-01T23:02:27.268+0000] {dagbag.py:540} INFO - Filling up the DagBag from /home/airflow/.local/lib/python3.8/site-packages/airflow/example_dags/example_branch_operator.py
[2024-04-01T23:02:27.286+0000] {processor.py:840} INFO - DAG(s) 'example_branch_operator' retrieved from /home/airflow/.local/lib/python3.8/site-packages/airflow/example_dags/example_branch_operator.py
[2024-04-01T23:02:27.320+0000] {logging_mixin.py:188} INFO - [2024-04-01T23:02:27.319+0000] {dag.py:3047} INFO - Sync 1 DAGs
[2024-04-01T23:02:27.344+0000] {logging_mixin.py:188} INFO - [2024-04-01T23:02:27.343+0000] {dag.py:3834} INFO - Setting next_dagrun for example_branch_operator to 2024-03-31 00:00:00+00:00, run_after=2024-04-01 00:00:00+00:00
[2024-04-01T23:02:27.380+0000] {processor.py:183} INFO - Processing /home/airflow/.local/lib/python3.8/site-packages/airflow/example_dags/example_branch_operator.py took 0.118 seconds
[2024-04-01T23:02:57.679+0000] {processor.py:161} INFO - Started process (PID=3218) to work on /home/airflow/.local/lib/python3.8/site-packages/airflow/example_dags/example_branch_operator.py
[2024-04-01T23:02:57.680+0000] {processor.py:830} INFO - Processing file /home/airflow/.local/lib/python3.8/site-packages/airflow/example_dags/example_branch_operator.py for tasks to queue
[2024-04-01T23:02:57.681+0000] {logging_mixin.py:188} INFO - [2024-04-01T23:02:57.681+0000] {dagbag.py:540} INFO - Filling up the DagBag from /home/airflow/.local/lib/python3.8/site-packages/airflow/example_dags/example_branch_operator.py
[2024-04-01T23:02:57.698+0000] {processor.py:840} INFO - DAG(s) 'example_branch_operator' retrieved from /home/airflow/.local/lib/python3.8/site-packages/airflow/example_dags/example_branch_operator.py
[2024-04-01T23:02:57.729+0000] {logging_mixin.py:188} INFO - [2024-04-01T23:02:57.729+0000] {dag.py:3047} INFO - Sync 1 DAGs
[2024-04-01T23:02:57.754+0000] {logging_mixin.py:188} INFO - [2024-04-01T23:02:57.753+0000] {dag.py:3834} INFO - Setting next_dagrun for example_branch_operator to 2024-03-31 00:00:00+00:00, run_after=2024-04-01 00:00:00+00:00
[2024-04-01T23:02:57.790+0000] {processor.py:183} INFO - Processing /home/airflow/.local/lib/python3.8/site-packages/airflow/example_dags/example_branch_operator.py took 0.114 seconds
[2024-04-01T23:03:28.101+0000] {processor.py:161} INFO - Started process (PID=3465) to work on /home/airflow/.local/lib/python3.8/site-packages/airflow/example_dags/example_branch_operator.py
[2024-04-01T23:03:28.102+0000] {processor.py:830} INFO - Processing file /home/airflow/.local/lib/python3.8/site-packages/airflow/example_dags/example_branch_operator.py for tasks to queue
[2024-04-01T23:03:28.103+0000] {logging_mixin.py:188} INFO - [2024-04-01T23:03:28.103+0000] {dagbag.py:540} INFO - Filling up the DagBag from /home/airflow/.local/lib/python3.8/site-packages/airflow/example_dags/example_branch_operator.py
[2024-04-01T23:03:28.118+0000] {processor.py:840} INFO - DAG(s) 'example_branch_operator' retrieved from /home/airflow/.local/lib/python3.8/site-packages/airflow/example_dags/example_branch_operator.py
[2024-04-01T23:03:28.149+0000] {logging_mixin.py:188} INFO - [2024-04-01T23:03:28.148+0000] {dag.py:3047} INFO - Sync 1 DAGs
[2024-04-01T23:03:28.172+0000] {logging_mixin.py:188} INFO - [2024-04-01T23:03:28.172+0000] {dag.py:3834} INFO - Setting next_dagrun for example_branch_operator to 2024-03-31 00:00:00+00:00, run_after=2024-04-01 00:00:00+00:00
[2024-04-01T23:03:28.193+0000] {processor.py:183} INFO - Processing /home/airflow/.local/lib/python3.8/site-packages/airflow/example_dags/example_branch_operator.py took 0.095 seconds
[2024-04-01T23:03:58.626+0000] {processor.py:161} INFO - Started process (PID=3710) to work on /home/airflow/.local/lib/python3.8/site-packages/airflow/example_dags/example_branch_operator.py
[2024-04-01T23:03:58.627+0000] {processor.py:830} INFO - Processing file /home/airflow/.local/lib/python3.8/site-packages/airflow/example_dags/example_branch_operator.py for tasks to queue
[2024-04-01T23:03:58.628+0000] {logging_mixin.py:188} INFO - [2024-04-01T23:03:58.628+0000] {dagbag.py:540} INFO - Filling up the DagBag from /home/airflow/.local/lib/python3.8/site-packages/airflow/example_dags/example_branch_operator.py
[2024-04-01T23:03:58.646+0000] {processor.py:840} INFO - DAG(s) 'example_branch_operator' retrieved from /home/airflow/.local/lib/python3.8/site-packages/airflow/example_dags/example_branch_operator.py
[2024-04-01T23:03:58.676+0000] {logging_mixin.py:188} INFO - [2024-04-01T23:03:58.676+0000] {dag.py:3047} INFO - Sync 1 DAGs
[2024-04-01T23:03:58.701+0000] {logging_mixin.py:188} INFO - [2024-04-01T23:03:58.700+0000] {dag.py:3834} INFO - Setting next_dagrun for example_branch_operator to 2024-03-31 00:00:00+00:00, run_after=2024-04-01 00:00:00+00:00
[2024-04-01T23:03:58.725+0000] {processor.py:183} INFO - Processing /home/airflow/.local/lib/python3.8/site-packages/airflow/example_dags/example_branch_operator.py took 0.101 seconds
[2024-04-01T23:04:29.182+0000] {processor.py:161} INFO - Started process (PID=3957) to work on /home/airflow/.local/lib/python3.8/site-packages/airflow/example_dags/example_branch_operator.py
[2024-04-01T23:04:29.183+0000] {processor.py:830} INFO - Processing file /home/airflow/.local/lib/python3.8/site-packages/airflow/example_dags/example_branch_operator.py for tasks to queue
[2024-04-01T23:04:29.184+0000] {logging_mixin.py:188} INFO - [2024-04-01T23:04:29.184+0000] {dagbag.py:540} INFO - Filling up the DagBag from /home/airflow/.local/lib/python3.8/site-packages/airflow/example_dags/example_branch_operator.py
[2024-04-01T23:04:29.202+0000] {processor.py:840} INFO - DAG(s) 'example_branch_operator' retrieved from /home/airflow/.local/lib/python3.8/site-packages/airflow/example_dags/example_branch_operator.py
[2024-04-01T23:04:29.233+0000] {logging_mixin.py:188} INFO - [2024-04-01T23:04:29.233+0000] {dag.py:3047} INFO - Sync 1 DAGs
[2024-04-01T23:04:29.260+0000] {logging_mixin.py:188} INFO - [2024-04-01T23:04:29.260+0000] {dag.py:3834} INFO - Setting next_dagrun for example_branch_operator to 2024-03-31 00:00:00+00:00, run_after=2024-04-01 00:00:00+00:00
[2024-04-01T23:04:29.287+0000] {processor.py:183} INFO - Processing /home/airflow/.local/lib/python3.8/site-packages/airflow/example_dags/example_branch_operator.py took 0.108 seconds
[2024-04-01T23:05:00.022+0000] {processor.py:161} INFO - Started process (PID=4206) to work on /home/airflow/.local/lib/python3.8/site-packages/airflow/example_dags/example_branch_operator.py
[2024-04-01T23:05:00.024+0000] {processor.py:830} INFO - Processing file /home/airflow/.local/lib/python3.8/site-packages/airflow/example_dags/example_branch_operator.py for tasks to queue
[2024-04-01T23:05:00.036+0000] {logging_mixin.py:188} INFO - [2024-04-01T23:05:00.035+0000] {dagbag.py:540} INFO - Filling up the DagBag from /home/airflow/.local/lib/python3.8/site-packages/airflow/example_dags/example_branch_operator.py
[2024-04-01T23:05:00.072+0000] {processor.py:840} INFO - DAG(s) 'example_branch_operator' retrieved from /home/airflow/.local/lib/python3.8/site-packages/airflow/example_dags/example_branch_operator.py
[2024-04-01T23:05:00.134+0000] {logging_mixin.py:188} INFO - [2024-04-01T23:05:00.134+0000] {dag.py:3047} INFO - Sync 1 DAGs
[2024-04-01T23:05:00.188+0000] {logging_mixin.py:188} INFO - [2024-04-01T23:05:00.188+0000] {dag.py:3834} INFO - Setting next_dagrun for example_branch_operator to 2024-03-31 00:00:00+00:00, run_after=2024-04-01 00:00:00+00:00
[2024-04-01T23:05:00.228+0000] {processor.py:183} INFO - Processing /home/airflow/.local/lib/python3.8/site-packages/airflow/example_dags/example_branch_operator.py took 0.212 seconds
[2024-04-01T23:05:31.112+0000] {processor.py:161} INFO - Started process (PID=4454) to work on /home/airflow/.local/lib/python3.8/site-packages/airflow/example_dags/example_branch_operator.py
[2024-04-01T23:05:31.113+0000] {processor.py:830} INFO - Processing file /home/airflow/.local/lib/python3.8/site-packages/airflow/example_dags/example_branch_operator.py for tasks to queue
[2024-04-01T23:05:31.114+0000] {logging_mixin.py:188} INFO - [2024-04-01T23:05:31.114+0000] {dagbag.py:540} INFO - Filling up the DagBag from /home/airflow/.local/lib/python3.8/site-packages/airflow/example_dags/example_branch_operator.py
[2024-04-01T23:05:31.137+0000] {processor.py:840} INFO - DAG(s) 'example_branch_operator' retrieved from /home/airflow/.local/lib/python3.8/site-packages/airflow/example_dags/example_branch_operator.py
[2024-04-01T23:05:31.177+0000] {logging_mixin.py:188} INFO - [2024-04-01T23:05:31.177+0000] {dag.py:3047} INFO - Sync 1 DAGs
[2024-04-01T23:05:31.206+0000] {logging_mixin.py:188} INFO - [2024-04-01T23:05:31.206+0000] {dag.py:3834} INFO - Setting next_dagrun for example_branch_operator to 2024-03-31 00:00:00+00:00, run_after=2024-04-01 00:00:00+00:00
[2024-04-01T23:05:31.233+0000] {processor.py:183} INFO - Processing /home/airflow/.local/lib/python3.8/site-packages/airflow/example_dags/example_branch_operator.py took 0.124 seconds
[2024-04-01T23:06:02.118+0000] {processor.py:161} INFO - Started process (PID=4701) to work on /home/airflow/.local/lib/python3.8/site-packages/airflow/example_dags/example_branch_operator.py
[2024-04-01T23:06:02.119+0000] {processor.py:830} INFO - Processing file /home/airflow/.local/lib/python3.8/site-packages/airflow/example_dags/example_branch_operator.py for tasks to queue
[2024-04-01T23:06:02.120+0000] {logging_mixin.py:188} INFO - [2024-04-01T23:06:02.120+0000] {dagbag.py:540} INFO - Filling up the DagBag from /home/airflow/.local/lib/python3.8/site-packages/airflow/example_dags/example_branch_operator.py
[2024-04-01T23:06:02.138+0000] {processor.py:840} INFO - DAG(s) 'example_branch_operator' retrieved from /home/airflow/.local/lib/python3.8/site-packages/airflow/example_dags/example_branch_operator.py
[2024-04-01T23:06:02.168+0000] {logging_mixin.py:188} INFO - [2024-04-01T23:06:02.168+0000] {dag.py:3047} INFO - Sync 1 DAGs
[2024-04-01T23:06:02.193+0000] {logging_mixin.py:188} INFO - [2024-04-01T23:06:02.193+0000] {dag.py:3834} INFO - Setting next_dagrun for example_branch_operator to 2024-03-31 00:00:00+00:00, run_after=2024-04-01 00:00:00+00:00
[2024-04-01T23:06:02.213+0000] {processor.py:183} INFO - Processing /home/airflow/.local/lib/python3.8/site-packages/airflow/example_dags/example_branch_operator.py took 0.098 seconds
[2024-04-01T23:06:32.409+0000] {processor.py:161} INFO - Started process (PID=4948) to work on /home/airflow/.local/lib/python3.8/site-packages/airflow/example_dags/example_branch_operator.py
[2024-04-01T23:06:32.410+0000] {processor.py:830} INFO - Processing file /home/airflow/.local/lib/python3.8/site-packages/airflow/example_dags/example_branch_operator.py for tasks to queue
[2024-04-01T23:06:32.411+0000] {logging_mixin.py:188} INFO - [2024-04-01T23:06:32.411+0000] {dagbag.py:540} INFO - Filling up the DagBag from /home/airflow/.local/lib/python3.8/site-packages/airflow/example_dags/example_branch_operator.py
[2024-04-01T23:06:32.427+0000] {processor.py:840} INFO - DAG(s) 'example_branch_operator' retrieved from /home/airflow/.local/lib/python3.8/site-packages/airflow/example_dags/example_branch_operator.py
[2024-04-01T23:06:32.455+0000] {logging_mixin.py:188} INFO - [2024-04-01T23:06:32.455+0000] {dag.py:3047} INFO - Sync 1 DAGs
[2024-04-01T23:06:32.477+0000] {logging_mixin.py:188} INFO - [2024-04-01T23:06:32.477+0000] {dag.py:3834} INFO - Setting next_dagrun for example_branch_operator to 2024-03-31 00:00:00+00:00, run_after=2024-04-01 00:00:00+00:00
[2024-04-01T23:06:32.499+0000] {processor.py:183} INFO - Processing /home/airflow/.local/lib/python3.8/site-packages/airflow/example_dags/example_branch_operator.py took 0.092 seconds
[2024-04-01T23:07:03.036+0000] {processor.py:161} INFO - Started process (PID=5195) to work on /home/airflow/.local/lib/python3.8/site-packages/airflow/example_dags/example_branch_operator.py
[2024-04-01T23:07:03.037+0000] {processor.py:830} INFO - Processing file /home/airflow/.local/lib/python3.8/site-packages/airflow/example_dags/example_branch_operator.py for tasks to queue
[2024-04-01T23:07:03.038+0000] {logging_mixin.py:188} INFO - [2024-04-01T23:07:03.038+0000] {dagbag.py:540} INFO - Filling up the DagBag from /home/airflow/.local/lib/python3.8/site-packages/airflow/example_dags/example_branch_operator.py
[2024-04-01T23:07:03.055+0000] {processor.py:840} INFO - DAG(s) 'example_branch_operator' retrieved from /home/airflow/.local/lib/python3.8/site-packages/airflow/example_dags/example_branch_operator.py
[2024-04-01T23:07:03.084+0000] {logging_mixin.py:188} INFO - [2024-04-01T23:07:03.084+0000] {dag.py:3047} INFO - Sync 1 DAGs
[2024-04-01T23:07:03.111+0000] {logging_mixin.py:188} INFO - [2024-04-01T23:07:03.111+0000] {dag.py:3834} INFO - Setting next_dagrun for example_branch_operator to 2024-03-31 00:00:00+00:00, run_after=2024-04-01 00:00:00+00:00
[2024-04-01T23:07:03.134+0000] {processor.py:183} INFO - Processing /home/airflow/.local/lib/python3.8/site-packages/airflow/example_dags/example_branch_operator.py took 0.101 seconds
[2024-04-01T23:07:33.354+0000] {processor.py:161} INFO - Started process (PID=5442) to work on /home/airflow/.local/lib/python3.8/site-packages/airflow/example_dags/example_branch_operator.py
[2024-04-01T23:07:33.355+0000] {processor.py:830} INFO - Processing file /home/airflow/.local/lib/python3.8/site-packages/airflow/example_dags/example_branch_operator.py for tasks to queue
[2024-04-01T23:07:33.356+0000] {logging_mixin.py:188} INFO - [2024-04-01T23:07:33.355+0000] {dagbag.py:540} INFO - Filling up the DagBag from /home/airflow/.local/lib/python3.8/site-packages/airflow/example_dags/example_branch_operator.py
[2024-04-01T23:07:33.373+0000] {processor.py:840} INFO - DAG(s) 'example_branch_operator' retrieved from /home/airflow/.local/lib/python3.8/site-packages/airflow/example_dags/example_branch_operator.py
[2024-04-01T23:07:33.407+0000] {logging_mixin.py:188} INFO - [2024-04-01T23:07:33.407+0000] {dag.py:3047} INFO - Sync 1 DAGs
[2024-04-01T23:07:33.434+0000] {logging_mixin.py:188} INFO - [2024-04-01T23:07:33.434+0000] {dag.py:3834} INFO - Setting next_dagrun for example_branch_operator to 2024-03-31 00:00:00+00:00, run_after=2024-04-01 00:00:00+00:00
[2024-04-01T23:07:33.457+0000] {processor.py:183} INFO - Processing /home/airflow/.local/lib/python3.8/site-packages/airflow/example_dags/example_branch_operator.py took 0.106 seconds
[2024-04-01T23:08:03.786+0000] {processor.py:161} INFO - Started process (PID=5689) to work on /home/airflow/.local/lib/python3.8/site-packages/airflow/example_dags/example_branch_operator.py
[2024-04-01T23:08:03.787+0000] {processor.py:830} INFO - Processing file /home/airflow/.local/lib/python3.8/site-packages/airflow/example_dags/example_branch_operator.py for tasks to queue
[2024-04-01T23:08:03.788+0000] {logging_mixin.py:188} INFO - [2024-04-01T23:08:03.788+0000] {dagbag.py:540} INFO - Filling up the DagBag from /home/airflow/.local/lib/python3.8/site-packages/airflow/example_dags/example_branch_operator.py
[2024-04-01T23:08:03.804+0000] {processor.py:840} INFO - DAG(s) 'example_branch_operator' retrieved from /home/airflow/.local/lib/python3.8/site-packages/airflow/example_dags/example_branch_operator.py
[2024-04-01T23:08:03.832+0000] {logging_mixin.py:188} INFO - [2024-04-01T23:08:03.832+0000] {dag.py:3047} INFO - Sync 1 DAGs
[2024-04-01T23:08:03.855+0000] {logging_mixin.py:188} INFO - [2024-04-01T23:08:03.854+0000] {dag.py:3834} INFO - Setting next_dagrun for example_branch_operator to 2024-03-31 00:00:00+00:00, run_after=2024-04-01 00:00:00+00:00
[2024-04-01T23:08:03.892+0000] {processor.py:183} INFO - Processing /home/airflow/.local/lib/python3.8/site-packages/airflow/example_dags/example_branch_operator.py took 0.109 seconds
[2024-04-01T23:08:34.327+0000] {processor.py:161} INFO - Started process (PID=5936) to work on /home/airflow/.local/lib/python3.8/site-packages/airflow/example_dags/example_branch_operator.py
[2024-04-01T23:08:34.328+0000] {processor.py:830} INFO - Processing file /home/airflow/.local/lib/python3.8/site-packages/airflow/example_dags/example_branch_operator.py for tasks to queue
[2024-04-01T23:08:34.329+0000] {logging_mixin.py:188} INFO - [2024-04-01T23:08:34.328+0000] {dagbag.py:540} INFO - Filling up the DagBag from /home/airflow/.local/lib/python3.8/site-packages/airflow/example_dags/example_branch_operator.py
[2024-04-01T23:08:34.345+0000] {processor.py:840} INFO - DAG(s) 'example_branch_operator' retrieved from /home/airflow/.local/lib/python3.8/site-packages/airflow/example_dags/example_branch_operator.py
[2024-04-01T23:08:34.375+0000] {logging_mixin.py:188} INFO - [2024-04-01T23:08:34.374+0000] {dag.py:3047} INFO - Sync 1 DAGs
[2024-04-01T23:08:34.397+0000] {logging_mixin.py:188} INFO - [2024-04-01T23:08:34.397+0000] {dag.py:3834} INFO - Setting next_dagrun for example_branch_operator to 2024-03-31 00:00:00+00:00, run_after=2024-04-01 00:00:00+00:00
[2024-04-01T23:08:34.428+0000] {processor.py:183} INFO - Processing /home/airflow/.local/lib/python3.8/site-packages/airflow/example_dags/example_branch_operator.py took 0.104 seconds
[2024-04-01T23:09:04.760+0000] {processor.py:161} INFO - Started process (PID=6183) to work on /home/airflow/.local/lib/python3.8/site-packages/airflow/example_dags/example_branch_operator.py
[2024-04-01T23:09:04.761+0000] {processor.py:830} INFO - Processing file /home/airflow/.local/lib/python3.8/site-packages/airflow/example_dags/example_branch_operator.py for tasks to queue
[2024-04-01T23:09:04.762+0000] {logging_mixin.py:188} INFO - [2024-04-01T23:09:04.762+0000] {dagbag.py:540} INFO - Filling up the DagBag from /home/airflow/.local/lib/python3.8/site-packages/airflow/example_dags/example_branch_operator.py
[2024-04-01T23:09:04.778+0000] {processor.py:840} INFO - DAG(s) 'example_branch_operator' retrieved from /home/airflow/.local/lib/python3.8/site-packages/airflow/example_dags/example_branch_operator.py
[2024-04-01T23:09:04.807+0000] {logging_mixin.py:188} INFO - [2024-04-01T23:09:04.807+0000] {dag.py:3047} INFO - Sync 1 DAGs
[2024-04-01T23:09:04.832+0000] {logging_mixin.py:188} INFO - [2024-04-01T23:09:04.831+0000] {dag.py:3834} INFO - Setting next_dagrun for example_branch_operator to 2024-03-31 00:00:00+00:00, run_after=2024-04-01 00:00:00+00:00
[2024-04-01T23:09:04.851+0000] {processor.py:183} INFO - Processing /home/airflow/.local/lib/python3.8/site-packages/airflow/example_dags/example_branch_operator.py took 0.094 seconds
[2024-04-01T23:09:35.065+0000] {processor.py:161} INFO - Started process (PID=6431) to work on /home/airflow/.local/lib/python3.8/site-packages/airflow/example_dags/example_branch_operator.py
[2024-04-01T23:09:35.066+0000] {processor.py:830} INFO - Processing file /home/airflow/.local/lib/python3.8/site-packages/airflow/example_dags/example_branch_operator.py for tasks to queue
[2024-04-01T23:09:35.067+0000] {logging_mixin.py:188} INFO - [2024-04-01T23:09:35.066+0000] {dagbag.py:540} INFO - Filling up the DagBag from /home/airflow/.local/lib/python3.8/site-packages/airflow/example_dags/example_branch_operator.py
[2024-04-01T23:09:35.083+0000] {processor.py:840} INFO - DAG(s) 'example_branch_operator' retrieved from /home/airflow/.local/lib/python3.8/site-packages/airflow/example_dags/example_branch_operator.py
[2024-04-01T23:09:35.113+0000] {logging_mixin.py:188} INFO - [2024-04-01T23:09:35.113+0000] {dag.py:3047} INFO - Sync 1 DAGs
[2024-04-01T23:09:35.137+0000] {logging_mixin.py:188} INFO - [2024-04-01T23:09:35.136+0000] {dag.py:3834} INFO - Setting next_dagrun for example_branch_operator to 2024-03-31 00:00:00+00:00, run_after=2024-04-01 00:00:00+00:00
[2024-04-01T23:09:35.168+0000] {processor.py:183} INFO - Processing /home/airflow/.local/lib/python3.8/site-packages/airflow/example_dags/example_branch_operator.py took 0.107 seconds
[2024-04-01T23:10:05.549+0000] {processor.py:161} INFO - Started process (PID=6678) to work on /home/airflow/.local/lib/python3.8/site-packages/airflow/example_dags/example_branch_operator.py
[2024-04-01T23:10:05.550+0000] {processor.py:830} INFO - Processing file /home/airflow/.local/lib/python3.8/site-packages/airflow/example_dags/example_branch_operator.py for tasks to queue
[2024-04-01T23:10:05.551+0000] {logging_mixin.py:188} INFO - [2024-04-01T23:10:05.551+0000] {dagbag.py:540} INFO - Filling up the DagBag from /home/airflow/.local/lib/python3.8/site-packages/airflow/example_dags/example_branch_operator.py
[2024-04-01T23:10:05.569+0000] {processor.py:840} INFO - DAG(s) 'example_branch_operator' retrieved from /home/airflow/.local/lib/python3.8/site-packages/airflow/example_dags/example_branch_operator.py
[2024-04-01T23:10:05.620+0000] {logging_mixin.py:188} INFO - [2024-04-01T23:10:05.610+0000] {dag.py:3047} INFO - Sync 1 DAGs
[2024-04-01T23:10:05.653+0000] {logging_mixin.py:188} INFO - [2024-04-01T23:10:05.653+0000] {dag.py:3834} INFO - Setting next_dagrun for example_branch_operator to 2024-03-31 00:00:00+00:00, run_after=2024-04-01 00:00:00+00:00
[2024-04-01T23:10:05.676+0000] {processor.py:183} INFO - Processing /home/airflow/.local/lib/python3.8/site-packages/airflow/example_dags/example_branch_operator.py took 0.130 seconds
[2024-04-01T23:10:35.903+0000] {processor.py:161} INFO - Started process (PID=6925) to work on /home/airflow/.local/lib/python3.8/site-packages/airflow/example_dags/example_branch_operator.py
[2024-04-01T23:10:35.904+0000] {processor.py:830} INFO - Processing file /home/airflow/.local/lib/python3.8/site-packages/airflow/example_dags/example_branch_operator.py for tasks to queue
[2024-04-01T23:10:35.905+0000] {logging_mixin.py:188} INFO - [2024-04-01T23:10:35.904+0000] {dagbag.py:540} INFO - Filling up the DagBag from /home/airflow/.local/lib/python3.8/site-packages/airflow/example_dags/example_branch_operator.py
[2024-04-01T23:10:35.921+0000] {processor.py:840} INFO - DAG(s) 'example_branch_operator' retrieved from /home/airflow/.local/lib/python3.8/site-packages/airflow/example_dags/example_branch_operator.py
[2024-04-01T23:10:35.951+0000] {logging_mixin.py:188} INFO - [2024-04-01T23:10:35.950+0000] {dag.py:3047} INFO - Sync 1 DAGs
[2024-04-01T23:10:35.974+0000] {logging_mixin.py:188} INFO - [2024-04-01T23:10:35.974+0000] {dag.py:3834} INFO - Setting next_dagrun for example_branch_operator to 2024-03-31 00:00:00+00:00, run_after=2024-04-01 00:00:00+00:00
[2024-04-01T23:10:35.995+0000] {processor.py:183} INFO - Processing /home/airflow/.local/lib/python3.8/site-packages/airflow/example_dags/example_branch_operator.py took 0.095 seconds
[2024-04-01T23:11:06.163+0000] {processor.py:161} INFO - Started process (PID=7172) to work on /home/airflow/.local/lib/python3.8/site-packages/airflow/example_dags/example_branch_operator.py
[2024-04-01T23:11:06.164+0000] {processor.py:830} INFO - Processing file /home/airflow/.local/lib/python3.8/site-packages/airflow/example_dags/example_branch_operator.py for tasks to queue
[2024-04-01T23:11:06.165+0000] {logging_mixin.py:188} INFO - [2024-04-01T23:11:06.165+0000] {dagbag.py:540} INFO - Filling up the DagBag from /home/airflow/.local/lib/python3.8/site-packages/airflow/example_dags/example_branch_operator.py
[2024-04-01T23:11:06.181+0000] {processor.py:840} INFO - DAG(s) 'example_branch_operator' retrieved from /home/airflow/.local/lib/python3.8/site-packages/airflow/example_dags/example_branch_operator.py
[2024-04-01T23:11:06.211+0000] {logging_mixin.py:188} INFO - [2024-04-01T23:11:06.211+0000] {dag.py:3047} INFO - Sync 1 DAGs
[2024-04-01T23:11:06.234+0000] {logging_mixin.py:188} INFO - [2024-04-01T23:11:06.234+0000] {dag.py:3834} INFO - Setting next_dagrun for example_branch_operator to 2024-03-31 00:00:00+00:00, run_after=2024-04-01 00:00:00+00:00
[2024-04-01T23:11:06.255+0000] {processor.py:183} INFO - Processing /home/airflow/.local/lib/python3.8/site-packages/airflow/example_dags/example_branch_operator.py took 0.094 seconds
[2024-04-01T23:11:36.853+0000] {processor.py:161} INFO - Started process (PID=7425) to work on /home/airflow/.local/lib/python3.8/site-packages/airflow/example_dags/example_branch_operator.py
[2024-04-01T23:11:36.854+0000] {processor.py:830} INFO - Processing file /home/airflow/.local/lib/python3.8/site-packages/airflow/example_dags/example_branch_operator.py for tasks to queue
[2024-04-01T23:11:36.855+0000] {logging_mixin.py:188} INFO - [2024-04-01T23:11:36.854+0000] {dagbag.py:540} INFO - Filling up the DagBag from /home/airflow/.local/lib/python3.8/site-packages/airflow/example_dags/example_branch_operator.py
[2024-04-01T23:11:36.872+0000] {processor.py:840} INFO - DAG(s) 'example_branch_operator' retrieved from /home/airflow/.local/lib/python3.8/site-packages/airflow/example_dags/example_branch_operator.py
[2024-04-01T23:11:36.904+0000] {logging_mixin.py:188} INFO - [2024-04-01T23:11:36.904+0000] {dag.py:3047} INFO - Sync 1 DAGs
[2024-04-01T23:11:36.928+0000] {logging_mixin.py:188} INFO - [2024-04-01T23:11:36.928+0000] {dag.py:3834} INFO - Setting next_dagrun for example_branch_operator to 2024-03-31 00:00:00+00:00, run_after=2024-04-01 00:00:00+00:00
[2024-04-01T23:11:36.961+0000] {processor.py:183} INFO - Processing /home/airflow/.local/lib/python3.8/site-packages/airflow/example_dags/example_branch_operator.py took 0.111 seconds
[2024-04-01T23:12:07.254+0000] {processor.py:161} INFO - Started process (PID=7672) to work on /home/airflow/.local/lib/python3.8/site-packages/airflow/example_dags/example_branch_operator.py
[2024-04-01T23:12:07.255+0000] {processor.py:830} INFO - Processing file /home/airflow/.local/lib/python3.8/site-packages/airflow/example_dags/example_branch_operator.py for tasks to queue
[2024-04-01T23:12:07.256+0000] {logging_mixin.py:188} INFO - [2024-04-01T23:12:07.256+0000] {dagbag.py:540} INFO - Filling up the DagBag from /home/airflow/.local/lib/python3.8/site-packages/airflow/example_dags/example_branch_operator.py
[2024-04-01T23:12:07.275+0000] {processor.py:840} INFO - DAG(s) 'example_branch_operator' retrieved from /home/airflow/.local/lib/python3.8/site-packages/airflow/example_dags/example_branch_operator.py
[2024-04-01T23:12:07.305+0000] {logging_mixin.py:188} INFO - [2024-04-01T23:12:07.305+0000] {dag.py:3047} INFO - Sync 1 DAGs
[2024-04-01T23:12:07.330+0000] {logging_mixin.py:188} INFO - [2024-04-01T23:12:07.329+0000] {dag.py:3834} INFO - Setting next_dagrun for example_branch_operator to 2024-03-31 00:00:00+00:00, run_after=2024-04-01 00:00:00+00:00
[2024-04-01T23:12:07.367+0000] {processor.py:183} INFO - Processing /home/airflow/.local/lib/python3.8/site-packages/airflow/example_dags/example_branch_operator.py took 0.115 seconds
[2024-04-01T23:12:37.831+0000] {processor.py:161} INFO - Started process (PID=7920) to work on /home/airflow/.local/lib/python3.8/site-packages/airflow/example_dags/example_branch_operator.py
[2024-04-01T23:12:37.832+0000] {processor.py:830} INFO - Processing file /home/airflow/.local/lib/python3.8/site-packages/airflow/example_dags/example_branch_operator.py for tasks to queue
[2024-04-01T23:12:37.833+0000] {logging_mixin.py:188} INFO - [2024-04-01T23:12:37.833+0000] {dagbag.py:540} INFO - Filling up the DagBag from /home/airflow/.local/lib/python3.8/site-packages/airflow/example_dags/example_branch_operator.py
[2024-04-01T23:12:37.850+0000] {processor.py:840} INFO - DAG(s) 'example_branch_operator' retrieved from /home/airflow/.local/lib/python3.8/site-packages/airflow/example_dags/example_branch_operator.py
[2024-04-01T23:12:37.882+0000] {logging_mixin.py:188} INFO - [2024-04-01T23:12:37.882+0000] {dag.py:3047} INFO - Sync 1 DAGs
[2024-04-01T23:12:37.907+0000] {logging_mixin.py:188} INFO - [2024-04-01T23:12:37.906+0000] {dag.py:3834} INFO - Setting next_dagrun for example_branch_operator to 2024-03-31 00:00:00+00:00, run_after=2024-04-01 00:00:00+00:00
[2024-04-01T23:12:37.932+0000] {processor.py:183} INFO - Processing /home/airflow/.local/lib/python3.8/site-packages/airflow/example_dags/example_branch_operator.py took 0.104 seconds
[2024-04-01T23:13:08.318+0000] {processor.py:161} INFO - Started process (PID=8167) to work on /home/airflow/.local/lib/python3.8/site-packages/airflow/example_dags/example_branch_operator.py
[2024-04-01T23:13:08.319+0000] {processor.py:830} INFO - Processing file /home/airflow/.local/lib/python3.8/site-packages/airflow/example_dags/example_branch_operator.py for tasks to queue
[2024-04-01T23:13:08.320+0000] {logging_mixin.py:188} INFO - [2024-04-01T23:13:08.319+0000] {dagbag.py:540} INFO - Filling up the DagBag from /home/airflow/.local/lib/python3.8/site-packages/airflow/example_dags/example_branch_operator.py
[2024-04-01T23:13:08.336+0000] {processor.py:840} INFO - DAG(s) 'example_branch_operator' retrieved from /home/airflow/.local/lib/python3.8/site-packages/airflow/example_dags/example_branch_operator.py
[2024-04-01T23:13:08.366+0000] {logging_mixin.py:188} INFO - [2024-04-01T23:13:08.366+0000] {dag.py:3047} INFO - Sync 1 DAGs
[2024-04-01T23:13:08.389+0000] {logging_mixin.py:188} INFO - [2024-04-01T23:13:08.389+0000] {dag.py:3834} INFO - Setting next_dagrun for example_branch_operator to 2024-03-31 00:00:00+00:00, run_after=2024-04-01 00:00:00+00:00
[2024-04-01T23:13:08.422+0000] {processor.py:183} INFO - Processing /home/airflow/.local/lib/python3.8/site-packages/airflow/example_dags/example_branch_operator.py took 0.107 seconds
[2024-04-01T23:13:39.051+0000] {processor.py:161} INFO - Started process (PID=8415) to work on /home/airflow/.local/lib/python3.8/site-packages/airflow/example_dags/example_branch_operator.py
[2024-04-01T23:13:39.052+0000] {processor.py:830} INFO - Processing file /home/airflow/.local/lib/python3.8/site-packages/airflow/example_dags/example_branch_operator.py for tasks to queue
[2024-04-01T23:13:39.053+0000] {logging_mixin.py:188} INFO - [2024-04-01T23:13:39.053+0000] {dagbag.py:540} INFO - Filling up the DagBag from /home/airflow/.local/lib/python3.8/site-packages/airflow/example_dags/example_branch_operator.py
[2024-04-01T23:13:39.070+0000] {processor.py:840} INFO - DAG(s) 'example_branch_operator' retrieved from /home/airflow/.local/lib/python3.8/site-packages/airflow/example_dags/example_branch_operator.py
[2024-04-01T23:13:39.100+0000] {logging_mixin.py:188} INFO - [2024-04-01T23:13:39.100+0000] {dag.py:3047} INFO - Sync 1 DAGs
[2024-04-01T23:13:39.123+0000] {logging_mixin.py:188} INFO - [2024-04-01T23:13:39.122+0000] {dag.py:3834} INFO - Setting next_dagrun for example_branch_operator to 2024-03-31 00:00:00+00:00, run_after=2024-04-01 00:00:00+00:00
[2024-04-01T23:13:39.155+0000] {processor.py:183} INFO - Processing /home/airflow/.local/lib/python3.8/site-packages/airflow/example_dags/example_branch_operator.py took 0.106 seconds
[2024-04-01T23:14:09.327+0000] {processor.py:161} INFO - Started process (PID=8662) to work on /home/airflow/.local/lib/python3.8/site-packages/airflow/example_dags/example_branch_operator.py
[2024-04-01T23:14:09.328+0000] {processor.py:830} INFO - Processing file /home/airflow/.local/lib/python3.8/site-packages/airflow/example_dags/example_branch_operator.py for tasks to queue
[2024-04-01T23:14:09.328+0000] {logging_mixin.py:188} INFO - [2024-04-01T23:14:09.328+0000] {dagbag.py:540} INFO - Filling up the DagBag from /home/airflow/.local/lib/python3.8/site-packages/airflow/example_dags/example_branch_operator.py
[2024-04-01T23:14:09.344+0000] {processor.py:840} INFO - DAG(s) 'example_branch_operator' retrieved from /home/airflow/.local/lib/python3.8/site-packages/airflow/example_dags/example_branch_operator.py
[2024-04-01T23:14:09.374+0000] {logging_mixin.py:188} INFO - [2024-04-01T23:14:09.374+0000] {dag.py:3047} INFO - Sync 1 DAGs
[2024-04-01T23:14:09.397+0000] {logging_mixin.py:188} INFO - [2024-04-01T23:14:09.397+0000] {dag.py:3834} INFO - Setting next_dagrun for example_branch_operator to 2024-03-31 00:00:00+00:00, run_after=2024-04-01 00:00:00+00:00
[2024-04-01T23:14:09.430+0000] {processor.py:183} INFO - Processing /home/airflow/.local/lib/python3.8/site-packages/airflow/example_dags/example_branch_operator.py took 0.106 seconds
[2024-04-01T23:14:40.060+0000] {processor.py:161} INFO - Started process (PID=8909) to work on /home/airflow/.local/lib/python3.8/site-packages/airflow/example_dags/example_branch_operator.py
[2024-04-01T23:14:40.061+0000] {processor.py:830} INFO - Processing file /home/airflow/.local/lib/python3.8/site-packages/airflow/example_dags/example_branch_operator.py for tasks to queue
[2024-04-01T23:14:40.062+0000] {logging_mixin.py:188} INFO - [2024-04-01T23:14:40.061+0000] {dagbag.py:540} INFO - Filling up the DagBag from /home/airflow/.local/lib/python3.8/site-packages/airflow/example_dags/example_branch_operator.py
[2024-04-01T23:14:40.078+0000] {processor.py:840} INFO - DAG(s) 'example_branch_operator' retrieved from /home/airflow/.local/lib/python3.8/site-packages/airflow/example_dags/example_branch_operator.py
[2024-04-01T23:14:40.108+0000] {logging_mixin.py:188} INFO - [2024-04-01T23:14:40.108+0000] {dag.py:3047} INFO - Sync 1 DAGs
[2024-04-01T23:14:40.133+0000] {logging_mixin.py:188} INFO - [2024-04-01T23:14:40.132+0000] {dag.py:3834} INFO - Setting next_dagrun for example_branch_operator to 2024-03-31 00:00:00+00:00, run_after=2024-04-01 00:00:00+00:00
[2024-04-01T23:14:40.164+0000] {processor.py:183} INFO - Processing /home/airflow/.local/lib/python3.8/site-packages/airflow/example_dags/example_branch_operator.py took 0.108 seconds
[2024-04-01T23:15:11.214+0000] {processor.py:161} INFO - Started process (PID=9156) to work on /home/airflow/.local/lib/python3.8/site-packages/airflow/example_dags/example_branch_operator.py
[2024-04-01T23:15:11.215+0000] {processor.py:830} INFO - Processing file /home/airflow/.local/lib/python3.8/site-packages/airflow/example_dags/example_branch_operator.py for tasks to queue
[2024-04-01T23:15:11.216+0000] {logging_mixin.py:188} INFO - [2024-04-01T23:15:11.216+0000] {dagbag.py:540} INFO - Filling up the DagBag from /home/airflow/.local/lib/python3.8/site-packages/airflow/example_dags/example_branch_operator.py
[2024-04-01T23:15:11.235+0000] {processor.py:840} INFO - DAG(s) 'example_branch_operator' retrieved from /home/airflow/.local/lib/python3.8/site-packages/airflow/example_dags/example_branch_operator.py
[2024-04-01T23:15:11.267+0000] {logging_mixin.py:188} INFO - [2024-04-01T23:15:11.267+0000] {dag.py:3047} INFO - Sync 1 DAGs
[2024-04-01T23:15:11.293+0000] {logging_mixin.py:188} INFO - [2024-04-01T23:15:11.292+0000] {dag.py:3834} INFO - Setting next_dagrun for example_branch_operator to 2024-03-31 00:00:00+00:00, run_after=2024-04-01 00:00:00+00:00
[2024-04-01T23:15:11.317+0000] {processor.py:183} INFO - Processing /home/airflow/.local/lib/python3.8/site-packages/airflow/example_dags/example_branch_operator.py took 0.106 seconds
[2024-04-01T23:15:41.787+0000] {processor.py:161} INFO - Started process (PID=9403) to work on /home/airflow/.local/lib/python3.8/site-packages/airflow/example_dags/example_branch_operator.py
[2024-04-01T23:15:41.792+0000] {processor.py:830} INFO - Processing file /home/airflow/.local/lib/python3.8/site-packages/airflow/example_dags/example_branch_operator.py for tasks to queue
[2024-04-01T23:15:41.793+0000] {logging_mixin.py:188} INFO - [2024-04-01T23:15:41.793+0000] {dagbag.py:540} INFO - Filling up the DagBag from /home/airflow/.local/lib/python3.8/site-packages/airflow/example_dags/example_branch_operator.py
[2024-04-01T23:15:41.812+0000] {processor.py:840} INFO - DAG(s) 'example_branch_operator' retrieved from /home/airflow/.local/lib/python3.8/site-packages/airflow/example_dags/example_branch_operator.py
[2024-04-01T23:15:41.844+0000] {logging_mixin.py:188} INFO - [2024-04-01T23:15:41.844+0000] {dag.py:3047} INFO - Sync 1 DAGs
[2024-04-01T23:15:41.871+0000] {logging_mixin.py:188} INFO - [2024-04-01T23:15:41.870+0000] {dag.py:3834} INFO - Setting next_dagrun for example_branch_operator to 2024-03-31 00:00:00+00:00, run_after=2024-04-01 00:00:00+00:00
[2024-04-01T23:15:41.896+0000] {processor.py:183} INFO - Processing /home/airflow/.local/lib/python3.8/site-packages/airflow/example_dags/example_branch_operator.py took 0.112 seconds
[2024-04-01T23:16:12.254+0000] {processor.py:161} INFO - Started process (PID=9650) to work on /home/airflow/.local/lib/python3.8/site-packages/airflow/example_dags/example_branch_operator.py
[2024-04-01T23:16:12.255+0000] {processor.py:830} INFO - Processing file /home/airflow/.local/lib/python3.8/site-packages/airflow/example_dags/example_branch_operator.py for tasks to queue
[2024-04-01T23:16:12.256+0000] {logging_mixin.py:188} INFO - [2024-04-01T23:16:12.256+0000] {dagbag.py:540} INFO - Filling up the DagBag from /home/airflow/.local/lib/python3.8/site-packages/airflow/example_dags/example_branch_operator.py
[2024-04-01T23:16:12.287+0000] {processor.py:840} INFO - DAG(s) 'example_branch_operator' retrieved from /home/airflow/.local/lib/python3.8/site-packages/airflow/example_dags/example_branch_operator.py
[2024-04-01T23:16:12.318+0000] {logging_mixin.py:188} INFO - [2024-04-01T23:16:12.318+0000] {dag.py:3047} INFO - Sync 1 DAGs
[2024-04-01T23:16:12.344+0000] {logging_mixin.py:188} INFO - [2024-04-01T23:16:12.343+0000] {dag.py:3834} INFO - Setting next_dagrun for example_branch_operator to 2024-03-31 00:00:00+00:00, run_after=2024-04-01 00:00:00+00:00
[2024-04-01T23:16:12.370+0000] {processor.py:183} INFO - Processing /home/airflow/.local/lib/python3.8/site-packages/airflow/example_dags/example_branch_operator.py took 0.119 seconds
[2024-04-01T23:16:42.683+0000] {processor.py:161} INFO - Started process (PID=9897) to work on /home/airflow/.local/lib/python3.8/site-packages/airflow/example_dags/example_branch_operator.py
[2024-04-01T23:16:42.684+0000] {processor.py:830} INFO - Processing file /home/airflow/.local/lib/python3.8/site-packages/airflow/example_dags/example_branch_operator.py for tasks to queue
[2024-04-01T23:16:42.685+0000] {logging_mixin.py:188} INFO - [2024-04-01T23:16:42.684+0000] {dagbag.py:540} INFO - Filling up the DagBag from /home/airflow/.local/lib/python3.8/site-packages/airflow/example_dags/example_branch_operator.py
[2024-04-01T23:16:42.702+0000] {processor.py:840} INFO - DAG(s) 'example_branch_operator' retrieved from /home/airflow/.local/lib/python3.8/site-packages/airflow/example_dags/example_branch_operator.py
[2024-04-01T23:16:42.734+0000] {logging_mixin.py:188} INFO - [2024-04-01T23:16:42.734+0000] {dag.py:3047} INFO - Sync 1 DAGs
[2024-04-01T23:16:42.759+0000] {logging_mixin.py:188} INFO - [2024-04-01T23:16:42.758+0000] {dag.py:3834} INFO - Setting next_dagrun for example_branch_operator to 2024-03-31 00:00:00+00:00, run_after=2024-04-01 00:00:00+00:00
[2024-04-01T23:16:42.796+0000] {processor.py:183} INFO - Processing /home/airflow/.local/lib/python3.8/site-packages/airflow/example_dags/example_branch_operator.py took 0.116 seconds
[2024-04-01T23:17:13.181+0000] {processor.py:161} INFO - Started process (PID=10144) to work on /home/airflow/.local/lib/python3.8/site-packages/airflow/example_dags/example_branch_operator.py
[2024-04-01T23:17:13.182+0000] {processor.py:830} INFO - Processing file /home/airflow/.local/lib/python3.8/site-packages/airflow/example_dags/example_branch_operator.py for tasks to queue
[2024-04-01T23:17:13.182+0000] {logging_mixin.py:188} INFO - [2024-04-01T23:17:13.182+0000] {dagbag.py:540} INFO - Filling up the DagBag from /home/airflow/.local/lib/python3.8/site-packages/airflow/example_dags/example_branch_operator.py
[2024-04-01T23:17:13.199+0000] {processor.py:840} INFO - DAG(s) 'example_branch_operator' retrieved from /home/airflow/.local/lib/python3.8/site-packages/airflow/example_dags/example_branch_operator.py
[2024-04-01T23:17:13.228+0000] {logging_mixin.py:188} INFO - [2024-04-01T23:17:13.228+0000] {dag.py:3047} INFO - Sync 1 DAGs
[2024-04-01T23:17:13.253+0000] {logging_mixin.py:188} INFO - [2024-04-01T23:17:13.252+0000] {dag.py:3834} INFO - Setting next_dagrun for example_branch_operator to 2024-03-31 00:00:00+00:00, run_after=2024-04-01 00:00:00+00:00
[2024-04-01T23:17:13.290+0000] {processor.py:183} INFO - Processing /home/airflow/.local/lib/python3.8/site-packages/airflow/example_dags/example_branch_operator.py took 0.113 seconds
[2024-04-01T23:17:43.762+0000] {processor.py:161} INFO - Started process (PID=10391) to work on /home/airflow/.local/lib/python3.8/site-packages/airflow/example_dags/example_branch_operator.py
[2024-04-01T23:17:43.763+0000] {processor.py:830} INFO - Processing file /home/airflow/.local/lib/python3.8/site-packages/airflow/example_dags/example_branch_operator.py for tasks to queue
[2024-04-01T23:17:43.764+0000] {logging_mixin.py:188} INFO - [2024-04-01T23:17:43.764+0000] {dagbag.py:540} INFO - Filling up the DagBag from /home/airflow/.local/lib/python3.8/site-packages/airflow/example_dags/example_branch_operator.py
[2024-04-01T23:17:43.781+0000] {processor.py:840} INFO - DAG(s) 'example_branch_operator' retrieved from /home/airflow/.local/lib/python3.8/site-packages/airflow/example_dags/example_branch_operator.py
[2024-04-01T23:17:43.810+0000] {logging_mixin.py:188} INFO - [2024-04-01T23:17:43.810+0000] {dag.py:3047} INFO - Sync 1 DAGs
[2024-04-01T23:17:43.836+0000] {logging_mixin.py:188} INFO - [2024-04-01T23:17:43.835+0000] {dag.py:3834} INFO - Setting next_dagrun for example_branch_operator to 2024-03-31 00:00:00+00:00, run_after=2024-04-01 00:00:00+00:00
[2024-04-01T23:17:43.872+0000] {processor.py:183} INFO - Processing /home/airflow/.local/lib/python3.8/site-packages/airflow/example_dags/example_branch_operator.py took 0.113 seconds
[2024-04-01T23:18:14.142+0000] {processor.py:161} INFO - Started process (PID=10638) to work on /home/airflow/.local/lib/python3.8/site-packages/airflow/example_dags/example_branch_operator.py
[2024-04-01T23:18:14.143+0000] {processor.py:830} INFO - Processing file /home/airflow/.local/lib/python3.8/site-packages/airflow/example_dags/example_branch_operator.py for tasks to queue
[2024-04-01T23:18:14.145+0000] {logging_mixin.py:188} INFO - [2024-04-01T23:18:14.145+0000] {dagbag.py:540} INFO - Filling up the DagBag from /home/airflow/.local/lib/python3.8/site-packages/airflow/example_dags/example_branch_operator.py
[2024-04-01T23:18:14.164+0000] {processor.py:840} INFO - DAG(s) 'example_branch_operator' retrieved from /home/airflow/.local/lib/python3.8/site-packages/airflow/example_dags/example_branch_operator.py
[2024-04-01T23:18:14.197+0000] {logging_mixin.py:188} INFO - [2024-04-01T23:18:14.197+0000] {dag.py:3047} INFO - Sync 1 DAGs
[2024-04-01T23:18:14.229+0000] {logging_mixin.py:188} INFO - [2024-04-01T23:18:14.229+0000] {dag.py:3834} INFO - Setting next_dagrun for example_branch_operator to 2024-03-31 00:00:00+00:00, run_after=2024-04-01 00:00:00+00:00
[2024-04-01T23:18:14.261+0000] {processor.py:183} INFO - Processing /home/airflow/.local/lib/python3.8/site-packages/airflow/example_dags/example_branch_operator.py took 0.122 seconds
[2024-04-01T23:18:44.636+0000] {processor.py:161} INFO - Started process (PID=10885) to work on /home/airflow/.local/lib/python3.8/site-packages/airflow/example_dags/example_branch_operator.py
[2024-04-01T23:18:44.637+0000] {processor.py:830} INFO - Processing file /home/airflow/.local/lib/python3.8/site-packages/airflow/example_dags/example_branch_operator.py for tasks to queue
[2024-04-01T23:18:44.638+0000] {logging_mixin.py:188} INFO - [2024-04-01T23:18:44.638+0000] {dagbag.py:540} INFO - Filling up the DagBag from /home/airflow/.local/lib/python3.8/site-packages/airflow/example_dags/example_branch_operator.py
[2024-04-01T23:18:44.656+0000] {processor.py:840} INFO - DAG(s) 'example_branch_operator' retrieved from /home/airflow/.local/lib/python3.8/site-packages/airflow/example_dags/example_branch_operator.py
[2024-04-01T23:18:44.684+0000] {logging_mixin.py:188} INFO - [2024-04-01T23:18:44.684+0000] {dag.py:3047} INFO - Sync 1 DAGs
[2024-04-01T23:18:44.711+0000] {logging_mixin.py:188} INFO - [2024-04-01T23:18:44.711+0000] {dag.py:3834} INFO - Setting next_dagrun for example_branch_operator to 2024-03-31 00:00:00+00:00, run_after=2024-04-01 00:00:00+00:00
[2024-04-01T23:18:44.732+0000] {processor.py:183} INFO - Processing /home/airflow/.local/lib/python3.8/site-packages/airflow/example_dags/example_branch_operator.py took 0.099 seconds
[2024-04-01T23:19:15.087+0000] {processor.py:161} INFO - Started process (PID=11132) to work on /home/airflow/.local/lib/python3.8/site-packages/airflow/example_dags/example_branch_operator.py
[2024-04-01T23:19:15.088+0000] {processor.py:830} INFO - Processing file /home/airflow/.local/lib/python3.8/site-packages/airflow/example_dags/example_branch_operator.py for tasks to queue
[2024-04-01T23:19:15.089+0000] {logging_mixin.py:188} INFO - [2024-04-01T23:19:15.088+0000] {dagbag.py:540} INFO - Filling up the DagBag from /home/airflow/.local/lib/python3.8/site-packages/airflow/example_dags/example_branch_operator.py
[2024-04-01T23:19:15.106+0000] {processor.py:840} INFO - DAG(s) 'example_branch_operator' retrieved from /home/airflow/.local/lib/python3.8/site-packages/airflow/example_dags/example_branch_operator.py
[2024-04-01T23:19:15.144+0000] {logging_mixin.py:188} INFO - [2024-04-01T23:19:15.143+0000] {dag.py:3047} INFO - Sync 1 DAGs
[2024-04-01T23:19:15.171+0000] {logging_mixin.py:188} INFO - [2024-04-01T23:19:15.170+0000] {dag.py:3834} INFO - Setting next_dagrun for example_branch_operator to 2024-03-31 00:00:00+00:00, run_after=2024-04-01 00:00:00+00:00
[2024-04-01T23:19:15.197+0000] {processor.py:183} INFO - Processing /home/airflow/.local/lib/python3.8/site-packages/airflow/example_dags/example_branch_operator.py took 0.114 seconds
[2024-04-01T23:19:45.992+0000] {processor.py:161} INFO - Started process (PID=11379) to work on /home/airflow/.local/lib/python3.8/site-packages/airflow/example_dags/example_branch_operator.py
[2024-04-01T23:19:45.993+0000] {processor.py:830} INFO - Processing file /home/airflow/.local/lib/python3.8/site-packages/airflow/example_dags/example_branch_operator.py for tasks to queue
[2024-04-01T23:19:45.994+0000] {logging_mixin.py:188} INFO - [2024-04-01T23:19:45.994+0000] {dagbag.py:540} INFO - Filling up the DagBag from /home/airflow/.local/lib/python3.8/site-packages/airflow/example_dags/example_branch_operator.py
[2024-04-01T23:19:46.011+0000] {processor.py:840} INFO - DAG(s) 'example_branch_operator' retrieved from /home/airflow/.local/lib/python3.8/site-packages/airflow/example_dags/example_branch_operator.py
[2024-04-01T23:19:46.045+0000] {logging_mixin.py:188} INFO - [2024-04-01T23:19:46.044+0000] {dag.py:3047} INFO - Sync 1 DAGs
[2024-04-01T23:19:46.072+0000] {logging_mixin.py:188} INFO - [2024-04-01T23:19:46.071+0000] {dag.py:3834} INFO - Setting next_dagrun for example_branch_operator to 2024-03-31 00:00:00+00:00, run_after=2024-04-01 00:00:00+00:00
[2024-04-01T23:19:46.099+0000] {processor.py:183} INFO - Processing /home/airflow/.local/lib/python3.8/site-packages/airflow/example_dags/example_branch_operator.py took 0.110 seconds
[2024-04-01T23:20:16.983+0000] {processor.py:161} INFO - Started process (PID=11626) to work on /home/airflow/.local/lib/python3.8/site-packages/airflow/example_dags/example_branch_operator.py
[2024-04-01T23:20:16.984+0000] {processor.py:830} INFO - Processing file /home/airflow/.local/lib/python3.8/site-packages/airflow/example_dags/example_branch_operator.py for tasks to queue
[2024-04-01T23:20:16.985+0000] {logging_mixin.py:188} INFO - [2024-04-01T23:20:16.985+0000] {dagbag.py:540} INFO - Filling up the DagBag from /home/airflow/.local/lib/python3.8/site-packages/airflow/example_dags/example_branch_operator.py
[2024-04-01T23:20:17.003+0000] {processor.py:840} INFO - DAG(s) 'example_branch_operator' retrieved from /home/airflow/.local/lib/python3.8/site-packages/airflow/example_dags/example_branch_operator.py
[2024-04-01T23:20:17.035+0000] {logging_mixin.py:188} INFO - [2024-04-01T23:20:17.035+0000] {dag.py:3047} INFO - Sync 1 DAGs
[2024-04-01T23:20:17.065+0000] {logging_mixin.py:188} INFO - [2024-04-01T23:20:17.065+0000] {dag.py:3834} INFO - Setting next_dagrun for example_branch_operator to 2024-03-31 00:00:00+00:00, run_after=2024-04-01 00:00:00+00:00
[2024-04-01T23:20:17.104+0000] {processor.py:183} INFO - Processing /home/airflow/.local/lib/python3.8/site-packages/airflow/example_dags/example_branch_operator.py took 0.123 seconds
[2024-04-01T23:20:47.214+0000] {processor.py:161} INFO - Started process (PID=11873) to work on /home/airflow/.local/lib/python3.8/site-packages/airflow/example_dags/example_branch_operator.py
[2024-04-01T23:20:47.215+0000] {processor.py:830} INFO - Processing file /home/airflow/.local/lib/python3.8/site-packages/airflow/example_dags/example_branch_operator.py for tasks to queue
[2024-04-01T23:20:47.216+0000] {logging_mixin.py:188} INFO - [2024-04-01T23:20:47.215+0000] {dagbag.py:540} INFO - Filling up the DagBag from /home/airflow/.local/lib/python3.8/site-packages/airflow/example_dags/example_branch_operator.py
[2024-04-01T23:20:47.232+0000] {processor.py:840} INFO - DAG(s) 'example_branch_operator' retrieved from /home/airflow/.local/lib/python3.8/site-packages/airflow/example_dags/example_branch_operator.py
[2024-04-01T23:20:47.262+0000] {logging_mixin.py:188} INFO - [2024-04-01T23:20:47.261+0000] {dag.py:3047} INFO - Sync 1 DAGs
[2024-04-01T23:20:47.285+0000] {logging_mixin.py:188} INFO - [2024-04-01T23:20:47.284+0000] {dag.py:3834} INFO - Setting next_dagrun for example_branch_operator to 2024-03-31 00:00:00+00:00, run_after=2024-04-01 00:00:00+00:00
[2024-04-01T23:20:47.337+0000] {processor.py:183} INFO - Processing /home/airflow/.local/lib/python3.8/site-packages/airflow/example_dags/example_branch_operator.py took 0.126 seconds
