[2024-04-01T22:56:51.858+0000] {processor.py:161} INFO - Started process (PID=282) to work on /home/airflow/.local/lib/python3.8/site-packages/airflow/example_dags/example_task_group_decorator.py
[2024-04-01T22:56:51.859+0000] {processor.py:830} INFO - Processing file /home/airflow/.local/lib/python3.8/site-packages/airflow/example_dags/example_task_group_decorator.py for tasks to queue
[2024-04-01T22:56:51.861+0000] {logging_mixin.py:188} INFO - [2024-04-01T22:56:51.860+0000] {dagbag.py:540} INFO - Filling up the DagBag from /home/airflow/.local/lib/python3.8/site-packages/airflow/example_dags/example_task_group_decorator.py
[2024-04-01T22:56:51.891+0000] {processor.py:840} INFO - DAG(s) 'example_task_group_decorator' retrieved from /home/airflow/.local/lib/python3.8/site-packages/airflow/example_dags/example_task_group_decorator.py
[2024-04-01T22:56:51.907+0000] {logging_mixin.py:188} INFO - [2024-04-01T22:56:51.907+0000] {dag.py:3047} INFO - Sync 1 DAGs
[2024-04-01T22:56:51.934+0000] {logging_mixin.py:188} INFO - [2024-04-01T22:56:51.934+0000] {dag.py:3834} INFO - Setting next_dagrun for example_task_group_decorator to 2024-03-31 00:00:00+00:00, run_after=2024-04-01 00:00:00+00:00
[2024-04-01T22:56:51.959+0000] {processor.py:183} INFO - Processing /home/airflow/.local/lib/python3.8/site-packages/airflow/example_dags/example_task_group_decorator.py took 0.105 seconds
[2024-04-01T22:57:23.980+0000] {processor.py:161} INFO - Started process (PID=529) to work on /home/airflow/.local/lib/python3.8/site-packages/airflow/example_dags/example_task_group_decorator.py
[2024-04-01T22:57:23.981+0000] {processor.py:830} INFO - Processing file /home/airflow/.local/lib/python3.8/site-packages/airflow/example_dags/example_task_group_decorator.py for tasks to queue
[2024-04-01T22:57:23.983+0000] {logging_mixin.py:188} INFO - [2024-04-01T22:57:23.982+0000] {dagbag.py:540} INFO - Filling up the DagBag from /home/airflow/.local/lib/python3.8/site-packages/airflow/example_dags/example_task_group_decorator.py
[2024-04-01T22:57:24.000+0000] {processor.py:840} INFO - DAG(s) 'example_task_group_decorator' retrieved from /home/airflow/.local/lib/python3.8/site-packages/airflow/example_dags/example_task_group_decorator.py
[2024-04-01T22:57:24.106+0000] {logging_mixin.py:188} INFO - [2024-04-01T22:57:24.106+0000] {dag.py:3047} INFO - Sync 1 DAGs
[2024-04-01T22:57:24.129+0000] {logging_mixin.py:188} INFO - [2024-04-01T22:57:24.129+0000] {dag.py:3834} INFO - Setting next_dagrun for example_task_group_decorator to 2024-03-31 00:00:00+00:00, run_after=2024-04-01 00:00:00+00:00
[2024-04-01T22:57:24.154+0000] {processor.py:183} INFO - Processing /home/airflow/.local/lib/python3.8/site-packages/airflow/example_dags/example_task_group_decorator.py took 0.177 seconds
[2024-04-01T22:57:54.978+0000] {processor.py:161} INFO - Started process (PID=776) to work on /home/airflow/.local/lib/python3.8/site-packages/airflow/example_dags/example_task_group_decorator.py
[2024-04-01T22:57:54.979+0000] {processor.py:830} INFO - Processing file /home/airflow/.local/lib/python3.8/site-packages/airflow/example_dags/example_task_group_decorator.py for tasks to queue
[2024-04-01T22:57:54.981+0000] {logging_mixin.py:188} INFO - [2024-04-01T22:57:54.981+0000] {dagbag.py:540} INFO - Filling up the DagBag from /home/airflow/.local/lib/python3.8/site-packages/airflow/example_dags/example_task_group_decorator.py
[2024-04-01T22:57:54.999+0000] {processor.py:840} INFO - DAG(s) 'example_task_group_decorator' retrieved from /home/airflow/.local/lib/python3.8/site-packages/airflow/example_dags/example_task_group_decorator.py
[2024-04-01T22:57:55.033+0000] {logging_mixin.py:188} INFO - [2024-04-01T22:57:55.032+0000] {dag.py:3047} INFO - Sync 1 DAGs
[2024-04-01T22:57:55.058+0000] {logging_mixin.py:188} INFO - [2024-04-01T22:57:55.058+0000] {dag.py:3834} INFO - Setting next_dagrun for example_task_group_decorator to 2024-03-31 00:00:00+00:00, run_after=2024-04-01 00:00:00+00:00
[2024-04-01T22:57:55.084+0000] {processor.py:183} INFO - Processing /home/airflow/.local/lib/python3.8/site-packages/airflow/example_dags/example_task_group_decorator.py took 0.109 seconds
[2024-04-01T22:58:25.456+0000] {processor.py:161} INFO - Started process (PID=1023) to work on /home/airflow/.local/lib/python3.8/site-packages/airflow/example_dags/example_task_group_decorator.py
[2024-04-01T22:58:25.458+0000] {processor.py:830} INFO - Processing file /home/airflow/.local/lib/python3.8/site-packages/airflow/example_dags/example_task_group_decorator.py for tasks to queue
[2024-04-01T22:58:25.459+0000] {logging_mixin.py:188} INFO - [2024-04-01T22:58:25.459+0000] {dagbag.py:540} INFO - Filling up the DagBag from /home/airflow/.local/lib/python3.8/site-packages/airflow/example_dags/example_task_group_decorator.py
[2024-04-01T22:58:25.475+0000] {processor.py:840} INFO - DAG(s) 'example_task_group_decorator' retrieved from /home/airflow/.local/lib/python3.8/site-packages/airflow/example_dags/example_task_group_decorator.py
[2024-04-01T22:58:25.503+0000] {logging_mixin.py:188} INFO - [2024-04-01T22:58:25.502+0000] {dag.py:3047} INFO - Sync 1 DAGs
[2024-04-01T22:58:25.524+0000] {logging_mixin.py:188} INFO - [2024-04-01T22:58:25.524+0000] {dag.py:3834} INFO - Setting next_dagrun for example_task_group_decorator to 2024-03-31 00:00:00+00:00, run_after=2024-04-01 00:00:00+00:00
[2024-04-01T22:58:25.548+0000] {processor.py:183} INFO - Processing /home/airflow/.local/lib/python3.8/site-packages/airflow/example_dags/example_task_group_decorator.py took 0.095 seconds
[2024-04-01T22:58:55.882+0000] {processor.py:161} INFO - Started process (PID=1270) to work on /home/airflow/.local/lib/python3.8/site-packages/airflow/example_dags/example_task_group_decorator.py
[2024-04-01T22:58:55.883+0000] {processor.py:830} INFO - Processing file /home/airflow/.local/lib/python3.8/site-packages/airflow/example_dags/example_task_group_decorator.py for tasks to queue
[2024-04-01T22:58:55.885+0000] {logging_mixin.py:188} INFO - [2024-04-01T22:58:55.884+0000] {dagbag.py:540} INFO - Filling up the DagBag from /home/airflow/.local/lib/python3.8/site-packages/airflow/example_dags/example_task_group_decorator.py
[2024-04-01T22:58:55.903+0000] {processor.py:840} INFO - DAG(s) 'example_task_group_decorator' retrieved from /home/airflow/.local/lib/python3.8/site-packages/airflow/example_dags/example_task_group_decorator.py
[2024-04-01T22:58:55.934+0000] {logging_mixin.py:188} INFO - [2024-04-01T22:58:55.934+0000] {dag.py:3047} INFO - Sync 1 DAGs
[2024-04-01T22:58:55.967+0000] {logging_mixin.py:188} INFO - [2024-04-01T22:58:55.966+0000] {dag.py:3834} INFO - Setting next_dagrun for example_task_group_decorator to 2024-03-31 00:00:00+00:00, run_after=2024-04-01 00:00:00+00:00
[2024-04-01T22:58:56.004+0000] {processor.py:183} INFO - Processing /home/airflow/.local/lib/python3.8/site-packages/airflow/example_dags/example_task_group_decorator.py took 0.127 seconds
[2024-04-01T22:59:26.569+0000] {processor.py:161} INFO - Started process (PID=1519) to work on /home/airflow/.local/lib/python3.8/site-packages/airflow/example_dags/example_task_group_decorator.py
[2024-04-01T22:59:26.570+0000] {processor.py:830} INFO - Processing file /home/airflow/.local/lib/python3.8/site-packages/airflow/example_dags/example_task_group_decorator.py for tasks to queue
[2024-04-01T22:59:26.571+0000] {logging_mixin.py:188} INFO - [2024-04-01T22:59:26.571+0000] {dagbag.py:540} INFO - Filling up the DagBag from /home/airflow/.local/lib/python3.8/site-packages/airflow/example_dags/example_task_group_decorator.py
[2024-04-01T22:59:26.587+0000] {processor.py:840} INFO - DAG(s) 'example_task_group_decorator' retrieved from /home/airflow/.local/lib/python3.8/site-packages/airflow/example_dags/example_task_group_decorator.py
[2024-04-01T22:59:26.614+0000] {logging_mixin.py:188} INFO - [2024-04-01T22:59:26.614+0000] {dag.py:3047} INFO - Sync 1 DAGs
[2024-04-01T22:59:26.646+0000] {logging_mixin.py:188} INFO - [2024-04-01T22:59:26.646+0000] {dag.py:3834} INFO - Setting next_dagrun for example_task_group_decorator to 2024-03-31 00:00:00+00:00, run_after=2024-04-01 00:00:00+00:00
[2024-04-01T22:59:26.694+0000] {processor.py:183} INFO - Processing /home/airflow/.local/lib/python3.8/site-packages/airflow/example_dags/example_task_group_decorator.py took 0.129 seconds
[2024-04-01T22:59:56.875+0000] {processor.py:161} INFO - Started process (PID=1788) to work on /home/airflow/.local/lib/python3.8/site-packages/airflow/example_dags/example_task_group_decorator.py
[2024-04-01T22:59:56.876+0000] {processor.py:830} INFO - Processing file /home/airflow/.local/lib/python3.8/site-packages/airflow/example_dags/example_task_group_decorator.py for tasks to queue
[2024-04-01T22:59:56.877+0000] {logging_mixin.py:188} INFO - [2024-04-01T22:59:56.877+0000] {dagbag.py:540} INFO - Filling up the DagBag from /home/airflow/.local/lib/python3.8/site-packages/airflow/example_dags/example_task_group_decorator.py
[2024-04-01T22:59:56.895+0000] {processor.py:840} INFO - DAG(s) 'example_task_group_decorator' retrieved from /home/airflow/.local/lib/python3.8/site-packages/airflow/example_dags/example_task_group_decorator.py
[2024-04-01T22:59:56.926+0000] {logging_mixin.py:188} INFO - [2024-04-01T22:59:56.926+0000] {dag.py:3047} INFO - Sync 1 DAGs
[2024-04-01T22:59:56.955+0000] {logging_mixin.py:188} INFO - [2024-04-01T22:59:56.954+0000] {dag.py:3834} INFO - Setting next_dagrun for example_task_group_decorator to 2024-03-31 00:00:00+00:00, run_after=2024-04-01 00:00:00+00:00
[2024-04-01T22:59:56.979+0000] {processor.py:183} INFO - Processing /home/airflow/.local/lib/python3.8/site-packages/airflow/example_dags/example_task_group_decorator.py took 0.108 seconds
[2024-04-01T23:00:27.316+0000] {processor.py:161} INFO - Started process (PID=2036) to work on /home/airflow/.local/lib/python3.8/site-packages/airflow/example_dags/example_task_group_decorator.py
[2024-04-01T23:00:27.317+0000] {processor.py:830} INFO - Processing file /home/airflow/.local/lib/python3.8/site-packages/airflow/example_dags/example_task_group_decorator.py for tasks to queue
[2024-04-01T23:00:27.319+0000] {logging_mixin.py:188} INFO - [2024-04-01T23:00:27.318+0000] {dagbag.py:540} INFO - Filling up the DagBag from /home/airflow/.local/lib/python3.8/site-packages/airflow/example_dags/example_task_group_decorator.py
[2024-04-01T23:00:27.338+0000] {processor.py:840} INFO - DAG(s) 'example_task_group_decorator' retrieved from /home/airflow/.local/lib/python3.8/site-packages/airflow/example_dags/example_task_group_decorator.py
[2024-04-01T23:00:27.373+0000] {logging_mixin.py:188} INFO - [2024-04-01T23:00:27.373+0000] {dag.py:3047} INFO - Sync 1 DAGs
[2024-04-01T23:00:27.402+0000] {logging_mixin.py:188} INFO - [2024-04-01T23:00:27.402+0000] {dag.py:3834} INFO - Setting next_dagrun for example_task_group_decorator to 2024-03-31 00:00:00+00:00, run_after=2024-04-01 00:00:00+00:00
[2024-04-01T23:00:27.439+0000] {processor.py:183} INFO - Processing /home/airflow/.local/lib/python3.8/site-packages/airflow/example_dags/example_task_group_decorator.py took 0.127 seconds
[2024-04-01T23:00:57.562+0000] {processor.py:161} INFO - Started process (PID=2285) to work on /home/airflow/.local/lib/python3.8/site-packages/airflow/example_dags/example_task_group_decorator.py
[2024-04-01T23:00:57.563+0000] {processor.py:830} INFO - Processing file /home/airflow/.local/lib/python3.8/site-packages/airflow/example_dags/example_task_group_decorator.py for tasks to queue
[2024-04-01T23:00:57.564+0000] {logging_mixin.py:188} INFO - [2024-04-01T23:00:57.564+0000] {dagbag.py:540} INFO - Filling up the DagBag from /home/airflow/.local/lib/python3.8/site-packages/airflow/example_dags/example_task_group_decorator.py
[2024-04-01T23:00:57.580+0000] {processor.py:840} INFO - DAG(s) 'example_task_group_decorator' retrieved from /home/airflow/.local/lib/python3.8/site-packages/airflow/example_dags/example_task_group_decorator.py
[2024-04-01T23:00:57.608+0000] {logging_mixin.py:188} INFO - [2024-04-01T23:00:57.607+0000] {dag.py:3047} INFO - Sync 1 DAGs
[2024-04-01T23:00:57.634+0000] {logging_mixin.py:188} INFO - [2024-04-01T23:00:57.634+0000] {dag.py:3834} INFO - Setting next_dagrun for example_task_group_decorator to 2024-03-31 00:00:00+00:00, run_after=2024-04-01 00:00:00+00:00
[2024-04-01T23:00:57.660+0000] {processor.py:183} INFO - Processing /home/airflow/.local/lib/python3.8/site-packages/airflow/example_dags/example_task_group_decorator.py took 0.101 seconds
[2024-04-01T23:01:27.911+0000] {processor.py:161} INFO - Started process (PID=2530) to work on /home/airflow/.local/lib/python3.8/site-packages/airflow/example_dags/example_task_group_decorator.py
[2024-04-01T23:01:27.913+0000] {processor.py:830} INFO - Processing file /home/airflow/.local/lib/python3.8/site-packages/airflow/example_dags/example_task_group_decorator.py for tasks to queue
[2024-04-01T23:01:27.914+0000] {logging_mixin.py:188} INFO - [2024-04-01T23:01:27.914+0000] {dagbag.py:540} INFO - Filling up the DagBag from /home/airflow/.local/lib/python3.8/site-packages/airflow/example_dags/example_task_group_decorator.py
[2024-04-01T23:01:27.932+0000] {processor.py:840} INFO - DAG(s) 'example_task_group_decorator' retrieved from /home/airflow/.local/lib/python3.8/site-packages/airflow/example_dags/example_task_group_decorator.py
[2024-04-01T23:01:27.959+0000] {logging_mixin.py:188} INFO - [2024-04-01T23:01:27.959+0000] {dag.py:3047} INFO - Sync 1 DAGs
[2024-04-01T23:01:27.981+0000] {logging_mixin.py:188} INFO - [2024-04-01T23:01:27.981+0000] {dag.py:3834} INFO - Setting next_dagrun for example_task_group_decorator to 2024-03-31 00:00:00+00:00, run_after=2024-04-01 00:00:00+00:00
[2024-04-01T23:01:28.003+0000] {processor.py:183} INFO - Processing /home/airflow/.local/lib/python3.8/site-packages/airflow/example_dags/example_task_group_decorator.py took 0.096 seconds
[2024-04-01T23:01:58.474+0000] {processor.py:161} INFO - Started process (PID=2777) to work on /home/airflow/.local/lib/python3.8/site-packages/airflow/example_dags/example_task_group_decorator.py
[2024-04-01T23:01:58.475+0000] {processor.py:830} INFO - Processing file /home/airflow/.local/lib/python3.8/site-packages/airflow/example_dags/example_task_group_decorator.py for tasks to queue
[2024-04-01T23:01:58.476+0000] {logging_mixin.py:188} INFO - [2024-04-01T23:01:58.476+0000] {dagbag.py:540} INFO - Filling up the DagBag from /home/airflow/.local/lib/python3.8/site-packages/airflow/example_dags/example_task_group_decorator.py
[2024-04-01T23:01:58.492+0000] {processor.py:840} INFO - DAG(s) 'example_task_group_decorator' retrieved from /home/airflow/.local/lib/python3.8/site-packages/airflow/example_dags/example_task_group_decorator.py
[2024-04-01T23:01:58.523+0000] {logging_mixin.py:188} INFO - [2024-04-01T23:01:58.523+0000] {dag.py:3047} INFO - Sync 1 DAGs
[2024-04-01T23:01:58.548+0000] {logging_mixin.py:188} INFO - [2024-04-01T23:01:58.548+0000] {dag.py:3834} INFO - Setting next_dagrun for example_task_group_decorator to 2024-03-31 00:00:00+00:00, run_after=2024-04-01 00:00:00+00:00
[2024-04-01T23:01:58.571+0000] {processor.py:183} INFO - Processing /home/airflow/.local/lib/python3.8/site-packages/airflow/example_dags/example_task_group_decorator.py took 0.100 seconds
[2024-04-01T23:02:28.912+0000] {processor.py:161} INFO - Started process (PID=3024) to work on /home/airflow/.local/lib/python3.8/site-packages/airflow/example_dags/example_task_group_decorator.py
[2024-04-01T23:02:28.913+0000] {processor.py:830} INFO - Processing file /home/airflow/.local/lib/python3.8/site-packages/airflow/example_dags/example_task_group_decorator.py for tasks to queue
[2024-04-01T23:02:28.914+0000] {logging_mixin.py:188} INFO - [2024-04-01T23:02:28.914+0000] {dagbag.py:540} INFO - Filling up the DagBag from /home/airflow/.local/lib/python3.8/site-packages/airflow/example_dags/example_task_group_decorator.py
[2024-04-01T23:02:28.930+0000] {processor.py:840} INFO - DAG(s) 'example_task_group_decorator' retrieved from /home/airflow/.local/lib/python3.8/site-packages/airflow/example_dags/example_task_group_decorator.py
[2024-04-01T23:02:28.957+0000] {logging_mixin.py:188} INFO - [2024-04-01T23:02:28.957+0000] {dag.py:3047} INFO - Sync 1 DAGs
[2024-04-01T23:02:28.982+0000] {logging_mixin.py:188} INFO - [2024-04-01T23:02:28.982+0000] {dag.py:3834} INFO - Setting next_dagrun for example_task_group_decorator to 2024-03-31 00:00:00+00:00, run_after=2024-04-01 00:00:00+00:00
[2024-04-01T23:02:29.015+0000] {processor.py:183} INFO - Processing /home/airflow/.local/lib/python3.8/site-packages/airflow/example_dags/example_task_group_decorator.py took 0.106 seconds
[2024-04-01T23:02:59.464+0000] {processor.py:161} INFO - Started process (PID=3271) to work on /home/airflow/.local/lib/python3.8/site-packages/airflow/example_dags/example_task_group_decorator.py
[2024-04-01T23:02:59.466+0000] {processor.py:830} INFO - Processing file /home/airflow/.local/lib/python3.8/site-packages/airflow/example_dags/example_task_group_decorator.py for tasks to queue
[2024-04-01T23:02:59.468+0000] {logging_mixin.py:188} INFO - [2024-04-01T23:02:59.467+0000] {dagbag.py:540} INFO - Filling up the DagBag from /home/airflow/.local/lib/python3.8/site-packages/airflow/example_dags/example_task_group_decorator.py
[2024-04-01T23:02:59.485+0000] {processor.py:840} INFO - DAG(s) 'example_task_group_decorator' retrieved from /home/airflow/.local/lib/python3.8/site-packages/airflow/example_dags/example_task_group_decorator.py
[2024-04-01T23:02:59.516+0000] {logging_mixin.py:188} INFO - [2024-04-01T23:02:59.516+0000] {dag.py:3047} INFO - Sync 1 DAGs
[2024-04-01T23:02:59.542+0000] {logging_mixin.py:188} INFO - [2024-04-01T23:02:59.542+0000] {dag.py:3834} INFO - Setting next_dagrun for example_task_group_decorator to 2024-03-31 00:00:00+00:00, run_after=2024-04-01 00:00:00+00:00
[2024-04-01T23:02:59.567+0000] {processor.py:183} INFO - Processing /home/airflow/.local/lib/python3.8/site-packages/airflow/example_dags/example_task_group_decorator.py took 0.106 seconds
[2024-04-01T23:03:29.861+0000] {processor.py:161} INFO - Started process (PID=3518) to work on /home/airflow/.local/lib/python3.8/site-packages/airflow/example_dags/example_task_group_decorator.py
[2024-04-01T23:03:29.862+0000] {processor.py:830} INFO - Processing file /home/airflow/.local/lib/python3.8/site-packages/airflow/example_dags/example_task_group_decorator.py for tasks to queue
[2024-04-01T23:03:29.864+0000] {logging_mixin.py:188} INFO - [2024-04-01T23:03:29.864+0000] {dagbag.py:540} INFO - Filling up the DagBag from /home/airflow/.local/lib/python3.8/site-packages/airflow/example_dags/example_task_group_decorator.py
[2024-04-01T23:03:29.880+0000] {processor.py:840} INFO - DAG(s) 'example_task_group_decorator' retrieved from /home/airflow/.local/lib/python3.8/site-packages/airflow/example_dags/example_task_group_decorator.py
[2024-04-01T23:03:29.911+0000] {logging_mixin.py:188} INFO - [2024-04-01T23:03:29.911+0000] {dag.py:3047} INFO - Sync 1 DAGs
[2024-04-01T23:03:29.937+0000] {logging_mixin.py:188} INFO - [2024-04-01T23:03:29.937+0000] {dag.py:3834} INFO - Setting next_dagrun for example_task_group_decorator to 2024-03-31 00:00:00+00:00, run_after=2024-04-01 00:00:00+00:00
[2024-04-01T23:03:29.970+0000] {processor.py:183} INFO - Processing /home/airflow/.local/lib/python3.8/site-packages/airflow/example_dags/example_task_group_decorator.py took 0.112 seconds
[2024-04-01T23:04:00.512+0000] {processor.py:161} INFO - Started process (PID=3765) to work on /home/airflow/.local/lib/python3.8/site-packages/airflow/example_dags/example_task_group_decorator.py
[2024-04-01T23:04:00.513+0000] {processor.py:830} INFO - Processing file /home/airflow/.local/lib/python3.8/site-packages/airflow/example_dags/example_task_group_decorator.py for tasks to queue
[2024-04-01T23:04:00.515+0000] {logging_mixin.py:188} INFO - [2024-04-01T23:04:00.514+0000] {dagbag.py:540} INFO - Filling up the DagBag from /home/airflow/.local/lib/python3.8/site-packages/airflow/example_dags/example_task_group_decorator.py
[2024-04-01T23:04:00.534+0000] {processor.py:840} INFO - DAG(s) 'example_task_group_decorator' retrieved from /home/airflow/.local/lib/python3.8/site-packages/airflow/example_dags/example_task_group_decorator.py
[2024-04-01T23:04:00.565+0000] {logging_mixin.py:188} INFO - [2024-04-01T23:04:00.565+0000] {dag.py:3047} INFO - Sync 1 DAGs
[2024-04-01T23:04:00.589+0000] {logging_mixin.py:188} INFO - [2024-04-01T23:04:00.588+0000] {dag.py:3834} INFO - Setting next_dagrun for example_task_group_decorator to 2024-03-31 00:00:00+00:00, run_after=2024-04-01 00:00:00+00:00
[2024-04-01T23:04:00.615+0000] {processor.py:183} INFO - Processing /home/airflow/.local/lib/python3.8/site-packages/airflow/example_dags/example_task_group_decorator.py took 0.106 seconds
[2024-04-01T23:04:30.923+0000] {processor.py:161} INFO - Started process (PID=4012) to work on /home/airflow/.local/lib/python3.8/site-packages/airflow/example_dags/example_task_group_decorator.py
[2024-04-01T23:04:30.924+0000] {processor.py:830} INFO - Processing file /home/airflow/.local/lib/python3.8/site-packages/airflow/example_dags/example_task_group_decorator.py for tasks to queue
[2024-04-01T23:04:30.925+0000] {logging_mixin.py:188} INFO - [2024-04-01T23:04:30.925+0000] {dagbag.py:540} INFO - Filling up the DagBag from /home/airflow/.local/lib/python3.8/site-packages/airflow/example_dags/example_task_group_decorator.py
[2024-04-01T23:04:30.941+0000] {processor.py:840} INFO - DAG(s) 'example_task_group_decorator' retrieved from /home/airflow/.local/lib/python3.8/site-packages/airflow/example_dags/example_task_group_decorator.py
[2024-04-01T23:04:30.975+0000] {logging_mixin.py:188} INFO - [2024-04-01T23:04:30.975+0000] {dag.py:3047} INFO - Sync 1 DAGs
[2024-04-01T23:04:30.999+0000] {logging_mixin.py:188} INFO - [2024-04-01T23:04:30.999+0000] {dag.py:3834} INFO - Setting next_dagrun for example_task_group_decorator to 2024-03-31 00:00:00+00:00, run_after=2024-04-01 00:00:00+00:00
[2024-04-01T23:04:31.023+0000] {processor.py:183} INFO - Processing /home/airflow/.local/lib/python3.8/site-packages/airflow/example_dags/example_task_group_decorator.py took 0.102 seconds
[2024-04-01T23:05:01.127+0000] {processor.py:161} INFO - Started process (PID=4259) to work on /home/airflow/.local/lib/python3.8/site-packages/airflow/example_dags/example_task_group_decorator.py
[2024-04-01T23:05:01.130+0000] {processor.py:830} INFO - Processing file /home/airflow/.local/lib/python3.8/site-packages/airflow/example_dags/example_task_group_decorator.py for tasks to queue
[2024-04-01T23:05:01.132+0000] {logging_mixin.py:188} INFO - [2024-04-01T23:05:01.132+0000] {dagbag.py:540} INFO - Filling up the DagBag from /home/airflow/.local/lib/python3.8/site-packages/airflow/example_dags/example_task_group_decorator.py
[2024-04-01T23:05:01.167+0000] {processor.py:840} INFO - DAG(s) 'example_task_group_decorator' retrieved from /home/airflow/.local/lib/python3.8/site-packages/airflow/example_dags/example_task_group_decorator.py
[2024-04-01T23:05:01.210+0000] {logging_mixin.py:188} INFO - [2024-04-01T23:05:01.210+0000] {dag.py:3047} INFO - Sync 1 DAGs
[2024-04-01T23:05:01.264+0000] {logging_mixin.py:188} INFO - [2024-04-01T23:05:01.264+0000] {dag.py:3834} INFO - Setting next_dagrun for example_task_group_decorator to 2024-03-31 00:00:00+00:00, run_after=2024-04-01 00:00:00+00:00
[2024-04-01T23:05:01.313+0000] {processor.py:183} INFO - Processing /home/airflow/.local/lib/python3.8/site-packages/airflow/example_dags/example_task_group_decorator.py took 0.191 seconds
[2024-04-01T23:05:31.891+0000] {processor.py:161} INFO - Started process (PID=4507) to work on /home/airflow/.local/lib/python3.8/site-packages/airflow/example_dags/example_task_group_decorator.py
[2024-04-01T23:05:31.892+0000] {processor.py:830} INFO - Processing file /home/airflow/.local/lib/python3.8/site-packages/airflow/example_dags/example_task_group_decorator.py for tasks to queue
[2024-04-01T23:05:31.893+0000] {logging_mixin.py:188} INFO - [2024-04-01T23:05:31.893+0000] {dagbag.py:540} INFO - Filling up the DagBag from /home/airflow/.local/lib/python3.8/site-packages/airflow/example_dags/example_task_group_decorator.py
[2024-04-01T23:05:31.913+0000] {processor.py:840} INFO - DAG(s) 'example_task_group_decorator' retrieved from /home/airflow/.local/lib/python3.8/site-packages/airflow/example_dags/example_task_group_decorator.py
[2024-04-01T23:05:31.947+0000] {logging_mixin.py:188} INFO - [2024-04-01T23:05:31.946+0000] {dag.py:3047} INFO - Sync 1 DAGs
[2024-04-01T23:05:31.981+0000] {logging_mixin.py:188} INFO - [2024-04-01T23:05:31.981+0000] {dag.py:3834} INFO - Setting next_dagrun for example_task_group_decorator to 2024-03-31 00:00:00+00:00, run_after=2024-04-01 00:00:00+00:00
[2024-04-01T23:05:32.018+0000] {processor.py:183} INFO - Processing /home/airflow/.local/lib/python3.8/site-packages/airflow/example_dags/example_task_group_decorator.py took 0.131 seconds
[2024-04-01T23:06:02.846+0000] {processor.py:161} INFO - Started process (PID=4754) to work on /home/airflow/.local/lib/python3.8/site-packages/airflow/example_dags/example_task_group_decorator.py
[2024-04-01T23:06:02.847+0000] {processor.py:830} INFO - Processing file /home/airflow/.local/lib/python3.8/site-packages/airflow/example_dags/example_task_group_decorator.py for tasks to queue
[2024-04-01T23:06:02.849+0000] {logging_mixin.py:188} INFO - [2024-04-01T23:06:02.848+0000] {dagbag.py:540} INFO - Filling up the DagBag from /home/airflow/.local/lib/python3.8/site-packages/airflow/example_dags/example_task_group_decorator.py
[2024-04-01T23:06:02.866+0000] {processor.py:840} INFO - DAG(s) 'example_task_group_decorator' retrieved from /home/airflow/.local/lib/python3.8/site-packages/airflow/example_dags/example_task_group_decorator.py
[2024-04-01T23:06:02.893+0000] {logging_mixin.py:188} INFO - [2024-04-01T23:06:02.893+0000] {dag.py:3047} INFO - Sync 1 DAGs
[2024-04-01T23:06:02.918+0000] {logging_mixin.py:188} INFO - [2024-04-01T23:06:02.918+0000] {dag.py:3834} INFO - Setting next_dagrun for example_task_group_decorator to 2024-03-31 00:00:00+00:00, run_after=2024-04-01 00:00:00+00:00
[2024-04-01T23:06:02.941+0000] {processor.py:183} INFO - Processing /home/airflow/.local/lib/python3.8/site-packages/airflow/example_dags/example_task_group_decorator.py took 0.099 seconds
[2024-04-01T23:06:33.098+0000] {processor.py:161} INFO - Started process (PID=5001) to work on /home/airflow/.local/lib/python3.8/site-packages/airflow/example_dags/example_task_group_decorator.py
[2024-04-01T23:06:33.099+0000] {processor.py:830} INFO - Processing file /home/airflow/.local/lib/python3.8/site-packages/airflow/example_dags/example_task_group_decorator.py for tasks to queue
[2024-04-01T23:06:33.100+0000] {logging_mixin.py:188} INFO - [2024-04-01T23:06:33.100+0000] {dagbag.py:540} INFO - Filling up the DagBag from /home/airflow/.local/lib/python3.8/site-packages/airflow/example_dags/example_task_group_decorator.py
[2024-04-01T23:06:33.116+0000] {processor.py:840} INFO - DAG(s) 'example_task_group_decorator' retrieved from /home/airflow/.local/lib/python3.8/site-packages/airflow/example_dags/example_task_group_decorator.py
[2024-04-01T23:06:33.143+0000] {logging_mixin.py:188} INFO - [2024-04-01T23:06:33.142+0000] {dag.py:3047} INFO - Sync 1 DAGs
[2024-04-01T23:06:33.167+0000] {logging_mixin.py:188} INFO - [2024-04-01T23:06:33.167+0000] {dag.py:3834} INFO - Setting next_dagrun for example_task_group_decorator to 2024-03-31 00:00:00+00:00, run_after=2024-04-01 00:00:00+00:00
[2024-04-01T23:06:33.188+0000] {processor.py:183} INFO - Processing /home/airflow/.local/lib/python3.8/site-packages/airflow/example_dags/example_task_group_decorator.py took 0.093 seconds
[2024-04-01T23:07:03.838+0000] {processor.py:161} INFO - Started process (PID=5248) to work on /home/airflow/.local/lib/python3.8/site-packages/airflow/example_dags/example_task_group_decorator.py
[2024-04-01T23:07:03.840+0000] {processor.py:830} INFO - Processing file /home/airflow/.local/lib/python3.8/site-packages/airflow/example_dags/example_task_group_decorator.py for tasks to queue
[2024-04-01T23:07:03.841+0000] {logging_mixin.py:188} INFO - [2024-04-01T23:07:03.841+0000] {dagbag.py:540} INFO - Filling up the DagBag from /home/airflow/.local/lib/python3.8/site-packages/airflow/example_dags/example_task_group_decorator.py
[2024-04-01T23:07:03.860+0000] {processor.py:840} INFO - DAG(s) 'example_task_group_decorator' retrieved from /home/airflow/.local/lib/python3.8/site-packages/airflow/example_dags/example_task_group_decorator.py
[2024-04-01T23:07:03.893+0000] {logging_mixin.py:188} INFO - [2024-04-01T23:07:03.893+0000] {dag.py:3047} INFO - Sync 1 DAGs
[2024-04-01T23:07:03.917+0000] {logging_mixin.py:188} INFO - [2024-04-01T23:07:03.917+0000] {dag.py:3834} INFO - Setting next_dagrun for example_task_group_decorator to 2024-03-31 00:00:00+00:00, run_after=2024-04-01 00:00:00+00:00
[2024-04-01T23:07:03.939+0000] {processor.py:183} INFO - Processing /home/airflow/.local/lib/python3.8/site-packages/airflow/example_dags/example_task_group_decorator.py took 0.104 seconds
[2024-04-01T23:07:34.137+0000] {processor.py:161} INFO - Started process (PID=5495) to work on /home/airflow/.local/lib/python3.8/site-packages/airflow/example_dags/example_task_group_decorator.py
[2024-04-01T23:07:34.139+0000] {processor.py:830} INFO - Processing file /home/airflow/.local/lib/python3.8/site-packages/airflow/example_dags/example_task_group_decorator.py for tasks to queue
[2024-04-01T23:07:34.140+0000] {logging_mixin.py:188} INFO - [2024-04-01T23:07:34.139+0000] {dagbag.py:540} INFO - Filling up the DagBag from /home/airflow/.local/lib/python3.8/site-packages/airflow/example_dags/example_task_group_decorator.py
[2024-04-01T23:07:34.157+0000] {processor.py:840} INFO - DAG(s) 'example_task_group_decorator' retrieved from /home/airflow/.local/lib/python3.8/site-packages/airflow/example_dags/example_task_group_decorator.py
[2024-04-01T23:07:34.184+0000] {logging_mixin.py:188} INFO - [2024-04-01T23:07:34.184+0000] {dag.py:3047} INFO - Sync 1 DAGs
[2024-04-01T23:07:34.209+0000] {logging_mixin.py:188} INFO - [2024-04-01T23:07:34.208+0000] {dag.py:3834} INFO - Setting next_dagrun for example_task_group_decorator to 2024-03-31 00:00:00+00:00, run_after=2024-04-01 00:00:00+00:00
[2024-04-01T23:07:34.229+0000] {processor.py:183} INFO - Processing /home/airflow/.local/lib/python3.8/site-packages/airflow/example_dags/example_task_group_decorator.py took 0.096 seconds
[2024-04-01T23:08:04.552+0000] {processor.py:161} INFO - Started process (PID=5742) to work on /home/airflow/.local/lib/python3.8/site-packages/airflow/example_dags/example_task_group_decorator.py
[2024-04-01T23:08:04.553+0000] {processor.py:830} INFO - Processing file /home/airflow/.local/lib/python3.8/site-packages/airflow/example_dags/example_task_group_decorator.py for tasks to queue
[2024-04-01T23:08:04.554+0000] {logging_mixin.py:188} INFO - [2024-04-01T23:08:04.554+0000] {dagbag.py:540} INFO - Filling up the DagBag from /home/airflow/.local/lib/python3.8/site-packages/airflow/example_dags/example_task_group_decorator.py
[2024-04-01T23:08:04.575+0000] {processor.py:840} INFO - DAG(s) 'example_task_group_decorator' retrieved from /home/airflow/.local/lib/python3.8/site-packages/airflow/example_dags/example_task_group_decorator.py
[2024-04-01T23:08:04.606+0000] {logging_mixin.py:188} INFO - [2024-04-01T23:08:04.606+0000] {dag.py:3047} INFO - Sync 1 DAGs
[2024-04-01T23:08:04.634+0000] {logging_mixin.py:188} INFO - [2024-04-01T23:08:04.634+0000] {dag.py:3834} INFO - Setting next_dagrun for example_task_group_decorator to 2024-03-31 00:00:00+00:00, run_after=2024-04-01 00:00:00+00:00
[2024-04-01T23:08:04.657+0000] {processor.py:183} INFO - Processing /home/airflow/.local/lib/python3.8/site-packages/airflow/example_dags/example_task_group_decorator.py took 0.108 seconds
[2024-04-01T23:08:35.104+0000] {processor.py:161} INFO - Started process (PID=5989) to work on /home/airflow/.local/lib/python3.8/site-packages/airflow/example_dags/example_task_group_decorator.py
[2024-04-01T23:08:35.105+0000] {processor.py:830} INFO - Processing file /home/airflow/.local/lib/python3.8/site-packages/airflow/example_dags/example_task_group_decorator.py for tasks to queue
[2024-04-01T23:08:35.106+0000] {logging_mixin.py:188} INFO - [2024-04-01T23:08:35.105+0000] {dagbag.py:540} INFO - Filling up the DagBag from /home/airflow/.local/lib/python3.8/site-packages/airflow/example_dags/example_task_group_decorator.py
[2024-04-01T23:08:35.120+0000] {processor.py:840} INFO - DAG(s) 'example_task_group_decorator' retrieved from /home/airflow/.local/lib/python3.8/site-packages/airflow/example_dags/example_task_group_decorator.py
[2024-04-01T23:08:35.147+0000] {logging_mixin.py:188} INFO - [2024-04-01T23:08:35.147+0000] {dag.py:3047} INFO - Sync 1 DAGs
[2024-04-01T23:08:35.172+0000] {logging_mixin.py:188} INFO - [2024-04-01T23:08:35.171+0000] {dag.py:3834} INFO - Setting next_dagrun for example_task_group_decorator to 2024-03-31 00:00:00+00:00, run_after=2024-04-01 00:00:00+00:00
[2024-04-01T23:08:35.206+0000] {processor.py:183} INFO - Processing /home/airflow/.local/lib/python3.8/site-packages/airflow/example_dags/example_task_group_decorator.py took 0.106 seconds
[2024-04-01T23:09:05.496+0000] {processor.py:161} INFO - Started process (PID=6236) to work on /home/airflow/.local/lib/python3.8/site-packages/airflow/example_dags/example_task_group_decorator.py
[2024-04-01T23:09:05.497+0000] {processor.py:830} INFO - Processing file /home/airflow/.local/lib/python3.8/site-packages/airflow/example_dags/example_task_group_decorator.py for tasks to queue
[2024-04-01T23:09:05.499+0000] {logging_mixin.py:188} INFO - [2024-04-01T23:09:05.498+0000] {dagbag.py:540} INFO - Filling up the DagBag from /home/airflow/.local/lib/python3.8/site-packages/airflow/example_dags/example_task_group_decorator.py
[2024-04-01T23:09:05.513+0000] {processor.py:840} INFO - DAG(s) 'example_task_group_decorator' retrieved from /home/airflow/.local/lib/python3.8/site-packages/airflow/example_dags/example_task_group_decorator.py
[2024-04-01T23:09:05.542+0000] {logging_mixin.py:188} INFO - [2024-04-01T23:09:05.541+0000] {dag.py:3047} INFO - Sync 1 DAGs
[2024-04-01T23:09:05.569+0000] {logging_mixin.py:188} INFO - [2024-04-01T23:09:05.568+0000] {dag.py:3834} INFO - Setting next_dagrun for example_task_group_decorator to 2024-03-31 00:00:00+00:00, run_after=2024-04-01 00:00:00+00:00
[2024-04-01T23:09:05.596+0000] {processor.py:183} INFO - Processing /home/airflow/.local/lib/python3.8/site-packages/airflow/example_dags/example_task_group_decorator.py took 0.103 seconds
[2024-04-01T23:09:35.783+0000] {processor.py:161} INFO - Started process (PID=6484) to work on /home/airflow/.local/lib/python3.8/site-packages/airflow/example_dags/example_task_group_decorator.py
[2024-04-01T23:09:35.784+0000] {processor.py:830} INFO - Processing file /home/airflow/.local/lib/python3.8/site-packages/airflow/example_dags/example_task_group_decorator.py for tasks to queue
[2024-04-01T23:09:35.785+0000] {logging_mixin.py:188} INFO - [2024-04-01T23:09:35.785+0000] {dagbag.py:540} INFO - Filling up the DagBag from /home/airflow/.local/lib/python3.8/site-packages/airflow/example_dags/example_task_group_decorator.py
[2024-04-01T23:09:35.799+0000] {processor.py:840} INFO - DAG(s) 'example_task_group_decorator' retrieved from /home/airflow/.local/lib/python3.8/site-packages/airflow/example_dags/example_task_group_decorator.py
[2024-04-01T23:09:35.828+0000] {logging_mixin.py:188} INFO - [2024-04-01T23:09:35.828+0000] {dag.py:3047} INFO - Sync 1 DAGs
[2024-04-01T23:09:35.853+0000] {logging_mixin.py:188} INFO - [2024-04-01T23:09:35.853+0000] {dag.py:3834} INFO - Setting next_dagrun for example_task_group_decorator to 2024-03-31 00:00:00+00:00, run_after=2024-04-01 00:00:00+00:00
[2024-04-01T23:09:35.883+0000] {processor.py:183} INFO - Processing /home/airflow/.local/lib/python3.8/site-packages/airflow/example_dags/example_task_group_decorator.py took 0.103 seconds
[2024-04-01T23:10:06.323+0000] {processor.py:161} INFO - Started process (PID=6731) to work on /home/airflow/.local/lib/python3.8/site-packages/airflow/example_dags/example_task_group_decorator.py
[2024-04-01T23:10:06.325+0000] {processor.py:830} INFO - Processing file /home/airflow/.local/lib/python3.8/site-packages/airflow/example_dags/example_task_group_decorator.py for tasks to queue
[2024-04-01T23:10:06.327+0000] {logging_mixin.py:188} INFO - [2024-04-01T23:10:06.326+0000] {dagbag.py:540} INFO - Filling up the DagBag from /home/airflow/.local/lib/python3.8/site-packages/airflow/example_dags/example_task_group_decorator.py
[2024-04-01T23:10:06.346+0000] {processor.py:840} INFO - DAG(s) 'example_task_group_decorator' retrieved from /home/airflow/.local/lib/python3.8/site-packages/airflow/example_dags/example_task_group_decorator.py
[2024-04-01T23:10:06.373+0000] {logging_mixin.py:188} INFO - [2024-04-01T23:10:06.373+0000] {dag.py:3047} INFO - Sync 1 DAGs
[2024-04-01T23:10:06.399+0000] {logging_mixin.py:188} INFO - [2024-04-01T23:10:06.399+0000] {dag.py:3834} INFO - Setting next_dagrun for example_task_group_decorator to 2024-03-31 00:00:00+00:00, run_after=2024-04-01 00:00:00+00:00
[2024-04-01T23:10:06.425+0000] {processor.py:183} INFO - Processing /home/airflow/.local/lib/python3.8/site-packages/airflow/example_dags/example_task_group_decorator.py took 0.106 seconds
[2024-04-01T23:10:36.595+0000] {processor.py:161} INFO - Started process (PID=6978) to work on /home/airflow/.local/lib/python3.8/site-packages/airflow/example_dags/example_task_group_decorator.py
[2024-04-01T23:10:36.596+0000] {processor.py:830} INFO - Processing file /home/airflow/.local/lib/python3.8/site-packages/airflow/example_dags/example_task_group_decorator.py for tasks to queue
[2024-04-01T23:10:36.598+0000] {logging_mixin.py:188} INFO - [2024-04-01T23:10:36.597+0000] {dagbag.py:540} INFO - Filling up the DagBag from /home/airflow/.local/lib/python3.8/site-packages/airflow/example_dags/example_task_group_decorator.py
[2024-04-01T23:10:36.612+0000] {processor.py:840} INFO - DAG(s) 'example_task_group_decorator' retrieved from /home/airflow/.local/lib/python3.8/site-packages/airflow/example_dags/example_task_group_decorator.py
[2024-04-01T23:10:36.639+0000] {logging_mixin.py:188} INFO - [2024-04-01T23:10:36.638+0000] {dag.py:3047} INFO - Sync 1 DAGs
[2024-04-01T23:10:36.663+0000] {logging_mixin.py:188} INFO - [2024-04-01T23:10:36.662+0000] {dag.py:3834} INFO - Setting next_dagrun for example_task_group_decorator to 2024-03-31 00:00:00+00:00, run_after=2024-04-01 00:00:00+00:00
[2024-04-01T23:10:36.689+0000] {processor.py:183} INFO - Processing /home/airflow/.local/lib/python3.8/site-packages/airflow/example_dags/example_task_group_decorator.py took 0.096 seconds
[2024-04-01T23:11:07.049+0000] {processor.py:161} INFO - Started process (PID=7231) to work on /home/airflow/.local/lib/python3.8/site-packages/airflow/example_dags/example_task_group_decorator.py
[2024-04-01T23:11:07.050+0000] {processor.py:830} INFO - Processing file /home/airflow/.local/lib/python3.8/site-packages/airflow/example_dags/example_task_group_decorator.py for tasks to queue
[2024-04-01T23:11:07.052+0000] {logging_mixin.py:188} INFO - [2024-04-01T23:11:07.051+0000] {dagbag.py:540} INFO - Filling up the DagBag from /home/airflow/.local/lib/python3.8/site-packages/airflow/example_dags/example_task_group_decorator.py
[2024-04-01T23:11:07.068+0000] {processor.py:840} INFO - DAG(s) 'example_task_group_decorator' retrieved from /home/airflow/.local/lib/python3.8/site-packages/airflow/example_dags/example_task_group_decorator.py
[2024-04-01T23:11:07.096+0000] {logging_mixin.py:188} INFO - [2024-04-01T23:11:07.095+0000] {dag.py:3047} INFO - Sync 1 DAGs
[2024-04-01T23:11:07.124+0000] {logging_mixin.py:188} INFO - [2024-04-01T23:11:07.124+0000] {dag.py:3834} INFO - Setting next_dagrun for example_task_group_decorator to 2024-03-31 00:00:00+00:00, run_after=2024-04-01 00:00:00+00:00
[2024-04-01T23:11:07.151+0000] {processor.py:183} INFO - Processing /home/airflow/.local/lib/python3.8/site-packages/airflow/example_dags/example_task_group_decorator.py took 0.106 seconds
[2024-04-01T23:11:37.708+0000] {processor.py:161} INFO - Started process (PID=7478) to work on /home/airflow/.local/lib/python3.8/site-packages/airflow/example_dags/example_task_group_decorator.py
[2024-04-01T23:11:37.709+0000] {processor.py:830} INFO - Processing file /home/airflow/.local/lib/python3.8/site-packages/airflow/example_dags/example_task_group_decorator.py for tasks to queue
[2024-04-01T23:11:37.711+0000] {logging_mixin.py:188} INFO - [2024-04-01T23:11:37.710+0000] {dagbag.py:540} INFO - Filling up the DagBag from /home/airflow/.local/lib/python3.8/site-packages/airflow/example_dags/example_task_group_decorator.py
[2024-04-01T23:11:37.728+0000] {processor.py:840} INFO - DAG(s) 'example_task_group_decorator' retrieved from /home/airflow/.local/lib/python3.8/site-packages/airflow/example_dags/example_task_group_decorator.py
[2024-04-01T23:11:37.761+0000] {logging_mixin.py:188} INFO - [2024-04-01T23:11:37.761+0000] {dag.py:3047} INFO - Sync 1 DAGs
[2024-04-01T23:11:37.784+0000] {logging_mixin.py:188} INFO - [2024-04-01T23:11:37.784+0000] {dag.py:3834} INFO - Setting next_dagrun for example_task_group_decorator to 2024-03-31 00:00:00+00:00, run_after=2024-04-01 00:00:00+00:00
[2024-04-01T23:11:37.807+0000] {processor.py:183} INFO - Processing /home/airflow/.local/lib/python3.8/site-packages/airflow/example_dags/example_task_group_decorator.py took 0.102 seconds
[2024-04-01T23:12:08.153+0000] {processor.py:161} INFO - Started process (PID=7725) to work on /home/airflow/.local/lib/python3.8/site-packages/airflow/example_dags/example_task_group_decorator.py
[2024-04-01T23:12:08.154+0000] {processor.py:830} INFO - Processing file /home/airflow/.local/lib/python3.8/site-packages/airflow/example_dags/example_task_group_decorator.py for tasks to queue
[2024-04-01T23:12:08.155+0000] {logging_mixin.py:188} INFO - [2024-04-01T23:12:08.155+0000] {dagbag.py:540} INFO - Filling up the DagBag from /home/airflow/.local/lib/python3.8/site-packages/airflow/example_dags/example_task_group_decorator.py
[2024-04-01T23:12:08.172+0000] {processor.py:840} INFO - DAG(s) 'example_task_group_decorator' retrieved from /home/airflow/.local/lib/python3.8/site-packages/airflow/example_dags/example_task_group_decorator.py
[2024-04-01T23:12:08.200+0000] {logging_mixin.py:188} INFO - [2024-04-01T23:12:08.199+0000] {dag.py:3047} INFO - Sync 1 DAGs
[2024-04-01T23:12:08.222+0000] {logging_mixin.py:188} INFO - [2024-04-01T23:12:08.222+0000] {dag.py:3834} INFO - Setting next_dagrun for example_task_group_decorator to 2024-03-31 00:00:00+00:00, run_after=2024-04-01 00:00:00+00:00
[2024-04-01T23:12:08.245+0000] {processor.py:183} INFO - Processing /home/airflow/.local/lib/python3.8/site-packages/airflow/example_dags/example_task_group_decorator.py took 0.095 seconds
[2024-04-01T23:12:38.707+0000] {processor.py:161} INFO - Started process (PID=7973) to work on /home/airflow/.local/lib/python3.8/site-packages/airflow/example_dags/example_task_group_decorator.py
[2024-04-01T23:12:38.708+0000] {processor.py:830} INFO - Processing file /home/airflow/.local/lib/python3.8/site-packages/airflow/example_dags/example_task_group_decorator.py for tasks to queue
[2024-04-01T23:12:38.709+0000] {logging_mixin.py:188} INFO - [2024-04-01T23:12:38.708+0000] {dagbag.py:540} INFO - Filling up the DagBag from /home/airflow/.local/lib/python3.8/site-packages/airflow/example_dags/example_task_group_decorator.py
[2024-04-01T23:12:38.723+0000] {processor.py:840} INFO - DAG(s) 'example_task_group_decorator' retrieved from /home/airflow/.local/lib/python3.8/site-packages/airflow/example_dags/example_task_group_decorator.py
[2024-04-01T23:12:38.751+0000] {logging_mixin.py:188} INFO - [2024-04-01T23:12:38.751+0000] {dag.py:3047} INFO - Sync 1 DAGs
[2024-04-01T23:12:38.775+0000] {logging_mixin.py:188} INFO - [2024-04-01T23:12:38.774+0000] {dag.py:3834} INFO - Setting next_dagrun for example_task_group_decorator to 2024-03-31 00:00:00+00:00, run_after=2024-04-01 00:00:00+00:00
[2024-04-01T23:12:38.797+0000] {processor.py:183} INFO - Processing /home/airflow/.local/lib/python3.8/site-packages/airflow/example_dags/example_task_group_decorator.py took 0.094 seconds
[2024-04-01T23:13:09.224+0000] {processor.py:161} INFO - Started process (PID=8220) to work on /home/airflow/.local/lib/python3.8/site-packages/airflow/example_dags/example_task_group_decorator.py
[2024-04-01T23:13:09.225+0000] {processor.py:830} INFO - Processing file /home/airflow/.local/lib/python3.8/site-packages/airflow/example_dags/example_task_group_decorator.py for tasks to queue
[2024-04-01T23:13:09.227+0000] {logging_mixin.py:188} INFO - [2024-04-01T23:13:09.226+0000] {dagbag.py:540} INFO - Filling up the DagBag from /home/airflow/.local/lib/python3.8/site-packages/airflow/example_dags/example_task_group_decorator.py
[2024-04-01T23:13:09.241+0000] {processor.py:840} INFO - DAG(s) 'example_task_group_decorator' retrieved from /home/airflow/.local/lib/python3.8/site-packages/airflow/example_dags/example_task_group_decorator.py
[2024-04-01T23:13:09.269+0000] {logging_mixin.py:188} INFO - [2024-04-01T23:13:09.269+0000] {dag.py:3047} INFO - Sync 1 DAGs
[2024-04-01T23:13:09.294+0000] {logging_mixin.py:188} INFO - [2024-04-01T23:13:09.294+0000] {dag.py:3834} INFO - Setting next_dagrun for example_task_group_decorator to 2024-03-31 00:00:00+00:00, run_after=2024-04-01 00:00:00+00:00
[2024-04-01T23:13:09.316+0000] {processor.py:183} INFO - Processing /home/airflow/.local/lib/python3.8/site-packages/airflow/example_dags/example_task_group_decorator.py took 0.094 seconds
[2024-04-01T23:13:39.777+0000] {processor.py:161} INFO - Started process (PID=8468) to work on /home/airflow/.local/lib/python3.8/site-packages/airflow/example_dags/example_task_group_decorator.py
[2024-04-01T23:13:39.778+0000] {processor.py:830} INFO - Processing file /home/airflow/.local/lib/python3.8/site-packages/airflow/example_dags/example_task_group_decorator.py for tasks to queue
[2024-04-01T23:13:39.779+0000] {logging_mixin.py:188} INFO - [2024-04-01T23:13:39.779+0000] {dagbag.py:540} INFO - Filling up the DagBag from /home/airflow/.local/lib/python3.8/site-packages/airflow/example_dags/example_task_group_decorator.py
[2024-04-01T23:13:39.793+0000] {processor.py:840} INFO - DAG(s) 'example_task_group_decorator' retrieved from /home/airflow/.local/lib/python3.8/site-packages/airflow/example_dags/example_task_group_decorator.py
[2024-04-01T23:13:39.820+0000] {logging_mixin.py:188} INFO - [2024-04-01T23:13:39.820+0000] {dag.py:3047} INFO - Sync 1 DAGs
[2024-04-01T23:13:39.843+0000] {logging_mixin.py:188} INFO - [2024-04-01T23:13:39.843+0000] {dag.py:3834} INFO - Setting next_dagrun for example_task_group_decorator to 2024-03-31 00:00:00+00:00, run_after=2024-04-01 00:00:00+00:00
[2024-04-01T23:13:39.875+0000] {processor.py:183} INFO - Processing /home/airflow/.local/lib/python3.8/site-packages/airflow/example_dags/example_task_group_decorator.py took 0.101 seconds
[2024-04-01T23:14:10.074+0000] {processor.py:161} INFO - Started process (PID=8715) to work on /home/airflow/.local/lib/python3.8/site-packages/airflow/example_dags/example_task_group_decorator.py
[2024-04-01T23:14:10.076+0000] {processor.py:830} INFO - Processing file /home/airflow/.local/lib/python3.8/site-packages/airflow/example_dags/example_task_group_decorator.py for tasks to queue
[2024-04-01T23:14:10.077+0000] {logging_mixin.py:188} INFO - [2024-04-01T23:14:10.077+0000] {dagbag.py:540} INFO - Filling up the DagBag from /home/airflow/.local/lib/python3.8/site-packages/airflow/example_dags/example_task_group_decorator.py
[2024-04-01T23:14:10.092+0000] {processor.py:840} INFO - DAG(s) 'example_task_group_decorator' retrieved from /home/airflow/.local/lib/python3.8/site-packages/airflow/example_dags/example_task_group_decorator.py
[2024-04-01T23:14:10.120+0000] {logging_mixin.py:188} INFO - [2024-04-01T23:14:10.120+0000] {dag.py:3047} INFO - Sync 1 DAGs
[2024-04-01T23:14:10.142+0000] {logging_mixin.py:188} INFO - [2024-04-01T23:14:10.141+0000] {dag.py:3834} INFO - Setting next_dagrun for example_task_group_decorator to 2024-03-31 00:00:00+00:00, run_after=2024-04-01 00:00:00+00:00
[2024-04-01T23:14:10.164+0000] {processor.py:183} INFO - Processing /home/airflow/.local/lib/python3.8/site-packages/airflow/example_dags/example_task_group_decorator.py took 0.093 seconds
[2024-04-01T23:14:40.788+0000] {processor.py:161} INFO - Started process (PID=8962) to work on /home/airflow/.local/lib/python3.8/site-packages/airflow/example_dags/example_task_group_decorator.py
[2024-04-01T23:14:40.790+0000] {processor.py:830} INFO - Processing file /home/airflow/.local/lib/python3.8/site-packages/airflow/example_dags/example_task_group_decorator.py for tasks to queue
[2024-04-01T23:14:40.791+0000] {logging_mixin.py:188} INFO - [2024-04-01T23:14:40.791+0000] {dagbag.py:540} INFO - Filling up the DagBag from /home/airflow/.local/lib/python3.8/site-packages/airflow/example_dags/example_task_group_decorator.py
[2024-04-01T23:14:40.809+0000] {processor.py:840} INFO - DAG(s) 'example_task_group_decorator' retrieved from /home/airflow/.local/lib/python3.8/site-packages/airflow/example_dags/example_task_group_decorator.py
[2024-04-01T23:14:40.839+0000] {logging_mixin.py:188} INFO - [2024-04-01T23:14:40.839+0000] {dag.py:3047} INFO - Sync 1 DAGs
[2024-04-01T23:14:40.865+0000] {logging_mixin.py:188} INFO - [2024-04-01T23:14:40.865+0000] {dag.py:3834} INFO - Setting next_dagrun for example_task_group_decorator to 2024-03-31 00:00:00+00:00, run_after=2024-04-01 00:00:00+00:00
[2024-04-01T23:14:40.891+0000] {processor.py:183} INFO - Processing /home/airflow/.local/lib/python3.8/site-packages/airflow/example_dags/example_task_group_decorator.py took 0.107 seconds
[2024-04-01T23:15:11.931+0000] {processor.py:161} INFO - Started process (PID=9209) to work on /home/airflow/.local/lib/python3.8/site-packages/airflow/example_dags/example_task_group_decorator.py
[2024-04-01T23:15:11.932+0000] {processor.py:830} INFO - Processing file /home/airflow/.local/lib/python3.8/site-packages/airflow/example_dags/example_task_group_decorator.py for tasks to queue
[2024-04-01T23:15:11.933+0000] {logging_mixin.py:188} INFO - [2024-04-01T23:15:11.933+0000] {dagbag.py:540} INFO - Filling up the DagBag from /home/airflow/.local/lib/python3.8/site-packages/airflow/example_dags/example_task_group_decorator.py
[2024-04-01T23:15:11.948+0000] {processor.py:840} INFO - DAG(s) 'example_task_group_decorator' retrieved from /home/airflow/.local/lib/python3.8/site-packages/airflow/example_dags/example_task_group_decorator.py
[2024-04-01T23:15:11.976+0000] {logging_mixin.py:188} INFO - [2024-04-01T23:15:11.975+0000] {dag.py:3047} INFO - Sync 1 DAGs
[2024-04-01T23:15:12.001+0000] {logging_mixin.py:188} INFO - [2024-04-01T23:15:12.000+0000] {dag.py:3834} INFO - Setting next_dagrun for example_task_group_decorator to 2024-03-31 00:00:00+00:00, run_after=2024-04-01 00:00:00+00:00
[2024-04-01T23:15:12.025+0000] {processor.py:183} INFO - Processing /home/airflow/.local/lib/python3.8/site-packages/airflow/example_dags/example_task_group_decorator.py took 0.097 seconds
[2024-04-01T23:15:42.650+0000] {processor.py:161} INFO - Started process (PID=9456) to work on /home/airflow/.local/lib/python3.8/site-packages/airflow/example_dags/example_task_group_decorator.py
[2024-04-01T23:15:42.652+0000] {processor.py:830} INFO - Processing file /home/airflow/.local/lib/python3.8/site-packages/airflow/example_dags/example_task_group_decorator.py for tasks to queue
[2024-04-01T23:15:42.653+0000] {logging_mixin.py:188} INFO - [2024-04-01T23:15:42.652+0000] {dagbag.py:540} INFO - Filling up the DagBag from /home/airflow/.local/lib/python3.8/site-packages/airflow/example_dags/example_task_group_decorator.py
[2024-04-01T23:15:42.668+0000] {processor.py:840} INFO - DAG(s) 'example_task_group_decorator' retrieved from /home/airflow/.local/lib/python3.8/site-packages/airflow/example_dags/example_task_group_decorator.py
[2024-04-01T23:15:42.695+0000] {logging_mixin.py:188} INFO - [2024-04-01T23:15:42.694+0000] {dag.py:3047} INFO - Sync 1 DAGs
[2024-04-01T23:15:42.725+0000] {logging_mixin.py:188} INFO - [2024-04-01T23:15:42.724+0000] {dag.py:3834} INFO - Setting next_dagrun for example_task_group_decorator to 2024-03-31 00:00:00+00:00, run_after=2024-04-01 00:00:00+00:00
[2024-04-01T23:15:42.750+0000] {processor.py:183} INFO - Processing /home/airflow/.local/lib/python3.8/site-packages/airflow/example_dags/example_task_group_decorator.py took 0.103 seconds
[2024-04-01T23:16:13.020+0000] {processor.py:161} INFO - Started process (PID=9703) to work on /home/airflow/.local/lib/python3.8/site-packages/airflow/example_dags/example_task_group_decorator.py
[2024-04-01T23:16:13.021+0000] {processor.py:830} INFO - Processing file /home/airflow/.local/lib/python3.8/site-packages/airflow/example_dags/example_task_group_decorator.py for tasks to queue
[2024-04-01T23:16:13.023+0000] {logging_mixin.py:188} INFO - [2024-04-01T23:16:13.022+0000] {dagbag.py:540} INFO - Filling up the DagBag from /home/airflow/.local/lib/python3.8/site-packages/airflow/example_dags/example_task_group_decorator.py
[2024-04-01T23:16:13.038+0000] {processor.py:840} INFO - DAG(s) 'example_task_group_decorator' retrieved from /home/airflow/.local/lib/python3.8/site-packages/airflow/example_dags/example_task_group_decorator.py
[2024-04-01T23:16:13.065+0000] {logging_mixin.py:188} INFO - [2024-04-01T23:16:13.065+0000] {dag.py:3047} INFO - Sync 1 DAGs
[2024-04-01T23:16:13.091+0000] {logging_mixin.py:188} INFO - [2024-04-01T23:16:13.091+0000] {dag.py:3834} INFO - Setting next_dagrun for example_task_group_decorator to 2024-03-31 00:00:00+00:00, run_after=2024-04-01 00:00:00+00:00
[2024-04-01T23:16:13.122+0000] {processor.py:183} INFO - Processing /home/airflow/.local/lib/python3.8/site-packages/airflow/example_dags/example_task_group_decorator.py took 0.105 seconds
[2024-04-01T23:16:43.420+0000] {processor.py:161} INFO - Started process (PID=9950) to work on /home/airflow/.local/lib/python3.8/site-packages/airflow/example_dags/example_task_group_decorator.py
[2024-04-01T23:16:43.422+0000] {processor.py:830} INFO - Processing file /home/airflow/.local/lib/python3.8/site-packages/airflow/example_dags/example_task_group_decorator.py for tasks to queue
[2024-04-01T23:16:43.423+0000] {logging_mixin.py:188} INFO - [2024-04-01T23:16:43.423+0000] {dagbag.py:540} INFO - Filling up the DagBag from /home/airflow/.local/lib/python3.8/site-packages/airflow/example_dags/example_task_group_decorator.py
[2024-04-01T23:16:43.439+0000] {processor.py:840} INFO - DAG(s) 'example_task_group_decorator' retrieved from /home/airflow/.local/lib/python3.8/site-packages/airflow/example_dags/example_task_group_decorator.py
[2024-04-01T23:16:43.464+0000] {logging_mixin.py:188} INFO - [2024-04-01T23:16:43.463+0000] {dag.py:3047} INFO - Sync 1 DAGs
[2024-04-01T23:16:43.485+0000] {logging_mixin.py:188} INFO - [2024-04-01T23:16:43.485+0000] {dag.py:3834} INFO - Setting next_dagrun for example_task_group_decorator to 2024-03-31 00:00:00+00:00, run_after=2024-04-01 00:00:00+00:00
[2024-04-01T23:16:43.507+0000] {processor.py:183} INFO - Processing /home/airflow/.local/lib/python3.8/site-packages/airflow/example_dags/example_task_group_decorator.py took 0.090 seconds
[2024-04-01T23:17:13.917+0000] {processor.py:161} INFO - Started process (PID=10197) to work on /home/airflow/.local/lib/python3.8/site-packages/airflow/example_dags/example_task_group_decorator.py
[2024-04-01T23:17:13.918+0000] {processor.py:830} INFO - Processing file /home/airflow/.local/lib/python3.8/site-packages/airflow/example_dags/example_task_group_decorator.py for tasks to queue
[2024-04-01T23:17:13.920+0000] {logging_mixin.py:188} INFO - [2024-04-01T23:17:13.919+0000] {dagbag.py:540} INFO - Filling up the DagBag from /home/airflow/.local/lib/python3.8/site-packages/airflow/example_dags/example_task_group_decorator.py
[2024-04-01T23:17:13.937+0000] {processor.py:840} INFO - DAG(s) 'example_task_group_decorator' retrieved from /home/airflow/.local/lib/python3.8/site-packages/airflow/example_dags/example_task_group_decorator.py
[2024-04-01T23:17:13.966+0000] {logging_mixin.py:188} INFO - [2024-04-01T23:17:13.966+0000] {dag.py:3047} INFO - Sync 1 DAGs
[2024-04-01T23:17:13.994+0000] {logging_mixin.py:188} INFO - [2024-04-01T23:17:13.994+0000] {dag.py:3834} INFO - Setting next_dagrun for example_task_group_decorator to 2024-03-31 00:00:00+00:00, run_after=2024-04-01 00:00:00+00:00
[2024-04-01T23:17:14.023+0000] {processor.py:183} INFO - Processing /home/airflow/.local/lib/python3.8/site-packages/airflow/example_dags/example_task_group_decorator.py took 0.109 seconds
[2024-04-01T23:17:44.507+0000] {processor.py:161} INFO - Started process (PID=10444) to work on /home/airflow/.local/lib/python3.8/site-packages/airflow/example_dags/example_task_group_decorator.py
[2024-04-01T23:17:44.508+0000] {processor.py:830} INFO - Processing file /home/airflow/.local/lib/python3.8/site-packages/airflow/example_dags/example_task_group_decorator.py for tasks to queue
[2024-04-01T23:17:44.509+0000] {logging_mixin.py:188} INFO - [2024-04-01T23:17:44.509+0000] {dagbag.py:540} INFO - Filling up the DagBag from /home/airflow/.local/lib/python3.8/site-packages/airflow/example_dags/example_task_group_decorator.py
[2024-04-01T23:17:44.523+0000] {processor.py:840} INFO - DAG(s) 'example_task_group_decorator' retrieved from /home/airflow/.local/lib/python3.8/site-packages/airflow/example_dags/example_task_group_decorator.py
[2024-04-01T23:17:44.554+0000] {logging_mixin.py:188} INFO - [2024-04-01T23:17:44.553+0000] {dag.py:3047} INFO - Sync 1 DAGs
[2024-04-01T23:17:44.582+0000] {logging_mixin.py:188} INFO - [2024-04-01T23:17:44.581+0000] {dag.py:3834} INFO - Setting next_dagrun for example_task_group_decorator to 2024-03-31 00:00:00+00:00, run_after=2024-04-01 00:00:00+00:00
[2024-04-01T23:17:44.609+0000] {processor.py:183} INFO - Processing /home/airflow/.local/lib/python3.8/site-packages/airflow/example_dags/example_task_group_decorator.py took 0.105 seconds
[2024-04-01T23:18:15.063+0000] {processor.py:161} INFO - Started process (PID=10691) to work on /home/airflow/.local/lib/python3.8/site-packages/airflow/example_dags/example_task_group_decorator.py
[2024-04-01T23:18:15.064+0000] {processor.py:830} INFO - Processing file /home/airflow/.local/lib/python3.8/site-packages/airflow/example_dags/example_task_group_decorator.py for tasks to queue
[2024-04-01T23:18:15.065+0000] {logging_mixin.py:188} INFO - [2024-04-01T23:18:15.065+0000] {dagbag.py:540} INFO - Filling up the DagBag from /home/airflow/.local/lib/python3.8/site-packages/airflow/example_dags/example_task_group_decorator.py
[2024-04-01T23:18:15.079+0000] {processor.py:840} INFO - DAG(s) 'example_task_group_decorator' retrieved from /home/airflow/.local/lib/python3.8/site-packages/airflow/example_dags/example_task_group_decorator.py
[2024-04-01T23:18:15.107+0000] {logging_mixin.py:188} INFO - [2024-04-01T23:18:15.107+0000] {dag.py:3047} INFO - Sync 1 DAGs
[2024-04-01T23:18:15.134+0000] {logging_mixin.py:188} INFO - [2024-04-01T23:18:15.134+0000] {dag.py:3834} INFO - Setting next_dagrun for example_task_group_decorator to 2024-03-31 00:00:00+00:00, run_after=2024-04-01 00:00:00+00:00
[2024-04-01T23:18:15.169+0000] {processor.py:183} INFO - Processing /home/airflow/.local/lib/python3.8/site-packages/airflow/example_dags/example_task_group_decorator.py took 0.109 seconds
[2024-04-01T23:18:45.512+0000] {processor.py:161} INFO - Started process (PID=10938) to work on /home/airflow/.local/lib/python3.8/site-packages/airflow/example_dags/example_task_group_decorator.py
[2024-04-01T23:18:45.514+0000] {processor.py:830} INFO - Processing file /home/airflow/.local/lib/python3.8/site-packages/airflow/example_dags/example_task_group_decorator.py for tasks to queue
[2024-04-01T23:18:45.515+0000] {logging_mixin.py:188} INFO - [2024-04-01T23:18:45.515+0000] {dagbag.py:540} INFO - Filling up the DagBag from /home/airflow/.local/lib/python3.8/site-packages/airflow/example_dags/example_task_group_decorator.py
[2024-04-01T23:18:45.531+0000] {processor.py:840} INFO - DAG(s) 'example_task_group_decorator' retrieved from /home/airflow/.local/lib/python3.8/site-packages/airflow/example_dags/example_task_group_decorator.py
[2024-04-01T23:18:45.566+0000] {logging_mixin.py:188} INFO - [2024-04-01T23:18:45.565+0000] {dag.py:3047} INFO - Sync 1 DAGs
[2024-04-01T23:18:45.590+0000] {logging_mixin.py:188} INFO - [2024-04-01T23:18:45.590+0000] {dag.py:3834} INFO - Setting next_dagrun for example_task_group_decorator to 2024-03-31 00:00:00+00:00, run_after=2024-04-01 00:00:00+00:00
[2024-04-01T23:18:45.614+0000] {processor.py:183} INFO - Processing /home/airflow/.local/lib/python3.8/site-packages/airflow/example_dags/example_task_group_decorator.py took 0.106 seconds
[2024-04-01T23:19:15.963+0000] {processor.py:161} INFO - Started process (PID=11185) to work on /home/airflow/.local/lib/python3.8/site-packages/airflow/example_dags/example_task_group_decorator.py
[2024-04-01T23:19:15.964+0000] {processor.py:830} INFO - Processing file /home/airflow/.local/lib/python3.8/site-packages/airflow/example_dags/example_task_group_decorator.py for tasks to queue
[2024-04-01T23:19:15.966+0000] {logging_mixin.py:188} INFO - [2024-04-01T23:19:15.965+0000] {dagbag.py:540} INFO - Filling up the DagBag from /home/airflow/.local/lib/python3.8/site-packages/airflow/example_dags/example_task_group_decorator.py
[2024-04-01T23:19:15.989+0000] {processor.py:840} INFO - DAG(s) 'example_task_group_decorator' retrieved from /home/airflow/.local/lib/python3.8/site-packages/airflow/example_dags/example_task_group_decorator.py
[2024-04-01T23:19:16.018+0000] {logging_mixin.py:188} INFO - [2024-04-01T23:19:16.018+0000] {dag.py:3047} INFO - Sync 1 DAGs
[2024-04-01T23:19:16.044+0000] {logging_mixin.py:188} INFO - [2024-04-01T23:19:16.044+0000] {dag.py:3834} INFO - Setting next_dagrun for example_task_group_decorator to 2024-03-31 00:00:00+00:00, run_after=2024-04-01 00:00:00+00:00
[2024-04-01T23:19:16.068+0000] {processor.py:183} INFO - Processing /home/airflow/.local/lib/python3.8/site-packages/airflow/example_dags/example_task_group_decorator.py took 0.109 seconds
[2024-04-01T23:19:46.820+0000] {processor.py:161} INFO - Started process (PID=11432) to work on /home/airflow/.local/lib/python3.8/site-packages/airflow/example_dags/example_task_group_decorator.py
[2024-04-01T23:19:46.821+0000] {processor.py:830} INFO - Processing file /home/airflow/.local/lib/python3.8/site-packages/airflow/example_dags/example_task_group_decorator.py for tasks to queue
[2024-04-01T23:19:46.823+0000] {logging_mixin.py:188} INFO - [2024-04-01T23:19:46.822+0000] {dagbag.py:540} INFO - Filling up the DagBag from /home/airflow/.local/lib/python3.8/site-packages/airflow/example_dags/example_task_group_decorator.py
[2024-04-01T23:19:46.842+0000] {processor.py:840} INFO - DAG(s) 'example_task_group_decorator' retrieved from /home/airflow/.local/lib/python3.8/site-packages/airflow/example_dags/example_task_group_decorator.py
[2024-04-01T23:19:46.873+0000] {logging_mixin.py:188} INFO - [2024-04-01T23:19:46.873+0000] {dag.py:3047} INFO - Sync 1 DAGs
[2024-04-01T23:19:46.902+0000] {logging_mixin.py:188} INFO - [2024-04-01T23:19:46.902+0000] {dag.py:3834} INFO - Setting next_dagrun for example_task_group_decorator to 2024-03-31 00:00:00+00:00, run_after=2024-04-01 00:00:00+00:00
[2024-04-01T23:19:46.937+0000] {processor.py:183} INFO - Processing /home/airflow/.local/lib/python3.8/site-packages/airflow/example_dags/example_task_group_decorator.py took 0.121 seconds
[2024-04-01T23:20:17.773+0000] {processor.py:161} INFO - Started process (PID=11679) to work on /home/airflow/.local/lib/python3.8/site-packages/airflow/example_dags/example_task_group_decorator.py
[2024-04-01T23:20:17.775+0000] {processor.py:830} INFO - Processing file /home/airflow/.local/lib/python3.8/site-packages/airflow/example_dags/example_task_group_decorator.py for tasks to queue
[2024-04-01T23:20:17.776+0000] {logging_mixin.py:188} INFO - [2024-04-01T23:20:17.776+0000] {dagbag.py:540} INFO - Filling up the DagBag from /home/airflow/.local/lib/python3.8/site-packages/airflow/example_dags/example_task_group_decorator.py
[2024-04-01T23:20:17.791+0000] {processor.py:840} INFO - DAG(s) 'example_task_group_decorator' retrieved from /home/airflow/.local/lib/python3.8/site-packages/airflow/example_dags/example_task_group_decorator.py
[2024-04-01T23:20:17.818+0000] {logging_mixin.py:188} INFO - [2024-04-01T23:20:17.818+0000] {dag.py:3047} INFO - Sync 1 DAGs
[2024-04-01T23:20:17.841+0000] {logging_mixin.py:188} INFO - [2024-04-01T23:20:17.841+0000] {dag.py:3834} INFO - Setting next_dagrun for example_task_group_decorator to 2024-03-31 00:00:00+00:00, run_after=2024-04-01 00:00:00+00:00
[2024-04-01T23:20:17.862+0000] {processor.py:183} INFO - Processing /home/airflow/.local/lib/python3.8/site-packages/airflow/example_dags/example_task_group_decorator.py took 0.091 seconds
[2024-04-01T23:20:48.181+0000] {processor.py:161} INFO - Started process (PID=11926) to work on /home/airflow/.local/lib/python3.8/site-packages/airflow/example_dags/example_task_group_decorator.py
[2024-04-01T23:20:48.182+0000] {processor.py:830} INFO - Processing file /home/airflow/.local/lib/python3.8/site-packages/airflow/example_dags/example_task_group_decorator.py for tasks to queue
[2024-04-01T23:20:48.183+0000] {logging_mixin.py:188} INFO - [2024-04-01T23:20:48.183+0000] {dagbag.py:540} INFO - Filling up the DagBag from /home/airflow/.local/lib/python3.8/site-packages/airflow/example_dags/example_task_group_decorator.py
[2024-04-01T23:20:48.201+0000] {processor.py:840} INFO - DAG(s) 'example_task_group_decorator' retrieved from /home/airflow/.local/lib/python3.8/site-packages/airflow/example_dags/example_task_group_decorator.py
[2024-04-01T23:20:48.230+0000] {logging_mixin.py:188} INFO - [2024-04-01T23:20:48.230+0000] {dag.py:3047} INFO - Sync 1 DAGs
[2024-04-01T23:20:48.257+0000] {logging_mixin.py:188} INFO - [2024-04-01T23:20:48.256+0000] {dag.py:3834} INFO - Setting next_dagrun for example_task_group_decorator to 2024-03-31 00:00:00+00:00, run_after=2024-04-01 00:00:00+00:00
[2024-04-01T23:20:48.292+0000] {processor.py:183} INFO - Processing /home/airflow/.local/lib/python3.8/site-packages/airflow/example_dags/example_task_group_decorator.py took 0.116 seconds
