[2024-04-01T22:56:52.144+0000] {processor.py:161} INFO - Started process (PID=302) to work on /home/airflow/.local/lib/python3.8/site-packages/airflow/example_dags/example_xcom.py
[2024-04-01T22:56:52.146+0000] {processor.py:830} INFO - Processing file /home/airflow/.local/lib/python3.8/site-packages/airflow/example_dags/example_xcom.py for tasks to queue
[2024-04-01T22:56:52.148+0000] {logging_mixin.py:188} INFO - [2024-04-01T22:56:52.147+0000] {dagbag.py:540} INFO - Filling up the DagBag from /home/airflow/.local/lib/python3.8/site-packages/airflow/example_dags/example_xcom.py
[2024-04-01T22:56:52.161+0000] {processor.py:840} INFO - DAG(s) 'example_xcom' retrieved from /home/airflow/.local/lib/python3.8/site-packages/airflow/example_dags/example_xcom.py
[2024-04-01T22:56:52.177+0000] {logging_mixin.py:188} INFO - [2024-04-01T22:56:52.177+0000] {dag.py:3047} INFO - Sync 1 DAGs
[2024-04-01T22:56:52.207+0000] {logging_mixin.py:188} INFO - [2024-04-01T22:56:52.206+0000] {dag.py:3834} INFO - Setting next_dagrun for example_xcom to 2021-01-01 00:00:00+00:00, run_after=2021-01-01 00:00:00+00:00
[2024-04-01T22:56:52.232+0000] {processor.py:183} INFO - Processing /home/airflow/.local/lib/python3.8/site-packages/airflow/example_dags/example_xcom.py took 0.092 seconds
[2024-04-01T22:57:24.427+0000] {processor.py:161} INFO - Started process (PID=549) to work on /home/airflow/.local/lib/python3.8/site-packages/airflow/example_dags/example_xcom.py
[2024-04-01T22:57:24.428+0000] {processor.py:830} INFO - Processing file /home/airflow/.local/lib/python3.8/site-packages/airflow/example_dags/example_xcom.py for tasks to queue
[2024-04-01T22:57:24.429+0000] {logging_mixin.py:188} INFO - [2024-04-01T22:57:24.429+0000] {dagbag.py:540} INFO - Filling up the DagBag from /home/airflow/.local/lib/python3.8/site-packages/airflow/example_dags/example_xcom.py
[2024-04-01T22:57:24.436+0000] {processor.py:840} INFO - DAG(s) 'example_xcom' retrieved from /home/airflow/.local/lib/python3.8/site-packages/airflow/example_dags/example_xcom.py
[2024-04-01T22:57:24.553+0000] {logging_mixin.py:188} INFO - [2024-04-01T22:57:24.553+0000] {dag.py:3047} INFO - Sync 1 DAGs
[2024-04-01T22:57:24.577+0000] {logging_mixin.py:188} INFO - [2024-04-01T22:57:24.576+0000] {dag.py:3834} INFO - Setting next_dagrun for example_xcom to 2021-01-01 00:00:00+00:00, run_after=2021-01-01 00:00:00+00:00
[2024-04-01T22:57:24.599+0000] {processor.py:183} INFO - Processing /home/airflow/.local/lib/python3.8/site-packages/airflow/example_dags/example_xcom.py took 0.176 seconds
[2024-04-01T22:57:55.247+0000] {processor.py:161} INFO - Started process (PID=796) to work on /home/airflow/.local/lib/python3.8/site-packages/airflow/example_dags/example_xcom.py
[2024-04-01T22:57:55.248+0000] {processor.py:830} INFO - Processing file /home/airflow/.local/lib/python3.8/site-packages/airflow/example_dags/example_xcom.py for tasks to queue
[2024-04-01T22:57:55.249+0000] {logging_mixin.py:188} INFO - [2024-04-01T22:57:55.249+0000] {dagbag.py:540} INFO - Filling up the DagBag from /home/airflow/.local/lib/python3.8/site-packages/airflow/example_dags/example_xcom.py
[2024-04-01T22:57:55.256+0000] {processor.py:840} INFO - DAG(s) 'example_xcom' retrieved from /home/airflow/.local/lib/python3.8/site-packages/airflow/example_dags/example_xcom.py
[2024-04-01T22:57:55.280+0000] {logging_mixin.py:188} INFO - [2024-04-01T22:57:55.280+0000] {dag.py:3047} INFO - Sync 1 DAGs
[2024-04-01T22:57:55.303+0000] {logging_mixin.py:188} INFO - [2024-04-01T22:57:55.303+0000] {dag.py:3834} INFO - Setting next_dagrun for example_xcom to 2021-01-01 00:00:00+00:00, run_after=2021-01-01 00:00:00+00:00
[2024-04-01T22:57:55.331+0000] {processor.py:183} INFO - Processing /home/airflow/.local/lib/python3.8/site-packages/airflow/example_dags/example_xcom.py took 0.087 seconds
[2024-04-01T22:58:25.699+0000] {processor.py:161} INFO - Started process (PID=1043) to work on /home/airflow/.local/lib/python3.8/site-packages/airflow/example_dags/example_xcom.py
[2024-04-01T22:58:25.700+0000] {processor.py:830} INFO - Processing file /home/airflow/.local/lib/python3.8/site-packages/airflow/example_dags/example_xcom.py for tasks to queue
[2024-04-01T22:58:25.701+0000] {logging_mixin.py:188} INFO - [2024-04-01T22:58:25.701+0000] {dagbag.py:540} INFO - Filling up the DagBag from /home/airflow/.local/lib/python3.8/site-packages/airflow/example_dags/example_xcom.py
[2024-04-01T22:58:25.708+0000] {processor.py:840} INFO - DAG(s) 'example_xcom' retrieved from /home/airflow/.local/lib/python3.8/site-packages/airflow/example_dags/example_xcom.py
[2024-04-01T22:58:25.730+0000] {logging_mixin.py:188} INFO - [2024-04-01T22:58:25.730+0000] {dag.py:3047} INFO - Sync 1 DAGs
[2024-04-01T22:58:25.754+0000] {logging_mixin.py:188} INFO - [2024-04-01T22:58:25.754+0000] {dag.py:3834} INFO - Setting next_dagrun for example_xcom to 2021-01-01 00:00:00+00:00, run_after=2021-01-01 00:00:00+00:00
[2024-04-01T22:58:25.785+0000] {processor.py:183} INFO - Processing /home/airflow/.local/lib/python3.8/site-packages/airflow/example_dags/example_xcom.py took 0.089 seconds
[2024-04-01T22:58:56.140+0000] {processor.py:161} INFO - Started process (PID=1290) to work on /home/airflow/.local/lib/python3.8/site-packages/airflow/example_dags/example_xcom.py
[2024-04-01T22:58:56.142+0000] {processor.py:830} INFO - Processing file /home/airflow/.local/lib/python3.8/site-packages/airflow/example_dags/example_xcom.py for tasks to queue
[2024-04-01T22:58:56.143+0000] {logging_mixin.py:188} INFO - [2024-04-01T22:58:56.142+0000] {dagbag.py:540} INFO - Filling up the DagBag from /home/airflow/.local/lib/python3.8/site-packages/airflow/example_dags/example_xcom.py
[2024-04-01T22:58:56.152+0000] {processor.py:840} INFO - DAG(s) 'example_xcom' retrieved from /home/airflow/.local/lib/python3.8/site-packages/airflow/example_dags/example_xcom.py
[2024-04-01T22:58:56.178+0000] {logging_mixin.py:188} INFO - [2024-04-01T22:58:56.177+0000] {dag.py:3047} INFO - Sync 1 DAGs
[2024-04-01T22:58:56.202+0000] {logging_mixin.py:188} INFO - [2024-04-01T22:58:56.202+0000] {dag.py:3834} INFO - Setting next_dagrun for example_xcom to 2021-01-01 00:00:00+00:00, run_after=2021-01-01 00:00:00+00:00
[2024-04-01T22:58:56.223+0000] {processor.py:183} INFO - Processing /home/airflow/.local/lib/python3.8/site-packages/airflow/example_dags/example_xcom.py took 0.086 seconds
[2024-04-01T22:59:26.941+0000] {processor.py:161} INFO - Started process (PID=1532) to work on /home/airflow/.local/lib/python3.8/site-packages/airflow/example_dags/example_xcom.py
[2024-04-01T22:59:26.942+0000] {processor.py:830} INFO - Processing file /home/airflow/.local/lib/python3.8/site-packages/airflow/example_dags/example_xcom.py for tasks to queue
[2024-04-01T22:59:26.943+0000] {logging_mixin.py:188} INFO - [2024-04-01T22:59:26.943+0000] {dagbag.py:540} INFO - Filling up the DagBag from /home/airflow/.local/lib/python3.8/site-packages/airflow/example_dags/example_xcom.py
[2024-04-01T22:59:26.954+0000] {processor.py:840} INFO - DAG(s) 'example_xcom' retrieved from /home/airflow/.local/lib/python3.8/site-packages/airflow/example_dags/example_xcom.py
[2024-04-01T22:59:26.984+0000] {logging_mixin.py:188} INFO - [2024-04-01T22:59:26.984+0000] {dag.py:3047} INFO - Sync 1 DAGs
[2024-04-01T22:59:27.023+0000] {logging_mixin.py:188} INFO - [2024-04-01T22:59:27.022+0000] {dag.py:3834} INFO - Setting next_dagrun for example_xcom to 2021-01-01 00:00:00+00:00, run_after=2021-01-01 00:00:00+00:00
[2024-04-01T22:59:27.076+0000] {processor.py:183} INFO - Processing /home/airflow/.local/lib/python3.8/site-packages/airflow/example_dags/example_xcom.py took 0.140 seconds
[2024-04-01T22:59:57.186+0000] {processor.py:161} INFO - Started process (PID=1803) to work on /home/airflow/.local/lib/python3.8/site-packages/airflow/example_dags/example_xcom.py
[2024-04-01T22:59:57.189+0000] {processor.py:830} INFO - Processing file /home/airflow/.local/lib/python3.8/site-packages/airflow/example_dags/example_xcom.py for tasks to queue
[2024-04-01T22:59:57.192+0000] {logging_mixin.py:188} INFO - [2024-04-01T22:59:57.191+0000] {dagbag.py:540} INFO - Filling up the DagBag from /home/airflow/.local/lib/python3.8/site-packages/airflow/example_dags/example_xcom.py
[2024-04-01T22:59:57.210+0000] {processor.py:840} INFO - DAG(s) 'example_xcom' retrieved from /home/airflow/.local/lib/python3.8/site-packages/airflow/example_dags/example_xcom.py
[2024-04-01T22:59:57.269+0000] {logging_mixin.py:188} INFO - [2024-04-01T22:59:57.267+0000] {dag.py:3047} INFO - Sync 1 DAGs
[2024-04-01T22:59:57.329+0000] {logging_mixin.py:188} INFO - [2024-04-01T22:59:57.327+0000] {dag.py:3834} INFO - Setting next_dagrun for example_xcom to 2021-01-01 00:00:00+00:00, run_after=2021-01-01 00:00:00+00:00
[2024-04-01T22:59:57.375+0000] {processor.py:183} INFO - Processing /home/airflow/.local/lib/python3.8/site-packages/airflow/example_dags/example_xcom.py took 0.195 seconds
[2024-04-01T23:00:27.489+0000] {processor.py:161} INFO - Started process (PID=2051) to work on /home/airflow/.local/lib/python3.8/site-packages/airflow/example_dags/example_xcom.py
[2024-04-01T23:00:27.490+0000] {processor.py:830} INFO - Processing file /home/airflow/.local/lib/python3.8/site-packages/airflow/example_dags/example_xcom.py for tasks to queue
[2024-04-01T23:00:27.492+0000] {logging_mixin.py:188} INFO - [2024-04-01T23:00:27.491+0000] {dagbag.py:540} INFO - Filling up the DagBag from /home/airflow/.local/lib/python3.8/site-packages/airflow/example_dags/example_xcom.py
[2024-04-01T23:00:27.499+0000] {processor.py:840} INFO - DAG(s) 'example_xcom' retrieved from /home/airflow/.local/lib/python3.8/site-packages/airflow/example_dags/example_xcom.py
[2024-04-01T23:00:27.523+0000] {logging_mixin.py:188} INFO - [2024-04-01T23:00:27.522+0000] {dag.py:3047} INFO - Sync 1 DAGs
[2024-04-01T23:00:27.548+0000] {logging_mixin.py:188} INFO - [2024-04-01T23:00:27.547+0000] {dag.py:3834} INFO - Setting next_dagrun for example_xcom to 2021-01-01 00:00:00+00:00, run_after=2021-01-01 00:00:00+00:00
[2024-04-01T23:00:27.585+0000] {processor.py:183} INFO - Processing /home/airflow/.local/lib/python3.8/site-packages/airflow/example_dags/example_xcom.py took 0.099 seconds
[2024-04-01T23:00:57.698+0000] {processor.py:161} INFO - Started process (PID=2298) to work on /home/airflow/.local/lib/python3.8/site-packages/airflow/example_dags/example_xcom.py
[2024-04-01T23:00:57.700+0000] {processor.py:830} INFO - Processing file /home/airflow/.local/lib/python3.8/site-packages/airflow/example_dags/example_xcom.py for tasks to queue
[2024-04-01T23:00:57.701+0000] {logging_mixin.py:188} INFO - [2024-04-01T23:00:57.700+0000] {dagbag.py:540} INFO - Filling up the DagBag from /home/airflow/.local/lib/python3.8/site-packages/airflow/example_dags/example_xcom.py
[2024-04-01T23:00:57.707+0000] {processor.py:840} INFO - DAG(s) 'example_xcom' retrieved from /home/airflow/.local/lib/python3.8/site-packages/airflow/example_dags/example_xcom.py
[2024-04-01T23:00:57.730+0000] {logging_mixin.py:188} INFO - [2024-04-01T23:00:57.729+0000] {dag.py:3047} INFO - Sync 1 DAGs
[2024-04-01T23:00:57.754+0000] {logging_mixin.py:188} INFO - [2024-04-01T23:00:57.753+0000] {dag.py:3834} INFO - Setting next_dagrun for example_xcom to 2021-01-01 00:00:00+00:00, run_after=2021-01-01 00:00:00+00:00
[2024-04-01T23:00:57.778+0000] {processor.py:183} INFO - Processing /home/airflow/.local/lib/python3.8/site-packages/airflow/example_dags/example_xcom.py took 0.082 seconds
[2024-04-01T23:01:28.071+0000] {processor.py:161} INFO - Started process (PID=2545) to work on /home/airflow/.local/lib/python3.8/site-packages/airflow/example_dags/example_xcom.py
[2024-04-01T23:01:28.073+0000] {processor.py:830} INFO - Processing file /home/airflow/.local/lib/python3.8/site-packages/airflow/example_dags/example_xcom.py for tasks to queue
[2024-04-01T23:01:28.074+0000] {logging_mixin.py:188} INFO - [2024-04-01T23:01:28.074+0000] {dagbag.py:540} INFO - Filling up the DagBag from /home/airflow/.local/lib/python3.8/site-packages/airflow/example_dags/example_xcom.py
[2024-04-01T23:01:28.082+0000] {processor.py:840} INFO - DAG(s) 'example_xcom' retrieved from /home/airflow/.local/lib/python3.8/site-packages/airflow/example_dags/example_xcom.py
[2024-04-01T23:01:28.105+0000] {logging_mixin.py:188} INFO - [2024-04-01T23:01:28.105+0000] {dag.py:3047} INFO - Sync 1 DAGs
[2024-04-01T23:01:28.129+0000] {logging_mixin.py:188} INFO - [2024-04-01T23:01:28.129+0000] {dag.py:3834} INFO - Setting next_dagrun for example_xcom to 2021-01-01 00:00:00+00:00, run_after=2021-01-01 00:00:00+00:00
[2024-04-01T23:01:28.159+0000] {processor.py:183} INFO - Processing /home/airflow/.local/lib/python3.8/site-packages/airflow/example_dags/example_xcom.py took 0.092 seconds
[2024-04-01T23:01:58.694+0000] {processor.py:161} INFO - Started process (PID=2792) to work on /home/airflow/.local/lib/python3.8/site-packages/airflow/example_dags/example_xcom.py
[2024-04-01T23:01:58.695+0000] {processor.py:830} INFO - Processing file /home/airflow/.local/lib/python3.8/site-packages/airflow/example_dags/example_xcom.py for tasks to queue
[2024-04-01T23:01:58.697+0000] {logging_mixin.py:188} INFO - [2024-04-01T23:01:58.696+0000] {dagbag.py:540} INFO - Filling up the DagBag from /home/airflow/.local/lib/python3.8/site-packages/airflow/example_dags/example_xcom.py
[2024-04-01T23:01:58.705+0000] {processor.py:840} INFO - DAG(s) 'example_xcom' retrieved from /home/airflow/.local/lib/python3.8/site-packages/airflow/example_dags/example_xcom.py
[2024-04-01T23:01:58.731+0000] {logging_mixin.py:188} INFO - [2024-04-01T23:01:58.731+0000] {dag.py:3047} INFO - Sync 1 DAGs
[2024-04-01T23:01:58.756+0000] {logging_mixin.py:188} INFO - [2024-04-01T23:01:58.756+0000] {dag.py:3834} INFO - Setting next_dagrun for example_xcom to 2021-01-01 00:00:00+00:00, run_after=2021-01-01 00:00:00+00:00
[2024-04-01T23:01:58.780+0000] {processor.py:183} INFO - Processing /home/airflow/.local/lib/python3.8/site-packages/airflow/example_dags/example_xcom.py took 0.091 seconds
[2024-04-01T23:02:29.125+0000] {processor.py:161} INFO - Started process (PID=3039) to work on /home/airflow/.local/lib/python3.8/site-packages/airflow/example_dags/example_xcom.py
[2024-04-01T23:02:29.127+0000] {processor.py:830} INFO - Processing file /home/airflow/.local/lib/python3.8/site-packages/airflow/example_dags/example_xcom.py for tasks to queue
[2024-04-01T23:02:29.128+0000] {logging_mixin.py:188} INFO - [2024-04-01T23:02:29.127+0000] {dagbag.py:540} INFO - Filling up the DagBag from /home/airflow/.local/lib/python3.8/site-packages/airflow/example_dags/example_xcom.py
[2024-04-01T23:02:29.136+0000] {processor.py:840} INFO - DAG(s) 'example_xcom' retrieved from /home/airflow/.local/lib/python3.8/site-packages/airflow/example_dags/example_xcom.py
[2024-04-01T23:02:29.159+0000] {logging_mixin.py:188} INFO - [2024-04-01T23:02:29.159+0000] {dag.py:3047} INFO - Sync 1 DAGs
[2024-04-01T23:02:29.184+0000] {logging_mixin.py:188} INFO - [2024-04-01T23:02:29.183+0000] {dag.py:3834} INFO - Setting next_dagrun for example_xcom to 2021-01-01 00:00:00+00:00, run_after=2021-01-01 00:00:00+00:00
[2024-04-01T23:02:29.208+0000] {processor.py:183} INFO - Processing /home/airflow/.local/lib/python3.8/site-packages/airflow/example_dags/example_xcom.py took 0.086 seconds
[2024-04-01T23:02:59.684+0000] {processor.py:161} INFO - Started process (PID=3286) to work on /home/airflow/.local/lib/python3.8/site-packages/airflow/example_dags/example_xcom.py
[2024-04-01T23:02:59.686+0000] {processor.py:830} INFO - Processing file /home/airflow/.local/lib/python3.8/site-packages/airflow/example_dags/example_xcom.py for tasks to queue
[2024-04-01T23:02:59.687+0000] {logging_mixin.py:188} INFO - [2024-04-01T23:02:59.686+0000] {dagbag.py:540} INFO - Filling up the DagBag from /home/airflow/.local/lib/python3.8/site-packages/airflow/example_dags/example_xcom.py
[2024-04-01T23:02:59.695+0000] {processor.py:840} INFO - DAG(s) 'example_xcom' retrieved from /home/airflow/.local/lib/python3.8/site-packages/airflow/example_dags/example_xcom.py
[2024-04-01T23:02:59.719+0000] {logging_mixin.py:188} INFO - [2024-04-01T23:02:59.719+0000] {dag.py:3047} INFO - Sync 1 DAGs
[2024-04-01T23:02:59.744+0000] {logging_mixin.py:188} INFO - [2024-04-01T23:02:59.744+0000] {dag.py:3834} INFO - Setting next_dagrun for example_xcom to 2021-01-01 00:00:00+00:00, run_after=2021-01-01 00:00:00+00:00
[2024-04-01T23:02:59.779+0000] {processor.py:183} INFO - Processing /home/airflow/.local/lib/python3.8/site-packages/airflow/example_dags/example_xcom.py took 0.098 seconds
[2024-04-01T23:03:30.073+0000] {processor.py:161} INFO - Started process (PID=3533) to work on /home/airflow/.local/lib/python3.8/site-packages/airflow/example_dags/example_xcom.py
[2024-04-01T23:03:30.074+0000] {processor.py:830} INFO - Processing file /home/airflow/.local/lib/python3.8/site-packages/airflow/example_dags/example_xcom.py for tasks to queue
[2024-04-01T23:03:30.076+0000] {logging_mixin.py:188} INFO - [2024-04-01T23:03:30.075+0000] {dagbag.py:540} INFO - Filling up the DagBag from /home/airflow/.local/lib/python3.8/site-packages/airflow/example_dags/example_xcom.py
[2024-04-01T23:03:30.083+0000] {processor.py:840} INFO - DAG(s) 'example_xcom' retrieved from /home/airflow/.local/lib/python3.8/site-packages/airflow/example_dags/example_xcom.py
[2024-04-01T23:03:30.106+0000] {logging_mixin.py:188} INFO - [2024-04-01T23:03:30.106+0000] {dag.py:3047} INFO - Sync 1 DAGs
[2024-04-01T23:03:30.128+0000] {logging_mixin.py:188} INFO - [2024-04-01T23:03:30.128+0000] {dag.py:3834} INFO - Setting next_dagrun for example_xcom to 2021-01-01 00:00:00+00:00, run_after=2021-01-01 00:00:00+00:00
[2024-04-01T23:03:30.151+0000] {processor.py:183} INFO - Processing /home/airflow/.local/lib/python3.8/site-packages/airflow/example_dags/example_xcom.py took 0.081 seconds
[2024-04-01T23:04:00.753+0000] {processor.py:161} INFO - Started process (PID=3780) to work on /home/airflow/.local/lib/python3.8/site-packages/airflow/example_dags/example_xcom.py
[2024-04-01T23:04:00.754+0000] {processor.py:830} INFO - Processing file /home/airflow/.local/lib/python3.8/site-packages/airflow/example_dags/example_xcom.py for tasks to queue
[2024-04-01T23:04:00.755+0000] {logging_mixin.py:188} INFO - [2024-04-01T23:04:00.755+0000] {dagbag.py:540} INFO - Filling up the DagBag from /home/airflow/.local/lib/python3.8/site-packages/airflow/example_dags/example_xcom.py
[2024-04-01T23:04:00.765+0000] {processor.py:840} INFO - DAG(s) 'example_xcom' retrieved from /home/airflow/.local/lib/python3.8/site-packages/airflow/example_dags/example_xcom.py
[2024-04-01T23:04:00.787+0000] {logging_mixin.py:188} INFO - [2024-04-01T23:04:00.787+0000] {dag.py:3047} INFO - Sync 1 DAGs
[2024-04-01T23:04:00.811+0000] {logging_mixin.py:188} INFO - [2024-04-01T23:04:00.811+0000] {dag.py:3834} INFO - Setting next_dagrun for example_xcom to 2021-01-01 00:00:00+00:00, run_after=2021-01-01 00:00:00+00:00
[2024-04-01T23:04:00.847+0000] {processor.py:183} INFO - Processing /home/airflow/.local/lib/python3.8/site-packages/airflow/example_dags/example_xcom.py took 0.096 seconds
[2024-04-01T23:04:31.165+0000] {processor.py:161} INFO - Started process (PID=4027) to work on /home/airflow/.local/lib/python3.8/site-packages/airflow/example_dags/example_xcom.py
[2024-04-01T23:04:31.166+0000] {processor.py:830} INFO - Processing file /home/airflow/.local/lib/python3.8/site-packages/airflow/example_dags/example_xcom.py for tasks to queue
[2024-04-01T23:04:31.167+0000] {logging_mixin.py:188} INFO - [2024-04-01T23:04:31.167+0000] {dagbag.py:540} INFO - Filling up the DagBag from /home/airflow/.local/lib/python3.8/site-packages/airflow/example_dags/example_xcom.py
[2024-04-01T23:04:31.175+0000] {processor.py:840} INFO - DAG(s) 'example_xcom' retrieved from /home/airflow/.local/lib/python3.8/site-packages/airflow/example_dags/example_xcom.py
[2024-04-01T23:04:31.195+0000] {logging_mixin.py:188} INFO - [2024-04-01T23:04:31.195+0000] {dag.py:3047} INFO - Sync 1 DAGs
[2024-04-01T23:04:31.219+0000] {logging_mixin.py:188} INFO - [2024-04-01T23:04:31.219+0000] {dag.py:3834} INFO - Setting next_dagrun for example_xcom to 2021-01-01 00:00:00+00:00, run_after=2021-01-01 00:00:00+00:00
[2024-04-01T23:04:31.256+0000] {processor.py:183} INFO - Processing /home/airflow/.local/lib/python3.8/site-packages/airflow/example_dags/example_xcom.py took 0.094 seconds
[2024-04-01T23:05:01.574+0000] {processor.py:161} INFO - Started process (PID=4274) to work on /home/airflow/.local/lib/python3.8/site-packages/airflow/example_dags/example_xcom.py
[2024-04-01T23:05:01.576+0000] {processor.py:830} INFO - Processing file /home/airflow/.local/lib/python3.8/site-packages/airflow/example_dags/example_xcom.py for tasks to queue
[2024-04-01T23:05:01.578+0000] {logging_mixin.py:188} INFO - [2024-04-01T23:05:01.577+0000] {dagbag.py:540} INFO - Filling up the DagBag from /home/airflow/.local/lib/python3.8/site-packages/airflow/example_dags/example_xcom.py
[2024-04-01T23:05:01.592+0000] {processor.py:840} INFO - DAG(s) 'example_xcom' retrieved from /home/airflow/.local/lib/python3.8/site-packages/airflow/example_dags/example_xcom.py
[2024-04-01T23:05:01.633+0000] {logging_mixin.py:188} INFO - [2024-04-01T23:05:01.633+0000] {dag.py:3047} INFO - Sync 1 DAGs
[2024-04-01T23:05:01.689+0000] {logging_mixin.py:188} INFO - [2024-04-01T23:05:01.688+0000] {dag.py:3834} INFO - Setting next_dagrun for example_xcom to 2021-01-01 00:00:00+00:00, run_after=2021-01-01 00:00:00+00:00
[2024-04-01T23:05:01.728+0000] {processor.py:183} INFO - Processing /home/airflow/.local/lib/python3.8/site-packages/airflow/example_dags/example_xcom.py took 0.161 seconds
[2024-04-01T23:05:32.193+0000] {processor.py:161} INFO - Started process (PID=4522) to work on /home/airflow/.local/lib/python3.8/site-packages/airflow/example_dags/example_xcom.py
[2024-04-01T23:05:32.194+0000] {processor.py:830} INFO - Processing file /home/airflow/.local/lib/python3.8/site-packages/airflow/example_dags/example_xcom.py for tasks to queue
[2024-04-01T23:05:32.196+0000] {logging_mixin.py:188} INFO - [2024-04-01T23:05:32.195+0000] {dagbag.py:540} INFO - Filling up the DagBag from /home/airflow/.local/lib/python3.8/site-packages/airflow/example_dags/example_xcom.py
[2024-04-01T23:05:32.204+0000] {processor.py:840} INFO - DAG(s) 'example_xcom' retrieved from /home/airflow/.local/lib/python3.8/site-packages/airflow/example_dags/example_xcom.py
[2024-04-01T23:05:32.228+0000] {logging_mixin.py:188} INFO - [2024-04-01T23:05:32.228+0000] {dag.py:3047} INFO - Sync 1 DAGs
[2024-04-01T23:05:32.254+0000] {logging_mixin.py:188} INFO - [2024-04-01T23:05:32.254+0000] {dag.py:3834} INFO - Setting next_dagrun for example_xcom to 2021-01-01 00:00:00+00:00, run_after=2021-01-01 00:00:00+00:00
[2024-04-01T23:05:32.278+0000] {processor.py:183} INFO - Processing /home/airflow/.local/lib/python3.8/site-packages/airflow/example_dags/example_xcom.py took 0.090 seconds
[2024-04-01T23:06:03.161+0000] {processor.py:161} INFO - Started process (PID=4769) to work on /home/airflow/.local/lib/python3.8/site-packages/airflow/example_dags/example_xcom.py
[2024-04-01T23:06:03.162+0000] {processor.py:830} INFO - Processing file /home/airflow/.local/lib/python3.8/site-packages/airflow/example_dags/example_xcom.py for tasks to queue
[2024-04-01T23:06:03.163+0000] {logging_mixin.py:188} INFO - [2024-04-01T23:06:03.163+0000] {dagbag.py:540} INFO - Filling up the DagBag from /home/airflow/.local/lib/python3.8/site-packages/airflow/example_dags/example_xcom.py
[2024-04-01T23:06:03.173+0000] {processor.py:840} INFO - DAG(s) 'example_xcom' retrieved from /home/airflow/.local/lib/python3.8/site-packages/airflow/example_dags/example_xcom.py
[2024-04-01T23:06:03.199+0000] {logging_mixin.py:188} INFO - [2024-04-01T23:06:03.199+0000] {dag.py:3047} INFO - Sync 1 DAGs
[2024-04-01T23:06:03.225+0000] {logging_mixin.py:188} INFO - [2024-04-01T23:06:03.225+0000] {dag.py:3834} INFO - Setting next_dagrun for example_xcom to 2021-01-01 00:00:00+00:00, run_after=2021-01-01 00:00:00+00:00
[2024-04-01T23:06:03.250+0000] {processor.py:183} INFO - Processing /home/airflow/.local/lib/python3.8/site-packages/airflow/example_dags/example_xcom.py took 0.093 seconds
[2024-04-01T23:06:33.396+0000] {processor.py:161} INFO - Started process (PID=5016) to work on /home/airflow/.local/lib/python3.8/site-packages/airflow/example_dags/example_xcom.py
[2024-04-01T23:06:33.397+0000] {processor.py:830} INFO - Processing file /home/airflow/.local/lib/python3.8/site-packages/airflow/example_dags/example_xcom.py for tasks to queue
[2024-04-01T23:06:33.398+0000] {logging_mixin.py:188} INFO - [2024-04-01T23:06:33.398+0000] {dagbag.py:540} INFO - Filling up the DagBag from /home/airflow/.local/lib/python3.8/site-packages/airflow/example_dags/example_xcom.py
[2024-04-01T23:06:33.406+0000] {processor.py:840} INFO - DAG(s) 'example_xcom' retrieved from /home/airflow/.local/lib/python3.8/site-packages/airflow/example_dags/example_xcom.py
[2024-04-01T23:06:33.430+0000] {logging_mixin.py:188} INFO - [2024-04-01T23:06:33.430+0000] {dag.py:3047} INFO - Sync 1 DAGs
[2024-04-01T23:06:33.466+0000] {logging_mixin.py:188} INFO - [2024-04-01T23:06:33.466+0000] {dag.py:3834} INFO - Setting next_dagrun for example_xcom to 2021-01-01 00:00:00+00:00, run_after=2021-01-01 00:00:00+00:00
[2024-04-01T23:06:33.500+0000] {processor.py:183} INFO - Processing /home/airflow/.local/lib/python3.8/site-packages/airflow/example_dags/example_xcom.py took 0.107 seconds
[2024-04-01T23:07:04.104+0000] {processor.py:161} INFO - Started process (PID=5263) to work on /home/airflow/.local/lib/python3.8/site-packages/airflow/example_dags/example_xcom.py
[2024-04-01T23:07:04.105+0000] {processor.py:830} INFO - Processing file /home/airflow/.local/lib/python3.8/site-packages/airflow/example_dags/example_xcom.py for tasks to queue
[2024-04-01T23:07:04.106+0000] {logging_mixin.py:188} INFO - [2024-04-01T23:07:04.106+0000] {dagbag.py:540} INFO - Filling up the DagBag from /home/airflow/.local/lib/python3.8/site-packages/airflow/example_dags/example_xcom.py
[2024-04-01T23:07:04.115+0000] {processor.py:840} INFO - DAG(s) 'example_xcom' retrieved from /home/airflow/.local/lib/python3.8/site-packages/airflow/example_dags/example_xcom.py
[2024-04-01T23:07:04.145+0000] {logging_mixin.py:188} INFO - [2024-04-01T23:07:04.144+0000] {dag.py:3047} INFO - Sync 1 DAGs
[2024-04-01T23:07:04.175+0000] {logging_mixin.py:188} INFO - [2024-04-01T23:07:04.174+0000] {dag.py:3834} INFO - Setting next_dagrun for example_xcom to 2021-01-01 00:00:00+00:00, run_after=2021-01-01 00:00:00+00:00
[2024-04-01T23:07:04.202+0000] {processor.py:183} INFO - Processing /home/airflow/.local/lib/python3.8/site-packages/airflow/example_dags/example_xcom.py took 0.102 seconds
[2024-04-01T23:07:34.393+0000] {processor.py:161} INFO - Started process (PID=5510) to work on /home/airflow/.local/lib/python3.8/site-packages/airflow/example_dags/example_xcom.py
[2024-04-01T23:07:34.395+0000] {processor.py:830} INFO - Processing file /home/airflow/.local/lib/python3.8/site-packages/airflow/example_dags/example_xcom.py for tasks to queue
[2024-04-01T23:07:34.396+0000] {logging_mixin.py:188} INFO - [2024-04-01T23:07:34.396+0000] {dagbag.py:540} INFO - Filling up the DagBag from /home/airflow/.local/lib/python3.8/site-packages/airflow/example_dags/example_xcom.py
[2024-04-01T23:07:34.408+0000] {processor.py:840} INFO - DAG(s) 'example_xcom' retrieved from /home/airflow/.local/lib/python3.8/site-packages/airflow/example_dags/example_xcom.py
[2024-04-01T23:07:34.438+0000] {logging_mixin.py:188} INFO - [2024-04-01T23:07:34.437+0000] {dag.py:3047} INFO - Sync 1 DAGs
[2024-04-01T23:07:34.470+0000] {logging_mixin.py:188} INFO - [2024-04-01T23:07:34.470+0000] {dag.py:3834} INFO - Setting next_dagrun for example_xcom to 2021-01-01 00:00:00+00:00, run_after=2021-01-01 00:00:00+00:00
[2024-04-01T23:07:34.496+0000] {processor.py:183} INFO - Processing /home/airflow/.local/lib/python3.8/site-packages/airflow/example_dags/example_xcom.py took 0.106 seconds
[2024-04-01T23:08:04.800+0000] {processor.py:161} INFO - Started process (PID=5757) to work on /home/airflow/.local/lib/python3.8/site-packages/airflow/example_dags/example_xcom.py
[2024-04-01T23:08:04.802+0000] {processor.py:830} INFO - Processing file /home/airflow/.local/lib/python3.8/site-packages/airflow/example_dags/example_xcom.py for tasks to queue
[2024-04-01T23:08:04.803+0000] {logging_mixin.py:188} INFO - [2024-04-01T23:08:04.803+0000] {dagbag.py:540} INFO - Filling up the DagBag from /home/airflow/.local/lib/python3.8/site-packages/airflow/example_dags/example_xcom.py
[2024-04-01T23:08:04.811+0000] {processor.py:840} INFO - DAG(s) 'example_xcom' retrieved from /home/airflow/.local/lib/python3.8/site-packages/airflow/example_dags/example_xcom.py
[2024-04-01T23:08:04.833+0000] {logging_mixin.py:188} INFO - [2024-04-01T23:08:04.833+0000] {dag.py:3047} INFO - Sync 1 DAGs
[2024-04-01T23:08:04.857+0000] {logging_mixin.py:188} INFO - [2024-04-01T23:08:04.856+0000] {dag.py:3834} INFO - Setting next_dagrun for example_xcom to 2021-01-01 00:00:00+00:00, run_after=2021-01-01 00:00:00+00:00
[2024-04-01T23:08:04.878+0000] {processor.py:183} INFO - Processing /home/airflow/.local/lib/python3.8/site-packages/airflow/example_dags/example_xcom.py took 0.081 seconds
[2024-04-01T23:08:35.422+0000] {processor.py:161} INFO - Started process (PID=6004) to work on /home/airflow/.local/lib/python3.8/site-packages/airflow/example_dags/example_xcom.py
[2024-04-01T23:08:35.423+0000] {processor.py:830} INFO - Processing file /home/airflow/.local/lib/python3.8/site-packages/airflow/example_dags/example_xcom.py for tasks to queue
[2024-04-01T23:08:35.424+0000] {logging_mixin.py:188} INFO - [2024-04-01T23:08:35.424+0000] {dagbag.py:540} INFO - Filling up the DagBag from /home/airflow/.local/lib/python3.8/site-packages/airflow/example_dags/example_xcom.py
[2024-04-01T23:08:35.431+0000] {processor.py:840} INFO - DAG(s) 'example_xcom' retrieved from /home/airflow/.local/lib/python3.8/site-packages/airflow/example_dags/example_xcom.py
[2024-04-01T23:08:35.452+0000] {logging_mixin.py:188} INFO - [2024-04-01T23:08:35.452+0000] {dag.py:3047} INFO - Sync 1 DAGs
[2024-04-01T23:08:35.477+0000] {logging_mixin.py:188} INFO - [2024-04-01T23:08:35.476+0000] {dag.py:3834} INFO - Setting next_dagrun for example_xcom to 2021-01-01 00:00:00+00:00, run_after=2021-01-01 00:00:00+00:00
[2024-04-01T23:08:35.506+0000] {processor.py:183} INFO - Processing /home/airflow/.local/lib/python3.8/site-packages/airflow/example_dags/example_xcom.py took 0.087 seconds
[2024-04-01T23:09:05.785+0000] {processor.py:161} INFO - Started process (PID=6251) to work on /home/airflow/.local/lib/python3.8/site-packages/airflow/example_dags/example_xcom.py
[2024-04-01T23:09:05.786+0000] {processor.py:830} INFO - Processing file /home/airflow/.local/lib/python3.8/site-packages/airflow/example_dags/example_xcom.py for tasks to queue
[2024-04-01T23:09:05.787+0000] {logging_mixin.py:188} INFO - [2024-04-01T23:09:05.787+0000] {dagbag.py:540} INFO - Filling up the DagBag from /home/airflow/.local/lib/python3.8/site-packages/airflow/example_dags/example_xcom.py
[2024-04-01T23:09:05.795+0000] {processor.py:840} INFO - DAG(s) 'example_xcom' retrieved from /home/airflow/.local/lib/python3.8/site-packages/airflow/example_dags/example_xcom.py
[2024-04-01T23:09:05.815+0000] {logging_mixin.py:188} INFO - [2024-04-01T23:09:05.815+0000] {dag.py:3047} INFO - Sync 1 DAGs
[2024-04-01T23:09:05.839+0000] {logging_mixin.py:188} INFO - [2024-04-01T23:09:05.838+0000] {dag.py:3834} INFO - Setting next_dagrun for example_xcom to 2021-01-01 00:00:00+00:00, run_after=2021-01-01 00:00:00+00:00
[2024-04-01T23:09:05.860+0000] {processor.py:183} INFO - Processing /home/airflow/.local/lib/python3.8/site-packages/airflow/example_dags/example_xcom.py took 0.079 seconds
[2024-04-01T23:09:36.085+0000] {processor.py:161} INFO - Started process (PID=6499) to work on /home/airflow/.local/lib/python3.8/site-packages/airflow/example_dags/example_xcom.py
[2024-04-01T23:09:36.086+0000] {processor.py:830} INFO - Processing file /home/airflow/.local/lib/python3.8/site-packages/airflow/example_dags/example_xcom.py for tasks to queue
[2024-04-01T23:09:36.087+0000] {logging_mixin.py:188} INFO - [2024-04-01T23:09:36.087+0000] {dagbag.py:540} INFO - Filling up the DagBag from /home/airflow/.local/lib/python3.8/site-packages/airflow/example_dags/example_xcom.py
[2024-04-01T23:09:36.094+0000] {processor.py:840} INFO - DAG(s) 'example_xcom' retrieved from /home/airflow/.local/lib/python3.8/site-packages/airflow/example_dags/example_xcom.py
[2024-04-01T23:09:36.114+0000] {logging_mixin.py:188} INFO - [2024-04-01T23:09:36.114+0000] {dag.py:3047} INFO - Sync 1 DAGs
[2024-04-01T23:09:36.139+0000] {logging_mixin.py:188} INFO - [2024-04-01T23:09:36.138+0000] {dag.py:3834} INFO - Setting next_dagrun for example_xcom to 2021-01-01 00:00:00+00:00, run_after=2021-01-01 00:00:00+00:00
[2024-04-01T23:09:36.169+0000] {processor.py:183} INFO - Processing /home/airflow/.local/lib/python3.8/site-packages/airflow/example_dags/example_xcom.py took 0.086 seconds
[2024-04-01T23:10:06.578+0000] {processor.py:161} INFO - Started process (PID=6746) to work on /home/airflow/.local/lib/python3.8/site-packages/airflow/example_dags/example_xcom.py
[2024-04-01T23:10:06.579+0000] {processor.py:830} INFO - Processing file /home/airflow/.local/lib/python3.8/site-packages/airflow/example_dags/example_xcom.py for tasks to queue
[2024-04-01T23:10:06.581+0000] {logging_mixin.py:188} INFO - [2024-04-01T23:10:06.580+0000] {dagbag.py:540} INFO - Filling up the DagBag from /home/airflow/.local/lib/python3.8/site-packages/airflow/example_dags/example_xcom.py
[2024-04-01T23:10:06.600+0000] {processor.py:840} INFO - DAG(s) 'example_xcom' retrieved from /home/airflow/.local/lib/python3.8/site-packages/airflow/example_dags/example_xcom.py
[2024-04-01T23:10:06.631+0000] {logging_mixin.py:188} INFO - [2024-04-01T23:10:06.631+0000] {dag.py:3047} INFO - Sync 1 DAGs
[2024-04-01T23:10:06.665+0000] {logging_mixin.py:188} INFO - [2024-04-01T23:10:06.664+0000] {dag.py:3834} INFO - Setting next_dagrun for example_xcom to 2021-01-01 00:00:00+00:00, run_after=2021-01-01 00:00:00+00:00
[2024-04-01T23:10:06.687+0000] {processor.py:183} INFO - Processing /home/airflow/.local/lib/python3.8/site-packages/airflow/example_dags/example_xcom.py took 0.117 seconds
[2024-04-01T23:10:37.035+0000] {processor.py:161} INFO - Started process (PID=7001) to work on /home/airflow/.local/lib/python3.8/site-packages/airflow/example_dags/example_xcom.py
[2024-04-01T23:10:37.036+0000] {processor.py:830} INFO - Processing file /home/airflow/.local/lib/python3.8/site-packages/airflow/example_dags/example_xcom.py for tasks to queue
[2024-04-01T23:10:37.037+0000] {logging_mixin.py:188} INFO - [2024-04-01T23:10:37.037+0000] {dagbag.py:540} INFO - Filling up the DagBag from /home/airflow/.local/lib/python3.8/site-packages/airflow/example_dags/example_xcom.py
[2024-04-01T23:10:37.044+0000] {processor.py:840} INFO - DAG(s) 'example_xcom' retrieved from /home/airflow/.local/lib/python3.8/site-packages/airflow/example_dags/example_xcom.py
[2024-04-01T23:10:37.064+0000] {logging_mixin.py:188} INFO - [2024-04-01T23:10:37.064+0000] {dag.py:3047} INFO - Sync 1 DAGs
[2024-04-01T23:10:37.086+0000] {logging_mixin.py:188} INFO - [2024-04-01T23:10:37.086+0000] {dag.py:3834} INFO - Setting next_dagrun for example_xcom to 2021-01-01 00:00:00+00:00, run_after=2021-01-01 00:00:00+00:00
[2024-04-01T23:10:37.115+0000] {processor.py:183} INFO - Processing /home/airflow/.local/lib/python3.8/site-packages/airflow/example_dags/example_xcom.py took 0.082 seconds
[2024-04-01T23:11:07.307+0000] {processor.py:161} INFO - Started process (PID=7248) to work on /home/airflow/.local/lib/python3.8/site-packages/airflow/example_dags/example_xcom.py
[2024-04-01T23:11:07.308+0000] {processor.py:830} INFO - Processing file /home/airflow/.local/lib/python3.8/site-packages/airflow/example_dags/example_xcom.py for tasks to queue
[2024-04-01T23:11:07.309+0000] {logging_mixin.py:188} INFO - [2024-04-01T23:11:07.309+0000] {dagbag.py:540} INFO - Filling up the DagBag from /home/airflow/.local/lib/python3.8/site-packages/airflow/example_dags/example_xcom.py
[2024-04-01T23:11:07.316+0000] {processor.py:840} INFO - DAG(s) 'example_xcom' retrieved from /home/airflow/.local/lib/python3.8/site-packages/airflow/example_dags/example_xcom.py
[2024-04-01T23:11:07.338+0000] {logging_mixin.py:188} INFO - [2024-04-01T23:11:07.337+0000] {dag.py:3047} INFO - Sync 1 DAGs
[2024-04-01T23:11:07.359+0000] {logging_mixin.py:188} INFO - [2024-04-01T23:11:07.358+0000] {dag.py:3834} INFO - Setting next_dagrun for example_xcom to 2021-01-01 00:00:00+00:00, run_after=2021-01-01 00:00:00+00:00
[2024-04-01T23:11:07.398+0000] {processor.py:183} INFO - Processing /home/airflow/.local/lib/python3.8/site-packages/airflow/example_dags/example_xcom.py took 0.094 seconds
[2024-04-01T23:11:37.942+0000] {processor.py:161} INFO - Started process (PID=7493) to work on /home/airflow/.local/lib/python3.8/site-packages/airflow/example_dags/example_xcom.py
[2024-04-01T23:11:37.944+0000] {processor.py:830} INFO - Processing file /home/airflow/.local/lib/python3.8/site-packages/airflow/example_dags/example_xcom.py for tasks to queue
[2024-04-01T23:11:37.945+0000] {logging_mixin.py:188} INFO - [2024-04-01T23:11:37.945+0000] {dagbag.py:540} INFO - Filling up the DagBag from /home/airflow/.local/lib/python3.8/site-packages/airflow/example_dags/example_xcom.py
[2024-04-01T23:11:37.953+0000] {processor.py:840} INFO - DAG(s) 'example_xcom' retrieved from /home/airflow/.local/lib/python3.8/site-packages/airflow/example_dags/example_xcom.py
[2024-04-01T23:11:37.974+0000] {logging_mixin.py:188} INFO - [2024-04-01T23:11:37.973+0000] {dag.py:3047} INFO - Sync 1 DAGs
[2024-04-01T23:11:37.998+0000] {logging_mixin.py:188} INFO - [2024-04-01T23:11:37.998+0000] {dag.py:3834} INFO - Setting next_dagrun for example_xcom to 2021-01-01 00:00:00+00:00, run_after=2021-01-01 00:00:00+00:00
[2024-04-01T23:11:38.033+0000] {processor.py:183} INFO - Processing /home/airflow/.local/lib/python3.8/site-packages/airflow/example_dags/example_xcom.py took 0.094 seconds
[2024-04-01T23:12:08.425+0000] {processor.py:161} INFO - Started process (PID=7740) to work on /home/airflow/.local/lib/python3.8/site-packages/airflow/example_dags/example_xcom.py
[2024-04-01T23:12:08.427+0000] {processor.py:830} INFO - Processing file /home/airflow/.local/lib/python3.8/site-packages/airflow/example_dags/example_xcom.py for tasks to queue
[2024-04-01T23:12:08.429+0000] {logging_mixin.py:188} INFO - [2024-04-01T23:12:08.428+0000] {dagbag.py:540} INFO - Filling up the DagBag from /home/airflow/.local/lib/python3.8/site-packages/airflow/example_dags/example_xcom.py
[2024-04-01T23:12:08.438+0000] {processor.py:840} INFO - DAG(s) 'example_xcom' retrieved from /home/airflow/.local/lib/python3.8/site-packages/airflow/example_dags/example_xcom.py
[2024-04-01T23:12:08.463+0000] {logging_mixin.py:188} INFO - [2024-04-01T23:12:08.463+0000] {dag.py:3047} INFO - Sync 1 DAGs
[2024-04-01T23:12:08.490+0000] {logging_mixin.py:188} INFO - [2024-04-01T23:12:08.490+0000] {dag.py:3834} INFO - Setting next_dagrun for example_xcom to 2021-01-01 00:00:00+00:00, run_after=2021-01-01 00:00:00+00:00
[2024-04-01T23:12:08.525+0000] {processor.py:183} INFO - Processing /home/airflow/.local/lib/python3.8/site-packages/airflow/example_dags/example_xcom.py took 0.103 seconds
[2024-04-01T23:12:38.982+0000] {processor.py:161} INFO - Started process (PID=7988) to work on /home/airflow/.local/lib/python3.8/site-packages/airflow/example_dags/example_xcom.py
[2024-04-01T23:12:38.983+0000] {processor.py:830} INFO - Processing file /home/airflow/.local/lib/python3.8/site-packages/airflow/example_dags/example_xcom.py for tasks to queue
[2024-04-01T23:12:38.984+0000] {logging_mixin.py:188} INFO - [2024-04-01T23:12:38.984+0000] {dagbag.py:540} INFO - Filling up the DagBag from /home/airflow/.local/lib/python3.8/site-packages/airflow/example_dags/example_xcom.py
[2024-04-01T23:12:38.992+0000] {processor.py:840} INFO - DAG(s) 'example_xcom' retrieved from /home/airflow/.local/lib/python3.8/site-packages/airflow/example_dags/example_xcom.py
[2024-04-01T23:12:39.013+0000] {logging_mixin.py:188} INFO - [2024-04-01T23:12:39.013+0000] {dag.py:3047} INFO - Sync 1 DAGs
[2024-04-01T23:12:39.037+0000] {logging_mixin.py:188} INFO - [2024-04-01T23:12:39.036+0000] {dag.py:3834} INFO - Setting next_dagrun for example_xcom to 2021-01-01 00:00:00+00:00, run_after=2021-01-01 00:00:00+00:00
[2024-04-01T23:12:39.072+0000] {processor.py:183} INFO - Processing /home/airflow/.local/lib/python3.8/site-packages/airflow/example_dags/example_xcom.py took 0.094 seconds
[2024-04-01T23:13:09.467+0000] {processor.py:161} INFO - Started process (PID=8235) to work on /home/airflow/.local/lib/python3.8/site-packages/airflow/example_dags/example_xcom.py
[2024-04-01T23:13:09.468+0000] {processor.py:830} INFO - Processing file /home/airflow/.local/lib/python3.8/site-packages/airflow/example_dags/example_xcom.py for tasks to queue
[2024-04-01T23:13:09.470+0000] {logging_mixin.py:188} INFO - [2024-04-01T23:13:09.469+0000] {dagbag.py:540} INFO - Filling up the DagBag from /home/airflow/.local/lib/python3.8/site-packages/airflow/example_dags/example_xcom.py
[2024-04-01T23:13:09.477+0000] {processor.py:840} INFO - DAG(s) 'example_xcom' retrieved from /home/airflow/.local/lib/python3.8/site-packages/airflow/example_dags/example_xcom.py
[2024-04-01T23:13:09.504+0000] {logging_mixin.py:188} INFO - [2024-04-01T23:13:09.503+0000] {dag.py:3047} INFO - Sync 1 DAGs
[2024-04-01T23:13:09.527+0000] {logging_mixin.py:188} INFO - [2024-04-01T23:13:09.527+0000] {dag.py:3834} INFO - Setting next_dagrun for example_xcom to 2021-01-01 00:00:00+00:00, run_after=2021-01-01 00:00:00+00:00
[2024-04-01T23:13:09.552+0000] {processor.py:183} INFO - Processing /home/airflow/.local/lib/python3.8/site-packages/airflow/example_dags/example_xcom.py took 0.088 seconds
[2024-04-01T23:13:40.085+0000] {processor.py:161} INFO - Started process (PID=8483) to work on /home/airflow/.local/lib/python3.8/site-packages/airflow/example_dags/example_xcom.py
[2024-04-01T23:13:40.086+0000] {processor.py:830} INFO - Processing file /home/airflow/.local/lib/python3.8/site-packages/airflow/example_dags/example_xcom.py for tasks to queue
[2024-04-01T23:13:40.087+0000] {logging_mixin.py:188} INFO - [2024-04-01T23:13:40.087+0000] {dagbag.py:540} INFO - Filling up the DagBag from /home/airflow/.local/lib/python3.8/site-packages/airflow/example_dags/example_xcom.py
[2024-04-01T23:13:40.097+0000] {processor.py:840} INFO - DAG(s) 'example_xcom' retrieved from /home/airflow/.local/lib/python3.8/site-packages/airflow/example_dags/example_xcom.py
[2024-04-01T23:13:40.123+0000] {logging_mixin.py:188} INFO - [2024-04-01T23:13:40.123+0000] {dag.py:3047} INFO - Sync 1 DAGs
[2024-04-01T23:13:40.148+0000] {logging_mixin.py:188} INFO - [2024-04-01T23:13:40.147+0000] {dag.py:3834} INFO - Setting next_dagrun for example_xcom to 2021-01-01 00:00:00+00:00, run_after=2021-01-01 00:00:00+00:00
[2024-04-01T23:13:40.175+0000] {processor.py:183} INFO - Processing /home/airflow/.local/lib/python3.8/site-packages/airflow/example_dags/example_xcom.py took 0.093 seconds
[2024-04-01T23:14:10.491+0000] {processor.py:161} INFO - Started process (PID=8732) to work on /home/airflow/.local/lib/python3.8/site-packages/airflow/example_dags/example_xcom.py
[2024-04-01T23:14:10.492+0000] {processor.py:830} INFO - Processing file /home/airflow/.local/lib/python3.8/site-packages/airflow/example_dags/example_xcom.py for tasks to queue
[2024-04-01T23:14:10.493+0000] {logging_mixin.py:188} INFO - [2024-04-01T23:14:10.493+0000] {dagbag.py:540} INFO - Filling up the DagBag from /home/airflow/.local/lib/python3.8/site-packages/airflow/example_dags/example_xcom.py
[2024-04-01T23:14:10.500+0000] {processor.py:840} INFO - DAG(s) 'example_xcom' retrieved from /home/airflow/.local/lib/python3.8/site-packages/airflow/example_dags/example_xcom.py
[2024-04-01T23:14:10.521+0000] {logging_mixin.py:188} INFO - [2024-04-01T23:14:10.520+0000] {dag.py:3047} INFO - Sync 1 DAGs
[2024-04-01T23:14:10.543+0000] {logging_mixin.py:188} INFO - [2024-04-01T23:14:10.543+0000] {dag.py:3834} INFO - Setting next_dagrun for example_xcom to 2021-01-01 00:00:00+00:00, run_after=2021-01-01 00:00:00+00:00
[2024-04-01T23:14:10.569+0000] {processor.py:183} INFO - Processing /home/airflow/.local/lib/python3.8/site-packages/airflow/example_dags/example_xcom.py took 0.081 seconds
[2024-04-01T23:14:41.047+0000] {processor.py:161} INFO - Started process (PID=8977) to work on /home/airflow/.local/lib/python3.8/site-packages/airflow/example_dags/example_xcom.py
[2024-04-01T23:14:41.048+0000] {processor.py:830} INFO - Processing file /home/airflow/.local/lib/python3.8/site-packages/airflow/example_dags/example_xcom.py for tasks to queue
[2024-04-01T23:14:41.049+0000] {logging_mixin.py:188} INFO - [2024-04-01T23:14:41.049+0000] {dagbag.py:540} INFO - Filling up the DagBag from /home/airflow/.local/lib/python3.8/site-packages/airflow/example_dags/example_xcom.py
[2024-04-01T23:14:41.057+0000] {processor.py:840} INFO - DAG(s) 'example_xcom' retrieved from /home/airflow/.local/lib/python3.8/site-packages/airflow/example_dags/example_xcom.py
[2024-04-01T23:14:41.080+0000] {logging_mixin.py:188} INFO - [2024-04-01T23:14:41.080+0000] {dag.py:3047} INFO - Sync 1 DAGs
[2024-04-01T23:14:41.103+0000] {logging_mixin.py:188} INFO - [2024-04-01T23:14:41.102+0000] {dag.py:3834} INFO - Setting next_dagrun for example_xcom to 2021-01-01 00:00:00+00:00, run_after=2021-01-01 00:00:00+00:00
[2024-04-01T23:14:41.124+0000] {processor.py:183} INFO - Processing /home/airflow/.local/lib/python3.8/site-packages/airflow/example_dags/example_xcom.py took 0.080 seconds
[2024-04-01T23:15:12.203+0000] {processor.py:161} INFO - Started process (PID=9224) to work on /home/airflow/.local/lib/python3.8/site-packages/airflow/example_dags/example_xcom.py
[2024-04-01T23:15:12.205+0000] {processor.py:830} INFO - Processing file /home/airflow/.local/lib/python3.8/site-packages/airflow/example_dags/example_xcom.py for tasks to queue
[2024-04-01T23:15:12.206+0000] {logging_mixin.py:188} INFO - [2024-04-01T23:15:12.206+0000] {dagbag.py:540} INFO - Filling up the DagBag from /home/airflow/.local/lib/python3.8/site-packages/airflow/example_dags/example_xcom.py
[2024-04-01T23:15:12.214+0000] {processor.py:840} INFO - DAG(s) 'example_xcom' retrieved from /home/airflow/.local/lib/python3.8/site-packages/airflow/example_dags/example_xcom.py
[2024-04-01T23:15:12.244+0000] {logging_mixin.py:188} INFO - [2024-04-01T23:15:12.243+0000] {dag.py:3047} INFO - Sync 1 DAGs
[2024-04-01T23:15:12.268+0000] {logging_mixin.py:188} INFO - [2024-04-01T23:15:12.268+0000] {dag.py:3834} INFO - Setting next_dagrun for example_xcom to 2021-01-01 00:00:00+00:00, run_after=2021-01-01 00:00:00+00:00
[2024-04-01T23:15:12.292+0000] {processor.py:183} INFO - Processing /home/airflow/.local/lib/python3.8/site-packages/airflow/example_dags/example_xcom.py took 0.092 seconds
[2024-04-01T23:15:42.915+0000] {processor.py:161} INFO - Started process (PID=9473) to work on /home/airflow/.local/lib/python3.8/site-packages/airflow/example_dags/example_xcom.py
[2024-04-01T23:15:42.916+0000] {processor.py:830} INFO - Processing file /home/airflow/.local/lib/python3.8/site-packages/airflow/example_dags/example_xcom.py for tasks to queue
[2024-04-01T23:15:42.917+0000] {logging_mixin.py:188} INFO - [2024-04-01T23:15:42.916+0000] {dagbag.py:540} INFO - Filling up the DagBag from /home/airflow/.local/lib/python3.8/site-packages/airflow/example_dags/example_xcom.py
[2024-04-01T23:15:42.923+0000] {processor.py:840} INFO - DAG(s) 'example_xcom' retrieved from /home/airflow/.local/lib/python3.8/site-packages/airflow/example_dags/example_xcom.py
[2024-04-01T23:15:42.945+0000] {logging_mixin.py:188} INFO - [2024-04-01T23:15:42.945+0000] {dag.py:3047} INFO - Sync 1 DAGs
[2024-04-01T23:15:42.967+0000] {logging_mixin.py:188} INFO - [2024-04-01T23:15:42.966+0000] {dag.py:3834} INFO - Setting next_dagrun for example_xcom to 2021-01-01 00:00:00+00:00, run_after=2021-01-01 00:00:00+00:00
[2024-04-01T23:15:43.002+0000] {processor.py:183} INFO - Processing /home/airflow/.local/lib/python3.8/site-packages/airflow/example_dags/example_xcom.py took 0.090 seconds
[2024-04-01T23:16:13.280+0000] {processor.py:161} INFO - Started process (PID=9718) to work on /home/airflow/.local/lib/python3.8/site-packages/airflow/example_dags/example_xcom.py
[2024-04-01T23:16:13.281+0000] {processor.py:830} INFO - Processing file /home/airflow/.local/lib/python3.8/site-packages/airflow/example_dags/example_xcom.py for tasks to queue
[2024-04-01T23:16:13.283+0000] {logging_mixin.py:188} INFO - [2024-04-01T23:16:13.282+0000] {dagbag.py:540} INFO - Filling up the DagBag from /home/airflow/.local/lib/python3.8/site-packages/airflow/example_dags/example_xcom.py
[2024-04-01T23:16:13.292+0000] {processor.py:840} INFO - DAG(s) 'example_xcom' retrieved from /home/airflow/.local/lib/python3.8/site-packages/airflow/example_dags/example_xcom.py
[2024-04-01T23:16:13.312+0000] {logging_mixin.py:188} INFO - [2024-04-01T23:16:13.312+0000] {dag.py:3047} INFO - Sync 1 DAGs
[2024-04-01T23:16:13.335+0000] {logging_mixin.py:188} INFO - [2024-04-01T23:16:13.335+0000] {dag.py:3834} INFO - Setting next_dagrun for example_xcom to 2021-01-01 00:00:00+00:00, run_after=2021-01-01 00:00:00+00:00
[2024-04-01T23:16:13.360+0000] {processor.py:183} INFO - Processing /home/airflow/.local/lib/python3.8/site-packages/airflow/example_dags/example_xcom.py took 0.083 seconds
[2024-04-01T23:16:43.664+0000] {processor.py:161} INFO - Started process (PID=9965) to work on /home/airflow/.local/lib/python3.8/site-packages/airflow/example_dags/example_xcom.py
[2024-04-01T23:16:43.665+0000] {processor.py:830} INFO - Processing file /home/airflow/.local/lib/python3.8/site-packages/airflow/example_dags/example_xcom.py for tasks to queue
[2024-04-01T23:16:43.667+0000] {logging_mixin.py:188} INFO - [2024-04-01T23:16:43.666+0000] {dagbag.py:540} INFO - Filling up the DagBag from /home/airflow/.local/lib/python3.8/site-packages/airflow/example_dags/example_xcom.py
[2024-04-01T23:16:43.675+0000] {processor.py:840} INFO - DAG(s) 'example_xcom' retrieved from /home/airflow/.local/lib/python3.8/site-packages/airflow/example_dags/example_xcom.py
[2024-04-01T23:16:43.705+0000] {logging_mixin.py:188} INFO - [2024-04-01T23:16:43.704+0000] {dag.py:3047} INFO - Sync 1 DAGs
[2024-04-01T23:16:43.729+0000] {logging_mixin.py:188} INFO - [2024-04-01T23:16:43.729+0000] {dag.py:3834} INFO - Setting next_dagrun for example_xcom to 2021-01-01 00:00:00+00:00, run_after=2021-01-01 00:00:00+00:00
[2024-04-01T23:16:43.753+0000] {processor.py:183} INFO - Processing /home/airflow/.local/lib/python3.8/site-packages/airflow/example_dags/example_xcom.py took 0.092 seconds
[2024-04-01T23:17:14.207+0000] {processor.py:161} INFO - Started process (PID=10214) to work on /home/airflow/.local/lib/python3.8/site-packages/airflow/example_dags/example_xcom.py
[2024-04-01T23:17:14.208+0000] {processor.py:830} INFO - Processing file /home/airflow/.local/lib/python3.8/site-packages/airflow/example_dags/example_xcom.py for tasks to queue
[2024-04-01T23:17:14.209+0000] {logging_mixin.py:188} INFO - [2024-04-01T23:17:14.209+0000] {dagbag.py:540} INFO - Filling up the DagBag from /home/airflow/.local/lib/python3.8/site-packages/airflow/example_dags/example_xcom.py
[2024-04-01T23:17:14.216+0000] {processor.py:840} INFO - DAG(s) 'example_xcom' retrieved from /home/airflow/.local/lib/python3.8/site-packages/airflow/example_dags/example_xcom.py
[2024-04-01T23:17:14.237+0000] {logging_mixin.py:188} INFO - [2024-04-01T23:17:14.237+0000] {dag.py:3047} INFO - Sync 1 DAGs
[2024-04-01T23:17:14.258+0000] {logging_mixin.py:188} INFO - [2024-04-01T23:17:14.258+0000] {dag.py:3834} INFO - Setting next_dagrun for example_xcom to 2021-01-01 00:00:00+00:00, run_after=2021-01-01 00:00:00+00:00
[2024-04-01T23:17:14.289+0000] {processor.py:183} INFO - Processing /home/airflow/.local/lib/python3.8/site-packages/airflow/example_dags/example_xcom.py took 0.085 seconds
[2024-04-01T23:17:44.754+0000] {processor.py:161} INFO - Started process (PID=10459) to work on /home/airflow/.local/lib/python3.8/site-packages/airflow/example_dags/example_xcom.py
[2024-04-01T23:17:44.755+0000] {processor.py:830} INFO - Processing file /home/airflow/.local/lib/python3.8/site-packages/airflow/example_dags/example_xcom.py for tasks to queue
[2024-04-01T23:17:44.757+0000] {logging_mixin.py:188} INFO - [2024-04-01T23:17:44.756+0000] {dagbag.py:540} INFO - Filling up the DagBag from /home/airflow/.local/lib/python3.8/site-packages/airflow/example_dags/example_xcom.py
[2024-04-01T23:17:44.764+0000] {processor.py:840} INFO - DAG(s) 'example_xcom' retrieved from /home/airflow/.local/lib/python3.8/site-packages/airflow/example_dags/example_xcom.py
[2024-04-01T23:17:44.786+0000] {logging_mixin.py:188} INFO - [2024-04-01T23:17:44.785+0000] {dag.py:3047} INFO - Sync 1 DAGs
[2024-04-01T23:17:44.808+0000] {logging_mixin.py:188} INFO - [2024-04-01T23:17:44.808+0000] {dag.py:3834} INFO - Setting next_dagrun for example_xcom to 2021-01-01 00:00:00+00:00, run_after=2021-01-01 00:00:00+00:00
[2024-04-01T23:17:44.829+0000] {processor.py:183} INFO - Processing /home/airflow/.local/lib/python3.8/site-packages/airflow/example_dags/example_xcom.py took 0.078 seconds
[2024-04-01T23:18:15.330+0000] {processor.py:161} INFO - Started process (PID=10706) to work on /home/airflow/.local/lib/python3.8/site-packages/airflow/example_dags/example_xcom.py
[2024-04-01T23:18:15.331+0000] {processor.py:830} INFO - Processing file /home/airflow/.local/lib/python3.8/site-packages/airflow/example_dags/example_xcom.py for tasks to queue
[2024-04-01T23:18:15.333+0000] {logging_mixin.py:188} INFO - [2024-04-01T23:18:15.333+0000] {dagbag.py:540} INFO - Filling up the DagBag from /home/airflow/.local/lib/python3.8/site-packages/airflow/example_dags/example_xcom.py
[2024-04-01T23:18:15.342+0000] {processor.py:840} INFO - DAG(s) 'example_xcom' retrieved from /home/airflow/.local/lib/python3.8/site-packages/airflow/example_dags/example_xcom.py
[2024-04-01T23:18:15.369+0000] {logging_mixin.py:188} INFO - [2024-04-01T23:18:15.368+0000] {dag.py:3047} INFO - Sync 1 DAGs
[2024-04-01T23:18:15.398+0000] {logging_mixin.py:188} INFO - [2024-04-01T23:18:15.398+0000] {dag.py:3834} INFO - Setting next_dagrun for example_xcom to 2021-01-01 00:00:00+00:00, run_after=2021-01-01 00:00:00+00:00
[2024-04-01T23:18:15.423+0000] {processor.py:183} INFO - Processing /home/airflow/.local/lib/python3.8/site-packages/airflow/example_dags/example_xcom.py took 0.096 seconds
[2024-04-01T23:18:45.755+0000] {processor.py:161} INFO - Started process (PID=10953) to work on /home/airflow/.local/lib/python3.8/site-packages/airflow/example_dags/example_xcom.py
[2024-04-01T23:18:45.756+0000] {processor.py:830} INFO - Processing file /home/airflow/.local/lib/python3.8/site-packages/airflow/example_dags/example_xcom.py for tasks to queue
[2024-04-01T23:18:45.757+0000] {logging_mixin.py:188} INFO - [2024-04-01T23:18:45.756+0000] {dagbag.py:540} INFO - Filling up the DagBag from /home/airflow/.local/lib/python3.8/site-packages/airflow/example_dags/example_xcom.py
[2024-04-01T23:18:45.766+0000] {processor.py:840} INFO - DAG(s) 'example_xcom' retrieved from /home/airflow/.local/lib/python3.8/site-packages/airflow/example_dags/example_xcom.py
[2024-04-01T23:18:45.788+0000] {logging_mixin.py:188} INFO - [2024-04-01T23:18:45.788+0000] {dag.py:3047} INFO - Sync 1 DAGs
[2024-04-01T23:18:45.812+0000] {logging_mixin.py:188} INFO - [2024-04-01T23:18:45.812+0000] {dag.py:3834} INFO - Setting next_dagrun for example_xcom to 2021-01-01 00:00:00+00:00, run_after=2021-01-01 00:00:00+00:00
[2024-04-01T23:18:45.848+0000] {processor.py:183} INFO - Processing /home/airflow/.local/lib/python3.8/site-packages/airflow/example_dags/example_xcom.py took 0.096 seconds
[2024-04-01T23:19:16.244+0000] {processor.py:161} INFO - Started process (PID=11200) to work on /home/airflow/.local/lib/python3.8/site-packages/airflow/example_dags/example_xcom.py
[2024-04-01T23:19:16.246+0000] {processor.py:830} INFO - Processing file /home/airflow/.local/lib/python3.8/site-packages/airflow/example_dags/example_xcom.py for tasks to queue
[2024-04-01T23:19:16.247+0000] {logging_mixin.py:188} INFO - [2024-04-01T23:19:16.247+0000] {dagbag.py:540} INFO - Filling up the DagBag from /home/airflow/.local/lib/python3.8/site-packages/airflow/example_dags/example_xcom.py
[2024-04-01T23:19:16.256+0000] {processor.py:840} INFO - DAG(s) 'example_xcom' retrieved from /home/airflow/.local/lib/python3.8/site-packages/airflow/example_dags/example_xcom.py
[2024-04-01T23:19:16.279+0000] {logging_mixin.py:188} INFO - [2024-04-01T23:19:16.279+0000] {dag.py:3047} INFO - Sync 1 DAGs
[2024-04-01T23:19:16.302+0000] {logging_mixin.py:188} INFO - [2024-04-01T23:19:16.302+0000] {dag.py:3834} INFO - Setting next_dagrun for example_xcom to 2021-01-01 00:00:00+00:00, run_after=2021-01-01 00:00:00+00:00
[2024-04-01T23:19:16.336+0000] {processor.py:183} INFO - Processing /home/airflow/.local/lib/python3.8/site-packages/airflow/example_dags/example_xcom.py took 0.095 seconds
[2024-04-01T23:19:47.090+0000] {processor.py:161} INFO - Started process (PID=11447) to work on /home/airflow/.local/lib/python3.8/site-packages/airflow/example_dags/example_xcom.py
[2024-04-01T23:19:47.091+0000] {processor.py:830} INFO - Processing file /home/airflow/.local/lib/python3.8/site-packages/airflow/example_dags/example_xcom.py for tasks to queue
[2024-04-01T23:19:47.093+0000] {logging_mixin.py:188} INFO - [2024-04-01T23:19:47.092+0000] {dagbag.py:540} INFO - Filling up the DagBag from /home/airflow/.local/lib/python3.8/site-packages/airflow/example_dags/example_xcom.py
[2024-04-01T23:19:47.101+0000] {processor.py:840} INFO - DAG(s) 'example_xcom' retrieved from /home/airflow/.local/lib/python3.8/site-packages/airflow/example_dags/example_xcom.py
[2024-04-01T23:19:47.125+0000] {logging_mixin.py:188} INFO - [2024-04-01T23:19:47.125+0000] {dag.py:3047} INFO - Sync 1 DAGs
[2024-04-01T23:19:47.154+0000] {logging_mixin.py:188} INFO - [2024-04-01T23:19:47.154+0000] {dag.py:3834} INFO - Setting next_dagrun for example_xcom to 2021-01-01 00:00:00+00:00, run_after=2021-01-01 00:00:00+00:00
[2024-04-01T23:19:47.177+0000] {processor.py:183} INFO - Processing /home/airflow/.local/lib/python3.8/site-packages/airflow/example_dags/example_xcom.py took 0.091 seconds
[2024-04-01T23:20:18.011+0000] {processor.py:161} INFO - Started process (PID=11699) to work on /home/airflow/.local/lib/python3.8/site-packages/airflow/example_dags/example_xcom.py
[2024-04-01T23:20:18.012+0000] {processor.py:830} INFO - Processing file /home/airflow/.local/lib/python3.8/site-packages/airflow/example_dags/example_xcom.py for tasks to queue
[2024-04-01T23:20:18.014+0000] {logging_mixin.py:188} INFO - [2024-04-01T23:20:18.013+0000] {dagbag.py:540} INFO - Filling up the DagBag from /home/airflow/.local/lib/python3.8/site-packages/airflow/example_dags/example_xcom.py
[2024-04-01T23:20:18.021+0000] {processor.py:840} INFO - DAG(s) 'example_xcom' retrieved from /home/airflow/.local/lib/python3.8/site-packages/airflow/example_dags/example_xcom.py
[2024-04-01T23:20:18.045+0000] {logging_mixin.py:188} INFO - [2024-04-01T23:20:18.045+0000] {dag.py:3047} INFO - Sync 1 DAGs
[2024-04-01T23:20:18.070+0000] {logging_mixin.py:188} INFO - [2024-04-01T23:20:18.069+0000] {dag.py:3834} INFO - Setting next_dagrun for example_xcom to 2021-01-01 00:00:00+00:00, run_after=2021-01-01 00:00:00+00:00
[2024-04-01T23:20:18.107+0000] {processor.py:183} INFO - Processing /home/airflow/.local/lib/python3.8/site-packages/airflow/example_dags/example_xcom.py took 0.099 seconds
[2024-04-01T23:20:48.452+0000] {processor.py:161} INFO - Started process (PID=11946) to work on /home/airflow/.local/lib/python3.8/site-packages/airflow/example_dags/example_xcom.py
[2024-04-01T23:20:48.453+0000] {processor.py:830} INFO - Processing file /home/airflow/.local/lib/python3.8/site-packages/airflow/example_dags/example_xcom.py for tasks to queue
[2024-04-01T23:20:48.454+0000] {logging_mixin.py:188} INFO - [2024-04-01T23:20:48.454+0000] {dagbag.py:540} INFO - Filling up the DagBag from /home/airflow/.local/lib/python3.8/site-packages/airflow/example_dags/example_xcom.py
[2024-04-01T23:20:48.465+0000] {processor.py:840} INFO - DAG(s) 'example_xcom' retrieved from /home/airflow/.local/lib/python3.8/site-packages/airflow/example_dags/example_xcom.py
[2024-04-01T23:20:48.498+0000] {logging_mixin.py:188} INFO - [2024-04-01T23:20:48.498+0000] {dag.py:3047} INFO - Sync 1 DAGs
[2024-04-01T23:20:48.522+0000] {logging_mixin.py:188} INFO - [2024-04-01T23:20:48.522+0000] {dag.py:3834} INFO - Setting next_dagrun for example_xcom to 2021-01-01 00:00:00+00:00, run_after=2021-01-01 00:00:00+00:00
[2024-04-01T23:20:48.557+0000] {processor.py:183} INFO - Processing /home/airflow/.local/lib/python3.8/site-packages/airflow/example_dags/example_xcom.py took 0.108 seconds
