[2024-04-01T22:56:51.662+0000] {processor.py:161} INFO - Started process (PID=267) to work on /home/airflow/.local/lib/python3.8/site-packages/airflow/example_dags/example_bash_operator.py
[2024-04-01T22:56:51.664+0000] {processor.py:830} INFO - Processing file /home/airflow/.local/lib/python3.8/site-packages/airflow/example_dags/example_bash_operator.py for tasks to queue
[2024-04-01T22:56:51.665+0000] {logging_mixin.py:188} INFO - [2024-04-01T22:56:51.665+0000] {dagbag.py:540} INFO - Filling up the DagBag from /home/airflow/.local/lib/python3.8/site-packages/airflow/example_dags/example_bash_operator.py
[2024-04-01T22:56:51.690+0000] {processor.py:840} INFO - DAG(s) 'example_bash_operator' retrieved from /home/airflow/.local/lib/python3.8/site-packages/airflow/example_dags/example_bash_operator.py
[2024-04-01T22:56:51.705+0000] {logging_mixin.py:188} INFO - [2024-04-01T22:56:51.705+0000] {dag.py:3047} INFO - Sync 1 DAGs
[2024-04-01T22:56:51.738+0000] {logging_mixin.py:188} INFO - [2024-04-01T22:56:51.737+0000] {dag.py:3834} INFO - Setting next_dagrun for example_bash_operator to 2024-03-31 00:00:00+00:00, run_after=2024-04-01 00:00:00+00:00
[2024-04-01T22:56:51.762+0000] {processor.py:183} INFO - Processing /home/airflow/.local/lib/python3.8/site-packages/airflow/example_dags/example_bash_operator.py took 0.105 seconds
[2024-04-01T22:57:23.563+0000] {processor.py:161} INFO - Started process (PID=516) to work on /home/airflow/.local/lib/python3.8/site-packages/airflow/example_dags/example_bash_operator.py
[2024-04-01T22:57:23.564+0000] {processor.py:830} INFO - Processing file /home/airflow/.local/lib/python3.8/site-packages/airflow/example_dags/example_bash_operator.py for tasks to queue
[2024-04-01T22:57:23.566+0000] {logging_mixin.py:188} INFO - [2024-04-01T22:57:23.565+0000] {dagbag.py:540} INFO - Filling up the DagBag from /home/airflow/.local/lib/python3.8/site-packages/airflow/example_dags/example_bash_operator.py
[2024-04-01T22:57:23.582+0000] {processor.py:840} INFO - DAG(s) 'example_bash_operator' retrieved from /home/airflow/.local/lib/python3.8/site-packages/airflow/example_dags/example_bash_operator.py
[2024-04-01T22:57:23.703+0000] {logging_mixin.py:188} INFO - [2024-04-01T22:57:23.702+0000] {dag.py:3047} INFO - Sync 1 DAGs
[2024-04-01T22:57:23.725+0000] {logging_mixin.py:188} INFO - [2024-04-01T22:57:23.725+0000] {dag.py:3834} INFO - Setting next_dagrun for example_bash_operator to 2024-03-31 00:00:00+00:00, run_after=2024-04-01 00:00:00+00:00
[2024-04-01T22:57:23.754+0000] {processor.py:183} INFO - Processing /home/airflow/.local/lib/python3.8/site-packages/airflow/example_dags/example_bash_operator.py took 0.195 seconds
[2024-04-01T22:57:53.853+0000] {processor.py:161} INFO - Started process (PID=763) to work on /home/airflow/.local/lib/python3.8/site-packages/airflow/example_dags/example_bash_operator.py
[2024-04-01T22:57:53.854+0000] {processor.py:830} INFO - Processing file /home/airflow/.local/lib/python3.8/site-packages/airflow/example_dags/example_bash_operator.py for tasks to queue
[2024-04-01T22:57:53.855+0000] {logging_mixin.py:188} INFO - [2024-04-01T22:57:53.855+0000] {dagbag.py:540} INFO - Filling up the DagBag from /home/airflow/.local/lib/python3.8/site-packages/airflow/example_dags/example_bash_operator.py
[2024-04-01T22:57:53.866+0000] {processor.py:840} INFO - DAG(s) 'example_bash_operator' retrieved from /home/airflow/.local/lib/python3.8/site-packages/airflow/example_dags/example_bash_operator.py
[2024-04-01T22:57:53.895+0000] {logging_mixin.py:188} INFO - [2024-04-01T22:57:53.895+0000] {dag.py:3047} INFO - Sync 1 DAGs
[2024-04-01T22:57:53.919+0000] {logging_mixin.py:188} INFO - [2024-04-01T22:57:53.919+0000] {dag.py:3834} INFO - Setting next_dagrun for example_bash_operator to 2024-03-31 00:00:00+00:00, run_after=2024-04-01 00:00:00+00:00
[2024-04-01T22:57:53.938+0000] {processor.py:183} INFO - Processing /home/airflow/.local/lib/python3.8/site-packages/airflow/example_dags/example_bash_operator.py took 0.088 seconds
[2024-04-01T22:58:24.319+0000] {processor.py:161} INFO - Started process (PID=1009) to work on /home/airflow/.local/lib/python3.8/site-packages/airflow/example_dags/example_bash_operator.py
[2024-04-01T22:58:24.320+0000] {processor.py:830} INFO - Processing file /home/airflow/.local/lib/python3.8/site-packages/airflow/example_dags/example_bash_operator.py for tasks to queue
[2024-04-01T22:58:24.321+0000] {logging_mixin.py:188} INFO - [2024-04-01T22:58:24.321+0000] {dagbag.py:540} INFO - Filling up the DagBag from /home/airflow/.local/lib/python3.8/site-packages/airflow/example_dags/example_bash_operator.py
[2024-04-01T22:58:24.332+0000] {processor.py:840} INFO - DAG(s) 'example_bash_operator' retrieved from /home/airflow/.local/lib/python3.8/site-packages/airflow/example_dags/example_bash_operator.py
[2024-04-01T22:58:24.363+0000] {logging_mixin.py:188} INFO - [2024-04-01T22:58:24.363+0000] {dag.py:3047} INFO - Sync 1 DAGs
[2024-04-01T22:58:24.391+0000] {logging_mixin.py:188} INFO - [2024-04-01T22:58:24.391+0000] {dag.py:3834} INFO - Setting next_dagrun for example_bash_operator to 2024-03-31 00:00:00+00:00, run_after=2024-04-01 00:00:00+00:00
[2024-04-01T22:58:24.408+0000] {processor.py:183} INFO - Processing /home/airflow/.local/lib/python3.8/site-packages/airflow/example_dags/example_bash_operator.py took 0.093 seconds
[2024-04-01T22:58:54.650+0000] {processor.py:161} INFO - Started process (PID=1255) to work on /home/airflow/.local/lib/python3.8/site-packages/airflow/example_dags/example_bash_operator.py
[2024-04-01T22:58:54.651+0000] {processor.py:830} INFO - Processing file /home/airflow/.local/lib/python3.8/site-packages/airflow/example_dags/example_bash_operator.py for tasks to queue
[2024-04-01T22:58:54.652+0000] {logging_mixin.py:188} INFO - [2024-04-01T22:58:54.652+0000] {dagbag.py:540} INFO - Filling up the DagBag from /home/airflow/.local/lib/python3.8/site-packages/airflow/example_dags/example_bash_operator.py
[2024-04-01T22:58:54.667+0000] {processor.py:840} INFO - DAG(s) 'example_bash_operator' retrieved from /home/airflow/.local/lib/python3.8/site-packages/airflow/example_dags/example_bash_operator.py
[2024-04-01T22:58:54.709+0000] {logging_mixin.py:188} INFO - [2024-04-01T22:58:54.708+0000] {dag.py:3047} INFO - Sync 1 DAGs
[2024-04-01T22:58:54.739+0000] {logging_mixin.py:188} INFO - [2024-04-01T22:58:54.739+0000] {dag.py:3834} INFO - Setting next_dagrun for example_bash_operator to 2024-03-31 00:00:00+00:00, run_after=2024-04-01 00:00:00+00:00
[2024-04-01T22:58:54.764+0000] {processor.py:183} INFO - Processing /home/airflow/.local/lib/python3.8/site-packages/airflow/example_dags/example_bash_operator.py took 0.118 seconds
[2024-04-01T22:59:25.261+0000] {processor.py:161} INFO - Started process (PID=1504) to work on /home/airflow/.local/lib/python3.8/site-packages/airflow/example_dags/example_bash_operator.py
[2024-04-01T22:59:25.262+0000] {processor.py:830} INFO - Processing file /home/airflow/.local/lib/python3.8/site-packages/airflow/example_dags/example_bash_operator.py for tasks to queue
[2024-04-01T22:59:25.263+0000] {logging_mixin.py:188} INFO - [2024-04-01T22:59:25.263+0000] {dagbag.py:540} INFO - Filling up the DagBag from /home/airflow/.local/lib/python3.8/site-packages/airflow/example_dags/example_bash_operator.py
[2024-04-01T22:59:25.275+0000] {processor.py:840} INFO - DAG(s) 'example_bash_operator' retrieved from /home/airflow/.local/lib/python3.8/site-packages/airflow/example_dags/example_bash_operator.py
[2024-04-01T22:59:25.355+0000] {logging_mixin.py:188} INFO - [2024-04-01T22:59:25.355+0000] {dag.py:3047} INFO - Sync 1 DAGs
[2024-04-01T22:59:25.385+0000] {logging_mixin.py:188} INFO - [2024-04-01T22:59:25.385+0000] {dag.py:3834} INFO - Setting next_dagrun for example_bash_operator to 2024-03-31 00:00:00+00:00, run_after=2024-04-01 00:00:00+00:00
[2024-04-01T22:59:25.410+0000] {processor.py:183} INFO - Processing /home/airflow/.local/lib/python3.8/site-packages/airflow/example_dags/example_bash_operator.py took 0.152 seconds
[2024-04-01T22:59:55.649+0000] {processor.py:161} INFO - Started process (PID=1773) to work on /home/airflow/.local/lib/python3.8/site-packages/airflow/example_dags/example_bash_operator.py
[2024-04-01T22:59:55.651+0000] {processor.py:830} INFO - Processing file /home/airflow/.local/lib/python3.8/site-packages/airflow/example_dags/example_bash_operator.py for tasks to queue
[2024-04-01T22:59:55.653+0000] {logging_mixin.py:188} INFO - [2024-04-01T22:59:55.652+0000] {dagbag.py:540} INFO - Filling up the DagBag from /home/airflow/.local/lib/python3.8/site-packages/airflow/example_dags/example_bash_operator.py
[2024-04-01T22:59:55.671+0000] {processor.py:840} INFO - DAG(s) 'example_bash_operator' retrieved from /home/airflow/.local/lib/python3.8/site-packages/airflow/example_dags/example_bash_operator.py
[2024-04-01T22:59:55.716+0000] {logging_mixin.py:188} INFO - [2024-04-01T22:59:55.716+0000] {dag.py:3047} INFO - Sync 1 DAGs
[2024-04-01T22:59:55.754+0000] {logging_mixin.py:188} INFO - [2024-04-01T22:59:55.753+0000] {dag.py:3834} INFO - Setting next_dagrun for example_bash_operator to 2024-04-01 00:00:00+00:00, run_after=2024-04-02 00:00:00+00:00
[2024-04-01T22:59:55.785+0000] {processor.py:183} INFO - Processing /home/airflow/.local/lib/python3.8/site-packages/airflow/example_dags/example_bash_operator.py took 0.142 seconds
[2024-04-01T23:00:26.170+0000] {processor.py:161} INFO - Started process (PID=2021) to work on /home/airflow/.local/lib/python3.8/site-packages/airflow/example_dags/example_bash_operator.py
[2024-04-01T23:00:26.171+0000] {processor.py:830} INFO - Processing file /home/airflow/.local/lib/python3.8/site-packages/airflow/example_dags/example_bash_operator.py for tasks to queue
[2024-04-01T23:00:26.172+0000] {logging_mixin.py:188} INFO - [2024-04-01T23:00:26.172+0000] {dagbag.py:540} INFO - Filling up the DagBag from /home/airflow/.local/lib/python3.8/site-packages/airflow/example_dags/example_bash_operator.py
[2024-04-01T23:00:26.186+0000] {processor.py:840} INFO - DAG(s) 'example_bash_operator' retrieved from /home/airflow/.local/lib/python3.8/site-packages/airflow/example_dags/example_bash_operator.py
[2024-04-01T23:00:26.215+0000] {logging_mixin.py:188} INFO - [2024-04-01T23:00:26.214+0000] {dag.py:3047} INFO - Sync 1 DAGs
[2024-04-01T23:00:26.241+0000] {logging_mixin.py:188} INFO - [2024-04-01T23:00:26.240+0000] {dag.py:3834} INFO - Setting next_dagrun for example_bash_operator to 2024-04-01 00:00:00+00:00, run_after=2024-04-02 00:00:00+00:00
[2024-04-01T23:00:26.274+0000] {processor.py:183} INFO - Processing /home/airflow/.local/lib/python3.8/site-packages/airflow/example_dags/example_bash_operator.py took 0.108 seconds
[2024-04-01T23:00:56.373+0000] {processor.py:161} INFO - Started process (PID=2268) to work on /home/airflow/.local/lib/python3.8/site-packages/airflow/example_dags/example_bash_operator.py
[2024-04-01T23:00:56.374+0000] {processor.py:830} INFO - Processing file /home/airflow/.local/lib/python3.8/site-packages/airflow/example_dags/example_bash_operator.py for tasks to queue
[2024-04-01T23:00:56.376+0000] {logging_mixin.py:188} INFO - [2024-04-01T23:00:56.375+0000] {dagbag.py:540} INFO - Filling up the DagBag from /home/airflow/.local/lib/python3.8/site-packages/airflow/example_dags/example_bash_operator.py
[2024-04-01T23:00:56.394+0000] {processor.py:840} INFO - DAG(s) 'example_bash_operator' retrieved from /home/airflow/.local/lib/python3.8/site-packages/airflow/example_dags/example_bash_operator.py
[2024-04-01T23:00:56.425+0000] {logging_mixin.py:188} INFO - [2024-04-01T23:00:56.425+0000] {dag.py:3047} INFO - Sync 1 DAGs
[2024-04-01T23:00:56.452+0000] {logging_mixin.py:188} INFO - [2024-04-01T23:00:56.451+0000] {dag.py:3834} INFO - Setting next_dagrun for example_bash_operator to 2024-04-01 00:00:00+00:00, run_after=2024-04-02 00:00:00+00:00
[2024-04-01T23:00:56.478+0000] {processor.py:183} INFO - Processing /home/airflow/.local/lib/python3.8/site-packages/airflow/example_dags/example_bash_operator.py took 0.109 seconds
[2024-04-01T23:01:26.696+0000] {processor.py:161} INFO - Started process (PID=2515) to work on /home/airflow/.local/lib/python3.8/site-packages/airflow/example_dags/example_bash_operator.py
[2024-04-01T23:01:26.698+0000] {processor.py:830} INFO - Processing file /home/airflow/.local/lib/python3.8/site-packages/airflow/example_dags/example_bash_operator.py for tasks to queue
[2024-04-01T23:01:26.699+0000] {logging_mixin.py:188} INFO - [2024-04-01T23:01:26.699+0000] {dagbag.py:540} INFO - Filling up the DagBag from /home/airflow/.local/lib/python3.8/site-packages/airflow/example_dags/example_bash_operator.py
[2024-04-01T23:01:26.712+0000] {processor.py:840} INFO - DAG(s) 'example_bash_operator' retrieved from /home/airflow/.local/lib/python3.8/site-packages/airflow/example_dags/example_bash_operator.py
[2024-04-01T23:01:26.751+0000] {logging_mixin.py:188} INFO - [2024-04-01T23:01:26.750+0000] {dag.py:3047} INFO - Sync 1 DAGs
[2024-04-01T23:01:26.778+0000] {logging_mixin.py:188} INFO - [2024-04-01T23:01:26.777+0000] {dag.py:3834} INFO - Setting next_dagrun for example_bash_operator to 2024-04-01 00:00:00+00:00, run_after=2024-04-02 00:00:00+00:00
[2024-04-01T23:01:26.798+0000] {processor.py:183} INFO - Processing /home/airflow/.local/lib/python3.8/site-packages/airflow/example_dags/example_bash_operator.py took 0.106 seconds
[2024-04-01T23:01:57.349+0000] {processor.py:161} INFO - Started process (PID=2764) to work on /home/airflow/.local/lib/python3.8/site-packages/airflow/example_dags/example_bash_operator.py
[2024-04-01T23:01:57.350+0000] {processor.py:830} INFO - Processing file /home/airflow/.local/lib/python3.8/site-packages/airflow/example_dags/example_bash_operator.py for tasks to queue
[2024-04-01T23:01:57.351+0000] {logging_mixin.py:188} INFO - [2024-04-01T23:01:57.351+0000] {dagbag.py:540} INFO - Filling up the DagBag from /home/airflow/.local/lib/python3.8/site-packages/airflow/example_dags/example_bash_operator.py
[2024-04-01T23:01:57.363+0000] {processor.py:840} INFO - DAG(s) 'example_bash_operator' retrieved from /home/airflow/.local/lib/python3.8/site-packages/airflow/example_dags/example_bash_operator.py
[2024-04-01T23:01:57.394+0000] {logging_mixin.py:188} INFO - [2024-04-01T23:01:57.393+0000] {dag.py:3047} INFO - Sync 1 DAGs
[2024-04-01T23:01:57.419+0000] {logging_mixin.py:188} INFO - [2024-04-01T23:01:57.419+0000] {dag.py:3834} INFO - Setting next_dagrun for example_bash_operator to 2024-04-01 00:00:00+00:00, run_after=2024-04-02 00:00:00+00:00
[2024-04-01T23:01:57.442+0000] {processor.py:183} INFO - Processing /home/airflow/.local/lib/python3.8/site-packages/airflow/example_dags/example_bash_operator.py took 0.096 seconds
[2024-04-01T23:02:27.792+0000] {processor.py:161} INFO - Started process (PID=3011) to work on /home/airflow/.local/lib/python3.8/site-packages/airflow/example_dags/example_bash_operator.py
[2024-04-01T23:02:27.793+0000] {processor.py:830} INFO - Processing file /home/airflow/.local/lib/python3.8/site-packages/airflow/example_dags/example_bash_operator.py for tasks to queue
[2024-04-01T23:02:27.794+0000] {logging_mixin.py:188} INFO - [2024-04-01T23:02:27.793+0000] {dagbag.py:540} INFO - Filling up the DagBag from /home/airflow/.local/lib/python3.8/site-packages/airflow/example_dags/example_bash_operator.py
[2024-04-01T23:02:27.804+0000] {processor.py:840} INFO - DAG(s) 'example_bash_operator' retrieved from /home/airflow/.local/lib/python3.8/site-packages/airflow/example_dags/example_bash_operator.py
[2024-04-01T23:02:27.837+0000] {logging_mixin.py:188} INFO - [2024-04-01T23:02:27.837+0000] {dag.py:3047} INFO - Sync 1 DAGs
[2024-04-01T23:02:27.862+0000] {logging_mixin.py:188} INFO - [2024-04-01T23:02:27.862+0000] {dag.py:3834} INFO - Setting next_dagrun for example_bash_operator to 2024-04-01 00:00:00+00:00, run_after=2024-04-02 00:00:00+00:00
[2024-04-01T23:02:27.897+0000] {processor.py:183} INFO - Processing /home/airflow/.local/lib/python3.8/site-packages/airflow/example_dags/example_bash_operator.py took 0.108 seconds
[2024-04-01T23:02:58.312+0000] {processor.py:161} INFO - Started process (PID=3256) to work on /home/airflow/.local/lib/python3.8/site-packages/airflow/example_dags/example_bash_operator.py
[2024-04-01T23:02:58.313+0000] {processor.py:830} INFO - Processing file /home/airflow/.local/lib/python3.8/site-packages/airflow/example_dags/example_bash_operator.py for tasks to queue
[2024-04-01T23:02:58.314+0000] {logging_mixin.py:188} INFO - [2024-04-01T23:02:58.314+0000] {dagbag.py:540} INFO - Filling up the DagBag from /home/airflow/.local/lib/python3.8/site-packages/airflow/example_dags/example_bash_operator.py
[2024-04-01T23:02:58.325+0000] {processor.py:840} INFO - DAG(s) 'example_bash_operator' retrieved from /home/airflow/.local/lib/python3.8/site-packages/airflow/example_dags/example_bash_operator.py
[2024-04-01T23:02:58.355+0000] {logging_mixin.py:188} INFO - [2024-04-01T23:02:58.355+0000] {dag.py:3047} INFO - Sync 1 DAGs
[2024-04-01T23:02:58.380+0000] {logging_mixin.py:188} INFO - [2024-04-01T23:02:58.380+0000] {dag.py:3834} INFO - Setting next_dagrun for example_bash_operator to 2024-04-01 00:00:00+00:00, run_after=2024-04-02 00:00:00+00:00
[2024-04-01T23:02:58.406+0000] {processor.py:183} INFO - Processing /home/airflow/.local/lib/python3.8/site-packages/airflow/example_dags/example_bash_operator.py took 0.097 seconds
[2024-04-01T23:03:28.655+0000] {processor.py:161} INFO - Started process (PID=3503) to work on /home/airflow/.local/lib/python3.8/site-packages/airflow/example_dags/example_bash_operator.py
[2024-04-01T23:03:28.656+0000] {processor.py:830} INFO - Processing file /home/airflow/.local/lib/python3.8/site-packages/airflow/example_dags/example_bash_operator.py for tasks to queue
[2024-04-01T23:03:28.658+0000] {logging_mixin.py:188} INFO - [2024-04-01T23:03:28.657+0000] {dagbag.py:540} INFO - Filling up the DagBag from /home/airflow/.local/lib/python3.8/site-packages/airflow/example_dags/example_bash_operator.py
[2024-04-01T23:03:28.671+0000] {processor.py:840} INFO - DAG(s) 'example_bash_operator' retrieved from /home/airflow/.local/lib/python3.8/site-packages/airflow/example_dags/example_bash_operator.py
[2024-04-01T23:03:28.706+0000] {logging_mixin.py:188} INFO - [2024-04-01T23:03:28.706+0000] {dag.py:3047} INFO - Sync 1 DAGs
[2024-04-01T23:03:28.730+0000] {logging_mixin.py:188} INFO - [2024-04-01T23:03:28.730+0000] {dag.py:3834} INFO - Setting next_dagrun for example_bash_operator to 2024-04-01 00:00:00+00:00, run_after=2024-04-02 00:00:00+00:00
[2024-04-01T23:03:28.750+0000] {processor.py:183} INFO - Processing /home/airflow/.local/lib/python3.8/site-packages/airflow/example_dags/example_bash_operator.py took 0.098 seconds
[2024-04-01T23:03:59.296+0000] {processor.py:161} INFO - Started process (PID=3750) to work on /home/airflow/.local/lib/python3.8/site-packages/airflow/example_dags/example_bash_operator.py
[2024-04-01T23:03:59.298+0000] {processor.py:830} INFO - Processing file /home/airflow/.local/lib/python3.8/site-packages/airflow/example_dags/example_bash_operator.py for tasks to queue
[2024-04-01T23:03:59.300+0000] {logging_mixin.py:188} INFO - [2024-04-01T23:03:59.299+0000] {dagbag.py:540} INFO - Filling up the DagBag from /home/airflow/.local/lib/python3.8/site-packages/airflow/example_dags/example_bash_operator.py
[2024-04-01T23:03:59.311+0000] {processor.py:840} INFO - DAG(s) 'example_bash_operator' retrieved from /home/airflow/.local/lib/python3.8/site-packages/airflow/example_dags/example_bash_operator.py
[2024-04-01T23:03:59.346+0000] {logging_mixin.py:188} INFO - [2024-04-01T23:03:59.346+0000] {dag.py:3047} INFO - Sync 1 DAGs
[2024-04-01T23:03:59.372+0000] {logging_mixin.py:188} INFO - [2024-04-01T23:03:59.372+0000] {dag.py:3834} INFO - Setting next_dagrun for example_bash_operator to 2024-04-01 00:00:00+00:00, run_after=2024-04-02 00:00:00+00:00
[2024-04-01T23:03:59.395+0000] {processor.py:183} INFO - Processing /home/airflow/.local/lib/python3.8/site-packages/airflow/example_dags/example_bash_operator.py took 0.102 seconds
[2024-04-01T23:04:29.709+0000] {processor.py:161} INFO - Started process (PID=3997) to work on /home/airflow/.local/lib/python3.8/site-packages/airflow/example_dags/example_bash_operator.py
[2024-04-01T23:04:29.710+0000] {processor.py:830} INFO - Processing file /home/airflow/.local/lib/python3.8/site-packages/airflow/example_dags/example_bash_operator.py for tasks to queue
[2024-04-01T23:04:29.711+0000] {logging_mixin.py:188} INFO - [2024-04-01T23:04:29.711+0000] {dagbag.py:540} INFO - Filling up the DagBag from /home/airflow/.local/lib/python3.8/site-packages/airflow/example_dags/example_bash_operator.py
[2024-04-01T23:04:29.723+0000] {processor.py:840} INFO - DAG(s) 'example_bash_operator' retrieved from /home/airflow/.local/lib/python3.8/site-packages/airflow/example_dags/example_bash_operator.py
[2024-04-01T23:04:29.762+0000] {logging_mixin.py:188} INFO - [2024-04-01T23:04:29.761+0000] {dag.py:3047} INFO - Sync 1 DAGs
[2024-04-01T23:04:29.789+0000] {logging_mixin.py:188} INFO - [2024-04-01T23:04:29.788+0000] {dag.py:3834} INFO - Setting next_dagrun for example_bash_operator to 2024-04-01 00:00:00+00:00, run_after=2024-04-02 00:00:00+00:00
[2024-04-01T23:04:29.813+0000] {processor.py:183} INFO - Processing /home/airflow/.local/lib/python3.8/site-packages/airflow/example_dags/example_bash_operator.py took 0.107 seconds
[2024-04-01T23:05:00.829+0000] {processor.py:161} INFO - Started process (PID=4244) to work on /home/airflow/.local/lib/python3.8/site-packages/airflow/example_dags/example_bash_operator.py
[2024-04-01T23:05:00.830+0000] {processor.py:830} INFO - Processing file /home/airflow/.local/lib/python3.8/site-packages/airflow/example_dags/example_bash_operator.py for tasks to queue
[2024-04-01T23:05:00.831+0000] {logging_mixin.py:188} INFO - [2024-04-01T23:05:00.831+0000] {dagbag.py:540} INFO - Filling up the DagBag from /home/airflow/.local/lib/python3.8/site-packages/airflow/example_dags/example_bash_operator.py
[2024-04-01T23:05:00.852+0000] {processor.py:840} INFO - DAG(s) 'example_bash_operator' retrieved from /home/airflow/.local/lib/python3.8/site-packages/airflow/example_dags/example_bash_operator.py
[2024-04-01T23:05:00.901+0000] {logging_mixin.py:188} INFO - [2024-04-01T23:05:00.900+0000] {dag.py:3047} INFO - Sync 1 DAGs
[2024-04-01T23:05:00.948+0000] {logging_mixin.py:188} INFO - [2024-04-01T23:05:00.948+0000] {dag.py:3834} INFO - Setting next_dagrun for example_bash_operator to 2024-04-01 00:00:00+00:00, run_after=2024-04-02 00:00:00+00:00
[2024-04-01T23:05:00.990+0000] {processor.py:183} INFO - Processing /home/airflow/.local/lib/python3.8/site-packages/airflow/example_dags/example_bash_operator.py took 0.165 seconds
[2024-04-01T23:05:31.695+0000] {processor.py:161} INFO - Started process (PID=4492) to work on /home/airflow/.local/lib/python3.8/site-packages/airflow/example_dags/example_bash_operator.py
[2024-04-01T23:05:31.696+0000] {processor.py:830} INFO - Processing file /home/airflow/.local/lib/python3.8/site-packages/airflow/example_dags/example_bash_operator.py for tasks to queue
[2024-04-01T23:05:31.697+0000] {logging_mixin.py:188} INFO - [2024-04-01T23:05:31.697+0000] {dagbag.py:540} INFO - Filling up the DagBag from /home/airflow/.local/lib/python3.8/site-packages/airflow/example_dags/example_bash_operator.py
[2024-04-01T23:05:31.712+0000] {processor.py:840} INFO - DAG(s) 'example_bash_operator' retrieved from /home/airflow/.local/lib/python3.8/site-packages/airflow/example_dags/example_bash_operator.py
[2024-04-01T23:05:31.748+0000] {logging_mixin.py:188} INFO - [2024-04-01T23:05:31.748+0000] {dag.py:3047} INFO - Sync 1 DAGs
[2024-04-01T23:05:31.779+0000] {logging_mixin.py:188} INFO - [2024-04-01T23:05:31.779+0000] {dag.py:3834} INFO - Setting next_dagrun for example_bash_operator to 2024-04-01 00:00:00+00:00, run_after=2024-04-02 00:00:00+00:00
[2024-04-01T23:05:31.802+0000] {processor.py:183} INFO - Processing /home/airflow/.local/lib/python3.8/site-packages/airflow/example_dags/example_bash_operator.py took 0.111 seconds
[2024-04-01T23:06:02.672+0000] {processor.py:161} INFO - Started process (PID=4739) to work on /home/airflow/.local/lib/python3.8/site-packages/airflow/example_dags/example_bash_operator.py
[2024-04-01T23:06:02.673+0000] {processor.py:830} INFO - Processing file /home/airflow/.local/lib/python3.8/site-packages/airflow/example_dags/example_bash_operator.py for tasks to queue
[2024-04-01T23:06:02.674+0000] {logging_mixin.py:188} INFO - [2024-04-01T23:06:02.674+0000] {dagbag.py:540} INFO - Filling up the DagBag from /home/airflow/.local/lib/python3.8/site-packages/airflow/example_dags/example_bash_operator.py
[2024-04-01T23:06:02.686+0000] {processor.py:840} INFO - DAG(s) 'example_bash_operator' retrieved from /home/airflow/.local/lib/python3.8/site-packages/airflow/example_dags/example_bash_operator.py
[2024-04-01T23:06:02.729+0000] {logging_mixin.py:188} INFO - [2024-04-01T23:06:02.728+0000] {dag.py:3047} INFO - Sync 1 DAGs
[2024-04-01T23:06:02.760+0000] {logging_mixin.py:188} INFO - [2024-04-01T23:06:02.760+0000] {dag.py:3834} INFO - Setting next_dagrun for example_bash_operator to 2024-04-01 00:00:00+00:00, run_after=2024-04-02 00:00:00+00:00
[2024-04-01T23:06:02.783+0000] {processor.py:183} INFO - Processing /home/airflow/.local/lib/python3.8/site-packages/airflow/example_dags/example_bash_operator.py took 0.114 seconds
[2024-04-01T23:06:32.937+0000] {processor.py:161} INFO - Started process (PID=4986) to work on /home/airflow/.local/lib/python3.8/site-packages/airflow/example_dags/example_bash_operator.py
[2024-04-01T23:06:32.938+0000] {processor.py:830} INFO - Processing file /home/airflow/.local/lib/python3.8/site-packages/airflow/example_dags/example_bash_operator.py for tasks to queue
[2024-04-01T23:06:32.940+0000] {logging_mixin.py:188} INFO - [2024-04-01T23:06:32.939+0000] {dagbag.py:540} INFO - Filling up the DagBag from /home/airflow/.local/lib/python3.8/site-packages/airflow/example_dags/example_bash_operator.py
[2024-04-01T23:06:32.954+0000] {processor.py:840} INFO - DAG(s) 'example_bash_operator' retrieved from /home/airflow/.local/lib/python3.8/site-packages/airflow/example_dags/example_bash_operator.py
[2024-04-01T23:06:32.989+0000] {logging_mixin.py:188} INFO - [2024-04-01T23:06:32.989+0000] {dag.py:3047} INFO - Sync 1 DAGs
[2024-04-01T23:06:33.018+0000] {logging_mixin.py:188} INFO - [2024-04-01T23:06:33.017+0000] {dag.py:3834} INFO - Setting next_dagrun for example_bash_operator to 2024-04-01 00:00:00+00:00, run_after=2024-04-02 00:00:00+00:00
[2024-04-01T23:06:33.041+0000] {processor.py:183} INFO - Processing /home/airflow/.local/lib/python3.8/site-packages/airflow/example_dags/example_bash_operator.py took 0.107 seconds
[2024-04-01T23:07:03.637+0000] {processor.py:161} INFO - Started process (PID=5233) to work on /home/airflow/.local/lib/python3.8/site-packages/airflow/example_dags/example_bash_operator.py
[2024-04-01T23:07:03.639+0000] {processor.py:830} INFO - Processing file /home/airflow/.local/lib/python3.8/site-packages/airflow/example_dags/example_bash_operator.py for tasks to queue
[2024-04-01T23:07:03.641+0000] {logging_mixin.py:188} INFO - [2024-04-01T23:07:03.640+0000] {dagbag.py:540} INFO - Filling up the DagBag from /home/airflow/.local/lib/python3.8/site-packages/airflow/example_dags/example_bash_operator.py
[2024-04-01T23:07:03.666+0000] {processor.py:840} INFO - DAG(s) 'example_bash_operator' retrieved from /home/airflow/.local/lib/python3.8/site-packages/airflow/example_dags/example_bash_operator.py
[2024-04-01T23:07:03.715+0000] {logging_mixin.py:188} INFO - [2024-04-01T23:07:03.715+0000] {dag.py:3047} INFO - Sync 1 DAGs
[2024-04-01T23:07:03.757+0000] {logging_mixin.py:188} INFO - [2024-04-01T23:07:03.757+0000] {dag.py:3834} INFO - Setting next_dagrun for example_bash_operator to 2024-04-01 00:00:00+00:00, run_after=2024-04-02 00:00:00+00:00
[2024-04-01T23:07:03.786+0000] {processor.py:183} INFO - Processing /home/airflow/.local/lib/python3.8/site-packages/airflow/example_dags/example_bash_operator.py took 0.154 seconds
[2024-04-01T23:07:33.976+0000] {processor.py:161} INFO - Started process (PID=5480) to work on /home/airflow/.local/lib/python3.8/site-packages/airflow/example_dags/example_bash_operator.py
[2024-04-01T23:07:33.977+0000] {processor.py:830} INFO - Processing file /home/airflow/.local/lib/python3.8/site-packages/airflow/example_dags/example_bash_operator.py for tasks to queue
[2024-04-01T23:07:33.978+0000] {logging_mixin.py:188} INFO - [2024-04-01T23:07:33.978+0000] {dagbag.py:540} INFO - Filling up the DagBag from /home/airflow/.local/lib/python3.8/site-packages/airflow/example_dags/example_bash_operator.py
[2024-04-01T23:07:33.993+0000] {processor.py:840} INFO - DAG(s) 'example_bash_operator' retrieved from /home/airflow/.local/lib/python3.8/site-packages/airflow/example_dags/example_bash_operator.py
[2024-04-01T23:07:34.033+0000] {logging_mixin.py:188} INFO - [2024-04-01T23:07:34.032+0000] {dag.py:3047} INFO - Sync 1 DAGs
[2024-04-01T23:07:34.061+0000] {logging_mixin.py:188} INFO - [2024-04-01T23:07:34.061+0000] {dag.py:3834} INFO - Setting next_dagrun for example_bash_operator to 2024-04-01 00:00:00+00:00, run_after=2024-04-02 00:00:00+00:00
[2024-04-01T23:07:34.085+0000] {processor.py:183} INFO - Processing /home/airflow/.local/lib/python3.8/site-packages/airflow/example_dags/example_bash_operator.py took 0.113 seconds
[2024-04-01T23:08:04.414+0000] {processor.py:161} INFO - Started process (PID=5729) to work on /home/airflow/.local/lib/python3.8/site-packages/airflow/example_dags/example_bash_operator.py
[2024-04-01T23:08:04.415+0000] {processor.py:830} INFO - Processing file /home/airflow/.local/lib/python3.8/site-packages/airflow/example_dags/example_bash_operator.py for tasks to queue
[2024-04-01T23:08:04.416+0000] {logging_mixin.py:188} INFO - [2024-04-01T23:08:04.415+0000] {dagbag.py:540} INFO - Filling up the DagBag from /home/airflow/.local/lib/python3.8/site-packages/airflow/example_dags/example_bash_operator.py
[2024-04-01T23:08:04.426+0000] {processor.py:840} INFO - DAG(s) 'example_bash_operator' retrieved from /home/airflow/.local/lib/python3.8/site-packages/airflow/example_dags/example_bash_operator.py
[2024-04-01T23:08:04.459+0000] {logging_mixin.py:188} INFO - [2024-04-01T23:08:04.458+0000] {dag.py:3047} INFO - Sync 1 DAGs
[2024-04-01T23:08:04.487+0000] {logging_mixin.py:188} INFO - [2024-04-01T23:08:04.487+0000] {dag.py:3834} INFO - Setting next_dagrun for example_bash_operator to 2024-04-01 00:00:00+00:00, run_after=2024-04-02 00:00:00+00:00
[2024-04-01T23:08:04.511+0000] {processor.py:183} INFO - Processing /home/airflow/.local/lib/python3.8/site-packages/airflow/example_dags/example_bash_operator.py took 0.100 seconds
[2024-04-01T23:08:34.972+0000] {processor.py:161} INFO - Started process (PID=5974) to work on /home/airflow/.local/lib/python3.8/site-packages/airflow/example_dags/example_bash_operator.py
[2024-04-01T23:08:34.974+0000] {processor.py:830} INFO - Processing file /home/airflow/.local/lib/python3.8/site-packages/airflow/example_dags/example_bash_operator.py for tasks to queue
[2024-04-01T23:08:34.975+0000] {logging_mixin.py:188} INFO - [2024-04-01T23:08:34.975+0000] {dagbag.py:540} INFO - Filling up the DagBag from /home/airflow/.local/lib/python3.8/site-packages/airflow/example_dags/example_bash_operator.py
[2024-04-01T23:08:34.986+0000] {processor.py:840} INFO - DAG(s) 'example_bash_operator' retrieved from /home/airflow/.local/lib/python3.8/site-packages/airflow/example_dags/example_bash_operator.py
[2024-04-01T23:08:35.018+0000] {logging_mixin.py:188} INFO - [2024-04-01T23:08:35.017+0000] {dag.py:3047} INFO - Sync 1 DAGs
[2024-04-01T23:08:35.043+0000] {logging_mixin.py:188} INFO - [2024-04-01T23:08:35.042+0000] {dag.py:3834} INFO - Setting next_dagrun for example_bash_operator to 2024-04-01 00:00:00+00:00, run_after=2024-04-02 00:00:00+00:00
[2024-04-01T23:08:35.068+0000] {processor.py:183} INFO - Processing /home/airflow/.local/lib/python3.8/site-packages/airflow/example_dags/example_bash_operator.py took 0.098 seconds
[2024-04-01T23:09:05.295+0000] {processor.py:161} INFO - Started process (PID=6221) to work on /home/airflow/.local/lib/python3.8/site-packages/airflow/example_dags/example_bash_operator.py
[2024-04-01T23:09:05.296+0000] {processor.py:830} INFO - Processing file /home/airflow/.local/lib/python3.8/site-packages/airflow/example_dags/example_bash_operator.py for tasks to queue
[2024-04-01T23:09:05.297+0000] {logging_mixin.py:188} INFO - [2024-04-01T23:09:05.297+0000] {dagbag.py:540} INFO - Filling up the DagBag from /home/airflow/.local/lib/python3.8/site-packages/airflow/example_dags/example_bash_operator.py
[2024-04-01T23:09:05.308+0000] {processor.py:840} INFO - DAG(s) 'example_bash_operator' retrieved from /home/airflow/.local/lib/python3.8/site-packages/airflow/example_dags/example_bash_operator.py
[2024-04-01T23:09:05.344+0000] {logging_mixin.py:188} INFO - [2024-04-01T23:09:05.343+0000] {dag.py:3047} INFO - Sync 1 DAGs
[2024-04-01T23:09:05.376+0000] {logging_mixin.py:188} INFO - [2024-04-01T23:09:05.376+0000] {dag.py:3834} INFO - Setting next_dagrun for example_bash_operator to 2024-04-01 00:00:00+00:00, run_after=2024-04-02 00:00:00+00:00
[2024-04-01T23:09:05.402+0000] {processor.py:183} INFO - Processing /home/airflow/.local/lib/python3.8/site-packages/airflow/example_dags/example_bash_operator.py took 0.110 seconds
[2024-04-01T23:09:35.608+0000] {processor.py:161} INFO - Started process (PID=6469) to work on /home/airflow/.local/lib/python3.8/site-packages/airflow/example_dags/example_bash_operator.py
[2024-04-01T23:09:35.609+0000] {processor.py:830} INFO - Processing file /home/airflow/.local/lib/python3.8/site-packages/airflow/example_dags/example_bash_operator.py for tasks to queue
[2024-04-01T23:09:35.610+0000] {logging_mixin.py:188} INFO - [2024-04-01T23:09:35.610+0000] {dagbag.py:540} INFO - Filling up the DagBag from /home/airflow/.local/lib/python3.8/site-packages/airflow/example_dags/example_bash_operator.py
[2024-04-01T23:09:35.622+0000] {processor.py:840} INFO - DAG(s) 'example_bash_operator' retrieved from /home/airflow/.local/lib/python3.8/site-packages/airflow/example_dags/example_bash_operator.py
[2024-04-01T23:09:35.657+0000] {logging_mixin.py:188} INFO - [2024-04-01T23:09:35.657+0000] {dag.py:3047} INFO - Sync 1 DAGs
[2024-04-01T23:09:35.685+0000] {logging_mixin.py:188} INFO - [2024-04-01T23:09:35.684+0000] {dag.py:3834} INFO - Setting next_dagrun for example_bash_operator to 2024-04-01 00:00:00+00:00, run_after=2024-04-02 00:00:00+00:00
[2024-04-01T23:09:35.713+0000] {processor.py:183} INFO - Processing /home/airflow/.local/lib/python3.8/site-packages/airflow/example_dags/example_bash_operator.py took 0.108 seconds
[2024-04-01T23:10:06.135+0000] {processor.py:161} INFO - Started process (PID=6716) to work on /home/airflow/.local/lib/python3.8/site-packages/airflow/example_dags/example_bash_operator.py
[2024-04-01T23:10:06.136+0000] {processor.py:830} INFO - Processing file /home/airflow/.local/lib/python3.8/site-packages/airflow/example_dags/example_bash_operator.py for tasks to queue
[2024-04-01T23:10:06.137+0000] {logging_mixin.py:188} INFO - [2024-04-01T23:10:06.137+0000] {dagbag.py:540} INFO - Filling up the DagBag from /home/airflow/.local/lib/python3.8/site-packages/airflow/example_dags/example_bash_operator.py
[2024-04-01T23:10:06.149+0000] {processor.py:840} INFO - DAG(s) 'example_bash_operator' retrieved from /home/airflow/.local/lib/python3.8/site-packages/airflow/example_dags/example_bash_operator.py
[2024-04-01T23:10:06.188+0000] {logging_mixin.py:188} INFO - [2024-04-01T23:10:06.187+0000] {dag.py:3047} INFO - Sync 1 DAGs
[2024-04-01T23:10:06.217+0000] {logging_mixin.py:188} INFO - [2024-04-01T23:10:06.216+0000] {dag.py:3834} INFO - Setting next_dagrun for example_bash_operator to 2024-04-01 00:00:00+00:00, run_after=2024-04-02 00:00:00+00:00
[2024-04-01T23:10:06.243+0000] {processor.py:183} INFO - Processing /home/airflow/.local/lib/python3.8/site-packages/airflow/example_dags/example_bash_operator.py took 0.111 seconds
[2024-04-01T23:10:36.425+0000] {processor.py:161} INFO - Started process (PID=6963) to work on /home/airflow/.local/lib/python3.8/site-packages/airflow/example_dags/example_bash_operator.py
[2024-04-01T23:10:36.426+0000] {processor.py:830} INFO - Processing file /home/airflow/.local/lib/python3.8/site-packages/airflow/example_dags/example_bash_operator.py for tasks to queue
[2024-04-01T23:10:36.427+0000] {logging_mixin.py:188} INFO - [2024-04-01T23:10:36.427+0000] {dagbag.py:540} INFO - Filling up the DagBag from /home/airflow/.local/lib/python3.8/site-packages/airflow/example_dags/example_bash_operator.py
[2024-04-01T23:10:36.439+0000] {processor.py:840} INFO - DAG(s) 'example_bash_operator' retrieved from /home/airflow/.local/lib/python3.8/site-packages/airflow/example_dags/example_bash_operator.py
[2024-04-01T23:10:36.471+0000] {logging_mixin.py:188} INFO - [2024-04-01T23:10:36.471+0000] {dag.py:3047} INFO - Sync 1 DAGs
[2024-04-01T23:10:36.502+0000] {logging_mixin.py:188} INFO - [2024-04-01T23:10:36.502+0000] {dag.py:3834} INFO - Setting next_dagrun for example_bash_operator to 2024-04-01 00:00:00+00:00, run_after=2024-04-02 00:00:00+00:00
[2024-04-01T23:10:36.526+0000] {processor.py:183} INFO - Processing /home/airflow/.local/lib/python3.8/site-packages/airflow/example_dags/example_bash_operator.py took 0.104 seconds
[2024-04-01T23:11:06.841+0000] {processor.py:161} INFO - Started process (PID=7216) to work on /home/airflow/.local/lib/python3.8/site-packages/airflow/example_dags/example_bash_operator.py
[2024-04-01T23:11:06.842+0000] {processor.py:830} INFO - Processing file /home/airflow/.local/lib/python3.8/site-packages/airflow/example_dags/example_bash_operator.py for tasks to queue
[2024-04-01T23:11:06.843+0000] {logging_mixin.py:188} INFO - [2024-04-01T23:11:06.842+0000] {dagbag.py:540} INFO - Filling up the DagBag from /home/airflow/.local/lib/python3.8/site-packages/airflow/example_dags/example_bash_operator.py
[2024-04-01T23:11:06.855+0000] {processor.py:840} INFO - DAG(s) 'example_bash_operator' retrieved from /home/airflow/.local/lib/python3.8/site-packages/airflow/example_dags/example_bash_operator.py
[2024-04-01T23:11:06.886+0000] {logging_mixin.py:188} INFO - [2024-04-01T23:11:06.885+0000] {dag.py:3047} INFO - Sync 1 DAGs
[2024-04-01T23:11:06.913+0000] {logging_mixin.py:188} INFO - [2024-04-01T23:11:06.912+0000] {dag.py:3834} INFO - Setting next_dagrun for example_bash_operator to 2024-04-01 00:00:00+00:00, run_after=2024-04-02 00:00:00+00:00
[2024-04-01T23:11:06.937+0000] {processor.py:183} INFO - Processing /home/airflow/.local/lib/python3.8/site-packages/airflow/example_dags/example_bash_operator.py took 0.099 seconds
[2024-04-01T23:11:37.473+0000] {processor.py:161} INFO - Started process (PID=7465) to work on /home/airflow/.local/lib/python3.8/site-packages/airflow/example_dags/example_bash_operator.py
[2024-04-01T23:11:37.474+0000] {processor.py:830} INFO - Processing file /home/airflow/.local/lib/python3.8/site-packages/airflow/example_dags/example_bash_operator.py for tasks to queue
[2024-04-01T23:11:37.475+0000] {logging_mixin.py:188} INFO - [2024-04-01T23:11:37.475+0000] {dagbag.py:540} INFO - Filling up the DagBag from /home/airflow/.local/lib/python3.8/site-packages/airflow/example_dags/example_bash_operator.py
[2024-04-01T23:11:37.486+0000] {processor.py:840} INFO - DAG(s) 'example_bash_operator' retrieved from /home/airflow/.local/lib/python3.8/site-packages/airflow/example_dags/example_bash_operator.py
[2024-04-01T23:11:37.517+0000] {logging_mixin.py:188} INFO - [2024-04-01T23:11:37.517+0000] {dag.py:3047} INFO - Sync 1 DAGs
[2024-04-01T23:11:37.539+0000] {logging_mixin.py:188} INFO - [2024-04-01T23:11:37.539+0000] {dag.py:3834} INFO - Setting next_dagrun for example_bash_operator to 2024-04-01 00:00:00+00:00, run_after=2024-04-02 00:00:00+00:00
[2024-04-01T23:11:37.565+0000] {processor.py:183} INFO - Processing /home/airflow/.local/lib/python3.8/site-packages/airflow/example_dags/example_bash_operator.py took 0.095 seconds
[2024-04-01T23:12:07.924+0000] {processor.py:161} INFO - Started process (PID=7710) to work on /home/airflow/.local/lib/python3.8/site-packages/airflow/example_dags/example_bash_operator.py
[2024-04-01T23:12:07.925+0000] {processor.py:830} INFO - Processing file /home/airflow/.local/lib/python3.8/site-packages/airflow/example_dags/example_bash_operator.py for tasks to queue
[2024-04-01T23:12:07.926+0000] {logging_mixin.py:188} INFO - [2024-04-01T23:12:07.925+0000] {dagbag.py:540} INFO - Filling up the DagBag from /home/airflow/.local/lib/python3.8/site-packages/airflow/example_dags/example_bash_operator.py
[2024-04-01T23:12:07.937+0000] {processor.py:840} INFO - DAG(s) 'example_bash_operator' retrieved from /home/airflow/.local/lib/python3.8/site-packages/airflow/example_dags/example_bash_operator.py
[2024-04-01T23:12:07.970+0000] {logging_mixin.py:188} INFO - [2024-04-01T23:12:07.970+0000] {dag.py:3047} INFO - Sync 1 DAGs
[2024-04-01T23:12:07.994+0000] {logging_mixin.py:188} INFO - [2024-04-01T23:12:07.994+0000] {dag.py:3834} INFO - Setting next_dagrun for example_bash_operator to 2024-04-01 00:00:00+00:00, run_after=2024-04-02 00:00:00+00:00
[2024-04-01T23:12:08.018+0000] {processor.py:183} INFO - Processing /home/airflow/.local/lib/python3.8/site-packages/airflow/example_dags/example_bash_operator.py took 0.097 seconds
[2024-04-01T23:12:38.461+0000] {processor.py:161} INFO - Started process (PID=7958) to work on /home/airflow/.local/lib/python3.8/site-packages/airflow/example_dags/example_bash_operator.py
[2024-04-01T23:12:38.463+0000] {processor.py:830} INFO - Processing file /home/airflow/.local/lib/python3.8/site-packages/airflow/example_dags/example_bash_operator.py for tasks to queue
[2024-04-01T23:12:38.464+0000] {logging_mixin.py:188} INFO - [2024-04-01T23:12:38.463+0000] {dagbag.py:540} INFO - Filling up the DagBag from /home/airflow/.local/lib/python3.8/site-packages/airflow/example_dags/example_bash_operator.py
[2024-04-01T23:12:38.475+0000] {processor.py:840} INFO - DAG(s) 'example_bash_operator' retrieved from /home/airflow/.local/lib/python3.8/site-packages/airflow/example_dags/example_bash_operator.py
[2024-04-01T23:12:38.508+0000] {logging_mixin.py:188} INFO - [2024-04-01T23:12:38.508+0000] {dag.py:3047} INFO - Sync 1 DAGs
[2024-04-01T23:12:38.533+0000] {logging_mixin.py:188} INFO - [2024-04-01T23:12:38.533+0000] {dag.py:3834} INFO - Setting next_dagrun for example_bash_operator to 2024-04-01 00:00:00+00:00, run_after=2024-04-02 00:00:00+00:00
[2024-04-01T23:12:38.558+0000] {processor.py:183} INFO - Processing /home/airflow/.local/lib/python3.8/site-packages/airflow/example_dags/example_bash_operator.py took 0.099 seconds
[2024-04-01T23:13:08.987+0000] {processor.py:161} INFO - Started process (PID=8205) to work on /home/airflow/.local/lib/python3.8/site-packages/airflow/example_dags/example_bash_operator.py
[2024-04-01T23:13:08.988+0000] {processor.py:830} INFO - Processing file /home/airflow/.local/lib/python3.8/site-packages/airflow/example_dags/example_bash_operator.py for tasks to queue
[2024-04-01T23:13:08.989+0000] {logging_mixin.py:188} INFO - [2024-04-01T23:13:08.988+0000] {dagbag.py:540} INFO - Filling up the DagBag from /home/airflow/.local/lib/python3.8/site-packages/airflow/example_dags/example_bash_operator.py
[2024-04-01T23:13:09.000+0000] {processor.py:840} INFO - DAG(s) 'example_bash_operator' retrieved from /home/airflow/.local/lib/python3.8/site-packages/airflow/example_dags/example_bash_operator.py
[2024-04-01T23:13:09.031+0000] {logging_mixin.py:188} INFO - [2024-04-01T23:13:09.031+0000] {dag.py:3047} INFO - Sync 1 DAGs
[2024-04-01T23:13:09.056+0000] {logging_mixin.py:188} INFO - [2024-04-01T23:13:09.055+0000] {dag.py:3834} INFO - Setting next_dagrun for example_bash_operator to 2024-04-01 00:00:00+00:00, run_after=2024-04-02 00:00:00+00:00
[2024-04-01T23:13:09.081+0000] {processor.py:183} INFO - Processing /home/airflow/.local/lib/python3.8/site-packages/airflow/example_dags/example_bash_operator.py took 0.097 seconds
[2024-04-01T23:13:39.601+0000] {processor.py:161} INFO - Started process (PID=8453) to work on /home/airflow/.local/lib/python3.8/site-packages/airflow/example_dags/example_bash_operator.py
[2024-04-01T23:13:39.602+0000] {processor.py:830} INFO - Processing file /home/airflow/.local/lib/python3.8/site-packages/airflow/example_dags/example_bash_operator.py for tasks to queue
[2024-04-01T23:13:39.604+0000] {logging_mixin.py:188} INFO - [2024-04-01T23:13:39.604+0000] {dagbag.py:540} INFO - Filling up the DagBag from /home/airflow/.local/lib/python3.8/site-packages/airflow/example_dags/example_bash_operator.py
[2024-04-01T23:13:39.617+0000] {processor.py:840} INFO - DAG(s) 'example_bash_operator' retrieved from /home/airflow/.local/lib/python3.8/site-packages/airflow/example_dags/example_bash_operator.py
[2024-04-01T23:13:39.656+0000] {logging_mixin.py:188} INFO - [2024-04-01T23:13:39.656+0000] {dag.py:3047} INFO - Sync 1 DAGs
[2024-04-01T23:13:39.684+0000] {logging_mixin.py:188} INFO - [2024-04-01T23:13:39.684+0000] {dag.py:3834} INFO - Setting next_dagrun for example_bash_operator to 2024-04-01 00:00:00+00:00, run_after=2024-04-02 00:00:00+00:00
[2024-04-01T23:13:39.713+0000] {processor.py:183} INFO - Processing /home/airflow/.local/lib/python3.8/site-packages/airflow/example_dags/example_bash_operator.py took 0.115 seconds
[2024-04-01T23:14:09.880+0000] {processor.py:161} INFO - Started process (PID=8700) to work on /home/airflow/.local/lib/python3.8/site-packages/airflow/example_dags/example_bash_operator.py
[2024-04-01T23:14:09.882+0000] {processor.py:830} INFO - Processing file /home/airflow/.local/lib/python3.8/site-packages/airflow/example_dags/example_bash_operator.py for tasks to queue
[2024-04-01T23:14:09.883+0000] {logging_mixin.py:188} INFO - [2024-04-01T23:14:09.883+0000] {dagbag.py:540} INFO - Filling up the DagBag from /home/airflow/.local/lib/python3.8/site-packages/airflow/example_dags/example_bash_operator.py
[2024-04-01T23:14:09.895+0000] {processor.py:840} INFO - DAG(s) 'example_bash_operator' retrieved from /home/airflow/.local/lib/python3.8/site-packages/airflow/example_dags/example_bash_operator.py
[2024-04-01T23:14:09.931+0000] {logging_mixin.py:188} INFO - [2024-04-01T23:14:09.931+0000] {dag.py:3047} INFO - Sync 1 DAGs
[2024-04-01T23:14:09.964+0000] {logging_mixin.py:188} INFO - [2024-04-01T23:14:09.964+0000] {dag.py:3834} INFO - Setting next_dagrun for example_bash_operator to 2024-04-01 00:00:00+00:00, run_after=2024-04-02 00:00:00+00:00
[2024-04-01T23:14:09.989+0000] {processor.py:183} INFO - Processing /home/airflow/.local/lib/python3.8/site-packages/airflow/example_dags/example_bash_operator.py took 0.112 seconds
[2024-04-01T23:14:40.597+0000] {processor.py:161} INFO - Started process (PID=8947) to work on /home/airflow/.local/lib/python3.8/site-packages/airflow/example_dags/example_bash_operator.py
[2024-04-01T23:14:40.598+0000] {processor.py:830} INFO - Processing file /home/airflow/.local/lib/python3.8/site-packages/airflow/example_dags/example_bash_operator.py for tasks to queue
[2024-04-01T23:14:40.600+0000] {logging_mixin.py:188} INFO - [2024-04-01T23:14:40.599+0000] {dagbag.py:540} INFO - Filling up the DagBag from /home/airflow/.local/lib/python3.8/site-packages/airflow/example_dags/example_bash_operator.py
[2024-04-01T23:14:40.612+0000] {processor.py:840} INFO - DAG(s) 'example_bash_operator' retrieved from /home/airflow/.local/lib/python3.8/site-packages/airflow/example_dags/example_bash_operator.py
[2024-04-01T23:14:40.649+0000] {logging_mixin.py:188} INFO - [2024-04-01T23:14:40.649+0000] {dag.py:3047} INFO - Sync 1 DAGs
[2024-04-01T23:14:40.681+0000] {logging_mixin.py:188} INFO - [2024-04-01T23:14:40.681+0000] {dag.py:3834} INFO - Setting next_dagrun for example_bash_operator to 2024-04-01 00:00:00+00:00, run_after=2024-04-02 00:00:00+00:00
[2024-04-01T23:14:40.707+0000] {processor.py:183} INFO - Processing /home/airflow/.local/lib/python3.8/site-packages/airflow/example_dags/example_bash_operator.py took 0.112 seconds
[2024-04-01T23:15:11.748+0000] {processor.py:161} INFO - Started process (PID=9194) to work on /home/airflow/.local/lib/python3.8/site-packages/airflow/example_dags/example_bash_operator.py
[2024-04-01T23:15:11.749+0000] {processor.py:830} INFO - Processing file /home/airflow/.local/lib/python3.8/site-packages/airflow/example_dags/example_bash_operator.py for tasks to queue
[2024-04-01T23:15:11.750+0000] {logging_mixin.py:188} INFO - [2024-04-01T23:15:11.750+0000] {dagbag.py:540} INFO - Filling up the DagBag from /home/airflow/.local/lib/python3.8/site-packages/airflow/example_dags/example_bash_operator.py
[2024-04-01T23:15:11.762+0000] {processor.py:840} INFO - DAG(s) 'example_bash_operator' retrieved from /home/airflow/.local/lib/python3.8/site-packages/airflow/example_dags/example_bash_operator.py
[2024-04-01T23:15:11.796+0000] {logging_mixin.py:188} INFO - [2024-04-01T23:15:11.796+0000] {dag.py:3047} INFO - Sync 1 DAGs
[2024-04-01T23:15:11.825+0000] {logging_mixin.py:188} INFO - [2024-04-01T23:15:11.824+0000] {dag.py:3834} INFO - Setting next_dagrun for example_bash_operator to 2024-04-01 00:00:00+00:00, run_after=2024-04-02 00:00:00+00:00
[2024-04-01T23:15:11.846+0000] {processor.py:183} INFO - Processing /home/airflow/.local/lib/python3.8/site-packages/airflow/example_dags/example_bash_operator.py took 0.100 seconds
[2024-04-01T23:15:42.434+0000] {processor.py:161} INFO - Started process (PID=9441) to work on /home/airflow/.local/lib/python3.8/site-packages/airflow/example_dags/example_bash_operator.py
[2024-04-01T23:15:42.435+0000] {processor.py:830} INFO - Processing file /home/airflow/.local/lib/python3.8/site-packages/airflow/example_dags/example_bash_operator.py for tasks to queue
[2024-04-01T23:15:42.436+0000] {logging_mixin.py:188} INFO - [2024-04-01T23:15:42.436+0000] {dagbag.py:540} INFO - Filling up the DagBag from /home/airflow/.local/lib/python3.8/site-packages/airflow/example_dags/example_bash_operator.py
[2024-04-01T23:15:42.447+0000] {processor.py:840} INFO - DAG(s) 'example_bash_operator' retrieved from /home/airflow/.local/lib/python3.8/site-packages/airflow/example_dags/example_bash_operator.py
[2024-04-01T23:15:42.481+0000] {logging_mixin.py:188} INFO - [2024-04-01T23:15:42.480+0000] {dag.py:3047} INFO - Sync 1 DAGs
[2024-04-01T23:15:42.509+0000] {logging_mixin.py:188} INFO - [2024-04-01T23:15:42.508+0000] {dag.py:3834} INFO - Setting next_dagrun for example_bash_operator to 2024-04-01 00:00:00+00:00, run_after=2024-04-02 00:00:00+00:00
[2024-04-01T23:15:42.536+0000] {processor.py:183} INFO - Processing /home/airflow/.local/lib/python3.8/site-packages/airflow/example_dags/example_bash_operator.py took 0.105 seconds
[2024-04-01T23:16:12.803+0000] {processor.py:161} INFO - Started process (PID=9688) to work on /home/airflow/.local/lib/python3.8/site-packages/airflow/example_dags/example_bash_operator.py
[2024-04-01T23:16:12.804+0000] {processor.py:830} INFO - Processing file /home/airflow/.local/lib/python3.8/site-packages/airflow/example_dags/example_bash_operator.py for tasks to queue
[2024-04-01T23:16:12.806+0000] {logging_mixin.py:188} INFO - [2024-04-01T23:16:12.805+0000] {dagbag.py:540} INFO - Filling up the DagBag from /home/airflow/.local/lib/python3.8/site-packages/airflow/example_dags/example_bash_operator.py
[2024-04-01T23:16:12.818+0000] {processor.py:840} INFO - DAG(s) 'example_bash_operator' retrieved from /home/airflow/.local/lib/python3.8/site-packages/airflow/example_dags/example_bash_operator.py
[2024-04-01T23:16:12.850+0000] {logging_mixin.py:188} INFO - [2024-04-01T23:16:12.850+0000] {dag.py:3047} INFO - Sync 1 DAGs
[2024-04-01T23:16:12.879+0000] {logging_mixin.py:188} INFO - [2024-04-01T23:16:12.879+0000] {dag.py:3834} INFO - Setting next_dagrun for example_bash_operator to 2024-04-01 00:00:00+00:00, run_after=2024-04-02 00:00:00+00:00
[2024-04-01T23:16:12.909+0000] {processor.py:183} INFO - Processing /home/airflow/.local/lib/python3.8/site-packages/airflow/example_dags/example_bash_operator.py took 0.109 seconds
[2024-04-01T23:16:43.223+0000] {processor.py:161} INFO - Started process (PID=9935) to work on /home/airflow/.local/lib/python3.8/site-packages/airflow/example_dags/example_bash_operator.py
[2024-04-01T23:16:43.224+0000] {processor.py:830} INFO - Processing file /home/airflow/.local/lib/python3.8/site-packages/airflow/example_dags/example_bash_operator.py for tasks to queue
[2024-04-01T23:16:43.225+0000] {logging_mixin.py:188} INFO - [2024-04-01T23:16:43.225+0000] {dagbag.py:540} INFO - Filling up the DagBag from /home/airflow/.local/lib/python3.8/site-packages/airflow/example_dags/example_bash_operator.py
[2024-04-01T23:16:43.237+0000] {processor.py:840} INFO - DAG(s) 'example_bash_operator' retrieved from /home/airflow/.local/lib/python3.8/site-packages/airflow/example_dags/example_bash_operator.py
[2024-04-01T23:16:43.272+0000] {logging_mixin.py:188} INFO - [2024-04-01T23:16:43.272+0000] {dag.py:3047} INFO - Sync 1 DAGs
[2024-04-01T23:16:43.307+0000] {logging_mixin.py:188} INFO - [2024-04-01T23:16:43.307+0000] {dag.py:3834} INFO - Setting next_dagrun for example_bash_operator to 2024-04-01 00:00:00+00:00, run_after=2024-04-02 00:00:00+00:00
[2024-04-01T23:16:43.332+0000] {processor.py:183} INFO - Processing /home/airflow/.local/lib/python3.8/site-packages/airflow/example_dags/example_bash_operator.py took 0.113 seconds
[2024-04-01T23:17:13.712+0000] {processor.py:161} INFO - Started process (PID=10182) to work on /home/airflow/.local/lib/python3.8/site-packages/airflow/example_dags/example_bash_operator.py
[2024-04-01T23:17:13.713+0000] {processor.py:830} INFO - Processing file /home/airflow/.local/lib/python3.8/site-packages/airflow/example_dags/example_bash_operator.py for tasks to queue
[2024-04-01T23:17:13.714+0000] {logging_mixin.py:188} INFO - [2024-04-01T23:17:13.714+0000] {dagbag.py:540} INFO - Filling up the DagBag from /home/airflow/.local/lib/python3.8/site-packages/airflow/example_dags/example_bash_operator.py
[2024-04-01T23:17:13.726+0000] {processor.py:840} INFO - DAG(s) 'example_bash_operator' retrieved from /home/airflow/.local/lib/python3.8/site-packages/airflow/example_dags/example_bash_operator.py
[2024-04-01T23:17:13.758+0000] {logging_mixin.py:188} INFO - [2024-04-01T23:17:13.757+0000] {dag.py:3047} INFO - Sync 1 DAGs
[2024-04-01T23:17:13.784+0000] {logging_mixin.py:188} INFO - [2024-04-01T23:17:13.784+0000] {dag.py:3834} INFO - Setting next_dagrun for example_bash_operator to 2024-04-01 00:00:00+00:00, run_after=2024-04-02 00:00:00+00:00
[2024-04-01T23:17:13.809+0000] {processor.py:183} INFO - Processing /home/airflow/.local/lib/python3.8/site-packages/airflow/example_dags/example_bash_operator.py took 0.100 seconds
[2024-04-01T23:17:44.307+0000] {processor.py:161} INFO - Started process (PID=10429) to work on /home/airflow/.local/lib/python3.8/site-packages/airflow/example_dags/example_bash_operator.py
[2024-04-01T23:17:44.308+0000] {processor.py:830} INFO - Processing file /home/airflow/.local/lib/python3.8/site-packages/airflow/example_dags/example_bash_operator.py for tasks to queue
[2024-04-01T23:17:44.310+0000] {logging_mixin.py:188} INFO - [2024-04-01T23:17:44.309+0000] {dagbag.py:540} INFO - Filling up the DagBag from /home/airflow/.local/lib/python3.8/site-packages/airflow/example_dags/example_bash_operator.py
[2024-04-01T23:17:44.321+0000] {processor.py:840} INFO - DAG(s) 'example_bash_operator' retrieved from /home/airflow/.local/lib/python3.8/site-packages/airflow/example_dags/example_bash_operator.py
[2024-04-01T23:17:44.355+0000] {logging_mixin.py:188} INFO - [2024-04-01T23:17:44.354+0000] {dag.py:3047} INFO - Sync 1 DAGs
[2024-04-01T23:17:44.381+0000] {logging_mixin.py:188} INFO - [2024-04-01T23:17:44.381+0000] {dag.py:3834} INFO - Setting next_dagrun for example_bash_operator to 2024-04-01 00:00:00+00:00, run_after=2024-04-02 00:00:00+00:00
[2024-04-01T23:17:44.401+0000] {processor.py:183} INFO - Processing /home/airflow/.local/lib/python3.8/site-packages/airflow/example_dags/example_bash_operator.py took 0.096 seconds
[2024-04-01T23:18:14.819+0000] {processor.py:161} INFO - Started process (PID=10678) to work on /home/airflow/.local/lib/python3.8/site-packages/airflow/example_dags/example_bash_operator.py
[2024-04-01T23:18:14.820+0000] {processor.py:830} INFO - Processing file /home/airflow/.local/lib/python3.8/site-packages/airflow/example_dags/example_bash_operator.py for tasks to queue
[2024-04-01T23:18:14.821+0000] {logging_mixin.py:188} INFO - [2024-04-01T23:18:14.821+0000] {dagbag.py:540} INFO - Filling up the DagBag from /home/airflow/.local/lib/python3.8/site-packages/airflow/example_dags/example_bash_operator.py
[2024-04-01T23:18:14.832+0000] {processor.py:840} INFO - DAG(s) 'example_bash_operator' retrieved from /home/airflow/.local/lib/python3.8/site-packages/airflow/example_dags/example_bash_operator.py
[2024-04-01T23:18:14.862+0000] {logging_mixin.py:188} INFO - [2024-04-01T23:18:14.862+0000] {dag.py:3047} INFO - Sync 1 DAGs
[2024-04-01T23:18:14.888+0000] {logging_mixin.py:188} INFO - [2024-04-01T23:18:14.888+0000] {dag.py:3834} INFO - Setting next_dagrun for example_bash_operator to 2024-04-01 00:00:00+00:00, run_after=2024-04-02 00:00:00+00:00
[2024-04-01T23:18:14.910+0000] {processor.py:183} INFO - Processing /home/airflow/.local/lib/python3.8/site-packages/airflow/example_dags/example_bash_operator.py took 0.094 seconds
[2024-04-01T23:18:45.267+0000] {processor.py:161} INFO - Started process (PID=10925) to work on /home/airflow/.local/lib/python3.8/site-packages/airflow/example_dags/example_bash_operator.py
[2024-04-01T23:18:45.268+0000] {processor.py:830} INFO - Processing file /home/airflow/.local/lib/python3.8/site-packages/airflow/example_dags/example_bash_operator.py for tasks to queue
[2024-04-01T23:18:45.269+0000] {logging_mixin.py:188} INFO - [2024-04-01T23:18:45.269+0000] {dagbag.py:540} INFO - Filling up the DagBag from /home/airflow/.local/lib/python3.8/site-packages/airflow/example_dags/example_bash_operator.py
[2024-04-01T23:18:45.280+0000] {processor.py:840} INFO - DAG(s) 'example_bash_operator' retrieved from /home/airflow/.local/lib/python3.8/site-packages/airflow/example_dags/example_bash_operator.py
[2024-04-01T23:18:45.311+0000] {logging_mixin.py:188} INFO - [2024-04-01T23:18:45.311+0000] {dag.py:3047} INFO - Sync 1 DAGs
[2024-04-01T23:18:45.335+0000] {logging_mixin.py:188} INFO - [2024-04-01T23:18:45.335+0000] {dag.py:3834} INFO - Setting next_dagrun for example_bash_operator to 2024-04-01 00:00:00+00:00, run_after=2024-04-02 00:00:00+00:00
[2024-04-01T23:18:45.356+0000] {processor.py:183} INFO - Processing /home/airflow/.local/lib/python3.8/site-packages/airflow/example_dags/example_bash_operator.py took 0.092 seconds
[2024-04-01T23:19:15.715+0000] {processor.py:161} INFO - Started process (PID=11170) to work on /home/airflow/.local/lib/python3.8/site-packages/airflow/example_dags/example_bash_operator.py
[2024-04-01T23:19:15.717+0000] {processor.py:830} INFO - Processing file /home/airflow/.local/lib/python3.8/site-packages/airflow/example_dags/example_bash_operator.py for tasks to queue
[2024-04-01T23:19:15.718+0000] {logging_mixin.py:188} INFO - [2024-04-01T23:19:15.718+0000] {dagbag.py:540} INFO - Filling up the DagBag from /home/airflow/.local/lib/python3.8/site-packages/airflow/example_dags/example_bash_operator.py
[2024-04-01T23:19:15.734+0000] {processor.py:840} INFO - DAG(s) 'example_bash_operator' retrieved from /home/airflow/.local/lib/python3.8/site-packages/airflow/example_dags/example_bash_operator.py
[2024-04-01T23:19:15.770+0000] {logging_mixin.py:188} INFO - [2024-04-01T23:19:15.770+0000] {dag.py:3047} INFO - Sync 1 DAGs
[2024-04-01T23:19:15.797+0000] {logging_mixin.py:188} INFO - [2024-04-01T23:19:15.797+0000] {dag.py:3834} INFO - Setting next_dagrun for example_bash_operator to 2024-04-01 00:00:00+00:00, run_after=2024-04-02 00:00:00+00:00
[2024-04-01T23:19:15.820+0000] {processor.py:183} INFO - Processing /home/airflow/.local/lib/python3.8/site-packages/airflow/example_dags/example_bash_operator.py took 0.108 seconds
[2024-04-01T23:19:46.657+0000] {processor.py:161} INFO - Started process (PID=11419) to work on /home/airflow/.local/lib/python3.8/site-packages/airflow/example_dags/example_bash_operator.py
[2024-04-01T23:19:46.659+0000] {processor.py:830} INFO - Processing file /home/airflow/.local/lib/python3.8/site-packages/airflow/example_dags/example_bash_operator.py for tasks to queue
[2024-04-01T23:19:46.660+0000] {logging_mixin.py:188} INFO - [2024-04-01T23:19:46.659+0000] {dagbag.py:540} INFO - Filling up the DagBag from /home/airflow/.local/lib/python3.8/site-packages/airflow/example_dags/example_bash_operator.py
[2024-04-01T23:19:46.672+0000] {processor.py:840} INFO - DAG(s) 'example_bash_operator' retrieved from /home/airflow/.local/lib/python3.8/site-packages/airflow/example_dags/example_bash_operator.py
[2024-04-01T23:19:46.708+0000] {logging_mixin.py:188} INFO - [2024-04-01T23:19:46.708+0000] {dag.py:3047} INFO - Sync 1 DAGs
[2024-04-01T23:19:46.744+0000] {logging_mixin.py:188} INFO - [2024-04-01T23:19:46.744+0000] {dag.py:3834} INFO - Setting next_dagrun for example_bash_operator to 2024-04-01 00:00:00+00:00, run_after=2024-04-02 00:00:00+00:00
[2024-04-01T23:19:46.777+0000] {processor.py:183} INFO - Processing /home/airflow/.local/lib/python3.8/site-packages/airflow/example_dags/example_bash_operator.py took 0.123 seconds
[2024-04-01T23:20:17.546+0000] {processor.py:161} INFO - Started process (PID=11664) to work on /home/airflow/.local/lib/python3.8/site-packages/airflow/example_dags/example_bash_operator.py
[2024-04-01T23:20:17.547+0000] {processor.py:830} INFO - Processing file /home/airflow/.local/lib/python3.8/site-packages/airflow/example_dags/example_bash_operator.py for tasks to queue
[2024-04-01T23:20:17.548+0000] {logging_mixin.py:188} INFO - [2024-04-01T23:20:17.548+0000] {dagbag.py:540} INFO - Filling up the DagBag from /home/airflow/.local/lib/python3.8/site-packages/airflow/example_dags/example_bash_operator.py
[2024-04-01T23:20:17.560+0000] {processor.py:840} INFO - DAG(s) 'example_bash_operator' retrieved from /home/airflow/.local/lib/python3.8/site-packages/airflow/example_dags/example_bash_operator.py
[2024-04-01T23:20:17.594+0000] {logging_mixin.py:188} INFO - [2024-04-01T23:20:17.594+0000] {dag.py:3047} INFO - Sync 1 DAGs
[2024-04-01T23:20:17.618+0000] {logging_mixin.py:188} INFO - [2024-04-01T23:20:17.618+0000] {dag.py:3834} INFO - Setting next_dagrun for example_bash_operator to 2024-04-01 00:00:00+00:00, run_after=2024-04-02 00:00:00+00:00
[2024-04-01T23:20:17.644+0000] {processor.py:183} INFO - Processing /home/airflow/.local/lib/python3.8/site-packages/airflow/example_dags/example_bash_operator.py took 0.100 seconds
[2024-04-01T23:20:47.927+0000] {processor.py:161} INFO - Started process (PID=11913) to work on /home/airflow/.local/lib/python3.8/site-packages/airflow/example_dags/example_bash_operator.py
[2024-04-01T23:20:47.929+0000] {processor.py:830} INFO - Processing file /home/airflow/.local/lib/python3.8/site-packages/airflow/example_dags/example_bash_operator.py for tasks to queue
[2024-04-01T23:20:47.930+0000] {logging_mixin.py:188} INFO - [2024-04-01T23:20:47.930+0000] {dagbag.py:540} INFO - Filling up the DagBag from /home/airflow/.local/lib/python3.8/site-packages/airflow/example_dags/example_bash_operator.py
[2024-04-01T23:20:47.942+0000] {processor.py:840} INFO - DAG(s) 'example_bash_operator' retrieved from /home/airflow/.local/lib/python3.8/site-packages/airflow/example_dags/example_bash_operator.py
[2024-04-01T23:20:47.982+0000] {logging_mixin.py:188} INFO - [2024-04-01T23:20:47.981+0000] {dag.py:3047} INFO - Sync 1 DAGs
[2024-04-01T23:20:48.007+0000] {logging_mixin.py:188} INFO - [2024-04-01T23:20:48.007+0000] {dag.py:3834} INFO - Setting next_dagrun for example_bash_operator to 2024-04-01 00:00:00+00:00, run_after=2024-04-02 00:00:00+00:00
[2024-04-01T23:20:48.029+0000] {processor.py:183} INFO - Processing /home/airflow/.local/lib/python3.8/site-packages/airflow/example_dags/example_bash_operator.py took 0.106 seconds
