[2024-04-01T22:56:50.895+0000] {processor.py:161} INFO - Started process (PID=217) to work on /home/airflow/.local/lib/python3.8/site-packages/airflow/example_dags/example_complex.py
[2024-04-01T22:56:50.897+0000] {processor.py:830} INFO - Processing file /home/airflow/.local/lib/python3.8/site-packages/airflow/example_dags/example_complex.py for tasks to queue
[2024-04-01T22:56:50.898+0000] {logging_mixin.py:188} INFO - [2024-04-01T22:56:50.898+0000] {dagbag.py:540} INFO - Filling up the DagBag from /home/airflow/.local/lib/python3.8/site-packages/airflow/example_dags/example_complex.py
[2024-04-01T22:56:50.918+0000] {processor.py:840} INFO - DAG(s) 'example_complex' retrieved from /home/airflow/.local/lib/python3.8/site-packages/airflow/example_dags/example_complex.py
[2024-04-01T22:56:50.934+0000] {logging_mixin.py:188} INFO - [2024-04-01T22:56:50.934+0000] {dag.py:3047} INFO - Sync 1 DAGs
[2024-04-01T22:56:50.951+0000] {logging_mixin.py:188} INFO - [2024-04-01T22:56:50.951+0000] {dag.py:3834} INFO - Setting next_dagrun for example_complex to None, run_after=None
[2024-04-01T22:56:50.976+0000] {processor.py:183} INFO - Processing /home/airflow/.local/lib/python3.8/site-packages/airflow/example_dags/example_complex.py took 0.085 seconds
[2024-04-01T22:57:22.014+0000] {processor.py:161} INFO - Started process (PID=466) to work on /home/airflow/.local/lib/python3.8/site-packages/airflow/example_dags/example_complex.py
[2024-04-01T22:57:22.015+0000] {processor.py:830} INFO - Processing file /home/airflow/.local/lib/python3.8/site-packages/airflow/example_dags/example_complex.py for tasks to queue
[2024-04-01T22:57:22.016+0000] {logging_mixin.py:188} INFO - [2024-04-01T22:57:22.015+0000] {dagbag.py:540} INFO - Filling up the DagBag from /home/airflow/.local/lib/python3.8/site-packages/airflow/example_dags/example_complex.py
[2024-04-01T22:57:22.026+0000] {processor.py:840} INFO - DAG(s) 'example_complex' retrieved from /home/airflow/.local/lib/python3.8/site-packages/airflow/example_dags/example_complex.py
[2024-04-01T22:57:22.139+0000] {logging_mixin.py:188} INFO - [2024-04-01T22:57:22.139+0000] {dag.py:3047} INFO - Sync 1 DAGs
[2024-04-01T22:57:22.151+0000] {logging_mixin.py:188} INFO - [2024-04-01T22:57:22.151+0000] {dag.py:3834} INFO - Setting next_dagrun for example_complex to None, run_after=None
[2024-04-01T22:57:22.188+0000] {processor.py:183} INFO - Processing /home/airflow/.local/lib/python3.8/site-packages/airflow/example_dags/example_complex.py took 0.177 seconds
[2024-04-01T22:57:53.078+0000] {processor.py:161} INFO - Started process (PID=713) to work on /home/airflow/.local/lib/python3.8/site-packages/airflow/example_dags/example_complex.py
[2024-04-01T22:57:53.079+0000] {processor.py:830} INFO - Processing file /home/airflow/.local/lib/python3.8/site-packages/airflow/example_dags/example_complex.py for tasks to queue
[2024-04-01T22:57:53.080+0000] {logging_mixin.py:188} INFO - [2024-04-01T22:57:53.080+0000] {dagbag.py:540} INFO - Filling up the DagBag from /home/airflow/.local/lib/python3.8/site-packages/airflow/example_dags/example_complex.py
[2024-04-01T22:57:53.090+0000] {processor.py:840} INFO - DAG(s) 'example_complex' retrieved from /home/airflow/.local/lib/python3.8/site-packages/airflow/example_dags/example_complex.py
[2024-04-01T22:57:53.132+0000] {logging_mixin.py:188} INFO - [2024-04-01T22:57:53.131+0000] {dag.py:3047} INFO - Sync 1 DAGs
[2024-04-01T22:57:53.148+0000] {logging_mixin.py:188} INFO - [2024-04-01T22:57:53.148+0000] {dag.py:3834} INFO - Setting next_dagrun for example_complex to None, run_after=None
[2024-04-01T22:57:53.189+0000] {processor.py:183} INFO - Processing /home/airflow/.local/lib/python3.8/site-packages/airflow/example_dags/example_complex.py took 0.113 seconds
[2024-04-01T22:58:23.562+0000] {processor.py:161} INFO - Started process (PID=960) to work on /home/airflow/.local/lib/python3.8/site-packages/airflow/example_dags/example_complex.py
[2024-04-01T22:58:23.563+0000] {processor.py:830} INFO - Processing file /home/airflow/.local/lib/python3.8/site-packages/airflow/example_dags/example_complex.py for tasks to queue
[2024-04-01T22:58:23.564+0000] {logging_mixin.py:188} INFO - [2024-04-01T22:58:23.563+0000] {dagbag.py:540} INFO - Filling up the DagBag from /home/airflow/.local/lib/python3.8/site-packages/airflow/example_dags/example_complex.py
[2024-04-01T22:58:23.575+0000] {processor.py:840} INFO - DAG(s) 'example_complex' retrieved from /home/airflow/.local/lib/python3.8/site-packages/airflow/example_dags/example_complex.py
[2024-04-01T22:58:23.607+0000] {logging_mixin.py:188} INFO - [2024-04-01T22:58:23.607+0000] {dag.py:3047} INFO - Sync 1 DAGs
[2024-04-01T22:58:23.620+0000] {logging_mixin.py:188} INFO - [2024-04-01T22:58:23.620+0000] {dag.py:3834} INFO - Setting next_dagrun for example_complex to None, run_after=None
[2024-04-01T22:58:23.645+0000] {processor.py:183} INFO - Processing /home/airflow/.local/lib/python3.8/site-packages/airflow/example_dags/example_complex.py took 0.086 seconds
[2024-04-01T22:58:53.813+0000] {processor.py:161} INFO - Started process (PID=1205) to work on /home/airflow/.local/lib/python3.8/site-packages/airflow/example_dags/example_complex.py
[2024-04-01T22:58:53.815+0000] {processor.py:830} INFO - Processing file /home/airflow/.local/lib/python3.8/site-packages/airflow/example_dags/example_complex.py for tasks to queue
[2024-04-01T22:58:53.820+0000] {logging_mixin.py:188} INFO - [2024-04-01T22:58:53.820+0000] {dagbag.py:540} INFO - Filling up the DagBag from /home/airflow/.local/lib/python3.8/site-packages/airflow/example_dags/example_complex.py
[2024-04-01T22:58:53.844+0000] {processor.py:840} INFO - DAG(s) 'example_complex' retrieved from /home/airflow/.local/lib/python3.8/site-packages/airflow/example_dags/example_complex.py
[2024-04-01T22:58:53.905+0000] {logging_mixin.py:188} INFO - [2024-04-01T22:58:53.905+0000] {dag.py:3047} INFO - Sync 1 DAGs
[2024-04-01T22:58:53.933+0000] {logging_mixin.py:188} INFO - [2024-04-01T22:58:53.932+0000] {dag.py:3834} INFO - Setting next_dagrun for example_complex to None, run_after=None
[2024-04-01T22:58:53.960+0000] {processor.py:183} INFO - Processing /home/airflow/.local/lib/python3.8/site-packages/airflow/example_dags/example_complex.py took 0.151 seconds
[2024-04-01T22:59:24.335+0000] {processor.py:161} INFO - Started process (PID=1454) to work on /home/airflow/.local/lib/python3.8/site-packages/airflow/example_dags/example_complex.py
[2024-04-01T22:59:24.336+0000] {processor.py:830} INFO - Processing file /home/airflow/.local/lib/python3.8/site-packages/airflow/example_dags/example_complex.py for tasks to queue
[2024-04-01T22:59:24.337+0000] {logging_mixin.py:188} INFO - [2024-04-01T22:59:24.337+0000] {dagbag.py:540} INFO - Filling up the DagBag from /home/airflow/.local/lib/python3.8/site-packages/airflow/example_dags/example_complex.py
[2024-04-01T22:59:24.347+0000] {processor.py:840} INFO - DAG(s) 'example_complex' retrieved from /home/airflow/.local/lib/python3.8/site-packages/airflow/example_dags/example_complex.py
[2024-04-01T22:59:24.381+0000] {logging_mixin.py:188} INFO - [2024-04-01T22:59:24.381+0000] {dag.py:3047} INFO - Sync 1 DAGs
[2024-04-01T22:59:24.396+0000] {logging_mixin.py:188} INFO - [2024-04-01T22:59:24.395+0000] {dag.py:3834} INFO - Setting next_dagrun for example_complex to None, run_after=None
[2024-04-01T22:59:24.428+0000] {processor.py:183} INFO - Processing /home/airflow/.local/lib/python3.8/site-packages/airflow/example_dags/example_complex.py took 0.096 seconds
[2024-04-01T22:59:54.582+0000] {processor.py:161} INFO - Started process (PID=1725) to work on /home/airflow/.local/lib/python3.8/site-packages/airflow/example_dags/example_complex.py
[2024-04-01T22:59:54.583+0000] {processor.py:830} INFO - Processing file /home/airflow/.local/lib/python3.8/site-packages/airflow/example_dags/example_complex.py for tasks to queue
[2024-04-01T22:59:54.583+0000] {logging_mixin.py:188} INFO - [2024-04-01T22:59:54.583+0000] {dagbag.py:540} INFO - Filling up the DagBag from /home/airflow/.local/lib/python3.8/site-packages/airflow/example_dags/example_complex.py
[2024-04-01T22:59:54.595+0000] {processor.py:840} INFO - DAG(s) 'example_complex' retrieved from /home/airflow/.local/lib/python3.8/site-packages/airflow/example_dags/example_complex.py
[2024-04-01T22:59:54.630+0000] {logging_mixin.py:188} INFO - [2024-04-01T22:59:54.630+0000] {dag.py:3047} INFO - Sync 1 DAGs
[2024-04-01T22:59:54.645+0000] {logging_mixin.py:188} INFO - [2024-04-01T22:59:54.645+0000] {dag.py:3834} INFO - Setting next_dagrun for example_complex to None, run_after=None
[2024-04-01T22:59:54.678+0000] {processor.py:183} INFO - Processing /home/airflow/.local/lib/python3.8/site-packages/airflow/example_dags/example_complex.py took 0.099 seconds
[2024-04-01T23:00:25.205+0000] {processor.py:161} INFO - Started process (PID=1973) to work on /home/airflow/.local/lib/python3.8/site-packages/airflow/example_dags/example_complex.py
[2024-04-01T23:00:25.205+0000] {processor.py:830} INFO - Processing file /home/airflow/.local/lib/python3.8/site-packages/airflow/example_dags/example_complex.py for tasks to queue
[2024-04-01T23:00:25.206+0000] {logging_mixin.py:188} INFO - [2024-04-01T23:00:25.206+0000] {dagbag.py:540} INFO - Filling up the DagBag from /home/airflow/.local/lib/python3.8/site-packages/airflow/example_dags/example_complex.py
[2024-04-01T23:00:25.218+0000] {processor.py:840} INFO - DAG(s) 'example_complex' retrieved from /home/airflow/.local/lib/python3.8/site-packages/airflow/example_dags/example_complex.py
[2024-04-01T23:00:25.252+0000] {logging_mixin.py:188} INFO - [2024-04-01T23:00:25.252+0000] {dag.py:3047} INFO - Sync 1 DAGs
[2024-04-01T23:00:25.267+0000] {logging_mixin.py:188} INFO - [2024-04-01T23:00:25.266+0000] {dag.py:3834} INFO - Setting next_dagrun for example_complex to None, run_after=None
[2024-04-01T23:00:25.292+0000] {processor.py:183} INFO - Processing /home/airflow/.local/lib/python3.8/site-packages/airflow/example_dags/example_complex.py took 0.090 seconds
[2024-04-01T23:00:55.430+0000] {processor.py:161} INFO - Started process (PID=2220) to work on /home/airflow/.local/lib/python3.8/site-packages/airflow/example_dags/example_complex.py
[2024-04-01T23:00:55.431+0000] {processor.py:830} INFO - Processing file /home/airflow/.local/lib/python3.8/site-packages/airflow/example_dags/example_complex.py for tasks to queue
[2024-04-01T23:00:55.432+0000] {logging_mixin.py:188} INFO - [2024-04-01T23:00:55.431+0000] {dagbag.py:540} INFO - Filling up the DagBag from /home/airflow/.local/lib/python3.8/site-packages/airflow/example_dags/example_complex.py
[2024-04-01T23:00:55.443+0000] {processor.py:840} INFO - DAG(s) 'example_complex' retrieved from /home/airflow/.local/lib/python3.8/site-packages/airflow/example_dags/example_complex.py
[2024-04-01T23:00:55.487+0000] {logging_mixin.py:188} INFO - [2024-04-01T23:00:55.487+0000] {dag.py:3047} INFO - Sync 1 DAGs
[2024-04-01T23:00:55.505+0000] {logging_mixin.py:188} INFO - [2024-04-01T23:00:55.505+0000] {dag.py:3834} INFO - Setting next_dagrun for example_complex to None, run_after=None
[2024-04-01T23:00:55.530+0000] {processor.py:183} INFO - Processing /home/airflow/.local/lib/python3.8/site-packages/airflow/example_dags/example_complex.py took 0.103 seconds
[2024-04-01T23:01:25.996+0000] {processor.py:161} INFO - Started process (PID=2465) to work on /home/airflow/.local/lib/python3.8/site-packages/airflow/example_dags/example_complex.py
[2024-04-01T23:01:25.998+0000] {processor.py:830} INFO - Processing file /home/airflow/.local/lib/python3.8/site-packages/airflow/example_dags/example_complex.py for tasks to queue
[2024-04-01T23:01:25.999+0000] {logging_mixin.py:188} INFO - [2024-04-01T23:01:25.999+0000] {dagbag.py:540} INFO - Filling up the DagBag from /home/airflow/.local/lib/python3.8/site-packages/airflow/example_dags/example_complex.py
[2024-04-01T23:01:26.014+0000] {processor.py:840} INFO - DAG(s) 'example_complex' retrieved from /home/airflow/.local/lib/python3.8/site-packages/airflow/example_dags/example_complex.py
[2024-04-01T23:01:26.059+0000] {logging_mixin.py:188} INFO - [2024-04-01T23:01:26.059+0000] {dag.py:3047} INFO - Sync 1 DAGs
[2024-04-01T23:01:26.074+0000] {logging_mixin.py:188} INFO - [2024-04-01T23:01:26.073+0000] {dag.py:3834} INFO - Setting next_dagrun for example_complex to None, run_after=None
[2024-04-01T23:01:26.093+0000] {processor.py:183} INFO - Processing /home/airflow/.local/lib/python3.8/site-packages/airflow/example_dags/example_complex.py took 0.100 seconds
[2024-04-01T23:01:56.562+0000] {processor.py:161} INFO - Started process (PID=2714) to work on /home/airflow/.local/lib/python3.8/site-packages/airflow/example_dags/example_complex.py
[2024-04-01T23:01:56.563+0000] {processor.py:830} INFO - Processing file /home/airflow/.local/lib/python3.8/site-packages/airflow/example_dags/example_complex.py for tasks to queue
[2024-04-01T23:01:56.564+0000] {logging_mixin.py:188} INFO - [2024-04-01T23:01:56.564+0000] {dagbag.py:540} INFO - Filling up the DagBag from /home/airflow/.local/lib/python3.8/site-packages/airflow/example_dags/example_complex.py
[2024-04-01T23:01:56.575+0000] {processor.py:840} INFO - DAG(s) 'example_complex' retrieved from /home/airflow/.local/lib/python3.8/site-packages/airflow/example_dags/example_complex.py
[2024-04-01T23:01:56.609+0000] {logging_mixin.py:188} INFO - [2024-04-01T23:01:56.608+0000] {dag.py:3047} INFO - Sync 1 DAGs
[2024-04-01T23:01:56.621+0000] {logging_mixin.py:188} INFO - [2024-04-01T23:01:56.620+0000] {dag.py:3834} INFO - Setting next_dagrun for example_complex to None, run_after=None
[2024-04-01T23:01:56.652+0000] {processor.py:183} INFO - Processing /home/airflow/.local/lib/python3.8/site-packages/airflow/example_dags/example_complex.py took 0.093 seconds
[2024-04-01T23:02:26.994+0000] {processor.py:161} INFO - Started process (PID=2961) to work on /home/airflow/.local/lib/python3.8/site-packages/airflow/example_dags/example_complex.py
[2024-04-01T23:02:26.995+0000] {processor.py:830} INFO - Processing file /home/airflow/.local/lib/python3.8/site-packages/airflow/example_dags/example_complex.py for tasks to queue
[2024-04-01T23:02:26.996+0000] {logging_mixin.py:188} INFO - [2024-04-01T23:02:26.996+0000] {dagbag.py:540} INFO - Filling up the DagBag from /home/airflow/.local/lib/python3.8/site-packages/airflow/example_dags/example_complex.py
[2024-04-01T23:02:27.007+0000] {processor.py:840} INFO - DAG(s) 'example_complex' retrieved from /home/airflow/.local/lib/python3.8/site-packages/airflow/example_dags/example_complex.py
[2024-04-01T23:02:27.039+0000] {logging_mixin.py:188} INFO - [2024-04-01T23:02:27.038+0000] {dag.py:3047} INFO - Sync 1 DAGs
[2024-04-01T23:02:27.052+0000] {logging_mixin.py:188} INFO - [2024-04-01T23:02:27.052+0000] {dag.py:3834} INFO - Setting next_dagrun for example_complex to None, run_after=None
[2024-04-01T23:02:27.084+0000] {processor.py:183} INFO - Processing /home/airflow/.local/lib/python3.8/site-packages/airflow/example_dags/example_complex.py took 0.092 seconds
[2024-04-01T23:02:57.421+0000] {processor.py:161} INFO - Started process (PID=3208) to work on /home/airflow/.local/lib/python3.8/site-packages/airflow/example_dags/example_complex.py
[2024-04-01T23:02:57.422+0000] {processor.py:830} INFO - Processing file /home/airflow/.local/lib/python3.8/site-packages/airflow/example_dags/example_complex.py for tasks to queue
[2024-04-01T23:02:57.423+0000] {logging_mixin.py:188} INFO - [2024-04-01T23:02:57.422+0000] {dagbag.py:540} INFO - Filling up the DagBag from /home/airflow/.local/lib/python3.8/site-packages/airflow/example_dags/example_complex.py
[2024-04-01T23:02:57.433+0000] {processor.py:840} INFO - DAG(s) 'example_complex' retrieved from /home/airflow/.local/lib/python3.8/site-packages/airflow/example_dags/example_complex.py
[2024-04-01T23:02:57.465+0000] {logging_mixin.py:188} INFO - [2024-04-01T23:02:57.465+0000] {dag.py:3047} INFO - Sync 1 DAGs
[2024-04-01T23:02:57.477+0000] {logging_mixin.py:188} INFO - [2024-04-01T23:02:57.477+0000] {dag.py:3834} INFO - Setting next_dagrun for example_complex to None, run_after=None
[2024-04-01T23:02:57.510+0000] {processor.py:183} INFO - Processing /home/airflow/.local/lib/python3.8/site-packages/airflow/example_dags/example_complex.py took 0.092 seconds
[2024-04-01T23:03:27.959+0000] {processor.py:161} INFO - Started process (PID=3453) to work on /home/airflow/.local/lib/python3.8/site-packages/airflow/example_dags/example_complex.py
[2024-04-01T23:03:27.961+0000] {processor.py:830} INFO - Processing file /home/airflow/.local/lib/python3.8/site-packages/airflow/example_dags/example_complex.py for tasks to queue
[2024-04-01T23:03:27.962+0000] {logging_mixin.py:188} INFO - [2024-04-01T23:03:27.962+0000] {dagbag.py:540} INFO - Filling up the DagBag from /home/airflow/.local/lib/python3.8/site-packages/airflow/example_dags/example_complex.py
[2024-04-01T23:03:27.976+0000] {processor.py:840} INFO - DAG(s) 'example_complex' retrieved from /home/airflow/.local/lib/python3.8/site-packages/airflow/example_dags/example_complex.py
[2024-04-01T23:03:28.007+0000] {logging_mixin.py:188} INFO - [2024-04-01T23:03:28.007+0000] {dag.py:3047} INFO - Sync 1 DAGs
[2024-04-01T23:03:28.021+0000] {logging_mixin.py:188} INFO - [2024-04-01T23:03:28.021+0000] {dag.py:3834} INFO - Setting next_dagrun for example_complex to None, run_after=None
[2024-04-01T23:03:28.057+0000] {processor.py:183} INFO - Processing /home/airflow/.local/lib/python3.8/site-packages/airflow/example_dags/example_complex.py took 0.100 seconds
[2024-04-01T23:03:58.493+0000] {processor.py:161} INFO - Started process (PID=3702) to work on /home/airflow/.local/lib/python3.8/site-packages/airflow/example_dags/example_complex.py
[2024-04-01T23:03:58.494+0000] {processor.py:830} INFO - Processing file /home/airflow/.local/lib/python3.8/site-packages/airflow/example_dags/example_complex.py for tasks to queue
[2024-04-01T23:03:58.495+0000] {logging_mixin.py:188} INFO - [2024-04-01T23:03:58.495+0000] {dagbag.py:540} INFO - Filling up the DagBag from /home/airflow/.local/lib/python3.8/site-packages/airflow/example_dags/example_complex.py
[2024-04-01T23:03:58.505+0000] {processor.py:840} INFO - DAG(s) 'example_complex' retrieved from /home/airflow/.local/lib/python3.8/site-packages/airflow/example_dags/example_complex.py
[2024-04-01T23:03:58.536+0000] {logging_mixin.py:188} INFO - [2024-04-01T23:03:58.536+0000] {dag.py:3047} INFO - Sync 1 DAGs
[2024-04-01T23:03:58.549+0000] {logging_mixin.py:188} INFO - [2024-04-01T23:03:58.549+0000] {dag.py:3834} INFO - Setting next_dagrun for example_complex to None, run_after=None
[2024-04-01T23:03:58.580+0000] {processor.py:183} INFO - Processing /home/airflow/.local/lib/python3.8/site-packages/airflow/example_dags/example_complex.py took 0.090 seconds
[2024-04-01T23:04:29.059+0000] {processor.py:161} INFO - Started process (PID=3949) to work on /home/airflow/.local/lib/python3.8/site-packages/airflow/example_dags/example_complex.py
[2024-04-01T23:04:29.060+0000] {processor.py:830} INFO - Processing file /home/airflow/.local/lib/python3.8/site-packages/airflow/example_dags/example_complex.py for tasks to queue
[2024-04-01T23:04:29.061+0000] {logging_mixin.py:188} INFO - [2024-04-01T23:04:29.061+0000] {dagbag.py:540} INFO - Filling up the DagBag from /home/airflow/.local/lib/python3.8/site-packages/airflow/example_dags/example_complex.py
[2024-04-01T23:04:29.072+0000] {processor.py:840} INFO - DAG(s) 'example_complex' retrieved from /home/airflow/.local/lib/python3.8/site-packages/airflow/example_dags/example_complex.py
[2024-04-01T23:04:29.105+0000] {logging_mixin.py:188} INFO - [2024-04-01T23:04:29.105+0000] {dag.py:3047} INFO - Sync 1 DAGs
[2024-04-01T23:04:29.118+0000] {logging_mixin.py:188} INFO - [2024-04-01T23:04:29.118+0000] {dag.py:3834} INFO - Setting next_dagrun for example_complex to None, run_after=None
[2024-04-01T23:04:29.141+0000] {processor.py:183} INFO - Processing /home/airflow/.local/lib/python3.8/site-packages/airflow/example_dags/example_complex.py took 0.085 seconds
[2024-04-01T23:04:59.781+0000] {processor.py:161} INFO - Started process (PID=4196) to work on /home/airflow/.local/lib/python3.8/site-packages/airflow/example_dags/example_complex.py
[2024-04-01T23:04:59.783+0000] {processor.py:830} INFO - Processing file /home/airflow/.local/lib/python3.8/site-packages/airflow/example_dags/example_complex.py for tasks to queue
[2024-04-01T23:04:59.785+0000] {logging_mixin.py:188} INFO - [2024-04-01T23:04:59.785+0000] {dagbag.py:540} INFO - Filling up the DagBag from /home/airflow/.local/lib/python3.8/site-packages/airflow/example_dags/example_complex.py
[2024-04-01T23:04:59.810+0000] {processor.py:840} INFO - DAG(s) 'example_complex' retrieved from /home/airflow/.local/lib/python3.8/site-packages/airflow/example_dags/example_complex.py
[2024-04-01T23:04:59.873+0000] {logging_mixin.py:188} INFO - [2024-04-01T23:04:59.870+0000] {dag.py:3047} INFO - Sync 1 DAGs
[2024-04-01T23:04:59.907+0000] {logging_mixin.py:188} INFO - [2024-04-01T23:04:59.906+0000] {dag.py:3834} INFO - Setting next_dagrun for example_complex to None, run_after=None
[2024-04-01T23:04:59.953+0000] {processor.py:183} INFO - Processing /home/airflow/.local/lib/python3.8/site-packages/airflow/example_dags/example_complex.py took 0.176 seconds
[2024-04-01T23:05:30.964+0000] {processor.py:161} INFO - Started process (PID=4444) to work on /home/airflow/.local/lib/python3.8/site-packages/airflow/example_dags/example_complex.py
[2024-04-01T23:05:30.965+0000] {processor.py:830} INFO - Processing file /home/airflow/.local/lib/python3.8/site-packages/airflow/example_dags/example_complex.py for tasks to queue
[2024-04-01T23:05:30.966+0000] {logging_mixin.py:188} INFO - [2024-04-01T23:05:30.966+0000] {dagbag.py:540} INFO - Filling up the DagBag from /home/airflow/.local/lib/python3.8/site-packages/airflow/example_dags/example_complex.py
[2024-04-01T23:05:30.977+0000] {processor.py:840} INFO - DAG(s) 'example_complex' retrieved from /home/airflow/.local/lib/python3.8/site-packages/airflow/example_dags/example_complex.py
[2024-04-01T23:05:31.020+0000] {logging_mixin.py:188} INFO - [2024-04-01T23:05:31.019+0000] {dag.py:3047} INFO - Sync 1 DAGs
[2024-04-01T23:05:31.032+0000] {logging_mixin.py:188} INFO - [2024-04-01T23:05:31.032+0000] {dag.py:3834} INFO - Setting next_dagrun for example_complex to None, run_after=None
[2024-04-01T23:05:31.059+0000] {processor.py:183} INFO - Processing /home/airflow/.local/lib/python3.8/site-packages/airflow/example_dags/example_complex.py took 0.098 seconds
[2024-04-01T23:06:01.998+0000] {processor.py:161} INFO - Started process (PID=4691) to work on /home/airflow/.local/lib/python3.8/site-packages/airflow/example_dags/example_complex.py
[2024-04-01T23:06:01.999+0000] {processor.py:830} INFO - Processing file /home/airflow/.local/lib/python3.8/site-packages/airflow/example_dags/example_complex.py for tasks to queue
[2024-04-01T23:06:02.000+0000] {logging_mixin.py:188} INFO - [2024-04-01T23:06:02.000+0000] {dagbag.py:540} INFO - Filling up the DagBag from /home/airflow/.local/lib/python3.8/site-packages/airflow/example_dags/example_complex.py
[2024-04-01T23:06:02.012+0000] {processor.py:840} INFO - DAG(s) 'example_complex' retrieved from /home/airflow/.local/lib/python3.8/site-packages/airflow/example_dags/example_complex.py
[2024-04-01T23:06:02.046+0000] {logging_mixin.py:188} INFO - [2024-04-01T23:06:02.046+0000] {dag.py:3047} INFO - Sync 1 DAGs
[2024-04-01T23:06:02.060+0000] {logging_mixin.py:188} INFO - [2024-04-01T23:06:02.060+0000] {dag.py:3834} INFO - Setting next_dagrun for example_complex to None, run_after=None
[2024-04-01T23:06:02.084+0000] {processor.py:183} INFO - Processing /home/airflow/.local/lib/python3.8/site-packages/airflow/example_dags/example_complex.py took 0.089 seconds
[2024-04-01T23:06:32.299+0000] {processor.py:161} INFO - Started process (PID=4938) to work on /home/airflow/.local/lib/python3.8/site-packages/airflow/example_dags/example_complex.py
[2024-04-01T23:06:32.300+0000] {processor.py:830} INFO - Processing file /home/airflow/.local/lib/python3.8/site-packages/airflow/example_dags/example_complex.py for tasks to queue
[2024-04-01T23:06:32.301+0000] {logging_mixin.py:188} INFO - [2024-04-01T23:06:32.300+0000] {dagbag.py:540} INFO - Filling up the DagBag from /home/airflow/.local/lib/python3.8/site-packages/airflow/example_dags/example_complex.py
[2024-04-01T23:06:32.311+0000] {processor.py:840} INFO - DAG(s) 'example_complex' retrieved from /home/airflow/.local/lib/python3.8/site-packages/airflow/example_dags/example_complex.py
[2024-04-01T23:06:32.341+0000] {logging_mixin.py:188} INFO - [2024-04-01T23:06:32.341+0000] {dag.py:3047} INFO - Sync 1 DAGs
[2024-04-01T23:06:32.354+0000] {logging_mixin.py:188} INFO - [2024-04-01T23:06:32.354+0000] {dag.py:3834} INFO - Setting next_dagrun for example_complex to None, run_after=None
[2024-04-01T23:06:32.374+0000] {processor.py:183} INFO - Processing /home/airflow/.local/lib/python3.8/site-packages/airflow/example_dags/example_complex.py took 0.079 seconds
[2024-04-01T23:07:02.919+0000] {processor.py:161} INFO - Started process (PID=5185) to work on /home/airflow/.local/lib/python3.8/site-packages/airflow/example_dags/example_complex.py
[2024-04-01T23:07:02.920+0000] {processor.py:830} INFO - Processing file /home/airflow/.local/lib/python3.8/site-packages/airflow/example_dags/example_complex.py for tasks to queue
[2024-04-01T23:07:02.921+0000] {logging_mixin.py:188} INFO - [2024-04-01T23:07:02.921+0000] {dagbag.py:540} INFO - Filling up the DagBag from /home/airflow/.local/lib/python3.8/site-packages/airflow/example_dags/example_complex.py
[2024-04-01T23:07:02.932+0000] {processor.py:840} INFO - DAG(s) 'example_complex' retrieved from /home/airflow/.local/lib/python3.8/site-packages/airflow/example_dags/example_complex.py
[2024-04-01T23:07:02.967+0000] {logging_mixin.py:188} INFO - [2024-04-01T23:07:02.967+0000] {dag.py:3047} INFO - Sync 1 DAGs
[2024-04-01T23:07:02.979+0000] {logging_mixin.py:188} INFO - [2024-04-01T23:07:02.979+0000] {dag.py:3834} INFO - Setting next_dagrun for example_complex to None, run_after=None
[2024-04-01T23:07:03.001+0000] {processor.py:183} INFO - Processing /home/airflow/.local/lib/python3.8/site-packages/airflow/example_dags/example_complex.py took 0.085 seconds
[2024-04-01T23:07:33.233+0000] {processor.py:161} INFO - Started process (PID=5432) to work on /home/airflow/.local/lib/python3.8/site-packages/airflow/example_dags/example_complex.py
[2024-04-01T23:07:33.234+0000] {processor.py:830} INFO - Processing file /home/airflow/.local/lib/python3.8/site-packages/airflow/example_dags/example_complex.py for tasks to queue
[2024-04-01T23:07:33.235+0000] {logging_mixin.py:188} INFO - [2024-04-01T23:07:33.234+0000] {dagbag.py:540} INFO - Filling up the DagBag from /home/airflow/.local/lib/python3.8/site-packages/airflow/example_dags/example_complex.py
[2024-04-01T23:07:33.245+0000] {processor.py:840} INFO - DAG(s) 'example_complex' retrieved from /home/airflow/.local/lib/python3.8/site-packages/airflow/example_dags/example_complex.py
[2024-04-01T23:07:33.277+0000] {logging_mixin.py:188} INFO - [2024-04-01T23:07:33.277+0000] {dag.py:3047} INFO - Sync 1 DAGs
[2024-04-01T23:07:33.294+0000] {logging_mixin.py:188} INFO - [2024-04-01T23:07:33.293+0000] {dag.py:3834} INFO - Setting next_dagrun for example_complex to None, run_after=None
[2024-04-01T23:07:33.317+0000] {processor.py:183} INFO - Processing /home/airflow/.local/lib/python3.8/site-packages/airflow/example_dags/example_complex.py took 0.087 seconds
[2024-04-01T23:08:03.653+0000] {processor.py:161} INFO - Started process (PID=5679) to work on /home/airflow/.local/lib/python3.8/site-packages/airflow/example_dags/example_complex.py
[2024-04-01T23:08:03.655+0000] {processor.py:830} INFO - Processing file /home/airflow/.local/lib/python3.8/site-packages/airflow/example_dags/example_complex.py for tasks to queue
[2024-04-01T23:08:03.657+0000] {logging_mixin.py:188} INFO - [2024-04-01T23:08:03.656+0000] {dagbag.py:540} INFO - Filling up the DagBag from /home/airflow/.local/lib/python3.8/site-packages/airflow/example_dags/example_complex.py
[2024-04-01T23:08:03.669+0000] {processor.py:840} INFO - DAG(s) 'example_complex' retrieved from /home/airflow/.local/lib/python3.8/site-packages/airflow/example_dags/example_complex.py
[2024-04-01T23:08:03.704+0000] {logging_mixin.py:188} INFO - [2024-04-01T23:08:03.704+0000] {dag.py:3047} INFO - Sync 1 DAGs
[2024-04-01T23:08:03.721+0000] {logging_mixin.py:188} INFO - [2024-04-01T23:08:03.721+0000] {dag.py:3834} INFO - Setting next_dagrun for example_complex to None, run_after=None
[2024-04-01T23:08:03.752+0000] {processor.py:183} INFO - Processing /home/airflow/.local/lib/python3.8/site-packages/airflow/example_dags/example_complex.py took 0.102 seconds
[2024-04-01T23:08:34.190+0000] {processor.py:161} INFO - Started process (PID=5926) to work on /home/airflow/.local/lib/python3.8/site-packages/airflow/example_dags/example_complex.py
[2024-04-01T23:08:34.191+0000] {processor.py:830} INFO - Processing file /home/airflow/.local/lib/python3.8/site-packages/airflow/example_dags/example_complex.py for tasks to queue
[2024-04-01T23:08:34.192+0000] {logging_mixin.py:188} INFO - [2024-04-01T23:08:34.192+0000] {dagbag.py:540} INFO - Filling up the DagBag from /home/airflow/.local/lib/python3.8/site-packages/airflow/example_dags/example_complex.py
[2024-04-01T23:08:34.204+0000] {processor.py:840} INFO - DAG(s) 'example_complex' retrieved from /home/airflow/.local/lib/python3.8/site-packages/airflow/example_dags/example_complex.py
[2024-04-01T23:08:34.236+0000] {logging_mixin.py:188} INFO - [2024-04-01T23:08:34.235+0000] {dag.py:3047} INFO - Sync 1 DAGs
[2024-04-01T23:08:34.249+0000] {logging_mixin.py:188} INFO - [2024-04-01T23:08:34.248+0000] {dag.py:3834} INFO - Setting next_dagrun for example_complex to None, run_after=None
[2024-04-01T23:08:34.281+0000] {processor.py:183} INFO - Processing /home/airflow/.local/lib/python3.8/site-packages/airflow/example_dags/example_complex.py took 0.094 seconds
[2024-04-01T23:09:04.624+0000] {processor.py:161} INFO - Started process (PID=6173) to work on /home/airflow/.local/lib/python3.8/site-packages/airflow/example_dags/example_complex.py
[2024-04-01T23:09:04.625+0000] {processor.py:830} INFO - Processing file /home/airflow/.local/lib/python3.8/site-packages/airflow/example_dags/example_complex.py for tasks to queue
[2024-04-01T23:09:04.626+0000] {logging_mixin.py:188} INFO - [2024-04-01T23:09:04.626+0000] {dagbag.py:540} INFO - Filling up the DagBag from /home/airflow/.local/lib/python3.8/site-packages/airflow/example_dags/example_complex.py
[2024-04-01T23:09:04.637+0000] {processor.py:840} INFO - DAG(s) 'example_complex' retrieved from /home/airflow/.local/lib/python3.8/site-packages/airflow/example_dags/example_complex.py
[2024-04-01T23:09:04.674+0000] {logging_mixin.py:188} INFO - [2024-04-01T23:09:04.673+0000] {dag.py:3047} INFO - Sync 1 DAGs
[2024-04-01T23:09:04.688+0000] {logging_mixin.py:188} INFO - [2024-04-01T23:09:04.687+0000] {dag.py:3834} INFO - Setting next_dagrun for example_complex to None, run_after=None
[2024-04-01T23:09:04.721+0000] {processor.py:183} INFO - Processing /home/airflow/.local/lib/python3.8/site-packages/airflow/example_dags/example_complex.py took 0.100 seconds
[2024-04-01T23:09:34.933+0000] {processor.py:161} INFO - Started process (PID=6421) to work on /home/airflow/.local/lib/python3.8/site-packages/airflow/example_dags/example_complex.py
[2024-04-01T23:09:34.934+0000] {processor.py:830} INFO - Processing file /home/airflow/.local/lib/python3.8/site-packages/airflow/example_dags/example_complex.py for tasks to queue
[2024-04-01T23:09:34.935+0000] {logging_mixin.py:188} INFO - [2024-04-01T23:09:34.935+0000] {dagbag.py:540} INFO - Filling up the DagBag from /home/airflow/.local/lib/python3.8/site-packages/airflow/example_dags/example_complex.py
[2024-04-01T23:09:34.949+0000] {processor.py:840} INFO - DAG(s) 'example_complex' retrieved from /home/airflow/.local/lib/python3.8/site-packages/airflow/example_dags/example_complex.py
[2024-04-01T23:09:34.982+0000] {logging_mixin.py:188} INFO - [2024-04-01T23:09:34.981+0000] {dag.py:3047} INFO - Sync 1 DAGs
[2024-04-01T23:09:34.995+0000] {logging_mixin.py:188} INFO - [2024-04-01T23:09:34.995+0000] {dag.py:3834} INFO - Setting next_dagrun for example_complex to None, run_after=None
[2024-04-01T23:09:35.027+0000] {processor.py:183} INFO - Processing /home/airflow/.local/lib/python3.8/site-packages/airflow/example_dags/example_complex.py took 0.097 seconds
[2024-04-01T23:10:05.413+0000] {processor.py:161} INFO - Started process (PID=6668) to work on /home/airflow/.local/lib/python3.8/site-packages/airflow/example_dags/example_complex.py
[2024-04-01T23:10:05.414+0000] {processor.py:830} INFO - Processing file /home/airflow/.local/lib/python3.8/site-packages/airflow/example_dags/example_complex.py for tasks to queue
[2024-04-01T23:10:05.415+0000] {logging_mixin.py:188} INFO - [2024-04-01T23:10:05.415+0000] {dagbag.py:540} INFO - Filling up the DagBag from /home/airflow/.local/lib/python3.8/site-packages/airflow/example_dags/example_complex.py
[2024-04-01T23:10:05.426+0000] {processor.py:840} INFO - DAG(s) 'example_complex' retrieved from /home/airflow/.local/lib/python3.8/site-packages/airflow/example_dags/example_complex.py
[2024-04-01T23:10:05.456+0000] {logging_mixin.py:188} INFO - [2024-04-01T23:10:05.456+0000] {dag.py:3047} INFO - Sync 1 DAGs
[2024-04-01T23:10:05.468+0000] {logging_mixin.py:188} INFO - [2024-04-01T23:10:05.468+0000] {dag.py:3834} INFO - Setting next_dagrun for example_complex to None, run_after=None
[2024-04-01T23:10:05.503+0000] {processor.py:183} INFO - Processing /home/airflow/.local/lib/python3.8/site-packages/airflow/example_dags/example_complex.py took 0.092 seconds
[2024-04-01T23:10:35.765+0000] {processor.py:161} INFO - Started process (PID=6915) to work on /home/airflow/.local/lib/python3.8/site-packages/airflow/example_dags/example_complex.py
[2024-04-01T23:10:35.766+0000] {processor.py:830} INFO - Processing file /home/airflow/.local/lib/python3.8/site-packages/airflow/example_dags/example_complex.py for tasks to queue
[2024-04-01T23:10:35.766+0000] {logging_mixin.py:188} INFO - [2024-04-01T23:10:35.766+0000] {dagbag.py:540} INFO - Filling up the DagBag from /home/airflow/.local/lib/python3.8/site-packages/airflow/example_dags/example_complex.py
[2024-04-01T23:10:35.777+0000] {processor.py:840} INFO - DAG(s) 'example_complex' retrieved from /home/airflow/.local/lib/python3.8/site-packages/airflow/example_dags/example_complex.py
[2024-04-01T23:10:35.811+0000] {logging_mixin.py:188} INFO - [2024-04-01T23:10:35.811+0000] {dag.py:3047} INFO - Sync 1 DAGs
[2024-04-01T23:10:35.824+0000] {logging_mixin.py:188} INFO - [2024-04-01T23:10:35.824+0000] {dag.py:3834} INFO - Setting next_dagrun for example_complex to None, run_after=None
[2024-04-01T23:10:35.859+0000] {processor.py:183} INFO - Processing /home/airflow/.local/lib/python3.8/site-packages/airflow/example_dags/example_complex.py took 0.097 seconds
[2024-04-01T23:11:06.033+0000] {processor.py:161} INFO - Started process (PID=7162) to work on /home/airflow/.local/lib/python3.8/site-packages/airflow/example_dags/example_complex.py
[2024-04-01T23:11:06.034+0000] {processor.py:830} INFO - Processing file /home/airflow/.local/lib/python3.8/site-packages/airflow/example_dags/example_complex.py for tasks to queue
[2024-04-01T23:11:06.035+0000] {logging_mixin.py:188} INFO - [2024-04-01T23:11:06.035+0000] {dagbag.py:540} INFO - Filling up the DagBag from /home/airflow/.local/lib/python3.8/site-packages/airflow/example_dags/example_complex.py
[2024-04-01T23:11:06.046+0000] {processor.py:840} INFO - DAG(s) 'example_complex' retrieved from /home/airflow/.local/lib/python3.8/site-packages/airflow/example_dags/example_complex.py
[2024-04-01T23:11:06.082+0000] {logging_mixin.py:188} INFO - [2024-04-01T23:11:06.081+0000] {dag.py:3047} INFO - Sync 1 DAGs
[2024-04-01T23:11:06.095+0000] {logging_mixin.py:188} INFO - [2024-04-01T23:11:06.095+0000] {dag.py:3834} INFO - Setting next_dagrun for example_complex to None, run_after=None
[2024-04-01T23:11:06.123+0000] {processor.py:183} INFO - Processing /home/airflow/.local/lib/python3.8/site-packages/airflow/example_dags/example_complex.py took 0.093 seconds
[2024-04-01T23:11:36.718+0000] {processor.py:161} INFO - Started process (PID=7409) to work on /home/airflow/.local/lib/python3.8/site-packages/airflow/example_dags/example_complex.py
[2024-04-01T23:11:36.719+0000] {processor.py:830} INFO - Processing file /home/airflow/.local/lib/python3.8/site-packages/airflow/example_dags/example_complex.py for tasks to queue
[2024-04-01T23:11:36.720+0000] {logging_mixin.py:188} INFO - [2024-04-01T23:11:36.720+0000] {dagbag.py:540} INFO - Filling up the DagBag from /home/airflow/.local/lib/python3.8/site-packages/airflow/example_dags/example_complex.py
[2024-04-01T23:11:36.731+0000] {processor.py:840} INFO - DAG(s) 'example_complex' retrieved from /home/airflow/.local/lib/python3.8/site-packages/airflow/example_dags/example_complex.py
[2024-04-01T23:11:36.763+0000] {logging_mixin.py:188} INFO - [2024-04-01T23:11:36.763+0000] {dag.py:3047} INFO - Sync 1 DAGs
[2024-04-01T23:11:36.776+0000] {logging_mixin.py:188} INFO - [2024-04-01T23:11:36.776+0000] {dag.py:3834} INFO - Setting next_dagrun for example_complex to None, run_after=None
[2024-04-01T23:11:36.811+0000] {processor.py:183} INFO - Processing /home/airflow/.local/lib/python3.8/site-packages/airflow/example_dags/example_complex.py took 0.096 seconds
[2024-04-01T23:12:07.120+0000] {processor.py:161} INFO - Started process (PID=7662) to work on /home/airflow/.local/lib/python3.8/site-packages/airflow/example_dags/example_complex.py
[2024-04-01T23:12:07.121+0000] {processor.py:830} INFO - Processing file /home/airflow/.local/lib/python3.8/site-packages/airflow/example_dags/example_complex.py for tasks to queue
[2024-04-01T23:12:07.122+0000] {logging_mixin.py:188} INFO - [2024-04-01T23:12:07.122+0000] {dagbag.py:540} INFO - Filling up the DagBag from /home/airflow/.local/lib/python3.8/site-packages/airflow/example_dags/example_complex.py
[2024-04-01T23:12:07.132+0000] {processor.py:840} INFO - DAG(s) 'example_complex' retrieved from /home/airflow/.local/lib/python3.8/site-packages/airflow/example_dags/example_complex.py
[2024-04-01T23:12:07.166+0000] {logging_mixin.py:188} INFO - [2024-04-01T23:12:07.166+0000] {dag.py:3047} INFO - Sync 1 DAGs
[2024-04-01T23:12:07.179+0000] {logging_mixin.py:188} INFO - [2024-04-01T23:12:07.179+0000] {dag.py:3834} INFO - Setting next_dagrun for example_complex to None, run_after=None
[2024-04-01T23:12:07.213+0000] {processor.py:183} INFO - Processing /home/airflow/.local/lib/python3.8/site-packages/airflow/example_dags/example_complex.py took 0.096 seconds
[2024-04-01T23:12:37.690+0000] {processor.py:161} INFO - Started process (PID=7910) to work on /home/airflow/.local/lib/python3.8/site-packages/airflow/example_dags/example_complex.py
[2024-04-01T23:12:37.692+0000] {processor.py:830} INFO - Processing file /home/airflow/.local/lib/python3.8/site-packages/airflow/example_dags/example_complex.py for tasks to queue
[2024-04-01T23:12:37.692+0000] {logging_mixin.py:188} INFO - [2024-04-01T23:12:37.692+0000] {dagbag.py:540} INFO - Filling up the DagBag from /home/airflow/.local/lib/python3.8/site-packages/airflow/example_dags/example_complex.py
[2024-04-01T23:12:37.704+0000] {processor.py:840} INFO - DAG(s) 'example_complex' retrieved from /home/airflow/.local/lib/python3.8/site-packages/airflow/example_dags/example_complex.py
[2024-04-01T23:12:37.743+0000] {logging_mixin.py:188} INFO - [2024-04-01T23:12:37.743+0000] {dag.py:3047} INFO - Sync 1 DAGs
[2024-04-01T23:12:37.756+0000] {logging_mixin.py:188} INFO - [2024-04-01T23:12:37.756+0000] {dag.py:3834} INFO - Setting next_dagrun for example_complex to None, run_after=None
[2024-04-01T23:12:37.791+0000] {processor.py:183} INFO - Processing /home/airflow/.local/lib/python3.8/site-packages/airflow/example_dags/example_complex.py took 0.103 seconds
[2024-04-01T23:13:08.186+0000] {processor.py:161} INFO - Started process (PID=8157) to work on /home/airflow/.local/lib/python3.8/site-packages/airflow/example_dags/example_complex.py
[2024-04-01T23:13:08.187+0000] {processor.py:830} INFO - Processing file /home/airflow/.local/lib/python3.8/site-packages/airflow/example_dags/example_complex.py for tasks to queue
[2024-04-01T23:13:08.188+0000] {logging_mixin.py:188} INFO - [2024-04-01T23:13:08.187+0000] {dagbag.py:540} INFO - Filling up the DagBag from /home/airflow/.local/lib/python3.8/site-packages/airflow/example_dags/example_complex.py
[2024-04-01T23:13:08.199+0000] {processor.py:840} INFO - DAG(s) 'example_complex' retrieved from /home/airflow/.local/lib/python3.8/site-packages/airflow/example_dags/example_complex.py
[2024-04-01T23:13:08.233+0000] {logging_mixin.py:188} INFO - [2024-04-01T23:13:08.233+0000] {dag.py:3047} INFO - Sync 1 DAGs
[2024-04-01T23:13:08.246+0000] {logging_mixin.py:188} INFO - [2024-04-01T23:13:08.246+0000] {dag.py:3834} INFO - Setting next_dagrun for example_complex to None, run_after=None
[2024-04-01T23:13:08.272+0000] {processor.py:183} INFO - Processing /home/airflow/.local/lib/python3.8/site-packages/airflow/example_dags/example_complex.py took 0.089 seconds
[2024-04-01T23:13:38.922+0000] {processor.py:161} INFO - Started process (PID=8405) to work on /home/airflow/.local/lib/python3.8/site-packages/airflow/example_dags/example_complex.py
[2024-04-01T23:13:38.923+0000] {processor.py:830} INFO - Processing file /home/airflow/.local/lib/python3.8/site-packages/airflow/example_dags/example_complex.py for tasks to queue
[2024-04-01T23:13:38.924+0000] {logging_mixin.py:188} INFO - [2024-04-01T23:13:38.924+0000] {dagbag.py:540} INFO - Filling up the DagBag from /home/airflow/.local/lib/python3.8/site-packages/airflow/example_dags/example_complex.py
[2024-04-01T23:13:38.937+0000] {processor.py:840} INFO - DAG(s) 'example_complex' retrieved from /home/airflow/.local/lib/python3.8/site-packages/airflow/example_dags/example_complex.py
[2024-04-01T23:13:38.969+0000] {logging_mixin.py:188} INFO - [2024-04-01T23:13:38.969+0000] {dag.py:3047} INFO - Sync 1 DAGs
[2024-04-01T23:13:38.984+0000] {logging_mixin.py:188} INFO - [2024-04-01T23:13:38.984+0000] {dag.py:3834} INFO - Setting next_dagrun for example_complex to None, run_after=None
[2024-04-01T23:13:39.014+0000] {processor.py:183} INFO - Processing /home/airflow/.local/lib/python3.8/site-packages/airflow/example_dags/example_complex.py took 0.095 seconds
[2024-04-01T23:14:09.190+0000] {processor.py:161} INFO - Started process (PID=8652) to work on /home/airflow/.local/lib/python3.8/site-packages/airflow/example_dags/example_complex.py
[2024-04-01T23:14:09.191+0000] {processor.py:830} INFO - Processing file /home/airflow/.local/lib/python3.8/site-packages/airflow/example_dags/example_complex.py for tasks to queue
[2024-04-01T23:14:09.192+0000] {logging_mixin.py:188} INFO - [2024-04-01T23:14:09.192+0000] {dagbag.py:540} INFO - Filling up the DagBag from /home/airflow/.local/lib/python3.8/site-packages/airflow/example_dags/example_complex.py
[2024-04-01T23:14:09.203+0000] {processor.py:840} INFO - DAG(s) 'example_complex' retrieved from /home/airflow/.local/lib/python3.8/site-packages/airflow/example_dags/example_complex.py
[2024-04-01T23:14:09.237+0000] {logging_mixin.py:188} INFO - [2024-04-01T23:14:09.237+0000] {dag.py:3047} INFO - Sync 1 DAGs
[2024-04-01T23:14:09.251+0000] {logging_mixin.py:188} INFO - [2024-04-01T23:14:09.250+0000] {dag.py:3834} INFO - Setting next_dagrun for example_complex to None, run_after=None
[2024-04-01T23:14:09.287+0000] {processor.py:183} INFO - Processing /home/airflow/.local/lib/python3.8/site-packages/airflow/example_dags/example_complex.py took 0.100 seconds
[2024-04-01T23:14:39.921+0000] {processor.py:161} INFO - Started process (PID=8899) to work on /home/airflow/.local/lib/python3.8/site-packages/airflow/example_dags/example_complex.py
[2024-04-01T23:14:39.922+0000] {processor.py:830} INFO - Processing file /home/airflow/.local/lib/python3.8/site-packages/airflow/example_dags/example_complex.py for tasks to queue
[2024-04-01T23:14:39.923+0000] {logging_mixin.py:188} INFO - [2024-04-01T23:14:39.923+0000] {dagbag.py:540} INFO - Filling up the DagBag from /home/airflow/.local/lib/python3.8/site-packages/airflow/example_dags/example_complex.py
[2024-04-01T23:14:39.934+0000] {processor.py:840} INFO - DAG(s) 'example_complex' retrieved from /home/airflow/.local/lib/python3.8/site-packages/airflow/example_dags/example_complex.py
[2024-04-01T23:14:39.968+0000] {logging_mixin.py:188} INFO - [2024-04-01T23:14:39.968+0000] {dag.py:3047} INFO - Sync 1 DAGs
[2024-04-01T23:14:39.981+0000] {logging_mixin.py:188} INFO - [2024-04-01T23:14:39.981+0000] {dag.py:3834} INFO - Setting next_dagrun for example_complex to None, run_after=None
[2024-04-01T23:14:40.015+0000] {processor.py:183} INFO - Processing /home/airflow/.local/lib/python3.8/site-packages/airflow/example_dags/example_complex.py took 0.096 seconds
[2024-04-01T23:15:10.197+0000] {processor.py:161} INFO - Started process (PID=9146) to work on /home/airflow/.local/lib/python3.8/site-packages/airflow/example_dags/example_complex.py
[2024-04-01T23:15:10.198+0000] {processor.py:830} INFO - Processing file /home/airflow/.local/lib/python3.8/site-packages/airflow/example_dags/example_complex.py for tasks to queue
[2024-04-01T23:15:10.199+0000] {logging_mixin.py:188} INFO - [2024-04-01T23:15:10.199+0000] {dagbag.py:540} INFO - Filling up the DagBag from /home/airflow/.local/lib/python3.8/site-packages/airflow/example_dags/example_complex.py
[2024-04-01T23:15:10.210+0000] {processor.py:840} INFO - DAG(s) 'example_complex' retrieved from /home/airflow/.local/lib/python3.8/site-packages/airflow/example_dags/example_complex.py
[2024-04-01T23:15:10.244+0000] {logging_mixin.py:188} INFO - [2024-04-01T23:15:10.243+0000] {dag.py:3047} INFO - Sync 1 DAGs
[2024-04-01T23:15:10.257+0000] {logging_mixin.py:188} INFO - [2024-04-01T23:15:10.257+0000] {dag.py:3834} INFO - Setting next_dagrun for example_complex to None, run_after=None
[2024-04-01T23:15:10.290+0000] {processor.py:183} INFO - Processing /home/airflow/.local/lib/python3.8/site-packages/airflow/example_dags/example_complex.py took 0.096 seconds
[2024-04-01T23:15:40.757+0000] {processor.py:161} INFO - Started process (PID=9393) to work on /home/airflow/.local/lib/python3.8/site-packages/airflow/example_dags/example_complex.py
[2024-04-01T23:15:40.758+0000] {processor.py:830} INFO - Processing file /home/airflow/.local/lib/python3.8/site-packages/airflow/example_dags/example_complex.py for tasks to queue
[2024-04-01T23:15:40.759+0000] {logging_mixin.py:188} INFO - [2024-04-01T23:15:40.758+0000] {dagbag.py:540} INFO - Filling up the DagBag from /home/airflow/.local/lib/python3.8/site-packages/airflow/example_dags/example_complex.py
[2024-04-01T23:15:40.770+0000] {processor.py:840} INFO - DAG(s) 'example_complex' retrieved from /home/airflow/.local/lib/python3.8/site-packages/airflow/example_dags/example_complex.py
[2024-04-01T23:15:40.804+0000] {logging_mixin.py:188} INFO - [2024-04-01T23:15:40.804+0000] {dag.py:3047} INFO - Sync 1 DAGs
[2024-04-01T23:15:40.818+0000] {logging_mixin.py:188} INFO - [2024-04-01T23:15:40.818+0000] {dag.py:3834} INFO - Setting next_dagrun for example_complex to None, run_after=None
[2024-04-01T23:15:40.844+0000] {processor.py:183} INFO - Processing /home/airflow/.local/lib/python3.8/site-packages/airflow/example_dags/example_complex.py took 0.090 seconds
[2024-04-01T23:16:11.222+0000] {processor.py:161} INFO - Started process (PID=9640) to work on /home/airflow/.local/lib/python3.8/site-packages/airflow/example_dags/example_complex.py
[2024-04-01T23:16:11.223+0000] {processor.py:830} INFO - Processing file /home/airflow/.local/lib/python3.8/site-packages/airflow/example_dags/example_complex.py for tasks to queue
[2024-04-01T23:16:11.224+0000] {logging_mixin.py:188} INFO - [2024-04-01T23:16:11.224+0000] {dagbag.py:540} INFO - Filling up the DagBag from /home/airflow/.local/lib/python3.8/site-packages/airflow/example_dags/example_complex.py
[2024-04-01T23:16:11.236+0000] {processor.py:840} INFO - DAG(s) 'example_complex' retrieved from /home/airflow/.local/lib/python3.8/site-packages/airflow/example_dags/example_complex.py
[2024-04-01T23:16:11.269+0000] {logging_mixin.py:188} INFO - [2024-04-01T23:16:11.269+0000] {dag.py:3047} INFO - Sync 1 DAGs
[2024-04-01T23:16:11.283+0000] {logging_mixin.py:188} INFO - [2024-04-01T23:16:11.283+0000] {dag.py:3834} INFO - Setting next_dagrun for example_complex to None, run_after=None
[2024-04-01T23:16:11.320+0000] {processor.py:183} INFO - Processing /home/airflow/.local/lib/python3.8/site-packages/airflow/example_dags/example_complex.py took 0.100 seconds
[2024-04-01T23:16:41.642+0000] {processor.py:161} INFO - Started process (PID=9887) to work on /home/airflow/.local/lib/python3.8/site-packages/airflow/example_dags/example_complex.py
[2024-04-01T23:16:41.643+0000] {processor.py:830} INFO - Processing file /home/airflow/.local/lib/python3.8/site-packages/airflow/example_dags/example_complex.py for tasks to queue
[2024-04-01T23:16:41.644+0000] {logging_mixin.py:188} INFO - [2024-04-01T23:16:41.644+0000] {dagbag.py:540} INFO - Filling up the DagBag from /home/airflow/.local/lib/python3.8/site-packages/airflow/example_dags/example_complex.py
[2024-04-01T23:16:41.656+0000] {processor.py:840} INFO - DAG(s) 'example_complex' retrieved from /home/airflow/.local/lib/python3.8/site-packages/airflow/example_dags/example_complex.py
[2024-04-01T23:16:41.692+0000] {logging_mixin.py:188} INFO - [2024-04-01T23:16:41.691+0000] {dag.py:3047} INFO - Sync 1 DAGs
[2024-04-01T23:16:41.705+0000] {logging_mixin.py:188} INFO - [2024-04-01T23:16:41.705+0000] {dag.py:3834} INFO - Setting next_dagrun for example_complex to None, run_after=None
[2024-04-01T23:16:41.741+0000] {processor.py:183} INFO - Processing /home/airflow/.local/lib/python3.8/site-packages/airflow/example_dags/example_complex.py took 0.101 seconds
[2024-04-01T23:17:12.148+0000] {processor.py:161} INFO - Started process (PID=10134) to work on /home/airflow/.local/lib/python3.8/site-packages/airflow/example_dags/example_complex.py
[2024-04-01T23:17:12.149+0000] {processor.py:830} INFO - Processing file /home/airflow/.local/lib/python3.8/site-packages/airflow/example_dags/example_complex.py for tasks to queue
[2024-04-01T23:17:12.150+0000] {logging_mixin.py:188} INFO - [2024-04-01T23:17:12.150+0000] {dagbag.py:540} INFO - Filling up the DagBag from /home/airflow/.local/lib/python3.8/site-packages/airflow/example_dags/example_complex.py
[2024-04-01T23:17:12.162+0000] {processor.py:840} INFO - DAG(s) 'example_complex' retrieved from /home/airflow/.local/lib/python3.8/site-packages/airflow/example_dags/example_complex.py
[2024-04-01T23:17:12.198+0000] {logging_mixin.py:188} INFO - [2024-04-01T23:17:12.198+0000] {dag.py:3047} INFO - Sync 1 DAGs
[2024-04-01T23:17:12.212+0000] {logging_mixin.py:188} INFO - [2024-04-01T23:17:12.211+0000] {dag.py:3834} INFO - Setting next_dagrun for example_complex to None, run_after=None
[2024-04-01T23:17:12.237+0000] {processor.py:183} INFO - Processing /home/airflow/.local/lib/python3.8/site-packages/airflow/example_dags/example_complex.py took 0.092 seconds
[2024-04-01T23:17:42.734+0000] {processor.py:161} INFO - Started process (PID=10381) to work on /home/airflow/.local/lib/python3.8/site-packages/airflow/example_dags/example_complex.py
[2024-04-01T23:17:42.735+0000] {processor.py:830} INFO - Processing file /home/airflow/.local/lib/python3.8/site-packages/airflow/example_dags/example_complex.py for tasks to queue
[2024-04-01T23:17:42.736+0000] {logging_mixin.py:188} INFO - [2024-04-01T23:17:42.736+0000] {dagbag.py:540} INFO - Filling up the DagBag from /home/airflow/.local/lib/python3.8/site-packages/airflow/example_dags/example_complex.py
[2024-04-01T23:17:42.747+0000] {processor.py:840} INFO - DAG(s) 'example_complex' retrieved from /home/airflow/.local/lib/python3.8/site-packages/airflow/example_dags/example_complex.py
[2024-04-01T23:17:42.781+0000] {logging_mixin.py:188} INFO - [2024-04-01T23:17:42.780+0000] {dag.py:3047} INFO - Sync 1 DAGs
[2024-04-01T23:17:42.794+0000] {logging_mixin.py:188} INFO - [2024-04-01T23:17:42.794+0000] {dag.py:3834} INFO - Setting next_dagrun for example_complex to None, run_after=None
[2024-04-01T23:17:42.828+0000] {processor.py:183} INFO - Processing /home/airflow/.local/lib/python3.8/site-packages/airflow/example_dags/example_complex.py took 0.097 seconds
[2024-04-01T23:18:13.112+0000] {processor.py:161} INFO - Started process (PID=10628) to work on /home/airflow/.local/lib/python3.8/site-packages/airflow/example_dags/example_complex.py
[2024-04-01T23:18:13.113+0000] {processor.py:830} INFO - Processing file /home/airflow/.local/lib/python3.8/site-packages/airflow/example_dags/example_complex.py for tasks to queue
[2024-04-01T23:18:13.114+0000] {logging_mixin.py:188} INFO - [2024-04-01T23:18:13.114+0000] {dagbag.py:540} INFO - Filling up the DagBag from /home/airflow/.local/lib/python3.8/site-packages/airflow/example_dags/example_complex.py
[2024-04-01T23:18:13.126+0000] {processor.py:840} INFO - DAG(s) 'example_complex' retrieved from /home/airflow/.local/lib/python3.8/site-packages/airflow/example_dags/example_complex.py
[2024-04-01T23:18:13.161+0000] {logging_mixin.py:188} INFO - [2024-04-01T23:18:13.161+0000] {dag.py:3047} INFO - Sync 1 DAGs
[2024-04-01T23:18:13.174+0000] {logging_mixin.py:188} INFO - [2024-04-01T23:18:13.174+0000] {dag.py:3834} INFO - Setting next_dagrun for example_complex to None, run_after=None
[2024-04-01T23:18:13.205+0000] {processor.py:183} INFO - Processing /home/airflow/.local/lib/python3.8/site-packages/airflow/example_dags/example_complex.py took 0.097 seconds
[2024-04-01T23:18:43.585+0000] {processor.py:161} INFO - Started process (PID=10875) to work on /home/airflow/.local/lib/python3.8/site-packages/airflow/example_dags/example_complex.py
[2024-04-01T23:18:43.586+0000] {processor.py:830} INFO - Processing file /home/airflow/.local/lib/python3.8/site-packages/airflow/example_dags/example_complex.py for tasks to queue
[2024-04-01T23:18:43.587+0000] {logging_mixin.py:188} INFO - [2024-04-01T23:18:43.586+0000] {dagbag.py:540} INFO - Filling up the DagBag from /home/airflow/.local/lib/python3.8/site-packages/airflow/example_dags/example_complex.py
[2024-04-01T23:18:43.598+0000] {processor.py:840} INFO - DAG(s) 'example_complex' retrieved from /home/airflow/.local/lib/python3.8/site-packages/airflow/example_dags/example_complex.py
[2024-04-01T23:18:43.631+0000] {logging_mixin.py:188} INFO - [2024-04-01T23:18:43.631+0000] {dag.py:3047} INFO - Sync 1 DAGs
[2024-04-01T23:18:43.645+0000] {logging_mixin.py:188} INFO - [2024-04-01T23:18:43.644+0000] {dag.py:3834} INFO - Setting next_dagrun for example_complex to None, run_after=None
[2024-04-01T23:18:43.679+0000] {processor.py:183} INFO - Processing /home/airflow/.local/lib/python3.8/site-packages/airflow/example_dags/example_complex.py took 0.097 seconds
[2024-04-01T23:19:14.065+0000] {processor.py:161} INFO - Started process (PID=11122) to work on /home/airflow/.local/lib/python3.8/site-packages/airflow/example_dags/example_complex.py
[2024-04-01T23:19:14.066+0000] {processor.py:830} INFO - Processing file /home/airflow/.local/lib/python3.8/site-packages/airflow/example_dags/example_complex.py for tasks to queue
[2024-04-01T23:19:14.067+0000] {logging_mixin.py:188} INFO - [2024-04-01T23:19:14.067+0000] {dagbag.py:540} INFO - Filling up the DagBag from /home/airflow/.local/lib/python3.8/site-packages/airflow/example_dags/example_complex.py
[2024-04-01T23:19:14.080+0000] {processor.py:840} INFO - DAG(s) 'example_complex' retrieved from /home/airflow/.local/lib/python3.8/site-packages/airflow/example_dags/example_complex.py
[2024-04-01T23:19:14.129+0000] {logging_mixin.py:188} INFO - [2024-04-01T23:19:14.128+0000] {dag.py:3047} INFO - Sync 1 DAGs
[2024-04-01T23:19:14.153+0000] {logging_mixin.py:188} INFO - [2024-04-01T23:19:14.153+0000] {dag.py:3834} INFO - Setting next_dagrun for example_complex to None, run_after=None
[2024-04-01T23:19:14.192+0000] {processor.py:183} INFO - Processing /home/airflow/.local/lib/python3.8/site-packages/airflow/example_dags/example_complex.py took 0.130 seconds
[2024-04-01T23:19:44.955+0000] {processor.py:161} INFO - Started process (PID=11369) to work on /home/airflow/.local/lib/python3.8/site-packages/airflow/example_dags/example_complex.py
[2024-04-01T23:19:44.957+0000] {processor.py:830} INFO - Processing file /home/airflow/.local/lib/python3.8/site-packages/airflow/example_dags/example_complex.py for tasks to queue
[2024-04-01T23:19:44.958+0000] {logging_mixin.py:188} INFO - [2024-04-01T23:19:44.957+0000] {dagbag.py:540} INFO - Filling up the DagBag from /home/airflow/.local/lib/python3.8/site-packages/airflow/example_dags/example_complex.py
[2024-04-01T23:19:44.970+0000] {processor.py:840} INFO - DAG(s) 'example_complex' retrieved from /home/airflow/.local/lib/python3.8/site-packages/airflow/example_dags/example_complex.py
[2024-04-01T23:19:45.010+0000] {logging_mixin.py:188} INFO - [2024-04-01T23:19:45.009+0000] {dag.py:3047} INFO - Sync 1 DAGs
[2024-04-01T23:19:45.023+0000] {logging_mixin.py:188} INFO - [2024-04-01T23:19:45.023+0000] {dag.py:3834} INFO - Setting next_dagrun for example_complex to None, run_after=None
[2024-04-01T23:19:45.053+0000] {processor.py:183} INFO - Processing /home/airflow/.local/lib/python3.8/site-packages/airflow/example_dags/example_complex.py took 0.101 seconds
[2024-04-01T23:20:15.941+0000] {processor.py:161} INFO - Started process (PID=11616) to work on /home/airflow/.local/lib/python3.8/site-packages/airflow/example_dags/example_complex.py
[2024-04-01T23:20:15.942+0000] {processor.py:830} INFO - Processing file /home/airflow/.local/lib/python3.8/site-packages/airflow/example_dags/example_complex.py for tasks to queue
[2024-04-01T23:20:15.943+0000] {logging_mixin.py:188} INFO - [2024-04-01T23:20:15.943+0000] {dagbag.py:540} INFO - Filling up the DagBag from /home/airflow/.local/lib/python3.8/site-packages/airflow/example_dags/example_complex.py
[2024-04-01T23:20:15.955+0000] {processor.py:840} INFO - DAG(s) 'example_complex' retrieved from /home/airflow/.local/lib/python3.8/site-packages/airflow/example_dags/example_complex.py
[2024-04-01T23:20:15.991+0000] {logging_mixin.py:188} INFO - [2024-04-01T23:20:15.990+0000] {dag.py:3047} INFO - Sync 1 DAGs
[2024-04-01T23:20:16.008+0000] {logging_mixin.py:188} INFO - [2024-04-01T23:20:16.007+0000] {dag.py:3834} INFO - Setting next_dagrun for example_complex to None, run_after=None
[2024-04-01T23:20:16.040+0000] {processor.py:183} INFO - Processing /home/airflow/.local/lib/python3.8/site-packages/airflow/example_dags/example_complex.py took 0.102 seconds
[2024-04-01T23:20:46.187+0000] {processor.py:161} INFO - Started process (PID=11863) to work on /home/airflow/.local/lib/python3.8/site-packages/airflow/example_dags/example_complex.py
[2024-04-01T23:20:46.188+0000] {processor.py:830} INFO - Processing file /home/airflow/.local/lib/python3.8/site-packages/airflow/example_dags/example_complex.py for tasks to queue
[2024-04-01T23:20:46.190+0000] {logging_mixin.py:188} INFO - [2024-04-01T23:20:46.190+0000] {dagbag.py:540} INFO - Filling up the DagBag from /home/airflow/.local/lib/python3.8/site-packages/airflow/example_dags/example_complex.py
[2024-04-01T23:20:46.204+0000] {processor.py:840} INFO - DAG(s) 'example_complex' retrieved from /home/airflow/.local/lib/python3.8/site-packages/airflow/example_dags/example_complex.py
[2024-04-01T23:20:46.243+0000] {logging_mixin.py:188} INFO - [2024-04-01T23:20:46.243+0000] {dag.py:3047} INFO - Sync 1 DAGs
[2024-04-01T23:20:46.259+0000] {logging_mixin.py:188} INFO - [2024-04-01T23:20:46.259+0000] {dag.py:3834} INFO - Setting next_dagrun for example_complex to None, run_after=None
[2024-04-01T23:20:46.301+0000] {processor.py:183} INFO - Processing /home/airflow/.local/lib/python3.8/site-packages/airflow/example_dags/example_complex.py took 0.120 seconds
