[2024-04-01T22:56:52.395+0000] {processor.py:161} INFO - Started process (PID=312) to work on /home/airflow/.local/lib/python3.8/site-packages/airflow/example_dags/example_python_decorator.py
[2024-04-01T22:56:52.397+0000] {processor.py:830} INFO - Processing file /home/airflow/.local/lib/python3.8/site-packages/airflow/example_dags/example_python_decorator.py for tasks to queue
[2024-04-01T22:56:52.398+0000] {logging_mixin.py:188} INFO - [2024-04-01T22:56:52.398+0000] {dagbag.py:540} INFO - Filling up the DagBag from /home/airflow/.local/lib/python3.8/site-packages/airflow/example_dags/example_python_decorator.py
[2024-04-01T22:56:52.420+0000] {processor.py:840} INFO - DAG(s) 'example_python_decorator' retrieved from /home/airflow/.local/lib/python3.8/site-packages/airflow/example_dags/example_python_decorator.py
[2024-04-01T22:56:52.435+0000] {logging_mixin.py:188} INFO - [2024-04-01T22:56:52.435+0000] {dag.py:3047} INFO - Sync 1 DAGs
[2024-04-01T22:56:52.454+0000] {logging_mixin.py:188} INFO - [2024-04-01T22:56:52.453+0000] {dag.py:3834} INFO - Setting next_dagrun for example_python_decorator to None, run_after=None
[2024-04-01T22:56:52.481+0000] {processor.py:183} INFO - Processing /home/airflow/.local/lib/python3.8/site-packages/airflow/example_dags/example_python_decorator.py took 0.091 seconds
[2024-04-01T22:57:24.828+0000] {processor.py:161} INFO - Started process (PID=561) to work on /home/airflow/.local/lib/python3.8/site-packages/airflow/example_dags/example_python_decorator.py
[2024-04-01T22:57:24.829+0000] {processor.py:830} INFO - Processing file /home/airflow/.local/lib/python3.8/site-packages/airflow/example_dags/example_python_decorator.py for tasks to queue
[2024-04-01T22:57:24.830+0000] {logging_mixin.py:188} INFO - [2024-04-01T22:57:24.830+0000] {dagbag.py:540} INFO - Filling up the DagBag from /home/airflow/.local/lib/python3.8/site-packages/airflow/example_dags/example_python_decorator.py
[2024-04-01T22:57:24.843+0000] {processor.py:840} INFO - DAG(s) 'example_python_decorator' retrieved from /home/airflow/.local/lib/python3.8/site-packages/airflow/example_dags/example_python_decorator.py
[2024-04-01T22:57:24.955+0000] {logging_mixin.py:188} INFO - [2024-04-01T22:57:24.955+0000] {dag.py:3047} INFO - Sync 1 DAGs
[2024-04-01T22:57:24.968+0000] {logging_mixin.py:188} INFO - [2024-04-01T22:57:24.968+0000] {dag.py:3834} INFO - Setting next_dagrun for example_python_decorator to None, run_after=None
[2024-04-01T22:57:25.002+0000] {processor.py:183} INFO - Processing /home/airflow/.local/lib/python3.8/site-packages/airflow/example_dags/example_python_decorator.py took 0.177 seconds
[2024-04-01T22:57:55.472+0000] {processor.py:161} INFO - Started process (PID=806) to work on /home/airflow/.local/lib/python3.8/site-packages/airflow/example_dags/example_python_decorator.py
[2024-04-01T22:57:55.474+0000] {processor.py:830} INFO - Processing file /home/airflow/.local/lib/python3.8/site-packages/airflow/example_dags/example_python_decorator.py for tasks to queue
[2024-04-01T22:57:55.475+0000] {logging_mixin.py:188} INFO - [2024-04-01T22:57:55.475+0000] {dagbag.py:540} INFO - Filling up the DagBag from /home/airflow/.local/lib/python3.8/site-packages/airflow/example_dags/example_python_decorator.py
[2024-04-01T22:57:55.490+0000] {processor.py:840} INFO - DAG(s) 'example_python_decorator' retrieved from /home/airflow/.local/lib/python3.8/site-packages/airflow/example_dags/example_python_decorator.py
[2024-04-01T22:57:55.515+0000] {logging_mixin.py:188} INFO - [2024-04-01T22:57:55.515+0000] {dag.py:3047} INFO - Sync 1 DAGs
[2024-04-01T22:57:55.530+0000] {logging_mixin.py:188} INFO - [2024-04-01T22:57:55.530+0000] {dag.py:3834} INFO - Setting next_dagrun for example_python_decorator to None, run_after=None
[2024-04-01T22:57:55.554+0000] {processor.py:183} INFO - Processing /home/airflow/.local/lib/python3.8/site-packages/airflow/example_dags/example_python_decorator.py took 0.086 seconds
[2024-04-01T22:58:25.935+0000] {processor.py:161} INFO - Started process (PID=1053) to work on /home/airflow/.local/lib/python3.8/site-packages/airflow/example_dags/example_python_decorator.py
[2024-04-01T22:58:25.937+0000] {processor.py:830} INFO - Processing file /home/airflow/.local/lib/python3.8/site-packages/airflow/example_dags/example_python_decorator.py for tasks to queue
[2024-04-01T22:58:25.938+0000] {logging_mixin.py:188} INFO - [2024-04-01T22:58:25.938+0000] {dagbag.py:540} INFO - Filling up the DagBag from /home/airflow/.local/lib/python3.8/site-packages/airflow/example_dags/example_python_decorator.py
[2024-04-01T22:58:25.953+0000] {processor.py:840} INFO - DAG(s) 'example_python_decorator' retrieved from /home/airflow/.local/lib/python3.8/site-packages/airflow/example_dags/example_python_decorator.py
[2024-04-01T22:58:25.978+0000] {logging_mixin.py:188} INFO - [2024-04-01T22:58:25.978+0000] {dag.py:3047} INFO - Sync 1 DAGs
[2024-04-01T22:58:25.991+0000] {logging_mixin.py:188} INFO - [2024-04-01T22:58:25.991+0000] {dag.py:3834} INFO - Setting next_dagrun for example_python_decorator to None, run_after=None
[2024-04-01T22:58:26.011+0000] {processor.py:183} INFO - Processing /home/airflow/.local/lib/python3.8/site-packages/airflow/example_dags/example_python_decorator.py took 0.080 seconds
[2024-04-01T22:58:56.322+0000] {processor.py:161} INFO - Started process (PID=1300) to work on /home/airflow/.local/lib/python3.8/site-packages/airflow/example_dags/example_python_decorator.py
[2024-04-01T22:58:56.323+0000] {processor.py:830} INFO - Processing file /home/airflow/.local/lib/python3.8/site-packages/airflow/example_dags/example_python_decorator.py for tasks to queue
[2024-04-01T22:58:56.324+0000] {logging_mixin.py:188} INFO - [2024-04-01T22:58:56.324+0000] {dagbag.py:540} INFO - Filling up the DagBag from /home/airflow/.local/lib/python3.8/site-packages/airflow/example_dags/example_python_decorator.py
[2024-04-01T22:58:56.337+0000] {processor.py:840} INFO - DAG(s) 'example_python_decorator' retrieved from /home/airflow/.local/lib/python3.8/site-packages/airflow/example_dags/example_python_decorator.py
[2024-04-01T22:58:56.363+0000] {logging_mixin.py:188} INFO - [2024-04-01T22:58:56.363+0000] {dag.py:3047} INFO - Sync 1 DAGs
[2024-04-01T22:58:56.377+0000] {logging_mixin.py:188} INFO - [2024-04-01T22:58:56.377+0000] {dag.py:3834} INFO - Setting next_dagrun for example_python_decorator to None, run_after=None
[2024-04-01T22:58:56.399+0000] {processor.py:183} INFO - Processing /home/airflow/.local/lib/python3.8/site-packages/airflow/example_dags/example_python_decorator.py took 0.080 seconds
[2024-04-01T22:59:27.331+0000] {processor.py:161} INFO - Started process (PID=1547) to work on /home/airflow/.local/lib/python3.8/site-packages/airflow/example_dags/example_python_decorator.py
[2024-04-01T22:59:27.333+0000] {processor.py:830} INFO - Processing file /home/airflow/.local/lib/python3.8/site-packages/airflow/example_dags/example_python_decorator.py for tasks to queue
[2024-04-01T22:59:27.334+0000] {logging_mixin.py:188} INFO - [2024-04-01T22:59:27.334+0000] {dagbag.py:540} INFO - Filling up the DagBag from /home/airflow/.local/lib/python3.8/site-packages/airflow/example_dags/example_python_decorator.py
[2024-04-01T22:59:27.351+0000] {processor.py:840} INFO - DAG(s) 'example_python_decorator' retrieved from /home/airflow/.local/lib/python3.8/site-packages/airflow/example_dags/example_python_decorator.py
[2024-04-01T22:59:27.377+0000] {logging_mixin.py:188} INFO - [2024-04-01T22:59:27.377+0000] {dag.py:3047} INFO - Sync 1 DAGs
[2024-04-01T22:59:27.393+0000] {logging_mixin.py:188} INFO - [2024-04-01T22:59:27.392+0000] {dag.py:3834} INFO - Setting next_dagrun for example_python_decorator to None, run_after=None
[2024-04-01T22:59:27.443+0000] {processor.py:183} INFO - Processing /home/airflow/.local/lib/python3.8/site-packages/airflow/example_dags/example_python_decorator.py took 0.117 seconds
[2024-04-01T22:59:57.567+0000] {processor.py:161} INFO - Started process (PID=1818) to work on /home/airflow/.local/lib/python3.8/site-packages/airflow/example_dags/example_python_decorator.py
[2024-04-01T22:59:57.569+0000] {processor.py:830} INFO - Processing file /home/airflow/.local/lib/python3.8/site-packages/airflow/example_dags/example_python_decorator.py for tasks to queue
[2024-04-01T22:59:57.570+0000] {logging_mixin.py:188} INFO - [2024-04-01T22:59:57.570+0000] {dagbag.py:540} INFO - Filling up the DagBag from /home/airflow/.local/lib/python3.8/site-packages/airflow/example_dags/example_python_decorator.py
[2024-04-01T22:59:57.588+0000] {processor.py:840} INFO - DAG(s) 'example_python_decorator' retrieved from /home/airflow/.local/lib/python3.8/site-packages/airflow/example_dags/example_python_decorator.py
[2024-04-01T22:59:57.617+0000] {logging_mixin.py:188} INFO - [2024-04-01T22:59:57.617+0000] {dag.py:3047} INFO - Sync 1 DAGs
[2024-04-01T22:59:57.638+0000] {logging_mixin.py:188} INFO - [2024-04-01T22:59:57.637+0000] {dag.py:3834} INFO - Setting next_dagrun for example_python_decorator to None, run_after=None
[2024-04-01T22:59:57.666+0000] {processor.py:183} INFO - Processing /home/airflow/.local/lib/python3.8/site-packages/airflow/example_dags/example_python_decorator.py took 0.103 seconds
[2024-04-01T23:00:27.731+0000] {processor.py:161} INFO - Started process (PID=2063) to work on /home/airflow/.local/lib/python3.8/site-packages/airflow/example_dags/example_python_decorator.py
[2024-04-01T23:00:27.732+0000] {processor.py:830} INFO - Processing file /home/airflow/.local/lib/python3.8/site-packages/airflow/example_dags/example_python_decorator.py for tasks to queue
[2024-04-01T23:00:27.733+0000] {logging_mixin.py:188} INFO - [2024-04-01T23:00:27.733+0000] {dagbag.py:540} INFO - Filling up the DagBag from /home/airflow/.local/lib/python3.8/site-packages/airflow/example_dags/example_python_decorator.py
[2024-04-01T23:00:27.745+0000] {processor.py:840} INFO - DAG(s) 'example_python_decorator' retrieved from /home/airflow/.local/lib/python3.8/site-packages/airflow/example_dags/example_python_decorator.py
[2024-04-01T23:00:27.772+0000] {logging_mixin.py:188} INFO - [2024-04-01T23:00:27.772+0000] {dag.py:3047} INFO - Sync 1 DAGs
[2024-04-01T23:00:27.786+0000] {logging_mixin.py:188} INFO - [2024-04-01T23:00:27.786+0000] {dag.py:3834} INFO - Setting next_dagrun for example_python_decorator to None, run_after=None
[2024-04-01T23:00:27.819+0000] {processor.py:183} INFO - Processing /home/airflow/.local/lib/python3.8/site-packages/airflow/example_dags/example_python_decorator.py took 0.091 seconds
[2024-04-01T23:00:57.918+0000] {processor.py:161} INFO - Started process (PID=2310) to work on /home/airflow/.local/lib/python3.8/site-packages/airflow/example_dags/example_python_decorator.py
[2024-04-01T23:00:57.919+0000] {processor.py:830} INFO - Processing file /home/airflow/.local/lib/python3.8/site-packages/airflow/example_dags/example_python_decorator.py for tasks to queue
[2024-04-01T23:00:57.920+0000] {logging_mixin.py:188} INFO - [2024-04-01T23:00:57.920+0000] {dagbag.py:540} INFO - Filling up the DagBag from /home/airflow/.local/lib/python3.8/site-packages/airflow/example_dags/example_python_decorator.py
[2024-04-01T23:00:57.931+0000] {processor.py:840} INFO - DAG(s) 'example_python_decorator' retrieved from /home/airflow/.local/lib/python3.8/site-packages/airflow/example_dags/example_python_decorator.py
[2024-04-01T23:00:57.956+0000] {logging_mixin.py:188} INFO - [2024-04-01T23:00:57.956+0000] {dag.py:3047} INFO - Sync 1 DAGs
[2024-04-01T23:00:57.970+0000] {logging_mixin.py:188} INFO - [2024-04-01T23:00:57.970+0000] {dag.py:3834} INFO - Setting next_dagrun for example_python_decorator to None, run_after=None
[2024-04-01T23:00:57.993+0000] {processor.py:183} INFO - Processing /home/airflow/.local/lib/python3.8/site-packages/airflow/example_dags/example_python_decorator.py took 0.078 seconds
[2024-04-01T23:01:28.205+0000] {processor.py:161} INFO - Started process (PID=2555) to work on /home/airflow/.local/lib/python3.8/site-packages/airflow/example_dags/example_python_decorator.py
[2024-04-01T23:01:28.207+0000] {processor.py:830} INFO - Processing file /home/airflow/.local/lib/python3.8/site-packages/airflow/example_dags/example_python_decorator.py for tasks to queue
[2024-04-01T23:01:28.208+0000] {logging_mixin.py:188} INFO - [2024-04-01T23:01:28.207+0000] {dagbag.py:540} INFO - Filling up the DagBag from /home/airflow/.local/lib/python3.8/site-packages/airflow/example_dags/example_python_decorator.py
[2024-04-01T23:01:28.224+0000] {processor.py:840} INFO - DAG(s) 'example_python_decorator' retrieved from /home/airflow/.local/lib/python3.8/site-packages/airflow/example_dags/example_python_decorator.py
[2024-04-01T23:01:28.250+0000] {logging_mixin.py:188} INFO - [2024-04-01T23:01:28.250+0000] {dag.py:3047} INFO - Sync 1 DAGs
[2024-04-01T23:01:28.268+0000] {logging_mixin.py:188} INFO - [2024-04-01T23:01:28.268+0000] {dag.py:3834} INFO - Setting next_dagrun for example_python_decorator to None, run_after=None
[2024-04-01T23:01:28.295+0000] {processor.py:183} INFO - Processing /home/airflow/.local/lib/python3.8/site-packages/airflow/example_dags/example_python_decorator.py took 0.092 seconds
[2024-04-01T23:01:58.815+0000] {processor.py:161} INFO - Started process (PID=2802) to work on /home/airflow/.local/lib/python3.8/site-packages/airflow/example_dags/example_python_decorator.py
[2024-04-01T23:01:58.816+0000] {processor.py:830} INFO - Processing file /home/airflow/.local/lib/python3.8/site-packages/airflow/example_dags/example_python_decorator.py for tasks to queue
[2024-04-01T23:01:58.818+0000] {logging_mixin.py:188} INFO - [2024-04-01T23:01:58.817+0000] {dagbag.py:540} INFO - Filling up the DagBag from /home/airflow/.local/lib/python3.8/site-packages/airflow/example_dags/example_python_decorator.py
[2024-04-01T23:01:58.835+0000] {processor.py:840} INFO - DAG(s) 'example_python_decorator' retrieved from /home/airflow/.local/lib/python3.8/site-packages/airflow/example_dags/example_python_decorator.py
[2024-04-01T23:01:58.858+0000] {logging_mixin.py:188} INFO - [2024-04-01T23:01:58.858+0000] {dag.py:3047} INFO - Sync 1 DAGs
[2024-04-01T23:01:58.871+0000] {logging_mixin.py:188} INFO - [2024-04-01T23:01:58.871+0000] {dag.py:3834} INFO - Setting next_dagrun for example_python_decorator to None, run_after=None
[2024-04-01T23:01:58.906+0000] {processor.py:183} INFO - Processing /home/airflow/.local/lib/python3.8/site-packages/airflow/example_dags/example_python_decorator.py took 0.095 seconds
[2024-04-01T23:02:29.249+0000] {processor.py:161} INFO - Started process (PID=3049) to work on /home/airflow/.local/lib/python3.8/site-packages/airflow/example_dags/example_python_decorator.py
[2024-04-01T23:02:29.251+0000] {processor.py:830} INFO - Processing file /home/airflow/.local/lib/python3.8/site-packages/airflow/example_dags/example_python_decorator.py for tasks to queue
[2024-04-01T23:02:29.252+0000] {logging_mixin.py:188} INFO - [2024-04-01T23:02:29.252+0000] {dagbag.py:540} INFO - Filling up the DagBag from /home/airflow/.local/lib/python3.8/site-packages/airflow/example_dags/example_python_decorator.py
[2024-04-01T23:02:29.267+0000] {processor.py:840} INFO - DAG(s) 'example_python_decorator' retrieved from /home/airflow/.local/lib/python3.8/site-packages/airflow/example_dags/example_python_decorator.py
[2024-04-01T23:02:29.294+0000] {logging_mixin.py:188} INFO - [2024-04-01T23:02:29.294+0000] {dag.py:3047} INFO - Sync 1 DAGs
[2024-04-01T23:02:29.306+0000] {logging_mixin.py:188} INFO - [2024-04-01T23:02:29.306+0000] {dag.py:3834} INFO - Setting next_dagrun for example_python_decorator to None, run_after=None
[2024-04-01T23:02:29.341+0000] {processor.py:183} INFO - Processing /home/airflow/.local/lib/python3.8/site-packages/airflow/example_dags/example_python_decorator.py took 0.094 seconds
[2024-04-01T23:02:59.820+0000] {processor.py:161} INFO - Started process (PID=3298) to work on /home/airflow/.local/lib/python3.8/site-packages/airflow/example_dags/example_python_decorator.py
[2024-04-01T23:02:59.821+0000] {processor.py:830} INFO - Processing file /home/airflow/.local/lib/python3.8/site-packages/airflow/example_dags/example_python_decorator.py for tasks to queue
[2024-04-01T23:02:59.822+0000] {logging_mixin.py:188} INFO - [2024-04-01T23:02:59.822+0000] {dagbag.py:540} INFO - Filling up the DagBag from /home/airflow/.local/lib/python3.8/site-packages/airflow/example_dags/example_python_decorator.py
[2024-04-01T23:02:59.835+0000] {processor.py:840} INFO - DAG(s) 'example_python_decorator' retrieved from /home/airflow/.local/lib/python3.8/site-packages/airflow/example_dags/example_python_decorator.py
[2024-04-01T23:02:59.857+0000] {logging_mixin.py:188} INFO - [2024-04-01T23:02:59.857+0000] {dag.py:3047} INFO - Sync 1 DAGs
[2024-04-01T23:02:59.870+0000] {logging_mixin.py:188} INFO - [2024-04-01T23:02:59.870+0000] {dag.py:3834} INFO - Setting next_dagrun for example_python_decorator to None, run_after=None
[2024-04-01T23:02:59.895+0000] {processor.py:183} INFO - Processing /home/airflow/.local/lib/python3.8/site-packages/airflow/example_dags/example_python_decorator.py took 0.077 seconds
[2024-04-01T23:03:30.184+0000] {processor.py:161} INFO - Started process (PID=3543) to work on /home/airflow/.local/lib/python3.8/site-packages/airflow/example_dags/example_python_decorator.py
[2024-04-01T23:03:30.185+0000] {processor.py:830} INFO - Processing file /home/airflow/.local/lib/python3.8/site-packages/airflow/example_dags/example_python_decorator.py for tasks to queue
[2024-04-01T23:03:30.186+0000] {logging_mixin.py:188} INFO - [2024-04-01T23:03:30.186+0000] {dagbag.py:540} INFO - Filling up the DagBag from /home/airflow/.local/lib/python3.8/site-packages/airflow/example_dags/example_python_decorator.py
[2024-04-01T23:03:30.198+0000] {processor.py:840} INFO - DAG(s) 'example_python_decorator' retrieved from /home/airflow/.local/lib/python3.8/site-packages/airflow/example_dags/example_python_decorator.py
[2024-04-01T23:03:30.223+0000] {logging_mixin.py:188} INFO - [2024-04-01T23:03:30.223+0000] {dag.py:3047} INFO - Sync 1 DAGs
[2024-04-01T23:03:30.236+0000] {logging_mixin.py:188} INFO - [2024-04-01T23:03:30.236+0000] {dag.py:3834} INFO - Setting next_dagrun for example_python_decorator to None, run_after=None
[2024-04-01T23:03:30.257+0000] {processor.py:183} INFO - Processing /home/airflow/.local/lib/python3.8/site-packages/airflow/example_dags/example_python_decorator.py took 0.076 seconds
[2024-04-01T23:04:00.890+0000] {processor.py:161} INFO - Started process (PID=3792) to work on /home/airflow/.local/lib/python3.8/site-packages/airflow/example_dags/example_python_decorator.py
[2024-04-01T23:04:00.892+0000] {processor.py:830} INFO - Processing file /home/airflow/.local/lib/python3.8/site-packages/airflow/example_dags/example_python_decorator.py for tasks to queue
[2024-04-01T23:04:00.893+0000] {logging_mixin.py:188} INFO - [2024-04-01T23:04:00.892+0000] {dagbag.py:540} INFO - Filling up the DagBag from /home/airflow/.local/lib/python3.8/site-packages/airflow/example_dags/example_python_decorator.py
[2024-04-01T23:04:00.904+0000] {processor.py:840} INFO - DAG(s) 'example_python_decorator' retrieved from /home/airflow/.local/lib/python3.8/site-packages/airflow/example_dags/example_python_decorator.py
[2024-04-01T23:04:00.929+0000] {logging_mixin.py:188} INFO - [2024-04-01T23:04:00.928+0000] {dag.py:3047} INFO - Sync 1 DAGs
[2024-04-01T23:04:00.941+0000] {logging_mixin.py:188} INFO - [2024-04-01T23:04:00.941+0000] {dag.py:3834} INFO - Setting next_dagrun for example_python_decorator to None, run_after=None
[2024-04-01T23:04:00.974+0000] {processor.py:183} INFO - Processing /home/airflow/.local/lib/python3.8/site-packages/airflow/example_dags/example_python_decorator.py took 0.086 seconds
[2024-04-01T23:04:31.296+0000] {processor.py:161} INFO - Started process (PID=4039) to work on /home/airflow/.local/lib/python3.8/site-packages/airflow/example_dags/example_python_decorator.py
[2024-04-01T23:04:31.297+0000] {processor.py:830} INFO - Processing file /home/airflow/.local/lib/python3.8/site-packages/airflow/example_dags/example_python_decorator.py for tasks to queue
[2024-04-01T23:04:31.298+0000] {logging_mixin.py:188} INFO - [2024-04-01T23:04:31.298+0000] {dagbag.py:540} INFO - Filling up the DagBag from /home/airflow/.local/lib/python3.8/site-packages/airflow/example_dags/example_python_decorator.py
[2024-04-01T23:04:31.310+0000] {processor.py:840} INFO - DAG(s) 'example_python_decorator' retrieved from /home/airflow/.local/lib/python3.8/site-packages/airflow/example_dags/example_python_decorator.py
[2024-04-01T23:04:31.334+0000] {logging_mixin.py:188} INFO - [2024-04-01T23:04:31.334+0000] {dag.py:3047} INFO - Sync 1 DAGs
[2024-04-01T23:04:31.348+0000] {logging_mixin.py:188} INFO - [2024-04-01T23:04:31.347+0000] {dag.py:3834} INFO - Setting next_dagrun for example_python_decorator to None, run_after=None
[2024-04-01T23:04:31.380+0000] {processor.py:183} INFO - Processing /home/airflow/.local/lib/python3.8/site-packages/airflow/example_dags/example_python_decorator.py took 0.087 seconds
[2024-04-01T23:05:01.797+0000] {processor.py:161} INFO - Started process (PID=4284) to work on /home/airflow/.local/lib/python3.8/site-packages/airflow/example_dags/example_python_decorator.py
[2024-04-01T23:05:01.801+0000] {processor.py:830} INFO - Processing file /home/airflow/.local/lib/python3.8/site-packages/airflow/example_dags/example_python_decorator.py for tasks to queue
[2024-04-01T23:05:01.805+0000] {logging_mixin.py:188} INFO - [2024-04-01T23:05:01.804+0000] {dagbag.py:540} INFO - Filling up the DagBag from /home/airflow/.local/lib/python3.8/site-packages/airflow/example_dags/example_python_decorator.py
[2024-04-01T23:05:01.841+0000] {processor.py:840} INFO - DAG(s) 'example_python_decorator' retrieved from /home/airflow/.local/lib/python3.8/site-packages/airflow/example_dags/example_python_decorator.py
[2024-04-01T23:05:01.895+0000] {logging_mixin.py:188} INFO - [2024-04-01T23:05:01.894+0000] {dag.py:3047} INFO - Sync 1 DAGs
[2024-04-01T23:05:01.922+0000] {logging_mixin.py:188} INFO - [2024-04-01T23:05:01.921+0000] {dag.py:3834} INFO - Setting next_dagrun for example_python_decorator to None, run_after=None
[2024-04-01T23:05:01.965+0000] {processor.py:183} INFO - Processing /home/airflow/.local/lib/python3.8/site-packages/airflow/example_dags/example_python_decorator.py took 0.175 seconds
[2024-04-01T23:05:32.318+0000] {processor.py:161} INFO - Started process (PID=4532) to work on /home/airflow/.local/lib/python3.8/site-packages/airflow/example_dags/example_python_decorator.py
[2024-04-01T23:05:32.320+0000] {processor.py:830} INFO - Processing file /home/airflow/.local/lib/python3.8/site-packages/airflow/example_dags/example_python_decorator.py for tasks to queue
[2024-04-01T23:05:32.321+0000] {logging_mixin.py:188} INFO - [2024-04-01T23:05:32.321+0000] {dagbag.py:540} INFO - Filling up the DagBag from /home/airflow/.local/lib/python3.8/site-packages/airflow/example_dags/example_python_decorator.py
[2024-04-01T23:05:32.338+0000] {processor.py:840} INFO - DAG(s) 'example_python_decorator' retrieved from /home/airflow/.local/lib/python3.8/site-packages/airflow/example_dags/example_python_decorator.py
[2024-04-01T23:05:32.365+0000] {logging_mixin.py:188} INFO - [2024-04-01T23:05:32.365+0000] {dag.py:3047} INFO - Sync 1 DAGs
[2024-04-01T23:05:32.382+0000] {logging_mixin.py:188} INFO - [2024-04-01T23:05:32.381+0000] {dag.py:3834} INFO - Setting next_dagrun for example_python_decorator to None, run_after=None
[2024-04-01T23:05:32.413+0000] {processor.py:183} INFO - Processing /home/airflow/.local/lib/python3.8/site-packages/airflow/example_dags/example_python_decorator.py took 0.098 seconds
[2024-04-01T23:06:03.291+0000] {processor.py:161} INFO - Started process (PID=4779) to work on /home/airflow/.local/lib/python3.8/site-packages/airflow/example_dags/example_python_decorator.py
[2024-04-01T23:06:03.293+0000] {processor.py:830} INFO - Processing file /home/airflow/.local/lib/python3.8/site-packages/airflow/example_dags/example_python_decorator.py for tasks to queue
[2024-04-01T23:06:03.294+0000] {logging_mixin.py:188} INFO - [2024-04-01T23:06:03.294+0000] {dagbag.py:540} INFO - Filling up the DagBag from /home/airflow/.local/lib/python3.8/site-packages/airflow/example_dags/example_python_decorator.py
[2024-04-01T23:06:03.311+0000] {processor.py:840} INFO - DAG(s) 'example_python_decorator' retrieved from /home/airflow/.local/lib/python3.8/site-packages/airflow/example_dags/example_python_decorator.py
[2024-04-01T23:06:03.337+0000] {logging_mixin.py:188} INFO - [2024-04-01T23:06:03.337+0000] {dag.py:3047} INFO - Sync 1 DAGs
[2024-04-01T23:06:03.354+0000] {logging_mixin.py:188} INFO - [2024-04-01T23:06:03.353+0000] {dag.py:3834} INFO - Setting next_dagrun for example_python_decorator to None, run_after=None
[2024-04-01T23:06:03.380+0000] {processor.py:183} INFO - Processing /home/airflow/.local/lib/python3.8/site-packages/airflow/example_dags/example_python_decorator.py took 0.093 seconds
[2024-04-01T23:06:33.701+0000] {processor.py:161} INFO - Started process (PID=5028) to work on /home/airflow/.local/lib/python3.8/site-packages/airflow/example_dags/example_python_decorator.py
[2024-04-01T23:06:33.702+0000] {processor.py:830} INFO - Processing file /home/airflow/.local/lib/python3.8/site-packages/airflow/example_dags/example_python_decorator.py for tasks to queue
[2024-04-01T23:06:33.704+0000] {logging_mixin.py:188} INFO - [2024-04-01T23:06:33.703+0000] {dagbag.py:540} INFO - Filling up the DagBag from /home/airflow/.local/lib/python3.8/site-packages/airflow/example_dags/example_python_decorator.py
[2024-04-01T23:06:33.719+0000] {processor.py:840} INFO - DAG(s) 'example_python_decorator' retrieved from /home/airflow/.local/lib/python3.8/site-packages/airflow/example_dags/example_python_decorator.py
[2024-04-01T23:06:33.745+0000] {logging_mixin.py:188} INFO - [2024-04-01T23:06:33.745+0000] {dag.py:3047} INFO - Sync 1 DAGs
[2024-04-01T23:06:33.759+0000] {logging_mixin.py:188} INFO - [2024-04-01T23:06:33.759+0000] {dag.py:3834} INFO - Setting next_dagrun for example_python_decorator to None, run_after=None
[2024-04-01T23:06:33.780+0000] {processor.py:183} INFO - Processing /home/airflow/.local/lib/python3.8/site-packages/airflow/example_dags/example_python_decorator.py took 0.084 seconds
[2024-04-01T23:07:04.236+0000] {processor.py:161} INFO - Started process (PID=5273) to work on /home/airflow/.local/lib/python3.8/site-packages/airflow/example_dags/example_python_decorator.py
[2024-04-01T23:07:04.237+0000] {processor.py:830} INFO - Processing file /home/airflow/.local/lib/python3.8/site-packages/airflow/example_dags/example_python_decorator.py for tasks to queue
[2024-04-01T23:07:04.238+0000] {logging_mixin.py:188} INFO - [2024-04-01T23:07:04.238+0000] {dagbag.py:540} INFO - Filling up the DagBag from /home/airflow/.local/lib/python3.8/site-packages/airflow/example_dags/example_python_decorator.py
[2024-04-01T23:07:04.255+0000] {processor.py:840} INFO - DAG(s) 'example_python_decorator' retrieved from /home/airflow/.local/lib/python3.8/site-packages/airflow/example_dags/example_python_decorator.py
[2024-04-01T23:07:04.286+0000] {logging_mixin.py:188} INFO - [2024-04-01T23:07:04.286+0000] {dag.py:3047} INFO - Sync 1 DAGs
[2024-04-01T23:07:04.303+0000] {logging_mixin.py:188} INFO - [2024-04-01T23:07:04.302+0000] {dag.py:3834} INFO - Setting next_dagrun for example_python_decorator to None, run_after=None
[2024-04-01T23:07:04.328+0000] {processor.py:183} INFO - Processing /home/airflow/.local/lib/python3.8/site-packages/airflow/example_dags/example_python_decorator.py took 0.095 seconds
[2024-04-01T23:07:34.536+0000] {processor.py:161} INFO - Started process (PID=5520) to work on /home/airflow/.local/lib/python3.8/site-packages/airflow/example_dags/example_python_decorator.py
[2024-04-01T23:07:34.537+0000] {processor.py:830} INFO - Processing file /home/airflow/.local/lib/python3.8/site-packages/airflow/example_dags/example_python_decorator.py for tasks to queue
[2024-04-01T23:07:34.538+0000] {logging_mixin.py:188} INFO - [2024-04-01T23:07:34.538+0000] {dagbag.py:540} INFO - Filling up the DagBag from /home/airflow/.local/lib/python3.8/site-packages/airflow/example_dags/example_python_decorator.py
[2024-04-01T23:07:34.558+0000] {processor.py:840} INFO - DAG(s) 'example_python_decorator' retrieved from /home/airflow/.local/lib/python3.8/site-packages/airflow/example_dags/example_python_decorator.py
[2024-04-01T23:07:34.586+0000] {logging_mixin.py:188} INFO - [2024-04-01T23:07:34.586+0000] {dag.py:3047} INFO - Sync 1 DAGs
[2024-04-01T23:07:34.601+0000] {logging_mixin.py:188} INFO - [2024-04-01T23:07:34.600+0000] {dag.py:3834} INFO - Setting next_dagrun for example_python_decorator to None, run_after=None
[2024-04-01T23:07:34.624+0000] {processor.py:183} INFO - Processing /home/airflow/.local/lib/python3.8/site-packages/airflow/example_dags/example_python_decorator.py took 0.092 seconds
[2024-04-01T23:08:04.914+0000] {processor.py:161} INFO - Started process (PID=5767) to work on /home/airflow/.local/lib/python3.8/site-packages/airflow/example_dags/example_python_decorator.py
[2024-04-01T23:08:04.915+0000] {processor.py:830} INFO - Processing file /home/airflow/.local/lib/python3.8/site-packages/airflow/example_dags/example_python_decorator.py for tasks to queue
[2024-04-01T23:08:04.917+0000] {logging_mixin.py:188} INFO - [2024-04-01T23:08:04.916+0000] {dagbag.py:540} INFO - Filling up the DagBag from /home/airflow/.local/lib/python3.8/site-packages/airflow/example_dags/example_python_decorator.py
[2024-04-01T23:08:04.931+0000] {processor.py:840} INFO - DAG(s) 'example_python_decorator' retrieved from /home/airflow/.local/lib/python3.8/site-packages/airflow/example_dags/example_python_decorator.py
[2024-04-01T23:08:04.954+0000] {logging_mixin.py:188} INFO - [2024-04-01T23:08:04.954+0000] {dag.py:3047} INFO - Sync 1 DAGs
[2024-04-01T23:08:04.968+0000] {logging_mixin.py:188} INFO - [2024-04-01T23:08:04.968+0000] {dag.py:3834} INFO - Setting next_dagrun for example_python_decorator to None, run_after=None
[2024-04-01T23:08:04.990+0000] {processor.py:183} INFO - Processing /home/airflow/.local/lib/python3.8/site-packages/airflow/example_dags/example_python_decorator.py took 0.079 seconds
[2024-04-01T23:08:35.544+0000] {processor.py:161} INFO - Started process (PID=6014) to work on /home/airflow/.local/lib/python3.8/site-packages/airflow/example_dags/example_python_decorator.py
[2024-04-01T23:08:35.545+0000] {processor.py:830} INFO - Processing file /home/airflow/.local/lib/python3.8/site-packages/airflow/example_dags/example_python_decorator.py for tasks to queue
[2024-04-01T23:08:35.546+0000] {logging_mixin.py:188} INFO - [2024-04-01T23:08:35.546+0000] {dagbag.py:540} INFO - Filling up the DagBag from /home/airflow/.local/lib/python3.8/site-packages/airflow/example_dags/example_python_decorator.py
[2024-04-01T23:08:35.559+0000] {processor.py:840} INFO - DAG(s) 'example_python_decorator' retrieved from /home/airflow/.local/lib/python3.8/site-packages/airflow/example_dags/example_python_decorator.py
[2024-04-01T23:08:35.582+0000] {logging_mixin.py:188} INFO - [2024-04-01T23:08:35.582+0000] {dag.py:3047} INFO - Sync 1 DAGs
[2024-04-01T23:08:35.596+0000] {logging_mixin.py:188} INFO - [2024-04-01T23:08:35.596+0000] {dag.py:3834} INFO - Setting next_dagrun for example_python_decorator to None, run_after=None
[2024-04-01T23:08:35.620+0000] {processor.py:183} INFO - Processing /home/airflow/.local/lib/python3.8/site-packages/airflow/example_dags/example_python_decorator.py took 0.078 seconds
[2024-04-01T23:09:05.900+0000] {processor.py:161} INFO - Started process (PID=6263) to work on /home/airflow/.local/lib/python3.8/site-packages/airflow/example_dags/example_python_decorator.py
[2024-04-01T23:09:05.901+0000] {processor.py:830} INFO - Processing file /home/airflow/.local/lib/python3.8/site-packages/airflow/example_dags/example_python_decorator.py for tasks to queue
[2024-04-01T23:09:05.902+0000] {logging_mixin.py:188} INFO - [2024-04-01T23:09:05.901+0000] {dagbag.py:540} INFO - Filling up the DagBag from /home/airflow/.local/lib/python3.8/site-packages/airflow/example_dags/example_python_decorator.py
[2024-04-01T23:09:05.913+0000] {processor.py:840} INFO - DAG(s) 'example_python_decorator' retrieved from /home/airflow/.local/lib/python3.8/site-packages/airflow/example_dags/example_python_decorator.py
[2024-04-01T23:09:05.937+0000] {logging_mixin.py:188} INFO - [2024-04-01T23:09:05.936+0000] {dag.py:3047} INFO - Sync 1 DAGs
[2024-04-01T23:09:05.949+0000] {logging_mixin.py:188} INFO - [2024-04-01T23:09:05.949+0000] {dag.py:3834} INFO - Setting next_dagrun for example_python_decorator to None, run_after=None
[2024-04-01T23:09:05.980+0000] {processor.py:183} INFO - Processing /home/airflow/.local/lib/python3.8/site-packages/airflow/example_dags/example_python_decorator.py took 0.083 seconds
[2024-04-01T23:09:36.318+0000] {processor.py:161} INFO - Started process (PID=6511) to work on /home/airflow/.local/lib/python3.8/site-packages/airflow/example_dags/example_python_decorator.py
[2024-04-01T23:09:36.319+0000] {processor.py:830} INFO - Processing file /home/airflow/.local/lib/python3.8/site-packages/airflow/example_dags/example_python_decorator.py for tasks to queue
[2024-04-01T23:09:36.321+0000] {logging_mixin.py:188} INFO - [2024-04-01T23:09:36.320+0000] {dagbag.py:540} INFO - Filling up the DagBag from /home/airflow/.local/lib/python3.8/site-packages/airflow/example_dags/example_python_decorator.py
[2024-04-01T23:09:36.336+0000] {processor.py:840} INFO - DAG(s) 'example_python_decorator' retrieved from /home/airflow/.local/lib/python3.8/site-packages/airflow/example_dags/example_python_decorator.py
[2024-04-01T23:09:36.365+0000] {logging_mixin.py:188} INFO - [2024-04-01T23:09:36.365+0000] {dag.py:3047} INFO - Sync 1 DAGs
[2024-04-01T23:09:36.379+0000] {logging_mixin.py:188} INFO - [2024-04-01T23:09:36.378+0000] {dag.py:3834} INFO - Setting next_dagrun for example_python_decorator to None, run_after=None
[2024-04-01T23:09:36.401+0000] {processor.py:183} INFO - Processing /home/airflow/.local/lib/python3.8/site-packages/airflow/example_dags/example_python_decorator.py took 0.086 seconds
[2024-04-01T23:10:06.728+0000] {processor.py:161} INFO - Started process (PID=6756) to work on /home/airflow/.local/lib/python3.8/site-packages/airflow/example_dags/example_python_decorator.py
[2024-04-01T23:10:06.729+0000] {processor.py:830} INFO - Processing file /home/airflow/.local/lib/python3.8/site-packages/airflow/example_dags/example_python_decorator.py for tasks to queue
[2024-04-01T23:10:06.731+0000] {logging_mixin.py:188} INFO - [2024-04-01T23:10:06.730+0000] {dagbag.py:540} INFO - Filling up the DagBag from /home/airflow/.local/lib/python3.8/site-packages/airflow/example_dags/example_python_decorator.py
[2024-04-01T23:10:06.749+0000] {processor.py:840} INFO - DAG(s) 'example_python_decorator' retrieved from /home/airflow/.local/lib/python3.8/site-packages/airflow/example_dags/example_python_decorator.py
[2024-04-01T23:10:06.775+0000] {logging_mixin.py:188} INFO - [2024-04-01T23:10:06.775+0000] {dag.py:3047} INFO - Sync 1 DAGs
[2024-04-01T23:10:06.791+0000] {logging_mixin.py:188} INFO - [2024-04-01T23:10:06.790+0000] {dag.py:3834} INFO - Setting next_dagrun for example_python_decorator to None, run_after=None
[2024-04-01T23:10:06.814+0000] {processor.py:183} INFO - Processing /home/airflow/.local/lib/python3.8/site-packages/airflow/example_dags/example_python_decorator.py took 0.090 seconds
[2024-04-01T23:10:37.145+0000] {processor.py:161} INFO - Started process (PID=7011) to work on /home/airflow/.local/lib/python3.8/site-packages/airflow/example_dags/example_python_decorator.py
[2024-04-01T23:10:37.147+0000] {processor.py:830} INFO - Processing file /home/airflow/.local/lib/python3.8/site-packages/airflow/example_dags/example_python_decorator.py for tasks to queue
[2024-04-01T23:10:37.148+0000] {logging_mixin.py:188} INFO - [2024-04-01T23:10:37.148+0000] {dagbag.py:540} INFO - Filling up the DagBag from /home/airflow/.local/lib/python3.8/site-packages/airflow/example_dags/example_python_decorator.py
[2024-04-01T23:10:37.160+0000] {processor.py:840} INFO - DAG(s) 'example_python_decorator' retrieved from /home/airflow/.local/lib/python3.8/site-packages/airflow/example_dags/example_python_decorator.py
[2024-04-01T23:10:37.182+0000] {logging_mixin.py:188} INFO - [2024-04-01T23:10:37.182+0000] {dag.py:3047} INFO - Sync 1 DAGs
[2024-04-01T23:10:37.195+0000] {logging_mixin.py:188} INFO - [2024-04-01T23:10:37.194+0000] {dag.py:3834} INFO - Setting next_dagrun for example_python_decorator to None, run_after=None
[2024-04-01T23:10:37.230+0000] {processor.py:183} INFO - Processing /home/airflow/.local/lib/python3.8/site-packages/airflow/example_dags/example_python_decorator.py took 0.088 seconds
[2024-04-01T23:11:07.440+0000] {processor.py:161} INFO - Started process (PID=7256) to work on /home/airflow/.local/lib/python3.8/site-packages/airflow/example_dags/example_python_decorator.py
[2024-04-01T23:11:07.441+0000] {processor.py:830} INFO - Processing file /home/airflow/.local/lib/python3.8/site-packages/airflow/example_dags/example_python_decorator.py for tasks to queue
[2024-04-01T23:11:07.442+0000] {logging_mixin.py:188} INFO - [2024-04-01T23:11:07.442+0000] {dagbag.py:540} INFO - Filling up the DagBag from /home/airflow/.local/lib/python3.8/site-packages/airflow/example_dags/example_python_decorator.py
[2024-04-01T23:11:07.454+0000] {processor.py:840} INFO - DAG(s) 'example_python_decorator' retrieved from /home/airflow/.local/lib/python3.8/site-packages/airflow/example_dags/example_python_decorator.py
[2024-04-01T23:11:07.477+0000] {logging_mixin.py:188} INFO - [2024-04-01T23:11:07.476+0000] {dag.py:3047} INFO - Sync 1 DAGs
[2024-04-01T23:11:07.490+0000] {logging_mixin.py:188} INFO - [2024-04-01T23:11:07.489+0000] {dag.py:3834} INFO - Setting next_dagrun for example_python_decorator to None, run_after=None
[2024-04-01T23:11:07.516+0000] {processor.py:183} INFO - Processing /home/airflow/.local/lib/python3.8/site-packages/airflow/example_dags/example_python_decorator.py took 0.079 seconds
[2024-04-01T23:11:38.078+0000] {processor.py:161} INFO - Started process (PID=7505) to work on /home/airflow/.local/lib/python3.8/site-packages/airflow/example_dags/example_python_decorator.py
[2024-04-01T23:11:38.079+0000] {processor.py:830} INFO - Processing file /home/airflow/.local/lib/python3.8/site-packages/airflow/example_dags/example_python_decorator.py for tasks to queue
[2024-04-01T23:11:38.080+0000] {logging_mixin.py:188} INFO - [2024-04-01T23:11:38.080+0000] {dagbag.py:540} INFO - Filling up the DagBag from /home/airflow/.local/lib/python3.8/site-packages/airflow/example_dags/example_python_decorator.py
[2024-04-01T23:11:38.093+0000] {processor.py:840} INFO - DAG(s) 'example_python_decorator' retrieved from /home/airflow/.local/lib/python3.8/site-packages/airflow/example_dags/example_python_decorator.py
[2024-04-01T23:11:38.120+0000] {logging_mixin.py:188} INFO - [2024-04-01T23:11:38.120+0000] {dag.py:3047} INFO - Sync 1 DAGs
[2024-04-01T23:11:38.134+0000] {logging_mixin.py:188} INFO - [2024-04-01T23:11:38.134+0000] {dag.py:3834} INFO - Setting next_dagrun for example_python_decorator to None, run_after=None
[2024-04-01T23:11:38.169+0000] {processor.py:183} INFO - Processing /home/airflow/.local/lib/python3.8/site-packages/airflow/example_dags/example_python_decorator.py took 0.094 seconds
[2024-04-01T23:12:08.565+0000] {processor.py:161} INFO - Started process (PID=7752) to work on /home/airflow/.local/lib/python3.8/site-packages/airflow/example_dags/example_python_decorator.py
[2024-04-01T23:12:08.566+0000] {processor.py:830} INFO - Processing file /home/airflow/.local/lib/python3.8/site-packages/airflow/example_dags/example_python_decorator.py for tasks to queue
[2024-04-01T23:12:08.567+0000] {logging_mixin.py:188} INFO - [2024-04-01T23:12:08.567+0000] {dagbag.py:540} INFO - Filling up the DagBag from /home/airflow/.local/lib/python3.8/site-packages/airflow/example_dags/example_python_decorator.py
[2024-04-01T23:12:08.579+0000] {processor.py:840} INFO - DAG(s) 'example_python_decorator' retrieved from /home/airflow/.local/lib/python3.8/site-packages/airflow/example_dags/example_python_decorator.py
[2024-04-01T23:12:08.600+0000] {logging_mixin.py:188} INFO - [2024-04-01T23:12:08.600+0000] {dag.py:3047} INFO - Sync 1 DAGs
[2024-04-01T23:12:08.614+0000] {logging_mixin.py:188} INFO - [2024-04-01T23:12:08.613+0000] {dag.py:3834} INFO - Setting next_dagrun for example_python_decorator to None, run_after=None
[2024-04-01T23:12:08.638+0000] {processor.py:183} INFO - Processing /home/airflow/.local/lib/python3.8/site-packages/airflow/example_dags/example_python_decorator.py took 0.076 seconds
[2024-04-01T23:12:39.114+0000] {processor.py:161} INFO - Started process (PID=8000) to work on /home/airflow/.local/lib/python3.8/site-packages/airflow/example_dags/example_python_decorator.py
[2024-04-01T23:12:39.116+0000] {processor.py:830} INFO - Processing file /home/airflow/.local/lib/python3.8/site-packages/airflow/example_dags/example_python_decorator.py for tasks to queue
[2024-04-01T23:12:39.117+0000] {logging_mixin.py:188} INFO - [2024-04-01T23:12:39.117+0000] {dagbag.py:540} INFO - Filling up the DagBag from /home/airflow/.local/lib/python3.8/site-packages/airflow/example_dags/example_python_decorator.py
[2024-04-01T23:12:39.130+0000] {processor.py:840} INFO - DAG(s) 'example_python_decorator' retrieved from /home/airflow/.local/lib/python3.8/site-packages/airflow/example_dags/example_python_decorator.py
[2024-04-01T23:12:39.155+0000] {logging_mixin.py:188} INFO - [2024-04-01T23:12:39.155+0000] {dag.py:3047} INFO - Sync 1 DAGs
[2024-04-01T23:12:39.170+0000] {logging_mixin.py:188} INFO - [2024-04-01T23:12:39.170+0000] {dag.py:3834} INFO - Setting next_dagrun for example_python_decorator to None, run_after=None
[2024-04-01T23:12:39.197+0000] {processor.py:183} INFO - Processing /home/airflow/.local/lib/python3.8/site-packages/airflow/example_dags/example_python_decorator.py took 0.085 seconds
[2024-04-01T23:13:09.589+0000] {processor.py:161} INFO - Started process (PID=8245) to work on /home/airflow/.local/lib/python3.8/site-packages/airflow/example_dags/example_python_decorator.py
[2024-04-01T23:13:09.590+0000] {processor.py:830} INFO - Processing file /home/airflow/.local/lib/python3.8/site-packages/airflow/example_dags/example_python_decorator.py for tasks to queue
[2024-04-01T23:13:09.591+0000] {logging_mixin.py:188} INFO - [2024-04-01T23:13:09.591+0000] {dagbag.py:540} INFO - Filling up the DagBag from /home/airflow/.local/lib/python3.8/site-packages/airflow/example_dags/example_python_decorator.py
[2024-04-01T23:13:09.604+0000] {processor.py:840} INFO - DAG(s) 'example_python_decorator' retrieved from /home/airflow/.local/lib/python3.8/site-packages/airflow/example_dags/example_python_decorator.py
[2024-04-01T23:13:09.630+0000] {logging_mixin.py:188} INFO - [2024-04-01T23:13:09.629+0000] {dag.py:3047} INFO - Sync 1 DAGs
[2024-04-01T23:13:09.643+0000] {logging_mixin.py:188} INFO - [2024-04-01T23:13:09.643+0000] {dag.py:3834} INFO - Setting next_dagrun for example_python_decorator to None, run_after=None
[2024-04-01T23:13:09.674+0000] {processor.py:183} INFO - Processing /home/airflow/.local/lib/python3.8/site-packages/airflow/example_dags/example_python_decorator.py took 0.087 seconds
[2024-04-01T23:13:40.209+0000] {processor.py:161} INFO - Started process (PID=8493) to work on /home/airflow/.local/lib/python3.8/site-packages/airflow/example_dags/example_python_decorator.py
[2024-04-01T23:13:40.210+0000] {processor.py:830} INFO - Processing file /home/airflow/.local/lib/python3.8/site-packages/airflow/example_dags/example_python_decorator.py for tasks to queue
[2024-04-01T23:13:40.211+0000] {logging_mixin.py:188} INFO - [2024-04-01T23:13:40.211+0000] {dagbag.py:540} INFO - Filling up the DagBag from /home/airflow/.local/lib/python3.8/site-packages/airflow/example_dags/example_python_decorator.py
[2024-04-01T23:13:40.224+0000] {processor.py:840} INFO - DAG(s) 'example_python_decorator' retrieved from /home/airflow/.local/lib/python3.8/site-packages/airflow/example_dags/example_python_decorator.py
[2024-04-01T23:13:40.250+0000] {logging_mixin.py:188} INFO - [2024-04-01T23:13:40.249+0000] {dag.py:3047} INFO - Sync 1 DAGs
[2024-04-01T23:13:40.265+0000] {logging_mixin.py:188} INFO - [2024-04-01T23:13:40.264+0000] {dag.py:3834} INFO - Setting next_dagrun for example_python_decorator to None, run_after=None
[2024-04-01T23:13:40.294+0000] {processor.py:183} INFO - Processing /home/airflow/.local/lib/python3.8/site-packages/airflow/example_dags/example_python_decorator.py took 0.088 seconds
[2024-04-01T23:14:10.598+0000] {processor.py:161} INFO - Started process (PID=8742) to work on /home/airflow/.local/lib/python3.8/site-packages/airflow/example_dags/example_python_decorator.py
[2024-04-01T23:14:10.599+0000] {processor.py:830} INFO - Processing file /home/airflow/.local/lib/python3.8/site-packages/airflow/example_dags/example_python_decorator.py for tasks to queue
[2024-04-01T23:14:10.600+0000] {logging_mixin.py:188} INFO - [2024-04-01T23:14:10.600+0000] {dagbag.py:540} INFO - Filling up the DagBag from /home/airflow/.local/lib/python3.8/site-packages/airflow/example_dags/example_python_decorator.py
[2024-04-01T23:14:10.613+0000] {processor.py:840} INFO - DAG(s) 'example_python_decorator' retrieved from /home/airflow/.local/lib/python3.8/site-packages/airflow/example_dags/example_python_decorator.py
[2024-04-01T23:14:10.639+0000] {logging_mixin.py:188} INFO - [2024-04-01T23:14:10.639+0000] {dag.py:3047} INFO - Sync 1 DAGs
[2024-04-01T23:14:10.653+0000] {logging_mixin.py:188} INFO - [2024-04-01T23:14:10.652+0000] {dag.py:3834} INFO - Setting next_dagrun for example_python_decorator to None, run_after=None
[2024-04-01T23:14:10.679+0000] {processor.py:183} INFO - Processing /home/airflow/.local/lib/python3.8/site-packages/airflow/example_dags/example_python_decorator.py took 0.084 seconds
[2024-04-01T23:14:41.157+0000] {processor.py:161} INFO - Started process (PID=8987) to work on /home/airflow/.local/lib/python3.8/site-packages/airflow/example_dags/example_python_decorator.py
[2024-04-01T23:14:41.158+0000] {processor.py:830} INFO - Processing file /home/airflow/.local/lib/python3.8/site-packages/airflow/example_dags/example_python_decorator.py for tasks to queue
[2024-04-01T23:14:41.159+0000] {logging_mixin.py:188} INFO - [2024-04-01T23:14:41.159+0000] {dagbag.py:540} INFO - Filling up the DagBag from /home/airflow/.local/lib/python3.8/site-packages/airflow/example_dags/example_python_decorator.py
[2024-04-01T23:14:41.175+0000] {processor.py:840} INFO - DAG(s) 'example_python_decorator' retrieved from /home/airflow/.local/lib/python3.8/site-packages/airflow/example_dags/example_python_decorator.py
[2024-04-01T23:14:41.199+0000] {logging_mixin.py:188} INFO - [2024-04-01T23:14:41.198+0000] {dag.py:3047} INFO - Sync 1 DAGs
[2024-04-01T23:14:41.213+0000] {logging_mixin.py:188} INFO - [2024-04-01T23:14:41.213+0000] {dag.py:3834} INFO - Setting next_dagrun for example_python_decorator to None, run_after=None
[2024-04-01T23:14:41.248+0000] {processor.py:183} INFO - Processing /home/airflow/.local/lib/python3.8/site-packages/airflow/example_dags/example_python_decorator.py took 0.094 seconds
[2024-04-01T23:15:12.332+0000] {processor.py:161} INFO - Started process (PID=9234) to work on /home/airflow/.local/lib/python3.8/site-packages/airflow/example_dags/example_python_decorator.py
[2024-04-01T23:15:12.333+0000] {processor.py:830} INFO - Processing file /home/airflow/.local/lib/python3.8/site-packages/airflow/example_dags/example_python_decorator.py for tasks to queue
[2024-04-01T23:15:12.334+0000] {logging_mixin.py:188} INFO - [2024-04-01T23:15:12.334+0000] {dagbag.py:540} INFO - Filling up the DagBag from /home/airflow/.local/lib/python3.8/site-packages/airflow/example_dags/example_python_decorator.py
[2024-04-01T23:15:12.351+0000] {processor.py:840} INFO - DAG(s) 'example_python_decorator' retrieved from /home/airflow/.local/lib/python3.8/site-packages/airflow/example_dags/example_python_decorator.py
[2024-04-01T23:15:12.379+0000] {logging_mixin.py:188} INFO - [2024-04-01T23:15:12.378+0000] {dag.py:3047} INFO - Sync 1 DAGs
[2024-04-01T23:15:12.392+0000] {logging_mixin.py:188} INFO - [2024-04-01T23:15:12.392+0000] {dag.py:3834} INFO - Setting next_dagrun for example_python_decorator to None, run_after=None
[2024-04-01T23:15:12.427+0000] {processor.py:183} INFO - Processing /home/airflow/.local/lib/python3.8/site-packages/airflow/example_dags/example_python_decorator.py took 0.097 seconds
[2024-04-01T23:15:43.152+0000] {processor.py:161} INFO - Started process (PID=9486) to work on /home/airflow/.local/lib/python3.8/site-packages/airflow/example_dags/example_python_decorator.py
[2024-04-01T23:15:43.153+0000] {processor.py:830} INFO - Processing file /home/airflow/.local/lib/python3.8/site-packages/airflow/example_dags/example_python_decorator.py for tasks to queue
[2024-04-01T23:15:43.154+0000] {logging_mixin.py:188} INFO - [2024-04-01T23:15:43.154+0000] {dagbag.py:540} INFO - Filling up the DagBag from /home/airflow/.local/lib/python3.8/site-packages/airflow/example_dags/example_python_decorator.py
[2024-04-01T23:15:43.166+0000] {processor.py:840} INFO - DAG(s) 'example_python_decorator' retrieved from /home/airflow/.local/lib/python3.8/site-packages/airflow/example_dags/example_python_decorator.py
[2024-04-01T23:15:43.192+0000] {logging_mixin.py:188} INFO - [2024-04-01T23:15:43.191+0000] {dag.py:3047} INFO - Sync 1 DAGs
[2024-04-01T23:15:43.204+0000] {logging_mixin.py:188} INFO - [2024-04-01T23:15:43.204+0000] {dag.py:3834} INFO - Setting next_dagrun for example_python_decorator to None, run_after=None
[2024-04-01T23:15:43.242+0000] {processor.py:183} INFO - Processing /home/airflow/.local/lib/python3.8/site-packages/airflow/example_dags/example_python_decorator.py took 0.093 seconds
[2024-04-01T23:16:13.404+0000] {processor.py:161} INFO - Started process (PID=9730) to work on /home/airflow/.local/lib/python3.8/site-packages/airflow/example_dags/example_python_decorator.py
[2024-04-01T23:16:13.405+0000] {processor.py:830} INFO - Processing file /home/airflow/.local/lib/python3.8/site-packages/airflow/example_dags/example_python_decorator.py for tasks to queue
[2024-04-01T23:16:13.406+0000] {logging_mixin.py:188} INFO - [2024-04-01T23:16:13.405+0000] {dagbag.py:540} INFO - Filling up the DagBag from /home/airflow/.local/lib/python3.8/site-packages/airflow/example_dags/example_python_decorator.py
[2024-04-01T23:16:13.418+0000] {processor.py:840} INFO - DAG(s) 'example_python_decorator' retrieved from /home/airflow/.local/lib/python3.8/site-packages/airflow/example_dags/example_python_decorator.py
[2024-04-01T23:16:13.442+0000] {logging_mixin.py:188} INFO - [2024-04-01T23:16:13.441+0000] {dag.py:3047} INFO - Sync 1 DAGs
[2024-04-01T23:16:13.454+0000] {logging_mixin.py:188} INFO - [2024-04-01T23:16:13.454+0000] {dag.py:3834} INFO - Setting next_dagrun for example_python_decorator to None, run_after=None
[2024-04-01T23:16:13.486+0000] {processor.py:183} INFO - Processing /home/airflow/.local/lib/python3.8/site-packages/airflow/example_dags/example_python_decorator.py took 0.085 seconds
[2024-04-01T23:16:43.785+0000] {processor.py:161} INFO - Started process (PID=9975) to work on /home/airflow/.local/lib/python3.8/site-packages/airflow/example_dags/example_python_decorator.py
[2024-04-01T23:16:43.786+0000] {processor.py:830} INFO - Processing file /home/airflow/.local/lib/python3.8/site-packages/airflow/example_dags/example_python_decorator.py for tasks to queue
[2024-04-01T23:16:43.788+0000] {logging_mixin.py:188} INFO - [2024-04-01T23:16:43.787+0000] {dagbag.py:540} INFO - Filling up the DagBag from /home/airflow/.local/lib/python3.8/site-packages/airflow/example_dags/example_python_decorator.py
[2024-04-01T23:16:43.807+0000] {processor.py:840} INFO - DAG(s) 'example_python_decorator' retrieved from /home/airflow/.local/lib/python3.8/site-packages/airflow/example_dags/example_python_decorator.py
[2024-04-01T23:16:43.829+0000] {logging_mixin.py:188} INFO - [2024-04-01T23:16:43.829+0000] {dag.py:3047} INFO - Sync 1 DAGs
[2024-04-01T23:16:43.842+0000] {logging_mixin.py:188} INFO - [2024-04-01T23:16:43.842+0000] {dag.py:3834} INFO - Setting next_dagrun for example_python_decorator to None, run_after=None
[2024-04-01T23:16:43.875+0000] {processor.py:183} INFO - Processing /home/airflow/.local/lib/python3.8/site-packages/airflow/example_dags/example_python_decorator.py took 0.093 seconds
[2024-04-01T23:17:14.453+0000] {processor.py:161} INFO - Started process (PID=10227) to work on /home/airflow/.local/lib/python3.8/site-packages/airflow/example_dags/example_python_decorator.py
[2024-04-01T23:17:14.454+0000] {processor.py:830} INFO - Processing file /home/airflow/.local/lib/python3.8/site-packages/airflow/example_dags/example_python_decorator.py for tasks to queue
[2024-04-01T23:17:14.455+0000] {logging_mixin.py:188} INFO - [2024-04-01T23:17:14.455+0000] {dagbag.py:540} INFO - Filling up the DagBag from /home/airflow/.local/lib/python3.8/site-packages/airflow/example_dags/example_python_decorator.py
[2024-04-01T23:17:14.468+0000] {processor.py:840} INFO - DAG(s) 'example_python_decorator' retrieved from /home/airflow/.local/lib/python3.8/site-packages/airflow/example_dags/example_python_decorator.py
[2024-04-01T23:17:14.494+0000] {logging_mixin.py:188} INFO - [2024-04-01T23:17:14.493+0000] {dag.py:3047} INFO - Sync 1 DAGs
[2024-04-01T23:17:14.508+0000] {logging_mixin.py:188} INFO - [2024-04-01T23:17:14.507+0000] {dag.py:3834} INFO - Setting next_dagrun for example_python_decorator to None, run_after=None
[2024-04-01T23:17:14.543+0000] {processor.py:183} INFO - Processing /home/airflow/.local/lib/python3.8/site-packages/airflow/example_dags/example_python_decorator.py took 0.092 seconds
[2024-04-01T23:17:44.870+0000] {processor.py:161} INFO - Started process (PID=10471) to work on /home/airflow/.local/lib/python3.8/site-packages/airflow/example_dags/example_python_decorator.py
[2024-04-01T23:17:44.871+0000] {processor.py:830} INFO - Processing file /home/airflow/.local/lib/python3.8/site-packages/airflow/example_dags/example_python_decorator.py for tasks to queue
[2024-04-01T23:17:44.872+0000] {logging_mixin.py:188} INFO - [2024-04-01T23:17:44.871+0000] {dagbag.py:540} INFO - Filling up the DagBag from /home/airflow/.local/lib/python3.8/site-packages/airflow/example_dags/example_python_decorator.py
[2024-04-01T23:17:44.884+0000] {processor.py:840} INFO - DAG(s) 'example_python_decorator' retrieved from /home/airflow/.local/lib/python3.8/site-packages/airflow/example_dags/example_python_decorator.py
[2024-04-01T23:17:44.906+0000] {logging_mixin.py:188} INFO - [2024-04-01T23:17:44.905+0000] {dag.py:3047} INFO - Sync 1 DAGs
[2024-04-01T23:17:44.918+0000] {logging_mixin.py:188} INFO - [2024-04-01T23:17:44.917+0000] {dag.py:3834} INFO - Setting next_dagrun for example_python_decorator to None, run_after=None
[2024-04-01T23:17:44.939+0000] {processor.py:183} INFO - Processing /home/airflow/.local/lib/python3.8/site-packages/airflow/example_dags/example_python_decorator.py took 0.072 seconds
[2024-04-01T23:18:15.463+0000] {processor.py:161} INFO - Started process (PID=10716) to work on /home/airflow/.local/lib/python3.8/site-packages/airflow/example_dags/example_python_decorator.py
[2024-04-01T23:18:15.464+0000] {processor.py:830} INFO - Processing file /home/airflow/.local/lib/python3.8/site-packages/airflow/example_dags/example_python_decorator.py for tasks to queue
[2024-04-01T23:18:15.466+0000] {logging_mixin.py:188} INFO - [2024-04-01T23:18:15.465+0000] {dagbag.py:540} INFO - Filling up the DagBag from /home/airflow/.local/lib/python3.8/site-packages/airflow/example_dags/example_python_decorator.py
[2024-04-01T23:18:15.481+0000] {processor.py:840} INFO - DAG(s) 'example_python_decorator' retrieved from /home/airflow/.local/lib/python3.8/site-packages/airflow/example_dags/example_python_decorator.py
[2024-04-01T23:18:15.510+0000] {logging_mixin.py:188} INFO - [2024-04-01T23:18:15.510+0000] {dag.py:3047} INFO - Sync 1 DAGs
[2024-04-01T23:18:15.524+0000] {logging_mixin.py:188} INFO - [2024-04-01T23:18:15.523+0000] {dag.py:3834} INFO - Setting next_dagrun for example_python_decorator to None, run_after=None
[2024-04-01T23:18:15.547+0000] {processor.py:183} INFO - Processing /home/airflow/.local/lib/python3.8/site-packages/airflow/example_dags/example_python_decorator.py took 0.088 seconds
[2024-04-01T23:18:45.889+0000] {processor.py:161} INFO - Started process (PID=10965) to work on /home/airflow/.local/lib/python3.8/site-packages/airflow/example_dags/example_python_decorator.py
[2024-04-01T23:18:45.890+0000] {processor.py:830} INFO - Processing file /home/airflow/.local/lib/python3.8/site-packages/airflow/example_dags/example_python_decorator.py for tasks to queue
[2024-04-01T23:18:45.891+0000] {logging_mixin.py:188} INFO - [2024-04-01T23:18:45.891+0000] {dagbag.py:540} INFO - Filling up the DagBag from /home/airflow/.local/lib/python3.8/site-packages/airflow/example_dags/example_python_decorator.py
[2024-04-01T23:18:45.906+0000] {processor.py:840} INFO - DAG(s) 'example_python_decorator' retrieved from /home/airflow/.local/lib/python3.8/site-packages/airflow/example_dags/example_python_decorator.py
[2024-04-01T23:18:45.934+0000] {logging_mixin.py:188} INFO - [2024-04-01T23:18:45.934+0000] {dag.py:3047} INFO - Sync 1 DAGs
[2024-04-01T23:18:45.947+0000] {logging_mixin.py:188} INFO - [2024-04-01T23:18:45.947+0000] {dag.py:3834} INFO - Setting next_dagrun for example_python_decorator to None, run_after=None
[2024-04-01T23:18:45.983+0000] {processor.py:183} INFO - Processing /home/airflow/.local/lib/python3.8/site-packages/airflow/example_dags/example_python_decorator.py took 0.096 seconds
[2024-04-01T23:19:16.375+0000] {processor.py:161} INFO - Started process (PID=11212) to work on /home/airflow/.local/lib/python3.8/site-packages/airflow/example_dags/example_python_decorator.py
[2024-04-01T23:19:16.376+0000] {processor.py:830} INFO - Processing file /home/airflow/.local/lib/python3.8/site-packages/airflow/example_dags/example_python_decorator.py for tasks to queue
[2024-04-01T23:19:16.377+0000] {logging_mixin.py:188} INFO - [2024-04-01T23:19:16.377+0000] {dagbag.py:540} INFO - Filling up the DagBag from /home/airflow/.local/lib/python3.8/site-packages/airflow/example_dags/example_python_decorator.py
[2024-04-01T23:19:16.390+0000] {processor.py:840} INFO - DAG(s) 'example_python_decorator' retrieved from /home/airflow/.local/lib/python3.8/site-packages/airflow/example_dags/example_python_decorator.py
[2024-04-01T23:19:16.412+0000] {logging_mixin.py:188} INFO - [2024-04-01T23:19:16.412+0000] {dag.py:3047} INFO - Sync 1 DAGs
[2024-04-01T23:19:16.425+0000] {logging_mixin.py:188} INFO - [2024-04-01T23:19:16.424+0000] {dag.py:3834} INFO - Setting next_dagrun for example_python_decorator to None, run_after=None
[2024-04-01T23:19:16.458+0000] {processor.py:183} INFO - Processing /home/airflow/.local/lib/python3.8/site-packages/airflow/example_dags/example_python_decorator.py took 0.085 seconds
[2024-04-01T23:19:47.213+0000] {processor.py:161} INFO - Started process (PID=11457) to work on /home/airflow/.local/lib/python3.8/site-packages/airflow/example_dags/example_python_decorator.py
[2024-04-01T23:19:47.214+0000] {processor.py:830} INFO - Processing file /home/airflow/.local/lib/python3.8/site-packages/airflow/example_dags/example_python_decorator.py for tasks to queue
[2024-04-01T23:19:47.216+0000] {logging_mixin.py:188} INFO - [2024-04-01T23:19:47.215+0000] {dagbag.py:540} INFO - Filling up the DagBag from /home/airflow/.local/lib/python3.8/site-packages/airflow/example_dags/example_python_decorator.py
[2024-04-01T23:19:47.231+0000] {processor.py:840} INFO - DAG(s) 'example_python_decorator' retrieved from /home/airflow/.local/lib/python3.8/site-packages/airflow/example_dags/example_python_decorator.py
[2024-04-01T23:19:47.263+0000] {logging_mixin.py:188} INFO - [2024-04-01T23:19:47.263+0000] {dag.py:3047} INFO - Sync 1 DAGs
[2024-04-01T23:19:47.277+0000] {logging_mixin.py:188} INFO - [2024-04-01T23:19:47.277+0000] {dag.py:3834} INFO - Setting next_dagrun for example_python_decorator to None, run_after=None
[2024-04-01T23:19:47.300+0000] {processor.py:183} INFO - Processing /home/airflow/.local/lib/python3.8/site-packages/airflow/example_dags/example_python_decorator.py took 0.091 seconds
[2024-04-01T23:20:18.219+0000] {processor.py:161} INFO - Started process (PID=11709) to work on /home/airflow/.local/lib/python3.8/site-packages/airflow/example_dags/example_python_decorator.py
[2024-04-01T23:20:18.221+0000] {processor.py:830} INFO - Processing file /home/airflow/.local/lib/python3.8/site-packages/airflow/example_dags/example_python_decorator.py for tasks to queue
[2024-04-01T23:20:18.222+0000] {logging_mixin.py:188} INFO - [2024-04-01T23:20:18.222+0000] {dagbag.py:540} INFO - Filling up the DagBag from /home/airflow/.local/lib/python3.8/site-packages/airflow/example_dags/example_python_decorator.py
[2024-04-01T23:20:18.237+0000] {processor.py:840} INFO - DAG(s) 'example_python_decorator' retrieved from /home/airflow/.local/lib/python3.8/site-packages/airflow/example_dags/example_python_decorator.py
[2024-04-01T23:20:18.268+0000] {logging_mixin.py:188} INFO - [2024-04-01T23:20:18.268+0000] {dag.py:3047} INFO - Sync 1 DAGs
[2024-04-01T23:20:18.281+0000] {logging_mixin.py:188} INFO - [2024-04-01T23:20:18.281+0000] {dag.py:3834} INFO - Setting next_dagrun for example_python_decorator to None, run_after=None
[2024-04-01T23:20:18.305+0000] {processor.py:183} INFO - Processing /home/airflow/.local/lib/python3.8/site-packages/airflow/example_dags/example_python_decorator.py took 0.089 seconds
[2024-04-01T23:20:48.705+0000] {processor.py:161} INFO - Started process (PID=11956) to work on /home/airflow/.local/lib/python3.8/site-packages/airflow/example_dags/example_python_decorator.py
[2024-04-01T23:20:48.706+0000] {processor.py:830} INFO - Processing file /home/airflow/.local/lib/python3.8/site-packages/airflow/example_dags/example_python_decorator.py for tasks to queue
[2024-04-01T23:20:48.707+0000] {logging_mixin.py:188} INFO - [2024-04-01T23:20:48.707+0000] {dagbag.py:540} INFO - Filling up the DagBag from /home/airflow/.local/lib/python3.8/site-packages/airflow/example_dags/example_python_decorator.py
[2024-04-01T23:20:48.722+0000] {processor.py:840} INFO - DAG(s) 'example_python_decorator' retrieved from /home/airflow/.local/lib/python3.8/site-packages/airflow/example_dags/example_python_decorator.py
[2024-04-01T23:20:48.751+0000] {logging_mixin.py:188} INFO - [2024-04-01T23:20:48.750+0000] {dag.py:3047} INFO - Sync 1 DAGs
[2024-04-01T23:20:48.767+0000] {logging_mixin.py:188} INFO - [2024-04-01T23:20:48.767+0000] {dag.py:3834} INFO - Setting next_dagrun for example_python_decorator to None, run_after=None
[2024-04-01T23:20:48.793+0000] {processor.py:183} INFO - Processing /home/airflow/.local/lib/python3.8/site-packages/airflow/example_dags/example_python_decorator.py took 0.091 seconds
