[2024-04-01T22:56:50.045+0000] {processor.py:161} INFO - Started process (PID=169) to work on /home/airflow/.local/lib/python3.8/site-packages/airflow/example_dags/example_task_group.py
[2024-04-01T22:56:50.047+0000] {processor.py:830} INFO - Processing file /home/airflow/.local/lib/python3.8/site-packages/airflow/example_dags/example_task_group.py for tasks to queue
[2024-04-01T22:56:50.049+0000] {logging_mixin.py:188} INFO - [2024-04-01T22:56:50.048+0000] {dagbag.py:540} INFO - Filling up the DagBag from /home/airflow/.local/lib/python3.8/site-packages/airflow/example_dags/example_task_group.py
[2024-04-01T22:56:50.072+0000] {processor.py:840} INFO - DAG(s) 'example_task_group' retrieved from /home/airflow/.local/lib/python3.8/site-packages/airflow/example_dags/example_task_group.py
[2024-04-01T22:56:50.131+0000] {logging_mixin.py:188} INFO - [2024-04-01T22:56:50.131+0000] {dag.py:3047} INFO - Sync 1 DAGs
[2024-04-01T22:56:50.169+0000] {logging_mixin.py:188} INFO - [2024-04-01T22:56:50.168+0000] {dag.py:3834} INFO - Setting next_dagrun for example_task_group to 2024-03-31 00:00:00+00:00, run_after=2024-04-01 00:00:00+00:00
[2024-04-01T22:56:50.201+0000] {processor.py:183} INFO - Processing /home/airflow/.local/lib/python3.8/site-packages/airflow/example_dags/example_task_group.py took 0.159 seconds
[2024-04-01T22:57:20.822+0000] {processor.py:161} INFO - Started process (PID=416) to work on /home/airflow/.local/lib/python3.8/site-packages/airflow/example_dags/example_task_group.py
[2024-04-01T22:57:20.824+0000] {processor.py:830} INFO - Processing file /home/airflow/.local/lib/python3.8/site-packages/airflow/example_dags/example_task_group.py for tasks to queue
[2024-04-01T22:57:20.825+0000] {logging_mixin.py:188} INFO - [2024-04-01T22:57:20.824+0000] {dagbag.py:540} INFO - Filling up the DagBag from /home/airflow/.local/lib/python3.8/site-packages/airflow/example_dags/example_task_group.py
[2024-04-01T22:57:20.848+0000] {processor.py:840} INFO - DAG(s) 'example_task_group' retrieved from /home/airflow/.local/lib/python3.8/site-packages/airflow/example_dags/example_task_group.py
[2024-04-01T22:57:21.095+0000] {logging_mixin.py:188} INFO - [2024-04-01T22:57:21.095+0000] {dag.py:3047} INFO - Sync 1 DAGs
[2024-04-01T22:57:21.130+0000] {logging_mixin.py:188} INFO - [2024-04-01T22:57:21.130+0000] {dag.py:3834} INFO - Setting next_dagrun for example_task_group to 2024-03-31 00:00:00+00:00, run_after=2024-04-01 00:00:00+00:00
[2024-04-01T22:57:21.162+0000] {processor.py:183} INFO - Processing /home/airflow/.local/lib/python3.8/site-packages/airflow/example_dags/example_task_group.py took 0.343 seconds
[2024-04-01T22:57:51.310+0000] {processor.py:161} INFO - Started process (PID=663) to work on /home/airflow/.local/lib/python3.8/site-packages/airflow/example_dags/example_task_group.py
[2024-04-01T22:57:51.311+0000] {processor.py:830} INFO - Processing file /home/airflow/.local/lib/python3.8/site-packages/airflow/example_dags/example_task_group.py for tasks to queue
[2024-04-01T22:57:51.313+0000] {logging_mixin.py:188} INFO - [2024-04-01T22:57:51.312+0000] {dagbag.py:540} INFO - Filling up the DagBag from /home/airflow/.local/lib/python3.8/site-packages/airflow/example_dags/example_task_group.py
[2024-04-01T22:57:51.320+0000] {processor.py:840} INFO - DAG(s) 'example_task_group' retrieved from /home/airflow/.local/lib/python3.8/site-packages/airflow/example_dags/example_task_group.py
[2024-04-01T22:57:51.346+0000] {logging_mixin.py:188} INFO - [2024-04-01T22:57:51.346+0000] {dag.py:3047} INFO - Sync 1 DAGs
[2024-04-01T22:57:51.369+0000] {logging_mixin.py:188} INFO - [2024-04-01T22:57:51.368+0000] {dag.py:3834} INFO - Setting next_dagrun for example_task_group to 2024-03-31 00:00:00+00:00, run_after=2024-04-01 00:00:00+00:00
[2024-04-01T22:57:51.394+0000] {processor.py:183} INFO - Processing /home/airflow/.local/lib/python3.8/site-packages/airflow/example_dags/example_task_group.py took 0.087 seconds
[2024-04-01T22:58:21.923+0000] {processor.py:161} INFO - Started process (PID=910) to work on /home/airflow/.local/lib/python3.8/site-packages/airflow/example_dags/example_task_group.py
[2024-04-01T22:58:21.924+0000] {processor.py:830} INFO - Processing file /home/airflow/.local/lib/python3.8/site-packages/airflow/example_dags/example_task_group.py for tasks to queue
[2024-04-01T22:58:21.925+0000] {logging_mixin.py:188} INFO - [2024-04-01T22:58:21.925+0000] {dagbag.py:540} INFO - Filling up the DagBag from /home/airflow/.local/lib/python3.8/site-packages/airflow/example_dags/example_task_group.py
[2024-04-01T22:58:21.931+0000] {processor.py:840} INFO - DAG(s) 'example_task_group' retrieved from /home/airflow/.local/lib/python3.8/site-packages/airflow/example_dags/example_task_group.py
[2024-04-01T22:58:21.957+0000] {logging_mixin.py:188} INFO - [2024-04-01T22:58:21.956+0000] {dag.py:3047} INFO - Sync 1 DAGs
[2024-04-01T22:58:21.981+0000] {logging_mixin.py:188} INFO - [2024-04-01T22:58:21.981+0000] {dag.py:3834} INFO - Setting next_dagrun for example_task_group to 2024-03-31 00:00:00+00:00, run_after=2024-04-01 00:00:00+00:00
[2024-04-01T22:58:22.008+0000] {processor.py:183} INFO - Processing /home/airflow/.local/lib/python3.8/site-packages/airflow/example_dags/example_task_group.py took 0.088 seconds
[2024-04-01T22:58:52.178+0000] {processor.py:161} INFO - Started process (PID=1157) to work on /home/airflow/.local/lib/python3.8/site-packages/airflow/example_dags/example_task_group.py
[2024-04-01T22:58:52.179+0000] {processor.py:830} INFO - Processing file /home/airflow/.local/lib/python3.8/site-packages/airflow/example_dags/example_task_group.py for tasks to queue
[2024-04-01T22:58:52.180+0000] {logging_mixin.py:188} INFO - [2024-04-01T22:58:52.179+0000] {dagbag.py:540} INFO - Filling up the DagBag from /home/airflow/.local/lib/python3.8/site-packages/airflow/example_dags/example_task_group.py
[2024-04-01T22:58:52.186+0000] {processor.py:840} INFO - DAG(s) 'example_task_group' retrieved from /home/airflow/.local/lib/python3.8/site-packages/airflow/example_dags/example_task_group.py
[2024-04-01T22:58:52.213+0000] {logging_mixin.py:188} INFO - [2024-04-01T22:58:52.213+0000] {dag.py:3047} INFO - Sync 1 DAGs
[2024-04-01T22:58:52.238+0000] {logging_mixin.py:188} INFO - [2024-04-01T22:58:52.238+0000] {dag.py:3834} INFO - Setting next_dagrun for example_task_group to 2024-03-31 00:00:00+00:00, run_after=2024-04-01 00:00:00+00:00
[2024-04-01T22:58:52.264+0000] {processor.py:183} INFO - Processing /home/airflow/.local/lib/python3.8/site-packages/airflow/example_dags/example_task_group.py took 0.089 seconds
[2024-04-01T22:59:22.571+0000] {processor.py:161} INFO - Started process (PID=1404) to work on /home/airflow/.local/lib/python3.8/site-packages/airflow/example_dags/example_task_group.py
[2024-04-01T22:59:22.572+0000] {processor.py:830} INFO - Processing file /home/airflow/.local/lib/python3.8/site-packages/airflow/example_dags/example_task_group.py for tasks to queue
[2024-04-01T22:59:22.574+0000] {logging_mixin.py:188} INFO - [2024-04-01T22:59:22.573+0000] {dagbag.py:540} INFO - Filling up the DagBag from /home/airflow/.local/lib/python3.8/site-packages/airflow/example_dags/example_task_group.py
[2024-04-01T22:59:22.582+0000] {processor.py:840} INFO - DAG(s) 'example_task_group' retrieved from /home/airflow/.local/lib/python3.8/site-packages/airflow/example_dags/example_task_group.py
[2024-04-01T22:59:22.609+0000] {logging_mixin.py:188} INFO - [2024-04-01T22:59:22.609+0000] {dag.py:3047} INFO - Sync 1 DAGs
[2024-04-01T22:59:22.653+0000] {logging_mixin.py:188} INFO - [2024-04-01T22:59:22.653+0000] {dag.py:3834} INFO - Setting next_dagrun for example_task_group to 2024-03-31 00:00:00+00:00, run_after=2024-04-01 00:00:00+00:00
[2024-04-01T22:59:22.684+0000] {processor.py:183} INFO - Processing /home/airflow/.local/lib/python3.8/site-packages/airflow/example_dags/example_task_group.py took 0.119 seconds
[2024-04-01T22:59:52.761+0000] {processor.py:161} INFO - Started process (PID=1672) to work on /home/airflow/.local/lib/python3.8/site-packages/airflow/example_dags/example_task_group.py
[2024-04-01T22:59:52.762+0000] {processor.py:830} INFO - Processing file /home/airflow/.local/lib/python3.8/site-packages/airflow/example_dags/example_task_group.py for tasks to queue
[2024-04-01T22:59:52.763+0000] {logging_mixin.py:188} INFO - [2024-04-01T22:59:52.763+0000] {dagbag.py:540} INFO - Filling up the DagBag from /home/airflow/.local/lib/python3.8/site-packages/airflow/example_dags/example_task_group.py
[2024-04-01T22:59:52.770+0000] {processor.py:840} INFO - DAG(s) 'example_task_group' retrieved from /home/airflow/.local/lib/python3.8/site-packages/airflow/example_dags/example_task_group.py
[2024-04-01T22:59:52.800+0000] {logging_mixin.py:188} INFO - [2024-04-01T22:59:52.799+0000] {dag.py:3047} INFO - Sync 1 DAGs
[2024-04-01T22:59:52.862+0000] {logging_mixin.py:188} INFO - [2024-04-01T22:59:52.862+0000] {dag.py:3834} INFO - Setting next_dagrun for example_task_group to 2024-03-31 00:00:00+00:00, run_after=2024-04-01 00:00:00+00:00
[2024-04-01T22:59:52.889+0000] {processor.py:183} INFO - Processing /home/airflow/.local/lib/python3.8/site-packages/airflow/example_dags/example_task_group.py took 0.132 seconds
[2024-04-01T23:00:23.271+0000] {processor.py:161} INFO - Started process (PID=1923) to work on /home/airflow/.local/lib/python3.8/site-packages/airflow/example_dags/example_task_group.py
[2024-04-01T23:00:23.274+0000] {processor.py:830} INFO - Processing file /home/airflow/.local/lib/python3.8/site-packages/airflow/example_dags/example_task_group.py for tasks to queue
[2024-04-01T23:00:23.277+0000] {logging_mixin.py:188} INFO - [2024-04-01T23:00:23.276+0000] {dagbag.py:540} INFO - Filling up the DagBag from /home/airflow/.local/lib/python3.8/site-packages/airflow/example_dags/example_task_group.py
[2024-04-01T23:00:23.293+0000] {processor.py:840} INFO - DAG(s) 'example_task_group' retrieved from /home/airflow/.local/lib/python3.8/site-packages/airflow/example_dags/example_task_group.py
[2024-04-01T23:00:23.326+0000] {logging_mixin.py:188} INFO - [2024-04-01T23:00:23.326+0000] {dag.py:3047} INFO - Sync 1 DAGs
[2024-04-01T23:00:23.371+0000] {logging_mixin.py:188} INFO - [2024-04-01T23:00:23.370+0000] {dag.py:3834} INFO - Setting next_dagrun for example_task_group to 2024-03-31 00:00:00+00:00, run_after=2024-04-01 00:00:00+00:00
[2024-04-01T23:00:23.413+0000] {processor.py:183} INFO - Processing /home/airflow/.local/lib/python3.8/site-packages/airflow/example_dags/example_task_group.py took 0.145 seconds
[2024-04-01T23:00:53.742+0000] {processor.py:161} INFO - Started process (PID=2170) to work on /home/airflow/.local/lib/python3.8/site-packages/airflow/example_dags/example_task_group.py
[2024-04-01T23:00:53.743+0000] {processor.py:830} INFO - Processing file /home/airflow/.local/lib/python3.8/site-packages/airflow/example_dags/example_task_group.py for tasks to queue
[2024-04-01T23:00:53.744+0000] {logging_mixin.py:188} INFO - [2024-04-01T23:00:53.744+0000] {dagbag.py:540} INFO - Filling up the DagBag from /home/airflow/.local/lib/python3.8/site-packages/airflow/example_dags/example_task_group.py
[2024-04-01T23:00:53.751+0000] {processor.py:840} INFO - DAG(s) 'example_task_group' retrieved from /home/airflow/.local/lib/python3.8/site-packages/airflow/example_dags/example_task_group.py
[2024-04-01T23:00:53.781+0000] {logging_mixin.py:188} INFO - [2024-04-01T23:00:53.781+0000] {dag.py:3047} INFO - Sync 1 DAGs
[2024-04-01T23:00:53.810+0000] {logging_mixin.py:188} INFO - [2024-04-01T23:00:53.809+0000] {dag.py:3834} INFO - Setting next_dagrun for example_task_group to 2024-03-31 00:00:00+00:00, run_after=2024-04-01 00:00:00+00:00
[2024-04-01T23:00:53.836+0000] {processor.py:183} INFO - Processing /home/airflow/.local/lib/python3.8/site-packages/airflow/example_dags/example_task_group.py took 0.098 seconds
[2024-04-01T23:01:24.365+0000] {processor.py:161} INFO - Started process (PID=2417) to work on /home/airflow/.local/lib/python3.8/site-packages/airflow/example_dags/example_task_group.py
[2024-04-01T23:01:24.366+0000] {processor.py:830} INFO - Processing file /home/airflow/.local/lib/python3.8/site-packages/airflow/example_dags/example_task_group.py for tasks to queue
[2024-04-01T23:01:24.368+0000] {logging_mixin.py:188} INFO - [2024-04-01T23:01:24.367+0000] {dagbag.py:540} INFO - Filling up the DagBag from /home/airflow/.local/lib/python3.8/site-packages/airflow/example_dags/example_task_group.py
[2024-04-01T23:01:24.374+0000] {processor.py:840} INFO - DAG(s) 'example_task_group' retrieved from /home/airflow/.local/lib/python3.8/site-packages/airflow/example_dags/example_task_group.py
[2024-04-01T23:01:24.400+0000] {logging_mixin.py:188} INFO - [2024-04-01T23:01:24.399+0000] {dag.py:3047} INFO - Sync 1 DAGs
[2024-04-01T23:01:24.422+0000] {logging_mixin.py:188} INFO - [2024-04-01T23:01:24.422+0000] {dag.py:3834} INFO - Setting next_dagrun for example_task_group to 2024-03-31 00:00:00+00:00, run_after=2024-04-01 00:00:00+00:00
[2024-04-01T23:01:24.450+0000] {processor.py:183} INFO - Processing /home/airflow/.local/lib/python3.8/site-packages/airflow/example_dags/example_task_group.py took 0.088 seconds
[2024-04-01T23:01:54.792+0000] {processor.py:161} INFO - Started process (PID=2664) to work on /home/airflow/.local/lib/python3.8/site-packages/airflow/example_dags/example_task_group.py
[2024-04-01T23:01:54.793+0000] {processor.py:830} INFO - Processing file /home/airflow/.local/lib/python3.8/site-packages/airflow/example_dags/example_task_group.py for tasks to queue
[2024-04-01T23:01:54.794+0000] {logging_mixin.py:188} INFO - [2024-04-01T23:01:54.794+0000] {dagbag.py:540} INFO - Filling up the DagBag from /home/airflow/.local/lib/python3.8/site-packages/airflow/example_dags/example_task_group.py
[2024-04-01T23:01:54.802+0000] {processor.py:840} INFO - DAG(s) 'example_task_group' retrieved from /home/airflow/.local/lib/python3.8/site-packages/airflow/example_dags/example_task_group.py
[2024-04-01T23:01:54.826+0000] {logging_mixin.py:188} INFO - [2024-04-01T23:01:54.826+0000] {dag.py:3047} INFO - Sync 1 DAGs
[2024-04-01T23:01:54.849+0000] {logging_mixin.py:188} INFO - [2024-04-01T23:01:54.849+0000] {dag.py:3834} INFO - Setting next_dagrun for example_task_group to 2024-03-31 00:00:00+00:00, run_after=2024-04-01 00:00:00+00:00
[2024-04-01T23:01:54.875+0000] {processor.py:183} INFO - Processing /home/airflow/.local/lib/python3.8/site-packages/airflow/example_dags/example_task_group.py took 0.085 seconds
[2024-04-01T23:02:25.314+0000] {processor.py:161} INFO - Started process (PID=2911) to work on /home/airflow/.local/lib/python3.8/site-packages/airflow/example_dags/example_task_group.py
[2024-04-01T23:02:25.315+0000] {processor.py:830} INFO - Processing file /home/airflow/.local/lib/python3.8/site-packages/airflow/example_dags/example_task_group.py for tasks to queue
[2024-04-01T23:02:25.316+0000] {logging_mixin.py:188} INFO - [2024-04-01T23:02:25.316+0000] {dagbag.py:540} INFO - Filling up the DagBag from /home/airflow/.local/lib/python3.8/site-packages/airflow/example_dags/example_task_group.py
[2024-04-01T23:02:25.323+0000] {processor.py:840} INFO - DAG(s) 'example_task_group' retrieved from /home/airflow/.local/lib/python3.8/site-packages/airflow/example_dags/example_task_group.py
[2024-04-01T23:02:25.349+0000] {logging_mixin.py:188} INFO - [2024-04-01T23:02:25.348+0000] {dag.py:3047} INFO - Sync 1 DAGs
[2024-04-01T23:02:25.373+0000] {logging_mixin.py:188} INFO - [2024-04-01T23:02:25.372+0000] {dag.py:3834} INFO - Setting next_dagrun for example_task_group to 2024-03-31 00:00:00+00:00, run_after=2024-04-01 00:00:00+00:00
[2024-04-01T23:02:25.399+0000] {processor.py:183} INFO - Processing /home/airflow/.local/lib/python3.8/site-packages/airflow/example_dags/example_task_group.py took 0.088 seconds
[2024-04-01T23:02:55.643+0000] {processor.py:161} INFO - Started process (PID=3158) to work on /home/airflow/.local/lib/python3.8/site-packages/airflow/example_dags/example_task_group.py
[2024-04-01T23:02:55.644+0000] {processor.py:830} INFO - Processing file /home/airflow/.local/lib/python3.8/site-packages/airflow/example_dags/example_task_group.py for tasks to queue
[2024-04-01T23:02:55.645+0000] {logging_mixin.py:188} INFO - [2024-04-01T23:02:55.645+0000] {dagbag.py:540} INFO - Filling up the DagBag from /home/airflow/.local/lib/python3.8/site-packages/airflow/example_dags/example_task_group.py
[2024-04-01T23:02:55.652+0000] {processor.py:840} INFO - DAG(s) 'example_task_group' retrieved from /home/airflow/.local/lib/python3.8/site-packages/airflow/example_dags/example_task_group.py
[2024-04-01T23:02:55.677+0000] {logging_mixin.py:188} INFO - [2024-04-01T23:02:55.677+0000] {dag.py:3047} INFO - Sync 1 DAGs
[2024-04-01T23:02:55.699+0000] {logging_mixin.py:188} INFO - [2024-04-01T23:02:55.699+0000] {dag.py:3834} INFO - Setting next_dagrun for example_task_group to 2024-03-31 00:00:00+00:00, run_after=2024-04-01 00:00:00+00:00
[2024-04-01T23:02:55.723+0000] {processor.py:183} INFO - Processing /home/airflow/.local/lib/python3.8/site-packages/airflow/example_dags/example_task_group.py took 0.083 seconds
[2024-04-01T23:03:26.223+0000] {processor.py:161} INFO - Started process (PID=3405) to work on /home/airflow/.local/lib/python3.8/site-packages/airflow/example_dags/example_task_group.py
[2024-04-01T23:03:26.224+0000] {processor.py:830} INFO - Processing file /home/airflow/.local/lib/python3.8/site-packages/airflow/example_dags/example_task_group.py for tasks to queue
[2024-04-01T23:03:26.225+0000] {logging_mixin.py:188} INFO - [2024-04-01T23:03:26.225+0000] {dagbag.py:540} INFO - Filling up the DagBag from /home/airflow/.local/lib/python3.8/site-packages/airflow/example_dags/example_task_group.py
[2024-04-01T23:03:26.232+0000] {processor.py:840} INFO - DAG(s) 'example_task_group' retrieved from /home/airflow/.local/lib/python3.8/site-packages/airflow/example_dags/example_task_group.py
[2024-04-01T23:03:26.253+0000] {logging_mixin.py:188} INFO - [2024-04-01T23:03:26.253+0000] {dag.py:3047} INFO - Sync 1 DAGs
[2024-04-01T23:03:26.276+0000] {logging_mixin.py:188} INFO - [2024-04-01T23:03:26.276+0000] {dag.py:3834} INFO - Setting next_dagrun for example_task_group to 2024-03-31 00:00:00+00:00, run_after=2024-04-01 00:00:00+00:00
[2024-04-01T23:03:26.302+0000] {processor.py:183} INFO - Processing /home/airflow/.local/lib/python3.8/site-packages/airflow/example_dags/example_task_group.py took 0.082 seconds
[2024-04-01T23:03:56.855+0000] {processor.py:161} INFO - Started process (PID=3652) to work on /home/airflow/.local/lib/python3.8/site-packages/airflow/example_dags/example_task_group.py
[2024-04-01T23:03:56.856+0000] {processor.py:830} INFO - Processing file /home/airflow/.local/lib/python3.8/site-packages/airflow/example_dags/example_task_group.py for tasks to queue
[2024-04-01T23:03:56.857+0000] {logging_mixin.py:188} INFO - [2024-04-01T23:03:56.857+0000] {dagbag.py:540} INFO - Filling up the DagBag from /home/airflow/.local/lib/python3.8/site-packages/airflow/example_dags/example_task_group.py
[2024-04-01T23:03:56.864+0000] {processor.py:840} INFO - DAG(s) 'example_task_group' retrieved from /home/airflow/.local/lib/python3.8/site-packages/airflow/example_dags/example_task_group.py
[2024-04-01T23:03:56.889+0000] {logging_mixin.py:188} INFO - [2024-04-01T23:03:56.889+0000] {dag.py:3047} INFO - Sync 1 DAGs
[2024-04-01T23:03:56.911+0000] {logging_mixin.py:188} INFO - [2024-04-01T23:03:56.911+0000] {dag.py:3834} INFO - Setting next_dagrun for example_task_group to 2024-03-31 00:00:00+00:00, run_after=2024-04-01 00:00:00+00:00
[2024-04-01T23:03:56.937+0000] {processor.py:183} INFO - Processing /home/airflow/.local/lib/python3.8/site-packages/airflow/example_dags/example_task_group.py took 0.084 seconds
[2024-04-01T23:04:27.407+0000] {processor.py:161} INFO - Started process (PID=3899) to work on /home/airflow/.local/lib/python3.8/site-packages/airflow/example_dags/example_task_group.py
[2024-04-01T23:04:27.408+0000] {processor.py:830} INFO - Processing file /home/airflow/.local/lib/python3.8/site-packages/airflow/example_dags/example_task_group.py for tasks to queue
[2024-04-01T23:04:27.409+0000] {logging_mixin.py:188} INFO - [2024-04-01T23:04:27.409+0000] {dagbag.py:540} INFO - Filling up the DagBag from /home/airflow/.local/lib/python3.8/site-packages/airflow/example_dags/example_task_group.py
[2024-04-01T23:04:27.416+0000] {processor.py:840} INFO - DAG(s) 'example_task_group' retrieved from /home/airflow/.local/lib/python3.8/site-packages/airflow/example_dags/example_task_group.py
[2024-04-01T23:04:27.440+0000] {logging_mixin.py:188} INFO - [2024-04-01T23:04:27.440+0000] {dag.py:3047} INFO - Sync 1 DAGs
[2024-04-01T23:04:27.463+0000] {logging_mixin.py:188} INFO - [2024-04-01T23:04:27.463+0000] {dag.py:3834} INFO - Setting next_dagrun for example_task_group to 2024-03-31 00:00:00+00:00, run_after=2024-04-01 00:00:00+00:00
[2024-04-01T23:04:27.490+0000] {processor.py:183} INFO - Processing /home/airflow/.local/lib/python3.8/site-packages/airflow/example_dags/example_task_group.py took 0.085 seconds
[2024-04-01T23:04:57.938+0000] {processor.py:161} INFO - Started process (PID=4146) to work on /home/airflow/.local/lib/python3.8/site-packages/airflow/example_dags/example_task_group.py
[2024-04-01T23:04:57.939+0000] {processor.py:830} INFO - Processing file /home/airflow/.local/lib/python3.8/site-packages/airflow/example_dags/example_task_group.py for tasks to queue
[2024-04-01T23:04:57.941+0000] {logging_mixin.py:188} INFO - [2024-04-01T23:04:57.940+0000] {dagbag.py:540} INFO - Filling up the DagBag from /home/airflow/.local/lib/python3.8/site-packages/airflow/example_dags/example_task_group.py
[2024-04-01T23:04:57.956+0000] {processor.py:840} INFO - DAG(s) 'example_task_group' retrieved from /home/airflow/.local/lib/python3.8/site-packages/airflow/example_dags/example_task_group.py
[2024-04-01T23:04:57.990+0000] {logging_mixin.py:188} INFO - [2024-04-01T23:04:57.989+0000] {dag.py:3047} INFO - Sync 1 DAGs
[2024-04-01T23:04:58.028+0000] {logging_mixin.py:188} INFO - [2024-04-01T23:04:58.027+0000] {dag.py:3834} INFO - Setting next_dagrun for example_task_group to 2024-03-31 00:00:00+00:00, run_after=2024-04-01 00:00:00+00:00
[2024-04-01T23:04:58.064+0000] {processor.py:183} INFO - Processing /home/airflow/.local/lib/python3.8/site-packages/airflow/example_dags/example_task_group.py took 0.131 seconds
[2024-04-01T23:05:28.155+0000] {processor.py:161} INFO - Started process (PID=4394) to work on /home/airflow/.local/lib/python3.8/site-packages/airflow/example_dags/example_task_group.py
[2024-04-01T23:05:28.157+0000] {processor.py:830} INFO - Processing file /home/airflow/.local/lib/python3.8/site-packages/airflow/example_dags/example_task_group.py for tasks to queue
[2024-04-01T23:05:28.158+0000] {logging_mixin.py:188} INFO - [2024-04-01T23:05:28.158+0000] {dagbag.py:540} INFO - Filling up the DagBag from /home/airflow/.local/lib/python3.8/site-packages/airflow/example_dags/example_task_group.py
[2024-04-01T23:05:28.169+0000] {processor.py:840} INFO - DAG(s) 'example_task_group' retrieved from /home/airflow/.local/lib/python3.8/site-packages/airflow/example_dags/example_task_group.py
[2024-04-01T23:05:28.195+0000] {logging_mixin.py:188} INFO - [2024-04-01T23:05:28.195+0000] {dag.py:3047} INFO - Sync 1 DAGs
[2024-04-01T23:05:28.223+0000] {logging_mixin.py:188} INFO - [2024-04-01T23:05:28.222+0000] {dag.py:3834} INFO - Setting next_dagrun for example_task_group to 2024-03-31 00:00:00+00:00, run_after=2024-04-01 00:00:00+00:00
[2024-04-01T23:05:28.248+0000] {processor.py:183} INFO - Processing /home/airflow/.local/lib/python3.8/site-packages/airflow/example_dags/example_task_group.py took 0.099 seconds
[2024-04-01T23:05:58.341+0000] {processor.py:161} INFO - Started process (PID=4641) to work on /home/airflow/.local/lib/python3.8/site-packages/airflow/example_dags/example_task_group.py
[2024-04-01T23:05:58.342+0000] {processor.py:830} INFO - Processing file /home/airflow/.local/lib/python3.8/site-packages/airflow/example_dags/example_task_group.py for tasks to queue
[2024-04-01T23:05:58.343+0000] {logging_mixin.py:188} INFO - [2024-04-01T23:05:58.342+0000] {dagbag.py:540} INFO - Filling up the DagBag from /home/airflow/.local/lib/python3.8/site-packages/airflow/example_dags/example_task_group.py
[2024-04-01T23:05:58.350+0000] {processor.py:840} INFO - DAG(s) 'example_task_group' retrieved from /home/airflow/.local/lib/python3.8/site-packages/airflow/example_dags/example_task_group.py
[2024-04-01T23:05:58.377+0000] {logging_mixin.py:188} INFO - [2024-04-01T23:05:58.377+0000] {dag.py:3047} INFO - Sync 1 DAGs
[2024-04-01T23:05:58.405+0000] {logging_mixin.py:188} INFO - [2024-04-01T23:05:58.405+0000] {dag.py:3834} INFO - Setting next_dagrun for example_task_group to 2024-03-31 00:00:00+00:00, run_after=2024-04-01 00:00:00+00:00
[2024-04-01T23:05:58.430+0000] {processor.py:183} INFO - Processing /home/airflow/.local/lib/python3.8/site-packages/airflow/example_dags/example_task_group.py took 0.092 seconds
[2024-04-01T23:06:28.643+0000] {processor.py:161} INFO - Started process (PID=4888) to work on /home/airflow/.local/lib/python3.8/site-packages/airflow/example_dags/example_task_group.py
[2024-04-01T23:06:28.644+0000] {processor.py:830} INFO - Processing file /home/airflow/.local/lib/python3.8/site-packages/airflow/example_dags/example_task_group.py for tasks to queue
[2024-04-01T23:06:28.645+0000] {logging_mixin.py:188} INFO - [2024-04-01T23:06:28.645+0000] {dagbag.py:540} INFO - Filling up the DagBag from /home/airflow/.local/lib/python3.8/site-packages/airflow/example_dags/example_task_group.py
[2024-04-01T23:06:28.653+0000] {processor.py:840} INFO - DAG(s) 'example_task_group' retrieved from /home/airflow/.local/lib/python3.8/site-packages/airflow/example_dags/example_task_group.py
[2024-04-01T23:06:28.680+0000] {logging_mixin.py:188} INFO - [2024-04-01T23:06:28.679+0000] {dag.py:3047} INFO - Sync 1 DAGs
[2024-04-01T23:06:28.703+0000] {logging_mixin.py:188} INFO - [2024-04-01T23:06:28.703+0000] {dag.py:3834} INFO - Setting next_dagrun for example_task_group to 2024-03-31 00:00:00+00:00, run_after=2024-04-01 00:00:00+00:00
[2024-04-01T23:06:28.728+0000] {processor.py:183} INFO - Processing /home/airflow/.local/lib/python3.8/site-packages/airflow/example_dags/example_task_group.py took 0.088 seconds
[2024-04-01T23:06:59.263+0000] {processor.py:161} INFO - Started process (PID=5135) to work on /home/airflow/.local/lib/python3.8/site-packages/airflow/example_dags/example_task_group.py
[2024-04-01T23:06:59.264+0000] {processor.py:830} INFO - Processing file /home/airflow/.local/lib/python3.8/site-packages/airflow/example_dags/example_task_group.py for tasks to queue
[2024-04-01T23:06:59.265+0000] {logging_mixin.py:188} INFO - [2024-04-01T23:06:59.264+0000] {dagbag.py:540} INFO - Filling up the DagBag from /home/airflow/.local/lib/python3.8/site-packages/airflow/example_dags/example_task_group.py
[2024-04-01T23:06:59.272+0000] {processor.py:840} INFO - DAG(s) 'example_task_group' retrieved from /home/airflow/.local/lib/python3.8/site-packages/airflow/example_dags/example_task_group.py
[2024-04-01T23:06:59.294+0000] {logging_mixin.py:188} INFO - [2024-04-01T23:06:59.294+0000] {dag.py:3047} INFO - Sync 1 DAGs
[2024-04-01T23:06:59.318+0000] {logging_mixin.py:188} INFO - [2024-04-01T23:06:59.318+0000] {dag.py:3834} INFO - Setting next_dagrun for example_task_group to 2024-03-31 00:00:00+00:00, run_after=2024-04-01 00:00:00+00:00
[2024-04-01T23:06:59.341+0000] {processor.py:183} INFO - Processing /home/airflow/.local/lib/python3.8/site-packages/airflow/example_dags/example_task_group.py took 0.081 seconds
[2024-04-01T23:07:29.634+0000] {processor.py:161} INFO - Started process (PID=5382) to work on /home/airflow/.local/lib/python3.8/site-packages/airflow/example_dags/example_task_group.py
[2024-04-01T23:07:29.635+0000] {processor.py:830} INFO - Processing file /home/airflow/.local/lib/python3.8/site-packages/airflow/example_dags/example_task_group.py for tasks to queue
[2024-04-01T23:07:29.636+0000] {logging_mixin.py:188} INFO - [2024-04-01T23:07:29.636+0000] {dagbag.py:540} INFO - Filling up the DagBag from /home/airflow/.local/lib/python3.8/site-packages/airflow/example_dags/example_task_group.py
[2024-04-01T23:07:29.643+0000] {processor.py:840} INFO - DAG(s) 'example_task_group' retrieved from /home/airflow/.local/lib/python3.8/site-packages/airflow/example_dags/example_task_group.py
[2024-04-01T23:07:29.665+0000] {logging_mixin.py:188} INFO - [2024-04-01T23:07:29.665+0000] {dag.py:3047} INFO - Sync 1 DAGs
[2024-04-01T23:07:29.689+0000] {logging_mixin.py:188} INFO - [2024-04-01T23:07:29.689+0000] {dag.py:3834} INFO - Setting next_dagrun for example_task_group to 2024-03-31 00:00:00+00:00, run_after=2024-04-01 00:00:00+00:00
[2024-04-01T23:07:29.712+0000] {processor.py:183} INFO - Processing /home/airflow/.local/lib/python3.8/site-packages/airflow/example_dags/example_task_group.py took 0.081 seconds
[2024-04-01T23:08:00.049+0000] {processor.py:161} INFO - Started process (PID=5629) to work on /home/airflow/.local/lib/python3.8/site-packages/airflow/example_dags/example_task_group.py
[2024-04-01T23:08:00.050+0000] {processor.py:830} INFO - Processing file /home/airflow/.local/lib/python3.8/site-packages/airflow/example_dags/example_task_group.py for tasks to queue
[2024-04-01T23:08:00.051+0000] {logging_mixin.py:188} INFO - [2024-04-01T23:08:00.051+0000] {dagbag.py:540} INFO - Filling up the DagBag from /home/airflow/.local/lib/python3.8/site-packages/airflow/example_dags/example_task_group.py
[2024-04-01T23:08:00.059+0000] {processor.py:840} INFO - DAG(s) 'example_task_group' retrieved from /home/airflow/.local/lib/python3.8/site-packages/airflow/example_dags/example_task_group.py
[2024-04-01T23:08:00.081+0000] {logging_mixin.py:188} INFO - [2024-04-01T23:08:00.080+0000] {dag.py:3047} INFO - Sync 1 DAGs
[2024-04-01T23:08:00.107+0000] {logging_mixin.py:188} INFO - [2024-04-01T23:08:00.107+0000] {dag.py:3834} INFO - Setting next_dagrun for example_task_group to 2024-03-31 00:00:00+00:00, run_after=2024-04-01 00:00:00+00:00
[2024-04-01T23:08:00.132+0000] {processor.py:183} INFO - Processing /home/airflow/.local/lib/python3.8/site-packages/airflow/example_dags/example_task_group.py took 0.086 seconds
[2024-04-01T23:08:30.519+0000] {processor.py:161} INFO - Started process (PID=5876) to work on /home/airflow/.local/lib/python3.8/site-packages/airflow/example_dags/example_task_group.py
[2024-04-01T23:08:30.520+0000] {processor.py:830} INFO - Processing file /home/airflow/.local/lib/python3.8/site-packages/airflow/example_dags/example_task_group.py for tasks to queue
[2024-04-01T23:08:30.522+0000] {logging_mixin.py:188} INFO - [2024-04-01T23:08:30.522+0000] {dagbag.py:540} INFO - Filling up the DagBag from /home/airflow/.local/lib/python3.8/site-packages/airflow/example_dags/example_task_group.py
[2024-04-01T23:08:30.533+0000] {processor.py:840} INFO - DAG(s) 'example_task_group' retrieved from /home/airflow/.local/lib/python3.8/site-packages/airflow/example_dags/example_task_group.py
[2024-04-01T23:08:30.560+0000] {logging_mixin.py:188} INFO - [2024-04-01T23:08:30.560+0000] {dag.py:3047} INFO - Sync 1 DAGs
[2024-04-01T23:08:30.583+0000] {logging_mixin.py:188} INFO - [2024-04-01T23:08:30.583+0000] {dag.py:3834} INFO - Setting next_dagrun for example_task_group to 2024-03-31 00:00:00+00:00, run_after=2024-04-01 00:00:00+00:00
[2024-04-01T23:08:30.615+0000] {processor.py:183} INFO - Processing /home/airflow/.local/lib/python3.8/site-packages/airflow/example_dags/example_task_group.py took 0.099 seconds
[2024-04-01T23:09:00.990+0000] {processor.py:161} INFO - Started process (PID=6123) to work on /home/airflow/.local/lib/python3.8/site-packages/airflow/example_dags/example_task_group.py
[2024-04-01T23:09:00.991+0000] {processor.py:830} INFO - Processing file /home/airflow/.local/lib/python3.8/site-packages/airflow/example_dags/example_task_group.py for tasks to queue
[2024-04-01T23:09:00.992+0000] {logging_mixin.py:188} INFO - [2024-04-01T23:09:00.992+0000] {dagbag.py:540} INFO - Filling up the DagBag from /home/airflow/.local/lib/python3.8/site-packages/airflow/example_dags/example_task_group.py
[2024-04-01T23:09:00.999+0000] {processor.py:840} INFO - DAG(s) 'example_task_group' retrieved from /home/airflow/.local/lib/python3.8/site-packages/airflow/example_dags/example_task_group.py
[2024-04-01T23:09:01.022+0000] {logging_mixin.py:188} INFO - [2024-04-01T23:09:01.021+0000] {dag.py:3047} INFO - Sync 1 DAGs
[2024-04-01T23:09:01.044+0000] {logging_mixin.py:188} INFO - [2024-04-01T23:09:01.044+0000] {dag.py:3834} INFO - Setting next_dagrun for example_task_group to 2024-03-31 00:00:00+00:00, run_after=2024-04-01 00:00:00+00:00
[2024-04-01T23:09:01.068+0000] {processor.py:183} INFO - Processing /home/airflow/.local/lib/python3.8/site-packages/airflow/example_dags/example_task_group.py took 0.081 seconds
[2024-04-01T23:09:31.299+0000] {processor.py:161} INFO - Started process (PID=6371) to work on /home/airflow/.local/lib/python3.8/site-packages/airflow/example_dags/example_task_group.py
[2024-04-01T23:09:31.301+0000] {processor.py:830} INFO - Processing file /home/airflow/.local/lib/python3.8/site-packages/airflow/example_dags/example_task_group.py for tasks to queue
[2024-04-01T23:09:31.301+0000] {logging_mixin.py:188} INFO - [2024-04-01T23:09:31.301+0000] {dagbag.py:540} INFO - Filling up the DagBag from /home/airflow/.local/lib/python3.8/site-packages/airflow/example_dags/example_task_group.py
[2024-04-01T23:09:31.308+0000] {processor.py:840} INFO - DAG(s) 'example_task_group' retrieved from /home/airflow/.local/lib/python3.8/site-packages/airflow/example_dags/example_task_group.py
[2024-04-01T23:09:31.333+0000] {logging_mixin.py:188} INFO - [2024-04-01T23:09:31.332+0000] {dag.py:3047} INFO - Sync 1 DAGs
[2024-04-01T23:09:31.356+0000] {logging_mixin.py:188} INFO - [2024-04-01T23:09:31.356+0000] {dag.py:3834} INFO - Setting next_dagrun for example_task_group to 2024-03-31 00:00:00+00:00, run_after=2024-04-01 00:00:00+00:00
[2024-04-01T23:09:31.383+0000] {processor.py:183} INFO - Processing /home/airflow/.local/lib/python3.8/site-packages/airflow/example_dags/example_task_group.py took 0.087 seconds
[2024-04-01T23:10:01.650+0000] {processor.py:161} INFO - Started process (PID=6618) to work on /home/airflow/.local/lib/python3.8/site-packages/airflow/example_dags/example_task_group.py
[2024-04-01T23:10:01.651+0000] {processor.py:830} INFO - Processing file /home/airflow/.local/lib/python3.8/site-packages/airflow/example_dags/example_task_group.py for tasks to queue
[2024-04-01T23:10:01.653+0000] {logging_mixin.py:188} INFO - [2024-04-01T23:10:01.652+0000] {dagbag.py:540} INFO - Filling up the DagBag from /home/airflow/.local/lib/python3.8/site-packages/airflow/example_dags/example_task_group.py
[2024-04-01T23:10:01.660+0000] {processor.py:840} INFO - DAG(s) 'example_task_group' retrieved from /home/airflow/.local/lib/python3.8/site-packages/airflow/example_dags/example_task_group.py
[2024-04-01T23:10:01.683+0000] {logging_mixin.py:188} INFO - [2024-04-01T23:10:01.683+0000] {dag.py:3047} INFO - Sync 1 DAGs
[2024-04-01T23:10:01.706+0000] {logging_mixin.py:188} INFO - [2024-04-01T23:10:01.706+0000] {dag.py:3834} INFO - Setting next_dagrun for example_task_group to 2024-03-31 00:00:00+00:00, run_after=2024-04-01 00:00:00+00:00
[2024-04-01T23:10:01.732+0000] {processor.py:183} INFO - Processing /home/airflow/.local/lib/python3.8/site-packages/airflow/example_dags/example_task_group.py took 0.085 seconds
[2024-04-01T23:10:32.206+0000] {processor.py:161} INFO - Started process (PID=6865) to work on /home/airflow/.local/lib/python3.8/site-packages/airflow/example_dags/example_task_group.py
[2024-04-01T23:10:32.207+0000] {processor.py:830} INFO - Processing file /home/airflow/.local/lib/python3.8/site-packages/airflow/example_dags/example_task_group.py for tasks to queue
[2024-04-01T23:10:32.208+0000] {logging_mixin.py:188} INFO - [2024-04-01T23:10:32.208+0000] {dagbag.py:540} INFO - Filling up the DagBag from /home/airflow/.local/lib/python3.8/site-packages/airflow/example_dags/example_task_group.py
[2024-04-01T23:10:32.215+0000] {processor.py:840} INFO - DAG(s) 'example_task_group' retrieved from /home/airflow/.local/lib/python3.8/site-packages/airflow/example_dags/example_task_group.py
[2024-04-01T23:10:32.241+0000] {logging_mixin.py:188} INFO - [2024-04-01T23:10:32.241+0000] {dag.py:3047} INFO - Sync 1 DAGs
[2024-04-01T23:10:32.264+0000] {logging_mixin.py:188} INFO - [2024-04-01T23:10:32.264+0000] {dag.py:3834} INFO - Setting next_dagrun for example_task_group to 2024-03-31 00:00:00+00:00, run_after=2024-04-01 00:00:00+00:00
[2024-04-01T23:10:32.290+0000] {processor.py:183} INFO - Processing /home/airflow/.local/lib/python3.8/site-packages/airflow/example_dags/example_task_group.py took 0.087 seconds
[2024-04-01T23:11:02.376+0000] {processor.py:161} INFO - Started process (PID=7112) to work on /home/airflow/.local/lib/python3.8/site-packages/airflow/example_dags/example_task_group.py
[2024-04-01T23:11:02.377+0000] {processor.py:830} INFO - Processing file /home/airflow/.local/lib/python3.8/site-packages/airflow/example_dags/example_task_group.py for tasks to queue
[2024-04-01T23:11:02.378+0000] {logging_mixin.py:188} INFO - [2024-04-01T23:11:02.378+0000] {dagbag.py:540} INFO - Filling up the DagBag from /home/airflow/.local/lib/python3.8/site-packages/airflow/example_dags/example_task_group.py
[2024-04-01T23:11:02.385+0000] {processor.py:840} INFO - DAG(s) 'example_task_group' retrieved from /home/airflow/.local/lib/python3.8/site-packages/airflow/example_dags/example_task_group.py
[2024-04-01T23:11:02.411+0000] {logging_mixin.py:188} INFO - [2024-04-01T23:11:02.411+0000] {dag.py:3047} INFO - Sync 1 DAGs
[2024-04-01T23:11:02.436+0000] {logging_mixin.py:188} INFO - [2024-04-01T23:11:02.436+0000] {dag.py:3834} INFO - Setting next_dagrun for example_task_group to 2024-03-31 00:00:00+00:00, run_after=2024-04-01 00:00:00+00:00
[2024-04-01T23:11:02.463+0000] {processor.py:183} INFO - Processing /home/airflow/.local/lib/python3.8/site-packages/airflow/example_dags/example_task_group.py took 0.090 seconds
[2024-04-01T23:11:32.948+0000] {processor.py:161} INFO - Started process (PID=7359) to work on /home/airflow/.local/lib/python3.8/site-packages/airflow/example_dags/example_task_group.py
[2024-04-01T23:11:32.950+0000] {processor.py:830} INFO - Processing file /home/airflow/.local/lib/python3.8/site-packages/airflow/example_dags/example_task_group.py for tasks to queue
[2024-04-01T23:11:32.951+0000] {logging_mixin.py:188} INFO - [2024-04-01T23:11:32.950+0000] {dagbag.py:540} INFO - Filling up the DagBag from /home/airflow/.local/lib/python3.8/site-packages/airflow/example_dags/example_task_group.py
[2024-04-01T23:11:32.959+0000] {processor.py:840} INFO - DAG(s) 'example_task_group' retrieved from /home/airflow/.local/lib/python3.8/site-packages/airflow/example_dags/example_task_group.py
[2024-04-01T23:11:32.984+0000] {logging_mixin.py:188} INFO - [2024-04-01T23:11:32.984+0000] {dag.py:3047} INFO - Sync 1 DAGs
[2024-04-01T23:11:33.007+0000] {logging_mixin.py:188} INFO - [2024-04-01T23:11:33.007+0000] {dag.py:3834} INFO - Setting next_dagrun for example_task_group to 2024-03-31 00:00:00+00:00, run_after=2024-04-01 00:00:00+00:00
[2024-04-01T23:11:33.033+0000] {processor.py:183} INFO - Processing /home/airflow/.local/lib/python3.8/site-packages/airflow/example_dags/example_task_group.py took 0.089 seconds
[2024-04-01T23:12:03.427+0000] {processor.py:161} INFO - Started process (PID=7606) to work on /home/airflow/.local/lib/python3.8/site-packages/airflow/example_dags/example_task_group.py
[2024-04-01T23:12:03.428+0000] {processor.py:830} INFO - Processing file /home/airflow/.local/lib/python3.8/site-packages/airflow/example_dags/example_task_group.py for tasks to queue
[2024-04-01T23:12:03.429+0000] {logging_mixin.py:188} INFO - [2024-04-01T23:12:03.429+0000] {dagbag.py:540} INFO - Filling up the DagBag from /home/airflow/.local/lib/python3.8/site-packages/airflow/example_dags/example_task_group.py
[2024-04-01T23:12:03.438+0000] {processor.py:840} INFO - DAG(s) 'example_task_group' retrieved from /home/airflow/.local/lib/python3.8/site-packages/airflow/example_dags/example_task_group.py
[2024-04-01T23:12:03.462+0000] {logging_mixin.py:188} INFO - [2024-04-01T23:12:03.462+0000] {dag.py:3047} INFO - Sync 1 DAGs
[2024-04-01T23:12:03.484+0000] {logging_mixin.py:188} INFO - [2024-04-01T23:12:03.484+0000] {dag.py:3834} INFO - Setting next_dagrun for example_task_group to 2024-03-31 00:00:00+00:00, run_after=2024-04-01 00:00:00+00:00
[2024-04-01T23:12:03.509+0000] {processor.py:183} INFO - Processing /home/airflow/.local/lib/python3.8/site-packages/airflow/example_dags/example_task_group.py took 0.085 seconds
[2024-04-01T23:12:34.023+0000] {processor.py:161} INFO - Started process (PID=7853) to work on /home/airflow/.local/lib/python3.8/site-packages/airflow/example_dags/example_task_group.py
[2024-04-01T23:12:34.024+0000] {processor.py:830} INFO - Processing file /home/airflow/.local/lib/python3.8/site-packages/airflow/example_dags/example_task_group.py for tasks to queue
[2024-04-01T23:12:34.025+0000] {logging_mixin.py:188} INFO - [2024-04-01T23:12:34.024+0000] {dagbag.py:540} INFO - Filling up the DagBag from /home/airflow/.local/lib/python3.8/site-packages/airflow/example_dags/example_task_group.py
[2024-04-01T23:12:34.032+0000] {processor.py:840} INFO - DAG(s) 'example_task_group' retrieved from /home/airflow/.local/lib/python3.8/site-packages/airflow/example_dags/example_task_group.py
[2024-04-01T23:12:34.053+0000] {logging_mixin.py:188} INFO - [2024-04-01T23:12:34.053+0000] {dag.py:3047} INFO - Sync 1 DAGs
[2024-04-01T23:12:34.076+0000] {logging_mixin.py:188} INFO - [2024-04-01T23:12:34.076+0000] {dag.py:3834} INFO - Setting next_dagrun for example_task_group to 2024-03-31 00:00:00+00:00, run_after=2024-04-01 00:00:00+00:00
[2024-04-01T23:12:34.100+0000] {processor.py:183} INFO - Processing /home/airflow/.local/lib/python3.8/site-packages/airflow/example_dags/example_task_group.py took 0.080 seconds
[2024-04-01T23:13:04.677+0000] {processor.py:161} INFO - Started process (PID=8101) to work on /home/airflow/.local/lib/python3.8/site-packages/airflow/example_dags/example_task_group.py
[2024-04-01T23:13:04.679+0000] {processor.py:830} INFO - Processing file /home/airflow/.local/lib/python3.8/site-packages/airflow/example_dags/example_task_group.py for tasks to queue
[2024-04-01T23:13:04.680+0000] {logging_mixin.py:188} INFO - [2024-04-01T23:13:04.680+0000] {dagbag.py:540} INFO - Filling up the DagBag from /home/airflow/.local/lib/python3.8/site-packages/airflow/example_dags/example_task_group.py
[2024-04-01T23:13:04.687+0000] {processor.py:840} INFO - DAG(s) 'example_task_group' retrieved from /home/airflow/.local/lib/python3.8/site-packages/airflow/example_dags/example_task_group.py
[2024-04-01T23:13:04.713+0000] {logging_mixin.py:188} INFO - [2024-04-01T23:13:04.713+0000] {dag.py:3047} INFO - Sync 1 DAGs
[2024-04-01T23:13:04.737+0000] {logging_mixin.py:188} INFO - [2024-04-01T23:13:04.737+0000] {dag.py:3834} INFO - Setting next_dagrun for example_task_group to 2024-03-31 00:00:00+00:00, run_after=2024-04-01 00:00:00+00:00
[2024-04-01T23:13:04.762+0000] {processor.py:183} INFO - Processing /home/airflow/.local/lib/python3.8/site-packages/airflow/example_dags/example_task_group.py took 0.088 seconds
[2024-04-01T23:13:35.135+0000] {processor.py:161} INFO - Started process (PID=8348) to work on /home/airflow/.local/lib/python3.8/site-packages/airflow/example_dags/example_task_group.py
[2024-04-01T23:13:35.137+0000] {processor.py:830} INFO - Processing file /home/airflow/.local/lib/python3.8/site-packages/airflow/example_dags/example_task_group.py for tasks to queue
[2024-04-01T23:13:35.138+0000] {logging_mixin.py:188} INFO - [2024-04-01T23:13:35.137+0000] {dagbag.py:540} INFO - Filling up the DagBag from /home/airflow/.local/lib/python3.8/site-packages/airflow/example_dags/example_task_group.py
[2024-04-01T23:13:35.144+0000] {processor.py:840} INFO - DAG(s) 'example_task_group' retrieved from /home/airflow/.local/lib/python3.8/site-packages/airflow/example_dags/example_task_group.py
[2024-04-01T23:13:35.167+0000] {logging_mixin.py:188} INFO - [2024-04-01T23:13:35.167+0000] {dag.py:3047} INFO - Sync 1 DAGs
[2024-04-01T23:13:35.192+0000] {logging_mixin.py:188} INFO - [2024-04-01T23:13:35.191+0000] {dag.py:3834} INFO - Setting next_dagrun for example_task_group to 2024-03-31 00:00:00+00:00, run_after=2024-04-01 00:00:00+00:00
[2024-04-01T23:13:35.218+0000] {processor.py:183} INFO - Processing /home/airflow/.local/lib/python3.8/site-packages/airflow/example_dags/example_task_group.py took 0.086 seconds
[2024-04-01T23:14:05.550+0000] {processor.py:161} INFO - Started process (PID=8596) to work on /home/airflow/.local/lib/python3.8/site-packages/airflow/example_dags/example_task_group.py
[2024-04-01T23:14:05.551+0000] {processor.py:830} INFO - Processing file /home/airflow/.local/lib/python3.8/site-packages/airflow/example_dags/example_task_group.py for tasks to queue
[2024-04-01T23:14:05.552+0000] {logging_mixin.py:188} INFO - [2024-04-01T23:14:05.552+0000] {dagbag.py:540} INFO - Filling up the DagBag from /home/airflow/.local/lib/python3.8/site-packages/airflow/example_dags/example_task_group.py
[2024-04-01T23:14:05.559+0000] {processor.py:840} INFO - DAG(s) 'example_task_group' retrieved from /home/airflow/.local/lib/python3.8/site-packages/airflow/example_dags/example_task_group.py
[2024-04-01T23:14:05.585+0000] {logging_mixin.py:188} INFO - [2024-04-01T23:14:05.585+0000] {dag.py:3047} INFO - Sync 1 DAGs
[2024-04-01T23:14:05.613+0000] {logging_mixin.py:188} INFO - [2024-04-01T23:14:05.612+0000] {dag.py:3834} INFO - Setting next_dagrun for example_task_group to 2024-03-31 00:00:00+00:00, run_after=2024-04-01 00:00:00+00:00
[2024-04-01T23:14:05.640+0000] {processor.py:183} INFO - Processing /home/airflow/.local/lib/python3.8/site-packages/airflow/example_dags/example_task_group.py took 0.092 seconds
[2024-04-01T23:14:36.154+0000] {processor.py:161} INFO - Started process (PID=8843) to work on /home/airflow/.local/lib/python3.8/site-packages/airflow/example_dags/example_task_group.py
[2024-04-01T23:14:36.155+0000] {processor.py:830} INFO - Processing file /home/airflow/.local/lib/python3.8/site-packages/airflow/example_dags/example_task_group.py for tasks to queue
[2024-04-01T23:14:36.156+0000] {logging_mixin.py:188} INFO - [2024-04-01T23:14:36.156+0000] {dagbag.py:540} INFO - Filling up the DagBag from /home/airflow/.local/lib/python3.8/site-packages/airflow/example_dags/example_task_group.py
[2024-04-01T23:14:36.163+0000] {processor.py:840} INFO - DAG(s) 'example_task_group' retrieved from /home/airflow/.local/lib/python3.8/site-packages/airflow/example_dags/example_task_group.py
[2024-04-01T23:14:36.189+0000] {logging_mixin.py:188} INFO - [2024-04-01T23:14:36.189+0000] {dag.py:3047} INFO - Sync 1 DAGs
[2024-04-01T23:14:36.216+0000] {logging_mixin.py:188} INFO - [2024-04-01T23:14:36.216+0000] {dag.py:3834} INFO - Setting next_dagrun for example_task_group to 2024-03-31 00:00:00+00:00, run_after=2024-04-01 00:00:00+00:00
[2024-04-01T23:14:36.244+0000] {processor.py:183} INFO - Processing /home/airflow/.local/lib/python3.8/site-packages/airflow/example_dags/example_task_group.py took 0.093 seconds
[2024-04-01T23:15:06.537+0000] {processor.py:161} INFO - Started process (PID=9090) to work on /home/airflow/.local/lib/python3.8/site-packages/airflow/example_dags/example_task_group.py
[2024-04-01T23:15:06.539+0000] {processor.py:830} INFO - Processing file /home/airflow/.local/lib/python3.8/site-packages/airflow/example_dags/example_task_group.py for tasks to queue
[2024-04-01T23:15:06.540+0000] {logging_mixin.py:188} INFO - [2024-04-01T23:15:06.539+0000] {dagbag.py:540} INFO - Filling up the DagBag from /home/airflow/.local/lib/python3.8/site-packages/airflow/example_dags/example_task_group.py
[2024-04-01T23:15:06.548+0000] {processor.py:840} INFO - DAG(s) 'example_task_group' retrieved from /home/airflow/.local/lib/python3.8/site-packages/airflow/example_dags/example_task_group.py
[2024-04-01T23:15:06.573+0000] {logging_mixin.py:188} INFO - [2024-04-01T23:15:06.572+0000] {dag.py:3047} INFO - Sync 1 DAGs
[2024-04-01T23:15:06.601+0000] {logging_mixin.py:188} INFO - [2024-04-01T23:15:06.601+0000] {dag.py:3834} INFO - Setting next_dagrun for example_task_group to 2024-03-31 00:00:00+00:00, run_after=2024-04-01 00:00:00+00:00
[2024-04-01T23:15:06.625+0000] {processor.py:183} INFO - Processing /home/airflow/.local/lib/python3.8/site-packages/airflow/example_dags/example_task_group.py took 0.091 seconds
[2024-04-01T23:15:37.009+0000] {processor.py:161} INFO - Started process (PID=9337) to work on /home/airflow/.local/lib/python3.8/site-packages/airflow/example_dags/example_task_group.py
[2024-04-01T23:15:37.011+0000] {processor.py:830} INFO - Processing file /home/airflow/.local/lib/python3.8/site-packages/airflow/example_dags/example_task_group.py for tasks to queue
[2024-04-01T23:15:37.012+0000] {logging_mixin.py:188} INFO - [2024-04-01T23:15:37.011+0000] {dagbag.py:540} INFO - Filling up the DagBag from /home/airflow/.local/lib/python3.8/site-packages/airflow/example_dags/example_task_group.py
[2024-04-01T23:15:37.018+0000] {processor.py:840} INFO - DAG(s) 'example_task_group' retrieved from /home/airflow/.local/lib/python3.8/site-packages/airflow/example_dags/example_task_group.py
[2024-04-01T23:15:37.045+0000] {logging_mixin.py:188} INFO - [2024-04-01T23:15:37.044+0000] {dag.py:3047} INFO - Sync 1 DAGs
[2024-04-01T23:15:37.070+0000] {logging_mixin.py:188} INFO - [2024-04-01T23:15:37.069+0000] {dag.py:3834} INFO - Setting next_dagrun for example_task_group to 2024-03-31 00:00:00+00:00, run_after=2024-04-01 00:00:00+00:00
[2024-04-01T23:15:37.092+0000] {processor.py:183} INFO - Processing /home/airflow/.local/lib/python3.8/site-packages/airflow/example_dags/example_task_group.py took 0.085 seconds
[2024-04-01T23:16:07.554+0000] {processor.py:161} INFO - Started process (PID=9590) to work on /home/airflow/.local/lib/python3.8/site-packages/airflow/example_dags/example_task_group.py
[2024-04-01T23:16:07.556+0000] {processor.py:830} INFO - Processing file /home/airflow/.local/lib/python3.8/site-packages/airflow/example_dags/example_task_group.py for tasks to queue
[2024-04-01T23:16:07.557+0000] {logging_mixin.py:188} INFO - [2024-04-01T23:16:07.556+0000] {dagbag.py:540} INFO - Filling up the DagBag from /home/airflow/.local/lib/python3.8/site-packages/airflow/example_dags/example_task_group.py
[2024-04-01T23:16:07.563+0000] {processor.py:840} INFO - DAG(s) 'example_task_group' retrieved from /home/airflow/.local/lib/python3.8/site-packages/airflow/example_dags/example_task_group.py
[2024-04-01T23:16:07.588+0000] {logging_mixin.py:188} INFO - [2024-04-01T23:16:07.588+0000] {dag.py:3047} INFO - Sync 1 DAGs
[2024-04-01T23:16:07.611+0000] {logging_mixin.py:188} INFO - [2024-04-01T23:16:07.611+0000] {dag.py:3834} INFO - Setting next_dagrun for example_task_group to 2024-03-31 00:00:00+00:00, run_after=2024-04-01 00:00:00+00:00
[2024-04-01T23:16:07.640+0000] {processor.py:183} INFO - Processing /home/airflow/.local/lib/python3.8/site-packages/airflow/example_dags/example_task_group.py took 0.089 seconds
[2024-04-01T23:16:38.011+0000] {processor.py:161} INFO - Started process (PID=9837) to work on /home/airflow/.local/lib/python3.8/site-packages/airflow/example_dags/example_task_group.py
[2024-04-01T23:16:38.012+0000] {processor.py:830} INFO - Processing file /home/airflow/.local/lib/python3.8/site-packages/airflow/example_dags/example_task_group.py for tasks to queue
[2024-04-01T23:16:38.013+0000] {logging_mixin.py:188} INFO - [2024-04-01T23:16:38.013+0000] {dagbag.py:540} INFO - Filling up the DagBag from /home/airflow/.local/lib/python3.8/site-packages/airflow/example_dags/example_task_group.py
[2024-04-01T23:16:38.020+0000] {processor.py:840} INFO - DAG(s) 'example_task_group' retrieved from /home/airflow/.local/lib/python3.8/site-packages/airflow/example_dags/example_task_group.py
[2024-04-01T23:16:38.046+0000] {logging_mixin.py:188} INFO - [2024-04-01T23:16:38.046+0000] {dag.py:3047} INFO - Sync 1 DAGs
[2024-04-01T23:16:38.068+0000] {logging_mixin.py:188} INFO - [2024-04-01T23:16:38.068+0000] {dag.py:3834} INFO - Setting next_dagrun for example_task_group to 2024-03-31 00:00:00+00:00, run_after=2024-04-01 00:00:00+00:00
[2024-04-01T23:16:38.094+0000] {processor.py:183} INFO - Processing /home/airflow/.local/lib/python3.8/site-packages/airflow/example_dags/example_task_group.py took 0.086 seconds
[2024-04-01T23:17:08.500+0000] {processor.py:161} INFO - Started process (PID=10084) to work on /home/airflow/.local/lib/python3.8/site-packages/airflow/example_dags/example_task_group.py
[2024-04-01T23:17:08.501+0000] {processor.py:830} INFO - Processing file /home/airflow/.local/lib/python3.8/site-packages/airflow/example_dags/example_task_group.py for tasks to queue
[2024-04-01T23:17:08.502+0000] {logging_mixin.py:188} INFO - [2024-04-01T23:17:08.502+0000] {dagbag.py:540} INFO - Filling up the DagBag from /home/airflow/.local/lib/python3.8/site-packages/airflow/example_dags/example_task_group.py
[2024-04-01T23:17:08.509+0000] {processor.py:840} INFO - DAG(s) 'example_task_group' retrieved from /home/airflow/.local/lib/python3.8/site-packages/airflow/example_dags/example_task_group.py
[2024-04-01T23:17:08.534+0000] {logging_mixin.py:188} INFO - [2024-04-01T23:17:08.533+0000] {dag.py:3047} INFO - Sync 1 DAGs
[2024-04-01T23:17:08.555+0000] {logging_mixin.py:188} INFO - [2024-04-01T23:17:08.555+0000] {dag.py:3834} INFO - Setting next_dagrun for example_task_group to 2024-03-31 00:00:00+00:00, run_after=2024-04-01 00:00:00+00:00
[2024-04-01T23:17:08.581+0000] {processor.py:183} INFO - Processing /home/airflow/.local/lib/python3.8/site-packages/airflow/example_dags/example_task_group.py took 0.084 seconds
[2024-04-01T23:17:39.054+0000] {processor.py:161} INFO - Started process (PID=10331) to work on /home/airflow/.local/lib/python3.8/site-packages/airflow/example_dags/example_task_group.py
[2024-04-01T23:17:39.056+0000] {processor.py:830} INFO - Processing file /home/airflow/.local/lib/python3.8/site-packages/airflow/example_dags/example_task_group.py for tasks to queue
[2024-04-01T23:17:39.057+0000] {logging_mixin.py:188} INFO - [2024-04-01T23:17:39.056+0000] {dagbag.py:540} INFO - Filling up the DagBag from /home/airflow/.local/lib/python3.8/site-packages/airflow/example_dags/example_task_group.py
[2024-04-01T23:17:39.064+0000] {processor.py:840} INFO - DAG(s) 'example_task_group' retrieved from /home/airflow/.local/lib/python3.8/site-packages/airflow/example_dags/example_task_group.py
[2024-04-01T23:17:39.089+0000] {logging_mixin.py:188} INFO - [2024-04-01T23:17:39.089+0000] {dag.py:3047} INFO - Sync 1 DAGs
[2024-04-01T23:17:39.117+0000] {logging_mixin.py:188} INFO - [2024-04-01T23:17:39.117+0000] {dag.py:3834} INFO - Setting next_dagrun for example_task_group to 2024-03-31 00:00:00+00:00, run_after=2024-04-01 00:00:00+00:00
[2024-04-01T23:17:39.143+0000] {processor.py:183} INFO - Processing /home/airflow/.local/lib/python3.8/site-packages/airflow/example_dags/example_task_group.py took 0.091 seconds
[2024-04-01T23:18:09.349+0000] {processor.py:161} INFO - Started process (PID=10578) to work on /home/airflow/.local/lib/python3.8/site-packages/airflow/example_dags/example_task_group.py
[2024-04-01T23:18:09.350+0000] {processor.py:830} INFO - Processing file /home/airflow/.local/lib/python3.8/site-packages/airflow/example_dags/example_task_group.py for tasks to queue
[2024-04-01T23:18:09.351+0000] {logging_mixin.py:188} INFO - [2024-04-01T23:18:09.351+0000] {dagbag.py:540} INFO - Filling up the DagBag from /home/airflow/.local/lib/python3.8/site-packages/airflow/example_dags/example_task_group.py
[2024-04-01T23:18:09.358+0000] {processor.py:840} INFO - DAG(s) 'example_task_group' retrieved from /home/airflow/.local/lib/python3.8/site-packages/airflow/example_dags/example_task_group.py
[2024-04-01T23:18:09.380+0000] {logging_mixin.py:188} INFO - [2024-04-01T23:18:09.379+0000] {dag.py:3047} INFO - Sync 1 DAGs
[2024-04-01T23:18:09.407+0000] {logging_mixin.py:188} INFO - [2024-04-01T23:18:09.406+0000] {dag.py:3834} INFO - Setting next_dagrun for example_task_group to 2024-03-31 00:00:00+00:00, run_after=2024-04-01 00:00:00+00:00
[2024-04-01T23:18:09.430+0000] {processor.py:183} INFO - Processing /home/airflow/.local/lib/python3.8/site-packages/airflow/example_dags/example_task_group.py took 0.084 seconds
[2024-04-01T23:18:39.966+0000] {processor.py:161} INFO - Started process (PID=10825) to work on /home/airflow/.local/lib/python3.8/site-packages/airflow/example_dags/example_task_group.py
[2024-04-01T23:18:39.967+0000] {processor.py:830} INFO - Processing file /home/airflow/.local/lib/python3.8/site-packages/airflow/example_dags/example_task_group.py for tasks to queue
[2024-04-01T23:18:39.968+0000] {logging_mixin.py:188} INFO - [2024-04-01T23:18:39.968+0000] {dagbag.py:540} INFO - Filling up the DagBag from /home/airflow/.local/lib/python3.8/site-packages/airflow/example_dags/example_task_group.py
[2024-04-01T23:18:39.976+0000] {processor.py:840} INFO - DAG(s) 'example_task_group' retrieved from /home/airflow/.local/lib/python3.8/site-packages/airflow/example_dags/example_task_group.py
[2024-04-01T23:18:40.002+0000] {logging_mixin.py:188} INFO - [2024-04-01T23:18:40.001+0000] {dag.py:3047} INFO - Sync 1 DAGs
[2024-04-01T23:18:40.024+0000] {logging_mixin.py:188} INFO - [2024-04-01T23:18:40.024+0000] {dag.py:3834} INFO - Setting next_dagrun for example_task_group to 2024-03-31 00:00:00+00:00, run_after=2024-04-01 00:00:00+00:00
[2024-04-01T23:18:40.048+0000] {processor.py:183} INFO - Processing /home/airflow/.local/lib/python3.8/site-packages/airflow/example_dags/example_task_group.py took 0.086 seconds
[2024-04-01T23:19:10.469+0000] {processor.py:161} INFO - Started process (PID=11072) to work on /home/airflow/.local/lib/python3.8/site-packages/airflow/example_dags/example_task_group.py
[2024-04-01T23:19:10.471+0000] {processor.py:830} INFO - Processing file /home/airflow/.local/lib/python3.8/site-packages/airflow/example_dags/example_task_group.py for tasks to queue
[2024-04-01T23:19:10.473+0000] {logging_mixin.py:188} INFO - [2024-04-01T23:19:10.472+0000] {dagbag.py:540} INFO - Filling up the DagBag from /home/airflow/.local/lib/python3.8/site-packages/airflow/example_dags/example_task_group.py
[2024-04-01T23:19:10.483+0000] {processor.py:840} INFO - DAG(s) 'example_task_group' retrieved from /home/airflow/.local/lib/python3.8/site-packages/airflow/example_dags/example_task_group.py
[2024-04-01T23:19:10.508+0000] {logging_mixin.py:188} INFO - [2024-04-01T23:19:10.508+0000] {dag.py:3047} INFO - Sync 1 DAGs
[2024-04-01T23:19:10.530+0000] {logging_mixin.py:188} INFO - [2024-04-01T23:19:10.530+0000] {dag.py:3834} INFO - Setting next_dagrun for example_task_group to 2024-03-31 00:00:00+00:00, run_after=2024-04-01 00:00:00+00:00
[2024-04-01T23:19:10.559+0000] {processor.py:183} INFO - Processing /home/airflow/.local/lib/python3.8/site-packages/airflow/example_dags/example_task_group.py took 0.094 seconds
[2024-04-01T23:19:41.100+0000] {processor.py:161} INFO - Started process (PID=11319) to work on /home/airflow/.local/lib/python3.8/site-packages/airflow/example_dags/example_task_group.py
[2024-04-01T23:19:41.102+0000] {processor.py:830} INFO - Processing file /home/airflow/.local/lib/python3.8/site-packages/airflow/example_dags/example_task_group.py for tasks to queue
[2024-04-01T23:19:41.103+0000] {logging_mixin.py:188} INFO - [2024-04-01T23:19:41.103+0000] {dagbag.py:540} INFO - Filling up the DagBag from /home/airflow/.local/lib/python3.8/site-packages/airflow/example_dags/example_task_group.py
[2024-04-01T23:19:41.111+0000] {processor.py:840} INFO - DAG(s) 'example_task_group' retrieved from /home/airflow/.local/lib/python3.8/site-packages/airflow/example_dags/example_task_group.py
[2024-04-01T23:19:41.144+0000] {logging_mixin.py:188} INFO - [2024-04-01T23:19:41.143+0000] {dag.py:3047} INFO - Sync 1 DAGs
[2024-04-01T23:19:41.175+0000] {logging_mixin.py:188} INFO - [2024-04-01T23:19:41.175+0000] {dag.py:3834} INFO - Setting next_dagrun for example_task_group to 2024-03-31 00:00:00+00:00, run_after=2024-04-01 00:00:00+00:00
[2024-04-01T23:19:41.205+0000] {processor.py:183} INFO - Processing /home/airflow/.local/lib/python3.8/site-packages/airflow/example_dags/example_task_group.py took 0.109 seconds
[2024-04-01T23:20:11.283+0000] {processor.py:161} INFO - Started process (PID=11566) to work on /home/airflow/.local/lib/python3.8/site-packages/airflow/example_dags/example_task_group.py
[2024-04-01T23:20:11.284+0000] {processor.py:830} INFO - Processing file /home/airflow/.local/lib/python3.8/site-packages/airflow/example_dags/example_task_group.py for tasks to queue
[2024-04-01T23:20:11.284+0000] {logging_mixin.py:188} INFO - [2024-04-01T23:20:11.284+0000] {dagbag.py:540} INFO - Filling up the DagBag from /home/airflow/.local/lib/python3.8/site-packages/airflow/example_dags/example_task_group.py
[2024-04-01T23:20:11.291+0000] {processor.py:840} INFO - DAG(s) 'example_task_group' retrieved from /home/airflow/.local/lib/python3.8/site-packages/airflow/example_dags/example_task_group.py
[2024-04-01T23:20:11.314+0000] {logging_mixin.py:188} INFO - [2024-04-01T23:20:11.314+0000] {dag.py:3047} INFO - Sync 1 DAGs
[2024-04-01T23:20:11.338+0000] {logging_mixin.py:188} INFO - [2024-04-01T23:20:11.337+0000] {dag.py:3834} INFO - Setting next_dagrun for example_task_group to 2024-03-31 00:00:00+00:00, run_after=2024-04-01 00:00:00+00:00
[2024-04-01T23:20:11.363+0000] {processor.py:183} INFO - Processing /home/airflow/.local/lib/python3.8/site-packages/airflow/example_dags/example_task_group.py took 0.084 seconds
[2024-04-01T23:20:41.515+0000] {processor.py:161} INFO - Started process (PID=11813) to work on /home/airflow/.local/lib/python3.8/site-packages/airflow/example_dags/example_task_group.py
[2024-04-01T23:20:41.516+0000] {processor.py:830} INFO - Processing file /home/airflow/.local/lib/python3.8/site-packages/airflow/example_dags/example_task_group.py for tasks to queue
[2024-04-01T23:20:41.517+0000] {logging_mixin.py:188} INFO - [2024-04-01T23:20:41.517+0000] {dagbag.py:540} INFO - Filling up the DagBag from /home/airflow/.local/lib/python3.8/site-packages/airflow/example_dags/example_task_group.py
[2024-04-01T23:20:41.524+0000] {processor.py:840} INFO - DAG(s) 'example_task_group' retrieved from /home/airflow/.local/lib/python3.8/site-packages/airflow/example_dags/example_task_group.py
[2024-04-01T23:20:41.549+0000] {logging_mixin.py:188} INFO - [2024-04-01T23:20:41.549+0000] {dag.py:3047} INFO - Sync 1 DAGs
[2024-04-01T23:20:41.572+0000] {logging_mixin.py:188} INFO - [2024-04-01T23:20:41.572+0000] {dag.py:3834} INFO - Setting next_dagrun for example_task_group to 2024-03-31 00:00:00+00:00, run_after=2024-04-01 00:00:00+00:00
[2024-04-01T23:20:41.599+0000] {processor.py:183} INFO - Processing /home/airflow/.local/lib/python3.8/site-packages/airflow/example_dags/example_task_group.py took 0.087 seconds
