[2024-04-01T22:56:50.272+0000] {processor.py:161} INFO - Started process (PID=182) to work on /home/airflow/.local/lib/python3.8/site-packages/airflow/example_dags/tutorial.py
[2024-04-01T22:56:50.273+0000] {processor.py:830} INFO - Processing file /home/airflow/.local/lib/python3.8/site-packages/airflow/example_dags/tutorial.py for tasks to queue
[2024-04-01T22:56:50.275+0000] {logging_mixin.py:188} INFO - [2024-04-01T22:56:50.274+0000] {dagbag.py:540} INFO - Filling up the DagBag from /home/airflow/.local/lib/python3.8/site-packages/airflow/example_dags/tutorial.py
[2024-04-01T22:56:50.287+0000] {processor.py:840} INFO - DAG(s) 'tutorial' retrieved from /home/airflow/.local/lib/python3.8/site-packages/airflow/example_dags/tutorial.py
[2024-04-01T22:56:50.304+0000] {logging_mixin.py:188} INFO - [2024-04-01T22:56:50.304+0000] {dag.py:3047} INFO - Sync 1 DAGs
[2024-04-01T22:56:50.338+0000] {logging_mixin.py:188} INFO - [2024-04-01T22:56:50.338+0000] {dag.py:3834} INFO - Setting next_dagrun for tutorial to 2024-03-31 00:00:00+00:00, run_after=2024-04-01 00:00:00+00:00
[2024-04-01T22:56:50.370+0000] {processor.py:183} INFO - Processing /home/airflow/.local/lib/python3.8/site-packages/airflow/example_dags/tutorial.py took 0.102 seconds
[2024-04-01T22:57:21.203+0000] {processor.py:161} INFO - Started process (PID=429) to work on /home/airflow/.local/lib/python3.8/site-packages/airflow/example_dags/tutorial.py
[2024-04-01T22:57:21.204+0000] {processor.py:830} INFO - Processing file /home/airflow/.local/lib/python3.8/site-packages/airflow/example_dags/tutorial.py for tasks to queue
[2024-04-01T22:57:21.206+0000] {logging_mixin.py:188} INFO - [2024-04-01T22:57:21.205+0000] {dagbag.py:540} INFO - Filling up the DagBag from /home/airflow/.local/lib/python3.8/site-packages/airflow/example_dags/tutorial.py
[2024-04-01T22:57:21.212+0000] {processor.py:840} INFO - DAG(s) 'tutorial' retrieved from /home/airflow/.local/lib/python3.8/site-packages/airflow/example_dags/tutorial.py
[2024-04-01T22:57:21.315+0000] {logging_mixin.py:188} INFO - [2024-04-01T22:57:21.315+0000] {dag.py:3047} INFO - Sync 1 DAGs
[2024-04-01T22:57:21.336+0000] {logging_mixin.py:188} INFO - [2024-04-01T22:57:21.336+0000] {dag.py:3834} INFO - Setting next_dagrun for tutorial to 2024-03-31 00:00:00+00:00, run_after=2024-04-01 00:00:00+00:00
[2024-04-01T22:57:21.358+0000] {processor.py:183} INFO - Processing /home/airflow/.local/lib/python3.8/site-packages/airflow/example_dags/tutorial.py took 0.158 seconds
[2024-04-01T22:57:51.428+0000] {processor.py:161} INFO - Started process (PID=676) to work on /home/airflow/.local/lib/python3.8/site-packages/airflow/example_dags/tutorial.py
[2024-04-01T22:57:51.429+0000] {processor.py:830} INFO - Processing file /home/airflow/.local/lib/python3.8/site-packages/airflow/example_dags/tutorial.py for tasks to queue
[2024-04-01T22:57:51.431+0000] {logging_mixin.py:188} INFO - [2024-04-01T22:57:51.430+0000] {dagbag.py:540} INFO - Filling up the DagBag from /home/airflow/.local/lib/python3.8/site-packages/airflow/example_dags/tutorial.py
[2024-04-01T22:57:51.438+0000] {processor.py:840} INFO - DAG(s) 'tutorial' retrieved from /home/airflow/.local/lib/python3.8/site-packages/airflow/example_dags/tutorial.py
[2024-04-01T22:57:51.461+0000] {logging_mixin.py:188} INFO - [2024-04-01T22:57:51.460+0000] {dag.py:3047} INFO - Sync 1 DAGs
[2024-04-01T22:57:51.486+0000] {logging_mixin.py:188} INFO - [2024-04-01T22:57:51.486+0000] {dag.py:3834} INFO - Setting next_dagrun for tutorial to 2024-03-31 00:00:00+00:00, run_after=2024-04-01 00:00:00+00:00
[2024-04-01T22:57:51.510+0000] {processor.py:183} INFO - Processing /home/airflow/.local/lib/python3.8/site-packages/airflow/example_dags/tutorial.py took 0.086 seconds
[2024-04-01T22:58:22.156+0000] {processor.py:161} INFO - Started process (PID=925) to work on /home/airflow/.local/lib/python3.8/site-packages/airflow/example_dags/tutorial.py
[2024-04-01T22:58:22.157+0000] {processor.py:830} INFO - Processing file /home/airflow/.local/lib/python3.8/site-packages/airflow/example_dags/tutorial.py for tasks to queue
[2024-04-01T22:58:22.158+0000] {logging_mixin.py:188} INFO - [2024-04-01T22:58:22.158+0000] {dagbag.py:540} INFO - Filling up the DagBag from /home/airflow/.local/lib/python3.8/site-packages/airflow/example_dags/tutorial.py
[2024-04-01T22:58:22.164+0000] {processor.py:840} INFO - DAG(s) 'tutorial' retrieved from /home/airflow/.local/lib/python3.8/site-packages/airflow/example_dags/tutorial.py
[2024-04-01T22:58:22.188+0000] {logging_mixin.py:188} INFO - [2024-04-01T22:58:22.188+0000] {dag.py:3047} INFO - Sync 1 DAGs
[2024-04-01T22:58:22.211+0000] {logging_mixin.py:188} INFO - [2024-04-01T22:58:22.210+0000] {dag.py:3834} INFO - Setting next_dagrun for tutorial to 2024-03-31 00:00:00+00:00, run_after=2024-04-01 00:00:00+00:00
[2024-04-01T22:58:22.237+0000] {processor.py:183} INFO - Processing /home/airflow/.local/lib/python3.8/site-packages/airflow/example_dags/tutorial.py took 0.084 seconds
[2024-04-01T22:58:52.294+0000] {processor.py:161} INFO - Started process (PID=1170) to work on /home/airflow/.local/lib/python3.8/site-packages/airflow/example_dags/tutorial.py
[2024-04-01T22:58:52.295+0000] {processor.py:830} INFO - Processing file /home/airflow/.local/lib/python3.8/site-packages/airflow/example_dags/tutorial.py for tasks to queue
[2024-04-01T22:58:52.296+0000] {logging_mixin.py:188} INFO - [2024-04-01T22:58:52.296+0000] {dagbag.py:540} INFO - Filling up the DagBag from /home/airflow/.local/lib/python3.8/site-packages/airflow/example_dags/tutorial.py
[2024-04-01T22:58:52.302+0000] {processor.py:840} INFO - DAG(s) 'tutorial' retrieved from /home/airflow/.local/lib/python3.8/site-packages/airflow/example_dags/tutorial.py
[2024-04-01T22:58:52.320+0000] {logging_mixin.py:188} INFO - [2024-04-01T22:58:52.320+0000] {dag.py:3047} INFO - Sync 1 DAGs
[2024-04-01T22:58:52.344+0000] {logging_mixin.py:188} INFO - [2024-04-01T22:58:52.344+0000] {dag.py:3834} INFO - Setting next_dagrun for tutorial to 2024-03-31 00:00:00+00:00, run_after=2024-04-01 00:00:00+00:00
[2024-04-01T22:58:52.367+0000] {processor.py:183} INFO - Processing /home/airflow/.local/lib/python3.8/site-packages/airflow/example_dags/tutorial.py took 0.075 seconds
[2024-04-01T22:59:22.716+0000] {processor.py:161} INFO - Started process (PID=1417) to work on /home/airflow/.local/lib/python3.8/site-packages/airflow/example_dags/tutorial.py
[2024-04-01T22:59:22.718+0000] {processor.py:830} INFO - Processing file /home/airflow/.local/lib/python3.8/site-packages/airflow/example_dags/tutorial.py for tasks to queue
[2024-04-01T22:59:22.719+0000] {logging_mixin.py:188} INFO - [2024-04-01T22:59:22.719+0000] {dagbag.py:540} INFO - Filling up the DagBag from /home/airflow/.local/lib/python3.8/site-packages/airflow/example_dags/tutorial.py
[2024-04-01T22:59:22.725+0000] {processor.py:840} INFO - DAG(s) 'tutorial' retrieved from /home/airflow/.local/lib/python3.8/site-packages/airflow/example_dags/tutorial.py
[2024-04-01T22:59:22.746+0000] {logging_mixin.py:188} INFO - [2024-04-01T22:59:22.746+0000] {dag.py:3047} INFO - Sync 1 DAGs
[2024-04-01T22:59:22.778+0000] {logging_mixin.py:188} INFO - [2024-04-01T22:59:22.778+0000] {dag.py:3834} INFO - Setting next_dagrun for tutorial to 2024-03-31 00:00:00+00:00, run_after=2024-04-01 00:00:00+00:00
[2024-04-01T22:59:22.821+0000] {processor.py:183} INFO - Processing /home/airflow/.local/lib/python3.8/site-packages/airflow/example_dags/tutorial.py took 0.109 seconds
[2024-04-01T22:59:52.928+0000] {processor.py:161} INFO - Started process (PID=1686) to work on /home/airflow/.local/lib/python3.8/site-packages/airflow/example_dags/tutorial.py
[2024-04-01T22:59:52.930+0000] {processor.py:830} INFO - Processing file /home/airflow/.local/lib/python3.8/site-packages/airflow/example_dags/tutorial.py for tasks to queue
[2024-04-01T22:59:52.931+0000] {logging_mixin.py:188} INFO - [2024-04-01T22:59:52.930+0000] {dagbag.py:540} INFO - Filling up the DagBag from /home/airflow/.local/lib/python3.8/site-packages/airflow/example_dags/tutorial.py
[2024-04-01T22:59:52.953+0000] {processor.py:840} INFO - DAG(s) 'tutorial' retrieved from /home/airflow/.local/lib/python3.8/site-packages/airflow/example_dags/tutorial.py
[2024-04-01T22:59:52.986+0000] {logging_mixin.py:188} INFO - [2024-04-01T22:59:52.985+0000] {dag.py:3047} INFO - Sync 1 DAGs
[2024-04-01T22:59:53.014+0000] {logging_mixin.py:188} INFO - [2024-04-01T22:59:53.014+0000] {dag.py:3834} INFO - Setting next_dagrun for tutorial to 2024-03-31 00:00:00+00:00, run_after=2024-04-01 00:00:00+00:00
[2024-04-01T22:59:53.043+0000] {processor.py:183} INFO - Processing /home/airflow/.local/lib/python3.8/site-packages/airflow/example_dags/tutorial.py took 0.118 seconds
[2024-04-01T23:00:23.485+0000] {processor.py:161} INFO - Started process (PID=1936) to work on /home/airflow/.local/lib/python3.8/site-packages/airflow/example_dags/tutorial.py
[2024-04-01T23:00:23.486+0000] {processor.py:830} INFO - Processing file /home/airflow/.local/lib/python3.8/site-packages/airflow/example_dags/tutorial.py for tasks to queue
[2024-04-01T23:00:23.488+0000] {logging_mixin.py:188} INFO - [2024-04-01T23:00:23.487+0000] {dagbag.py:540} INFO - Filling up the DagBag from /home/airflow/.local/lib/python3.8/site-packages/airflow/example_dags/tutorial.py
[2024-04-01T23:00:23.499+0000] {processor.py:840} INFO - DAG(s) 'tutorial' retrieved from /home/airflow/.local/lib/python3.8/site-packages/airflow/example_dags/tutorial.py
[2024-04-01T23:00:23.529+0000] {logging_mixin.py:188} INFO - [2024-04-01T23:00:23.529+0000] {dag.py:3047} INFO - Sync 1 DAGs
[2024-04-01T23:00:23.563+0000] {logging_mixin.py:188} INFO - [2024-04-01T23:00:23.563+0000] {dag.py:3834} INFO - Setting next_dagrun for tutorial to 2024-03-31 00:00:00+00:00, run_after=2024-04-01 00:00:00+00:00
[2024-04-01T23:00:23.598+0000] {processor.py:183} INFO - Processing /home/airflow/.local/lib/python3.8/site-packages/airflow/example_dags/tutorial.py took 0.119 seconds
[2024-04-01T23:00:53.869+0000] {processor.py:161} INFO - Started process (PID=2183) to work on /home/airflow/.local/lib/python3.8/site-packages/airflow/example_dags/tutorial.py
[2024-04-01T23:00:53.870+0000] {processor.py:830} INFO - Processing file /home/airflow/.local/lib/python3.8/site-packages/airflow/example_dags/tutorial.py for tasks to queue
[2024-04-01T23:00:53.871+0000] {logging_mixin.py:188} INFO - [2024-04-01T23:00:53.870+0000] {dagbag.py:540} INFO - Filling up the DagBag from /home/airflow/.local/lib/python3.8/site-packages/airflow/example_dags/tutorial.py
[2024-04-01T23:00:53.877+0000] {processor.py:840} INFO - DAG(s) 'tutorial' retrieved from /home/airflow/.local/lib/python3.8/site-packages/airflow/example_dags/tutorial.py
[2024-04-01T23:00:53.896+0000] {logging_mixin.py:188} INFO - [2024-04-01T23:00:53.895+0000] {dag.py:3047} INFO - Sync 1 DAGs
[2024-04-01T23:00:53.920+0000] {logging_mixin.py:188} INFO - [2024-04-01T23:00:53.920+0000] {dag.py:3834} INFO - Setting next_dagrun for tutorial to 2024-03-31 00:00:00+00:00, run_after=2024-04-01 00:00:00+00:00
[2024-04-01T23:00:53.946+0000] {processor.py:183} INFO - Processing /home/airflow/.local/lib/python3.8/site-packages/airflow/example_dags/tutorial.py took 0.080 seconds
[2024-04-01T23:01:24.491+0000] {processor.py:161} INFO - Started process (PID=2430) to work on /home/airflow/.local/lib/python3.8/site-packages/airflow/example_dags/tutorial.py
[2024-04-01T23:01:24.492+0000] {processor.py:830} INFO - Processing file /home/airflow/.local/lib/python3.8/site-packages/airflow/example_dags/tutorial.py for tasks to queue
[2024-04-01T23:01:24.493+0000] {logging_mixin.py:188} INFO - [2024-04-01T23:01:24.493+0000] {dagbag.py:540} INFO - Filling up the DagBag from /home/airflow/.local/lib/python3.8/site-packages/airflow/example_dags/tutorial.py
[2024-04-01T23:01:24.499+0000] {processor.py:840} INFO - DAG(s) 'tutorial' retrieved from /home/airflow/.local/lib/python3.8/site-packages/airflow/example_dags/tutorial.py
[2024-04-01T23:01:24.518+0000] {logging_mixin.py:188} INFO - [2024-04-01T23:01:24.518+0000] {dag.py:3047} INFO - Sync 1 DAGs
[2024-04-01T23:01:24.541+0000] {logging_mixin.py:188} INFO - [2024-04-01T23:01:24.541+0000] {dag.py:3834} INFO - Setting next_dagrun for tutorial to 2024-03-31 00:00:00+00:00, run_after=2024-04-01 00:00:00+00:00
[2024-04-01T23:01:24.575+0000] {processor.py:183} INFO - Processing /home/airflow/.local/lib/python3.8/site-packages/airflow/example_dags/tutorial.py took 0.087 seconds
[2024-04-01T23:01:54.918+0000] {processor.py:161} INFO - Started process (PID=2677) to work on /home/airflow/.local/lib/python3.8/site-packages/airflow/example_dags/tutorial.py
[2024-04-01T23:01:54.919+0000] {processor.py:830} INFO - Processing file /home/airflow/.local/lib/python3.8/site-packages/airflow/example_dags/tutorial.py for tasks to queue
[2024-04-01T23:01:54.920+0000] {logging_mixin.py:188} INFO - [2024-04-01T23:01:54.919+0000] {dagbag.py:540} INFO - Filling up the DagBag from /home/airflow/.local/lib/python3.8/site-packages/airflow/example_dags/tutorial.py
[2024-04-01T23:01:54.925+0000] {processor.py:840} INFO - DAG(s) 'tutorial' retrieved from /home/airflow/.local/lib/python3.8/site-packages/airflow/example_dags/tutorial.py
[2024-04-01T23:01:54.945+0000] {logging_mixin.py:188} INFO - [2024-04-01T23:01:54.945+0000] {dag.py:3047} INFO - Sync 1 DAGs
[2024-04-01T23:01:54.974+0000] {logging_mixin.py:188} INFO - [2024-04-01T23:01:54.973+0000] {dag.py:3834} INFO - Setting next_dagrun for tutorial to 2024-03-31 00:00:00+00:00, run_after=2024-04-01 00:00:00+00:00
[2024-04-01T23:01:54.996+0000] {processor.py:183} INFO - Processing /home/airflow/.local/lib/python3.8/site-packages/airflow/example_dags/tutorial.py took 0.081 seconds
[2024-04-01T23:02:25.442+0000] {processor.py:161} INFO - Started process (PID=2924) to work on /home/airflow/.local/lib/python3.8/site-packages/airflow/example_dags/tutorial.py
[2024-04-01T23:02:25.444+0000] {processor.py:830} INFO - Processing file /home/airflow/.local/lib/python3.8/site-packages/airflow/example_dags/tutorial.py for tasks to queue
[2024-04-01T23:02:25.445+0000] {logging_mixin.py:188} INFO - [2024-04-01T23:02:25.444+0000] {dagbag.py:540} INFO - Filling up the DagBag from /home/airflow/.local/lib/python3.8/site-packages/airflow/example_dags/tutorial.py
[2024-04-01T23:02:25.450+0000] {processor.py:840} INFO - DAG(s) 'tutorial' retrieved from /home/airflow/.local/lib/python3.8/site-packages/airflow/example_dags/tutorial.py
[2024-04-01T23:02:25.471+0000] {logging_mixin.py:188} INFO - [2024-04-01T23:02:25.470+0000] {dag.py:3047} INFO - Sync 1 DAGs
[2024-04-01T23:02:25.494+0000] {logging_mixin.py:188} INFO - [2024-04-01T23:02:25.493+0000] {dag.py:3834} INFO - Setting next_dagrun for tutorial to 2024-03-31 00:00:00+00:00, run_after=2024-04-01 00:00:00+00:00
[2024-04-01T23:02:25.530+0000] {processor.py:183} INFO - Processing /home/airflow/.local/lib/python3.8/site-packages/airflow/example_dags/tutorial.py took 0.091 seconds
[2024-04-01T23:02:55.763+0000] {processor.py:161} INFO - Started process (PID=3171) to work on /home/airflow/.local/lib/python3.8/site-packages/airflow/example_dags/tutorial.py
[2024-04-01T23:02:55.764+0000] {processor.py:830} INFO - Processing file /home/airflow/.local/lib/python3.8/site-packages/airflow/example_dags/tutorial.py for tasks to queue
[2024-04-01T23:02:55.765+0000] {logging_mixin.py:188} INFO - [2024-04-01T23:02:55.765+0000] {dagbag.py:540} INFO - Filling up the DagBag from /home/airflow/.local/lib/python3.8/site-packages/airflow/example_dags/tutorial.py
[2024-04-01T23:02:55.771+0000] {processor.py:840} INFO - DAG(s) 'tutorial' retrieved from /home/airflow/.local/lib/python3.8/site-packages/airflow/example_dags/tutorial.py
[2024-04-01T23:02:55.790+0000] {logging_mixin.py:188} INFO - [2024-04-01T23:02:55.790+0000] {dag.py:3047} INFO - Sync 1 DAGs
[2024-04-01T23:02:55.813+0000] {logging_mixin.py:188} INFO - [2024-04-01T23:02:55.813+0000] {dag.py:3834} INFO - Setting next_dagrun for tutorial to 2024-03-31 00:00:00+00:00, run_after=2024-04-01 00:00:00+00:00
[2024-04-01T23:02:55.838+0000] {processor.py:183} INFO - Processing /home/airflow/.local/lib/python3.8/site-packages/airflow/example_dags/tutorial.py took 0.077 seconds
[2024-04-01T23:03:26.454+0000] {processor.py:161} INFO - Started process (PID=3420) to work on /home/airflow/.local/lib/python3.8/site-packages/airflow/example_dags/tutorial.py
[2024-04-01T23:03:26.455+0000] {processor.py:830} INFO - Processing file /home/airflow/.local/lib/python3.8/site-packages/airflow/example_dags/tutorial.py for tasks to queue
[2024-04-01T23:03:26.456+0000] {logging_mixin.py:188} INFO - [2024-04-01T23:03:26.456+0000] {dagbag.py:540} INFO - Filling up the DagBag from /home/airflow/.local/lib/python3.8/site-packages/airflow/example_dags/tutorial.py
[2024-04-01T23:03:26.462+0000] {processor.py:840} INFO - DAG(s) 'tutorial' retrieved from /home/airflow/.local/lib/python3.8/site-packages/airflow/example_dags/tutorial.py
[2024-04-01T23:03:26.485+0000] {logging_mixin.py:188} INFO - [2024-04-01T23:03:26.484+0000] {dag.py:3047} INFO - Sync 1 DAGs
[2024-04-01T23:03:26.508+0000] {logging_mixin.py:188} INFO - [2024-04-01T23:03:26.508+0000] {dag.py:3834} INFO - Setting next_dagrun for tutorial to 2024-03-31 00:00:00+00:00, run_after=2024-04-01 00:00:00+00:00
[2024-04-01T23:03:26.534+0000] {processor.py:183} INFO - Processing /home/airflow/.local/lib/python3.8/site-packages/airflow/example_dags/tutorial.py took 0.083 seconds
[2024-04-01T23:03:56.980+0000] {processor.py:161} INFO - Started process (PID=3665) to work on /home/airflow/.local/lib/python3.8/site-packages/airflow/example_dags/tutorial.py
[2024-04-01T23:03:56.981+0000] {processor.py:830} INFO - Processing file /home/airflow/.local/lib/python3.8/site-packages/airflow/example_dags/tutorial.py for tasks to queue
[2024-04-01T23:03:56.982+0000] {logging_mixin.py:188} INFO - [2024-04-01T23:03:56.982+0000] {dagbag.py:540} INFO - Filling up the DagBag from /home/airflow/.local/lib/python3.8/site-packages/airflow/example_dags/tutorial.py
[2024-04-01T23:03:56.987+0000] {processor.py:840} INFO - DAG(s) 'tutorial' retrieved from /home/airflow/.local/lib/python3.8/site-packages/airflow/example_dags/tutorial.py
[2024-04-01T23:03:57.008+0000] {logging_mixin.py:188} INFO - [2024-04-01T23:03:57.008+0000] {dag.py:3047} INFO - Sync 1 DAGs
[2024-04-01T23:03:57.031+0000] {logging_mixin.py:188} INFO - [2024-04-01T23:03:57.030+0000] {dag.py:3834} INFO - Setting next_dagrun for tutorial to 2024-03-31 00:00:00+00:00, run_after=2024-04-01 00:00:00+00:00
[2024-04-01T23:03:57.056+0000] {processor.py:183} INFO - Processing /home/airflow/.local/lib/python3.8/site-packages/airflow/example_dags/tutorial.py took 0.079 seconds
[2024-04-01T23:04:27.529+0000] {processor.py:161} INFO - Started process (PID=3912) to work on /home/airflow/.local/lib/python3.8/site-packages/airflow/example_dags/tutorial.py
[2024-04-01T23:04:27.530+0000] {processor.py:830} INFO - Processing file /home/airflow/.local/lib/python3.8/site-packages/airflow/example_dags/tutorial.py for tasks to queue
[2024-04-01T23:04:27.531+0000] {logging_mixin.py:188} INFO - [2024-04-01T23:04:27.531+0000] {dagbag.py:540} INFO - Filling up the DagBag from /home/airflow/.local/lib/python3.8/site-packages/airflow/example_dags/tutorial.py
[2024-04-01T23:04:27.536+0000] {processor.py:840} INFO - DAG(s) 'tutorial' retrieved from /home/airflow/.local/lib/python3.8/site-packages/airflow/example_dags/tutorial.py
[2024-04-01T23:04:27.556+0000] {logging_mixin.py:188} INFO - [2024-04-01T23:04:27.556+0000] {dag.py:3047} INFO - Sync 1 DAGs
[2024-04-01T23:04:27.578+0000] {logging_mixin.py:188} INFO - [2024-04-01T23:04:27.578+0000] {dag.py:3834} INFO - Setting next_dagrun for tutorial to 2024-03-31 00:00:00+00:00, run_after=2024-04-01 00:00:00+00:00
[2024-04-01T23:04:27.605+0000] {processor.py:183} INFO - Processing /home/airflow/.local/lib/python3.8/site-packages/airflow/example_dags/tutorial.py took 0.078 seconds
[2024-04-01T23:04:58.113+0000] {processor.py:161} INFO - Started process (PID=4159) to work on /home/airflow/.local/lib/python3.8/site-packages/airflow/example_dags/tutorial.py
[2024-04-01T23:04:58.114+0000] {processor.py:830} INFO - Processing file /home/airflow/.local/lib/python3.8/site-packages/airflow/example_dags/tutorial.py for tasks to queue
[2024-04-01T23:04:58.116+0000] {logging_mixin.py:188} INFO - [2024-04-01T23:04:58.115+0000] {dagbag.py:540} INFO - Filling up the DagBag from /home/airflow/.local/lib/python3.8/site-packages/airflow/example_dags/tutorial.py
[2024-04-01T23:04:58.127+0000] {processor.py:840} INFO - DAG(s) 'tutorial' retrieved from /home/airflow/.local/lib/python3.8/site-packages/airflow/example_dags/tutorial.py
[2024-04-01T23:04:58.163+0000] {logging_mixin.py:188} INFO - [2024-04-01T23:04:58.162+0000] {dag.py:3047} INFO - Sync 1 DAGs
[2024-04-01T23:04:58.203+0000] {logging_mixin.py:188} INFO - [2024-04-01T23:04:58.202+0000] {dag.py:3834} INFO - Setting next_dagrun for tutorial to 2024-03-31 00:00:00+00:00, run_after=2024-04-01 00:00:00+00:00
[2024-04-01T23:04:58.239+0000] {processor.py:183} INFO - Processing /home/airflow/.local/lib/python3.8/site-packages/airflow/example_dags/tutorial.py took 0.131 seconds
[2024-04-01T23:05:28.288+0000] {processor.py:161} INFO - Started process (PID=4407) to work on /home/airflow/.local/lib/python3.8/site-packages/airflow/example_dags/tutorial.py
[2024-04-01T23:05:28.289+0000] {processor.py:830} INFO - Processing file /home/airflow/.local/lib/python3.8/site-packages/airflow/example_dags/tutorial.py for tasks to queue
[2024-04-01T23:05:28.291+0000] {logging_mixin.py:188} INFO - [2024-04-01T23:05:28.291+0000] {dagbag.py:540} INFO - Filling up the DagBag from /home/airflow/.local/lib/python3.8/site-packages/airflow/example_dags/tutorial.py
[2024-04-01T23:05:28.297+0000] {processor.py:840} INFO - DAG(s) 'tutorial' retrieved from /home/airflow/.local/lib/python3.8/site-packages/airflow/example_dags/tutorial.py
[2024-04-01T23:05:28.323+0000] {logging_mixin.py:188} INFO - [2024-04-01T23:05:28.323+0000] {dag.py:3047} INFO - Sync 1 DAGs
[2024-04-01T23:05:28.350+0000] {logging_mixin.py:188} INFO - [2024-04-01T23:05:28.349+0000] {dag.py:3834} INFO - Setting next_dagrun for tutorial to 2024-03-31 00:00:00+00:00, run_after=2024-04-01 00:00:00+00:00
[2024-04-01T23:05:28.378+0000] {processor.py:183} INFO - Processing /home/airflow/.local/lib/python3.8/site-packages/airflow/example_dags/tutorial.py took 0.094 seconds
[2024-04-01T23:05:58.472+0000] {processor.py:161} INFO - Started process (PID=4654) to work on /home/airflow/.local/lib/python3.8/site-packages/airflow/example_dags/tutorial.py
[2024-04-01T23:05:58.473+0000] {processor.py:830} INFO - Processing file /home/airflow/.local/lib/python3.8/site-packages/airflow/example_dags/tutorial.py for tasks to queue
[2024-04-01T23:05:58.475+0000] {logging_mixin.py:188} INFO - [2024-04-01T23:05:58.475+0000] {dagbag.py:540} INFO - Filling up the DagBag from /home/airflow/.local/lib/python3.8/site-packages/airflow/example_dags/tutorial.py
[2024-04-01T23:05:58.483+0000] {processor.py:840} INFO - DAG(s) 'tutorial' retrieved from /home/airflow/.local/lib/python3.8/site-packages/airflow/example_dags/tutorial.py
[2024-04-01T23:05:58.506+0000] {logging_mixin.py:188} INFO - [2024-04-01T23:05:58.506+0000] {dag.py:3047} INFO - Sync 1 DAGs
[2024-04-01T23:05:58.532+0000] {logging_mixin.py:188} INFO - [2024-04-01T23:05:58.532+0000] {dag.py:3834} INFO - Setting next_dagrun for tutorial to 2024-03-31 00:00:00+00:00, run_after=2024-04-01 00:00:00+00:00
[2024-04-01T23:05:58.556+0000] {processor.py:183} INFO - Processing /home/airflow/.local/lib/python3.8/site-packages/airflow/example_dags/tutorial.py took 0.088 seconds
[2024-04-01T23:06:28.765+0000] {processor.py:161} INFO - Started process (PID=4901) to work on /home/airflow/.local/lib/python3.8/site-packages/airflow/example_dags/tutorial.py
[2024-04-01T23:06:28.766+0000] {processor.py:830} INFO - Processing file /home/airflow/.local/lib/python3.8/site-packages/airflow/example_dags/tutorial.py for tasks to queue
[2024-04-01T23:06:28.767+0000] {logging_mixin.py:188} INFO - [2024-04-01T23:06:28.767+0000] {dagbag.py:540} INFO - Filling up the DagBag from /home/airflow/.local/lib/python3.8/site-packages/airflow/example_dags/tutorial.py
[2024-04-01T23:06:28.774+0000] {processor.py:840} INFO - DAG(s) 'tutorial' retrieved from /home/airflow/.local/lib/python3.8/site-packages/airflow/example_dags/tutorial.py
[2024-04-01T23:06:28.795+0000] {logging_mixin.py:188} INFO - [2024-04-01T23:06:28.795+0000] {dag.py:3047} INFO - Sync 1 DAGs
[2024-04-01T23:06:28.819+0000] {logging_mixin.py:188} INFO - [2024-04-01T23:06:28.819+0000] {dag.py:3834} INFO - Setting next_dagrun for tutorial to 2024-03-31 00:00:00+00:00, run_after=2024-04-01 00:00:00+00:00
[2024-04-01T23:06:28.842+0000] {processor.py:183} INFO - Processing /home/airflow/.local/lib/python3.8/site-packages/airflow/example_dags/tutorial.py took 0.080 seconds
[2024-04-01T23:06:59.375+0000] {processor.py:161} INFO - Started process (PID=5148) to work on /home/airflow/.local/lib/python3.8/site-packages/airflow/example_dags/tutorial.py
[2024-04-01T23:06:59.376+0000] {processor.py:830} INFO - Processing file /home/airflow/.local/lib/python3.8/site-packages/airflow/example_dags/tutorial.py for tasks to queue
[2024-04-01T23:06:59.377+0000] {logging_mixin.py:188} INFO - [2024-04-01T23:06:59.377+0000] {dagbag.py:540} INFO - Filling up the DagBag from /home/airflow/.local/lib/python3.8/site-packages/airflow/example_dags/tutorial.py
[2024-04-01T23:06:59.383+0000] {processor.py:840} INFO - DAG(s) 'tutorial' retrieved from /home/airflow/.local/lib/python3.8/site-packages/airflow/example_dags/tutorial.py
[2024-04-01T23:06:59.405+0000] {logging_mixin.py:188} INFO - [2024-04-01T23:06:59.404+0000] {dag.py:3047} INFO - Sync 1 DAGs
[2024-04-01T23:06:59.431+0000] {logging_mixin.py:188} INFO - [2024-04-01T23:06:59.431+0000] {dag.py:3834} INFO - Setting next_dagrun for tutorial to 2024-03-31 00:00:00+00:00, run_after=2024-04-01 00:00:00+00:00
[2024-04-01T23:06:59.456+0000] {processor.py:183} INFO - Processing /home/airflow/.local/lib/python3.8/site-packages/airflow/example_dags/tutorial.py took 0.084 seconds
[2024-04-01T23:07:29.744+0000] {processor.py:161} INFO - Started process (PID=5395) to work on /home/airflow/.local/lib/python3.8/site-packages/airflow/example_dags/tutorial.py
[2024-04-01T23:07:29.745+0000] {processor.py:830} INFO - Processing file /home/airflow/.local/lib/python3.8/site-packages/airflow/example_dags/tutorial.py for tasks to queue
[2024-04-01T23:07:29.746+0000] {logging_mixin.py:188} INFO - [2024-04-01T23:07:29.746+0000] {dagbag.py:540} INFO - Filling up the DagBag from /home/airflow/.local/lib/python3.8/site-packages/airflow/example_dags/tutorial.py
[2024-04-01T23:07:29.753+0000] {processor.py:840} INFO - DAG(s) 'tutorial' retrieved from /home/airflow/.local/lib/python3.8/site-packages/airflow/example_dags/tutorial.py
[2024-04-01T23:07:29.775+0000] {logging_mixin.py:188} INFO - [2024-04-01T23:07:29.775+0000] {dag.py:3047} INFO - Sync 1 DAGs
[2024-04-01T23:07:29.798+0000] {logging_mixin.py:188} INFO - [2024-04-01T23:07:29.798+0000] {dag.py:3834} INFO - Setting next_dagrun for tutorial to 2024-03-31 00:00:00+00:00, run_after=2024-04-01 00:00:00+00:00
[2024-04-01T23:07:29.821+0000] {processor.py:183} INFO - Processing /home/airflow/.local/lib/python3.8/site-packages/airflow/example_dags/tutorial.py took 0.081 seconds
[2024-04-01T23:08:00.164+0000] {processor.py:161} INFO - Started process (PID=5642) to work on /home/airflow/.local/lib/python3.8/site-packages/airflow/example_dags/tutorial.py
[2024-04-01T23:08:00.165+0000] {processor.py:830} INFO - Processing file /home/airflow/.local/lib/python3.8/site-packages/airflow/example_dags/tutorial.py for tasks to queue
[2024-04-01T23:08:00.166+0000] {logging_mixin.py:188} INFO - [2024-04-01T23:08:00.166+0000] {dagbag.py:540} INFO - Filling up the DagBag from /home/airflow/.local/lib/python3.8/site-packages/airflow/example_dags/tutorial.py
[2024-04-01T23:08:00.172+0000] {processor.py:840} INFO - DAG(s) 'tutorial' retrieved from /home/airflow/.local/lib/python3.8/site-packages/airflow/example_dags/tutorial.py
[2024-04-01T23:08:00.192+0000] {logging_mixin.py:188} INFO - [2024-04-01T23:08:00.192+0000] {dag.py:3047} INFO - Sync 1 DAGs
[2024-04-01T23:08:00.216+0000] {logging_mixin.py:188} INFO - [2024-04-01T23:08:00.216+0000] {dag.py:3834} INFO - Setting next_dagrun for tutorial to 2024-03-31 00:00:00+00:00, run_after=2024-04-01 00:00:00+00:00
[2024-04-01T23:08:00.248+0000] {processor.py:183} INFO - Processing /home/airflow/.local/lib/python3.8/site-packages/airflow/example_dags/tutorial.py took 0.086 seconds
[2024-04-01T23:08:30.654+0000] {processor.py:161} INFO - Started process (PID=5889) to work on /home/airflow/.local/lib/python3.8/site-packages/airflow/example_dags/tutorial.py
[2024-04-01T23:08:30.655+0000] {processor.py:830} INFO - Processing file /home/airflow/.local/lib/python3.8/site-packages/airflow/example_dags/tutorial.py for tasks to queue
[2024-04-01T23:08:30.656+0000] {logging_mixin.py:188} INFO - [2024-04-01T23:08:30.656+0000] {dagbag.py:540} INFO - Filling up the DagBag from /home/airflow/.local/lib/python3.8/site-packages/airflow/example_dags/tutorial.py
[2024-04-01T23:08:30.662+0000] {processor.py:840} INFO - DAG(s) 'tutorial' retrieved from /home/airflow/.local/lib/python3.8/site-packages/airflow/example_dags/tutorial.py
[2024-04-01T23:08:30.684+0000] {logging_mixin.py:188} INFO - [2024-04-01T23:08:30.684+0000] {dag.py:3047} INFO - Sync 1 DAGs
[2024-04-01T23:08:30.707+0000] {logging_mixin.py:188} INFO - [2024-04-01T23:08:30.707+0000] {dag.py:3834} INFO - Setting next_dagrun for tutorial to 2024-03-31 00:00:00+00:00, run_after=2024-04-01 00:00:00+00:00
[2024-04-01T23:08:30.744+0000] {processor.py:183} INFO - Processing /home/airflow/.local/lib/python3.8/site-packages/airflow/example_dags/tutorial.py took 0.093 seconds
[2024-04-01T23:09:01.235+0000] {processor.py:161} INFO - Started process (PID=6138) to work on /home/airflow/.local/lib/python3.8/site-packages/airflow/example_dags/tutorial.py
[2024-04-01T23:09:01.236+0000] {processor.py:830} INFO - Processing file /home/airflow/.local/lib/python3.8/site-packages/airflow/example_dags/tutorial.py for tasks to queue
[2024-04-01T23:09:01.237+0000] {logging_mixin.py:188} INFO - [2024-04-01T23:09:01.236+0000] {dagbag.py:540} INFO - Filling up the DagBag from /home/airflow/.local/lib/python3.8/site-packages/airflow/example_dags/tutorial.py
[2024-04-01T23:09:01.242+0000] {processor.py:840} INFO - DAG(s) 'tutorial' retrieved from /home/airflow/.local/lib/python3.8/site-packages/airflow/example_dags/tutorial.py
[2024-04-01T23:09:01.266+0000] {logging_mixin.py:188} INFO - [2024-04-01T23:09:01.266+0000] {dag.py:3047} INFO - Sync 1 DAGs
[2024-04-01T23:09:01.291+0000] {logging_mixin.py:188} INFO - [2024-04-01T23:09:01.291+0000] {dag.py:3834} INFO - Setting next_dagrun for tutorial to 2024-03-31 00:00:00+00:00, run_after=2024-04-01 00:00:00+00:00
[2024-04-01T23:09:01.312+0000] {processor.py:183} INFO - Processing /home/airflow/.local/lib/python3.8/site-packages/airflow/example_dags/tutorial.py took 0.080 seconds
[2024-04-01T23:09:31.547+0000] {processor.py:161} INFO - Started process (PID=6386) to work on /home/airflow/.local/lib/python3.8/site-packages/airflow/example_dags/tutorial.py
[2024-04-01T23:09:31.548+0000] {processor.py:830} INFO - Processing file /home/airflow/.local/lib/python3.8/site-packages/airflow/example_dags/tutorial.py for tasks to queue
[2024-04-01T23:09:31.549+0000] {logging_mixin.py:188} INFO - [2024-04-01T23:09:31.548+0000] {dagbag.py:540} INFO - Filling up the DagBag from /home/airflow/.local/lib/python3.8/site-packages/airflow/example_dags/tutorial.py
[2024-04-01T23:09:31.554+0000] {processor.py:840} INFO - DAG(s) 'tutorial' retrieved from /home/airflow/.local/lib/python3.8/site-packages/airflow/example_dags/tutorial.py
[2024-04-01T23:09:31.573+0000] {logging_mixin.py:188} INFO - [2024-04-01T23:09:31.573+0000] {dag.py:3047} INFO - Sync 1 DAGs
[2024-04-01T23:09:31.597+0000] {logging_mixin.py:188} INFO - [2024-04-01T23:09:31.597+0000] {dag.py:3834} INFO - Setting next_dagrun for tutorial to 2024-03-31 00:00:00+00:00, run_after=2024-04-01 00:00:00+00:00
[2024-04-01T23:09:31.622+0000] {processor.py:183} INFO - Processing /home/airflow/.local/lib/python3.8/site-packages/airflow/example_dags/tutorial.py took 0.079 seconds
[2024-04-01T23:10:01.888+0000] {processor.py:161} INFO - Started process (PID=6633) to work on /home/airflow/.local/lib/python3.8/site-packages/airflow/example_dags/tutorial.py
[2024-04-01T23:10:01.889+0000] {processor.py:830} INFO - Processing file /home/airflow/.local/lib/python3.8/site-packages/airflow/example_dags/tutorial.py for tasks to queue
[2024-04-01T23:10:01.890+0000] {logging_mixin.py:188} INFO - [2024-04-01T23:10:01.890+0000] {dagbag.py:540} INFO - Filling up the DagBag from /home/airflow/.local/lib/python3.8/site-packages/airflow/example_dags/tutorial.py
[2024-04-01T23:10:01.895+0000] {processor.py:840} INFO - DAG(s) 'tutorial' retrieved from /home/airflow/.local/lib/python3.8/site-packages/airflow/example_dags/tutorial.py
[2024-04-01T23:10:01.915+0000] {logging_mixin.py:188} INFO - [2024-04-01T23:10:01.915+0000] {dag.py:3047} INFO - Sync 1 DAGs
[2024-04-01T23:10:01.938+0000] {logging_mixin.py:188} INFO - [2024-04-01T23:10:01.938+0000] {dag.py:3834} INFO - Setting next_dagrun for tutorial to 2024-03-31 00:00:00+00:00, run_after=2024-04-01 00:00:00+00:00
[2024-04-01T23:10:01.968+0000] {processor.py:183} INFO - Processing /home/airflow/.local/lib/python3.8/site-packages/airflow/example_dags/tutorial.py took 0.083 seconds
[2024-04-01T23:10:32.332+0000] {processor.py:161} INFO - Started process (PID=6878) to work on /home/airflow/.local/lib/python3.8/site-packages/airflow/example_dags/tutorial.py
[2024-04-01T23:10:32.333+0000] {processor.py:830} INFO - Processing file /home/airflow/.local/lib/python3.8/site-packages/airflow/example_dags/tutorial.py for tasks to queue
[2024-04-01T23:10:32.334+0000] {logging_mixin.py:188} INFO - [2024-04-01T23:10:32.334+0000] {dagbag.py:540} INFO - Filling up the DagBag from /home/airflow/.local/lib/python3.8/site-packages/airflow/example_dags/tutorial.py
[2024-04-01T23:10:32.340+0000] {processor.py:840} INFO - DAG(s) 'tutorial' retrieved from /home/airflow/.local/lib/python3.8/site-packages/airflow/example_dags/tutorial.py
[2024-04-01T23:10:32.361+0000] {logging_mixin.py:188} INFO - [2024-04-01T23:10:32.361+0000] {dag.py:3047} INFO - Sync 1 DAGs
[2024-04-01T23:10:32.383+0000] {logging_mixin.py:188} INFO - [2024-04-01T23:10:32.383+0000] {dag.py:3834} INFO - Setting next_dagrun for tutorial to 2024-03-31 00:00:00+00:00, run_after=2024-04-01 00:00:00+00:00
[2024-04-01T23:10:32.420+0000] {processor.py:183} INFO - Processing /home/airflow/.local/lib/python3.8/site-packages/airflow/example_dags/tutorial.py took 0.091 seconds
[2024-04-01T23:11:02.637+0000] {processor.py:161} INFO - Started process (PID=7127) to work on /home/airflow/.local/lib/python3.8/site-packages/airflow/example_dags/tutorial.py
[2024-04-01T23:11:02.638+0000] {processor.py:830} INFO - Processing file /home/airflow/.local/lib/python3.8/site-packages/airflow/example_dags/tutorial.py for tasks to queue
[2024-04-01T23:11:02.639+0000] {logging_mixin.py:188} INFO - [2024-04-01T23:11:02.638+0000] {dagbag.py:540} INFO - Filling up the DagBag from /home/airflow/.local/lib/python3.8/site-packages/airflow/example_dags/tutorial.py
[2024-04-01T23:11:02.644+0000] {processor.py:840} INFO - DAG(s) 'tutorial' retrieved from /home/airflow/.local/lib/python3.8/site-packages/airflow/example_dags/tutorial.py
[2024-04-01T23:11:02.663+0000] {logging_mixin.py:188} INFO - [2024-04-01T23:11:02.663+0000] {dag.py:3047} INFO - Sync 1 DAGs
[2024-04-01T23:11:02.685+0000] {logging_mixin.py:188} INFO - [2024-04-01T23:11:02.685+0000] {dag.py:3834} INFO - Setting next_dagrun for tutorial to 2024-03-31 00:00:00+00:00, run_after=2024-04-01 00:00:00+00:00
[2024-04-01T23:11:02.717+0000] {processor.py:183} INFO - Processing /home/airflow/.local/lib/python3.8/site-packages/airflow/example_dags/tutorial.py took 0.083 seconds
[2024-04-01T23:11:33.201+0000] {processor.py:161} INFO - Started process (PID=7374) to work on /home/airflow/.local/lib/python3.8/site-packages/airflow/example_dags/tutorial.py
[2024-04-01T23:11:33.202+0000] {processor.py:830} INFO - Processing file /home/airflow/.local/lib/python3.8/site-packages/airflow/example_dags/tutorial.py for tasks to queue
[2024-04-01T23:11:33.203+0000] {logging_mixin.py:188} INFO - [2024-04-01T23:11:33.202+0000] {dagbag.py:540} INFO - Filling up the DagBag from /home/airflow/.local/lib/python3.8/site-packages/airflow/example_dags/tutorial.py
[2024-04-01T23:11:33.208+0000] {processor.py:840} INFO - DAG(s) 'tutorial' retrieved from /home/airflow/.local/lib/python3.8/site-packages/airflow/example_dags/tutorial.py
[2024-04-01T23:11:33.228+0000] {logging_mixin.py:188} INFO - [2024-04-01T23:11:33.228+0000] {dag.py:3047} INFO - Sync 1 DAGs
[2024-04-01T23:11:33.251+0000] {logging_mixin.py:188} INFO - [2024-04-01T23:11:33.251+0000] {dag.py:3834} INFO - Setting next_dagrun for tutorial to 2024-03-31 00:00:00+00:00, run_after=2024-04-01 00:00:00+00:00
[2024-04-01T23:11:33.277+0000] {processor.py:183} INFO - Processing /home/airflow/.local/lib/python3.8/site-packages/airflow/example_dags/tutorial.py took 0.079 seconds
[2024-04-01T23:12:03.542+0000] {processor.py:161} INFO - Started process (PID=7619) to work on /home/airflow/.local/lib/python3.8/site-packages/airflow/example_dags/tutorial.py
[2024-04-01T23:12:03.543+0000] {processor.py:830} INFO - Processing file /home/airflow/.local/lib/python3.8/site-packages/airflow/example_dags/tutorial.py for tasks to queue
[2024-04-01T23:12:03.544+0000] {logging_mixin.py:188} INFO - [2024-04-01T23:12:03.544+0000] {dagbag.py:540} INFO - Filling up the DagBag from /home/airflow/.local/lib/python3.8/site-packages/airflow/example_dags/tutorial.py
[2024-04-01T23:12:03.550+0000] {processor.py:840} INFO - DAG(s) 'tutorial' retrieved from /home/airflow/.local/lib/python3.8/site-packages/airflow/example_dags/tutorial.py
[2024-04-01T23:12:03.568+0000] {logging_mixin.py:188} INFO - [2024-04-01T23:12:03.568+0000] {dag.py:3047} INFO - Sync 1 DAGs
[2024-04-01T23:12:03.591+0000] {logging_mixin.py:188} INFO - [2024-04-01T23:12:03.591+0000] {dag.py:3834} INFO - Setting next_dagrun for tutorial to 2024-03-31 00:00:00+00:00, run_after=2024-04-01 00:00:00+00:00
[2024-04-01T23:12:03.618+0000] {processor.py:183} INFO - Processing /home/airflow/.local/lib/python3.8/site-packages/airflow/example_dags/tutorial.py took 0.078 seconds
[2024-04-01T23:12:34.139+0000] {processor.py:161} INFO - Started process (PID=7866) to work on /home/airflow/.local/lib/python3.8/site-packages/airflow/example_dags/tutorial.py
[2024-04-01T23:12:34.140+0000] {processor.py:830} INFO - Processing file /home/airflow/.local/lib/python3.8/site-packages/airflow/example_dags/tutorial.py for tasks to queue
[2024-04-01T23:12:34.141+0000] {logging_mixin.py:188} INFO - [2024-04-01T23:12:34.141+0000] {dagbag.py:540} INFO - Filling up the DagBag from /home/airflow/.local/lib/python3.8/site-packages/airflow/example_dags/tutorial.py
[2024-04-01T23:12:34.147+0000] {processor.py:840} INFO - DAG(s) 'tutorial' retrieved from /home/airflow/.local/lib/python3.8/site-packages/airflow/example_dags/tutorial.py
[2024-04-01T23:12:34.167+0000] {logging_mixin.py:188} INFO - [2024-04-01T23:12:34.167+0000] {dag.py:3047} INFO - Sync 1 DAGs
[2024-04-01T23:12:34.190+0000] {logging_mixin.py:188} INFO - [2024-04-01T23:12:34.190+0000] {dag.py:3834} INFO - Setting next_dagrun for tutorial to 2024-03-31 00:00:00+00:00, run_after=2024-04-01 00:00:00+00:00
[2024-04-01T23:12:34.228+0000] {processor.py:183} INFO - Processing /home/airflow/.local/lib/python3.8/site-packages/airflow/example_dags/tutorial.py took 0.091 seconds
[2024-04-01T23:13:04.800+0000] {processor.py:161} INFO - Started process (PID=8114) to work on /home/airflow/.local/lib/python3.8/site-packages/airflow/example_dags/tutorial.py
[2024-04-01T23:13:04.801+0000] {processor.py:830} INFO - Processing file /home/airflow/.local/lib/python3.8/site-packages/airflow/example_dags/tutorial.py for tasks to queue
[2024-04-01T23:13:04.802+0000] {logging_mixin.py:188} INFO - [2024-04-01T23:13:04.802+0000] {dagbag.py:540} INFO - Filling up the DagBag from /home/airflow/.local/lib/python3.8/site-packages/airflow/example_dags/tutorial.py
[2024-04-01T23:13:04.809+0000] {processor.py:840} INFO - DAG(s) 'tutorial' retrieved from /home/airflow/.local/lib/python3.8/site-packages/airflow/example_dags/tutorial.py
[2024-04-01T23:13:04.831+0000] {logging_mixin.py:188} INFO - [2024-04-01T23:13:04.831+0000] {dag.py:3047} INFO - Sync 1 DAGs
[2024-04-01T23:13:04.856+0000] {logging_mixin.py:188} INFO - [2024-04-01T23:13:04.856+0000] {dag.py:3834} INFO - Setting next_dagrun for tutorial to 2024-03-31 00:00:00+00:00, run_after=2024-04-01 00:00:00+00:00
[2024-04-01T23:13:04.881+0000] {processor.py:183} INFO - Processing /home/airflow/.local/lib/python3.8/site-packages/airflow/example_dags/tutorial.py took 0.085 seconds
[2024-04-01T23:13:35.390+0000] {processor.py:161} INFO - Started process (PID=8363) to work on /home/airflow/.local/lib/python3.8/site-packages/airflow/example_dags/tutorial.py
[2024-04-01T23:13:35.392+0000] {processor.py:830} INFO - Processing file /home/airflow/.local/lib/python3.8/site-packages/airflow/example_dags/tutorial.py for tasks to queue
[2024-04-01T23:13:35.393+0000] {logging_mixin.py:188} INFO - [2024-04-01T23:13:35.393+0000] {dagbag.py:540} INFO - Filling up the DagBag from /home/airflow/.local/lib/python3.8/site-packages/airflow/example_dags/tutorial.py
[2024-04-01T23:13:35.403+0000] {processor.py:840} INFO - DAG(s) 'tutorial' retrieved from /home/airflow/.local/lib/python3.8/site-packages/airflow/example_dags/tutorial.py
[2024-04-01T23:13:35.431+0000] {logging_mixin.py:188} INFO - [2024-04-01T23:13:35.430+0000] {dag.py:3047} INFO - Sync 1 DAGs
[2024-04-01T23:13:35.456+0000] {logging_mixin.py:188} INFO - [2024-04-01T23:13:35.456+0000] {dag.py:3834} INFO - Setting next_dagrun for tutorial to 2024-03-31 00:00:00+00:00, run_after=2024-04-01 00:00:00+00:00
[2024-04-01T23:13:35.482+0000] {processor.py:183} INFO - Processing /home/airflow/.local/lib/python3.8/site-packages/airflow/example_dags/tutorial.py took 0.095 seconds
[2024-04-01T23:14:05.802+0000] {processor.py:161} INFO - Started process (PID=8611) to work on /home/airflow/.local/lib/python3.8/site-packages/airflow/example_dags/tutorial.py
[2024-04-01T23:14:05.804+0000] {processor.py:830} INFO - Processing file /home/airflow/.local/lib/python3.8/site-packages/airflow/example_dags/tutorial.py for tasks to queue
[2024-04-01T23:14:05.805+0000] {logging_mixin.py:188} INFO - [2024-04-01T23:14:05.804+0000] {dagbag.py:540} INFO - Filling up the DagBag from /home/airflow/.local/lib/python3.8/site-packages/airflow/example_dags/tutorial.py
[2024-04-01T23:14:05.810+0000] {processor.py:840} INFO - DAG(s) 'tutorial' retrieved from /home/airflow/.local/lib/python3.8/site-packages/airflow/example_dags/tutorial.py
[2024-04-01T23:14:05.831+0000] {logging_mixin.py:188} INFO - [2024-04-01T23:14:05.831+0000] {dag.py:3047} INFO - Sync 1 DAGs
[2024-04-01T23:14:05.855+0000] {logging_mixin.py:188} INFO - [2024-04-01T23:14:05.855+0000] {dag.py:3834} INFO - Setting next_dagrun for tutorial to 2024-03-31 00:00:00+00:00, run_after=2024-04-01 00:00:00+00:00
[2024-04-01T23:14:05.883+0000] {processor.py:183} INFO - Processing /home/airflow/.local/lib/python3.8/site-packages/airflow/example_dags/tutorial.py took 0.084 seconds
[2024-04-01T23:14:36.287+0000] {processor.py:161} INFO - Started process (PID=8856) to work on /home/airflow/.local/lib/python3.8/site-packages/airflow/example_dags/tutorial.py
[2024-04-01T23:14:36.288+0000] {processor.py:830} INFO - Processing file /home/airflow/.local/lib/python3.8/site-packages/airflow/example_dags/tutorial.py for tasks to queue
[2024-04-01T23:14:36.289+0000] {logging_mixin.py:188} INFO - [2024-04-01T23:14:36.289+0000] {dagbag.py:540} INFO - Filling up the DagBag from /home/airflow/.local/lib/python3.8/site-packages/airflow/example_dags/tutorial.py
[2024-04-01T23:14:36.295+0000] {processor.py:840} INFO - DAG(s) 'tutorial' retrieved from /home/airflow/.local/lib/python3.8/site-packages/airflow/example_dags/tutorial.py
[2024-04-01T23:14:36.319+0000] {logging_mixin.py:188} INFO - [2024-04-01T23:14:36.318+0000] {dag.py:3047} INFO - Sync 1 DAGs
[2024-04-01T23:14:36.343+0000] {logging_mixin.py:188} INFO - [2024-04-01T23:14:36.343+0000] {dag.py:3834} INFO - Setting next_dagrun for tutorial to 2024-03-31 00:00:00+00:00, run_after=2024-04-01 00:00:00+00:00
[2024-04-01T23:14:36.380+0000] {processor.py:183} INFO - Processing /home/airflow/.local/lib/python3.8/site-packages/airflow/example_dags/tutorial.py took 0.097 seconds
[2024-04-01T23:15:06.793+0000] {processor.py:161} INFO - Started process (PID=9105) to work on /home/airflow/.local/lib/python3.8/site-packages/airflow/example_dags/tutorial.py
[2024-04-01T23:15:06.794+0000] {processor.py:830} INFO - Processing file /home/airflow/.local/lib/python3.8/site-packages/airflow/example_dags/tutorial.py for tasks to queue
[2024-04-01T23:15:06.795+0000] {logging_mixin.py:188} INFO - [2024-04-01T23:15:06.795+0000] {dagbag.py:540} INFO - Filling up the DagBag from /home/airflow/.local/lib/python3.8/site-packages/airflow/example_dags/tutorial.py
[2024-04-01T23:15:06.801+0000] {processor.py:840} INFO - DAG(s) 'tutorial' retrieved from /home/airflow/.local/lib/python3.8/site-packages/airflow/example_dags/tutorial.py
[2024-04-01T23:15:06.825+0000] {logging_mixin.py:188} INFO - [2024-04-01T23:15:06.825+0000] {dag.py:3047} INFO - Sync 1 DAGs
[2024-04-01T23:15:06.846+0000] {logging_mixin.py:188} INFO - [2024-04-01T23:15:06.845+0000] {dag.py:3834} INFO - Setting next_dagrun for tutorial to 2024-03-31 00:00:00+00:00, run_after=2024-04-01 00:00:00+00:00
[2024-04-01T23:15:06.867+0000] {processor.py:183} INFO - Processing /home/airflow/.local/lib/python3.8/site-packages/airflow/example_dags/tutorial.py took 0.076 seconds
[2024-04-01T23:15:37.246+0000] {processor.py:161} INFO - Started process (PID=9358) to work on /home/airflow/.local/lib/python3.8/site-packages/airflow/example_dags/tutorial.py
[2024-04-01T23:15:37.247+0000] {processor.py:830} INFO - Processing file /home/airflow/.local/lib/python3.8/site-packages/airflow/example_dags/tutorial.py for tasks to queue
[2024-04-01T23:15:37.248+0000] {logging_mixin.py:188} INFO - [2024-04-01T23:15:37.248+0000] {dagbag.py:540} INFO - Filling up the DagBag from /home/airflow/.local/lib/python3.8/site-packages/airflow/example_dags/tutorial.py
[2024-04-01T23:15:37.254+0000] {processor.py:840} INFO - DAG(s) 'tutorial' retrieved from /home/airflow/.local/lib/python3.8/site-packages/airflow/example_dags/tutorial.py
[2024-04-01T23:15:37.274+0000] {logging_mixin.py:188} INFO - [2024-04-01T23:15:37.274+0000] {dag.py:3047} INFO - Sync 1 DAGs
[2024-04-01T23:15:37.297+0000] {logging_mixin.py:188} INFO - [2024-04-01T23:15:37.296+0000] {dag.py:3834} INFO - Setting next_dagrun for tutorial to 2024-03-31 00:00:00+00:00, run_after=2024-04-01 00:00:00+00:00
[2024-04-01T23:15:37.328+0000] {processor.py:183} INFO - Processing /home/airflow/.local/lib/python3.8/site-packages/airflow/example_dags/tutorial.py took 0.084 seconds
[2024-04-01T23:16:07.819+0000] {processor.py:161} INFO - Started process (PID=9605) to work on /home/airflow/.local/lib/python3.8/site-packages/airflow/example_dags/tutorial.py
[2024-04-01T23:16:07.821+0000] {processor.py:830} INFO - Processing file /home/airflow/.local/lib/python3.8/site-packages/airflow/example_dags/tutorial.py for tasks to queue
[2024-04-01T23:16:07.822+0000] {logging_mixin.py:188} INFO - [2024-04-01T23:16:07.822+0000] {dagbag.py:540} INFO - Filling up the DagBag from /home/airflow/.local/lib/python3.8/site-packages/airflow/example_dags/tutorial.py
[2024-04-01T23:16:07.828+0000] {processor.py:840} INFO - DAG(s) 'tutorial' retrieved from /home/airflow/.local/lib/python3.8/site-packages/airflow/example_dags/tutorial.py
[2024-04-01T23:16:07.851+0000] {logging_mixin.py:188} INFO - [2024-04-01T23:16:07.850+0000] {dag.py:3047} INFO - Sync 1 DAGs
[2024-04-01T23:16:07.874+0000] {logging_mixin.py:188} INFO - [2024-04-01T23:16:07.873+0000] {dag.py:3834} INFO - Setting next_dagrun for tutorial to 2024-03-31 00:00:00+00:00, run_after=2024-04-01 00:00:00+00:00
[2024-04-01T23:16:07.899+0000] {processor.py:183} INFO - Processing /home/airflow/.local/lib/python3.8/site-packages/airflow/example_dags/tutorial.py took 0.083 seconds
[2024-04-01T23:16:38.136+0000] {processor.py:161} INFO - Started process (PID=9850) to work on /home/airflow/.local/lib/python3.8/site-packages/airflow/example_dags/tutorial.py
[2024-04-01T23:16:38.137+0000] {processor.py:830} INFO - Processing file /home/airflow/.local/lib/python3.8/site-packages/airflow/example_dags/tutorial.py for tasks to queue
[2024-04-01T23:16:38.138+0000] {logging_mixin.py:188} INFO - [2024-04-01T23:16:38.138+0000] {dagbag.py:540} INFO - Filling up the DagBag from /home/airflow/.local/lib/python3.8/site-packages/airflow/example_dags/tutorial.py
[2024-04-01T23:16:38.144+0000] {processor.py:840} INFO - DAG(s) 'tutorial' retrieved from /home/airflow/.local/lib/python3.8/site-packages/airflow/example_dags/tutorial.py
[2024-04-01T23:16:38.165+0000] {logging_mixin.py:188} INFO - [2024-04-01T23:16:38.165+0000] {dag.py:3047} INFO - Sync 1 DAGs
[2024-04-01T23:16:38.188+0000] {logging_mixin.py:188} INFO - [2024-04-01T23:16:38.188+0000] {dag.py:3834} INFO - Setting next_dagrun for tutorial to 2024-03-31 00:00:00+00:00, run_after=2024-04-01 00:00:00+00:00
[2024-04-01T23:16:38.224+0000] {processor.py:183} INFO - Processing /home/airflow/.local/lib/python3.8/site-packages/airflow/example_dags/tutorial.py took 0.091 seconds
[2024-04-01T23:17:08.618+0000] {processor.py:161} INFO - Started process (PID=10097) to work on /home/airflow/.local/lib/python3.8/site-packages/airflow/example_dags/tutorial.py
[2024-04-01T23:17:08.619+0000] {processor.py:830} INFO - Processing file /home/airflow/.local/lib/python3.8/site-packages/airflow/example_dags/tutorial.py for tasks to queue
[2024-04-01T23:17:08.620+0000] {logging_mixin.py:188} INFO - [2024-04-01T23:17:08.620+0000] {dagbag.py:540} INFO - Filling up the DagBag from /home/airflow/.local/lib/python3.8/site-packages/airflow/example_dags/tutorial.py
[2024-04-01T23:17:08.625+0000] {processor.py:840} INFO - DAG(s) 'tutorial' retrieved from /home/airflow/.local/lib/python3.8/site-packages/airflow/example_dags/tutorial.py
[2024-04-01T23:17:08.644+0000] {logging_mixin.py:188} INFO - [2024-04-01T23:17:08.644+0000] {dag.py:3047} INFO - Sync 1 DAGs
[2024-04-01T23:17:08.667+0000] {logging_mixin.py:188} INFO - [2024-04-01T23:17:08.667+0000] {dag.py:3834} INFO - Setting next_dagrun for tutorial to 2024-03-31 00:00:00+00:00, run_after=2024-04-01 00:00:00+00:00
[2024-04-01T23:17:08.703+0000] {processor.py:183} INFO - Processing /home/airflow/.local/lib/python3.8/site-packages/airflow/example_dags/tutorial.py took 0.087 seconds
[2024-04-01T23:17:39.310+0000] {processor.py:161} INFO - Started process (PID=10346) to work on /home/airflow/.local/lib/python3.8/site-packages/airflow/example_dags/tutorial.py
[2024-04-01T23:17:39.311+0000] {processor.py:830} INFO - Processing file /home/airflow/.local/lib/python3.8/site-packages/airflow/example_dags/tutorial.py for tasks to queue
[2024-04-01T23:17:39.312+0000] {logging_mixin.py:188} INFO - [2024-04-01T23:17:39.312+0000] {dagbag.py:540} INFO - Filling up the DagBag from /home/airflow/.local/lib/python3.8/site-packages/airflow/example_dags/tutorial.py
[2024-04-01T23:17:39.318+0000] {processor.py:840} INFO - DAG(s) 'tutorial' retrieved from /home/airflow/.local/lib/python3.8/site-packages/airflow/example_dags/tutorial.py
[2024-04-01T23:17:39.340+0000] {logging_mixin.py:188} INFO - [2024-04-01T23:17:39.339+0000] {dag.py:3047} INFO - Sync 1 DAGs
[2024-04-01T23:17:39.363+0000] {logging_mixin.py:188} INFO - [2024-04-01T23:17:39.363+0000] {dag.py:3834} INFO - Setting next_dagrun for tutorial to 2024-03-31 00:00:00+00:00, run_after=2024-04-01 00:00:00+00:00
[2024-04-01T23:17:39.386+0000] {processor.py:183} INFO - Processing /home/airflow/.local/lib/python3.8/site-packages/airflow/example_dags/tutorial.py took 0.079 seconds
[2024-04-01T23:18:09.594+0000] {processor.py:161} INFO - Started process (PID=10593) to work on /home/airflow/.local/lib/python3.8/site-packages/airflow/example_dags/tutorial.py
[2024-04-01T23:18:09.595+0000] {processor.py:830} INFO - Processing file /home/airflow/.local/lib/python3.8/site-packages/airflow/example_dags/tutorial.py for tasks to queue
[2024-04-01T23:18:09.596+0000] {logging_mixin.py:188} INFO - [2024-04-01T23:18:09.596+0000] {dagbag.py:540} INFO - Filling up the DagBag from /home/airflow/.local/lib/python3.8/site-packages/airflow/example_dags/tutorial.py
[2024-04-01T23:18:09.601+0000] {processor.py:840} INFO - DAG(s) 'tutorial' retrieved from /home/airflow/.local/lib/python3.8/site-packages/airflow/example_dags/tutorial.py
[2024-04-01T23:18:09.622+0000] {logging_mixin.py:188} INFO - [2024-04-01T23:18:09.621+0000] {dag.py:3047} INFO - Sync 1 DAGs
[2024-04-01T23:18:09.645+0000] {logging_mixin.py:188} INFO - [2024-04-01T23:18:09.644+0000] {dag.py:3834} INFO - Setting next_dagrun for tutorial to 2024-03-31 00:00:00+00:00, run_after=2024-04-01 00:00:00+00:00
[2024-04-01T23:18:09.668+0000] {processor.py:183} INFO - Processing /home/airflow/.local/lib/python3.8/site-packages/airflow/example_dags/tutorial.py took 0.077 seconds
[2024-04-01T23:18:40.209+0000] {processor.py:161} INFO - Started process (PID=10840) to work on /home/airflow/.local/lib/python3.8/site-packages/airflow/example_dags/tutorial.py
[2024-04-01T23:18:40.210+0000] {processor.py:830} INFO - Processing file /home/airflow/.local/lib/python3.8/site-packages/airflow/example_dags/tutorial.py for tasks to queue
[2024-04-01T23:18:40.211+0000] {logging_mixin.py:188} INFO - [2024-04-01T23:18:40.211+0000] {dagbag.py:540} INFO - Filling up the DagBag from /home/airflow/.local/lib/python3.8/site-packages/airflow/example_dags/tutorial.py
[2024-04-01T23:18:40.217+0000] {processor.py:840} INFO - DAG(s) 'tutorial' retrieved from /home/airflow/.local/lib/python3.8/site-packages/airflow/example_dags/tutorial.py
[2024-04-01T23:18:40.240+0000] {logging_mixin.py:188} INFO - [2024-04-01T23:18:40.240+0000] {dag.py:3047} INFO - Sync 1 DAGs
[2024-04-01T23:18:40.263+0000] {logging_mixin.py:188} INFO - [2024-04-01T23:18:40.263+0000] {dag.py:3834} INFO - Setting next_dagrun for tutorial to 2024-03-31 00:00:00+00:00, run_after=2024-04-01 00:00:00+00:00
[2024-04-01T23:18:40.288+0000] {processor.py:183} INFO - Processing /home/airflow/.local/lib/python3.8/site-packages/airflow/example_dags/tutorial.py took 0.082 seconds
[2024-04-01T23:19:10.594+0000] {processor.py:161} INFO - Started process (PID=11085) to work on /home/airflow/.local/lib/python3.8/site-packages/airflow/example_dags/tutorial.py
[2024-04-01T23:19:10.595+0000] {processor.py:830} INFO - Processing file /home/airflow/.local/lib/python3.8/site-packages/airflow/example_dags/tutorial.py for tasks to queue
[2024-04-01T23:19:10.596+0000] {logging_mixin.py:188} INFO - [2024-04-01T23:19:10.596+0000] {dagbag.py:540} INFO - Filling up the DagBag from /home/airflow/.local/lib/python3.8/site-packages/airflow/example_dags/tutorial.py
[2024-04-01T23:19:10.602+0000] {processor.py:840} INFO - DAG(s) 'tutorial' retrieved from /home/airflow/.local/lib/python3.8/site-packages/airflow/example_dags/tutorial.py
[2024-04-01T23:19:10.622+0000] {logging_mixin.py:188} INFO - [2024-04-01T23:19:10.622+0000] {dag.py:3047} INFO - Sync 1 DAGs
[2024-04-01T23:19:10.646+0000] {logging_mixin.py:188} INFO - [2024-04-01T23:19:10.646+0000] {dag.py:3834} INFO - Setting next_dagrun for tutorial to 2024-03-31 00:00:00+00:00, run_after=2024-04-01 00:00:00+00:00
[2024-04-01T23:19:10.668+0000] {processor.py:183} INFO - Processing /home/airflow/.local/lib/python3.8/site-packages/airflow/example_dags/tutorial.py took 0.077 seconds
[2024-04-01T23:19:41.390+0000] {processor.py:161} INFO - Started process (PID=11334) to work on /home/airflow/.local/lib/python3.8/site-packages/airflow/example_dags/tutorial.py
[2024-04-01T23:19:41.391+0000] {processor.py:830} INFO - Processing file /home/airflow/.local/lib/python3.8/site-packages/airflow/example_dags/tutorial.py for tasks to queue
[2024-04-01T23:19:41.392+0000] {logging_mixin.py:188} INFO - [2024-04-01T23:19:41.391+0000] {dagbag.py:540} INFO - Filling up the DagBag from /home/airflow/.local/lib/python3.8/site-packages/airflow/example_dags/tutorial.py
[2024-04-01T23:19:41.399+0000] {processor.py:840} INFO - DAG(s) 'tutorial' retrieved from /home/airflow/.local/lib/python3.8/site-packages/airflow/example_dags/tutorial.py
[2024-04-01T23:19:41.421+0000] {logging_mixin.py:188} INFO - [2024-04-01T23:19:41.421+0000] {dag.py:3047} INFO - Sync 1 DAGs
[2024-04-01T23:19:41.445+0000] {logging_mixin.py:188} INFO - [2024-04-01T23:19:41.445+0000] {dag.py:3834} INFO - Setting next_dagrun for tutorial to 2024-03-31 00:00:00+00:00, run_after=2024-04-01 00:00:00+00:00
[2024-04-01T23:19:41.473+0000] {processor.py:183} INFO - Processing /home/airflow/.local/lib/python3.8/site-packages/airflow/example_dags/tutorial.py took 0.086 seconds
[2024-04-01T23:20:12.420+0000] {processor.py:161} INFO - Started process (PID=11581) to work on /home/airflow/.local/lib/python3.8/site-packages/airflow/example_dags/tutorial.py
[2024-04-01T23:20:12.421+0000] {processor.py:830} INFO - Processing file /home/airflow/.local/lib/python3.8/site-packages/airflow/example_dags/tutorial.py for tasks to queue
[2024-04-01T23:20:12.422+0000] {logging_mixin.py:188} INFO - [2024-04-01T23:20:12.422+0000] {dagbag.py:540} INFO - Filling up the DagBag from /home/airflow/.local/lib/python3.8/site-packages/airflow/example_dags/tutorial.py
[2024-04-01T23:20:12.428+0000] {processor.py:840} INFO - DAG(s) 'tutorial' retrieved from /home/airflow/.local/lib/python3.8/site-packages/airflow/example_dags/tutorial.py
[2024-04-01T23:20:12.448+0000] {logging_mixin.py:188} INFO - [2024-04-01T23:20:12.448+0000] {dag.py:3047} INFO - Sync 1 DAGs
[2024-04-01T23:20:12.471+0000] {logging_mixin.py:188} INFO - [2024-04-01T23:20:12.471+0000] {dag.py:3834} INFO - Setting next_dagrun for tutorial to 2024-03-31 00:00:00+00:00, run_after=2024-04-01 00:00:00+00:00
[2024-04-01T23:20:12.498+0000] {processor.py:183} INFO - Processing /home/airflow/.local/lib/python3.8/site-packages/airflow/example_dags/tutorial.py took 0.082 seconds
[2024-04-01T23:20:42.653+0000] {processor.py:161} INFO - Started process (PID=11828) to work on /home/airflow/.local/lib/python3.8/site-packages/airflow/example_dags/tutorial.py
[2024-04-01T23:20:42.654+0000] {processor.py:830} INFO - Processing file /home/airflow/.local/lib/python3.8/site-packages/airflow/example_dags/tutorial.py for tasks to queue
[2024-04-01T23:20:42.655+0000] {logging_mixin.py:188} INFO - [2024-04-01T23:20:42.655+0000] {dagbag.py:540} INFO - Filling up the DagBag from /home/airflow/.local/lib/python3.8/site-packages/airflow/example_dags/tutorial.py
[2024-04-01T23:20:42.661+0000] {processor.py:840} INFO - DAG(s) 'tutorial' retrieved from /home/airflow/.local/lib/python3.8/site-packages/airflow/example_dags/tutorial.py
[2024-04-01T23:20:42.682+0000] {logging_mixin.py:188} INFO - [2024-04-01T23:20:42.681+0000] {dag.py:3047} INFO - Sync 1 DAGs
[2024-04-01T23:20:42.705+0000] {logging_mixin.py:188} INFO - [2024-04-01T23:20:42.705+0000] {dag.py:3834} INFO - Setting next_dagrun for tutorial to 2024-03-31 00:00:00+00:00, run_after=2024-04-01 00:00:00+00:00
[2024-04-01T23:20:42.733+0000] {processor.py:183} INFO - Processing /home/airflow/.local/lib/python3.8/site-packages/airflow/example_dags/tutorial.py took 0.083 seconds
