[2024-04-03T04:11:30.409+0000] {logging_mixin.py:188} INFO - Changing /opt/***/logs/dag_id=dag_postgres_operator_v3/run_id=scheduled__2024-04-02T00:00:00+00:00/task_id=insert_into_table permission to 509
[2024-04-03T04:11:30.411+0000] {logging_mixin.py:188} INFO - Changing /opt/***/logs/dag_id=dag_postgres_operator_v3/run_id=scheduled__2024-04-02T00:00:00+00:00 permission to 509
[2024-04-03T04:11:30.413+0000] {logging_mixin.py:188} INFO - Changing /opt/***/logs/dag_id=dag_postgres_operator_v3 permission to 509
[2024-04-03T04:11:30.414+0000] {logging_mixin.py:188} INFO - Changing /opt/***/logs permission to 509
[2024-04-03T04:11:30.439+0000] {logging_mixin.py:188} INFO - Changing /opt/***/logs/dag_id=dag_postgres_operator_v3/run_id=scheduled__2024-04-02T00:00:00+00:00/task_id=insert_into_table permission to 509
[2024-04-03T04:11:30.442+0000] {logging_mixin.py:188} INFO - Changing /opt/***/logs/dag_id=dag_postgres_operator_v3/run_id=scheduled__2024-04-02T00:00:00+00:00 permission to 509
[2024-04-03T04:11:30.443+0000] {logging_mixin.py:188} INFO - Changing /opt/***/logs/dag_id=dag_postgres_operator_v3 permission to 509
[2024-04-03T04:11:30.445+0000] {logging_mixin.py:188} INFO - Changing /opt/***/logs permission to 509
[2024-04-03T04:11:30.483+0000] {taskinstance.py:1979} INFO - Dependencies all met for dep_context=non-requeueable deps ti=<TaskInstance: dag_postgres_operator_v3.insert_into_table scheduled__2024-04-02T00:00:00+00:00 [queued]>
[2024-04-03T04:11:30.493+0000] {taskinstance.py:1979} INFO - Dependencies all met for dep_context=requeueable deps ti=<TaskInstance: dag_postgres_operator_v3.insert_into_table scheduled__2024-04-02T00:00:00+00:00 [queued]>
[2024-04-03T04:11:30.494+0000] {taskinstance.py:2193} INFO - Starting attempt 1 of 6
[2024-04-03T04:11:30.510+0000] {taskinstance.py:2217} INFO - Executing <Task(PostgresOperator): insert_into_table> on 2024-04-02 00:00:00+00:00
[2024-04-03T04:11:30.514+0000] {standard_task_runner.py:60} INFO - Started process 9018 to run task
[2024-04-03T04:11:30.516+0000] {standard_task_runner.py:87} INFO - Running: ['***', 'tasks', 'run', 'dag_postgres_operator_v3', 'insert_into_table', 'scheduled__2024-04-02T00:00:00+00:00', '--job-id', '251', '--raw', '--subdir', 'DAGS_FOLDER/dag_with_postgres.py', '--cfg-path', '/tmp/tmppwlvzeio']
[2024-04-03T04:11:30.518+0000] {standard_task_runner.py:88} INFO - Job 251: Subtask insert_into_table
[2024-04-03T04:11:30.567+0000] {logging_mixin.py:188} INFO - Changing /opt/***/logs/dag_id=dag_postgres_operator_v3/run_id=scheduled__2024-04-02T00:00:00+00:00/task_id=insert_into_table permission to 509
[2024-04-03T04:11:30.569+0000] {logging_mixin.py:188} INFO - Changing /opt/***/logs/dag_id=dag_postgres_operator_v3/run_id=scheduled__2024-04-02T00:00:00+00:00 permission to 509
[2024-04-03T04:11:30.572+0000] {logging_mixin.py:188} INFO - Changing /opt/***/logs/dag_id=dag_postgres_operator_v3 permission to 509
[2024-04-03T04:11:30.576+0000] {logging_mixin.py:188} INFO - Changing /opt/***/logs permission to 509
[2024-04-03T04:11:30.579+0000] {task_command.py:423} INFO - Running <TaskInstance: dag_postgres_operator_v3.insert_into_table scheduled__2024-04-02T00:00:00+00:00 [running]> on host 46dc445f2ec8
[2024-04-03T04:11:30.659+0000] {taskinstance.py:2513} INFO - Exporting env vars: AIRFLOW_CTX_DAG_OWNER='coder2j' AIRFLOW_CTX_DAG_ID='dag_postgres_operator_v3' AIRFLOW_CTX_TASK_ID='insert_into_table' AIRFLOW_CTX_EXECUTION_DATE='2024-04-02T00:00:00+00:00' AIRFLOW_CTX_TRY_NUMBER='1' AIRFLOW_CTX_DAG_RUN_ID='scheduled__2024-04-02T00:00:00+00:00'
[2024-04-03T04:11:30.661+0000] {sql.py:276} INFO - Executing: insert into dag_runs values ( '2024-04-02', 'dag_postgres_operator_v3');
[2024-04-03T04:11:30.669+0000] {base.py:83} INFO - Using connection ID 'postgres_localhost' for task execution.
[2024-04-03T04:11:30.679+0000] {base.py:83} INFO - Using connection ID 'postgres_localhost' for task execution.
[2024-04-03T04:11:30.689+0000] {sql.py:457} INFO - Running statement: insert into dag_runs values ( '2024-04-02', 'dag_postgres_operator_v3');, parameters: None
[2024-04-03T04:11:30.693+0000] {sql.py:466} INFO - Rows affected: 1
[2024-04-03T04:11:30.700+0000] {logging_mixin.py:188} WARNING - /home/***/.local/lib/python3.8/site-packages/***/providers/common/sql/hooks/sql.py:407 AirflowProviderDeprecationWarning: Call to deprecated method _make_common_data_structure. (The `_make_serializable` method is deprecated and support will be removed in a future version of the common.sql provider. Please update the DbApiHook's provider to a version based on common.sql >= 1.9.1.)
[2024-04-03T04:11:30.710+0000] {taskinstance.py:1149} INFO - Marking task as SUCCESS. dag_id=dag_postgres_operator_v3, task_id=insert_into_table, execution_date=20240402T000000, start_date=20240403T041130, end_date=20240403T041130
[2024-04-03T04:11:30.731+0000] {local_task_job_runner.py:234} INFO - Task exited with return code 0
[2024-04-03T04:11:30.746+0000] {taskinstance.py:3312} INFO - 0 downstream tasks scheduled from follow-on schedule check
