[2024-04-02T00:28:34.442+0000] {logging_mixin.py:188} INFO - Changing /opt/***/logs/dag_id=dag_python_operator_v6/run_id=scheduled__2024-03-31T00:00:00+00:00/task_id=task1 permission to 509
[2024-04-02T00:28:34.445+0000] {logging_mixin.py:188} INFO - Changing /opt/***/logs/dag_id=dag_python_operator_v6/run_id=scheduled__2024-03-31T00:00:00+00:00 permission to 509
[2024-04-02T00:28:34.446+0000] {logging_mixin.py:188} INFO - Changing /opt/***/logs/dag_id=dag_python_operator_v6 permission to 509
[2024-04-02T00:28:34.447+0000] {logging_mixin.py:188} INFO - Changing /opt/***/logs permission to 509
[2024-04-02T00:28:34.488+0000] {logging_mixin.py:188} INFO - Changing /opt/***/logs/dag_id=dag_python_operator_v6/run_id=scheduled__2024-03-31T00:00:00+00:00/task_id=task1 permission to 509
[2024-04-02T00:28:34.491+0000] {logging_mixin.py:188} INFO - Changing /opt/***/logs/dag_id=dag_python_operator_v6/run_id=scheduled__2024-03-31T00:00:00+00:00 permission to 509
[2024-04-02T00:28:34.494+0000] {logging_mixin.py:188} INFO - Changing /opt/***/logs/dag_id=dag_python_operator_v6 permission to 509
[2024-04-02T00:28:34.496+0000] {logging_mixin.py:188} INFO - Changing /opt/***/logs permission to 509
[2024-04-02T00:28:34.540+0000] {taskinstance.py:1979} INFO - Dependencies all met for dep_context=non-requeueable deps ti=<TaskInstance: dag_python_operator_v6.task1 scheduled__2024-03-31T00:00:00+00:00 [queued]>
[2024-04-02T00:28:34.551+0000] {taskinstance.py:1979} INFO - Dependencies all met for dep_context=requeueable deps ti=<TaskInstance: dag_python_operator_v6.task1 scheduled__2024-03-31T00:00:00+00:00 [queued]>
[2024-04-02T00:28:34.552+0000] {taskinstance.py:2193} INFO - Starting attempt 1 of 6
[2024-04-02T00:28:34.568+0000] {taskinstance.py:2217} INFO - Executing <Task(PythonOperator): task1> on 2024-03-31 00:00:00+00:00
[2024-04-02T00:28:34.573+0000] {standard_task_runner.py:60} INFO - Started process 2662 to run task
[2024-04-02T00:28:34.576+0000] {standard_task_runner.py:87} INFO - Running: ['***', 'tasks', 'run', 'dag_python_operator_v6', 'task1', 'scheduled__2024-03-31T00:00:00+00:00', '--job-id', '152', '--raw', '--subdir', 'DAGS_FOLDER/create_dag_with_python_operator.py', '--cfg-path', '/tmp/tmpkcvzt2pw']
[2024-04-02T00:28:34.579+0000] {standard_task_runner.py:88} INFO - Job 152: Subtask task1
[2024-04-02T00:28:34.633+0000] {logging_mixin.py:188} INFO - Changing /opt/***/logs/dag_id=dag_python_operator_v6/run_id=scheduled__2024-03-31T00:00:00+00:00/task_id=task1 permission to 509
[2024-04-02T00:28:34.637+0000] {logging_mixin.py:188} INFO - Changing /opt/***/logs/dag_id=dag_python_operator_v6/run_id=scheduled__2024-03-31T00:00:00+00:00 permission to 509
[2024-04-02T00:28:34.641+0000] {logging_mixin.py:188} INFO - Changing /opt/***/logs/dag_id=dag_python_operator_v6 permission to 509
[2024-04-02T00:28:34.642+0000] {logging_mixin.py:188} INFO - Changing /opt/***/logs permission to 509
[2024-04-02T00:28:34.645+0000] {task_command.py:423} INFO - Running <TaskInstance: dag_python_operator_v6.task1 scheduled__2024-03-31T00:00:00+00:00 [running]> on host 46dc445f2ec8
[2024-04-02T00:28:34.726+0000] {taskinstance.py:2513} INFO - Exporting env vars: AIRFLOW_CTX_DAG_OWNER='coder2j' AIRFLOW_CTX_DAG_ID='dag_python_operator_v6' AIRFLOW_CTX_TASK_ID='task1' AIRFLOW_CTX_EXECUTION_DATE='2024-03-31T00:00:00+00:00' AIRFLOW_CTX_TRY_NUMBER='1' AIRFLOW_CTX_DAG_RUN_ID='scheduled__2024-03-31T00:00:00+00:00'
[2024-04-02T00:28:34.753+0000] {logging_mixin.py:188} INFO - Hello, World! My name is None None, and I am None years old.
[2024-04-02T00:28:34.754+0000] {python.py:202} INFO - Done. Returned value was: None
[2024-04-02T00:28:34.764+0000] {taskinstance.py:1149} INFO - Marking task as SUCCESS. dag_id=dag_python_operator_v6, task_id=task1, execution_date=20240331T000000, start_date=20240402T002834, end_date=20240402T002834
[2024-04-02T00:28:34.790+0000] {local_task_job_runner.py:234} INFO - Task exited with return code 0
[2024-04-02T00:28:34.808+0000] {taskinstance.py:3312} INFO - 0 downstream tasks scheduled from follow-on schedule check
