[2024-04-02T00:30:53.186+0000] {logging_mixin.py:188} INFO - Changing /opt/***/logs/dag_id=dag_python_operator_v6/run_id=scheduled__2024-03-31T00:00:00+00:00/task_id=task1 permission to 509
[2024-04-02T00:30:53.188+0000] {logging_mixin.py:188} INFO - Changing /opt/***/logs/dag_id=dag_python_operator_v6/run_id=scheduled__2024-03-31T00:00:00+00:00 permission to 509
[2024-04-02T00:30:53.189+0000] {logging_mixin.py:188} INFO - Changing /opt/***/logs/dag_id=dag_python_operator_v6 permission to 509
[2024-04-02T00:30:53.190+0000] {logging_mixin.py:188} INFO - Changing /opt/***/logs permission to 509
[2024-04-02T00:30:53.220+0000] {logging_mixin.py:188} INFO - Changing /opt/***/logs/dag_id=dag_python_operator_v6/run_id=scheduled__2024-03-31T00:00:00+00:00/task_id=task1 permission to 509
[2024-04-02T00:30:53.223+0000] {logging_mixin.py:188} INFO - Changing /opt/***/logs/dag_id=dag_python_operator_v6/run_id=scheduled__2024-03-31T00:00:00+00:00 permission to 509
[2024-04-02T00:30:53.226+0000] {logging_mixin.py:188} INFO - Changing /opt/***/logs/dag_id=dag_python_operator_v6 permission to 509
[2024-04-02T00:30:53.228+0000] {logging_mixin.py:188} INFO - Changing /opt/***/logs permission to 509
[2024-04-02T00:30:53.268+0000] {taskinstance.py:1979} INFO - Dependencies all met for dep_context=non-requeueable deps ti=<TaskInstance: dag_python_operator_v6.task1 scheduled__2024-03-31T00:00:00+00:00 [queued]>
[2024-04-02T00:30:53.278+0000] {taskinstance.py:1979} INFO - Dependencies all met for dep_context=requeueable deps ti=<TaskInstance: dag_python_operator_v6.task1 scheduled__2024-03-31T00:00:00+00:00 [queued]>
[2024-04-02T00:30:53.279+0000] {taskinstance.py:2193} INFO - Starting attempt 2 of 7
[2024-04-02T00:30:53.295+0000] {taskinstance.py:2217} INFO - Executing <Task(PythonOperator): task1> on 2024-03-31 00:00:00+00:00
[2024-04-02T00:30:53.299+0000] {standard_task_runner.py:60} INFO - Started process 2769 to run task
[2024-04-02T00:30:53.302+0000] {standard_task_runner.py:87} INFO - Running: ['***', 'tasks', 'run', 'dag_python_operator_v6', 'task1', 'scheduled__2024-03-31T00:00:00+00:00', '--job-id', '157', '--raw', '--subdir', 'DAGS_FOLDER/create_dag_with_python_operator.py', '--cfg-path', '/tmp/tmp58013xva']
[2024-04-02T00:30:53.305+0000] {standard_task_runner.py:88} INFO - Job 157: Subtask task1
[2024-04-02T00:30:53.358+0000] {logging_mixin.py:188} INFO - Changing /opt/***/logs/dag_id=dag_python_operator_v6/run_id=scheduled__2024-03-31T00:00:00+00:00/task_id=task1 permission to 509
[2024-04-02T00:30:53.361+0000] {logging_mixin.py:188} INFO - Changing /opt/***/logs/dag_id=dag_python_operator_v6/run_id=scheduled__2024-03-31T00:00:00+00:00 permission to 509
[2024-04-02T00:30:53.364+0000] {logging_mixin.py:188} INFO - Changing /opt/***/logs/dag_id=dag_python_operator_v6 permission to 509
[2024-04-02T00:30:53.366+0000] {logging_mixin.py:188} INFO - Changing /opt/***/logs permission to 509
[2024-04-02T00:30:53.369+0000] {task_command.py:423} INFO - Running <TaskInstance: dag_python_operator_v6.task1 scheduled__2024-03-31T00:00:00+00:00 [running]> on host 46dc445f2ec8
[2024-04-02T00:30:53.449+0000] {taskinstance.py:2513} INFO - Exporting env vars: AIRFLOW_CTX_DAG_OWNER='coder2j' AIRFLOW_CTX_DAG_ID='dag_python_operator_v6' AIRFLOW_CTX_TASK_ID='task1' AIRFLOW_CTX_EXECUTION_DATE='2024-03-31T00:00:00+00:00' AIRFLOW_CTX_TRY_NUMBER='2' AIRFLOW_CTX_DAG_RUN_ID='scheduled__2024-03-31T00:00:00+00:00'
[2024-04-02T00:30:53.479+0000] {logging_mixin.py:188} INFO - Hello, World! My name is None None, and I am None years old.
[2024-04-02T00:30:53.479+0000] {python.py:202} INFO - Done. Returned value was: None
[2024-04-02T00:30:53.488+0000] {taskinstance.py:1149} INFO - Marking task as SUCCESS. dag_id=dag_python_operator_v6, task_id=task1, execution_date=20240331T000000, start_date=20240402T003053, end_date=20240402T003053
[2024-04-02T00:30:53.515+0000] {local_task_job_runner.py:234} INFO - Task exited with return code 0
[2024-04-02T00:30:53.532+0000] {taskinstance.py:3312} INFO - 0 downstream tasks scheduled from follow-on schedule check
