[2024-04-03T02:11:36.840+0000] {logging_mixin.py:188} INFO - Changing /opt/***/logs/dag_id=dag_with_cron_expression_v4/run_id=scheduled__2024-04-02T08:12:00+00:00/task_id=task1 permission to 509
[2024-04-03T02:11:36.843+0000] {logging_mixin.py:188} INFO - Changing /opt/***/logs/dag_id=dag_with_cron_expression_v4/run_id=scheduled__2024-04-02T08:12:00+00:00 permission to 509
[2024-04-03T02:11:36.845+0000] {logging_mixin.py:188} INFO - Changing /opt/***/logs/dag_id=dag_with_cron_expression_v4 permission to 509
[2024-04-03T02:11:36.846+0000] {logging_mixin.py:188} INFO - Changing /opt/***/logs permission to 509
[2024-04-03T02:11:36.884+0000] {logging_mixin.py:188} INFO - Changing /opt/***/logs/dag_id=dag_with_cron_expression_v4/run_id=scheduled__2024-04-02T08:12:00+00:00/task_id=task1 permission to 509
[2024-04-03T02:11:36.887+0000] {logging_mixin.py:188} INFO - Changing /opt/***/logs/dag_id=dag_with_cron_expression_v4/run_id=scheduled__2024-04-02T08:12:00+00:00 permission to 509
[2024-04-03T02:11:36.888+0000] {logging_mixin.py:188} INFO - Changing /opt/***/logs/dag_id=dag_with_cron_expression_v4 permission to 509
[2024-04-03T02:11:36.890+0000] {logging_mixin.py:188} INFO - Changing /opt/***/logs permission to 509
[2024-04-03T02:11:36.938+0000] {taskinstance.py:1979} INFO - Dependencies all met for dep_context=non-requeueable deps ti=<TaskInstance: dag_with_cron_expression_v4.task1 scheduled__2024-04-02T08:12:00+00:00 [queued]>
[2024-04-03T02:11:36.950+0000] {taskinstance.py:1979} INFO - Dependencies all met for dep_context=requeueable deps ti=<TaskInstance: dag_with_cron_expression_v4.task1 scheduled__2024-04-02T08:12:00+00:00 [queued]>
[2024-04-03T02:11:36.951+0000] {taskinstance.py:2193} INFO - Starting attempt 1 of 6
[2024-04-03T02:11:36.973+0000] {taskinstance.py:2217} INFO - Executing <Task(BashOperator): task1> on 2024-04-02 08:12:00+00:00
[2024-04-03T02:11:36.977+0000] {standard_task_runner.py:60} INFO - Started process 1213 to run task
[2024-04-03T02:11:36.981+0000] {standard_task_runner.py:87} INFO - Running: ['***', 'tasks', 'run', 'dag_with_cron_expression_v4', 'task1', 'scheduled__2024-04-02T08:12:00+00:00', '--job-id', '220', '--raw', '--subdir', 'DAGS_FOLDER/dag_with_cron.py', '--cfg-path', '/tmp/tmp0xxr8ncm']
[2024-04-03T02:11:36.983+0000] {standard_task_runner.py:88} INFO - Job 220: Subtask task1
[2024-04-03T02:11:37.035+0000] {logging_mixin.py:188} INFO - Changing /opt/***/logs/dag_id=dag_with_cron_expression_v4/run_id=scheduled__2024-04-02T08:12:00+00:00/task_id=task1 permission to 509
[2024-04-03T02:11:37.037+0000] {logging_mixin.py:188} INFO - Changing /opt/***/logs/dag_id=dag_with_cron_expression_v4/run_id=scheduled__2024-04-02T08:12:00+00:00 permission to 509
[2024-04-03T02:11:37.039+0000] {logging_mixin.py:188} INFO - Changing /opt/***/logs/dag_id=dag_with_cron_expression_v4 permission to 509
[2024-04-03T02:11:37.040+0000] {logging_mixin.py:188} INFO - Changing /opt/***/logs permission to 509
[2024-04-03T02:11:37.043+0000] {task_command.py:423} INFO - Running <TaskInstance: dag_with_cron_expression_v4.task1 scheduled__2024-04-02T08:12:00+00:00 [running]> on host 46dc445f2ec8
[2024-04-03T02:11:37.123+0000] {taskinstance.py:2513} INFO - Exporting env vars: AIRFLOW_CTX_DAG_OWNER='coder2j' AIRFLOW_CTX_DAG_ID='dag_with_cron_expression_v4' AIRFLOW_CTX_TASK_ID='task1' AIRFLOW_CTX_EXECUTION_DATE='2024-04-02T08:12:00+00:00' AIRFLOW_CTX_TRY_NUMBER='1' AIRFLOW_CTX_DAG_RUN_ID='scheduled__2024-04-02T08:12:00+00:00'
[2024-04-03T02:11:37.124+0000] {subprocess.py:63} INFO - Tmp dir root location: /tmp
[2024-04-03T02:11:37.125+0000] {subprocess.py:75} INFO - Running command: ['/usr/bin/bash', '-c', 'echo dag with cron expression!']
[2024-04-03T02:11:37.131+0000] {subprocess.py:86} INFO - Output:
[2024-04-03T02:11:37.132+0000] {subprocess.py:93} INFO - dag with cron expression!
[2024-04-03T02:11:37.133+0000] {subprocess.py:97} INFO - Command exited with return code 0
[2024-04-03T02:11:37.157+0000] {taskinstance.py:1149} INFO - Marking task as SUCCESS. dag_id=dag_with_cron_expression_v4, task_id=task1, execution_date=20240402T081200, start_date=20240403T021136, end_date=20240403T021137
[2024-04-03T02:11:37.194+0000] {local_task_job_runner.py:234} INFO - Task exited with return code 0
[2024-04-03T02:11:37.219+0000] {taskinstance.py:3312} INFO - 0 downstream tasks scheduled from follow-on schedule check
