[2024-04-03T02:10:40.090+0000] {logging_mixin.py:188} INFO - Changing /opt/***/logs/dag_id=dag_with_cron_expression_v3/run_id=scheduled__2024-04-02T01:12:00+00:00/task_id=task1 permission to 509
[2024-04-03T02:10:40.093+0000] {logging_mixin.py:188} INFO - Changing /opt/***/logs/dag_id=dag_with_cron_expression_v3/run_id=scheduled__2024-04-02T01:12:00+00:00 permission to 509
[2024-04-03T02:10:40.095+0000] {logging_mixin.py:188} INFO - Changing /opt/***/logs/dag_id=dag_with_cron_expression_v3 permission to 509
[2024-04-03T02:10:40.097+0000] {logging_mixin.py:188} INFO - Changing /opt/***/logs permission to 509
[2024-04-03T02:10:40.132+0000] {logging_mixin.py:188} INFO - Changing /opt/***/logs/dag_id=dag_with_cron_expression_v3/run_id=scheduled__2024-04-02T01:12:00+00:00/task_id=task1 permission to 509
[2024-04-03T02:10:40.133+0000] {logging_mixin.py:188} INFO - Changing /opt/***/logs/dag_id=dag_with_cron_expression_v3/run_id=scheduled__2024-04-02T01:12:00+00:00 permission to 509
[2024-04-03T02:10:40.135+0000] {logging_mixin.py:188} INFO - Changing /opt/***/logs/dag_id=dag_with_cron_expression_v3 permission to 509
[2024-04-03T02:10:40.137+0000] {logging_mixin.py:188} INFO - Changing /opt/***/logs permission to 509
[2024-04-03T02:10:40.196+0000] {taskinstance.py:1979} INFO - Dependencies all met for dep_context=non-requeueable deps ti=<TaskInstance: dag_with_cron_expression_v3.task1 scheduled__2024-04-02T01:12:00+00:00 [queued]>
[2024-04-03T02:10:40.212+0000] {taskinstance.py:1979} INFO - Dependencies all met for dep_context=requeueable deps ti=<TaskInstance: dag_with_cron_expression_v3.task1 scheduled__2024-04-02T01:12:00+00:00 [queued]>
[2024-04-03T02:10:40.213+0000] {taskinstance.py:2193} INFO - Starting attempt 1 of 6
[2024-04-03T02:10:40.237+0000] {taskinstance.py:2217} INFO - Executing <Task(BashOperator): task1> on 2024-04-02 01:12:00+00:00
[2024-04-03T02:10:40.242+0000] {standard_task_runner.py:60} INFO - Started process 1077 to run task
[2024-04-03T02:10:40.247+0000] {standard_task_runner.py:87} INFO - Running: ['***', 'tasks', 'run', 'dag_with_cron_expression_v3', 'task1', 'scheduled__2024-04-02T01:12:00+00:00', '--job-id', '197', '--raw', '--subdir', 'DAGS_FOLDER/dag_with_cron.py', '--cfg-path', '/tmp/tmpyu2h1cbr']
[2024-04-03T02:10:40.249+0000] {standard_task_runner.py:88} INFO - Job 197: Subtask task1
[2024-04-03T02:10:40.327+0000] {logging_mixin.py:188} INFO - Changing /opt/***/logs/dag_id=dag_with_cron_expression_v3/run_id=scheduled__2024-04-02T01:12:00+00:00/task_id=task1 permission to 509
[2024-04-03T02:10:40.329+0000] {logging_mixin.py:188} INFO - Changing /opt/***/logs/dag_id=dag_with_cron_expression_v3/run_id=scheduled__2024-04-02T01:12:00+00:00 permission to 509
[2024-04-03T02:10:40.331+0000] {logging_mixin.py:188} INFO - Changing /opt/***/logs/dag_id=dag_with_cron_expression_v3 permission to 509
[2024-04-03T02:10:40.336+0000] {logging_mixin.py:188} INFO - Changing /opt/***/logs permission to 509
[2024-04-03T02:10:40.340+0000] {task_command.py:423} INFO - Running <TaskInstance: dag_with_cron_expression_v3.task1 scheduled__2024-04-02T01:12:00+00:00 [running]> on host 46dc445f2ec8
[2024-04-03T02:10:40.482+0000] {taskinstance.py:2513} INFO - Exporting env vars: AIRFLOW_CTX_DAG_OWNER='coder2j' AIRFLOW_CTX_DAG_ID='dag_with_cron_expression_v3' AIRFLOW_CTX_TASK_ID='task1' AIRFLOW_CTX_EXECUTION_DATE='2024-04-02T01:12:00+00:00' AIRFLOW_CTX_TRY_NUMBER='1' AIRFLOW_CTX_DAG_RUN_ID='scheduled__2024-04-02T01:12:00+00:00'
[2024-04-03T02:10:40.484+0000] {subprocess.py:63} INFO - Tmp dir root location: /tmp
[2024-04-03T02:10:40.485+0000] {subprocess.py:75} INFO - Running command: ['/usr/bin/bash', '-c', 'echo dag with cron expression!']
[2024-04-03T02:10:40.498+0000] {subprocess.py:86} INFO - Output:
[2024-04-03T02:10:40.502+0000] {subprocess.py:93} INFO - dag with cron expression!
[2024-04-03T02:10:40.503+0000] {subprocess.py:97} INFO - Command exited with return code 0
[2024-04-03T02:10:40.537+0000] {taskinstance.py:1149} INFO - Marking task as SUCCESS. dag_id=dag_with_cron_expression_v3, task_id=task1, execution_date=20240402T011200, start_date=20240403T021040, end_date=20240403T021040
[2024-04-03T02:10:40.581+0000] {local_task_job_runner.py:234} INFO - Task exited with return code 0
[2024-04-03T02:10:40.707+0000] {taskinstance.py:3312} INFO - 0 downstream tasks scheduled from follow-on schedule check
