[2024-04-03T02:02:58.632+0000] {logging_mixin.py:188} INFO - Changing /opt/***/logs/dag_id=dag_with_cron_expression_v2/run_id=scheduled__2024-04-02T00:00:00+00:00/task_id=task1 permission to 509
[2024-04-03T02:02:58.638+0000] {logging_mixin.py:188} INFO - Changing /opt/***/logs/dag_id=dag_with_cron_expression_v2/run_id=scheduled__2024-04-02T00:00:00+00:00 permission to 509
[2024-04-03T02:02:58.641+0000] {logging_mixin.py:188} INFO - Changing /opt/***/logs/dag_id=dag_with_cron_expression_v2 permission to 509
[2024-04-03T02:02:58.644+0000] {logging_mixin.py:188} INFO - Changing /opt/***/logs permission to 509
[2024-04-03T02:02:58.691+0000] {logging_mixin.py:188} INFO - Changing /opt/***/logs/dag_id=dag_with_cron_expression_v2/run_id=scheduled__2024-04-02T00:00:00+00:00/task_id=task1 permission to 509
[2024-04-03T02:02:58.696+0000] {logging_mixin.py:188} INFO - Changing /opt/***/logs/dag_id=dag_with_cron_expression_v2/run_id=scheduled__2024-04-02T00:00:00+00:00 permission to 509
[2024-04-03T02:02:58.698+0000] {logging_mixin.py:188} INFO - Changing /opt/***/logs/dag_id=dag_with_cron_expression_v2 permission to 509
[2024-04-03T02:02:58.700+0000] {logging_mixin.py:188} INFO - Changing /opt/***/logs permission to 509
[2024-04-03T02:02:58.736+0000] {taskinstance.py:1979} INFO - Dependencies all met for dep_context=non-requeueable deps ti=<TaskInstance: dag_with_cron_expression_v2.task1 scheduled__2024-04-02T00:00:00+00:00 [queued]>
[2024-04-03T02:02:58.745+0000] {taskinstance.py:1979} INFO - Dependencies all met for dep_context=requeueable deps ti=<TaskInstance: dag_with_cron_expression_v2.task1 scheduled__2024-04-02T00:00:00+00:00 [queued]>
[2024-04-03T02:02:58.746+0000] {taskinstance.py:2193} INFO - Starting attempt 1 of 6
[2024-04-03T02:02:58.772+0000] {taskinstance.py:2217} INFO - Executing <Task(BashOperator): task1> on 2024-04-02 00:00:00+00:00
[2024-04-03T02:02:58.776+0000] {standard_task_runner.py:60} INFO - Started process 593 to run task
[2024-04-03T02:02:58.779+0000] {standard_task_runner.py:87} INFO - Running: ['***', 'tasks', 'run', 'dag_with_cron_expression_v2', 'task1', 'scheduled__2024-04-02T00:00:00+00:00', '--job-id', '195', '--raw', '--subdir', 'DAGS_FOLDER/dag_with_cron.py', '--cfg-path', '/tmp/tmp289z42wm']
[2024-04-03T02:02:58.783+0000] {standard_task_runner.py:88} INFO - Job 195: Subtask task1
[2024-04-03T02:02:58.833+0000] {logging_mixin.py:188} INFO - Changing /opt/***/logs/dag_id=dag_with_cron_expression_v2/run_id=scheduled__2024-04-02T00:00:00+00:00/task_id=task1 permission to 509
[2024-04-03T02:02:58.836+0000] {logging_mixin.py:188} INFO - Changing /opt/***/logs/dag_id=dag_with_cron_expression_v2/run_id=scheduled__2024-04-02T00:00:00+00:00 permission to 509
[2024-04-03T02:02:58.838+0000] {logging_mixin.py:188} INFO - Changing /opt/***/logs/dag_id=dag_with_cron_expression_v2 permission to 509
[2024-04-03T02:02:58.841+0000] {logging_mixin.py:188} INFO - Changing /opt/***/logs permission to 509
[2024-04-03T02:02:58.847+0000] {task_command.py:423} INFO - Running <TaskInstance: dag_with_cron_expression_v2.task1 scheduled__2024-04-02T00:00:00+00:00 [running]> on host 46dc445f2ec8
[2024-04-03T02:02:58.933+0000] {taskinstance.py:2513} INFO - Exporting env vars: AIRFLOW_CTX_DAG_OWNER='coder2j' AIRFLOW_CTX_DAG_ID='dag_with_cron_expression_v2' AIRFLOW_CTX_TASK_ID='task1' AIRFLOW_CTX_EXECUTION_DATE='2024-04-02T00:00:00+00:00' AIRFLOW_CTX_TRY_NUMBER='1' AIRFLOW_CTX_DAG_RUN_ID='scheduled__2024-04-02T00:00:00+00:00'
[2024-04-03T02:02:58.934+0000] {subprocess.py:63} INFO - Tmp dir root location: /tmp
[2024-04-03T02:02:58.936+0000] {subprocess.py:75} INFO - Running command: ['/usr/bin/bash', '-c', 'echo dag with cron expression!']
[2024-04-03T02:02:58.946+0000] {subprocess.py:86} INFO - Output:
[2024-04-03T02:02:58.947+0000] {subprocess.py:93} INFO - dag with cron expression!
[2024-04-03T02:02:58.948+0000] {subprocess.py:97} INFO - Command exited with return code 0
[2024-04-03T02:02:58.972+0000] {taskinstance.py:1149} INFO - Marking task as SUCCESS. dag_id=dag_with_cron_expression_v2, task_id=task1, execution_date=20240402T000000, start_date=20240403T020258, end_date=20240403T020258
[2024-04-03T02:02:58.993+0000] {local_task_job_runner.py:234} INFO - Task exited with return code 0
[2024-04-03T02:02:59.010+0000] {taskinstance.py:3312} INFO - 0 downstream tasks scheduled from follow-on schedule check
