[2024-04-02T00:05:07.553+0000] {logging_mixin.py:188} INFO - Changing /opt/***/logs/dag_id=first_practice_dag/run_id=scheduled__2024-04-01T00:00:00+00:00/task_id=task1 permission to 509
[2024-04-02T00:05:07.557+0000] {logging_mixin.py:188} INFO - Changing /opt/***/logs/dag_id=first_practice_dag/run_id=scheduled__2024-04-01T00:00:00+00:00 permission to 509
[2024-04-02T00:05:07.562+0000] {logging_mixin.py:188} INFO - Changing /opt/***/logs/dag_id=first_practice_dag permission to 509
[2024-04-02T00:05:07.572+0000] {logging_mixin.py:188} INFO - Changing /opt/***/logs permission to 509
[2024-04-02T00:05:07.621+0000] {logging_mixin.py:188} INFO - Changing /opt/***/logs/dag_id=first_practice_dag/run_id=scheduled__2024-04-01T00:00:00+00:00/task_id=task1 permission to 509
[2024-04-02T00:05:07.631+0000] {logging_mixin.py:188} INFO - Changing /opt/***/logs/dag_id=first_practice_dag/run_id=scheduled__2024-04-01T00:00:00+00:00 permission to 509
[2024-04-02T00:05:07.637+0000] {logging_mixin.py:188} INFO - Changing /opt/***/logs/dag_id=first_practice_dag permission to 509
[2024-04-02T00:05:07.645+0000] {logging_mixin.py:188} INFO - Changing /opt/***/logs permission to 509
[2024-04-02T00:05:07.741+0000] {taskinstance.py:1979} INFO - Dependencies all met for dep_context=non-requeueable deps ti=<TaskInstance: first_practice_dag.task1 scheduled__2024-04-01T00:00:00+00:00 [queued]>
[2024-04-02T00:05:07.769+0000] {taskinstance.py:1979} INFO - Dependencies all met for dep_context=requeueable deps ti=<TaskInstance: first_practice_dag.task1 scheduled__2024-04-01T00:00:00+00:00 [queued]>
[2024-04-02T00:05:07.771+0000] {taskinstance.py:2193} INFO - Starting attempt 1 of 3
[2024-04-02T00:05:07.830+0000] {taskinstance.py:2217} INFO - Executing <Task(BashOperator): task1> on 2024-04-01 00:00:00+00:00
[2024-04-02T00:05:07.837+0000] {standard_task_runner.py:60} INFO - Started process 1601 to run task
[2024-04-02T00:05:07.843+0000] {standard_task_runner.py:87} INFO - Running: ['***', 'tasks', 'run', 'first_practice_dag', 'task1', 'scheduled__2024-04-01T00:00:00+00:00', '--job-id', '124', '--raw', '--subdir', 'DAGS_FOLDER/first_practice_dag.py', '--cfg-path', '/tmp/tmp2tor7f_x']
[2024-04-02T00:05:07.851+0000] {standard_task_runner.py:88} INFO - Job 124: Subtask task1
[2024-04-02T00:05:07.985+0000] {logging_mixin.py:188} INFO - Changing /opt/***/logs/dag_id=first_practice_dag/run_id=scheduled__2024-04-01T00:00:00+00:00/task_id=task1 permission to 509
[2024-04-02T00:05:07.987+0000] {logging_mixin.py:188} INFO - Changing /opt/***/logs/dag_id=first_practice_dag/run_id=scheduled__2024-04-01T00:00:00+00:00 permission to 509
[2024-04-02T00:05:07.992+0000] {logging_mixin.py:188} INFO - Changing /opt/***/logs/dag_id=first_practice_dag permission to 509
[2024-04-02T00:05:08.003+0000] {logging_mixin.py:188} INFO - Changing /opt/***/logs permission to 509
[2024-04-02T00:05:08.014+0000] {task_command.py:423} INFO - Running <TaskInstance: first_practice_dag.task1 scheduled__2024-04-01T00:00:00+00:00 [running]> on host 46dc445f2ec8
[2024-04-02T00:05:08.238+0000] {taskinstance.py:2513} INFO - Exporting env vars: AIRFLOW_CTX_DAG_OWNER='***' AIRFLOW_CTX_DAG_ID='first_practice_dag' AIRFLOW_CTX_TASK_ID='task1' AIRFLOW_CTX_EXECUTION_DATE='2024-04-01T00:00:00+00:00' AIRFLOW_CTX_TRY_NUMBER='1' AIRFLOW_CTX_DAG_RUN_ID='scheduled__2024-04-01T00:00:00+00:00'
[2024-04-02T00:05:08.240+0000] {subprocess.py:63} INFO - Tmp dir root location: /tmp
[2024-04-02T00:05:08.242+0000] {subprocess.py:75} INFO - Running command: ['/usr/bin/bash', '-c', 'echo Hello World!']
[2024-04-02T00:05:08.258+0000] {subprocess.py:86} INFO - Output:
[2024-04-02T00:05:08.264+0000] {subprocess.py:93} INFO - Hello World!
[2024-04-02T00:05:08.265+0000] {subprocess.py:97} INFO - Command exited with return code 0
[2024-04-02T00:05:08.310+0000] {taskinstance.py:1149} INFO - Marking task as SUCCESS. dag_id=first_practice_dag, task_id=task1, execution_date=20240401T000000, start_date=20240402T000507, end_date=20240402T000508
[2024-04-02T00:05:08.352+0000] {local_task_job_runner.py:234} INFO - Task exited with return code 0
[2024-04-02T00:05:08.402+0000] {taskinstance.py:3312} INFO - 1 downstream tasks scheduled from follow-on schedule check
