[2024-04-02T00:43:23.844+0000] {logging_mixin.py:188} INFO - Changing /opt/***/logs/dag_id=dag_with_taskflow_api/run_id=scheduled__2024-04-01T00:00:00+00:00/task_id=get_name permission to 509
[2024-04-02T00:43:23.846+0000] {logging_mixin.py:188} INFO - Changing /opt/***/logs/dag_id=dag_with_taskflow_api/run_id=scheduled__2024-04-01T00:00:00+00:00 permission to 509
[2024-04-02T00:43:23.848+0000] {logging_mixin.py:188} INFO - Changing /opt/***/logs/dag_id=dag_with_taskflow_api permission to 509
[2024-04-02T00:43:23.852+0000] {logging_mixin.py:188} INFO - Changing /opt/***/logs permission to 509
[2024-04-02T00:43:23.897+0000] {logging_mixin.py:188} INFO - Changing /opt/***/logs/dag_id=dag_with_taskflow_api/run_id=scheduled__2024-04-01T00:00:00+00:00/task_id=get_name permission to 509
[2024-04-02T00:43:23.901+0000] {logging_mixin.py:188} INFO - Changing /opt/***/logs/dag_id=dag_with_taskflow_api/run_id=scheduled__2024-04-01T00:00:00+00:00 permission to 509
[2024-04-02T00:43:23.906+0000] {logging_mixin.py:188} INFO - Changing /opt/***/logs/dag_id=dag_with_taskflow_api permission to 509
[2024-04-02T00:43:23.908+0000] {logging_mixin.py:188} INFO - Changing /opt/***/logs permission to 509
[2024-04-02T00:43:23.981+0000] {taskinstance.py:1979} INFO - Dependencies all met for dep_context=non-requeueable deps ti=<TaskInstance: dag_with_taskflow_api.get_name scheduled__2024-04-01T00:00:00+00:00 [queued]>
[2024-04-02T00:43:24.002+0000] {taskinstance.py:1979} INFO - Dependencies all met for dep_context=requeueable deps ti=<TaskInstance: dag_with_taskflow_api.get_name scheduled__2024-04-01T00:00:00+00:00 [queued]>
[2024-04-02T00:43:24.003+0000] {taskinstance.py:2193} INFO - Starting attempt 1 of 6
[2024-04-02T00:43:24.032+0000] {taskinstance.py:2217} INFO - Executing <Task(_PythonDecoratedOperator): get_name> on 2024-04-01 00:00:00+00:00
[2024-04-02T00:43:24.039+0000] {standard_task_runner.py:60} INFO - Started process 3343 to run task
[2024-04-02T00:43:24.043+0000] {standard_task_runner.py:87} INFO - Running: ['***', 'tasks', 'run', 'dag_with_taskflow_api', 'get_name', 'scheduled__2024-04-01T00:00:00+00:00', '--job-id', '173', '--raw', '--subdir', 'DAGS_FOLDER/dag_with_taskflow_api.py', '--cfg-path', '/tmp/tmp9x4rzdow']
[2024-04-02T00:43:24.046+0000] {standard_task_runner.py:88} INFO - Job 173: Subtask get_name
[2024-04-02T00:43:24.132+0000] {logging_mixin.py:188} INFO - Changing /opt/***/logs/dag_id=dag_with_taskflow_api/run_id=scheduled__2024-04-01T00:00:00+00:00/task_id=get_name permission to 509
[2024-04-02T00:43:24.136+0000] {logging_mixin.py:188} INFO - Changing /opt/***/logs/dag_id=dag_with_taskflow_api/run_id=scheduled__2024-04-01T00:00:00+00:00 permission to 509
[2024-04-02T00:43:24.139+0000] {logging_mixin.py:188} INFO - Changing /opt/***/logs/dag_id=dag_with_taskflow_api permission to 509
[2024-04-02T00:43:24.141+0000] {logging_mixin.py:188} INFO - Changing /opt/***/logs permission to 509
[2024-04-02T00:43:24.145+0000] {task_command.py:423} INFO - Running <TaskInstance: dag_with_taskflow_api.get_name scheduled__2024-04-01T00:00:00+00:00 [running]> on host 46dc445f2ec8
[2024-04-02T00:43:24.284+0000] {taskinstance.py:2513} INFO - Exporting env vars: AIRFLOW_CTX_DAG_OWNER='coder2j' AIRFLOW_CTX_DAG_ID='dag_with_taskflow_api' AIRFLOW_CTX_TASK_ID='get_name' AIRFLOW_CTX_EXECUTION_DATE='2024-04-01T00:00:00+00:00' AIRFLOW_CTX_TRY_NUMBER='1' AIRFLOW_CTX_DAG_RUN_ID='scheduled__2024-04-01T00:00:00+00:00'
[2024-04-02T00:43:24.287+0000] {python.py:202} INFO - Done. Returned value was: Jacob
[2024-04-02T00:43:24.328+0000] {taskinstance.py:1149} INFO - Marking task as SUCCESS. dag_id=dag_with_taskflow_api, task_id=get_name, execution_date=20240401T000000, start_date=20240402T004323, end_date=20240402T004324
[2024-04-02T00:43:24.378+0000] {local_task_job_runner.py:234} INFO - Task exited with return code 0
[2024-04-02T00:43:24.425+0000] {taskinstance.py:3312} INFO - 0 downstream tasks scheduled from follow-on schedule check
