[2024-04-01T23:39:33.137+0000] {logging_mixin.py:188} INFO - Changing /opt/***/logs/dag_id=our_first_dag_v2/run_id=scheduled__2024-03-30T00:00:00+00:00/task_id=task2 permission to 509
[2024-04-01T23:39:33.139+0000] {logging_mixin.py:188} INFO - Changing /opt/***/logs/dag_id=our_first_dag_v2/run_id=scheduled__2024-03-30T00:00:00+00:00 permission to 509
[2024-04-01T23:39:33.141+0000] {logging_mixin.py:188} INFO - Changing /opt/***/logs/dag_id=our_first_dag_v2 permission to 509
[2024-04-01T23:39:33.142+0000] {logging_mixin.py:188} INFO - Changing /opt/***/logs permission to 509
[2024-04-01T23:39:33.172+0000] {logging_mixin.py:188} INFO - Changing /opt/***/logs/dag_id=our_first_dag_v2/run_id=scheduled__2024-03-30T00:00:00+00:00/task_id=task2 permission to 509
[2024-04-01T23:39:33.174+0000] {logging_mixin.py:188} INFO - Changing /opt/***/logs/dag_id=our_first_dag_v2/run_id=scheduled__2024-03-30T00:00:00+00:00 permission to 509
[2024-04-01T23:39:33.176+0000] {logging_mixin.py:188} INFO - Changing /opt/***/logs/dag_id=our_first_dag_v2 permission to 509
[2024-04-01T23:39:33.178+0000] {logging_mixin.py:188} INFO - Changing /opt/***/logs permission to 509
[2024-04-01T23:39:33.217+0000] {taskinstance.py:1979} INFO - Dependencies all met for dep_context=non-requeueable deps ti=<TaskInstance: our_first_dag_v2.task2 scheduled__2024-03-30T00:00:00+00:00 [queued]>
[2024-04-01T23:39:33.228+0000] {taskinstance.py:1979} INFO - Dependencies all met for dep_context=requeueable deps ti=<TaskInstance: our_first_dag_v2.task2 scheduled__2024-03-30T00:00:00+00:00 [queued]>
[2024-04-01T23:39:33.229+0000] {taskinstance.py:2193} INFO - Starting attempt 1 of 6
[2024-04-01T23:39:33.245+0000] {taskinstance.py:2217} INFO - Executing <Task(BashOperator): task2> on 2024-03-30 00:00:00+00:00
[2024-04-01T23:39:33.249+0000] {standard_task_runner.py:60} INFO - Started process 760 to run task
[2024-04-01T23:39:33.252+0000] {standard_task_runner.py:87} INFO - Running: ['***', 'tasks', 'run', 'our_first_dag_v2', 'task2', 'scheduled__2024-03-30T00:00:00+00:00', '--job-id', '90', '--raw', '--subdir', 'DAGS_FOLDER/our_first_dag.py', '--cfg-path', '/tmp/tmps1lg5yp5']
[2024-04-01T23:39:33.255+0000] {standard_task_runner.py:88} INFO - Job 90: Subtask task2
[2024-04-01T23:39:33.307+0000] {logging_mixin.py:188} INFO - Changing /opt/***/logs/dag_id=our_first_dag_v2/run_id=scheduled__2024-03-30T00:00:00+00:00/task_id=task2 permission to 509
[2024-04-01T23:39:33.310+0000] {logging_mixin.py:188} INFO - Changing /opt/***/logs/dag_id=our_first_dag_v2/run_id=scheduled__2024-03-30T00:00:00+00:00 permission to 509
[2024-04-01T23:39:33.312+0000] {logging_mixin.py:188} INFO - Changing /opt/***/logs/dag_id=our_first_dag_v2 permission to 509
[2024-04-01T23:39:33.313+0000] {logging_mixin.py:188} INFO - Changing /opt/***/logs permission to 509
[2024-04-01T23:39:33.314+0000] {task_command.py:423} INFO - Running <TaskInstance: our_first_dag_v2.task2 scheduled__2024-03-30T00:00:00+00:00 [running]> on host 46dc445f2ec8
[2024-04-01T23:39:33.394+0000] {taskinstance.py:2513} INFO - Exporting env vars: AIRFLOW_CTX_DAG_OWNER='coder2j' AIRFLOW_CTX_DAG_ID='our_first_dag_v2' AIRFLOW_CTX_TASK_ID='task2' AIRFLOW_CTX_EXECUTION_DATE='2024-03-30T00:00:00+00:00' AIRFLOW_CTX_TRY_NUMBER='1' AIRFLOW_CTX_DAG_RUN_ID='scheduled__2024-03-30T00:00:00+00:00'
[2024-04-01T23:39:33.396+0000] {subprocess.py:63} INFO - Tmp dir root location: /tmp
[2024-04-01T23:39:33.397+0000] {subprocess.py:75} INFO - Running command: ['/usr/bin/bash', '-c', 'echo This is the second task.']
[2024-04-01T23:39:33.405+0000] {subprocess.py:86} INFO - Output:
[2024-04-01T23:39:33.407+0000] {subprocess.py:93} INFO - This is the second task.
[2024-04-01T23:39:33.408+0000] {subprocess.py:97} INFO - Command exited with return code 0
[2024-04-01T23:39:33.434+0000] {taskinstance.py:1149} INFO - Marking task as SUCCESS. dag_id=our_first_dag_v2, task_id=task2, execution_date=20240330T000000, start_date=20240401T233933, end_date=20240401T233933
[2024-04-01T23:39:33.465+0000] {local_task_job_runner.py:234} INFO - Task exited with return code 0
[2024-04-01T23:39:33.482+0000] {taskinstance.py:3312} INFO - 0 downstream tasks scheduled from follow-on schedule check
