[2024-04-02T00:47:09.231+0000] {logging_mixin.py:188} INFO - Changing /opt/***/logs/dag_id=dag_with_taskflow_api_v2/run_id=scheduled__2024-03-31T00:00:00+00:00/task_id=get_age permission to 509
[2024-04-02T00:47:09.232+0000] {logging_mixin.py:188} INFO - Changing /opt/***/logs/dag_id=dag_with_taskflow_api_v2/run_id=scheduled__2024-03-31T00:00:00+00:00 permission to 509
[2024-04-02T00:47:09.234+0000] {logging_mixin.py:188} INFO - Changing /opt/***/logs/dag_id=dag_with_taskflow_api_v2 permission to 509
[2024-04-02T00:47:09.235+0000] {logging_mixin.py:188} INFO - Changing /opt/***/logs permission to 509
[2024-04-02T00:47:09.269+0000] {logging_mixin.py:188} INFO - Changing /opt/***/logs/dag_id=dag_with_taskflow_api_v2/run_id=scheduled__2024-03-31T00:00:00+00:00/task_id=get_age permission to 509
[2024-04-02T00:47:09.271+0000] {logging_mixin.py:188} INFO - Changing /opt/***/logs/dag_id=dag_with_taskflow_api_v2/run_id=scheduled__2024-03-31T00:00:00+00:00 permission to 509
[2024-04-02T00:47:09.272+0000] {logging_mixin.py:188} INFO - Changing /opt/***/logs/dag_id=dag_with_taskflow_api_v2 permission to 509
[2024-04-02T00:47:09.274+0000] {logging_mixin.py:188} INFO - Changing /opt/***/logs permission to 509
[2024-04-02T00:47:09.322+0000] {taskinstance.py:1979} INFO - Dependencies all met for dep_context=non-requeueable deps ti=<TaskInstance: dag_with_taskflow_api_v2.get_age scheduled__2024-03-31T00:00:00+00:00 [queued]>
[2024-04-02T00:47:09.338+0000] {taskinstance.py:1979} INFO - Dependencies all met for dep_context=requeueable deps ti=<TaskInstance: dag_with_taskflow_api_v2.get_age scheduled__2024-03-31T00:00:00+00:00 [queued]>
[2024-04-02T00:47:09.339+0000] {taskinstance.py:2193} INFO - Starting attempt 1 of 6
[2024-04-02T00:47:09.359+0000] {taskinstance.py:2217} INFO - Executing <Task(_PythonDecoratedOperator): get_age> on 2024-03-31 00:00:00+00:00
[2024-04-02T00:47:09.364+0000] {standard_task_runner.py:60} INFO - Started process 3544 to run task
[2024-04-02T00:47:09.368+0000] {standard_task_runner.py:87} INFO - Running: ['***', 'tasks', 'run', 'dag_with_taskflow_api_v2', 'get_age', 'scheduled__2024-03-31T00:00:00+00:00', '--job-id', '178', '--raw', '--subdir', 'DAGS_FOLDER/dag_with_taskflow_api.py', '--cfg-path', '/tmp/tmpuxt_mgwo']
[2024-04-02T00:47:09.370+0000] {standard_task_runner.py:88} INFO - Job 178: Subtask get_age
[2024-04-02T00:47:09.430+0000] {logging_mixin.py:188} INFO - Changing /opt/***/logs/dag_id=dag_with_taskflow_api_v2/run_id=scheduled__2024-03-31T00:00:00+00:00/task_id=get_age permission to 509
[2024-04-02T00:47:09.432+0000] {logging_mixin.py:188} INFO - Changing /opt/***/logs/dag_id=dag_with_taskflow_api_v2/run_id=scheduled__2024-03-31T00:00:00+00:00 permission to 509
[2024-04-02T00:47:09.434+0000] {logging_mixin.py:188} INFO - Changing /opt/***/logs/dag_id=dag_with_taskflow_api_v2 permission to 509
[2024-04-02T00:47:09.436+0000] {logging_mixin.py:188} INFO - Changing /opt/***/logs permission to 509
[2024-04-02T00:47:09.439+0000] {task_command.py:423} INFO - Running <TaskInstance: dag_with_taskflow_api_v2.get_age scheduled__2024-03-31T00:00:00+00:00 [running]> on host 46dc445f2ec8
[2024-04-02T00:47:09.545+0000] {taskinstance.py:2513} INFO - Exporting env vars: AIRFLOW_CTX_DAG_OWNER='coder2j' AIRFLOW_CTX_DAG_ID='dag_with_taskflow_api_v2' AIRFLOW_CTX_TASK_ID='get_age' AIRFLOW_CTX_EXECUTION_DATE='2024-03-31T00:00:00+00:00' AIRFLOW_CTX_TRY_NUMBER='1' AIRFLOW_CTX_DAG_RUN_ID='scheduled__2024-03-31T00:00:00+00:00'
[2024-04-02T00:47:09.547+0000] {python.py:202} INFO - Done. Returned value was: 25
[2024-04-02T00:47:09.577+0000] {taskinstance.py:1149} INFO - Marking task as SUCCESS. dag_id=dag_with_taskflow_api_v2, task_id=get_age, execution_date=20240331T000000, start_date=20240402T004709, end_date=20240402T004709
[2024-04-02T00:47:09.621+0000] {local_task_job_runner.py:234} INFO - Task exited with return code 0
[2024-04-02T00:47:09.651+0000] {taskinstance.py:3312} INFO - 1 downstream tasks scheduled from follow-on schedule check
