[2024-04-02T00:34:12.958+0000] {logging_mixin.py:188} INFO - Changing /opt/***/logs/dag_id=dag_python_operator_v8/run_id=scheduled__2024-04-01T00:00:00+00:00/task_id=get_age permission to 509
[2024-04-02T00:34:12.961+0000] {logging_mixin.py:188} INFO - Changing /opt/***/logs/dag_id=dag_python_operator_v8/run_id=scheduled__2024-04-01T00:00:00+00:00 permission to 509
[2024-04-02T00:34:12.962+0000] {logging_mixin.py:188} INFO - Changing /opt/***/logs/dag_id=dag_python_operator_v8 permission to 509
[2024-04-02T00:34:12.964+0000] {logging_mixin.py:188} INFO - Changing /opt/***/logs permission to 509
[2024-04-02T00:34:13.002+0000] {logging_mixin.py:188} INFO - Changing /opt/***/logs/dag_id=dag_python_operator_v8/run_id=scheduled__2024-04-01T00:00:00+00:00/task_id=get_age permission to 509
[2024-04-02T00:34:13.004+0000] {logging_mixin.py:188} INFO - Changing /opt/***/logs/dag_id=dag_python_operator_v8/run_id=scheduled__2024-04-01T00:00:00+00:00 permission to 509
[2024-04-02T00:34:13.006+0000] {logging_mixin.py:188} INFO - Changing /opt/***/logs/dag_id=dag_python_operator_v8 permission to 509
[2024-04-02T00:34:13.008+0000] {logging_mixin.py:188} INFO - Changing /opt/***/logs permission to 509
[2024-04-02T00:34:13.068+0000] {taskinstance.py:1979} INFO - Dependencies all met for dep_context=non-requeueable deps ti=<TaskInstance: dag_python_operator_v8.get_age scheduled__2024-04-01T00:00:00+00:00 [queued]>
[2024-04-02T00:34:13.083+0000] {taskinstance.py:1979} INFO - Dependencies all met for dep_context=requeueable deps ti=<TaskInstance: dag_python_operator_v8.get_age scheduled__2024-04-01T00:00:00+00:00 [queued]>
[2024-04-02T00:34:13.084+0000] {taskinstance.py:2193} INFO - Starting attempt 1 of 6
[2024-04-02T00:34:13.106+0000] {taskinstance.py:2217} INFO - Executing <Task(PythonOperator): get_age> on 2024-04-01 00:00:00+00:00
[2024-04-02T00:34:13.111+0000] {standard_task_runner.py:60} INFO - Started process 2935 to run task
[2024-04-02T00:34:13.114+0000] {standard_task_runner.py:87} INFO - Running: ['***', 'tasks', 'run', 'dag_python_operator_v8', 'get_age', 'scheduled__2024-04-01T00:00:00+00:00', '--job-id', '167', '--raw', '--subdir', 'DAGS_FOLDER/create_dag_with_python_operator.py', '--cfg-path', '/tmp/tmples3re4s']
[2024-04-02T00:34:13.117+0000] {standard_task_runner.py:88} INFO - Job 167: Subtask get_age
[2024-04-02T00:34:13.183+0000] {logging_mixin.py:188} INFO - Changing /opt/***/logs/dag_id=dag_python_operator_v8/run_id=scheduled__2024-04-01T00:00:00+00:00/task_id=get_age permission to 509
[2024-04-02T00:34:13.185+0000] {logging_mixin.py:188} INFO - Changing /opt/***/logs/dag_id=dag_python_operator_v8/run_id=scheduled__2024-04-01T00:00:00+00:00 permission to 509
[2024-04-02T00:34:13.187+0000] {logging_mixin.py:188} INFO - Changing /opt/***/logs/dag_id=dag_python_operator_v8 permission to 509
[2024-04-02T00:34:13.189+0000] {logging_mixin.py:188} INFO - Changing /opt/***/logs permission to 509
[2024-04-02T00:34:13.193+0000] {task_command.py:423} INFO - Running <TaskInstance: dag_python_operator_v8.get_age scheduled__2024-04-01T00:00:00+00:00 [running]> on host 46dc445f2ec8
[2024-04-02T00:34:13.298+0000] {taskinstance.py:2513} INFO - Exporting env vars: AIRFLOW_CTX_DAG_OWNER='coder2j' AIRFLOW_CTX_DAG_ID='dag_python_operator_v8' AIRFLOW_CTX_TASK_ID='get_age' AIRFLOW_CTX_EXECUTION_DATE='2024-04-01T00:00:00+00:00' AIRFLOW_CTX_TRY_NUMBER='1' AIRFLOW_CTX_DAG_RUN_ID='scheduled__2024-04-01T00:00:00+00:00'
[2024-04-02T00:34:13.318+0000] {python.py:202} INFO - Done. Returned value was: None
[2024-04-02T00:34:13.329+0000] {taskinstance.py:1149} INFO - Marking task as SUCCESS. dag_id=dag_python_operator_v8, task_id=get_age, execution_date=20240401T000000, start_date=20240402T003413, end_date=20240402T003413
[2024-04-02T00:34:13.367+0000] {local_task_job_runner.py:234} INFO - Task exited with return code 0
[2024-04-02T00:34:13.392+0000] {taskinstance.py:3312} INFO - 1 downstream tasks scheduled from follow-on schedule check
