[2024-04-03T02:48:45.362+0000] {logging_mixin.py:188} INFO - Changing /opt/***/logs/dag_id=our_first_dag_v3/run_id=scheduled__2024-04-02T00:00:00+00:00/task_id=task1 permission to 509
[2024-04-03T02:48:45.364+0000] {logging_mixin.py:188} INFO - Changing /opt/***/logs/dag_id=our_first_dag_v3/run_id=scheduled__2024-04-02T00:00:00+00:00 permission to 509
[2024-04-03T02:48:45.365+0000] {logging_mixin.py:188} INFO - Changing /opt/***/logs/dag_id=our_first_dag_v3 permission to 509
[2024-04-03T02:48:45.366+0000] {logging_mixin.py:188} INFO - Changing /opt/***/logs permission to 509
[2024-04-03T02:48:45.392+0000] {logging_mixin.py:188} INFO - Changing /opt/***/logs/dag_id=our_first_dag_v3/run_id=scheduled__2024-04-02T00:00:00+00:00/task_id=task1 permission to 509
[2024-04-03T02:48:45.395+0000] {logging_mixin.py:188} INFO - Changing /opt/***/logs/dag_id=our_first_dag_v3/run_id=scheduled__2024-04-02T00:00:00+00:00 permission to 509
[2024-04-03T02:48:45.396+0000] {logging_mixin.py:188} INFO - Changing /opt/***/logs/dag_id=our_first_dag_v3 permission to 509
[2024-04-03T02:48:45.398+0000] {logging_mixin.py:188} INFO - Changing /opt/***/logs permission to 509
[2024-04-03T02:48:45.436+0000] {taskinstance.py:1979} INFO - Dependencies all met for dep_context=non-requeueable deps ti=<TaskInstance: our_first_dag_v3.task1 scheduled__2024-04-02T00:00:00+00:00 [queued]>
[2024-04-03T02:48:45.448+0000] {taskinstance.py:1979} INFO - Dependencies all met for dep_context=requeueable deps ti=<TaskInstance: our_first_dag_v3.task1 scheduled__2024-04-02T00:00:00+00:00 [queued]>
[2024-04-03T02:48:45.449+0000] {taskinstance.py:2193} INFO - Starting attempt 1 of 6
[2024-04-03T02:48:45.466+0000] {taskinstance.py:2217} INFO - Executing <Task(BashOperator): task1> on 2024-04-02 00:00:00+00:00
[2024-04-03T02:48:45.469+0000] {standard_task_runner.py:60} INFO - Started process 3538 to run task
[2024-04-03T02:48:45.472+0000] {standard_task_runner.py:87} INFO - Running: ['***', 'tasks', 'run', 'our_first_dag_v3', 'task1', 'scheduled__2024-04-02T00:00:00+00:00', '--job-id', '239', '--raw', '--subdir', 'DAGS_FOLDER/our_first_dag.py', '--cfg-path', '/tmp/tmpqrg1qur4']
[2024-04-03T02:48:45.475+0000] {standard_task_runner.py:88} INFO - Job 239: Subtask task1
[2024-04-03T02:48:45.519+0000] {logging_mixin.py:188} INFO - Changing /opt/***/logs/dag_id=our_first_dag_v3/run_id=scheduled__2024-04-02T00:00:00+00:00/task_id=task1 permission to 509
[2024-04-03T02:48:45.521+0000] {logging_mixin.py:188} INFO - Changing /opt/***/logs/dag_id=our_first_dag_v3/run_id=scheduled__2024-04-02T00:00:00+00:00 permission to 509
[2024-04-03T02:48:45.523+0000] {logging_mixin.py:188} INFO - Changing /opt/***/logs/dag_id=our_first_dag_v3 permission to 509
[2024-04-03T02:48:45.524+0000] {logging_mixin.py:188} INFO - Changing /opt/***/logs permission to 509
[2024-04-03T02:48:45.525+0000] {task_command.py:423} INFO - Running <TaskInstance: our_first_dag_v3.task1 scheduled__2024-04-02T00:00:00+00:00 [running]> on host 46dc445f2ec8
[2024-04-03T02:48:45.610+0000] {taskinstance.py:2513} INFO - Exporting env vars: AIRFLOW_CTX_DAG_OWNER='coder2j' AIRFLOW_CTX_DAG_ID='our_first_dag_v3' AIRFLOW_CTX_TASK_ID='task1' AIRFLOW_CTX_EXECUTION_DATE='2024-04-02T00:00:00+00:00' AIRFLOW_CTX_TRY_NUMBER='1' AIRFLOW_CTX_DAG_RUN_ID='scheduled__2024-04-02T00:00:00+00:00'
[2024-04-03T02:48:45.612+0000] {subprocess.py:63} INFO - Tmp dir root location: /tmp
[2024-04-03T02:48:45.612+0000] {subprocess.py:75} INFO - Running command: ['/usr/bin/bash', '-c', 'echo Hello, World!']
[2024-04-03T02:48:45.618+0000] {subprocess.py:86} INFO - Output:
[2024-04-03T02:48:45.619+0000] {subprocess.py:93} INFO - Hello, World!
[2024-04-03T02:48:45.620+0000] {subprocess.py:97} INFO - Command exited with return code 0
[2024-04-03T02:48:45.643+0000] {taskinstance.py:1149} INFO - Marking task as SUCCESS. dag_id=our_first_dag_v3, task_id=task1, execution_date=20240402T000000, start_date=20240403T024845, end_date=20240403T024845
[2024-04-03T02:48:45.685+0000] {local_task_job_runner.py:234} INFO - Task exited with return code 0
[2024-04-03T02:48:45.710+0000] {taskinstance.py:3312} INFO - 2 downstream tasks scheduled from follow-on schedule check
