[2024-04-02T00:43:24.591+0000] {logging_mixin.py:188} INFO - Changing /opt/***/logs/dag_id=dag_with_taskflow_api/run_id=scheduled__2024-03-31T00:00:00+00:00/task_id=greet permission to 509
[2024-04-02T00:43:24.593+0000] {logging_mixin.py:188} INFO - Changing /opt/***/logs/dag_id=dag_with_taskflow_api/run_id=scheduled__2024-03-31T00:00:00+00:00 permission to 509
[2024-04-02T00:43:24.594+0000] {logging_mixin.py:188} INFO - Changing /opt/***/logs/dag_id=dag_with_taskflow_api permission to 509
[2024-04-02T00:43:24.595+0000] {logging_mixin.py:188} INFO - Changing /opt/***/logs permission to 509
[2024-04-02T00:43:24.624+0000] {logging_mixin.py:188} INFO - Changing /opt/***/logs/dag_id=dag_with_taskflow_api/run_id=scheduled__2024-03-31T00:00:00+00:00/task_id=greet permission to 509
[2024-04-02T00:43:24.625+0000] {logging_mixin.py:188} INFO - Changing /opt/***/logs/dag_id=dag_with_taskflow_api/run_id=scheduled__2024-03-31T00:00:00+00:00 permission to 509
[2024-04-02T00:43:24.627+0000] {logging_mixin.py:188} INFO - Changing /opt/***/logs/dag_id=dag_with_taskflow_api permission to 509
[2024-04-02T00:43:24.628+0000] {logging_mixin.py:188} INFO - Changing /opt/***/logs permission to 509
[2024-04-02T00:43:24.682+0000] {taskinstance.py:1979} INFO - Dependencies all met for dep_context=non-requeueable deps ti=<TaskInstance: dag_with_taskflow_api.greet scheduled__2024-03-31T00:00:00+00:00 [queued]>
[2024-04-02T00:43:24.693+0000] {taskinstance.py:1979} INFO - Dependencies all met for dep_context=requeueable deps ti=<TaskInstance: dag_with_taskflow_api.greet scheduled__2024-03-31T00:00:00+00:00 [queued]>
[2024-04-02T00:43:24.694+0000] {taskinstance.py:2193} INFO - Starting attempt 1 of 6
[2024-04-02T00:43:24.709+0000] {taskinstance.py:2217} INFO - Executing <Task(_PythonDecoratedOperator): greet> on 2024-03-31 00:00:00+00:00
[2024-04-02T00:43:24.713+0000] {standard_task_runner.py:60} INFO - Started process 3346 to run task
[2024-04-02T00:43:24.715+0000] {standard_task_runner.py:87} INFO - Running: ['***', 'tasks', 'run', 'dag_with_taskflow_api', 'greet', 'scheduled__2024-03-31T00:00:00+00:00', '--job-id', '175', '--raw', '--subdir', 'DAGS_FOLDER/dag_with_taskflow_api.py', '--cfg-path', '/tmp/tmp4sd0um6d']
[2024-04-02T00:43:24.718+0000] {standard_task_runner.py:88} INFO - Job 175: Subtask greet
[2024-04-02T00:43:24.768+0000] {logging_mixin.py:188} INFO - Changing /opt/***/logs/dag_id=dag_with_taskflow_api/run_id=scheduled__2024-03-31T00:00:00+00:00/task_id=greet permission to 509
[2024-04-02T00:43:24.770+0000] {logging_mixin.py:188} INFO - Changing /opt/***/logs/dag_id=dag_with_taskflow_api/run_id=scheduled__2024-03-31T00:00:00+00:00 permission to 509
[2024-04-02T00:43:24.772+0000] {logging_mixin.py:188} INFO - Changing /opt/***/logs/dag_id=dag_with_taskflow_api permission to 509
[2024-04-02T00:43:24.773+0000] {logging_mixin.py:188} INFO - Changing /opt/***/logs permission to 509
[2024-04-02T00:43:24.776+0000] {task_command.py:423} INFO - Running <TaskInstance: dag_with_taskflow_api.greet scheduled__2024-03-31T00:00:00+00:00 [running]> on host 46dc445f2ec8
[2024-04-02T00:43:24.873+0000] {taskinstance.py:2513} INFO - Exporting env vars: AIRFLOW_CTX_DAG_OWNER='coder2j' AIRFLOW_CTX_DAG_ID='dag_with_taskflow_api' AIRFLOW_CTX_TASK_ID='greet' AIRFLOW_CTX_EXECUTION_DATE='2024-03-31T00:00:00+00:00' AIRFLOW_CTX_TRY_NUMBER='1' AIRFLOW_CTX_DAG_RUN_ID='scheduled__2024-03-31T00:00:00+00:00'
[2024-04-02T00:43:24.874+0000] {logging_mixin.py:188} INFO - Hello World! My name is Jacob, and I am 25 years old.
[2024-04-02T00:43:24.875+0000] {python.py:202} INFO - Done. Returned value was: None
[2024-04-02T00:43:24.885+0000] {taskinstance.py:1149} INFO - Marking task as SUCCESS. dag_id=dag_with_taskflow_api, task_id=greet, execution_date=20240331T000000, start_date=20240402T004324, end_date=20240402T004324
[2024-04-02T00:43:24.929+0000] {local_task_job_runner.py:234} INFO - Task exited with return code 0
[2024-04-02T00:43:24.948+0000] {taskinstance.py:3312} INFO - 0 downstream tasks scheduled from follow-on schedule check
