[2024-04-02T00:28:33.238+0000] {logging_mixin.py:188} INFO - Changing /opt/***/logs/dag_id=dag_python_operator_v6/run_id=scheduled__2024-03-31T00:00:00+00:00/task_id=task2 permission to 509
[2024-04-02T00:28:33.240+0000] {logging_mixin.py:188} INFO - Changing /opt/***/logs/dag_id=dag_python_operator_v6/run_id=scheduled__2024-03-31T00:00:00+00:00 permission to 509
[2024-04-02T00:28:33.242+0000] {logging_mixin.py:188} INFO - Changing /opt/***/logs/dag_id=dag_python_operator_v6 permission to 509
[2024-04-02T00:28:33.244+0000] {logging_mixin.py:188} INFO - Changing /opt/***/logs permission to 509
[2024-04-02T00:28:33.269+0000] {logging_mixin.py:188} INFO - Changing /opt/***/logs/dag_id=dag_python_operator_v6/run_id=scheduled__2024-03-31T00:00:00+00:00/task_id=task2 permission to 509
[2024-04-02T00:28:33.270+0000] {logging_mixin.py:188} INFO - Changing /opt/***/logs/dag_id=dag_python_operator_v6/run_id=scheduled__2024-03-31T00:00:00+00:00 permission to 509
[2024-04-02T00:28:33.271+0000] {logging_mixin.py:188} INFO - Changing /opt/***/logs/dag_id=dag_python_operator_v6 permission to 509
[2024-04-02T00:28:33.273+0000] {logging_mixin.py:188} INFO - Changing /opt/***/logs permission to 509
[2024-04-02T00:28:33.309+0000] {taskinstance.py:1979} INFO - Dependencies all met for dep_context=non-requeueable deps ti=<TaskInstance: dag_python_operator_v6.task2 scheduled__2024-03-31T00:00:00+00:00 [queued]>
[2024-04-02T00:28:33.319+0000] {taskinstance.py:1979} INFO - Dependencies all met for dep_context=requeueable deps ti=<TaskInstance: dag_python_operator_v6.task2 scheduled__2024-03-31T00:00:00+00:00 [queued]>
[2024-04-02T00:28:33.320+0000] {taskinstance.py:2193} INFO - Starting attempt 1 of 6
[2024-04-02T00:28:33.335+0000] {taskinstance.py:2217} INFO - Executing <Task(PythonOperator): task2> on 2024-03-31 00:00:00+00:00
[2024-04-02T00:28:33.338+0000] {standard_task_runner.py:60} INFO - Started process 2658 to run task
[2024-04-02T00:28:33.341+0000] {standard_task_runner.py:87} INFO - Running: ['***', 'tasks', 'run', 'dag_python_operator_v6', 'task2', 'scheduled__2024-03-31T00:00:00+00:00', '--job-id', '149', '--raw', '--subdir', 'DAGS_FOLDER/create_dag_with_python_operator.py', '--cfg-path', '/tmp/tmp2yzjnntu']
[2024-04-02T00:28:33.344+0000] {standard_task_runner.py:88} INFO - Job 149: Subtask task2
[2024-04-02T00:28:33.391+0000] {logging_mixin.py:188} INFO - Changing /opt/***/logs/dag_id=dag_python_operator_v6/run_id=scheduled__2024-03-31T00:00:00+00:00/task_id=task2 permission to 509
[2024-04-02T00:28:33.393+0000] {logging_mixin.py:188} INFO - Changing /opt/***/logs/dag_id=dag_python_operator_v6/run_id=scheduled__2024-03-31T00:00:00+00:00 permission to 509
[2024-04-02T00:28:33.396+0000] {logging_mixin.py:188} INFO - Changing /opt/***/logs/dag_id=dag_python_operator_v6 permission to 509
[2024-04-02T00:28:33.397+0000] {logging_mixin.py:188} INFO - Changing /opt/***/logs permission to 509
[2024-04-02T00:28:33.399+0000] {task_command.py:423} INFO - Running <TaskInstance: dag_python_operator_v6.task2 scheduled__2024-03-31T00:00:00+00:00 [running]> on host 46dc445f2ec8
[2024-04-02T00:28:33.478+0000] {taskinstance.py:2513} INFO - Exporting env vars: AIRFLOW_CTX_DAG_OWNER='coder2j' AIRFLOW_CTX_DAG_ID='dag_python_operator_v6' AIRFLOW_CTX_TASK_ID='task2' AIRFLOW_CTX_EXECUTION_DATE='2024-03-31T00:00:00+00:00' AIRFLOW_CTX_TRY_NUMBER='1' AIRFLOW_CTX_DAG_RUN_ID='scheduled__2024-03-31T00:00:00+00:00'
[2024-04-02T00:28:33.513+0000] {python.py:202} INFO - Done. Returned value was: None
[2024-04-02T00:28:33.522+0000] {taskinstance.py:1149} INFO - Marking task as SUCCESS. dag_id=dag_python_operator_v6, task_id=task2, execution_date=20240331T000000, start_date=20240402T002833, end_date=20240402T002833
[2024-04-02T00:28:33.554+0000] {local_task_job_runner.py:234} INFO - Task exited with return code 0
[2024-04-02T00:28:33.577+0000] {taskinstance.py:3312} INFO - 1 downstream tasks scheduled from follow-on schedule check
