[2024-04-02T00:05:08.108+0000] {logging_mixin.py:188} INFO - Changing /opt/***/logs/dag_id=first_practice_dag/run_id=scheduled__2024-03-28T00:00:00+00:00/task_id=task2 permission to 509
[2024-04-02T00:05:08.111+0000] {logging_mixin.py:188} INFO - Changing /opt/***/logs/dag_id=first_practice_dag/run_id=scheduled__2024-03-28T00:00:00+00:00 permission to 509
[2024-04-02T00:05:08.115+0000] {logging_mixin.py:188} INFO - Changing /opt/***/logs/dag_id=first_practice_dag permission to 509
[2024-04-02T00:05:08.118+0000] {logging_mixin.py:188} INFO - Changing /opt/***/logs permission to 509
[2024-04-02T00:05:08.196+0000] {logging_mixin.py:188} INFO - Changing /opt/***/logs/dag_id=first_practice_dag/run_id=scheduled__2024-03-28T00:00:00+00:00/task_id=task2 permission to 509
[2024-04-02T00:05:08.200+0000] {logging_mixin.py:188} INFO - Changing /opt/***/logs/dag_id=first_practice_dag/run_id=scheduled__2024-03-28T00:00:00+00:00 permission to 509
[2024-04-02T00:05:08.202+0000] {logging_mixin.py:188} INFO - Changing /opt/***/logs/dag_id=first_practice_dag permission to 509
[2024-04-02T00:05:08.206+0000] {logging_mixin.py:188} INFO - Changing /opt/***/logs permission to 509
[2024-04-02T00:05:08.309+0000] {taskinstance.py:1979} INFO - Dependencies all met for dep_context=non-requeueable deps ti=<TaskInstance: first_practice_dag.task2 scheduled__2024-03-28T00:00:00+00:00 [queued]>
[2024-04-02T00:05:08.337+0000] {taskinstance.py:1979} INFO - Dependencies all met for dep_context=requeueable deps ti=<TaskInstance: first_practice_dag.task2 scheduled__2024-03-28T00:00:00+00:00 [queued]>
[2024-04-02T00:05:08.338+0000] {taskinstance.py:2193} INFO - Starting attempt 1 of 3
[2024-04-02T00:05:08.375+0000] {taskinstance.py:2217} INFO - Executing <Task(BashOperator): task2> on 2024-03-28 00:00:00+00:00
[2024-04-02T00:05:08.383+0000] {standard_task_runner.py:60} INFO - Started process 1611 to run task
[2024-04-02T00:05:08.388+0000] {standard_task_runner.py:87} INFO - Running: ['***', 'tasks', 'run', 'first_practice_dag', 'task2', 'scheduled__2024-03-28T00:00:00+00:00', '--job-id', '127', '--raw', '--subdir', 'DAGS_FOLDER/first_practice_dag.py', '--cfg-path', '/tmp/tmpyaen8q5s']
[2024-04-02T00:05:08.393+0000] {standard_task_runner.py:88} INFO - Job 127: Subtask task2
[2024-04-02T00:05:08.493+0000] {logging_mixin.py:188} INFO - Changing /opt/***/logs/dag_id=first_practice_dag/run_id=scheduled__2024-03-28T00:00:00+00:00/task_id=task2 permission to 509
[2024-04-02T00:05:08.496+0000] {logging_mixin.py:188} INFO - Changing /opt/***/logs/dag_id=first_practice_dag/run_id=scheduled__2024-03-28T00:00:00+00:00 permission to 509
[2024-04-02T00:05:08.498+0000] {logging_mixin.py:188} INFO - Changing /opt/***/logs/dag_id=first_practice_dag permission to 509
[2024-04-02T00:05:08.500+0000] {logging_mixin.py:188} INFO - Changing /opt/***/logs permission to 509
[2024-04-02T00:05:08.505+0000] {task_command.py:423} INFO - Running <TaskInstance: first_practice_dag.task2 scheduled__2024-03-28T00:00:00+00:00 [running]> on host 46dc445f2ec8
[2024-04-02T00:05:08.675+0000] {taskinstance.py:2513} INFO - Exporting env vars: AIRFLOW_CTX_DAG_OWNER='***' AIRFLOW_CTX_DAG_ID='first_practice_dag' AIRFLOW_CTX_TASK_ID='task2' AIRFLOW_CTX_EXECUTION_DATE='2024-03-28T00:00:00+00:00' AIRFLOW_CTX_TRY_NUMBER='1' AIRFLOW_CTX_DAG_RUN_ID='scheduled__2024-03-28T00:00:00+00:00'
[2024-04-02T00:05:08.680+0000] {subprocess.py:63} INFO - Tmp dir root location: /tmp
[2024-04-02T00:05:08.682+0000] {subprocess.py:75} INFO - Running command: ['/usr/bin/bash', '-c', 'echo My name is Jacob!']
[2024-04-02T00:05:08.696+0000] {subprocess.py:86} INFO - Output:
[2024-04-02T00:05:08.698+0000] {subprocess.py:93} INFO - My name is Jacob!
[2024-04-02T00:05:08.700+0000] {subprocess.py:97} INFO - Command exited with return code 0
[2024-04-02T00:05:08.742+0000] {taskinstance.py:1149} INFO - Marking task as SUCCESS. dag_id=first_practice_dag, task_id=task2, execution_date=20240328T000000, start_date=20240402T000508, end_date=20240402T000508
[2024-04-02T00:05:08.806+0000] {local_task_job_runner.py:234} INFO - Task exited with return code 0
[2024-04-02T00:05:08.833+0000] {taskinstance.py:3312} INFO - 0 downstream tasks scheduled from follow-on schedule check
