[2024-04-04T00:04:31.148+0000] {logging_mixin.py:188} INFO - Changing /opt/***/logs/dag_id=dag_with_cron_expression_v5/run_id=scheduled__2024-04-02T05:12:00+00:00/task_id=task1 permission to 509
[2024-04-04T00:04:31.151+0000] {logging_mixin.py:188} INFO - Changing /opt/***/logs/dag_id=dag_with_cron_expression_v5/run_id=scheduled__2024-04-02T05:12:00+00:00 permission to 509
[2024-04-04T00:04:31.153+0000] {logging_mixin.py:188} INFO - Changing /opt/***/logs/dag_id=dag_with_cron_expression_v5 permission to 509
[2024-04-04T00:04:31.155+0000] {logging_mixin.py:188} INFO - Changing /opt/***/logs permission to 509
[2024-04-04T00:04:31.209+0000] {logging_mixin.py:188} INFO - Changing /opt/***/logs/dag_id=dag_with_cron_expression_v5/run_id=scheduled__2024-04-02T05:12:00+00:00/task_id=task1 permission to 509
[2024-04-04T00:04:31.219+0000] {logging_mixin.py:188} INFO - Changing /opt/***/logs/dag_id=dag_with_cron_expression_v5/run_id=scheduled__2024-04-02T05:12:00+00:00 permission to 509
[2024-04-04T00:04:31.224+0000] {logging_mixin.py:188} INFO - Changing /opt/***/logs/dag_id=dag_with_cron_expression_v5 permission to 509
[2024-04-04T00:04:31.227+0000] {logging_mixin.py:188} INFO - Changing /opt/***/logs permission to 509
[2024-04-04T00:04:31.299+0000] {taskinstance.py:1979} INFO - Dependencies all met for dep_context=non-requeueable deps ti=<TaskInstance: dag_with_cron_expression_v5.task1 scheduled__2024-04-02T05:12:00+00:00 [queued]>
[2024-04-04T00:04:31.316+0000] {taskinstance.py:1979} INFO - Dependencies all met for dep_context=requeueable deps ti=<TaskInstance: dag_with_cron_expression_v5.task1 scheduled__2024-04-02T05:12:00+00:00 [queued]>
[2024-04-04T00:04:31.317+0000] {taskinstance.py:2193} INFO - Starting attempt 1 of 6
[2024-04-04T00:04:31.430+0000] {taskinstance.py:2217} INFO - Executing <Task(BashOperator): task1> on 2024-04-02 05:12:00+00:00
[2024-04-04T00:04:31.437+0000] {standard_task_runner.py:60} INFO - Started process 1630 to run task
[2024-04-04T00:04:31.442+0000] {standard_task_runner.py:87} INFO - Running: ['***', 'tasks', 'run', 'dag_with_cron_expression_v5', 'task1', 'scheduled__2024-04-02T05:12:00+00:00', '--job-id', '305', '--raw', '--subdir', 'DAGS_FOLDER/dag_with_cron.py', '--cfg-path', '/tmp/tmp4yiqkxqv']
[2024-04-04T00:04:31.445+0000] {standard_task_runner.py:88} INFO - Job 305: Subtask task1
[2024-04-04T00:04:31.513+0000] {logging_mixin.py:188} INFO - Changing /opt/***/logs/dag_id=dag_with_cron_expression_v5/run_id=scheduled__2024-04-02T05:12:00+00:00/task_id=task1 permission to 509
[2024-04-04T00:04:31.515+0000] {logging_mixin.py:188} INFO - Changing /opt/***/logs/dag_id=dag_with_cron_expression_v5/run_id=scheduled__2024-04-02T05:12:00+00:00 permission to 509
[2024-04-04T00:04:31.517+0000] {logging_mixin.py:188} INFO - Changing /opt/***/logs/dag_id=dag_with_cron_expression_v5 permission to 509
[2024-04-04T00:04:31.519+0000] {logging_mixin.py:188} INFO - Changing /opt/***/logs permission to 509
[2024-04-04T00:04:31.522+0000] {task_command.py:423} INFO - Running <TaskInstance: dag_with_cron_expression_v5.task1 scheduled__2024-04-02T05:12:00+00:00 [running]> on host 235f0c517704
[2024-04-04T00:04:31.646+0000] {taskinstance.py:2513} INFO - Exporting env vars: AIRFLOW_CTX_DAG_OWNER='coder2j' AIRFLOW_CTX_DAG_ID='dag_with_cron_expression_v5' AIRFLOW_CTX_TASK_ID='task1' AIRFLOW_CTX_EXECUTION_DATE='2024-04-02T05:12:00+00:00' AIRFLOW_CTX_TRY_NUMBER='1' AIRFLOW_CTX_DAG_RUN_ID='scheduled__2024-04-02T05:12:00+00:00'
[2024-04-04T00:04:31.647+0000] {subprocess.py:63} INFO - Tmp dir root location: /tmp
[2024-04-04T00:04:31.648+0000] {subprocess.py:75} INFO - Running command: ['/usr/bin/bash', '-c', 'echo dag with cron expression!']
[2024-04-04T00:04:31.658+0000] {subprocess.py:86} INFO - Output:
[2024-04-04T00:04:31.660+0000] {subprocess.py:93} INFO - dag with cron expression!
[2024-04-04T00:04:31.661+0000] {subprocess.py:97} INFO - Command exited with return code 0
[2024-04-04T00:04:31.690+0000] {taskinstance.py:1149} INFO - Marking task as SUCCESS. dag_id=dag_with_cron_expression_v5, task_id=task1, execution_date=20240402T051200, start_date=20240404T000431, end_date=20240404T000431
[2024-04-04T00:04:31.735+0000] {local_task_job_runner.py:234} INFO - Task exited with return code 0
[2024-04-04T00:04:31.755+0000] {taskinstance.py:3312} INFO - 0 downstream tasks scheduled from follow-on schedule check
