[2024-04-01T23:33:48.309+0000] {logging_mixin.py:188} INFO - Changing /opt/***/logs/dag_id=our_first_dag/run_id=scheduled__2021-08-25T00:00:00+00:00/task_id=task1 permission to 509
[2024-04-01T23:33:48.311+0000] {logging_mixin.py:188} INFO - Changing /opt/***/logs/dag_id=our_first_dag/run_id=scheduled__2021-08-25T00:00:00+00:00 permission to 509
[2024-04-01T23:33:48.314+0000] {logging_mixin.py:188} INFO - Changing /opt/***/logs/dag_id=our_first_dag permission to 509
[2024-04-01T23:33:48.316+0000] {logging_mixin.py:188} INFO - Changing /opt/***/logs permission to 509
[2024-04-01T23:33:48.366+0000] {logging_mixin.py:188} INFO - Changing /opt/***/logs/dag_id=our_first_dag/run_id=scheduled__2021-08-25T00:00:00+00:00/task_id=task1 permission to 509
[2024-04-01T23:33:48.369+0000] {logging_mixin.py:188} INFO - Changing /opt/***/logs/dag_id=our_first_dag/run_id=scheduled__2021-08-25T00:00:00+00:00 permission to 509
[2024-04-01T23:33:48.371+0000] {logging_mixin.py:188} INFO - Changing /opt/***/logs/dag_id=our_first_dag permission to 509
[2024-04-01T23:33:48.373+0000] {logging_mixin.py:188} INFO - Changing /opt/***/logs permission to 509
[2024-04-01T23:33:48.448+0000] {taskinstance.py:1979} INFO - Dependencies all met for dep_context=non-requeueable deps ti=<TaskInstance: our_first_dag.task1 scheduled__2021-08-25T00:00:00+00:00 [queued]>
[2024-04-01T23:33:48.469+0000] {taskinstance.py:1979} INFO - Dependencies all met for dep_context=requeueable deps ti=<TaskInstance: our_first_dag.task1 scheduled__2021-08-25T00:00:00+00:00 [queued]>
[2024-04-01T23:33:48.470+0000] {taskinstance.py:2193} INFO - Starting attempt 1 of 6
[2024-04-01T23:33:48.499+0000] {taskinstance.py:2217} INFO - Executing <Task(BashOperator): task1> on 2021-08-25 00:00:00+00:00
[2024-04-01T23:33:48.505+0000] {standard_task_runner.py:60} INFO - Started process 449 to run task
[2024-04-01T23:33:48.509+0000] {standard_task_runner.py:87} INFO - Running: ['***', 'tasks', 'run', 'our_first_dag', 'task1', 'scheduled__2021-08-25T00:00:00+00:00', '--job-id', '30', '--raw', '--subdir', 'DAGS_FOLDER/our_first_dag.py', '--cfg-path', '/tmp/tmpete0ztqc']
[2024-04-01T23:33:48.513+0000] {standard_task_runner.py:88} INFO - Job 30: Subtask task1
[2024-04-01T23:33:48.605+0000] {logging_mixin.py:188} INFO - Changing /opt/***/logs/dag_id=our_first_dag/run_id=scheduled__2021-08-25T00:00:00+00:00/task_id=task1 permission to 509
[2024-04-01T23:33:48.609+0000] {logging_mixin.py:188} INFO - Changing /opt/***/logs/dag_id=our_first_dag/run_id=scheduled__2021-08-25T00:00:00+00:00 permission to 509
[2024-04-01T23:33:48.612+0000] {logging_mixin.py:188} INFO - Changing /opt/***/logs/dag_id=our_first_dag permission to 509
[2024-04-01T23:33:48.615+0000] {logging_mixin.py:188} INFO - Changing /opt/***/logs permission to 509
[2024-04-01T23:33:48.621+0000] {task_command.py:423} INFO - Running <TaskInstance: our_first_dag.task1 scheduled__2021-08-25T00:00:00+00:00 [running]> on host 46dc445f2ec8
[2024-04-01T23:33:48.797+0000] {taskinstance.py:2513} INFO - Exporting env vars: AIRFLOW_CTX_DAG_OWNER='coder2j' AIRFLOW_CTX_DAG_ID='our_first_dag' AIRFLOW_CTX_TASK_ID='task1' AIRFLOW_CTX_EXECUTION_DATE='2021-08-25T00:00:00+00:00' AIRFLOW_CTX_TRY_NUMBER='1' AIRFLOW_CTX_DAG_RUN_ID='scheduled__2021-08-25T00:00:00+00:00'
[2024-04-01T23:33:48.801+0000] {subprocess.py:63} INFO - Tmp dir root location: /tmp
[2024-04-01T23:33:48.802+0000] {subprocess.py:75} INFO - Running command: ['/usr/bin/bash', '-c', 'echo Hello, World!']
[2024-04-01T23:33:48.816+0000] {subprocess.py:86} INFO - Output:
[2024-04-01T23:33:48.818+0000] {subprocess.py:93} INFO - Hello, World!
[2024-04-01T23:33:48.820+0000] {subprocess.py:97} INFO - Command exited with return code 0
[2024-04-01T23:33:48.872+0000] {taskinstance.py:1149} INFO - Marking task as SUCCESS. dag_id=our_first_dag, task_id=task1, execution_date=20210825T000000, start_date=20240401T233348, end_date=20240401T233348
[2024-04-01T23:33:48.925+0000] {local_task_job_runner.py:234} INFO - Task exited with return code 0
[2024-04-01T23:33:49.031+0000] {taskinstance.py:3312} INFO - 0 downstream tasks scheduled from follow-on schedule check
