[2024-04-02T00:24:32.663+0000] {logging_mixin.py:188} INFO - Changing /opt/***/logs/dag_id=dag_python_operator_v5/run_id=scheduled__2024-03-31T00:00:00+00:00/task_id=task2 permission to 509
[2024-04-02T00:24:32.665+0000] {logging_mixin.py:188} INFO - Changing /opt/***/logs/dag_id=dag_python_operator_v5/run_id=scheduled__2024-03-31T00:00:00+00:00 permission to 509
[2024-04-02T00:24:32.668+0000] {logging_mixin.py:188} INFO - Changing /opt/***/logs/dag_id=dag_python_operator_v5 permission to 509
[2024-04-02T00:24:32.670+0000] {logging_mixin.py:188} INFO - Changing /opt/***/logs permission to 509
[2024-04-02T00:24:32.711+0000] {logging_mixin.py:188} INFO - Changing /opt/***/logs/dag_id=dag_python_operator_v5/run_id=scheduled__2024-03-31T00:00:00+00:00/task_id=task2 permission to 509
[2024-04-02T00:24:32.714+0000] {logging_mixin.py:188} INFO - Changing /opt/***/logs/dag_id=dag_python_operator_v5/run_id=scheduled__2024-03-31T00:00:00+00:00 permission to 509
[2024-04-02T00:24:32.717+0000] {logging_mixin.py:188} INFO - Changing /opt/***/logs/dag_id=dag_python_operator_v5 permission to 509
[2024-04-02T00:24:32.719+0000] {logging_mixin.py:188} INFO - Changing /opt/***/logs permission to 509
[2024-04-02T00:24:32.756+0000] {taskinstance.py:1979} INFO - Dependencies all met for dep_context=non-requeueable deps ti=<TaskInstance: dag_python_operator_v5.task2 scheduled__2024-03-31T00:00:00+00:00 [queued]>
[2024-04-02T00:24:32.765+0000] {taskinstance.py:1979} INFO - Dependencies all met for dep_context=requeueable deps ti=<TaskInstance: dag_python_operator_v5.task2 scheduled__2024-03-31T00:00:00+00:00 [queued]>
[2024-04-02T00:24:32.766+0000] {taskinstance.py:2193} INFO - Starting attempt 2 of 7
[2024-04-02T00:24:32.781+0000] {taskinstance.py:2217} INFO - Executing <Task(PythonOperator): task2> on 2024-03-31 00:00:00+00:00
[2024-04-02T00:24:32.785+0000] {standard_task_runner.py:60} INFO - Started process 2480 to run task
[2024-04-02T00:24:32.788+0000] {standard_task_runner.py:87} INFO - Running: ['***', 'tasks', 'run', 'dag_python_operator_v5', 'task2', 'scheduled__2024-03-31T00:00:00+00:00', '--job-id', '147', '--raw', '--subdir', 'DAGS_FOLDER/create_dag_with_python_operator.py', '--cfg-path', '/tmp/tmpn6azozp5']
[2024-04-02T00:24:32.790+0000] {standard_task_runner.py:88} INFO - Job 147: Subtask task2
[2024-04-02T00:24:32.841+0000] {logging_mixin.py:188} INFO - Changing /opt/***/logs/dag_id=dag_python_operator_v5/run_id=scheduled__2024-03-31T00:00:00+00:00/task_id=task2 permission to 509
[2024-04-02T00:24:32.843+0000] {logging_mixin.py:188} INFO - Changing /opt/***/logs/dag_id=dag_python_operator_v5/run_id=scheduled__2024-03-31T00:00:00+00:00 permission to 509
[2024-04-02T00:24:32.845+0000] {logging_mixin.py:188} INFO - Changing /opt/***/logs/dag_id=dag_python_operator_v5 permission to 509
[2024-04-02T00:24:32.846+0000] {logging_mixin.py:188} INFO - Changing /opt/***/logs permission to 509
[2024-04-02T00:24:32.848+0000] {task_command.py:423} INFO - Running <TaskInstance: dag_python_operator_v5.task2 scheduled__2024-03-31T00:00:00+00:00 [running]> on host 46dc445f2ec8
[2024-04-02T00:24:32.929+0000] {taskinstance.py:2513} INFO - Exporting env vars: AIRFLOW_CTX_DAG_OWNER='coder2j' AIRFLOW_CTX_DAG_ID='dag_python_operator_v5' AIRFLOW_CTX_TASK_ID='task2' AIRFLOW_CTX_EXECUTION_DATE='2024-03-31T00:00:00+00:00' AIRFLOW_CTX_TRY_NUMBER='2' AIRFLOW_CTX_DAG_RUN_ID='scheduled__2024-03-31T00:00:00+00:00'
[2024-04-02T00:24:32.952+0000] {python.py:202} INFO - Done. Returned value was: None
[2024-04-02T00:24:32.961+0000] {taskinstance.py:1149} INFO - Marking task as SUCCESS. dag_id=dag_python_operator_v5, task_id=task2, execution_date=20240331T000000, start_date=20240402T002432, end_date=20240402T002432
[2024-04-02T00:24:33.001+0000] {local_task_job_runner.py:234} INFO - Task exited with return code 0
[2024-04-02T00:24:33.024+0000] {taskinstance.py:3312} INFO - 1 downstream tasks scheduled from follow-on schedule check
