[2024-03-26T21:03:55.947+0000] {processor.py:161} INFO - Started process (PID=385) to work on /home/airflow/.local/lib/python3.8/site-packages/airflow/example_dags/example_setup_teardown.py
[2024-03-26T21:03:55.949+0000] {processor.py:830} INFO - Processing file /home/airflow/.local/lib/python3.8/site-packages/airflow/example_dags/example_setup_teardown.py for tasks to queue
[2024-03-26T21:03:55.958+0000] {logging_mixin.py:188} INFO - [2024-03-26T21:03:55.957+0000] {dagbag.py:540} INFO - Filling up the DagBag from /home/airflow/.local/lib/python3.8/site-packages/airflow/example_dags/example_setup_teardown.py
[2024-03-26T21:03:55.999+0000] {processor.py:840} INFO - DAG(s) 'example_setup_teardown' retrieved from /home/airflow/.local/lib/python3.8/site-packages/airflow/example_dags/example_setup_teardown.py
[2024-03-26T21:03:56.628+0000] {logging_mixin.py:188} INFO - [2024-03-26T21:03:56.627+0000] {dag.py:3047} INFO - Sync 1 DAGs
[2024-03-26T21:03:56.747+0000] {logging_mixin.py:188} INFO - [2024-03-26T21:03:56.747+0000] {dag.py:3834} INFO - Setting next_dagrun for example_setup_teardown to 2024-03-25 00:00:00+00:00, run_after=2024-03-26 00:00:00+00:00
[2024-03-26T21:03:58.727+0000] {processor.py:183} INFO - Processing /home/airflow/.local/lib/python3.8/site-packages/airflow/example_dags/example_setup_teardown.py took 2.798 seconds
[2024-03-26T21:04:29.428+0000] {processor.py:161} INFO - Started process (PID=632) to work on /home/airflow/.local/lib/python3.8/site-packages/airflow/example_dags/example_setup_teardown.py
[2024-03-26T21:04:29.436+0000] {processor.py:830} INFO - Processing file /home/airflow/.local/lib/python3.8/site-packages/airflow/example_dags/example_setup_teardown.py for tasks to queue
[2024-03-26T21:04:29.438+0000] {logging_mixin.py:188} INFO - [2024-03-26T21:04:29.438+0000] {dagbag.py:540} INFO - Filling up the DagBag from /home/airflow/.local/lib/python3.8/site-packages/airflow/example_dags/example_setup_teardown.py
[2024-03-26T21:04:29.468+0000] {processor.py:840} INFO - DAG(s) 'example_setup_teardown' retrieved from /home/airflow/.local/lib/python3.8/site-packages/airflow/example_dags/example_setup_teardown.py
[2024-03-26T21:04:29.528+0000] {logging_mixin.py:188} INFO - [2024-03-26T21:04:29.528+0000] {dag.py:3047} INFO - Sync 1 DAGs
[2024-03-26T21:04:29.608+0000] {logging_mixin.py:188} INFO - [2024-03-26T21:04:29.607+0000] {dag.py:3834} INFO - Setting next_dagrun for example_setup_teardown to 2024-03-25 00:00:00+00:00, run_after=2024-03-26 00:00:00+00:00
[2024-03-26T21:04:29.678+0000] {processor.py:183} INFO - Processing /home/airflow/.local/lib/python3.8/site-packages/airflow/example_dags/example_setup_teardown.py took 0.262 seconds
[2024-03-26T21:05:00.125+0000] {processor.py:161} INFO - Started process (PID=876) to work on /home/airflow/.local/lib/python3.8/site-packages/airflow/example_dags/example_setup_teardown.py
[2024-03-26T21:05:00.133+0000] {processor.py:830} INFO - Processing file /home/airflow/.local/lib/python3.8/site-packages/airflow/example_dags/example_setup_teardown.py for tasks to queue
[2024-03-26T21:05:00.134+0000] {logging_mixin.py:188} INFO - [2024-03-26T21:05:00.134+0000] {dagbag.py:540} INFO - Filling up the DagBag from /home/airflow/.local/lib/python3.8/site-packages/airflow/example_dags/example_setup_teardown.py
[2024-03-26T21:05:00.153+0000] {processor.py:840} INFO - DAG(s) 'example_setup_teardown' retrieved from /home/airflow/.local/lib/python3.8/site-packages/airflow/example_dags/example_setup_teardown.py
[2024-03-26T21:05:00.203+0000] {logging_mixin.py:188} INFO - [2024-03-26T21:05:00.203+0000] {dag.py:3047} INFO - Sync 1 DAGs
[2024-03-26T21:05:00.262+0000] {logging_mixin.py:188} INFO - [2024-03-26T21:05:00.261+0000] {dag.py:3834} INFO - Setting next_dagrun for example_setup_teardown to 2024-03-25 00:00:00+00:00, run_after=2024-03-26 00:00:00+00:00
[2024-03-26T21:05:00.322+0000] {processor.py:183} INFO - Processing /home/airflow/.local/lib/python3.8/site-packages/airflow/example_dags/example_setup_teardown.py took 0.201 seconds
[2024-03-26T21:05:30.443+0000] {processor.py:161} INFO - Started process (PID=1123) to work on /home/airflow/.local/lib/python3.8/site-packages/airflow/example_dags/example_setup_teardown.py
[2024-03-26T21:05:30.450+0000] {processor.py:830} INFO - Processing file /home/airflow/.local/lib/python3.8/site-packages/airflow/example_dags/example_setup_teardown.py for tasks to queue
[2024-03-26T21:05:30.451+0000] {logging_mixin.py:188} INFO - [2024-03-26T21:05:30.451+0000] {dagbag.py:540} INFO - Filling up the DagBag from /home/airflow/.local/lib/python3.8/site-packages/airflow/example_dags/example_setup_teardown.py
[2024-03-26T21:05:30.469+0000] {processor.py:840} INFO - DAG(s) 'example_setup_teardown' retrieved from /home/airflow/.local/lib/python3.8/site-packages/airflow/example_dags/example_setup_teardown.py
[2024-03-26T21:05:30.519+0000] {logging_mixin.py:188} INFO - [2024-03-26T21:05:30.519+0000] {dag.py:3047} INFO - Sync 1 DAGs
[2024-03-26T21:05:30.578+0000] {logging_mixin.py:188} INFO - [2024-03-26T21:05:30.573+0000] {dag.py:3834} INFO - Setting next_dagrun for example_setup_teardown to 2024-03-25 00:00:00+00:00, run_after=2024-03-26 00:00:00+00:00
[2024-03-26T21:05:30.633+0000] {processor.py:183} INFO - Processing /home/airflow/.local/lib/python3.8/site-packages/airflow/example_dags/example_setup_teardown.py took 0.194 seconds
[2024-03-26T21:06:00.979+0000] {processor.py:161} INFO - Started process (PID=1371) to work on /home/airflow/.local/lib/python3.8/site-packages/airflow/example_dags/example_setup_teardown.py
[2024-03-26T21:06:00.980+0000] {processor.py:830} INFO - Processing file /home/airflow/.local/lib/python3.8/site-packages/airflow/example_dags/example_setup_teardown.py for tasks to queue
[2024-03-26T21:06:00.987+0000] {logging_mixin.py:188} INFO - [2024-03-26T21:06:00.986+0000] {dagbag.py:540} INFO - Filling up the DagBag from /home/airflow/.local/lib/python3.8/site-packages/airflow/example_dags/example_setup_teardown.py
[2024-03-26T21:06:01.016+0000] {processor.py:840} INFO - DAG(s) 'example_setup_teardown' retrieved from /home/airflow/.local/lib/python3.8/site-packages/airflow/example_dags/example_setup_teardown.py
[2024-03-26T21:06:01.069+0000] {logging_mixin.py:188} INFO - [2024-03-26T21:06:01.069+0000] {dag.py:3047} INFO - Sync 1 DAGs
[2024-03-26T21:06:01.128+0000] {logging_mixin.py:188} INFO - [2024-03-26T21:06:01.128+0000] {dag.py:3834} INFO - Setting next_dagrun for example_setup_teardown to 2024-03-25 00:00:00+00:00, run_after=2024-03-26 00:00:00+00:00
[2024-03-26T21:06:01.199+0000] {processor.py:183} INFO - Processing /home/airflow/.local/lib/python3.8/site-packages/airflow/example_dags/example_setup_teardown.py took 0.230 seconds
[2024-03-26T21:06:31.504+0000] {processor.py:161} INFO - Started process (PID=1618) to work on /home/airflow/.local/lib/python3.8/site-packages/airflow/example_dags/example_setup_teardown.py
[2024-03-26T21:06:31.506+0000] {processor.py:830} INFO - Processing file /home/airflow/.local/lib/python3.8/site-packages/airflow/example_dags/example_setup_teardown.py for tasks to queue
[2024-03-26T21:06:31.513+0000] {logging_mixin.py:188} INFO - [2024-03-26T21:06:31.507+0000] {dagbag.py:540} INFO - Filling up the DagBag from /home/airflow/.local/lib/python3.8/site-packages/airflow/example_dags/example_setup_teardown.py
[2024-03-26T21:06:31.555+0000] {processor.py:840} INFO - DAG(s) 'example_setup_teardown' retrieved from /home/airflow/.local/lib/python3.8/site-packages/airflow/example_dags/example_setup_teardown.py
[2024-03-26T21:06:31.667+0000] {logging_mixin.py:188} INFO - [2024-03-26T21:06:31.667+0000] {dag.py:3047} INFO - Sync 1 DAGs
[2024-03-26T21:06:31.784+0000] {logging_mixin.py:188} INFO - [2024-03-26T21:06:31.784+0000] {dag.py:3834} INFO - Setting next_dagrun for example_setup_teardown to 2024-03-25 00:00:00+00:00, run_after=2024-03-26 00:00:00+00:00
[2024-03-26T21:06:31.884+0000] {processor.py:183} INFO - Processing /home/airflow/.local/lib/python3.8/site-packages/airflow/example_dags/example_setup_teardown.py took 0.410 seconds
[2024-03-26T21:07:02.064+0000] {processor.py:161} INFO - Started process (PID=1865) to work on /home/airflow/.local/lib/python3.8/site-packages/airflow/example_dags/example_setup_teardown.py
[2024-03-26T21:07:02.065+0000] {processor.py:830} INFO - Processing file /home/airflow/.local/lib/python3.8/site-packages/airflow/example_dags/example_setup_teardown.py for tasks to queue
[2024-03-26T21:07:02.066+0000] {logging_mixin.py:188} INFO - [2024-03-26T21:07:02.066+0000] {dagbag.py:540} INFO - Filling up the DagBag from /home/airflow/.local/lib/python3.8/site-packages/airflow/example_dags/example_setup_teardown.py
[2024-03-26T21:07:02.087+0000] {processor.py:840} INFO - DAG(s) 'example_setup_teardown' retrieved from /home/airflow/.local/lib/python3.8/site-packages/airflow/example_dags/example_setup_teardown.py
[2024-03-26T21:07:02.144+0000] {logging_mixin.py:188} INFO - [2024-03-26T21:07:02.144+0000] {dag.py:3047} INFO - Sync 1 DAGs
[2024-03-26T21:07:02.203+0000] {logging_mixin.py:188} INFO - [2024-03-26T21:07:02.203+0000] {dag.py:3834} INFO - Setting next_dagrun for example_setup_teardown to 2024-03-25 00:00:00+00:00, run_after=2024-03-26 00:00:00+00:00
[2024-03-26T21:07:02.266+0000] {processor.py:183} INFO - Processing /home/airflow/.local/lib/python3.8/site-packages/airflow/example_dags/example_setup_teardown.py took 0.210 seconds
[2024-03-26T21:07:32.645+0000] {processor.py:161} INFO - Started process (PID=2112) to work on /home/airflow/.local/lib/python3.8/site-packages/airflow/example_dags/example_setup_teardown.py
[2024-03-26T21:07:32.652+0000] {processor.py:830} INFO - Processing file /home/airflow/.local/lib/python3.8/site-packages/airflow/example_dags/example_setup_teardown.py for tasks to queue
[2024-03-26T21:07:32.654+0000] {logging_mixin.py:188} INFO - [2024-03-26T21:07:32.653+0000] {dagbag.py:540} INFO - Filling up the DagBag from /home/airflow/.local/lib/python3.8/site-packages/airflow/example_dags/example_setup_teardown.py
[2024-03-26T21:07:32.682+0000] {processor.py:840} INFO - DAG(s) 'example_setup_teardown' retrieved from /home/airflow/.local/lib/python3.8/site-packages/airflow/example_dags/example_setup_teardown.py
[2024-03-26T21:07:32.754+0000] {logging_mixin.py:188} INFO - [2024-03-26T21:07:32.753+0000] {dag.py:3047} INFO - Sync 1 DAGs
[2024-03-26T21:07:32.835+0000] {logging_mixin.py:188} INFO - [2024-03-26T21:07:32.834+0000] {dag.py:3834} INFO - Setting next_dagrun for example_setup_teardown to 2024-03-25 00:00:00+00:00, run_after=2024-03-26 00:00:00+00:00
[2024-03-26T21:07:32.922+0000] {processor.py:183} INFO - Processing /home/airflow/.local/lib/python3.8/site-packages/airflow/example_dags/example_setup_teardown.py took 0.288 seconds
[2024-03-26T21:08:03.452+0000] {processor.py:161} INFO - Started process (PID=2358) to work on /home/airflow/.local/lib/python3.8/site-packages/airflow/example_dags/example_setup_teardown.py
[2024-03-26T21:08:03.464+0000] {processor.py:830} INFO - Processing file /home/airflow/.local/lib/python3.8/site-packages/airflow/example_dags/example_setup_teardown.py for tasks to queue
[2024-03-26T21:08:03.466+0000] {logging_mixin.py:188} INFO - [2024-03-26T21:08:03.466+0000] {dagbag.py:540} INFO - Filling up the DagBag from /home/airflow/.local/lib/python3.8/site-packages/airflow/example_dags/example_setup_teardown.py
[2024-03-26T21:08:03.504+0000] {processor.py:840} INFO - DAG(s) 'example_setup_teardown' retrieved from /home/airflow/.local/lib/python3.8/site-packages/airflow/example_dags/example_setup_teardown.py
[2024-03-26T21:08:03.575+0000] {logging_mixin.py:188} INFO - [2024-03-26T21:08:03.574+0000] {dag.py:3047} INFO - Sync 1 DAGs
[2024-03-26T21:08:03.635+0000] {logging_mixin.py:188} INFO - [2024-03-26T21:08:03.635+0000] {dag.py:3834} INFO - Setting next_dagrun for example_setup_teardown to 2024-03-25 00:00:00+00:00, run_after=2024-03-26 00:00:00+00:00
[2024-03-26T21:08:03.682+0000] {processor.py:183} INFO - Processing /home/airflow/.local/lib/python3.8/site-packages/airflow/example_dags/example_setup_teardown.py took 0.239 seconds
[2024-03-26T21:08:34.319+0000] {processor.py:161} INFO - Started process (PID=2605) to work on /home/airflow/.local/lib/python3.8/site-packages/airflow/example_dags/example_setup_teardown.py
[2024-03-26T21:08:34.320+0000] {processor.py:830} INFO - Processing file /home/airflow/.local/lib/python3.8/site-packages/airflow/example_dags/example_setup_teardown.py for tasks to queue
[2024-03-26T21:08:34.322+0000] {logging_mixin.py:188} INFO - [2024-03-26T21:08:34.321+0000] {dagbag.py:540} INFO - Filling up the DagBag from /home/airflow/.local/lib/python3.8/site-packages/airflow/example_dags/example_setup_teardown.py
[2024-03-26T21:08:34.348+0000] {processor.py:840} INFO - DAG(s) 'example_setup_teardown' retrieved from /home/airflow/.local/lib/python3.8/site-packages/airflow/example_dags/example_setup_teardown.py
[2024-03-26T21:08:34.400+0000] {logging_mixin.py:188} INFO - [2024-03-26T21:08:34.400+0000] {dag.py:3047} INFO - Sync 1 DAGs
[2024-03-26T21:08:34.477+0000] {logging_mixin.py:188} INFO - [2024-03-26T21:08:34.471+0000] {dag.py:3834} INFO - Setting next_dagrun for example_setup_teardown to 2024-03-25 00:00:00+00:00, run_after=2024-03-26 00:00:00+00:00
[2024-03-26T21:08:34.552+0000] {processor.py:183} INFO - Processing /home/airflow/.local/lib/python3.8/site-packages/airflow/example_dags/example_setup_teardown.py took 0.242 seconds
[2024-03-26T21:09:05.187+0000] {processor.py:161} INFO - Started process (PID=2858) to work on /home/airflow/.local/lib/python3.8/site-packages/airflow/example_dags/example_setup_teardown.py
[2024-03-26T21:09:05.198+0000] {processor.py:830} INFO - Processing file /home/airflow/.local/lib/python3.8/site-packages/airflow/example_dags/example_setup_teardown.py for tasks to queue
[2024-03-26T21:09:05.199+0000] {logging_mixin.py:188} INFO - [2024-03-26T21:09:05.199+0000] {dagbag.py:540} INFO - Filling up the DagBag from /home/airflow/.local/lib/python3.8/site-packages/airflow/example_dags/example_setup_teardown.py
[2024-03-26T21:09:05.227+0000] {processor.py:840} INFO - DAG(s) 'example_setup_teardown' retrieved from /home/airflow/.local/lib/python3.8/site-packages/airflow/example_dags/example_setup_teardown.py
[2024-03-26T21:09:05.307+0000] {logging_mixin.py:188} INFO - [2024-03-26T21:09:05.307+0000] {dag.py:3047} INFO - Sync 1 DAGs
[2024-03-26T21:09:05.377+0000] {logging_mixin.py:188} INFO - [2024-03-26T21:09:05.377+0000] {dag.py:3834} INFO - Setting next_dagrun for example_setup_teardown to 2024-03-25 00:00:00+00:00, run_after=2024-03-26 00:00:00+00:00
[2024-03-26T21:09:05.429+0000] {processor.py:183} INFO - Processing /home/airflow/.local/lib/python3.8/site-packages/airflow/example_dags/example_setup_teardown.py took 0.261 seconds
[2024-03-26T21:09:36.147+0000] {processor.py:161} INFO - Started process (PID=3105) to work on /home/airflow/.local/lib/python3.8/site-packages/airflow/example_dags/example_setup_teardown.py
[2024-03-26T21:09:36.149+0000] {processor.py:830} INFO - Processing file /home/airflow/.local/lib/python3.8/site-packages/airflow/example_dags/example_setup_teardown.py for tasks to queue
[2024-03-26T21:09:36.156+0000] {logging_mixin.py:188} INFO - [2024-03-26T21:09:36.150+0000] {dagbag.py:540} INFO - Filling up the DagBag from /home/airflow/.local/lib/python3.8/site-packages/airflow/example_dags/example_setup_teardown.py
[2024-03-26T21:09:36.179+0000] {processor.py:840} INFO - DAG(s) 'example_setup_teardown' retrieved from /home/airflow/.local/lib/python3.8/site-packages/airflow/example_dags/example_setup_teardown.py
[2024-03-26T21:09:36.268+0000] {logging_mixin.py:188} INFO - [2024-03-26T21:09:36.268+0000] {dag.py:3047} INFO - Sync 1 DAGs
[2024-03-26T21:09:36.337+0000] {logging_mixin.py:188} INFO - [2024-03-26T21:09:36.337+0000] {dag.py:3834} INFO - Setting next_dagrun for example_setup_teardown to 2024-03-25 00:00:00+00:00, run_after=2024-03-26 00:00:00+00:00
[2024-03-26T21:09:36.406+0000] {processor.py:183} INFO - Processing /home/airflow/.local/lib/python3.8/site-packages/airflow/example_dags/example_setup_teardown.py took 0.276 seconds
[2024-03-26T21:10:06.924+0000] {processor.py:161} INFO - Started process (PID=3352) to work on /home/airflow/.local/lib/python3.8/site-packages/airflow/example_dags/example_setup_teardown.py
[2024-03-26T21:10:06.927+0000] {processor.py:830} INFO - Processing file /home/airflow/.local/lib/python3.8/site-packages/airflow/example_dags/example_setup_teardown.py for tasks to queue
[2024-03-26T21:10:06.935+0000] {logging_mixin.py:188} INFO - [2024-03-26T21:10:06.928+0000] {dagbag.py:540} INFO - Filling up the DagBag from /home/airflow/.local/lib/python3.8/site-packages/airflow/example_dags/example_setup_teardown.py
[2024-03-26T21:10:06.977+0000] {processor.py:840} INFO - DAG(s) 'example_setup_teardown' retrieved from /home/airflow/.local/lib/python3.8/site-packages/airflow/example_dags/example_setup_teardown.py
[2024-03-26T21:10:07.088+0000] {logging_mixin.py:188} INFO - [2024-03-26T21:10:07.087+0000] {dag.py:3047} INFO - Sync 1 DAGs
[2024-03-26T21:10:07.196+0000] {logging_mixin.py:188} INFO - [2024-03-26T21:10:07.196+0000] {dag.py:3834} INFO - Setting next_dagrun for example_setup_teardown to 2024-03-25 00:00:00+00:00, run_after=2024-03-26 00:00:00+00:00
[2024-03-26T21:10:07.276+0000] {processor.py:183} INFO - Processing /home/airflow/.local/lib/python3.8/site-packages/airflow/example_dags/example_setup_teardown.py took 0.362 seconds
[2024-03-26T21:10:37.500+0000] {processor.py:161} INFO - Started process (PID=3604) to work on /home/airflow/.local/lib/python3.8/site-packages/airflow/example_dags/example_setup_teardown.py
[2024-03-26T21:10:37.502+0000] {processor.py:830} INFO - Processing file /home/airflow/.local/lib/python3.8/site-packages/airflow/example_dags/example_setup_teardown.py for tasks to queue
[2024-03-26T21:10:37.510+0000] {logging_mixin.py:188} INFO - [2024-03-26T21:10:37.509+0000] {dagbag.py:540} INFO - Filling up the DagBag from /home/airflow/.local/lib/python3.8/site-packages/airflow/example_dags/example_setup_teardown.py
[2024-03-26T21:10:37.550+0000] {processor.py:840} INFO - DAG(s) 'example_setup_teardown' retrieved from /home/airflow/.local/lib/python3.8/site-packages/airflow/example_dags/example_setup_teardown.py
[2024-03-26T21:10:37.623+0000] {logging_mixin.py:188} INFO - [2024-03-26T21:10:37.622+0000] {dag.py:3047} INFO - Sync 1 DAGs
[2024-03-26T21:10:37.703+0000] {logging_mixin.py:188} INFO - [2024-03-26T21:10:37.702+0000] {dag.py:3834} INFO - Setting next_dagrun for example_setup_teardown to 2024-03-25 00:00:00+00:00, run_after=2024-03-26 00:00:00+00:00
[2024-03-26T21:10:37.772+0000] {processor.py:183} INFO - Processing /home/airflow/.local/lib/python3.8/site-packages/airflow/example_dags/example_setup_teardown.py took 0.290 seconds
[2024-03-26T21:11:08.581+0000] {processor.py:161} INFO - Started process (PID=3851) to work on /home/airflow/.local/lib/python3.8/site-packages/airflow/example_dags/example_setup_teardown.py
[2024-03-26T21:11:08.583+0000] {processor.py:830} INFO - Processing file /home/airflow/.local/lib/python3.8/site-packages/airflow/example_dags/example_setup_teardown.py for tasks to queue
[2024-03-26T21:11:08.590+0000] {logging_mixin.py:188} INFO - [2024-03-26T21:11:08.590+0000] {dagbag.py:540} INFO - Filling up the DagBag from /home/airflow/.local/lib/python3.8/site-packages/airflow/example_dags/example_setup_teardown.py
[2024-03-26T21:11:08.611+0000] {processor.py:840} INFO - DAG(s) 'example_setup_teardown' retrieved from /home/airflow/.local/lib/python3.8/site-packages/airflow/example_dags/example_setup_teardown.py
[2024-03-26T21:11:08.680+0000] {logging_mixin.py:188} INFO - [2024-03-26T21:11:08.680+0000] {dag.py:3047} INFO - Sync 1 DAGs
[2024-03-26T21:11:08.872+0000] {logging_mixin.py:188} INFO - [2024-03-26T21:11:08.871+0000] {dag.py:3834} INFO - Setting next_dagrun for example_setup_teardown to 2024-03-25 00:00:00+00:00, run_after=2024-03-26 00:00:00+00:00
[2024-03-26T21:11:09.000+0000] {processor.py:183} INFO - Processing /home/airflow/.local/lib/python3.8/site-packages/airflow/example_dags/example_setup_teardown.py took 0.428 seconds
[2024-03-26T21:11:39.258+0000] {processor.py:161} INFO - Started process (PID=4098) to work on /home/airflow/.local/lib/python3.8/site-packages/airflow/example_dags/example_setup_teardown.py
[2024-03-26T21:11:39.265+0000] {processor.py:830} INFO - Processing file /home/airflow/.local/lib/python3.8/site-packages/airflow/example_dags/example_setup_teardown.py for tasks to queue
[2024-03-26T21:11:39.267+0000] {logging_mixin.py:188} INFO - [2024-03-26T21:11:39.266+0000] {dagbag.py:540} INFO - Filling up the DagBag from /home/airflow/.local/lib/python3.8/site-packages/airflow/example_dags/example_setup_teardown.py
[2024-03-26T21:11:39.287+0000] {processor.py:840} INFO - DAG(s) 'example_setup_teardown' retrieved from /home/airflow/.local/lib/python3.8/site-packages/airflow/example_dags/example_setup_teardown.py
[2024-03-26T21:11:39.355+0000] {logging_mixin.py:188} INFO - [2024-03-26T21:11:39.355+0000] {dag.py:3047} INFO - Sync 1 DAGs
[2024-03-26T21:11:39.417+0000] {logging_mixin.py:188} INFO - [2024-03-26T21:11:39.416+0000] {dag.py:3834} INFO - Setting next_dagrun for example_setup_teardown to 2024-03-25 00:00:00+00:00, run_after=2024-03-26 00:00:00+00:00
[2024-03-26T21:11:39.487+0000] {processor.py:183} INFO - Processing /home/airflow/.local/lib/python3.8/site-packages/airflow/example_dags/example_setup_teardown.py took 0.242 seconds
[2024-03-26T21:12:09.667+0000] {processor.py:161} INFO - Started process (PID=4345) to work on /home/airflow/.local/lib/python3.8/site-packages/airflow/example_dags/example_setup_teardown.py
[2024-03-26T21:12:09.669+0000] {processor.py:830} INFO - Processing file /home/airflow/.local/lib/python3.8/site-packages/airflow/example_dags/example_setup_teardown.py for tasks to queue
[2024-03-26T21:12:09.676+0000] {logging_mixin.py:188} INFO - [2024-03-26T21:12:09.676+0000] {dagbag.py:540} INFO - Filling up the DagBag from /home/airflow/.local/lib/python3.8/site-packages/airflow/example_dags/example_setup_teardown.py
[2024-03-26T21:12:09.697+0000] {processor.py:840} INFO - DAG(s) 'example_setup_teardown' retrieved from /home/airflow/.local/lib/python3.8/site-packages/airflow/example_dags/example_setup_teardown.py
[2024-03-26T21:12:09.776+0000] {logging_mixin.py:188} INFO - [2024-03-26T21:12:09.770+0000] {dag.py:3047} INFO - Sync 1 DAGs
[2024-03-26T21:12:09.847+0000] {logging_mixin.py:188} INFO - [2024-03-26T21:12:09.846+0000] {dag.py:3834} INFO - Setting next_dagrun for example_setup_teardown to 2024-03-25 00:00:00+00:00, run_after=2024-03-26 00:00:00+00:00
[2024-03-26T21:12:09.927+0000] {processor.py:183} INFO - Processing /home/airflow/.local/lib/python3.8/site-packages/airflow/example_dags/example_setup_teardown.py took 0.269 seconds
[2024-03-26T21:12:40.114+0000] {processor.py:161} INFO - Started process (PID=4592) to work on /home/airflow/.local/lib/python3.8/site-packages/airflow/example_dags/example_setup_teardown.py
[2024-03-26T21:12:40.122+0000] {processor.py:830} INFO - Processing file /home/airflow/.local/lib/python3.8/site-packages/airflow/example_dags/example_setup_teardown.py for tasks to queue
[2024-03-26T21:12:40.124+0000] {logging_mixin.py:188} INFO - [2024-03-26T21:12:40.123+0000] {dagbag.py:540} INFO - Filling up the DagBag from /home/airflow/.local/lib/python3.8/site-packages/airflow/example_dags/example_setup_teardown.py
[2024-03-26T21:12:40.163+0000] {processor.py:840} INFO - DAG(s) 'example_setup_teardown' retrieved from /home/airflow/.local/lib/python3.8/site-packages/airflow/example_dags/example_setup_teardown.py
[2024-03-26T21:12:40.243+0000] {logging_mixin.py:188} INFO - [2024-03-26T21:12:40.242+0000] {dag.py:3047} INFO - Sync 1 DAGs
[2024-03-26T21:12:40.335+0000] {logging_mixin.py:188} INFO - [2024-03-26T21:12:40.334+0000] {dag.py:3834} INFO - Setting next_dagrun for example_setup_teardown to 2024-03-25 00:00:00+00:00, run_after=2024-03-26 00:00:00+00:00
[2024-03-26T21:12:40.432+0000] {processor.py:183} INFO - Processing /home/airflow/.local/lib/python3.8/site-packages/airflow/example_dags/example_setup_teardown.py took 0.337 seconds
[2024-03-26T21:13:10.804+0000] {processor.py:161} INFO - Started process (PID=4839) to work on /home/airflow/.local/lib/python3.8/site-packages/airflow/example_dags/example_setup_teardown.py
[2024-03-26T21:13:10.805+0000] {processor.py:830} INFO - Processing file /home/airflow/.local/lib/python3.8/site-packages/airflow/example_dags/example_setup_teardown.py for tasks to queue
[2024-03-26T21:13:10.813+0000] {logging_mixin.py:188} INFO - [2024-03-26T21:13:10.813+0000] {dagbag.py:540} INFO - Filling up the DagBag from /home/airflow/.local/lib/python3.8/site-packages/airflow/example_dags/example_setup_teardown.py
[2024-03-26T21:13:10.834+0000] {processor.py:840} INFO - DAG(s) 'example_setup_teardown' retrieved from /home/airflow/.local/lib/python3.8/site-packages/airflow/example_dags/example_setup_teardown.py
[2024-03-26T21:13:10.896+0000] {logging_mixin.py:188} INFO - [2024-03-26T21:13:10.896+0000] {dag.py:3047} INFO - Sync 1 DAGs
[2024-03-26T21:13:10.965+0000] {logging_mixin.py:188} INFO - [2024-03-26T21:13:10.965+0000] {dag.py:3834} INFO - Setting next_dagrun for example_setup_teardown to 2024-03-25 00:00:00+00:00, run_after=2024-03-26 00:00:00+00:00
[2024-03-26T21:13:11.045+0000] {processor.py:183} INFO - Processing /home/airflow/.local/lib/python3.8/site-packages/airflow/example_dags/example_setup_teardown.py took 0.261 seconds
[2024-03-26T21:13:41.200+0000] {processor.py:161} INFO - Started process (PID=5086) to work on /home/airflow/.local/lib/python3.8/site-packages/airflow/example_dags/example_setup_teardown.py
[2024-03-26T21:13:41.210+0000] {processor.py:830} INFO - Processing file /home/airflow/.local/lib/python3.8/site-packages/airflow/example_dags/example_setup_teardown.py for tasks to queue
[2024-03-26T21:13:41.218+0000] {logging_mixin.py:188} INFO - [2024-03-26T21:13:41.218+0000] {dagbag.py:540} INFO - Filling up the DagBag from /home/airflow/.local/lib/python3.8/site-packages/airflow/example_dags/example_setup_teardown.py
[2024-03-26T21:13:41.240+0000] {processor.py:840} INFO - DAG(s) 'example_setup_teardown' retrieved from /home/airflow/.local/lib/python3.8/site-packages/airflow/example_dags/example_setup_teardown.py
[2024-03-26T21:13:41.330+0000] {logging_mixin.py:188} INFO - [2024-03-26T21:13:41.329+0000] {dag.py:3047} INFO - Sync 1 DAGs
[2024-03-26T21:13:41.419+0000] {logging_mixin.py:188} INFO - [2024-03-26T21:13:41.419+0000] {dag.py:3834} INFO - Setting next_dagrun for example_setup_teardown to 2024-03-25 00:00:00+00:00, run_after=2024-03-26 00:00:00+00:00
[2024-03-26T21:13:41.489+0000] {processor.py:183} INFO - Processing /home/airflow/.local/lib/python3.8/site-packages/airflow/example_dags/example_setup_teardown.py took 0.300 seconds
[2024-03-26T21:14:12.311+0000] {processor.py:161} INFO - Started process (PID=5333) to work on /home/airflow/.local/lib/python3.8/site-packages/airflow/example_dags/example_setup_teardown.py
[2024-03-26T21:14:12.312+0000] {processor.py:830} INFO - Processing file /home/airflow/.local/lib/python3.8/site-packages/airflow/example_dags/example_setup_teardown.py for tasks to queue
[2024-03-26T21:14:12.320+0000] {logging_mixin.py:188} INFO - [2024-03-26T21:14:12.320+0000] {dagbag.py:540} INFO - Filling up the DagBag from /home/airflow/.local/lib/python3.8/site-packages/airflow/example_dags/example_setup_teardown.py
[2024-03-26T21:14:12.342+0000] {processor.py:840} INFO - DAG(s) 'example_setup_teardown' retrieved from /home/airflow/.local/lib/python3.8/site-packages/airflow/example_dags/example_setup_teardown.py
[2024-03-26T21:14:12.431+0000] {logging_mixin.py:188} INFO - [2024-03-26T21:14:12.430+0000] {dag.py:3047} INFO - Sync 1 DAGs
[2024-03-26T21:14:12.502+0000] {logging_mixin.py:188} INFO - [2024-03-26T21:14:12.502+0000] {dag.py:3834} INFO - Setting next_dagrun for example_setup_teardown to 2024-03-25 00:00:00+00:00, run_after=2024-03-26 00:00:00+00:00
[2024-03-26T21:14:12.600+0000] {processor.py:183} INFO - Processing /home/airflow/.local/lib/python3.8/site-packages/airflow/example_dags/example_setup_teardown.py took 0.300 seconds
[2024-03-26T21:14:43.496+0000] {processor.py:161} INFO - Started process (PID=5580) to work on /home/airflow/.local/lib/python3.8/site-packages/airflow/example_dags/example_setup_teardown.py
[2024-03-26T21:14:43.505+0000] {processor.py:830} INFO - Processing file /home/airflow/.local/lib/python3.8/site-packages/airflow/example_dags/example_setup_teardown.py for tasks to queue
[2024-03-26T21:14:43.507+0000] {logging_mixin.py:188} INFO - [2024-03-26T21:14:43.507+0000] {dagbag.py:540} INFO - Filling up the DagBag from /home/airflow/.local/lib/python3.8/site-packages/airflow/example_dags/example_setup_teardown.py
[2024-03-26T21:14:43.536+0000] {processor.py:840} INFO - DAG(s) 'example_setup_teardown' retrieved from /home/airflow/.local/lib/python3.8/site-packages/airflow/example_dags/example_setup_teardown.py
[2024-03-26T21:14:43.617+0000] {logging_mixin.py:188} INFO - [2024-03-26T21:14:43.616+0000] {dag.py:3047} INFO - Sync 1 DAGs
[2024-03-26T21:14:43.706+0000] {logging_mixin.py:188} INFO - [2024-03-26T21:14:43.706+0000] {dag.py:3834} INFO - Setting next_dagrun for example_setup_teardown to 2024-03-25 00:00:00+00:00, run_after=2024-03-26 00:00:00+00:00
[2024-03-26T21:14:43.796+0000] {processor.py:183} INFO - Processing /home/airflow/.local/lib/python3.8/site-packages/airflow/example_dags/example_setup_teardown.py took 0.311 seconds
[2024-03-26T21:15:14.396+0000] {processor.py:161} INFO - Started process (PID=5826) to work on /home/airflow/.local/lib/python3.8/site-packages/airflow/example_dags/example_setup_teardown.py
[2024-03-26T21:15:14.398+0000] {processor.py:830} INFO - Processing file /home/airflow/.local/lib/python3.8/site-packages/airflow/example_dags/example_setup_teardown.py for tasks to queue
[2024-03-26T21:15:14.406+0000] {logging_mixin.py:188} INFO - [2024-03-26T21:15:14.406+0000] {dagbag.py:540} INFO - Filling up the DagBag from /home/airflow/.local/lib/python3.8/site-packages/airflow/example_dags/example_setup_teardown.py
[2024-03-26T21:15:14.438+0000] {processor.py:840} INFO - DAG(s) 'example_setup_teardown' retrieved from /home/airflow/.local/lib/python3.8/site-packages/airflow/example_dags/example_setup_teardown.py
[2024-03-26T21:15:14.566+0000] {logging_mixin.py:188} INFO - [2024-03-26T21:15:14.565+0000] {dag.py:3047} INFO - Sync 1 DAGs
[2024-03-26T21:15:14.676+0000] {logging_mixin.py:188} INFO - [2024-03-26T21:15:14.676+0000] {dag.py:3834} INFO - Setting next_dagrun for example_setup_teardown to 2024-03-25 00:00:00+00:00, run_after=2024-03-26 00:00:00+00:00
[2024-03-26T21:15:14.746+0000] {processor.py:183} INFO - Processing /home/airflow/.local/lib/python3.8/site-packages/airflow/example_dags/example_setup_teardown.py took 0.362 seconds
[2024-03-26T21:15:45.236+0000] {processor.py:161} INFO - Started process (PID=6073) to work on /home/airflow/.local/lib/python3.8/site-packages/airflow/example_dags/example_setup_teardown.py
[2024-03-26T21:15:45.244+0000] {processor.py:830} INFO - Processing file /home/airflow/.local/lib/python3.8/site-packages/airflow/example_dags/example_setup_teardown.py for tasks to queue
[2024-03-26T21:15:45.246+0000] {logging_mixin.py:188} INFO - [2024-03-26T21:15:45.246+0000] {dagbag.py:540} INFO - Filling up the DagBag from /home/airflow/.local/lib/python3.8/site-packages/airflow/example_dags/example_setup_teardown.py
[2024-03-26T21:15:45.276+0000] {processor.py:840} INFO - DAG(s) 'example_setup_teardown' retrieved from /home/airflow/.local/lib/python3.8/site-packages/airflow/example_dags/example_setup_teardown.py
[2024-03-26T21:15:45.345+0000] {logging_mixin.py:188} INFO - [2024-03-26T21:15:45.345+0000] {dag.py:3047} INFO - Sync 1 DAGs
[2024-03-26T21:15:45.416+0000] {logging_mixin.py:188} INFO - [2024-03-26T21:15:45.416+0000] {dag.py:3834} INFO - Setting next_dagrun for example_setup_teardown to 2024-03-25 00:00:00+00:00, run_after=2024-03-26 00:00:00+00:00
[2024-03-26T21:15:45.495+0000] {processor.py:183} INFO - Processing /home/airflow/.local/lib/python3.8/site-packages/airflow/example_dags/example_setup_teardown.py took 0.269 seconds
[2024-03-26T21:16:16.412+0000] {processor.py:161} INFO - Started process (PID=6320) to work on /home/airflow/.local/lib/python3.8/site-packages/airflow/example_dags/example_setup_teardown.py
[2024-03-26T21:16:16.415+0000] {processor.py:830} INFO - Processing file /home/airflow/.local/lib/python3.8/site-packages/airflow/example_dags/example_setup_teardown.py for tasks to queue
[2024-03-26T21:16:16.423+0000] {logging_mixin.py:188} INFO - [2024-03-26T21:16:16.423+0000] {dagbag.py:540} INFO - Filling up the DagBag from /home/airflow/.local/lib/python3.8/site-packages/airflow/example_dags/example_setup_teardown.py
[2024-03-26T21:16:16.452+0000] {processor.py:840} INFO - DAG(s) 'example_setup_teardown' retrieved from /home/airflow/.local/lib/python3.8/site-packages/airflow/example_dags/example_setup_teardown.py
[2024-03-26T21:16:16.544+0000] {logging_mixin.py:188} INFO - [2024-03-26T21:16:16.543+0000] {dag.py:3047} INFO - Sync 1 DAGs
[2024-03-26T21:16:16.632+0000] {logging_mixin.py:188} INFO - [2024-03-26T21:16:16.632+0000] {dag.py:3834} INFO - Setting next_dagrun for example_setup_teardown to 2024-03-25 00:00:00+00:00, run_after=2024-03-26 00:00:00+00:00
[2024-03-26T21:16:16.713+0000] {processor.py:183} INFO - Processing /home/airflow/.local/lib/python3.8/site-packages/airflow/example_dags/example_setup_teardown.py took 0.311 seconds
[2024-03-26T21:21:18.036+0000] {processor.py:161} INFO - Started process (PID=391) to work on /home/airflow/.local/lib/python3.8/site-packages/airflow/example_dags/example_setup_teardown.py
[2024-03-26T21:21:18.037+0000] {processor.py:830} INFO - Processing file /home/airflow/.local/lib/python3.8/site-packages/airflow/example_dags/example_setup_teardown.py for tasks to queue
[2024-03-26T21:21:18.046+0000] {logging_mixin.py:188} INFO - [2024-03-26T21:21:18.046+0000] {dagbag.py:540} INFO - Filling up the DagBag from /home/airflow/.local/lib/python3.8/site-packages/airflow/example_dags/example_setup_teardown.py
[2024-03-26T21:21:18.096+0000] {processor.py:840} INFO - DAG(s) 'example_setup_teardown' retrieved from /home/airflow/.local/lib/python3.8/site-packages/airflow/example_dags/example_setup_teardown.py
[2024-03-26T21:21:18.687+0000] {logging_mixin.py:188} INFO - [2024-03-26T21:21:18.687+0000] {dag.py:3047} INFO - Sync 1 DAGs
[2024-03-26T21:21:18.816+0000] {logging_mixin.py:188} INFO - [2024-03-26T21:21:18.816+0000] {dag.py:3834} INFO - Setting next_dagrun for example_setup_teardown to 2024-03-25 00:00:00+00:00, run_after=2024-03-26 00:00:00+00:00
[2024-03-26T21:21:18.937+0000] {processor.py:183} INFO - Processing /home/airflow/.local/lib/python3.8/site-packages/airflow/example_dags/example_setup_teardown.py took 0.931 seconds
[2024-03-26T21:21:49.690+0000] {processor.py:161} INFO - Started process (PID=636) to work on /home/airflow/.local/lib/python3.8/site-packages/airflow/example_dags/example_setup_teardown.py
[2024-03-26T21:21:49.691+0000] {processor.py:830} INFO - Processing file /home/airflow/.local/lib/python3.8/site-packages/airflow/example_dags/example_setup_teardown.py for tasks to queue
[2024-03-26T21:21:49.700+0000] {logging_mixin.py:188} INFO - [2024-03-26T21:21:49.700+0000] {dagbag.py:540} INFO - Filling up the DagBag from /home/airflow/.local/lib/python3.8/site-packages/airflow/example_dags/example_setup_teardown.py
[2024-03-26T21:21:49.750+0000] {processor.py:840} INFO - DAG(s) 'example_setup_teardown' retrieved from /home/airflow/.local/lib/python3.8/site-packages/airflow/example_dags/example_setup_teardown.py
[2024-03-26T21:21:49.890+0000] {logging_mixin.py:188} INFO - [2024-03-26T21:21:49.889+0000] {dag.py:3047} INFO - Sync 1 DAGs
[2024-03-26T21:21:50.030+0000] {logging_mixin.py:188} INFO - [2024-03-26T21:21:50.030+0000] {dag.py:3834} INFO - Setting next_dagrun for example_setup_teardown to 2024-03-25 00:00:00+00:00, run_after=2024-03-26 00:00:00+00:00
[2024-03-26T21:21:50.160+0000] {processor.py:183} INFO - Processing /home/airflow/.local/lib/python3.8/site-packages/airflow/example_dags/example_setup_teardown.py took 0.499 seconds
[2024-03-26T21:22:20.514+0000] {processor.py:161} INFO - Started process (PID=883) to work on /home/airflow/.local/lib/python3.8/site-packages/airflow/example_dags/example_setup_teardown.py
[2024-03-26T21:22:20.515+0000] {processor.py:830} INFO - Processing file /home/airflow/.local/lib/python3.8/site-packages/airflow/example_dags/example_setup_teardown.py for tasks to queue
[2024-03-26T21:22:20.524+0000] {logging_mixin.py:188} INFO - [2024-03-26T21:22:20.524+0000] {dagbag.py:540} INFO - Filling up the DagBag from /home/airflow/.local/lib/python3.8/site-packages/airflow/example_dags/example_setup_teardown.py
[2024-03-26T21:22:20.564+0000] {processor.py:840} INFO - DAG(s) 'example_setup_teardown' retrieved from /home/airflow/.local/lib/python3.8/site-packages/airflow/example_dags/example_setup_teardown.py
[2024-03-26T21:22:20.694+0000] {logging_mixin.py:188} INFO - [2024-03-26T21:22:20.693+0000] {dag.py:3047} INFO - Sync 1 DAGs
[2024-03-26T21:22:20.804+0000] {logging_mixin.py:188} INFO - [2024-03-26T21:22:20.803+0000] {dag.py:3834} INFO - Setting next_dagrun for example_setup_teardown to 2024-03-25 00:00:00+00:00, run_after=2024-03-26 00:00:00+00:00
[2024-03-26T21:22:20.905+0000] {processor.py:183} INFO - Processing /home/airflow/.local/lib/python3.8/site-packages/airflow/example_dags/example_setup_teardown.py took 0.411 seconds
[2024-03-26T21:22:51.355+0000] {processor.py:161} INFO - Started process (PID=1130) to work on /home/airflow/.local/lib/python3.8/site-packages/airflow/example_dags/example_setup_teardown.py
[2024-03-26T21:22:51.356+0000] {processor.py:830} INFO - Processing file /home/airflow/.local/lib/python3.8/site-packages/airflow/example_dags/example_setup_teardown.py for tasks to queue
[2024-03-26T21:22:51.365+0000] {logging_mixin.py:188} INFO - [2024-03-26T21:22:51.357+0000] {dagbag.py:540} INFO - Filling up the DagBag from /home/airflow/.local/lib/python3.8/site-packages/airflow/example_dags/example_setup_teardown.py
[2024-03-26T21:22:51.396+0000] {processor.py:840} INFO - DAG(s) 'example_setup_teardown' retrieved from /home/airflow/.local/lib/python3.8/site-packages/airflow/example_dags/example_setup_teardown.py
[2024-03-26T21:22:51.516+0000] {logging_mixin.py:188} INFO - [2024-03-26T21:22:51.515+0000] {dag.py:3047} INFO - Sync 1 DAGs
[2024-03-26T21:22:51.645+0000] {logging_mixin.py:188} INFO - [2024-03-26T21:22:51.645+0000] {dag.py:3834} INFO - Setting next_dagrun for example_setup_teardown to 2024-03-25 00:00:00+00:00, run_after=2024-03-26 00:00:00+00:00
[2024-03-26T21:22:51.775+0000] {processor.py:183} INFO - Processing /home/airflow/.local/lib/python3.8/site-packages/airflow/example_dags/example_setup_teardown.py took 0.448 seconds
[2024-03-26T21:23:22.750+0000] {processor.py:161} INFO - Started process (PID=1377) to work on /home/airflow/.local/lib/python3.8/site-packages/airflow/example_dags/example_setup_teardown.py
[2024-03-26T21:23:22.769+0000] {processor.py:830} INFO - Processing file /home/airflow/.local/lib/python3.8/site-packages/airflow/example_dags/example_setup_teardown.py for tasks to queue
[2024-03-26T21:23:22.780+0000] {logging_mixin.py:188} INFO - [2024-03-26T21:23:22.779+0000] {dagbag.py:540} INFO - Filling up the DagBag from /home/airflow/.local/lib/python3.8/site-packages/airflow/example_dags/example_setup_teardown.py
[2024-03-26T21:23:22.869+0000] {processor.py:840} INFO - DAG(s) 'example_setup_teardown' retrieved from /home/airflow/.local/lib/python3.8/site-packages/airflow/example_dags/example_setup_teardown.py
[2024-03-26T21:23:23.140+0000] {logging_mixin.py:188} INFO - [2024-03-26T21:23:23.138+0000] {dag.py:3047} INFO - Sync 1 DAGs
[2024-03-26T21:23:23.409+0000] {logging_mixin.py:188} INFO - [2024-03-26T21:23:23.409+0000] {dag.py:3834} INFO - Setting next_dagrun for example_setup_teardown to 2024-03-25 00:00:00+00:00, run_after=2024-03-26 00:00:00+00:00
[2024-03-26T21:23:23.659+0000] {processor.py:183} INFO - Processing /home/airflow/.local/lib/python3.8/site-packages/airflow/example_dags/example_setup_teardown.py took 0.938 seconds
[2024-03-26T21:23:54.035+0000] {processor.py:161} INFO - Started process (PID=1624) to work on /home/airflow/.local/lib/python3.8/site-packages/airflow/example_dags/example_setup_teardown.py
[2024-03-26T21:23:54.044+0000] {processor.py:830} INFO - Processing file /home/airflow/.local/lib/python3.8/site-packages/airflow/example_dags/example_setup_teardown.py for tasks to queue
[2024-03-26T21:23:54.053+0000] {logging_mixin.py:188} INFO - [2024-03-26T21:23:54.045+0000] {dagbag.py:540} INFO - Filling up the DagBag from /home/airflow/.local/lib/python3.8/site-packages/airflow/example_dags/example_setup_teardown.py
[2024-03-26T21:23:54.104+0000] {processor.py:840} INFO - DAG(s) 'example_setup_teardown' retrieved from /home/airflow/.local/lib/python3.8/site-packages/airflow/example_dags/example_setup_teardown.py
[2024-03-26T21:23:54.285+0000] {logging_mixin.py:188} INFO - [2024-03-26T21:23:54.285+0000] {dag.py:3047} INFO - Sync 1 DAGs
[2024-03-26T21:23:54.494+0000] {logging_mixin.py:188} INFO - [2024-03-26T21:23:54.494+0000] {dag.py:3834} INFO - Setting next_dagrun for example_setup_teardown to 2024-03-25 00:00:00+00:00, run_after=2024-03-26 00:00:00+00:00
[2024-03-26T21:23:54.665+0000] {processor.py:183} INFO - Processing /home/airflow/.local/lib/python3.8/site-packages/airflow/example_dags/example_setup_teardown.py took 0.660 seconds
[2024-03-26T21:24:24.998+0000] {processor.py:161} INFO - Started process (PID=1869) to work on /home/airflow/.local/lib/python3.8/site-packages/airflow/example_dags/example_setup_teardown.py
[2024-03-26T21:24:25.008+0000] {processor.py:830} INFO - Processing file /home/airflow/.local/lib/python3.8/site-packages/airflow/example_dags/example_setup_teardown.py for tasks to queue
[2024-03-26T21:24:25.018+0000] {logging_mixin.py:188} INFO - [2024-03-26T21:24:25.009+0000] {dagbag.py:540} INFO - Filling up the DagBag from /home/airflow/.local/lib/python3.8/site-packages/airflow/example_dags/example_setup_teardown.py
[2024-03-26T21:24:25.068+0000] {processor.py:840} INFO - DAG(s) 'example_setup_teardown' retrieved from /home/airflow/.local/lib/python3.8/site-packages/airflow/example_dags/example_setup_teardown.py
[2024-03-26T21:24:25.199+0000] {logging_mixin.py:188} INFO - [2024-03-26T21:24:25.199+0000] {dag.py:3047} INFO - Sync 1 DAGs
[2024-03-26T21:24:25.378+0000] {logging_mixin.py:188} INFO - [2024-03-26T21:24:25.378+0000] {dag.py:3834} INFO - Setting next_dagrun for example_setup_teardown to 2024-03-25 00:00:00+00:00, run_after=2024-03-26 00:00:00+00:00
[2024-03-26T21:24:25.509+0000] {processor.py:183} INFO - Processing /home/airflow/.local/lib/python3.8/site-packages/airflow/example_dags/example_setup_teardown.py took 0.539 seconds
[2024-03-26T21:24:56.071+0000] {processor.py:161} INFO - Started process (PID=2117) to work on /home/airflow/.local/lib/python3.8/site-packages/airflow/example_dags/example_setup_teardown.py
[2024-03-26T21:24:56.081+0000] {processor.py:830} INFO - Processing file /home/airflow/.local/lib/python3.8/site-packages/airflow/example_dags/example_setup_teardown.py for tasks to queue
[2024-03-26T21:24:56.090+0000] {logging_mixin.py:188} INFO - [2024-03-26T21:24:56.090+0000] {dagbag.py:540} INFO - Filling up the DagBag from /home/airflow/.local/lib/python3.8/site-packages/airflow/example_dags/example_setup_teardown.py
[2024-03-26T21:24:56.160+0000] {processor.py:840} INFO - DAG(s) 'example_setup_teardown' retrieved from /home/airflow/.local/lib/python3.8/site-packages/airflow/example_dags/example_setup_teardown.py
[2024-03-26T21:24:56.330+0000] {logging_mixin.py:188} INFO - [2024-03-26T21:24:56.329+0000] {dag.py:3047} INFO - Sync 1 DAGs
[2024-03-26T21:24:56.491+0000] {logging_mixin.py:188} INFO - [2024-03-26T21:24:56.491+0000] {dag.py:3834} INFO - Setting next_dagrun for example_setup_teardown to 2024-03-25 00:00:00+00:00, run_after=2024-03-26 00:00:00+00:00
[2024-03-26T21:24:56.650+0000] {processor.py:183} INFO - Processing /home/airflow/.local/lib/python3.8/site-packages/airflow/example_dags/example_setup_teardown.py took 0.609 seconds
[2024-03-26T21:25:27.033+0000] {processor.py:161} INFO - Started process (PID=2364) to work on /home/airflow/.local/lib/python3.8/site-packages/airflow/example_dags/example_setup_teardown.py
[2024-03-26T21:25:27.043+0000] {processor.py:830} INFO - Processing file /home/airflow/.local/lib/python3.8/site-packages/airflow/example_dags/example_setup_teardown.py for tasks to queue
[2024-03-26T21:25:27.052+0000] {logging_mixin.py:188} INFO - [2024-03-26T21:25:27.052+0000] {dagbag.py:540} INFO - Filling up the DagBag from /home/airflow/.local/lib/python3.8/site-packages/airflow/example_dags/example_setup_teardown.py
[2024-03-26T21:25:27.113+0000] {processor.py:840} INFO - DAG(s) 'example_setup_teardown' retrieved from /home/airflow/.local/lib/python3.8/site-packages/airflow/example_dags/example_setup_teardown.py
[2024-03-26T21:25:27.253+0000] {logging_mixin.py:188} INFO - [2024-03-26T21:25:27.253+0000] {dag.py:3047} INFO - Sync 1 DAGs
[2024-03-26T21:25:27.402+0000] {logging_mixin.py:188} INFO - [2024-03-26T21:25:27.402+0000] {dag.py:3834} INFO - Setting next_dagrun for example_setup_teardown to 2024-03-25 00:00:00+00:00, run_after=2024-03-26 00:00:00+00:00
[2024-03-26T21:25:27.562+0000] {processor.py:183} INFO - Processing /home/airflow/.local/lib/python3.8/site-packages/airflow/example_dags/example_setup_teardown.py took 0.558 seconds
[2024-03-26T21:26:01.115+0000] {processor.py:161} INFO - Started process (PID=2612) to work on /home/airflow/.local/lib/python3.8/site-packages/airflow/example_dags/example_setup_teardown.py
[2024-03-26T21:26:01.125+0000] {processor.py:830} INFO - Processing file /home/airflow/.local/lib/python3.8/site-packages/airflow/example_dags/example_setup_teardown.py for tasks to queue
[2024-03-26T21:26:01.136+0000] {logging_mixin.py:188} INFO - [2024-03-26T21:26:01.135+0000] {dagbag.py:540} INFO - Filling up the DagBag from /home/airflow/.local/lib/python3.8/site-packages/airflow/example_dags/example_setup_teardown.py
[2024-03-26T21:26:01.215+0000] {processor.py:840} INFO - DAG(s) 'example_setup_teardown' retrieved from /home/airflow/.local/lib/python3.8/site-packages/airflow/example_dags/example_setup_teardown.py
[2024-03-26T21:26:01.475+0000] {logging_mixin.py:188} INFO - [2024-03-26T21:26:01.475+0000] {dag.py:3047} INFO - Sync 1 DAGs
[2024-03-26T21:26:01.705+0000] {logging_mixin.py:188} INFO - [2024-03-26T21:26:01.696+0000] {dag.py:3834} INFO - Setting next_dagrun for example_setup_teardown to 2024-03-25 00:00:00+00:00, run_after=2024-03-26 00:00:00+00:00
[2024-03-26T21:26:01.926+0000] {processor.py:183} INFO - Processing /home/airflow/.local/lib/python3.8/site-packages/airflow/example_dags/example_setup_teardown.py took 0.850 seconds
[2024-03-26T21:26:33.570+0000] {processor.py:161} INFO - Started process (PID=2860) to work on /home/airflow/.local/lib/python3.8/site-packages/airflow/example_dags/example_setup_teardown.py
[2024-03-26T21:26:33.580+0000] {processor.py:830} INFO - Processing file /home/airflow/.local/lib/python3.8/site-packages/airflow/example_dags/example_setup_teardown.py for tasks to queue
[2024-03-26T21:26:33.590+0000] {logging_mixin.py:188} INFO - [2024-03-26T21:26:33.589+0000] {dagbag.py:540} INFO - Filling up the DagBag from /home/airflow/.local/lib/python3.8/site-packages/airflow/example_dags/example_setup_teardown.py
[2024-03-26T21:26:33.660+0000] {processor.py:840} INFO - DAG(s) 'example_setup_teardown' retrieved from /home/airflow/.local/lib/python3.8/site-packages/airflow/example_dags/example_setup_teardown.py
[2024-03-26T21:26:33.840+0000] {logging_mixin.py:188} INFO - [2024-03-26T21:26:33.840+0000] {dag.py:3047} INFO - Sync 1 DAGs
[2024-03-26T21:26:34.019+0000] {logging_mixin.py:188} INFO - [2024-03-26T21:26:34.010+0000] {dag.py:3834} INFO - Setting next_dagrun for example_setup_teardown to 2024-03-25 00:00:00+00:00, run_after=2024-03-26 00:00:00+00:00
[2024-03-26T21:26:34.229+0000] {processor.py:183} INFO - Processing /home/airflow/.local/lib/python3.8/site-packages/airflow/example_dags/example_setup_teardown.py took 0.690 seconds
[2024-03-26T21:27:05.283+0000] {processor.py:161} INFO - Started process (PID=3107) to work on /home/airflow/.local/lib/python3.8/site-packages/airflow/example_dags/example_setup_teardown.py
[2024-03-26T21:27:05.293+0000] {processor.py:830} INFO - Processing file /home/airflow/.local/lib/python3.8/site-packages/airflow/example_dags/example_setup_teardown.py for tasks to queue
[2024-03-26T21:27:05.312+0000] {logging_mixin.py:188} INFO - [2024-03-26T21:27:05.303+0000] {dagbag.py:540} INFO - Filling up the DagBag from /home/airflow/.local/lib/python3.8/site-packages/airflow/example_dags/example_setup_teardown.py
[2024-03-26T21:27:05.383+0000] {processor.py:840} INFO - DAG(s) 'example_setup_teardown' retrieved from /home/airflow/.local/lib/python3.8/site-packages/airflow/example_dags/example_setup_teardown.py
[2024-03-26T21:27:05.592+0000] {logging_mixin.py:188} INFO - [2024-03-26T21:27:05.583+0000] {dag.py:3047} INFO - Sync 1 DAGs
[2024-03-26T21:27:05.813+0000] {logging_mixin.py:188} INFO - [2024-03-26T21:27:05.812+0000] {dag.py:3834} INFO - Setting next_dagrun for example_setup_teardown to 2024-03-25 00:00:00+00:00, run_after=2024-03-26 00:00:00+00:00
[2024-03-26T21:27:05.992+0000] {processor.py:183} INFO - Processing /home/airflow/.local/lib/python3.8/site-packages/airflow/example_dags/example_setup_teardown.py took 0.749 seconds
[2024-03-26T21:27:37.003+0000] {processor.py:161} INFO - Started process (PID=3354) to work on /home/airflow/.local/lib/python3.8/site-packages/airflow/example_dags/example_setup_teardown.py
[2024-03-26T21:27:37.013+0000] {processor.py:830} INFO - Processing file /home/airflow/.local/lib/python3.8/site-packages/airflow/example_dags/example_setup_teardown.py for tasks to queue
[2024-03-26T21:27:37.024+0000] {logging_mixin.py:188} INFO - [2024-03-26T21:27:37.024+0000] {dagbag.py:540} INFO - Filling up the DagBag from /home/airflow/.local/lib/python3.8/site-packages/airflow/example_dags/example_setup_teardown.py
[2024-03-26T21:27:37.104+0000] {processor.py:840} INFO - DAG(s) 'example_setup_teardown' retrieved from /home/airflow/.local/lib/python3.8/site-packages/airflow/example_dags/example_setup_teardown.py
[2024-03-26T21:27:37.303+0000] {logging_mixin.py:188} INFO - [2024-03-26T21:27:37.294+0000] {dag.py:3047} INFO - Sync 1 DAGs
[2024-03-26T21:27:37.515+0000] {logging_mixin.py:188} INFO - [2024-03-26T21:27:37.514+0000] {dag.py:3834} INFO - Setting next_dagrun for example_setup_teardown to 2024-03-25 00:00:00+00:00, run_after=2024-03-26 00:00:00+00:00
[2024-03-26T21:27:37.732+0000] {processor.py:183} INFO - Processing /home/airflow/.local/lib/python3.8/site-packages/airflow/example_dags/example_setup_teardown.py took 0.759 seconds
[2024-03-26T21:28:11.403+0000] {processor.py:161} INFO - Started process (PID=3601) to work on /home/airflow/.local/lib/python3.8/site-packages/airflow/example_dags/example_setup_teardown.py
[2024-03-26T21:28:11.414+0000] {processor.py:830} INFO - Processing file /home/airflow/.local/lib/python3.8/site-packages/airflow/example_dags/example_setup_teardown.py for tasks to queue
[2024-03-26T21:28:11.425+0000] {logging_mixin.py:188} INFO - [2024-03-26T21:28:11.424+0000] {dagbag.py:540} INFO - Filling up the DagBag from /home/airflow/.local/lib/python3.8/site-packages/airflow/example_dags/example_setup_teardown.py
[2024-03-26T21:28:11.504+0000] {processor.py:840} INFO - DAG(s) 'example_setup_teardown' retrieved from /home/airflow/.local/lib/python3.8/site-packages/airflow/example_dags/example_setup_teardown.py
[2024-03-26T21:28:11.674+0000] {logging_mixin.py:188} INFO - [2024-03-26T21:28:11.674+0000] {dag.py:3047} INFO - Sync 1 DAGs
[2024-03-26T21:28:11.864+0000] {logging_mixin.py:188} INFO - [2024-03-26T21:28:11.864+0000] {dag.py:3834} INFO - Setting next_dagrun for example_setup_teardown to 2024-03-25 00:00:00+00:00, run_after=2024-03-26 00:00:00+00:00
[2024-03-26T21:28:12.054+0000] {processor.py:183} INFO - Processing /home/airflow/.local/lib/python3.8/site-packages/airflow/example_dags/example_setup_teardown.py took 0.691 seconds
[2024-03-26T21:28:47.132+0000] {processor.py:161} INFO - Started process (PID=3858) to work on /home/airflow/.local/lib/python3.8/site-packages/airflow/example_dags/example_setup_teardown.py
[2024-03-26T21:28:47.151+0000] {processor.py:830} INFO - Processing file /home/airflow/.local/lib/python3.8/site-packages/airflow/example_dags/example_setup_teardown.py for tasks to queue
[2024-03-26T21:28:47.162+0000] {logging_mixin.py:188} INFO - [2024-03-26T21:28:47.161+0000] {dagbag.py:540} INFO - Filling up the DagBag from /home/airflow/.local/lib/python3.8/site-packages/airflow/example_dags/example_setup_teardown.py
[2024-03-26T21:28:47.252+0000] {processor.py:840} INFO - DAG(s) 'example_setup_teardown' retrieved from /home/airflow/.local/lib/python3.8/site-packages/airflow/example_dags/example_setup_teardown.py
[2024-03-26T21:28:47.481+0000] {logging_mixin.py:188} INFO - [2024-03-26T21:28:47.472+0000] {dag.py:3047} INFO - Sync 1 DAGs
[2024-03-26T21:28:47.701+0000] {logging_mixin.py:188} INFO - [2024-03-26T21:28:47.692+0000] {dag.py:3834} INFO - Setting next_dagrun for example_setup_teardown to 2024-03-25 00:00:00+00:00, run_after=2024-03-26 00:00:00+00:00
[2024-03-26T21:28:47.931+0000] {processor.py:183} INFO - Processing /home/airflow/.local/lib/python3.8/site-packages/airflow/example_dags/example_setup_teardown.py took 0.830 seconds
[2024-03-26T21:29:32.213+0000] {processor.py:161} INFO - Started process (PID=4136) to work on /home/airflow/.local/lib/python3.8/site-packages/airflow/example_dags/example_setup_teardown.py
[2024-03-26T21:29:32.232+0000] {processor.py:830} INFO - Processing file /home/airflow/.local/lib/python3.8/site-packages/airflow/example_dags/example_setup_teardown.py for tasks to queue
[2024-03-26T21:29:32.243+0000] {logging_mixin.py:188} INFO - [2024-03-26T21:29:32.242+0000] {dagbag.py:540} INFO - Filling up the DagBag from /home/airflow/.local/lib/python3.8/site-packages/airflow/example_dags/example_setup_teardown.py
[2024-03-26T21:29:32.332+0000] {processor.py:840} INFO - DAG(s) 'example_setup_teardown' retrieved from /home/airflow/.local/lib/python3.8/site-packages/airflow/example_dags/example_setup_teardown.py
[2024-03-26T21:29:32.562+0000] {logging_mixin.py:188} INFO - [2024-03-26T21:29:32.562+0000] {dag.py:3047} INFO - Sync 1 DAGs
[2024-03-26T21:29:32.972+0000] {logging_mixin.py:188} INFO - [2024-03-26T21:29:32.963+0000] {dag.py:3834} INFO - Setting next_dagrun for example_setup_teardown to 2024-03-25 00:00:00+00:00, run_after=2024-03-26 00:00:00+00:00
[2024-03-26T21:29:33.412+0000] {processor.py:183} INFO - Processing /home/airflow/.local/lib/python3.8/site-packages/airflow/example_dags/example_setup_teardown.py took 1.239 seconds
[2024-03-26T21:30:09.240+0000] {processor.py:161} INFO - Started process (PID=4385) to work on /home/airflow/.local/lib/python3.8/site-packages/airflow/example_dags/example_setup_teardown.py
[2024-03-26T21:30:09.251+0000] {processor.py:830} INFO - Processing file /home/airflow/.local/lib/python3.8/site-packages/airflow/example_dags/example_setup_teardown.py for tasks to queue
[2024-03-26T21:30:09.261+0000] {logging_mixin.py:188} INFO - [2024-03-26T21:30:09.260+0000] {dagbag.py:540} INFO - Filling up the DagBag from /home/airflow/.local/lib/python3.8/site-packages/airflow/example_dags/example_setup_teardown.py
[2024-03-26T21:30:09.331+0000] {processor.py:840} INFO - DAG(s) 'example_setup_teardown' retrieved from /home/airflow/.local/lib/python3.8/site-packages/airflow/example_dags/example_setup_teardown.py
[2024-03-26T21:30:09.551+0000] {logging_mixin.py:188} INFO - [2024-03-26T21:30:09.551+0000] {dag.py:3047} INFO - Sync 1 DAGs
[2024-03-26T21:30:09.832+0000] {logging_mixin.py:188} INFO - [2024-03-26T21:30:09.831+0000] {dag.py:3834} INFO - Setting next_dagrun for example_setup_teardown to 2024-03-25 00:00:00+00:00, run_after=2024-03-26 00:00:00+00:00
[2024-03-26T21:30:10.252+0000] {processor.py:183} INFO - Processing /home/airflow/.local/lib/python3.8/site-packages/airflow/example_dags/example_setup_teardown.py took 1.051 seconds
[2024-03-26T21:30:52.890+0000] {processor.py:161} INFO - Started process (PID=4661) to work on /home/airflow/.local/lib/python3.8/site-packages/airflow/example_dags/example_setup_teardown.py
[2024-03-26T21:30:52.901+0000] {processor.py:830} INFO - Processing file /home/airflow/.local/lib/python3.8/site-packages/airflow/example_dags/example_setup_teardown.py for tasks to queue
[2024-03-26T21:30:52.920+0000] {logging_mixin.py:188} INFO - [2024-03-26T21:30:52.919+0000] {dagbag.py:540} INFO - Filling up the DagBag from /home/airflow/.local/lib/python3.8/site-packages/airflow/example_dags/example_setup_teardown.py
[2024-03-26T21:30:53.010+0000] {processor.py:840} INFO - DAG(s) 'example_setup_teardown' retrieved from /home/airflow/.local/lib/python3.8/site-packages/airflow/example_dags/example_setup_teardown.py
[2024-03-26T21:30:53.340+0000] {logging_mixin.py:188} INFO - [2024-03-26T21:30:53.340+0000] {dag.py:3047} INFO - Sync 1 DAGs
[2024-03-26T21:30:53.611+0000] {logging_mixin.py:188} INFO - [2024-03-26T21:30:53.610+0000] {dag.py:3834} INFO - Setting next_dagrun for example_setup_teardown to 2024-03-25 00:00:00+00:00, run_after=2024-03-26 00:00:00+00:00
[2024-03-26T21:30:53.949+0000] {processor.py:183} INFO - Processing /home/airflow/.local/lib/python3.8/site-packages/airflow/example_dags/example_setup_teardown.py took 1.119 seconds
[2024-03-26T21:31:36.789+0000] {processor.py:161} INFO - Started process (PID=4929) to work on /home/airflow/.local/lib/python3.8/site-packages/airflow/example_dags/example_setup_teardown.py
[2024-03-26T21:31:36.799+0000] {processor.py:830} INFO - Processing file /home/airflow/.local/lib/python3.8/site-packages/airflow/example_dags/example_setup_teardown.py for tasks to queue
[2024-03-26T21:31:36.810+0000] {logging_mixin.py:188} INFO - [2024-03-26T21:31:36.809+0000] {dagbag.py:540} INFO - Filling up the DagBag from /home/airflow/.local/lib/python3.8/site-packages/airflow/example_dags/example_setup_teardown.py
[2024-03-26T21:31:36.910+0000] {processor.py:840} INFO - DAG(s) 'example_setup_teardown' retrieved from /home/airflow/.local/lib/python3.8/site-packages/airflow/example_dags/example_setup_teardown.py
[2024-03-26T21:31:37.160+0000] {logging_mixin.py:188} INFO - [2024-03-26T21:31:37.159+0000] {dag.py:3047} INFO - Sync 1 DAGs
[2024-03-26T21:31:37.449+0000] {logging_mixin.py:188} INFO - [2024-03-26T21:31:37.439+0000] {dag.py:3834} INFO - Setting next_dagrun for example_setup_teardown to 2024-03-25 00:00:00+00:00, run_after=2024-03-26 00:00:00+00:00
[2024-03-26T21:31:37.709+0000] {processor.py:183} INFO - Processing /home/airflow/.local/lib/python3.8/site-packages/airflow/example_dags/example_setup_teardown.py took 0.961 seconds
[2024-03-26T21:32:27.837+0000] {processor.py:161} INFO - Started process (PID=5202) to work on /home/airflow/.local/lib/python3.8/site-packages/airflow/example_dags/example_setup_teardown.py
[2024-03-26T21:32:27.877+0000] {processor.py:830} INFO - Processing file /home/airflow/.local/lib/python3.8/site-packages/airflow/example_dags/example_setup_teardown.py for tasks to queue
[2024-03-26T21:32:27.917+0000] {logging_mixin.py:188} INFO - [2024-03-26T21:32:27.897+0000] {dagbag.py:540} INFO - Filling up the DagBag from /home/airflow/.local/lib/python3.8/site-packages/airflow/example_dags/example_setup_teardown.py
[2024-03-26T21:32:28.126+0000] {processor.py:840} INFO - DAG(s) 'example_setup_teardown' retrieved from /home/airflow/.local/lib/python3.8/site-packages/airflow/example_dags/example_setup_teardown.py
[2024-03-26T21:32:28.596+0000] {logging_mixin.py:188} INFO - [2024-03-26T21:32:28.587+0000] {dag.py:3047} INFO - Sync 1 DAGs
[2024-03-26T21:32:29.136+0000] {logging_mixin.py:188} INFO - [2024-03-26T21:32:29.127+0000] {dag.py:3834} INFO - Setting next_dagrun for example_setup_teardown to 2024-03-25 00:00:00+00:00, run_after=2024-03-26 00:00:00+00:00
[2024-03-26T21:32:29.747+0000] {processor.py:183} INFO - Processing /home/airflow/.local/lib/python3.8/site-packages/airflow/example_dags/example_setup_teardown.py took 2.090 seconds
[2024-03-26T21:33:55.563+0000] {processor.py:161} INFO - Started process (PID=5540) to work on /home/airflow/.local/lib/python3.8/site-packages/airflow/example_dags/example_setup_teardown.py
[2024-03-26T21:33:55.583+0000] {processor.py:830} INFO - Processing file /home/airflow/.local/lib/python3.8/site-packages/airflow/example_dags/example_setup_teardown.py for tasks to queue
[2024-03-26T21:33:55.623+0000] {logging_mixin.py:188} INFO - [2024-03-26T21:33:55.613+0000] {dagbag.py:540} INFO - Filling up the DagBag from /home/airflow/.local/lib/python3.8/site-packages/airflow/example_dags/example_setup_teardown.py
[2024-03-26T21:33:55.832+0000] {processor.py:840} INFO - DAG(s) 'example_setup_teardown' retrieved from /home/airflow/.local/lib/python3.8/site-packages/airflow/example_dags/example_setup_teardown.py
[2024-03-26T21:33:56.403+0000] {logging_mixin.py:188} INFO - [2024-03-26T21:33:56.403+0000] {dag.py:3047} INFO - Sync 1 DAGs
[2024-03-26T21:33:57.793+0000] {logging_mixin.py:188} INFO - [2024-03-26T21:33:57.792+0000] {dag.py:3834} INFO - Setting next_dagrun for example_setup_teardown to 2024-03-25 00:00:00+00:00, run_after=2024-03-26 00:00:00+00:00
[2024-03-26T21:33:58.823+0000] {processor.py:183} INFO - Processing /home/airflow/.local/lib/python3.8/site-packages/airflow/example_dags/example_setup_teardown.py took 3.380 seconds
[2024-03-26T21:36:13.248+0000] {processor.py:161} INFO - Started process (PID=5873) to work on /home/airflow/.local/lib/python3.8/site-packages/airflow/example_dags/example_setup_teardown.py
[2024-03-26T21:36:13.318+0000] {processor.py:830} INFO - Processing file /home/airflow/.local/lib/python3.8/site-packages/airflow/example_dags/example_setup_teardown.py for tasks to queue
[2024-03-26T21:36:13.388+0000] {logging_mixin.py:188} INFO - [2024-03-26T21:36:13.368+0000] {dagbag.py:540} INFO - Filling up the DagBag from /home/airflow/.local/lib/python3.8/site-packages/airflow/example_dags/example_setup_teardown.py
[2024-03-26T21:36:13.738+0000] {processor.py:840} INFO - DAG(s) 'example_setup_teardown' retrieved from /home/airflow/.local/lib/python3.8/site-packages/airflow/example_dags/example_setup_teardown.py
[2024-03-26T21:36:14.638+0000] {logging_mixin.py:188} INFO - [2024-03-26T21:36:14.618+0000] {dag.py:3047} INFO - Sync 1 DAGs
[2024-03-26T21:36:15.778+0000] {logging_mixin.py:188} INFO - [2024-03-26T21:36:15.768+0000] {dag.py:3834} INFO - Setting next_dagrun for example_setup_teardown to 2024-03-25 00:00:00+00:00, run_after=2024-03-26 00:00:00+00:00
[2024-03-26T21:36:16.808+0000] {processor.py:183} INFO - Processing /home/airflow/.local/lib/python3.8/site-packages/airflow/example_dags/example_setup_teardown.py took 3.670 seconds
