[2024-03-26T21:03:28.419+0000] {processor.py:161} INFO - Started process (PID=214) to work on /home/airflow/.local/lib/python3.8/site-packages/airflow/example_dags/example_branch_python_dop_operator_3.py
[2024-03-26T21:03:28.421+0000] {processor.py:830} INFO - Processing file /home/airflow/.local/lib/python3.8/site-packages/airflow/example_dags/example_branch_python_dop_operator_3.py for tasks to queue
[2024-03-26T21:03:28.428+0000] {logging_mixin.py:188} INFO - [2024-03-26T21:03:28.423+0000] {dagbag.py:540} INFO - Filling up the DagBag from /home/airflow/.local/lib/python3.8/site-packages/airflow/example_dags/example_branch_python_dop_operator_3.py
[2024-03-26T21:03:28.469+0000] {processor.py:840} INFO - DAG(s) 'example_branch_dop_operator_v3' retrieved from /home/airflow/.local/lib/python3.8/site-packages/airflow/example_dags/example_branch_python_dop_operator_3.py
[2024-03-26T21:03:28.931+0000] {logging_mixin.py:188} INFO - [2024-03-26T21:03:28.930+0000] {dag.py:3047} INFO - Sync 1 DAGs
[2024-03-26T21:03:29.070+0000] {logging_mixin.py:188} INFO - [2024-03-26T21:03:29.070+0000] {dag.py:3834} INFO - Setting next_dagrun for example_branch_dop_operator_v3 to 2024-03-26 21:02:00+00:00, run_after=2024-03-26 21:03:00+00:00
[2024-03-26T21:03:29.153+0000] {processor.py:183} INFO - Processing /home/airflow/.local/lib/python3.8/site-packages/airflow/example_dags/example_branch_python_dop_operator_3.py took 0.744 seconds
[2024-03-26T21:04:08.147+0000] {processor.py:161} INFO - Started process (PID=467) to work on /home/airflow/.local/lib/python3.8/site-packages/airflow/example_dags/example_branch_python_dop_operator_3.py
[2024-03-26T21:04:08.154+0000] {processor.py:830} INFO - Processing file /home/airflow/.local/lib/python3.8/site-packages/airflow/example_dags/example_branch_python_dop_operator_3.py for tasks to queue
[2024-03-26T21:04:08.156+0000] {logging_mixin.py:188} INFO - [2024-03-26T21:04:08.156+0000] {dagbag.py:540} INFO - Filling up the DagBag from /home/airflow/.local/lib/python3.8/site-packages/airflow/example_dags/example_branch_python_dop_operator_3.py
[2024-03-26T21:04:08.196+0000] {processor.py:840} INFO - DAG(s) 'example_branch_dop_operator_v3' retrieved from /home/airflow/.local/lib/python3.8/site-packages/airflow/example_dags/example_branch_python_dop_operator_3.py
[2024-03-26T21:04:08.288+0000] {logging_mixin.py:188} INFO - [2024-03-26T21:04:08.287+0000] {dag.py:3047} INFO - Sync 1 DAGs
[2024-03-26T21:04:08.407+0000] {logging_mixin.py:188} INFO - [2024-03-26T21:04:08.407+0000] {dag.py:3834} INFO - Setting next_dagrun for example_branch_dop_operator_v3 to 2024-03-26 21:03:00+00:00, run_after=2024-03-26 21:04:00+00:00
[2024-03-26T21:04:08.517+0000] {processor.py:183} INFO - Processing /home/airflow/.local/lib/python3.8/site-packages/airflow/example_dags/example_branch_python_dop_operator_3.py took 0.381 seconds
[2024-03-26T21:04:38.983+0000] {processor.py:161} INFO - Started process (PID=713) to work on /home/airflow/.local/lib/python3.8/site-packages/airflow/example_dags/example_branch_python_dop_operator_3.py
[2024-03-26T21:04:38.984+0000] {processor.py:830} INFO - Processing file /home/airflow/.local/lib/python3.8/site-packages/airflow/example_dags/example_branch_python_dop_operator_3.py for tasks to queue
[2024-03-26T21:04:38.991+0000] {logging_mixin.py:188} INFO - [2024-03-26T21:04:38.990+0000] {dagbag.py:540} INFO - Filling up the DagBag from /home/airflow/.local/lib/python3.8/site-packages/airflow/example_dags/example_branch_python_dop_operator_3.py
[2024-03-26T21:04:39.014+0000] {processor.py:840} INFO - DAG(s) 'example_branch_dop_operator_v3' retrieved from /home/airflow/.local/lib/python3.8/site-packages/airflow/example_dags/example_branch_python_dop_operator_3.py
[2024-03-26T21:04:39.081+0000] {logging_mixin.py:188} INFO - [2024-03-26T21:04:39.081+0000] {dag.py:3047} INFO - Sync 1 DAGs
[2024-03-26T21:04:39.163+0000] {logging_mixin.py:188} INFO - [2024-03-26T21:04:39.162+0000] {dag.py:3834} INFO - Setting next_dagrun for example_branch_dop_operator_v3 to 2024-03-26 21:03:00+00:00, run_after=2024-03-26 21:04:00+00:00
[2024-03-26T21:04:39.225+0000] {processor.py:183} INFO - Processing /home/airflow/.local/lib/python3.8/site-packages/airflow/example_dags/example_branch_python_dop_operator_3.py took 0.252 seconds
[2024-03-26T21:05:09.612+0000] {processor.py:161} INFO - Started process (PID=955) to work on /home/airflow/.local/lib/python3.8/site-packages/airflow/example_dags/example_branch_python_dop_operator_3.py
[2024-03-26T21:05:09.619+0000] {processor.py:830} INFO - Processing file /home/airflow/.local/lib/python3.8/site-packages/airflow/example_dags/example_branch_python_dop_operator_3.py for tasks to queue
[2024-03-26T21:05:09.621+0000] {logging_mixin.py:188} INFO - [2024-03-26T21:05:09.620+0000] {dagbag.py:540} INFO - Filling up the DagBag from /home/airflow/.local/lib/python3.8/site-packages/airflow/example_dags/example_branch_python_dop_operator_3.py
[2024-03-26T21:05:09.659+0000] {processor.py:840} INFO - DAG(s) 'example_branch_dop_operator_v3' retrieved from /home/airflow/.local/lib/python3.8/site-packages/airflow/example_dags/example_branch_python_dop_operator_3.py
[2024-03-26T21:05:09.772+0000] {logging_mixin.py:188} INFO - [2024-03-26T21:05:09.763+0000] {dag.py:3047} INFO - Sync 1 DAGs
[2024-03-26T21:05:09.881+0000] {logging_mixin.py:188} INFO - [2024-03-26T21:05:09.880+0000] {dag.py:3834} INFO - Setting next_dagrun for example_branch_dop_operator_v3 to 2024-03-26 21:04:00+00:00, run_after=2024-03-26 21:05:00+00:00
[2024-03-26T21:05:09.950+0000] {processor.py:183} INFO - Processing /home/airflow/.local/lib/python3.8/site-packages/airflow/example_dags/example_branch_python_dop_operator_3.py took 0.349 seconds
[2024-03-26T21:05:40.227+0000] {processor.py:161} INFO - Started process (PID=1203) to work on /home/airflow/.local/lib/python3.8/site-packages/airflow/example_dags/example_branch_python_dop_operator_3.py
[2024-03-26T21:05:40.229+0000] {processor.py:830} INFO - Processing file /home/airflow/.local/lib/python3.8/site-packages/airflow/example_dags/example_branch_python_dop_operator_3.py for tasks to queue
[2024-03-26T21:05:40.231+0000] {logging_mixin.py:188} INFO - [2024-03-26T21:05:40.230+0000] {dagbag.py:540} INFO - Filling up the DagBag from /home/airflow/.local/lib/python3.8/site-packages/airflow/example_dags/example_branch_python_dop_operator_3.py
[2024-03-26T21:05:40.260+0000] {processor.py:840} INFO - DAG(s) 'example_branch_dop_operator_v3' retrieved from /home/airflow/.local/lib/python3.8/site-packages/airflow/example_dags/example_branch_python_dop_operator_3.py
[2024-03-26T21:05:40.330+0000] {logging_mixin.py:188} INFO - [2024-03-26T21:05:40.329+0000] {dag.py:3047} INFO - Sync 1 DAGs
[2024-03-26T21:05:40.419+0000] {logging_mixin.py:188} INFO - [2024-03-26T21:05:40.419+0000] {dag.py:3834} INFO - Setting next_dagrun for example_branch_dop_operator_v3 to 2024-03-26 21:04:00+00:00, run_after=2024-03-26 21:05:00+00:00
[2024-03-26T21:05:40.479+0000] {processor.py:183} INFO - Processing /home/airflow/.local/lib/python3.8/site-packages/airflow/example_dags/example_branch_python_dop_operator_3.py took 0.261 seconds
[2024-03-26T21:06:11.345+0000] {processor.py:161} INFO - Started process (PID=1450) to work on /home/airflow/.local/lib/python3.8/site-packages/airflow/example_dags/example_branch_python_dop_operator_3.py
[2024-03-26T21:06:11.347+0000] {processor.py:830} INFO - Processing file /home/airflow/.local/lib/python3.8/site-packages/airflow/example_dags/example_branch_python_dop_operator_3.py for tasks to queue
[2024-03-26T21:06:11.357+0000] {logging_mixin.py:188} INFO - [2024-03-26T21:06:11.356+0000] {dagbag.py:540} INFO - Filling up the DagBag from /home/airflow/.local/lib/python3.8/site-packages/airflow/example_dags/example_branch_python_dop_operator_3.py
[2024-03-26T21:06:11.426+0000] {processor.py:840} INFO - DAG(s) 'example_branch_dop_operator_v3' retrieved from /home/airflow/.local/lib/python3.8/site-packages/airflow/example_dags/example_branch_python_dop_operator_3.py
[2024-03-26T21:06:11.585+0000] {logging_mixin.py:188} INFO - [2024-03-26T21:06:11.585+0000] {dag.py:3047} INFO - Sync 1 DAGs
[2024-03-26T21:06:11.816+0000] {logging_mixin.py:188} INFO - [2024-03-26T21:06:11.816+0000] {dag.py:3834} INFO - Setting next_dagrun for example_branch_dop_operator_v3 to 2024-03-26 21:05:00+00:00, run_after=2024-03-26 21:06:00+00:00
[2024-03-26T21:06:11.924+0000] {processor.py:183} INFO - Processing /home/airflow/.local/lib/python3.8/site-packages/airflow/example_dags/example_branch_python_dop_operator_3.py took 0.608 seconds
[2024-03-26T21:06:42.223+0000] {processor.py:161} INFO - Started process (PID=1699) to work on /home/airflow/.local/lib/python3.8/site-packages/airflow/example_dags/example_branch_python_dop_operator_3.py
[2024-03-26T21:06:42.225+0000] {processor.py:830} INFO - Processing file /home/airflow/.local/lib/python3.8/site-packages/airflow/example_dags/example_branch_python_dop_operator_3.py for tasks to queue
[2024-03-26T21:06:42.226+0000] {logging_mixin.py:188} INFO - [2024-03-26T21:06:42.226+0000] {dagbag.py:540} INFO - Filling up the DagBag from /home/airflow/.local/lib/python3.8/site-packages/airflow/example_dags/example_branch_python_dop_operator_3.py
[2024-03-26T21:06:42.273+0000] {processor.py:840} INFO - DAG(s) 'example_branch_dop_operator_v3' retrieved from /home/airflow/.local/lib/python3.8/site-packages/airflow/example_dags/example_branch_python_dop_operator_3.py
[2024-03-26T21:06:42.347+0000] {logging_mixin.py:188} INFO - [2024-03-26T21:06:42.346+0000] {dag.py:3047} INFO - Sync 1 DAGs
[2024-03-26T21:06:42.445+0000] {logging_mixin.py:188} INFO - [2024-03-26T21:06:42.444+0000] {dag.py:3834} INFO - Setting next_dagrun for example_branch_dop_operator_v3 to 2024-03-26 21:05:00+00:00, run_after=2024-03-26 21:06:00+00:00
[2024-03-26T21:06:42.515+0000] {processor.py:183} INFO - Processing /home/airflow/.local/lib/python3.8/site-packages/airflow/example_dags/example_branch_python_dop_operator_3.py took 0.309 seconds
[2024-03-26T21:07:12.705+0000] {processor.py:161} INFO - Started process (PID=1946) to work on /home/airflow/.local/lib/python3.8/site-packages/airflow/example_dags/example_branch_python_dop_operator_3.py
[2024-03-26T21:07:12.711+0000] {processor.py:830} INFO - Processing file /home/airflow/.local/lib/python3.8/site-packages/airflow/example_dags/example_branch_python_dop_operator_3.py for tasks to queue
[2024-03-26T21:07:12.713+0000] {logging_mixin.py:188} INFO - [2024-03-26T21:07:12.713+0000] {dagbag.py:540} INFO - Filling up the DagBag from /home/airflow/.local/lib/python3.8/site-packages/airflow/example_dags/example_branch_python_dop_operator_3.py
[2024-03-26T21:07:12.742+0000] {processor.py:840} INFO - DAG(s) 'example_branch_dop_operator_v3' retrieved from /home/airflow/.local/lib/python3.8/site-packages/airflow/example_dags/example_branch_python_dop_operator_3.py
[2024-03-26T21:07:12.802+0000] {logging_mixin.py:188} INFO - [2024-03-26T21:07:12.802+0000] {dag.py:3047} INFO - Sync 1 DAGs
[2024-03-26T21:07:12.884+0000] {logging_mixin.py:188} INFO - [2024-03-26T21:07:12.884+0000] {dag.py:3834} INFO - Setting next_dagrun for example_branch_dop_operator_v3 to 2024-03-26 21:06:00+00:00, run_after=2024-03-26 21:07:00+00:00
[2024-03-26T21:07:12.965+0000] {processor.py:183} INFO - Processing /home/airflow/.local/lib/python3.8/site-packages/airflow/example_dags/example_branch_python_dop_operator_3.py took 0.280 seconds
[2024-03-26T21:07:43.186+0000] {processor.py:161} INFO - Started process (PID=2192) to work on /home/airflow/.local/lib/python3.8/site-packages/airflow/example_dags/example_branch_python_dop_operator_3.py
[2024-03-26T21:07:43.192+0000] {processor.py:830} INFO - Processing file /home/airflow/.local/lib/python3.8/site-packages/airflow/example_dags/example_branch_python_dop_operator_3.py for tasks to queue
[2024-03-26T21:07:43.194+0000] {logging_mixin.py:188} INFO - [2024-03-26T21:07:43.193+0000] {dagbag.py:540} INFO - Filling up the DagBag from /home/airflow/.local/lib/python3.8/site-packages/airflow/example_dags/example_branch_python_dop_operator_3.py
[2024-03-26T21:07:43.222+0000] {processor.py:840} INFO - DAG(s) 'example_branch_dop_operator_v3' retrieved from /home/airflow/.local/lib/python3.8/site-packages/airflow/example_dags/example_branch_python_dop_operator_3.py
[2024-03-26T21:07:43.284+0000] {logging_mixin.py:188} INFO - [2024-03-26T21:07:43.284+0000] {dag.py:3047} INFO - Sync 1 DAGs
[2024-03-26T21:07:43.363+0000] {logging_mixin.py:188} INFO - [2024-03-26T21:07:43.363+0000] {dag.py:3834} INFO - Setting next_dagrun for example_branch_dop_operator_v3 to 2024-03-26 21:06:00+00:00, run_after=2024-03-26 21:07:00+00:00
[2024-03-26T21:07:43.434+0000] {processor.py:183} INFO - Processing /home/airflow/.local/lib/python3.8/site-packages/airflow/example_dags/example_branch_python_dop_operator_3.py took 0.258 seconds
[2024-03-26T21:08:13.849+0000] {processor.py:161} INFO - Started process (PID=2437) to work on /home/airflow/.local/lib/python3.8/site-packages/airflow/example_dags/example_branch_python_dop_operator_3.py
[2024-03-26T21:08:13.851+0000] {processor.py:830} INFO - Processing file /home/airflow/.local/lib/python3.8/site-packages/airflow/example_dags/example_branch_python_dop_operator_3.py for tasks to queue
[2024-03-26T21:08:13.858+0000] {logging_mixin.py:188} INFO - [2024-03-26T21:08:13.857+0000] {dagbag.py:540} INFO - Filling up the DagBag from /home/airflow/.local/lib/python3.8/site-packages/airflow/example_dags/example_branch_python_dop_operator_3.py
[2024-03-26T21:08:13.890+0000] {processor.py:840} INFO - DAG(s) 'example_branch_dop_operator_v3' retrieved from /home/airflow/.local/lib/python3.8/site-packages/airflow/example_dags/example_branch_python_dop_operator_3.py
[2024-03-26T21:08:13.959+0000] {logging_mixin.py:188} INFO - [2024-03-26T21:08:13.959+0000] {dag.py:3047} INFO - Sync 1 DAGs
[2024-03-26T21:08:14.061+0000] {logging_mixin.py:188} INFO - [2024-03-26T21:08:14.061+0000] {dag.py:3834} INFO - Setting next_dagrun for example_branch_dop_operator_v3 to 2024-03-26 21:07:00+00:00, run_after=2024-03-26 21:08:00+00:00
[2024-03-26T21:08:14.140+0000] {processor.py:183} INFO - Processing /home/airflow/.local/lib/python3.8/site-packages/airflow/example_dags/example_branch_python_dop_operator_3.py took 0.311 seconds
[2024-03-26T21:08:44.780+0000] {processor.py:161} INFO - Started process (PID=2684) to work on /home/airflow/.local/lib/python3.8/site-packages/airflow/example_dags/example_branch_python_dop_operator_3.py
[2024-03-26T21:08:44.788+0000] {processor.py:830} INFO - Processing file /home/airflow/.local/lib/python3.8/site-packages/airflow/example_dags/example_branch_python_dop_operator_3.py for tasks to queue
[2024-03-26T21:08:44.790+0000] {logging_mixin.py:188} INFO - [2024-03-26T21:08:44.789+0000] {dagbag.py:540} INFO - Filling up the DagBag from /home/airflow/.local/lib/python3.8/site-packages/airflow/example_dags/example_branch_python_dop_operator_3.py
[2024-03-26T21:08:44.820+0000] {processor.py:840} INFO - DAG(s) 'example_branch_dop_operator_v3' retrieved from /home/airflow/.local/lib/python3.8/site-packages/airflow/example_dags/example_branch_python_dop_operator_3.py
[2024-03-26T21:08:44.890+0000] {logging_mixin.py:188} INFO - [2024-03-26T21:08:44.889+0000] {dag.py:3047} INFO - Sync 1 DAGs
[2024-03-26T21:08:44.980+0000] {logging_mixin.py:188} INFO - [2024-03-26T21:08:44.980+0000] {dag.py:3834} INFO - Setting next_dagrun for example_branch_dop_operator_v3 to 2024-03-26 21:07:00+00:00, run_after=2024-03-26 21:08:00+00:00
[2024-03-26T21:08:45.039+0000] {processor.py:183} INFO - Processing /home/airflow/.local/lib/python3.8/site-packages/airflow/example_dags/example_branch_python_dop_operator_3.py took 0.269 seconds
[2024-03-26T21:09:15.308+0000] {processor.py:161} INFO - Started process (PID=2931) to work on /home/airflow/.local/lib/python3.8/site-packages/airflow/example_dags/example_branch_python_dop_operator_3.py
[2024-03-26T21:09:15.310+0000] {processor.py:830} INFO - Processing file /home/airflow/.local/lib/python3.8/site-packages/airflow/example_dags/example_branch_python_dop_operator_3.py for tasks to queue
[2024-03-26T21:09:15.317+0000] {logging_mixin.py:188} INFO - [2024-03-26T21:09:15.316+0000] {dagbag.py:540} INFO - Filling up the DagBag from /home/airflow/.local/lib/python3.8/site-packages/airflow/example_dags/example_branch_python_dop_operator_3.py
[2024-03-26T21:09:15.340+0000] {processor.py:840} INFO - DAG(s) 'example_branch_dop_operator_v3' retrieved from /home/airflow/.local/lib/python3.8/site-packages/airflow/example_dags/example_branch_python_dop_operator_3.py
[2024-03-26T21:09:15.407+0000] {logging_mixin.py:188} INFO - [2024-03-26T21:09:15.407+0000] {dag.py:3047} INFO - Sync 1 DAGs
[2024-03-26T21:09:15.498+0000] {logging_mixin.py:188} INFO - [2024-03-26T21:09:15.498+0000] {dag.py:3834} INFO - Setting next_dagrun for example_branch_dop_operator_v3 to 2024-03-26 21:08:00+00:00, run_after=2024-03-26 21:09:00+00:00
[2024-03-26T21:09:15.570+0000] {processor.py:183} INFO - Processing /home/airflow/.local/lib/python3.8/site-packages/airflow/example_dags/example_branch_python_dop_operator_3.py took 0.272 seconds
[2024-03-26T21:09:46.325+0000] {processor.py:161} INFO - Started process (PID=3178) to work on /home/airflow/.local/lib/python3.8/site-packages/airflow/example_dags/example_branch_python_dop_operator_3.py
[2024-03-26T21:09:46.327+0000] {processor.py:830} INFO - Processing file /home/airflow/.local/lib/python3.8/site-packages/airflow/example_dags/example_branch_python_dop_operator_3.py for tasks to queue
[2024-03-26T21:09:46.334+0000] {logging_mixin.py:188} INFO - [2024-03-26T21:09:46.328+0000] {dagbag.py:540} INFO - Filling up the DagBag from /home/airflow/.local/lib/python3.8/site-packages/airflow/example_dags/example_branch_python_dop_operator_3.py
[2024-03-26T21:09:46.358+0000] {processor.py:840} INFO - DAG(s) 'example_branch_dop_operator_v3' retrieved from /home/airflow/.local/lib/python3.8/site-packages/airflow/example_dags/example_branch_python_dop_operator_3.py
[2024-03-26T21:09:46.418+0000] {logging_mixin.py:188} INFO - [2024-03-26T21:09:46.417+0000] {dag.py:3047} INFO - Sync 1 DAGs
[2024-03-26T21:09:46.505+0000] {logging_mixin.py:188} INFO - [2024-03-26T21:09:46.504+0000] {dag.py:3834} INFO - Setting next_dagrun for example_branch_dop_operator_v3 to 2024-03-26 21:08:00+00:00, run_after=2024-03-26 21:09:00+00:00
[2024-03-26T21:09:46.574+0000] {processor.py:183} INFO - Processing /home/airflow/.local/lib/python3.8/site-packages/airflow/example_dags/example_branch_python_dop_operator_3.py took 0.259 seconds
[2024-03-26T21:10:17.176+0000] {processor.py:161} INFO - Started process (PID=3425) to work on /home/airflow/.local/lib/python3.8/site-packages/airflow/example_dags/example_branch_python_dop_operator_3.py
[2024-03-26T21:10:17.183+0000] {processor.py:830} INFO - Processing file /home/airflow/.local/lib/python3.8/site-packages/airflow/example_dags/example_branch_python_dop_operator_3.py for tasks to queue
[2024-03-26T21:10:17.184+0000] {logging_mixin.py:188} INFO - [2024-03-26T21:10:17.184+0000] {dagbag.py:540} INFO - Filling up the DagBag from /home/airflow/.local/lib/python3.8/site-packages/airflow/example_dags/example_branch_python_dop_operator_3.py
[2024-03-26T21:10:17.214+0000] {processor.py:840} INFO - DAG(s) 'example_branch_dop_operator_v3' retrieved from /home/airflow/.local/lib/python3.8/site-packages/airflow/example_dags/example_branch_python_dop_operator_3.py
[2024-03-26T21:10:17.276+0000] {logging_mixin.py:188} INFO - [2024-03-26T21:10:17.276+0000] {dag.py:3047} INFO - Sync 1 DAGs
[2024-03-26T21:10:17.374+0000] {logging_mixin.py:188} INFO - [2024-03-26T21:10:17.373+0000] {dag.py:3834} INFO - Setting next_dagrun for example_branch_dop_operator_v3 to 2024-03-26 21:09:00+00:00, run_after=2024-03-26 21:10:00+00:00
[2024-03-26T21:10:17.453+0000] {processor.py:183} INFO - Processing /home/airflow/.local/lib/python3.8/site-packages/airflow/example_dags/example_branch_python_dop_operator_3.py took 0.288 seconds
[2024-03-26T21:10:47.881+0000] {processor.py:161} INFO - Started process (PID=3672) to work on /home/airflow/.local/lib/python3.8/site-packages/airflow/example_dags/example_branch_python_dop_operator_3.py
[2024-03-26T21:10:47.889+0000] {processor.py:830} INFO - Processing file /home/airflow/.local/lib/python3.8/site-packages/airflow/example_dags/example_branch_python_dop_operator_3.py for tasks to queue
[2024-03-26T21:10:47.891+0000] {logging_mixin.py:188} INFO - [2024-03-26T21:10:47.891+0000] {dagbag.py:540} INFO - Filling up the DagBag from /home/airflow/.local/lib/python3.8/site-packages/airflow/example_dags/example_branch_python_dop_operator_3.py
[2024-03-26T21:10:47.942+0000] {processor.py:840} INFO - DAG(s) 'example_branch_dop_operator_v3' retrieved from /home/airflow/.local/lib/python3.8/site-packages/airflow/example_dags/example_branch_python_dop_operator_3.py
[2024-03-26T21:10:48.021+0000] {logging_mixin.py:188} INFO - [2024-03-26T21:10:48.020+0000] {dag.py:3047} INFO - Sync 1 DAGs
[2024-03-26T21:10:48.150+0000] {logging_mixin.py:188} INFO - [2024-03-26T21:10:48.150+0000] {dag.py:3834} INFO - Setting next_dagrun for example_branch_dop_operator_v3 to 2024-03-26 21:09:00+00:00, run_after=2024-03-26 21:10:00+00:00
[2024-03-26T21:10:48.230+0000] {processor.py:183} INFO - Processing /home/airflow/.local/lib/python3.8/site-packages/airflow/example_dags/example_branch_python_dop_operator_3.py took 0.361 seconds
[2024-03-26T21:11:19.470+0000] {processor.py:161} INFO - Started process (PID=3921) to work on /home/airflow/.local/lib/python3.8/site-packages/airflow/example_dags/example_branch_python_dop_operator_3.py
[2024-03-26T21:11:19.472+0000] {processor.py:830} INFO - Processing file /home/airflow/.local/lib/python3.8/site-packages/airflow/example_dags/example_branch_python_dop_operator_3.py for tasks to queue
[2024-03-26T21:11:19.473+0000] {logging_mixin.py:188} INFO - [2024-03-26T21:11:19.473+0000] {dagbag.py:540} INFO - Filling up the DagBag from /home/airflow/.local/lib/python3.8/site-packages/airflow/example_dags/example_branch_python_dop_operator_3.py
[2024-03-26T21:11:19.510+0000] {processor.py:840} INFO - DAG(s) 'example_branch_dop_operator_v3' retrieved from /home/airflow/.local/lib/python3.8/site-packages/airflow/example_dags/example_branch_python_dop_operator_3.py
[2024-03-26T21:11:19.612+0000] {logging_mixin.py:188} INFO - [2024-03-26T21:11:19.612+0000] {dag.py:3047} INFO - Sync 1 DAGs
[2024-03-26T21:11:19.731+0000] {logging_mixin.py:188} INFO - [2024-03-26T21:11:19.730+0000] {dag.py:3834} INFO - Setting next_dagrun for example_branch_dop_operator_v3 to 2024-03-26 21:10:00+00:00, run_after=2024-03-26 21:11:00+00:00
[2024-03-26T21:11:19.831+0000] {processor.py:183} INFO - Processing /home/airflow/.local/lib/python3.8/site-packages/airflow/example_dags/example_branch_python_dop_operator_3.py took 0.371 seconds
[2024-03-26T21:11:50.457+0000] {processor.py:161} INFO - Started process (PID=4168) to work on /home/airflow/.local/lib/python3.8/site-packages/airflow/example_dags/example_branch_python_dop_operator_3.py
[2024-03-26T21:11:50.466+0000] {processor.py:830} INFO - Processing file /home/airflow/.local/lib/python3.8/site-packages/airflow/example_dags/example_branch_python_dop_operator_3.py for tasks to queue
[2024-03-26T21:11:50.468+0000] {logging_mixin.py:188} INFO - [2024-03-26T21:11:50.468+0000] {dagbag.py:540} INFO - Filling up the DagBag from /home/airflow/.local/lib/python3.8/site-packages/airflow/example_dags/example_branch_python_dop_operator_3.py
[2024-03-26T21:11:50.506+0000] {processor.py:840} INFO - DAG(s) 'example_branch_dop_operator_v3' retrieved from /home/airflow/.local/lib/python3.8/site-packages/airflow/example_dags/example_branch_python_dop_operator_3.py
[2024-03-26T21:11:50.568+0000] {logging_mixin.py:188} INFO - [2024-03-26T21:11:50.568+0000] {dag.py:3047} INFO - Sync 1 DAGs
[2024-03-26T21:11:50.667+0000] {logging_mixin.py:188} INFO - [2024-03-26T21:11:50.667+0000] {dag.py:3834} INFO - Setting next_dagrun for example_branch_dop_operator_v3 to 2024-03-26 21:10:00+00:00, run_after=2024-03-26 21:11:00+00:00
[2024-03-26T21:11:50.747+0000] {processor.py:183} INFO - Processing /home/airflow/.local/lib/python3.8/site-packages/airflow/example_dags/example_branch_python_dop_operator_3.py took 0.301 seconds
[2024-03-26T21:12:21.057+0000] {processor.py:161} INFO - Started process (PID=4413) to work on /home/airflow/.local/lib/python3.8/site-packages/airflow/example_dags/example_branch_python_dop_operator_3.py
[2024-03-26T21:12:21.059+0000] {processor.py:830} INFO - Processing file /home/airflow/.local/lib/python3.8/site-packages/airflow/example_dags/example_branch_python_dop_operator_3.py for tasks to queue
[2024-03-26T21:12:21.067+0000] {logging_mixin.py:188} INFO - [2024-03-26T21:12:21.066+0000] {dagbag.py:540} INFO - Filling up the DagBag from /home/airflow/.local/lib/python3.8/site-packages/airflow/example_dags/example_branch_python_dop_operator_3.py
[2024-03-26T21:12:21.107+0000] {processor.py:840} INFO - DAG(s) 'example_branch_dop_operator_v3' retrieved from /home/airflow/.local/lib/python3.8/site-packages/airflow/example_dags/example_branch_python_dop_operator_3.py
[2024-03-26T21:12:21.208+0000] {logging_mixin.py:188} INFO - [2024-03-26T21:12:21.207+0000] {dag.py:3047} INFO - Sync 1 DAGs
[2024-03-26T21:12:21.299+0000] {logging_mixin.py:188} INFO - [2024-03-26T21:12:21.299+0000] {dag.py:3834} INFO - Setting next_dagrun for example_branch_dop_operator_v3 to 2024-03-26 21:11:00+00:00, run_after=2024-03-26 21:12:00+00:00
[2024-03-26T21:12:21.389+0000] {processor.py:183} INFO - Processing /home/airflow/.local/lib/python3.8/site-packages/airflow/example_dags/example_branch_python_dop_operator_3.py took 0.350 seconds
[2024-03-26T21:12:51.885+0000] {processor.py:161} INFO - Started process (PID=4655) to work on /home/airflow/.local/lib/python3.8/site-packages/airflow/example_dags/example_branch_python_dop_operator_3.py
[2024-03-26T21:12:51.895+0000] {processor.py:830} INFO - Processing file /home/airflow/.local/lib/python3.8/site-packages/airflow/example_dags/example_branch_python_dop_operator_3.py for tasks to queue
[2024-03-26T21:12:51.903+0000] {logging_mixin.py:188} INFO - [2024-03-26T21:12:51.902+0000] {dagbag.py:540} INFO - Filling up the DagBag from /home/airflow/.local/lib/python3.8/site-packages/airflow/example_dags/example_branch_python_dop_operator_3.py
[2024-03-26T21:12:51.944+0000] {processor.py:840} INFO - DAG(s) 'example_branch_dop_operator_v3' retrieved from /home/airflow/.local/lib/python3.8/site-packages/airflow/example_dags/example_branch_python_dop_operator_3.py
[2024-03-26T21:12:52.032+0000] {logging_mixin.py:188} INFO - [2024-03-26T21:12:52.032+0000] {dag.py:3047} INFO - Sync 1 DAGs
[2024-03-26T21:12:52.114+0000] {logging_mixin.py:188} INFO - [2024-03-26T21:12:52.114+0000] {dag.py:3834} INFO - Setting next_dagrun for example_branch_dop_operator_v3 to 2024-03-26 21:11:00+00:00, run_after=2024-03-26 21:12:00+00:00
[2024-03-26T21:12:52.184+0000] {processor.py:183} INFO - Processing /home/airflow/.local/lib/python3.8/site-packages/airflow/example_dags/example_branch_python_dop_operator_3.py took 0.311 seconds
[2024-03-26T21:13:22.815+0000] {processor.py:161} INFO - Started process (PID=4902) to work on /home/airflow/.local/lib/python3.8/site-packages/airflow/example_dags/example_branch_python_dop_operator_3.py
[2024-03-26T21:13:22.824+0000] {processor.py:830} INFO - Processing file /home/airflow/.local/lib/python3.8/site-packages/airflow/example_dags/example_branch_python_dop_operator_3.py for tasks to queue
[2024-03-26T21:13:22.834+0000] {logging_mixin.py:188} INFO - [2024-03-26T21:13:22.826+0000] {dagbag.py:540} INFO - Filling up the DagBag from /home/airflow/.local/lib/python3.8/site-packages/airflow/example_dags/example_branch_python_dop_operator_3.py
[2024-03-26T21:13:22.914+0000] {processor.py:840} INFO - DAG(s) 'example_branch_dop_operator_v3' retrieved from /home/airflow/.local/lib/python3.8/site-packages/airflow/example_dags/example_branch_python_dop_operator_3.py
[2024-03-26T21:13:23.033+0000] {logging_mixin.py:188} INFO - [2024-03-26T21:13:23.026+0000] {dag.py:3047} INFO - Sync 1 DAGs
[2024-03-26T21:13:23.155+0000] {logging_mixin.py:188} INFO - [2024-03-26T21:13:23.154+0000] {dag.py:3834} INFO - Setting next_dagrun for example_branch_dop_operator_v3 to 2024-03-26 21:12:00+00:00, run_after=2024-03-26 21:13:00+00:00
[2024-03-26T21:13:23.235+0000] {processor.py:183} INFO - Processing /home/airflow/.local/lib/python3.8/site-packages/airflow/example_dags/example_branch_python_dop_operator_3.py took 0.441 seconds
[2024-03-26T21:13:53.699+0000] {processor.py:161} INFO - Started process (PID=5150) to work on /home/airflow/.local/lib/python3.8/site-packages/airflow/example_dags/example_branch_python_dop_operator_3.py
[2024-03-26T21:13:53.700+0000] {processor.py:830} INFO - Processing file /home/airflow/.local/lib/python3.8/site-packages/airflow/example_dags/example_branch_python_dop_operator_3.py for tasks to queue
[2024-03-26T21:13:53.718+0000] {logging_mixin.py:188} INFO - [2024-03-26T21:13:53.701+0000] {dagbag.py:540} INFO - Filling up the DagBag from /home/airflow/.local/lib/python3.8/site-packages/airflow/example_dags/example_branch_python_dop_operator_3.py
[2024-03-26T21:13:53.761+0000] {processor.py:840} INFO - DAG(s) 'example_branch_dop_operator_v3' retrieved from /home/airflow/.local/lib/python3.8/site-packages/airflow/example_dags/example_branch_python_dop_operator_3.py
[2024-03-26T21:13:53.850+0000] {logging_mixin.py:188} INFO - [2024-03-26T21:13:53.850+0000] {dag.py:3047} INFO - Sync 1 DAGs
[2024-03-26T21:13:53.980+0000] {logging_mixin.py:188} INFO - [2024-03-26T21:13:53.980+0000] {dag.py:3834} INFO - Setting next_dagrun for example_branch_dop_operator_v3 to 2024-03-26 21:12:00+00:00, run_after=2024-03-26 21:13:00+00:00
[2024-03-26T21:13:54.068+0000] {processor.py:183} INFO - Processing /home/airflow/.local/lib/python3.8/site-packages/airflow/example_dags/example_branch_python_dop_operator_3.py took 0.380 seconds
[2024-03-26T21:14:24.491+0000] {processor.py:161} INFO - Started process (PID=5398) to work on /home/airflow/.local/lib/python3.8/site-packages/airflow/example_dags/example_branch_python_dop_operator_3.py
[2024-03-26T21:14:24.499+0000] {processor.py:830} INFO - Processing file /home/airflow/.local/lib/python3.8/site-packages/airflow/example_dags/example_branch_python_dop_operator_3.py for tasks to queue
[2024-03-26T21:14:24.501+0000] {logging_mixin.py:188} INFO - [2024-03-26T21:14:24.501+0000] {dagbag.py:540} INFO - Filling up the DagBag from /home/airflow/.local/lib/python3.8/site-packages/airflow/example_dags/example_branch_python_dop_operator_3.py
[2024-03-26T21:14:24.561+0000] {processor.py:840} INFO - DAG(s) 'example_branch_dop_operator_v3' retrieved from /home/airflow/.local/lib/python3.8/site-packages/airflow/example_dags/example_branch_python_dop_operator_3.py
[2024-03-26T21:14:24.652+0000] {logging_mixin.py:188} INFO - [2024-03-26T21:14:24.652+0000] {dag.py:3047} INFO - Sync 1 DAGs
[2024-03-26T21:14:24.752+0000] {logging_mixin.py:188} INFO - [2024-03-26T21:14:24.752+0000] {dag.py:3834} INFO - Setting next_dagrun for example_branch_dop_operator_v3 to 2024-03-26 21:13:00+00:00, run_after=2024-03-26 21:14:00+00:00
[2024-03-26T21:14:24.832+0000] {processor.py:183} INFO - Processing /home/airflow/.local/lib/python3.8/site-packages/airflow/example_dags/example_branch_python_dop_operator_3.py took 0.353 seconds
[2024-03-26T21:14:55.306+0000] {processor.py:161} INFO - Started process (PID=5643) to work on /home/airflow/.local/lib/python3.8/site-packages/airflow/example_dags/example_branch_python_dop_operator_3.py
[2024-03-26T21:14:55.315+0000] {processor.py:830} INFO - Processing file /home/airflow/.local/lib/python3.8/site-packages/airflow/example_dags/example_branch_python_dop_operator_3.py for tasks to queue
[2024-03-26T21:14:55.316+0000] {logging_mixin.py:188} INFO - [2024-03-26T21:14:55.316+0000] {dagbag.py:540} INFO - Filling up the DagBag from /home/airflow/.local/lib/python3.8/site-packages/airflow/example_dags/example_branch_python_dop_operator_3.py
[2024-03-26T21:14:55.357+0000] {processor.py:840} INFO - DAG(s) 'example_branch_dop_operator_v3' retrieved from /home/airflow/.local/lib/python3.8/site-packages/airflow/example_dags/example_branch_python_dop_operator_3.py
[2024-03-26T21:14:55.446+0000] {logging_mixin.py:188} INFO - [2024-03-26T21:14:55.445+0000] {dag.py:3047} INFO - Sync 1 DAGs
[2024-03-26T21:14:55.544+0000] {logging_mixin.py:188} INFO - [2024-03-26T21:14:55.544+0000] {dag.py:3834} INFO - Setting next_dagrun for example_branch_dop_operator_v3 to 2024-03-26 21:13:00+00:00, run_after=2024-03-26 21:14:00+00:00
[2024-03-26T21:14:55.617+0000] {processor.py:183} INFO - Processing /home/airflow/.local/lib/python3.8/site-packages/airflow/example_dags/example_branch_python_dop_operator_3.py took 0.322 seconds
[2024-03-26T21:15:26.195+0000] {processor.py:161} INFO - Started process (PID=5889) to work on /home/airflow/.local/lib/python3.8/site-packages/airflow/example_dags/example_branch_python_dop_operator_3.py
[2024-03-26T21:15:26.197+0000] {processor.py:830} INFO - Processing file /home/airflow/.local/lib/python3.8/site-packages/airflow/example_dags/example_branch_python_dop_operator_3.py for tasks to queue
[2024-03-26T21:15:26.205+0000] {logging_mixin.py:188} INFO - [2024-03-26T21:15:26.205+0000] {dagbag.py:540} INFO - Filling up the DagBag from /home/airflow/.local/lib/python3.8/site-packages/airflow/example_dags/example_branch_python_dop_operator_3.py
[2024-03-26T21:15:26.247+0000] {processor.py:840} INFO - DAG(s) 'example_branch_dop_operator_v3' retrieved from /home/airflow/.local/lib/python3.8/site-packages/airflow/example_dags/example_branch_python_dop_operator_3.py
[2024-03-26T21:15:26.337+0000] {logging_mixin.py:188} INFO - [2024-03-26T21:15:26.337+0000] {dag.py:3047} INFO - Sync 1 DAGs
[2024-03-26T21:15:26.457+0000] {logging_mixin.py:188} INFO - [2024-03-26T21:15:26.456+0000] {dag.py:3834} INFO - Setting next_dagrun for example_branch_dop_operator_v3 to 2024-03-26 21:14:00+00:00, run_after=2024-03-26 21:15:00+00:00
[2024-03-26T21:15:26.536+0000] {processor.py:183} INFO - Processing /home/airflow/.local/lib/python3.8/site-packages/airflow/example_dags/example_branch_python_dop_operator_3.py took 0.358 seconds
[2024-03-26T21:15:57.215+0000] {processor.py:161} INFO - Started process (PID=6136) to work on /home/airflow/.local/lib/python3.8/site-packages/airflow/example_dags/example_branch_python_dop_operator_3.py
[2024-03-26T21:15:57.224+0000] {processor.py:830} INFO - Processing file /home/airflow/.local/lib/python3.8/site-packages/airflow/example_dags/example_branch_python_dop_operator_3.py for tasks to queue
[2024-03-26T21:15:57.226+0000] {logging_mixin.py:188} INFO - [2024-03-26T21:15:57.225+0000] {dagbag.py:540} INFO - Filling up the DagBag from /home/airflow/.local/lib/python3.8/site-packages/airflow/example_dags/example_branch_python_dop_operator_3.py
[2024-03-26T21:15:57.275+0000] {processor.py:840} INFO - DAG(s) 'example_branch_dop_operator_v3' retrieved from /home/airflow/.local/lib/python3.8/site-packages/airflow/example_dags/example_branch_python_dop_operator_3.py
[2024-03-26T21:15:57.367+0000] {logging_mixin.py:188} INFO - [2024-03-26T21:15:57.366+0000] {dag.py:3047} INFO - Sync 1 DAGs
[2024-03-26T21:15:57.515+0000] {logging_mixin.py:188} INFO - [2024-03-26T21:15:57.514+0000] {dag.py:3834} INFO - Setting next_dagrun for example_branch_dop_operator_v3 to 2024-03-26 21:14:00+00:00, run_after=2024-03-26 21:15:00+00:00
[2024-03-26T21:15:57.616+0000] {processor.py:183} INFO - Processing /home/airflow/.local/lib/python3.8/site-packages/airflow/example_dags/example_branch_python_dop_operator_3.py took 0.421 seconds
[2024-03-26T21:20:55.375+0000] {processor.py:161} INFO - Started process (PID=219) to work on /home/airflow/.local/lib/python3.8/site-packages/airflow/example_dags/example_branch_python_dop_operator_3.py
[2024-03-26T21:20:55.377+0000] {processor.py:830} INFO - Processing file /home/airflow/.local/lib/python3.8/site-packages/airflow/example_dags/example_branch_python_dop_operator_3.py for tasks to queue
[2024-03-26T21:20:55.386+0000] {logging_mixin.py:188} INFO - [2024-03-26T21:20:55.385+0000] {dagbag.py:540} INFO - Filling up the DagBag from /home/airflow/.local/lib/python3.8/site-packages/airflow/example_dags/example_branch_python_dop_operator_3.py
[2024-03-26T21:20:55.445+0000] {processor.py:840} INFO - DAG(s) 'example_branch_dop_operator_v3' retrieved from /home/airflow/.local/lib/python3.8/site-packages/airflow/example_dags/example_branch_python_dop_operator_3.py
[2024-03-26T21:20:56.124+0000] {logging_mixin.py:188} INFO - [2024-03-26T21:20:56.116+0000] {dag.py:3047} INFO - Sync 1 DAGs
[2024-03-26T21:20:56.285+0000] {logging_mixin.py:188} INFO - [2024-03-26T21:20:56.285+0000] {dag.py:3834} INFO - Setting next_dagrun for example_branch_dop_operator_v3 to 2024-03-26 21:19:00+00:00, run_after=2024-03-26 21:20:00+00:00
[2024-03-26T21:20:56.456+0000] {processor.py:183} INFO - Processing /home/airflow/.local/lib/python3.8/site-packages/airflow/example_dags/example_branch_python_dop_operator_3.py took 1.102 seconds
[2024-03-26T21:21:27.457+0000] {processor.py:161} INFO - Started process (PID=467) to work on /home/airflow/.local/lib/python3.8/site-packages/airflow/example_dags/example_branch_python_dop_operator_3.py
[2024-03-26T21:21:27.466+0000] {processor.py:830} INFO - Processing file /home/airflow/.local/lib/python3.8/site-packages/airflow/example_dags/example_branch_python_dop_operator_3.py for tasks to queue
[2024-03-26T21:21:27.475+0000] {logging_mixin.py:188} INFO - [2024-03-26T21:21:27.468+0000] {dagbag.py:540} INFO - Filling up the DagBag from /home/airflow/.local/lib/python3.8/site-packages/airflow/example_dags/example_branch_python_dop_operator_3.py
[2024-03-26T21:21:27.528+0000] {processor.py:840} INFO - DAG(s) 'example_branch_dop_operator_v3' retrieved from /home/airflow/.local/lib/python3.8/site-packages/airflow/example_dags/example_branch_python_dop_operator_3.py
[2024-03-26T21:21:27.656+0000] {logging_mixin.py:188} INFO - [2024-03-26T21:21:27.656+0000] {dag.py:3047} INFO - Sync 1 DAGs
[2024-03-26T21:21:27.866+0000] {logging_mixin.py:188} INFO - [2024-03-26T21:21:27.858+0000] {dag.py:3834} INFO - Setting next_dagrun for example_branch_dop_operator_v3 to 2024-03-26 21:20:00+00:00, run_after=2024-03-26 21:21:00+00:00
[2024-03-26T21:21:27.998+0000] {processor.py:183} INFO - Processing /home/airflow/.local/lib/python3.8/site-packages/airflow/example_dags/example_branch_python_dop_operator_3.py took 0.571 seconds
[2024-03-26T21:21:58.990+0000] {processor.py:161} INFO - Started process (PID=715) to work on /home/airflow/.local/lib/python3.8/site-packages/airflow/example_dags/example_branch_python_dop_operator_3.py
[2024-03-26T21:21:59.009+0000] {processor.py:830} INFO - Processing file /home/airflow/.local/lib/python3.8/site-packages/airflow/example_dags/example_branch_python_dop_operator_3.py for tasks to queue
[2024-03-26T21:21:59.020+0000] {logging_mixin.py:188} INFO - [2024-03-26T21:21:59.011+0000] {dagbag.py:540} INFO - Filling up the DagBag from /home/airflow/.local/lib/python3.8/site-packages/airflow/example_dags/example_branch_python_dop_operator_3.py
[2024-03-26T21:21:59.079+0000] {processor.py:840} INFO - DAG(s) 'example_branch_dop_operator_v3' retrieved from /home/airflow/.local/lib/python3.8/site-packages/airflow/example_dags/example_branch_python_dop_operator_3.py
[2024-03-26T21:21:59.209+0000] {logging_mixin.py:188} INFO - [2024-03-26T21:21:59.209+0000] {dag.py:3047} INFO - Sync 1 DAGs
[2024-03-26T21:21:59.370+0000] {logging_mixin.py:188} INFO - [2024-03-26T21:21:59.370+0000] {dag.py:3834} INFO - Setting next_dagrun for example_branch_dop_operator_v3 to 2024-03-26 21:20:00+00:00, run_after=2024-03-26 21:21:00+00:00
[2024-03-26T21:21:59.511+0000] {processor.py:183} INFO - Processing /home/airflow/.local/lib/python3.8/site-packages/airflow/example_dags/example_branch_python_dop_operator_3.py took 0.541 seconds
[2024-03-26T21:22:29.955+0000] {processor.py:161} INFO - Started process (PID=961) to work on /home/airflow/.local/lib/python3.8/site-packages/airflow/example_dags/example_branch_python_dop_operator_3.py
[2024-03-26T21:22:29.964+0000] {processor.py:830} INFO - Processing file /home/airflow/.local/lib/python3.8/site-packages/airflow/example_dags/example_branch_python_dop_operator_3.py for tasks to queue
[2024-03-26T21:22:29.973+0000] {logging_mixin.py:188} INFO - [2024-03-26T21:22:29.965+0000] {dagbag.py:540} INFO - Filling up the DagBag from /home/airflow/.local/lib/python3.8/site-packages/airflow/example_dags/example_branch_python_dop_operator_3.py
[2024-03-26T21:22:30.025+0000] {processor.py:840} INFO - DAG(s) 'example_branch_dop_operator_v3' retrieved from /home/airflow/.local/lib/python3.8/site-packages/airflow/example_dags/example_branch_python_dop_operator_3.py
[2024-03-26T21:22:30.155+0000] {logging_mixin.py:188} INFO - [2024-03-26T21:22:30.154+0000] {dag.py:3047} INFO - Sync 1 DAGs
[2024-03-26T21:22:30.325+0000] {logging_mixin.py:188} INFO - [2024-03-26T21:22:30.324+0000] {dag.py:3834} INFO - Setting next_dagrun for example_branch_dop_operator_v3 to 2024-03-26 21:21:00+00:00, run_after=2024-03-26 21:22:00+00:00
[2024-03-26T21:22:30.463+0000] {processor.py:183} INFO - Processing /home/airflow/.local/lib/python3.8/site-packages/airflow/example_dags/example_branch_python_dop_operator_3.py took 0.529 seconds
[2024-03-26T21:23:00.746+0000] {processor.py:161} INFO - Started process (PID=1203) to work on /home/airflow/.local/lib/python3.8/site-packages/airflow/example_dags/example_branch_python_dop_operator_3.py
[2024-03-26T21:23:00.755+0000] {processor.py:830} INFO - Processing file /home/airflow/.local/lib/python3.8/site-packages/airflow/example_dags/example_branch_python_dop_operator_3.py for tasks to queue
[2024-03-26T21:23:00.757+0000] {logging_mixin.py:188} INFO - [2024-03-26T21:23:00.756+0000] {dagbag.py:540} INFO - Filling up the DagBag from /home/airflow/.local/lib/python3.8/site-packages/airflow/example_dags/example_branch_python_dop_operator_3.py
[2024-03-26T21:23:00.827+0000] {processor.py:840} INFO - DAG(s) 'example_branch_dop_operator_v3' retrieved from /home/airflow/.local/lib/python3.8/site-packages/airflow/example_dags/example_branch_python_dop_operator_3.py
[2024-03-26T21:23:00.976+0000] {logging_mixin.py:188} INFO - [2024-03-26T21:23:00.976+0000] {dag.py:3047} INFO - Sync 1 DAGs
[2024-03-26T21:23:01.177+0000] {logging_mixin.py:188} INFO - [2024-03-26T21:23:01.176+0000] {dag.py:3834} INFO - Setting next_dagrun for example_branch_dop_operator_v3 to 2024-03-26 21:22:00+00:00, run_after=2024-03-26 21:23:00+00:00
[2024-03-26T21:23:01.317+0000] {processor.py:183} INFO - Processing /home/airflow/.local/lib/python3.8/site-packages/airflow/example_dags/example_branch_python_dop_operator_3.py took 0.600 seconds
[2024-03-26T21:23:32.328+0000] {processor.py:161} INFO - Started process (PID=1452) to work on /home/airflow/.local/lib/python3.8/site-packages/airflow/example_dags/example_branch_python_dop_operator_3.py
[2024-03-26T21:23:32.330+0000] {processor.py:830} INFO - Processing file /home/airflow/.local/lib/python3.8/site-packages/airflow/example_dags/example_branch_python_dop_operator_3.py for tasks to queue
[2024-03-26T21:23:32.339+0000] {logging_mixin.py:188} INFO - [2024-03-26T21:23:32.338+0000] {dagbag.py:540} INFO - Filling up the DagBag from /home/airflow/.local/lib/python3.8/site-packages/airflow/example_dags/example_branch_python_dop_operator_3.py
[2024-03-26T21:23:32.389+0000] {processor.py:840} INFO - DAG(s) 'example_branch_dop_operator_v3' retrieved from /home/airflow/.local/lib/python3.8/site-packages/airflow/example_dags/example_branch_python_dop_operator_3.py
[2024-03-26T21:23:32.500+0000] {logging_mixin.py:188} INFO - [2024-03-26T21:23:32.499+0000] {dag.py:3047} INFO - Sync 1 DAGs
[2024-03-26T21:23:32.649+0000] {logging_mixin.py:188} INFO - [2024-03-26T21:23:32.649+0000] {dag.py:3834} INFO - Setting next_dagrun for example_branch_dop_operator_v3 to 2024-03-26 21:22:00+00:00, run_after=2024-03-26 21:23:00+00:00
[2024-03-26T21:23:32.779+0000] {processor.py:183} INFO - Processing /home/airflow/.local/lib/python3.8/site-packages/airflow/example_dags/example_branch_python_dop_operator_3.py took 0.470 seconds
[2024-03-26T21:24:04.763+0000] {processor.py:161} INFO - Started process (PID=1699) to work on /home/airflow/.local/lib/python3.8/site-packages/airflow/example_dags/example_branch_python_dop_operator_3.py
[2024-03-26T21:24:04.765+0000] {processor.py:830} INFO - Processing file /home/airflow/.local/lib/python3.8/site-packages/airflow/example_dags/example_branch_python_dop_operator_3.py for tasks to queue
[2024-03-26T21:24:04.784+0000] {logging_mixin.py:188} INFO - [2024-03-26T21:24:04.783+0000] {dagbag.py:540} INFO - Filling up the DagBag from /home/airflow/.local/lib/python3.8/site-packages/airflow/example_dags/example_branch_python_dop_operator_3.py
[2024-03-26T21:24:05.014+0000] {processor.py:840} INFO - DAG(s) 'example_branch_dop_operator_v3' retrieved from /home/airflow/.local/lib/python3.8/site-packages/airflow/example_dags/example_branch_python_dop_operator_3.py
[2024-03-26T21:24:05.294+0000] {logging_mixin.py:188} INFO - [2024-03-26T21:24:05.294+0000] {dag.py:3047} INFO - Sync 1 DAGs
[2024-03-26T21:24:05.535+0000] {logging_mixin.py:188} INFO - [2024-03-26T21:24:05.534+0000] {dag.py:3834} INFO - Setting next_dagrun for example_branch_dop_operator_v3 to 2024-03-26 21:23:00+00:00, run_after=2024-03-26 21:24:00+00:00
[2024-03-26T21:24:05.704+0000] {processor.py:183} INFO - Processing /home/airflow/.local/lib/python3.8/site-packages/airflow/example_dags/example_branch_python_dop_operator_3.py took 0.988 seconds
[2024-03-26T21:24:36.229+0000] {processor.py:161} INFO - Started process (PID=1946) to work on /home/airflow/.local/lib/python3.8/site-packages/airflow/example_dags/example_branch_python_dop_operator_3.py
[2024-03-26T21:24:36.238+0000] {processor.py:830} INFO - Processing file /home/airflow/.local/lib/python3.8/site-packages/airflow/example_dags/example_branch_python_dop_operator_3.py for tasks to queue
[2024-03-26T21:24:36.248+0000] {logging_mixin.py:188} INFO - [2024-03-26T21:24:36.240+0000] {dagbag.py:540} INFO - Filling up the DagBag from /home/airflow/.local/lib/python3.8/site-packages/airflow/example_dags/example_branch_python_dop_operator_3.py
[2024-03-26T21:24:36.318+0000] {processor.py:840} INFO - DAG(s) 'example_branch_dop_operator_v3' retrieved from /home/airflow/.local/lib/python3.8/site-packages/airflow/example_dags/example_branch_python_dop_operator_3.py
[2024-03-26T21:24:36.498+0000] {logging_mixin.py:188} INFO - [2024-03-26T21:24:36.490+0000] {dag.py:3047} INFO - Sync 1 DAGs
[2024-03-26T21:24:36.718+0000] {logging_mixin.py:188} INFO - [2024-03-26T21:24:36.710+0000] {dag.py:3834} INFO - Setting next_dagrun for example_branch_dop_operator_v3 to 2024-03-26 21:23:00+00:00, run_after=2024-03-26 21:24:00+00:00
[2024-03-26T21:24:36.869+0000] {processor.py:183} INFO - Processing /home/airflow/.local/lib/python3.8/site-packages/airflow/example_dags/example_branch_python_dop_operator_3.py took 0.662 seconds
[2024-03-26T21:25:08.062+0000] {processor.py:161} INFO - Started process (PID=2194) to work on /home/airflow/.local/lib/python3.8/site-packages/airflow/example_dags/example_branch_python_dop_operator_3.py
[2024-03-26T21:25:08.072+0000] {processor.py:830} INFO - Processing file /home/airflow/.local/lib/python3.8/site-packages/airflow/example_dags/example_branch_python_dop_operator_3.py for tasks to queue
[2024-03-26T21:25:08.073+0000] {logging_mixin.py:188} INFO - [2024-03-26T21:25:08.073+0000] {dagbag.py:540} INFO - Filling up the DagBag from /home/airflow/.local/lib/python3.8/site-packages/airflow/example_dags/example_branch_python_dop_operator_3.py
[2024-03-26T21:25:08.143+0000] {processor.py:840} INFO - DAG(s) 'example_branch_dop_operator_v3' retrieved from /home/airflow/.local/lib/python3.8/site-packages/airflow/example_dags/example_branch_python_dop_operator_3.py
[2024-03-26T21:25:08.323+0000] {logging_mixin.py:188} INFO - [2024-03-26T21:25:08.323+0000] {dag.py:3047} INFO - Sync 1 DAGs
[2024-03-26T21:25:08.603+0000] {logging_mixin.py:188} INFO - [2024-03-26T21:25:08.602+0000] {dag.py:3834} INFO - Setting next_dagrun for example_branch_dop_operator_v3 to 2024-03-26 21:24:00+00:00, run_after=2024-03-26 21:25:00+00:00
[2024-03-26T21:25:08.833+0000] {processor.py:183} INFO - Processing /home/airflow/.local/lib/python3.8/site-packages/airflow/example_dags/example_branch_python_dop_operator_3.py took 0.799 seconds
[2024-03-26T21:25:39.115+0000] {processor.py:161} INFO - Started process (PID=2439) to work on /home/airflow/.local/lib/python3.8/site-packages/airflow/example_dags/example_branch_python_dop_operator_3.py
[2024-03-26T21:25:39.125+0000] {processor.py:830} INFO - Processing file /home/airflow/.local/lib/python3.8/site-packages/airflow/example_dags/example_branch_python_dop_operator_3.py for tasks to queue
[2024-03-26T21:25:39.135+0000] {logging_mixin.py:188} INFO - [2024-03-26T21:25:39.135+0000] {dagbag.py:540} INFO - Filling up the DagBag from /home/airflow/.local/lib/python3.8/site-packages/airflow/example_dags/example_branch_python_dop_operator_3.py
[2024-03-26T21:25:39.215+0000] {processor.py:840} INFO - DAG(s) 'example_branch_dop_operator_v3' retrieved from /home/airflow/.local/lib/python3.8/site-packages/airflow/example_dags/example_branch_python_dop_operator_3.py
[2024-03-26T21:25:39.356+0000] {logging_mixin.py:188} INFO - [2024-03-26T21:25:39.356+0000] {dag.py:3047} INFO - Sync 1 DAGs
[2024-03-26T21:25:39.595+0000] {logging_mixin.py:188} INFO - [2024-03-26T21:25:39.586+0000] {dag.py:3834} INFO - Setting next_dagrun for example_branch_dop_operator_v3 to 2024-03-26 21:24:00+00:00, run_after=2024-03-26 21:25:00+00:00
[2024-03-26T21:25:39.775+0000] {processor.py:183} INFO - Processing /home/airflow/.local/lib/python3.8/site-packages/airflow/example_dags/example_branch_python_dop_operator_3.py took 0.690 seconds
[2024-03-26T21:26:11.630+0000] {processor.py:161} INFO - Started process (PID=2689) to work on /home/airflow/.local/lib/python3.8/site-packages/airflow/example_dags/example_branch_python_dop_operator_3.py
[2024-03-26T21:26:11.640+0000] {processor.py:830} INFO - Processing file /home/airflow/.local/lib/python3.8/site-packages/airflow/example_dags/example_branch_python_dop_operator_3.py for tasks to queue
[2024-03-26T21:26:11.650+0000] {logging_mixin.py:188} INFO - [2024-03-26T21:26:11.649+0000] {dagbag.py:540} INFO - Filling up the DagBag from /home/airflow/.local/lib/python3.8/site-packages/airflow/example_dags/example_branch_python_dop_operator_3.py
[2024-03-26T21:26:11.739+0000] {processor.py:840} INFO - DAG(s) 'example_branch_dop_operator_v3' retrieved from /home/airflow/.local/lib/python3.8/site-packages/airflow/example_dags/example_branch_python_dop_operator_3.py
[2024-03-26T21:26:11.939+0000] {logging_mixin.py:188} INFO - [2024-03-26T21:26:11.930+0000] {dag.py:3047} INFO - Sync 1 DAGs
[2024-03-26T21:26:12.239+0000] {logging_mixin.py:188} INFO - [2024-03-26T21:26:12.239+0000] {dag.py:3834} INFO - Setting next_dagrun for example_branch_dop_operator_v3 to 2024-03-26 21:25:00+00:00, run_after=2024-03-26 21:26:00+00:00
[2024-03-26T21:26:12.450+0000] {processor.py:183} INFO - Processing /home/airflow/.local/lib/python3.8/site-packages/airflow/example_dags/example_branch_python_dop_operator_3.py took 0.841 seconds
[2024-03-26T21:26:43.962+0000] {processor.py:161} INFO - Started process (PID=2937) to work on /home/airflow/.local/lib/python3.8/site-packages/airflow/example_dags/example_branch_python_dop_operator_3.py
[2024-03-26T21:26:43.963+0000] {processor.py:830} INFO - Processing file /home/airflow/.local/lib/python3.8/site-packages/airflow/example_dags/example_branch_python_dop_operator_3.py for tasks to queue
[2024-03-26T21:26:43.973+0000] {logging_mixin.py:188} INFO - [2024-03-26T21:26:43.972+0000] {dagbag.py:540} INFO - Filling up the DagBag from /home/airflow/.local/lib/python3.8/site-packages/airflow/example_dags/example_branch_python_dop_operator_3.py
[2024-03-26T21:26:44.063+0000] {processor.py:840} INFO - DAG(s) 'example_branch_dop_operator_v3' retrieved from /home/airflow/.local/lib/python3.8/site-packages/airflow/example_dags/example_branch_python_dop_operator_3.py
[2024-03-26T21:26:44.223+0000] {logging_mixin.py:188} INFO - [2024-03-26T21:26:44.223+0000] {dag.py:3047} INFO - Sync 1 DAGs
[2024-03-26T21:26:44.432+0000] {logging_mixin.py:188} INFO - [2024-03-26T21:26:44.432+0000] {dag.py:3834} INFO - Setting next_dagrun for example_branch_dop_operator_v3 to 2024-03-26 21:25:00+00:00, run_after=2024-03-26 21:26:00+00:00
[2024-03-26T21:26:44.602+0000] {processor.py:183} INFO - Processing /home/airflow/.local/lib/python3.8/site-packages/airflow/example_dags/example_branch_python_dop_operator_3.py took 0.671 seconds
[2024-03-26T21:27:15.274+0000] {processor.py:161} INFO - Started process (PID=3182) to work on /home/airflow/.local/lib/python3.8/site-packages/airflow/example_dags/example_branch_python_dop_operator_3.py
[2024-03-26T21:27:15.284+0000] {processor.py:830} INFO - Processing file /home/airflow/.local/lib/python3.8/site-packages/airflow/example_dags/example_branch_python_dop_operator_3.py for tasks to queue
[2024-03-26T21:27:15.294+0000] {logging_mixin.py:188} INFO - [2024-03-26T21:27:15.294+0000] {dagbag.py:540} INFO - Filling up the DagBag from /home/airflow/.local/lib/python3.8/site-packages/airflow/example_dags/example_branch_python_dop_operator_3.py
[2024-03-26T21:27:15.384+0000] {processor.py:840} INFO - DAG(s) 'example_branch_dop_operator_v3' retrieved from /home/airflow/.local/lib/python3.8/site-packages/airflow/example_dags/example_branch_python_dop_operator_3.py
[2024-03-26T21:27:15.604+0000] {logging_mixin.py:188} INFO - [2024-03-26T21:27:15.604+0000] {dag.py:3047} INFO - Sync 1 DAGs
[2024-03-26T21:27:15.913+0000] {logging_mixin.py:188} INFO - [2024-03-26T21:27:15.905+0000] {dag.py:3834} INFO - Setting next_dagrun for example_branch_dop_operator_v3 to 2024-03-26 21:26:00+00:00, run_after=2024-03-26 21:27:00+00:00
[2024-03-26T21:27:16.173+0000] {processor.py:183} INFO - Processing /home/airflow/.local/lib/python3.8/site-packages/airflow/example_dags/example_branch_python_dop_operator_3.py took 0.929 seconds
[2024-03-26T21:27:46.622+0000] {processor.py:161} INFO - Started process (PID=3426) to work on /home/airflow/.local/lib/python3.8/site-packages/airflow/example_dags/example_branch_python_dop_operator_3.py
[2024-03-26T21:27:46.641+0000] {processor.py:830} INFO - Processing file /home/airflow/.local/lib/python3.8/site-packages/airflow/example_dags/example_branch_python_dop_operator_3.py for tasks to queue
[2024-03-26T21:27:46.651+0000] {logging_mixin.py:188} INFO - [2024-03-26T21:27:46.643+0000] {dagbag.py:540} INFO - Filling up the DagBag from /home/airflow/.local/lib/python3.8/site-packages/airflow/example_dags/example_branch_python_dop_operator_3.py
[2024-03-26T21:27:46.751+0000] {processor.py:840} INFO - DAG(s) 'example_branch_dop_operator_v3' retrieved from /home/airflow/.local/lib/python3.8/site-packages/airflow/example_dags/example_branch_python_dop_operator_3.py
[2024-03-26T21:27:47.003+0000] {logging_mixin.py:188} INFO - [2024-03-26T21:27:47.002+0000] {dag.py:3047} INFO - Sync 1 DAGs
[2024-03-26T21:27:47.322+0000] {logging_mixin.py:188} INFO - [2024-03-26T21:27:47.322+0000] {dag.py:3834} INFO - Setting next_dagrun for example_branch_dop_operator_v3 to 2024-03-26 21:26:00+00:00, run_after=2024-03-26 21:27:00+00:00
[2024-03-26T21:27:47.581+0000] {processor.py:183} INFO - Processing /home/airflow/.local/lib/python3.8/site-packages/airflow/example_dags/example_branch_python_dop_operator_3.py took 0.991 seconds
[2024-03-26T21:28:19.305+0000] {processor.py:161} INFO - Started process (PID=3671) to work on /home/airflow/.local/lib/python3.8/site-packages/airflow/example_dags/example_branch_python_dop_operator_3.py
[2024-03-26T21:28:19.324+0000] {processor.py:830} INFO - Processing file /home/airflow/.local/lib/python3.8/site-packages/airflow/example_dags/example_branch_python_dop_operator_3.py for tasks to queue
[2024-03-26T21:28:19.334+0000] {logging_mixin.py:188} INFO - [2024-03-26T21:28:19.325+0000] {dagbag.py:540} INFO - Filling up the DagBag from /home/airflow/.local/lib/python3.8/site-packages/airflow/example_dags/example_branch_python_dop_operator_3.py
[2024-03-26T21:28:19.434+0000] {processor.py:840} INFO - DAG(s) 'example_branch_dop_operator_v3' retrieved from /home/airflow/.local/lib/python3.8/site-packages/airflow/example_dags/example_branch_python_dop_operator_3.py
[2024-03-26T21:28:19.694+0000] {logging_mixin.py:188} INFO - [2024-03-26T21:28:19.685+0000] {dag.py:3047} INFO - Sync 1 DAGs
[2024-03-26T21:28:20.175+0000] {logging_mixin.py:188} INFO - [2024-03-26T21:28:20.175+0000] {dag.py:3834} INFO - Setting next_dagrun for example_branch_dop_operator_v3 to 2024-03-26 21:27:00+00:00, run_after=2024-03-26 21:28:00+00:00
[2024-03-26T21:28:20.504+0000] {processor.py:183} INFO - Processing /home/airflow/.local/lib/python3.8/site-packages/airflow/example_dags/example_branch_python_dop_operator_3.py took 1.239 seconds
[2024-03-26T21:28:53.622+0000] {processor.py:161} INFO - Started process (PID=3924) to work on /home/airflow/.local/lib/python3.8/site-packages/airflow/example_dags/example_branch_python_dop_operator_3.py
[2024-03-26T21:28:53.641+0000] {processor.py:830} INFO - Processing file /home/airflow/.local/lib/python3.8/site-packages/airflow/example_dags/example_branch_python_dop_operator_3.py for tasks to queue
[2024-03-26T21:28:53.642+0000] {logging_mixin.py:188} INFO - [2024-03-26T21:28:53.641+0000] {dagbag.py:540} INFO - Filling up the DagBag from /home/airflow/.local/lib/python3.8/site-packages/airflow/example_dags/example_branch_python_dop_operator_3.py
[2024-03-26T21:28:53.722+0000] {processor.py:840} INFO - DAG(s) 'example_branch_dop_operator_v3' retrieved from /home/airflow/.local/lib/python3.8/site-packages/airflow/example_dags/example_branch_python_dop_operator_3.py
[2024-03-26T21:28:53.941+0000] {logging_mixin.py:188} INFO - [2024-03-26T21:28:53.941+0000] {dag.py:3047} INFO - Sync 1 DAGs
[2024-03-26T21:28:54.292+0000] {logging_mixin.py:188} INFO - [2024-03-26T21:28:54.292+0000] {dag.py:3834} INFO - Setting next_dagrun for example_branch_dop_operator_v3 to 2024-03-26 21:27:00+00:00, run_after=2024-03-26 21:28:00+00:00
[2024-03-26T21:28:54.502+0000] {processor.py:183} INFO - Processing /home/airflow/.local/lib/python3.8/site-packages/airflow/example_dags/example_branch_python_dop_operator_3.py took 0.910 seconds
[2024-03-26T21:29:36.613+0000] {processor.py:161} INFO - Started process (PID=4171) to work on /home/airflow/.local/lib/python3.8/site-packages/airflow/example_dags/example_branch_python_dop_operator_3.py
[2024-03-26T21:29:36.642+0000] {processor.py:830} INFO - Processing file /home/airflow/.local/lib/python3.8/site-packages/airflow/example_dags/example_branch_python_dop_operator_3.py for tasks to queue
[2024-03-26T21:29:36.653+0000] {logging_mixin.py:188} INFO - [2024-03-26T21:29:36.652+0000] {dagbag.py:540} INFO - Filling up the DagBag from /home/airflow/.local/lib/python3.8/site-packages/airflow/example_dags/example_branch_python_dop_operator_3.py
[2024-03-26T21:29:36.743+0000] {processor.py:840} INFO - DAG(s) 'example_branch_dop_operator_v3' retrieved from /home/airflow/.local/lib/python3.8/site-packages/airflow/example_dags/example_branch_python_dop_operator_3.py
[2024-03-26T21:29:37.003+0000] {logging_mixin.py:188} INFO - [2024-03-26T21:29:37.002+0000] {dag.py:3047} INFO - Sync 1 DAGs
[2024-03-26T21:29:37.362+0000] {logging_mixin.py:188} INFO - [2024-03-26T21:29:37.362+0000] {dag.py:3834} INFO - Setting next_dagrun for example_branch_dop_operator_v3 to 2024-03-26 21:28:00+00:00, run_after=2024-03-26 21:29:00+00:00
[2024-03-26T21:29:37.612+0000] {processor.py:183} INFO - Processing /home/airflow/.local/lib/python3.8/site-packages/airflow/example_dags/example_branch_python_dop_operator_3.py took 1.030 seconds
[2024-03-26T21:30:11.571+0000] {processor.py:161} INFO - Started process (PID=4398) to work on /home/airflow/.local/lib/python3.8/site-packages/airflow/example_dags/example_branch_python_dop_operator_3.py
[2024-03-26T21:30:11.581+0000] {processor.py:830} INFO - Processing file /home/airflow/.local/lib/python3.8/site-packages/airflow/example_dags/example_branch_python_dop_operator_3.py for tasks to queue
[2024-03-26T21:30:11.592+0000] {logging_mixin.py:188} INFO - [2024-03-26T21:30:11.591+0000] {dagbag.py:540} INFO - Filling up the DagBag from /home/airflow/.local/lib/python3.8/site-packages/airflow/example_dags/example_branch_python_dop_operator_3.py
[2024-03-26T21:30:11.720+0000] {processor.py:840} INFO - DAG(s) 'example_branch_dop_operator_v3' retrieved from /home/airflow/.local/lib/python3.8/site-packages/airflow/example_dags/example_branch_python_dop_operator_3.py
[2024-03-26T21:30:11.941+0000] {logging_mixin.py:188} INFO - [2024-03-26T21:30:11.941+0000] {dag.py:3047} INFO - Sync 1 DAGs
[2024-03-26T21:30:12.221+0000] {logging_mixin.py:188} INFO - [2024-03-26T21:30:12.221+0000] {dag.py:3834} INFO - Setting next_dagrun for example_branch_dop_operator_v3 to 2024-03-26 21:29:00+00:00, run_after=2024-03-26 21:30:00+00:00
[2024-03-26T21:30:12.441+0000] {processor.py:183} INFO - Processing /home/airflow/.local/lib/python3.8/site-packages/airflow/example_dags/example_branch_python_dop_operator_3.py took 0.920 seconds
[2024-03-26T21:30:48.221+0000] {processor.py:161} INFO - Started process (PID=4636) to work on /home/airflow/.local/lib/python3.8/site-packages/airflow/example_dags/example_branch_python_dop_operator_3.py
[2024-03-26T21:30:48.240+0000] {processor.py:830} INFO - Processing file /home/airflow/.local/lib/python3.8/site-packages/airflow/example_dags/example_branch_python_dop_operator_3.py for tasks to queue
[2024-03-26T21:30:48.250+0000] {logging_mixin.py:188} INFO - [2024-03-26T21:30:48.250+0000] {dagbag.py:540} INFO - Filling up the DagBag from /home/airflow/.local/lib/python3.8/site-packages/airflow/example_dags/example_branch_python_dop_operator_3.py
[2024-03-26T21:30:48.390+0000] {processor.py:840} INFO - DAG(s) 'example_branch_dop_operator_v3' retrieved from /home/airflow/.local/lib/python3.8/site-packages/airflow/example_dags/example_branch_python_dop_operator_3.py
[2024-03-26T21:30:48.680+0000] {logging_mixin.py:188} INFO - [2024-03-26T21:30:48.679+0000] {dag.py:3047} INFO - Sync 1 DAGs
[2024-03-26T21:30:49.131+0000] {logging_mixin.py:188} INFO - [2024-03-26T21:30:49.130+0000] {dag.py:3834} INFO - Setting next_dagrun for example_branch_dop_operator_v3 to 2024-03-26 21:29:00+00:00, run_after=2024-03-26 21:30:00+00:00
[2024-03-26T21:30:49.461+0000] {processor.py:183} INFO - Processing /home/airflow/.local/lib/python3.8/site-packages/airflow/example_dags/example_branch_python_dop_operator_3.py took 1.290 seconds
[2024-03-26T21:31:24.779+0000] {processor.py:161} INFO - Started process (PID=4868) to work on /home/airflow/.local/lib/python3.8/site-packages/airflow/example_dags/example_branch_python_dop_operator_3.py
[2024-03-26T21:31:24.799+0000] {processor.py:830} INFO - Processing file /home/airflow/.local/lib/python3.8/site-packages/airflow/example_dags/example_branch_python_dop_operator_3.py for tasks to queue
[2024-03-26T21:31:24.809+0000] {logging_mixin.py:188} INFO - [2024-03-26T21:31:24.809+0000] {dagbag.py:540} INFO - Filling up the DagBag from /home/airflow/.local/lib/python3.8/site-packages/airflow/example_dags/example_branch_python_dop_operator_3.py
[2024-03-26T21:31:24.960+0000] {processor.py:840} INFO - DAG(s) 'example_branch_dop_operator_v3' retrieved from /home/airflow/.local/lib/python3.8/site-packages/airflow/example_dags/example_branch_python_dop_operator_3.py
[2024-03-26T21:31:25.259+0000] {logging_mixin.py:188} INFO - [2024-03-26T21:31:25.250+0000] {dag.py:3047} INFO - Sync 1 DAGs
[2024-03-26T21:31:25.619+0000] {logging_mixin.py:188} INFO - [2024-03-26T21:31:25.610+0000] {dag.py:3834} INFO - Setting next_dagrun for example_branch_dop_operator_v3 to 2024-03-26 21:30:00+00:00, run_after=2024-03-26 21:31:00+00:00
[2024-03-26T21:31:25.890+0000] {processor.py:183} INFO - Processing /home/airflow/.local/lib/python3.8/site-packages/airflow/example_dags/example_branch_python_dop_operator_3.py took 1.161 seconds
[2024-03-26T21:32:07.178+0000] {processor.py:161} INFO - Started process (PID=5100) to work on /home/airflow/.local/lib/python3.8/site-packages/airflow/example_dags/example_branch_python_dop_operator_3.py
[2024-03-26T21:32:07.198+0000] {processor.py:830} INFO - Processing file /home/airflow/.local/lib/python3.8/site-packages/airflow/example_dags/example_branch_python_dop_operator_3.py for tasks to queue
[2024-03-26T21:32:07.218+0000] {logging_mixin.py:188} INFO - [2024-03-26T21:32:07.209+0000] {dagbag.py:540} INFO - Filling up the DagBag from /home/airflow/.local/lib/python3.8/site-packages/airflow/example_dags/example_branch_python_dop_operator_3.py
[2024-03-26T21:32:07.369+0000] {processor.py:840} INFO - DAG(s) 'example_branch_dop_operator_v3' retrieved from /home/airflow/.local/lib/python3.8/site-packages/airflow/example_dags/example_branch_python_dop_operator_3.py
[2024-03-26T21:32:07.669+0000] {logging_mixin.py:188} INFO - [2024-03-26T21:32:07.668+0000] {dag.py:3047} INFO - Sync 1 DAGs
[2024-03-26T21:32:08.127+0000] {logging_mixin.py:188} INFO - [2024-03-26T21:32:08.127+0000] {dag.py:3834} INFO - Setting next_dagrun for example_branch_dop_operator_v3 to 2024-03-26 21:31:00+00:00, run_after=2024-03-26 21:32:00+00:00
[2024-03-26T21:32:08.496+0000] {processor.py:183} INFO - Processing /home/airflow/.local/lib/python3.8/site-packages/airflow/example_dags/example_branch_python_dop_operator_3.py took 1.359 seconds
[2024-03-26T21:33:05.357+0000] {processor.py:161} INFO - Started process (PID=5359) to work on /home/airflow/.local/lib/python3.8/site-packages/airflow/example_dags/example_branch_python_dop_operator_3.py
[2024-03-26T21:33:05.377+0000] {processor.py:830} INFO - Processing file /home/airflow/.local/lib/python3.8/site-packages/airflow/example_dags/example_branch_python_dop_operator_3.py for tasks to queue
[2024-03-26T21:33:05.407+0000] {logging_mixin.py:188} INFO - [2024-03-26T21:33:05.397+0000] {dagbag.py:540} INFO - Filling up the DagBag from /home/airflow/.local/lib/python3.8/site-packages/airflow/example_dags/example_branch_python_dop_operator_3.py
[2024-03-26T21:33:05.617+0000] {processor.py:840} INFO - DAG(s) 'example_branch_dop_operator_v3' retrieved from /home/airflow/.local/lib/python3.8/site-packages/airflow/example_dags/example_branch_python_dop_operator_3.py
[2024-03-26T21:33:06.057+0000] {logging_mixin.py:188} INFO - [2024-03-26T21:33:06.047+0000] {dag.py:3047} INFO - Sync 1 DAGs
[2024-03-26T21:33:07.177+0000] {logging_mixin.py:188} INFO - [2024-03-26T21:33:07.167+0000] {dag.py:3834} INFO - Setting next_dagrun for example_branch_dop_operator_v3 to 2024-03-26 21:32:00+00:00, run_after=2024-03-26 21:33:00+00:00
[2024-03-26T21:33:07.587+0000] {processor.py:183} INFO - Processing /home/airflow/.local/lib/python3.8/site-packages/airflow/example_dags/example_branch_python_dop_operator_3.py took 2.310 seconds
[2024-03-26T21:34:27.578+0000] {processor.py:161} INFO - Started process (PID=5623) to work on /home/airflow/.local/lib/python3.8/site-packages/airflow/example_dags/example_branch_python_dop_operator_3.py
[2024-03-26T21:34:27.599+0000] {processor.py:830} INFO - Processing file /home/airflow/.local/lib/python3.8/site-packages/airflow/example_dags/example_branch_python_dop_operator_3.py for tasks to queue
[2024-03-26T21:34:27.638+0000] {logging_mixin.py:188} INFO - [2024-03-26T21:34:27.628+0000] {dagbag.py:540} INFO - Filling up the DagBag from /home/airflow/.local/lib/python3.8/site-packages/airflow/example_dags/example_branch_python_dop_operator_3.py
[2024-03-26T21:34:27.888+0000] {processor.py:840} INFO - DAG(s) 'example_branch_dop_operator_v3' retrieved from /home/airflow/.local/lib/python3.8/site-packages/airflow/example_dags/example_branch_python_dop_operator_3.py
[2024-03-26T21:34:28.558+0000] {logging_mixin.py:188} INFO - [2024-03-26T21:34:28.548+0000] {dag.py:3047} INFO - Sync 1 DAGs
[2024-03-26T21:34:29.458+0000] {logging_mixin.py:188} INFO - [2024-03-26T21:34:29.458+0000] {dag.py:3834} INFO - Setting next_dagrun for example_branch_dop_operator_v3 to 2024-03-26 21:33:00+00:00, run_after=2024-03-26 21:34:00+00:00
[2024-03-26T21:34:30.348+0000] {processor.py:183} INFO - Processing /home/airflow/.local/lib/python3.8/site-packages/airflow/example_dags/example_branch_python_dop_operator_3.py took 2.880 seconds
[2024-03-26T21:35:35.524+0000] {processor.py:161} INFO - Started process (PID=5792) to work on /home/airflow/.local/lib/python3.8/site-packages/airflow/example_dags/example_branch_python_dop_operator_3.py
[2024-03-26T21:35:35.644+0000] {processor.py:830} INFO - Processing file /home/airflow/.local/lib/python3.8/site-packages/airflow/example_dags/example_branch_python_dop_operator_3.py for tasks to queue
[2024-03-26T21:35:35.774+0000] {logging_mixin.py:188} INFO - [2024-03-26T21:35:35.744+0000] {dagbag.py:540} INFO - Filling up the DagBag from /home/airflow/.local/lib/python3.8/site-packages/airflow/example_dags/example_branch_python_dop_operator_3.py
[2024-03-26T21:35:36.294+0000] {processor.py:840} INFO - DAG(s) 'example_branch_dop_operator_v3' retrieved from /home/airflow/.local/lib/python3.8/site-packages/airflow/example_dags/example_branch_python_dop_operator_3.py
[2024-03-26T21:35:37.204+0000] {logging_mixin.py:188} INFO - [2024-03-26T21:35:37.194+0000] {dag.py:3047} INFO - Sync 1 DAGs
[2024-03-26T21:35:38.352+0000] {logging_mixin.py:188} INFO - [2024-03-26T21:35:38.342+0000] {dag.py:3834} INFO - Setting next_dagrun for example_branch_dop_operator_v3 to 2024-03-26 21:34:00+00:00, run_after=2024-03-26 21:35:00+00:00
[2024-03-26T21:35:39.413+0000] {processor.py:183} INFO - Processing /home/airflow/.local/lib/python3.8/site-packages/airflow/example_dags/example_branch_python_dop_operator_3.py took 4.060 seconds
[2024-03-26T21:37:14.991+0000] {processor.py:161} INFO - Started process (PID=5962) to work on /home/airflow/.local/lib/python3.8/site-packages/airflow/example_dags/example_branch_python_dop_operator_3.py
[2024-03-26T21:37:15.041+0000] {processor.py:830} INFO - Processing file /home/airflow/.local/lib/python3.8/site-packages/airflow/example_dags/example_branch_python_dop_operator_3.py for tasks to queue
[2024-03-26T21:37:15.111+0000] {logging_mixin.py:188} INFO - [2024-03-26T21:37:15.091+0000] {dagbag.py:540} INFO - Filling up the DagBag from /home/airflow/.local/lib/python3.8/site-packages/airflow/example_dags/example_branch_python_dop_operator_3.py
[2024-03-26T21:37:15.811+0000] {processor.py:840} INFO - DAG(s) 'example_branch_dop_operator_v3' retrieved from /home/airflow/.local/lib/python3.8/site-packages/airflow/example_dags/example_branch_python_dop_operator_3.py
[2024-03-26T21:37:18.121+0000] {logging_mixin.py:188} INFO - [2024-03-26T21:37:18.091+0000] {dag.py:3047} INFO - Sync 1 DAGs
[2024-03-26T21:37:20.961+0000] {logging_mixin.py:188} INFO - [2024-03-26T21:37:20.941+0000] {dag.py:3834} INFO - Setting next_dagrun for example_branch_dop_operator_v3 to 2024-03-26 21:36:00+00:00, run_after=2024-03-26 21:37:00+00:00
[2024-03-26T21:37:22.621+0000] {processor.py:183} INFO - Processing /home/airflow/.local/lib/python3.8/site-packages/airflow/example_dags/example_branch_python_dop_operator_3.py took 7.820 seconds
