[2024-03-26T21:03:37.028+0000] {processor.py:161} INFO - Started process (PID=280) to work on /home/airflow/.local/lib/python3.8/site-packages/airflow/example_dags/example_external_task_marker_dag.py
[2024-03-26T21:03:37.031+0000] {processor.py:830} INFO - Processing file /home/airflow/.local/lib/python3.8/site-packages/airflow/example_dags/example_external_task_marker_dag.py for tasks to queue
[2024-03-26T21:03:37.039+0000] {logging_mixin.py:188} INFO - [2024-03-26T21:03:37.038+0000] {dagbag.py:540} INFO - Filling up the DagBag from /home/airflow/.local/lib/python3.8/site-packages/airflow/example_dags/example_external_task_marker_dag.py
[2024-03-26T21:03:37.098+0000] {processor.py:840} INFO - DAG(s) 'example_external_task_marker_child', 'example_external_task_marker_parent' retrieved from /home/airflow/.local/lib/python3.8/site-packages/airflow/example_dags/example_external_task_marker_dag.py
[2024-03-26T21:03:37.950+0000] {logging_mixin.py:188} INFO - [2024-03-26T21:03:37.949+0000] {dag.py:3047} INFO - Sync 2 DAGs
[2024-03-26T21:03:38.008+0000] {logging_mixin.py:188} INFO - [2024-03-26T21:03:38.007+0000] {dag.py:3834} INFO - Setting next_dagrun for example_external_task_marker_child to None, run_after=None
[2024-03-26T21:03:38.021+0000] {logging_mixin.py:188} INFO - [2024-03-26T21:03:38.021+0000] {dag.py:3834} INFO - Setting next_dagrun for example_external_task_marker_parent to None, run_after=None
[2024-03-26T21:03:38.116+0000] {processor.py:183} INFO - Processing /home/airflow/.local/lib/python3.8/site-packages/airflow/example_dags/example_external_task_marker_dag.py took 1.103 seconds
[2024-03-26T21:04:10.874+0000] {processor.py:161} INFO - Started process (PID=527) to work on /home/airflow/.local/lib/python3.8/site-packages/airflow/example_dags/example_external_task_marker_dag.py
[2024-03-26T21:04:10.884+0000] {processor.py:830} INFO - Processing file /home/airflow/.local/lib/python3.8/site-packages/airflow/example_dags/example_external_task_marker_dag.py for tasks to queue
[2024-03-26T21:04:10.886+0000] {logging_mixin.py:188} INFO - [2024-03-26T21:04:10.885+0000] {dagbag.py:540} INFO - Filling up the DagBag from /home/airflow/.local/lib/python3.8/site-packages/airflow/example_dags/example_external_task_marker_dag.py
[2024-03-26T21:04:10.907+0000] {processor.py:840} INFO - DAG(s) 'example_external_task_marker_child', 'example_external_task_marker_parent' retrieved from /home/airflow/.local/lib/python3.8/site-packages/airflow/example_dags/example_external_task_marker_dag.py
[2024-03-26T21:04:10.994+0000] {logging_mixin.py:188} INFO - [2024-03-26T21:04:10.994+0000] {dag.py:3047} INFO - Sync 2 DAGs
[2024-03-26T21:04:11.037+0000] {logging_mixin.py:188} INFO - [2024-03-26T21:04:11.036+0000] {dag.py:3834} INFO - Setting next_dagrun for example_external_task_marker_child to None, run_after=None
[2024-03-26T21:04:11.049+0000] {logging_mixin.py:188} INFO - [2024-03-26T21:04:11.048+0000] {dag.py:3834} INFO - Setting next_dagrun for example_external_task_marker_parent to None, run_after=None
[2024-03-26T21:04:11.116+0000] {processor.py:183} INFO - Processing /home/airflow/.local/lib/python3.8/site-packages/airflow/example_dags/example_external_task_marker_dag.py took 0.258 seconds
[2024-03-26T21:04:41.702+0000] {processor.py:161} INFO - Started process (PID=774) to work on /home/airflow/.local/lib/python3.8/site-packages/airflow/example_dags/example_external_task_marker_dag.py
[2024-03-26T21:04:41.703+0000] {processor.py:830} INFO - Processing file /home/airflow/.local/lib/python3.8/site-packages/airflow/example_dags/example_external_task_marker_dag.py for tasks to queue
[2024-03-26T21:04:41.704+0000] {logging_mixin.py:188} INFO - [2024-03-26T21:04:41.704+0000] {dagbag.py:540} INFO - Filling up the DagBag from /home/airflow/.local/lib/python3.8/site-packages/airflow/example_dags/example_external_task_marker_dag.py
[2024-03-26T21:04:41.723+0000] {processor.py:840} INFO - DAG(s) 'example_external_task_marker_child', 'example_external_task_marker_parent' retrieved from /home/airflow/.local/lib/python3.8/site-packages/airflow/example_dags/example_external_task_marker_dag.py
[2024-03-26T21:04:41.802+0000] {logging_mixin.py:188} INFO - [2024-03-26T21:04:41.802+0000] {dag.py:3047} INFO - Sync 2 DAGs
[2024-03-26T21:04:41.841+0000] {logging_mixin.py:188} INFO - [2024-03-26T21:04:41.840+0000] {dag.py:3834} INFO - Setting next_dagrun for example_external_task_marker_child to None, run_after=None
[2024-03-26T21:04:41.863+0000] {logging_mixin.py:188} INFO - [2024-03-26T21:04:41.862+0000] {dag.py:3834} INFO - Setting next_dagrun for example_external_task_marker_parent to None, run_after=None
[2024-03-26T21:04:41.912+0000] {processor.py:183} INFO - Processing /home/airflow/.local/lib/python3.8/site-packages/airflow/example_dags/example_external_task_marker_dag.py took 0.222 seconds
[2024-03-26T21:05:13.348+0000] {processor.py:161} INFO - Started process (PID=1022) to work on /home/airflow/.local/lib/python3.8/site-packages/airflow/example_dags/example_external_task_marker_dag.py
[2024-03-26T21:05:13.350+0000] {processor.py:830} INFO - Processing file /home/airflow/.local/lib/python3.8/site-packages/airflow/example_dags/example_external_task_marker_dag.py for tasks to queue
[2024-03-26T21:05:13.353+0000] {logging_mixin.py:188} INFO - [2024-03-26T21:05:13.352+0000] {dagbag.py:540} INFO - Filling up the DagBag from /home/airflow/.local/lib/python3.8/site-packages/airflow/example_dags/example_external_task_marker_dag.py
[2024-03-26T21:05:13.380+0000] {processor.py:840} INFO - DAG(s) 'example_external_task_marker_parent', 'example_external_task_marker_child' retrieved from /home/airflow/.local/lib/python3.8/site-packages/airflow/example_dags/example_external_task_marker_dag.py
[2024-03-26T21:05:13.450+0000] {logging_mixin.py:188} INFO - [2024-03-26T21:05:13.449+0000] {dag.py:3047} INFO - Sync 2 DAGs
[2024-03-26T21:05:13.499+0000] {logging_mixin.py:188} INFO - [2024-03-26T21:05:13.493+0000] {dag.py:3834} INFO - Setting next_dagrun for example_external_task_marker_child to None, run_after=None
[2024-03-26T21:05:13.509+0000] {logging_mixin.py:188} INFO - [2024-03-26T21:05:13.509+0000] {dag.py:3834} INFO - Setting next_dagrun for example_external_task_marker_parent to None, run_after=None
[2024-03-26T21:05:13.590+0000] {processor.py:183} INFO - Processing /home/airflow/.local/lib/python3.8/site-packages/airflow/example_dags/example_external_task_marker_dag.py took 0.258 seconds
[2024-03-26T21:05:44.068+0000] {processor.py:161} INFO - Started process (PID=1269) to work on /home/airflow/.local/lib/python3.8/site-packages/airflow/example_dags/example_external_task_marker_dag.py
[2024-03-26T21:05:44.070+0000] {processor.py:830} INFO - Processing file /home/airflow/.local/lib/python3.8/site-packages/airflow/example_dags/example_external_task_marker_dag.py for tasks to queue
[2024-03-26T21:05:44.078+0000] {logging_mixin.py:188} INFO - [2024-03-26T21:05:44.077+0000] {dagbag.py:540} INFO - Filling up the DagBag from /home/airflow/.local/lib/python3.8/site-packages/airflow/example_dags/example_external_task_marker_dag.py
[2024-03-26T21:05:44.101+0000] {processor.py:840} INFO - DAG(s) 'example_external_task_marker_child', 'example_external_task_marker_parent' retrieved from /home/airflow/.local/lib/python3.8/site-packages/airflow/example_dags/example_external_task_marker_dag.py
[2024-03-26T21:05:44.249+0000] {logging_mixin.py:188} INFO - [2024-03-26T21:05:44.249+0000] {dag.py:3047} INFO - Sync 2 DAGs
[2024-03-26T21:05:44.290+0000] {logging_mixin.py:188} INFO - [2024-03-26T21:05:44.289+0000] {dag.py:3834} INFO - Setting next_dagrun for example_external_task_marker_child to None, run_after=None
[2024-03-26T21:05:44.306+0000] {logging_mixin.py:188} INFO - [2024-03-26T21:05:44.300+0000] {dag.py:3834} INFO - Setting next_dagrun for example_external_task_marker_parent to None, run_after=None
[2024-03-26T21:05:44.367+0000] {processor.py:183} INFO - Processing /home/airflow/.local/lib/python3.8/site-packages/airflow/example_dags/example_external_task_marker_dag.py took 0.310 seconds
[2024-03-26T21:06:15.533+0000] {processor.py:161} INFO - Started process (PID=1516) to work on /home/airflow/.local/lib/python3.8/site-packages/airflow/example_dags/example_external_task_marker_dag.py
[2024-03-26T21:06:15.544+0000] {processor.py:830} INFO - Processing file /home/airflow/.local/lib/python3.8/site-packages/airflow/example_dags/example_external_task_marker_dag.py for tasks to queue
[2024-03-26T21:06:15.547+0000] {logging_mixin.py:188} INFO - [2024-03-26T21:06:15.546+0000] {dagbag.py:540} INFO - Filling up the DagBag from /home/airflow/.local/lib/python3.8/site-packages/airflow/example_dags/example_external_task_marker_dag.py
[2024-03-26T21:06:15.576+0000] {processor.py:840} INFO - DAG(s) 'example_external_task_marker_parent', 'example_external_task_marker_child' retrieved from /home/airflow/.local/lib/python3.8/site-packages/airflow/example_dags/example_external_task_marker_dag.py
[2024-03-26T21:06:15.714+0000] {logging_mixin.py:188} INFO - [2024-03-26T21:06:15.714+0000] {dag.py:3047} INFO - Sync 2 DAGs
[2024-03-26T21:06:15.755+0000] {logging_mixin.py:188} INFO - [2024-03-26T21:06:15.754+0000] {dag.py:3834} INFO - Setting next_dagrun for example_external_task_marker_child to None, run_after=None
[2024-03-26T21:06:15.766+0000] {logging_mixin.py:188} INFO - [2024-03-26T21:06:15.765+0000] {dag.py:3834} INFO - Setting next_dagrun for example_external_task_marker_parent to None, run_after=None
[2024-03-26T21:06:15.847+0000] {processor.py:183} INFO - Processing /home/airflow/.local/lib/python3.8/site-packages/airflow/example_dags/example_external_task_marker_dag.py took 0.332 seconds
[2024-03-26T21:06:46.453+0000] {processor.py:161} INFO - Started process (PID=1763) to work on /home/airflow/.local/lib/python3.8/site-packages/airflow/example_dags/example_external_task_marker_dag.py
[2024-03-26T21:06:46.455+0000] {processor.py:830} INFO - Processing file /home/airflow/.local/lib/python3.8/site-packages/airflow/example_dags/example_external_task_marker_dag.py for tasks to queue
[2024-03-26T21:06:46.456+0000] {logging_mixin.py:188} INFO - [2024-03-26T21:06:46.456+0000] {dagbag.py:540} INFO - Filling up the DagBag from /home/airflow/.local/lib/python3.8/site-packages/airflow/example_dags/example_external_task_marker_dag.py
[2024-03-26T21:06:46.477+0000] {processor.py:840} INFO - DAG(s) 'example_external_task_marker_child', 'example_external_task_marker_parent' retrieved from /home/airflow/.local/lib/python3.8/site-packages/airflow/example_dags/example_external_task_marker_dag.py
[2024-03-26T21:06:46.587+0000] {logging_mixin.py:188} INFO - [2024-03-26T21:06:46.587+0000] {dag.py:3047} INFO - Sync 2 DAGs
[2024-03-26T21:06:46.653+0000] {logging_mixin.py:188} INFO - [2024-03-26T21:06:46.643+0000] {dag.py:3834} INFO - Setting next_dagrun for example_external_task_marker_child to None, run_after=None
[2024-03-26T21:06:46.673+0000] {logging_mixin.py:188} INFO - [2024-03-26T21:06:46.667+0000] {dag.py:3834} INFO - Setting next_dagrun for example_external_task_marker_parent to None, run_after=None
[2024-03-26T21:06:46.735+0000] {processor.py:183} INFO - Processing /home/airflow/.local/lib/python3.8/site-packages/airflow/example_dags/example_external_task_marker_dag.py took 0.292 seconds
[2024-03-26T21:07:17.404+0000] {processor.py:161} INFO - Started process (PID=2010) to work on /home/airflow/.local/lib/python3.8/site-packages/airflow/example_dags/example_external_task_marker_dag.py
[2024-03-26T21:07:17.411+0000] {processor.py:830} INFO - Processing file /home/airflow/.local/lib/python3.8/site-packages/airflow/example_dags/example_external_task_marker_dag.py for tasks to queue
[2024-03-26T21:07:17.413+0000] {logging_mixin.py:188} INFO - [2024-03-26T21:07:17.412+0000] {dagbag.py:540} INFO - Filling up the DagBag from /home/airflow/.local/lib/python3.8/site-packages/airflow/example_dags/example_external_task_marker_dag.py
[2024-03-26T21:07:17.433+0000] {processor.py:840} INFO - DAG(s) 'example_external_task_marker_parent', 'example_external_task_marker_child' retrieved from /home/airflow/.local/lib/python3.8/site-packages/airflow/example_dags/example_external_task_marker_dag.py
[2024-03-26T21:07:17.515+0000] {logging_mixin.py:188} INFO - [2024-03-26T21:07:17.515+0000] {dag.py:3047} INFO - Sync 2 DAGs
[2024-03-26T21:07:17.572+0000] {logging_mixin.py:188} INFO - [2024-03-26T21:07:17.572+0000] {dag.py:3834} INFO - Setting next_dagrun for example_external_task_marker_child to None, run_after=None
[2024-03-26T21:07:17.583+0000] {logging_mixin.py:188} INFO - [2024-03-26T21:07:17.583+0000] {dag.py:3834} INFO - Setting next_dagrun for example_external_task_marker_parent to None, run_after=None
[2024-03-26T21:07:17.644+0000] {processor.py:183} INFO - Processing /home/airflow/.local/lib/python3.8/site-packages/airflow/example_dags/example_external_task_marker_dag.py took 0.251 seconds
[2024-03-26T21:07:48.016+0000] {processor.py:161} INFO - Started process (PID=2255) to work on /home/airflow/.local/lib/python3.8/site-packages/airflow/example_dags/example_external_task_marker_dag.py
[2024-03-26T21:07:48.022+0000] {processor.py:830} INFO - Processing file /home/airflow/.local/lib/python3.8/site-packages/airflow/example_dags/example_external_task_marker_dag.py for tasks to queue
[2024-03-26T21:07:48.024+0000] {logging_mixin.py:188} INFO - [2024-03-26T21:07:48.023+0000] {dagbag.py:540} INFO - Filling up the DagBag from /home/airflow/.local/lib/python3.8/site-packages/airflow/example_dags/example_external_task_marker_dag.py
[2024-03-26T21:07:48.043+0000] {processor.py:840} INFO - DAG(s) 'example_external_task_marker_parent', 'example_external_task_marker_child' retrieved from /home/airflow/.local/lib/python3.8/site-packages/airflow/example_dags/example_external_task_marker_dag.py
[2024-03-26T21:07:48.124+0000] {logging_mixin.py:188} INFO - [2024-03-26T21:07:48.123+0000] {dag.py:3047} INFO - Sync 2 DAGs
[2024-03-26T21:07:48.162+0000] {logging_mixin.py:188} INFO - [2024-03-26T21:07:48.156+0000] {dag.py:3834} INFO - Setting next_dagrun for example_external_task_marker_child to None, run_after=None
[2024-03-26T21:07:48.173+0000] {logging_mixin.py:188} INFO - [2024-03-26T21:07:48.172+0000] {dag.py:3834} INFO - Setting next_dagrun for example_external_task_marker_parent to None, run_after=None
[2024-03-26T21:07:48.245+0000] {processor.py:183} INFO - Processing /home/airflow/.local/lib/python3.8/site-packages/airflow/example_dags/example_external_task_marker_dag.py took 0.239 seconds
[2024-03-26T21:08:18.741+0000] {processor.py:161} INFO - Started process (PID=2499) to work on /home/airflow/.local/lib/python3.8/site-packages/airflow/example_dags/example_external_task_marker_dag.py
[2024-03-26T21:08:18.748+0000] {processor.py:830} INFO - Processing file /home/airflow/.local/lib/python3.8/site-packages/airflow/example_dags/example_external_task_marker_dag.py for tasks to queue
[2024-03-26T21:08:18.750+0000] {logging_mixin.py:188} INFO - [2024-03-26T21:08:18.749+0000] {dagbag.py:540} INFO - Filling up the DagBag from /home/airflow/.local/lib/python3.8/site-packages/airflow/example_dags/example_external_task_marker_dag.py
[2024-03-26T21:08:18.771+0000] {processor.py:840} INFO - DAG(s) 'example_external_task_marker_parent', 'example_external_task_marker_child' retrieved from /home/airflow/.local/lib/python3.8/site-packages/airflow/example_dags/example_external_task_marker_dag.py
[2024-03-26T21:08:18.858+0000] {logging_mixin.py:188} INFO - [2024-03-26T21:08:18.858+0000] {dag.py:3047} INFO - Sync 2 DAGs
[2024-03-26T21:08:18.918+0000] {logging_mixin.py:188} INFO - [2024-03-26T21:08:18.911+0000] {dag.py:3834} INFO - Setting next_dagrun for example_external_task_marker_child to None, run_after=None
[2024-03-26T21:08:18.931+0000] {logging_mixin.py:188} INFO - [2024-03-26T21:08:18.931+0000] {dag.py:3834} INFO - Setting next_dagrun for example_external_task_marker_parent to None, run_after=None
[2024-03-26T21:08:18.990+0000] {processor.py:183} INFO - Processing /home/airflow/.local/lib/python3.8/site-packages/airflow/example_dags/example_external_task_marker_dag.py took 0.259 seconds
[2024-03-26T21:08:49.500+0000] {processor.py:161} INFO - Started process (PID=2744) to work on /home/airflow/.local/lib/python3.8/site-packages/airflow/example_dags/example_external_task_marker_dag.py
[2024-03-26T21:08:49.508+0000] {processor.py:830} INFO - Processing file /home/airflow/.local/lib/python3.8/site-packages/airflow/example_dags/example_external_task_marker_dag.py for tasks to queue
[2024-03-26T21:08:49.510+0000] {logging_mixin.py:188} INFO - [2024-03-26T21:08:49.509+0000] {dagbag.py:540} INFO - Filling up the DagBag from /home/airflow/.local/lib/python3.8/site-packages/airflow/example_dags/example_external_task_marker_dag.py
[2024-03-26T21:08:49.530+0000] {processor.py:840} INFO - DAG(s) 'example_external_task_marker_child', 'example_external_task_marker_parent' retrieved from /home/airflow/.local/lib/python3.8/site-packages/airflow/example_dags/example_external_task_marker_dag.py
[2024-03-26T21:08:49.620+0000] {logging_mixin.py:188} INFO - [2024-03-26T21:08:49.619+0000] {dag.py:3047} INFO - Sync 2 DAGs
[2024-03-26T21:08:49.676+0000] {logging_mixin.py:188} INFO - [2024-03-26T21:08:49.670+0000] {dag.py:3834} INFO - Setting next_dagrun for example_external_task_marker_child to None, run_after=None
[2024-03-26T21:08:49.698+0000] {logging_mixin.py:188} INFO - [2024-03-26T21:08:49.697+0000] {dag.py:3834} INFO - Setting next_dagrun for example_external_task_marker_parent to None, run_after=None
[2024-03-26T21:08:49.770+0000] {processor.py:183} INFO - Processing /home/airflow/.local/lib/python3.8/site-packages/airflow/example_dags/example_external_task_marker_dag.py took 0.280 seconds
[2024-03-26T21:09:19.889+0000] {processor.py:161} INFO - Started process (PID=2991) to work on /home/airflow/.local/lib/python3.8/site-packages/airflow/example_dags/example_external_task_marker_dag.py
[2024-03-26T21:09:19.896+0000] {processor.py:830} INFO - Processing file /home/airflow/.local/lib/python3.8/site-packages/airflow/example_dags/example_external_task_marker_dag.py for tasks to queue
[2024-03-26T21:09:19.898+0000] {logging_mixin.py:188} INFO - [2024-03-26T21:09:19.898+0000] {dagbag.py:540} INFO - Filling up the DagBag from /home/airflow/.local/lib/python3.8/site-packages/airflow/example_dags/example_external_task_marker_dag.py
[2024-03-26T21:09:19.919+0000] {processor.py:840} INFO - DAG(s) 'example_external_task_marker_child', 'example_external_task_marker_parent' retrieved from /home/airflow/.local/lib/python3.8/site-packages/airflow/example_dags/example_external_task_marker_dag.py
[2024-03-26T21:09:20.007+0000] {logging_mixin.py:188} INFO - [2024-03-26T21:09:20.007+0000] {dag.py:3047} INFO - Sync 2 DAGs
[2024-03-26T21:09:20.049+0000] {logging_mixin.py:188} INFO - [2024-03-26T21:09:20.049+0000] {dag.py:3834} INFO - Setting next_dagrun for example_external_task_marker_child to None, run_after=None
[2024-03-26T21:09:20.060+0000] {logging_mixin.py:188} INFO - [2024-03-26T21:09:20.060+0000] {dag.py:3834} INFO - Setting next_dagrun for example_external_task_marker_parent to None, run_after=None
[2024-03-26T21:09:20.117+0000] {processor.py:183} INFO - Processing /home/airflow/.local/lib/python3.8/site-packages/airflow/example_dags/example_external_task_marker_dag.py took 0.239 seconds
[2024-03-26T21:09:50.457+0000] {processor.py:161} INFO - Started process (PID=3238) to work on /home/airflow/.local/lib/python3.8/site-packages/airflow/example_dags/example_external_task_marker_dag.py
[2024-03-26T21:09:50.464+0000] {processor.py:830} INFO - Processing file /home/airflow/.local/lib/python3.8/site-packages/airflow/example_dags/example_external_task_marker_dag.py for tasks to queue
[2024-03-26T21:09:50.475+0000] {logging_mixin.py:188} INFO - [2024-03-26T21:09:50.474+0000] {dagbag.py:540} INFO - Filling up the DagBag from /home/airflow/.local/lib/python3.8/site-packages/airflow/example_dags/example_external_task_marker_dag.py
[2024-03-26T21:09:50.494+0000] {processor.py:840} INFO - DAG(s) 'example_external_task_marker_parent', 'example_external_task_marker_child' retrieved from /home/airflow/.local/lib/python3.8/site-packages/airflow/example_dags/example_external_task_marker_dag.py
[2024-03-26T21:09:50.568+0000] {logging_mixin.py:188} INFO - [2024-03-26T21:09:50.567+0000] {dag.py:3047} INFO - Sync 2 DAGs
[2024-03-26T21:09:50.615+0000] {logging_mixin.py:188} INFO - [2024-03-26T21:09:50.614+0000] {dag.py:3834} INFO - Setting next_dagrun for example_external_task_marker_child to None, run_after=None
[2024-03-26T21:09:50.626+0000] {logging_mixin.py:188} INFO - [2024-03-26T21:09:50.625+0000] {dag.py:3834} INFO - Setting next_dagrun for example_external_task_marker_parent to None, run_after=None
[2024-03-26T21:09:50.686+0000] {processor.py:183} INFO - Processing /home/airflow/.local/lib/python3.8/site-packages/airflow/example_dags/example_external_task_marker_dag.py took 0.241 seconds
[2024-03-26T21:10:21.734+0000] {processor.py:161} INFO - Started process (PID=3487) to work on /home/airflow/.local/lib/python3.8/site-packages/airflow/example_dags/example_external_task_marker_dag.py
[2024-03-26T21:10:21.736+0000] {processor.py:830} INFO - Processing file /home/airflow/.local/lib/python3.8/site-packages/airflow/example_dags/example_external_task_marker_dag.py for tasks to queue
[2024-03-26T21:10:21.744+0000] {logging_mixin.py:188} INFO - [2024-03-26T21:10:21.744+0000] {dagbag.py:540} INFO - Filling up the DagBag from /home/airflow/.local/lib/python3.8/site-packages/airflow/example_dags/example_external_task_marker_dag.py
[2024-03-26T21:10:21.766+0000] {processor.py:840} INFO - DAG(s) 'example_external_task_marker_child', 'example_external_task_marker_parent' retrieved from /home/airflow/.local/lib/python3.8/site-packages/airflow/example_dags/example_external_task_marker_dag.py
[2024-03-26T21:10:21.855+0000] {logging_mixin.py:188} INFO - [2024-03-26T21:10:21.855+0000] {dag.py:3047} INFO - Sync 2 DAGs
[2024-03-26T21:10:21.895+0000] {logging_mixin.py:188} INFO - [2024-03-26T21:10:21.895+0000] {dag.py:3834} INFO - Setting next_dagrun for example_external_task_marker_child to None, run_after=None
[2024-03-26T21:10:21.906+0000] {logging_mixin.py:188} INFO - [2024-03-26T21:10:21.905+0000] {dag.py:3834} INFO - Setting next_dagrun for example_external_task_marker_parent to None, run_after=None
[2024-03-26T21:10:21.963+0000] {processor.py:183} INFO - Processing /home/airflow/.local/lib/python3.8/site-packages/airflow/example_dags/example_external_task_marker_dag.py took 0.240 seconds
[2024-03-26T21:10:52.931+0000] {processor.py:161} INFO - Started process (PID=3734) to work on /home/airflow/.local/lib/python3.8/site-packages/airflow/example_dags/example_external_task_marker_dag.py
[2024-03-26T21:10:52.932+0000] {processor.py:830} INFO - Processing file /home/airflow/.local/lib/python3.8/site-packages/airflow/example_dags/example_external_task_marker_dag.py for tasks to queue
[2024-03-26T21:10:52.940+0000] {logging_mixin.py:188} INFO - [2024-03-26T21:10:52.939+0000] {dagbag.py:540} INFO - Filling up the DagBag from /home/airflow/.local/lib/python3.8/site-packages/airflow/example_dags/example_external_task_marker_dag.py
[2024-03-26T21:10:52.962+0000] {processor.py:840} INFO - DAG(s) 'example_external_task_marker_parent', 'example_external_task_marker_child' retrieved from /home/airflow/.local/lib/python3.8/site-packages/airflow/example_dags/example_external_task_marker_dag.py
[2024-03-26T21:10:53.049+0000] {logging_mixin.py:188} INFO - [2024-03-26T21:10:53.049+0000] {dag.py:3047} INFO - Sync 2 DAGs
[2024-03-26T21:10:53.092+0000] {logging_mixin.py:188} INFO - [2024-03-26T21:10:53.092+0000] {dag.py:3834} INFO - Setting next_dagrun for example_external_task_marker_child to None, run_after=None
[2024-03-26T21:10:53.113+0000] {logging_mixin.py:188} INFO - [2024-03-26T21:10:53.112+0000] {dag.py:3834} INFO - Setting next_dagrun for example_external_task_marker_parent to None, run_after=None
[2024-03-26T21:10:53.181+0000] {processor.py:183} INFO - Processing /home/airflow/.local/lib/python3.8/site-packages/airflow/example_dags/example_external_task_marker_dag.py took 0.261 seconds
[2024-03-26T21:11:23.561+0000] {processor.py:161} INFO - Started process (PID=3979) to work on /home/airflow/.local/lib/python3.8/site-packages/airflow/example_dags/example_external_task_marker_dag.py
[2024-03-26T21:11:23.563+0000] {processor.py:830} INFO - Processing file /home/airflow/.local/lib/python3.8/site-packages/airflow/example_dags/example_external_task_marker_dag.py for tasks to queue
[2024-03-26T21:11:23.571+0000] {logging_mixin.py:188} INFO - [2024-03-26T21:11:23.571+0000] {dagbag.py:540} INFO - Filling up the DagBag from /home/airflow/.local/lib/python3.8/site-packages/airflow/example_dags/example_external_task_marker_dag.py
[2024-03-26T21:11:23.593+0000] {processor.py:840} INFO - DAG(s) 'example_external_task_marker_parent', 'example_external_task_marker_child' retrieved from /home/airflow/.local/lib/python3.8/site-packages/airflow/example_dags/example_external_task_marker_dag.py
[2024-03-26T21:11:23.692+0000] {logging_mixin.py:188} INFO - [2024-03-26T21:11:23.692+0000] {dag.py:3047} INFO - Sync 2 DAGs
[2024-03-26T21:11:23.741+0000] {logging_mixin.py:188} INFO - [2024-03-26T21:11:23.741+0000] {dag.py:3834} INFO - Setting next_dagrun for example_external_task_marker_child to None, run_after=None
[2024-03-26T21:11:23.753+0000] {logging_mixin.py:188} INFO - [2024-03-26T21:11:23.752+0000] {dag.py:3834} INFO - Setting next_dagrun for example_external_task_marker_parent to None, run_after=None
[2024-03-26T21:11:23.820+0000] {processor.py:183} INFO - Processing /home/airflow/.local/lib/python3.8/site-packages/airflow/example_dags/example_external_task_marker_dag.py took 0.270 seconds
[2024-03-26T21:11:54.965+0000] {processor.py:161} INFO - Started process (PID=4226) to work on /home/airflow/.local/lib/python3.8/site-packages/airflow/example_dags/example_external_task_marker_dag.py
[2024-03-26T21:11:54.967+0000] {processor.py:830} INFO - Processing file /home/airflow/.local/lib/python3.8/site-packages/airflow/example_dags/example_external_task_marker_dag.py for tasks to queue
[2024-03-26T21:11:54.975+0000] {logging_mixin.py:188} INFO - [2024-03-26T21:11:54.968+0000] {dagbag.py:540} INFO - Filling up the DagBag from /home/airflow/.local/lib/python3.8/site-packages/airflow/example_dags/example_external_task_marker_dag.py
[2024-03-26T21:11:54.997+0000] {processor.py:840} INFO - DAG(s) 'example_external_task_marker_child', 'example_external_task_marker_parent' retrieved from /home/airflow/.local/lib/python3.8/site-packages/airflow/example_dags/example_external_task_marker_dag.py
[2024-03-26T21:11:55.088+0000] {logging_mixin.py:188} INFO - [2024-03-26T21:11:55.088+0000] {dag.py:3047} INFO - Sync 2 DAGs
[2024-03-26T21:11:55.137+0000] {logging_mixin.py:188} INFO - [2024-03-26T21:11:55.137+0000] {dag.py:3834} INFO - Setting next_dagrun for example_external_task_marker_child to None, run_after=None
[2024-03-26T21:11:55.148+0000] {logging_mixin.py:188} INFO - [2024-03-26T21:11:55.148+0000] {dag.py:3834} INFO - Setting next_dagrun for example_external_task_marker_parent to None, run_after=None
[2024-03-26T21:11:55.218+0000] {processor.py:183} INFO - Processing /home/airflow/.local/lib/python3.8/site-packages/airflow/example_dags/example_external_task_marker_dag.py took 0.271 seconds
[2024-03-26T21:12:26.038+0000] {processor.py:161} INFO - Started process (PID=4475) to work on /home/airflow/.local/lib/python3.8/site-packages/airflow/example_dags/example_external_task_marker_dag.py
[2024-03-26T21:12:26.040+0000] {processor.py:830} INFO - Processing file /home/airflow/.local/lib/python3.8/site-packages/airflow/example_dags/example_external_task_marker_dag.py for tasks to queue
[2024-03-26T21:12:26.047+0000] {logging_mixin.py:188} INFO - [2024-03-26T21:12:26.047+0000] {dagbag.py:540} INFO - Filling up the DagBag from /home/airflow/.local/lib/python3.8/site-packages/airflow/example_dags/example_external_task_marker_dag.py
[2024-03-26T21:12:26.067+0000] {processor.py:840} INFO - DAG(s) 'example_external_task_marker_parent', 'example_external_task_marker_child' retrieved from /home/airflow/.local/lib/python3.8/site-packages/airflow/example_dags/example_external_task_marker_dag.py
[2024-03-26T21:12:26.149+0000] {logging_mixin.py:188} INFO - [2024-03-26T21:12:26.149+0000] {dag.py:3047} INFO - Sync 2 DAGs
[2024-03-26T21:12:26.198+0000] {logging_mixin.py:188} INFO - [2024-03-26T21:12:26.198+0000] {dag.py:3834} INFO - Setting next_dagrun for example_external_task_marker_child to None, run_after=None
[2024-03-26T21:12:26.216+0000] {logging_mixin.py:188} INFO - [2024-03-26T21:12:26.209+0000] {dag.py:3834} INFO - Setting next_dagrun for example_external_task_marker_parent to None, run_after=None
[2024-03-26T21:12:26.278+0000] {processor.py:183} INFO - Processing /home/airflow/.local/lib/python3.8/site-packages/airflow/example_dags/example_external_task_marker_dag.py took 0.250 seconds
[2024-03-26T21:12:56.792+0000] {processor.py:161} INFO - Started process (PID=4722) to work on /home/airflow/.local/lib/python3.8/site-packages/airflow/example_dags/example_external_task_marker_dag.py
[2024-03-26T21:12:56.794+0000] {processor.py:830} INFO - Processing file /home/airflow/.local/lib/python3.8/site-packages/airflow/example_dags/example_external_task_marker_dag.py for tasks to queue
[2024-03-26T21:12:56.802+0000] {logging_mixin.py:188} INFO - [2024-03-26T21:12:56.795+0000] {dagbag.py:540} INFO - Filling up the DagBag from /home/airflow/.local/lib/python3.8/site-packages/airflow/example_dags/example_external_task_marker_dag.py
[2024-03-26T21:12:56.832+0000] {processor.py:840} INFO - DAG(s) 'example_external_task_marker_parent', 'example_external_task_marker_child' retrieved from /home/airflow/.local/lib/python3.8/site-packages/airflow/example_dags/example_external_task_marker_dag.py
[2024-03-26T21:12:56.922+0000] {logging_mixin.py:188} INFO - [2024-03-26T21:12:56.922+0000] {dag.py:3047} INFO - Sync 2 DAGs
[2024-03-26T21:12:56.972+0000] {logging_mixin.py:188} INFO - [2024-03-26T21:12:56.965+0000] {dag.py:3834} INFO - Setting next_dagrun for example_external_task_marker_child to None, run_after=None
[2024-03-26T21:12:56.983+0000] {logging_mixin.py:188} INFO - [2024-03-26T21:12:56.982+0000] {dag.py:3834} INFO - Setting next_dagrun for example_external_task_marker_parent to None, run_after=None
[2024-03-26T21:12:57.052+0000] {processor.py:183} INFO - Processing /home/airflow/.local/lib/python3.8/site-packages/airflow/example_dags/example_external_task_marker_dag.py took 0.278 seconds
[2024-03-26T21:13:27.732+0000] {processor.py:161} INFO - Started process (PID=4969) to work on /home/airflow/.local/lib/python3.8/site-packages/airflow/example_dags/example_external_task_marker_dag.py
[2024-03-26T21:13:27.734+0000] {processor.py:830} INFO - Processing file /home/airflow/.local/lib/python3.8/site-packages/airflow/example_dags/example_external_task_marker_dag.py for tasks to queue
[2024-03-26T21:13:27.736+0000] {logging_mixin.py:188} INFO - [2024-03-26T21:13:27.735+0000] {dagbag.py:540} INFO - Filling up the DagBag from /home/airflow/.local/lib/python3.8/site-packages/airflow/example_dags/example_external_task_marker_dag.py
[2024-03-26T21:13:27.764+0000] {processor.py:840} INFO - DAG(s) 'example_external_task_marker_parent', 'example_external_task_marker_child' retrieved from /home/airflow/.local/lib/python3.8/site-packages/airflow/example_dags/example_external_task_marker_dag.py
[2024-03-26T21:13:27.865+0000] {logging_mixin.py:188} INFO - [2024-03-26T21:13:27.865+0000] {dag.py:3047} INFO - Sync 2 DAGs
[2024-03-26T21:13:27.923+0000] {logging_mixin.py:188} INFO - [2024-03-26T21:13:27.923+0000] {dag.py:3834} INFO - Setting next_dagrun for example_external_task_marker_child to None, run_after=None
[2024-03-26T21:13:27.945+0000] {logging_mixin.py:188} INFO - [2024-03-26T21:13:27.944+0000] {dag.py:3834} INFO - Setting next_dagrun for example_external_task_marker_parent to None, run_after=None
[2024-03-26T21:13:28.034+0000] {processor.py:183} INFO - Processing /home/airflow/.local/lib/python3.8/site-packages/airflow/example_dags/example_external_task_marker_dag.py took 0.319 seconds
[2024-03-26T21:13:58.499+0000] {processor.py:161} INFO - Started process (PID=5216) to work on /home/airflow/.local/lib/python3.8/site-packages/airflow/example_dags/example_external_task_marker_dag.py
[2024-03-26T21:13:58.500+0000] {processor.py:830} INFO - Processing file /home/airflow/.local/lib/python3.8/site-packages/airflow/example_dags/example_external_task_marker_dag.py for tasks to queue
[2024-03-26T21:13:58.508+0000] {logging_mixin.py:188} INFO - [2024-03-26T21:13:58.501+0000] {dagbag.py:540} INFO - Filling up the DagBag from /home/airflow/.local/lib/python3.8/site-packages/airflow/example_dags/example_external_task_marker_dag.py
[2024-03-26T21:13:58.529+0000] {processor.py:840} INFO - DAG(s) 'example_external_task_marker_child', 'example_external_task_marker_parent' retrieved from /home/airflow/.local/lib/python3.8/site-packages/airflow/example_dags/example_external_task_marker_dag.py
[2024-03-26T21:13:58.638+0000] {logging_mixin.py:188} INFO - [2024-03-26T21:13:58.631+0000] {dag.py:3047} INFO - Sync 2 DAGs
[2024-03-26T21:13:58.690+0000] {logging_mixin.py:188} INFO - [2024-03-26T21:13:58.690+0000] {dag.py:3834} INFO - Setting next_dagrun for example_external_task_marker_child to None, run_after=None
[2024-03-26T21:13:58.709+0000] {logging_mixin.py:188} INFO - [2024-03-26T21:13:58.708+0000] {dag.py:3834} INFO - Setting next_dagrun for example_external_task_marker_parent to None, run_after=None
[2024-03-26T21:13:58.800+0000] {processor.py:183} INFO - Processing /home/airflow/.local/lib/python3.8/site-packages/airflow/example_dags/example_external_task_marker_dag.py took 0.311 seconds
[2024-03-26T21:14:29.133+0000] {processor.py:161} INFO - Started process (PID=5463) to work on /home/airflow/.local/lib/python3.8/site-packages/airflow/example_dags/example_external_task_marker_dag.py
[2024-03-26T21:14:29.150+0000] {processor.py:830} INFO - Processing file /home/airflow/.local/lib/python3.8/site-packages/airflow/example_dags/example_external_task_marker_dag.py for tasks to queue
[2024-03-26T21:14:29.160+0000] {logging_mixin.py:188} INFO - [2024-03-26T21:14:29.160+0000] {dagbag.py:540} INFO - Filling up the DagBag from /home/airflow/.local/lib/python3.8/site-packages/airflow/example_dags/example_external_task_marker_dag.py
[2024-03-26T21:14:29.222+0000] {processor.py:840} INFO - DAG(s) 'example_external_task_marker_parent', 'example_external_task_marker_child' retrieved from /home/airflow/.local/lib/python3.8/site-packages/airflow/example_dags/example_external_task_marker_dag.py
[2024-03-26T21:14:29.391+0000] {logging_mixin.py:188} INFO - [2024-03-26T21:14:29.390+0000] {dag.py:3047} INFO - Sync 2 DAGs
[2024-03-26T21:14:29.511+0000] {logging_mixin.py:188} INFO - [2024-03-26T21:14:29.510+0000] {dag.py:3834} INFO - Setting next_dagrun for example_external_task_marker_child to None, run_after=None
[2024-03-26T21:14:29.541+0000] {logging_mixin.py:188} INFO - [2024-03-26T21:14:29.540+0000] {dag.py:3834} INFO - Setting next_dagrun for example_external_task_marker_parent to None, run_after=None
[2024-03-26T21:14:29.652+0000] {processor.py:183} INFO - Processing /home/airflow/.local/lib/python3.8/site-packages/airflow/example_dags/example_external_task_marker_dag.py took 0.541 seconds
[2024-03-26T21:14:59.845+0000] {processor.py:161} INFO - Started process (PID=5708) to work on /home/airflow/.local/lib/python3.8/site-packages/airflow/example_dags/example_external_task_marker_dag.py
[2024-03-26T21:14:59.847+0000] {processor.py:830} INFO - Processing file /home/airflow/.local/lib/python3.8/site-packages/airflow/example_dags/example_external_task_marker_dag.py for tasks to queue
[2024-03-26T21:14:59.855+0000] {logging_mixin.py:188} INFO - [2024-03-26T21:14:59.855+0000] {dagbag.py:540} INFO - Filling up the DagBag from /home/airflow/.local/lib/python3.8/site-packages/airflow/example_dags/example_external_task_marker_dag.py
[2024-03-26T21:14:59.884+0000] {processor.py:840} INFO - DAG(s) 'example_external_task_marker_child', 'example_external_task_marker_parent' retrieved from /home/airflow/.local/lib/python3.8/site-packages/airflow/example_dags/example_external_task_marker_dag.py
[2024-03-26T21:14:59.987+0000] {logging_mixin.py:188} INFO - [2024-03-26T21:14:59.986+0000] {dag.py:3047} INFO - Sync 2 DAGs
[2024-03-26T21:15:00.055+0000] {logging_mixin.py:188} INFO - [2024-03-26T21:15:00.055+0000] {dag.py:3834} INFO - Setting next_dagrun for example_external_task_marker_child to None, run_after=None
[2024-03-26T21:15:00.075+0000] {logging_mixin.py:188} INFO - [2024-03-26T21:15:00.074+0000] {dag.py:3834} INFO - Setting next_dagrun for example_external_task_marker_parent to None, run_after=None
[2024-03-26T21:15:00.146+0000] {processor.py:183} INFO - Processing /home/airflow/.local/lib/python3.8/site-packages/airflow/example_dags/example_external_task_marker_dag.py took 0.319 seconds
[2024-03-26T21:15:30.696+0000] {processor.py:161} INFO - Started process (PID=5954) to work on /home/airflow/.local/lib/python3.8/site-packages/airflow/example_dags/example_external_task_marker_dag.py
[2024-03-26T21:15:30.705+0000] {processor.py:830} INFO - Processing file /home/airflow/.local/lib/python3.8/site-packages/airflow/example_dags/example_external_task_marker_dag.py for tasks to queue
[2024-03-26T21:15:30.706+0000] {logging_mixin.py:188} INFO - [2024-03-26T21:15:30.706+0000] {dagbag.py:540} INFO - Filling up the DagBag from /home/airflow/.local/lib/python3.8/site-packages/airflow/example_dags/example_external_task_marker_dag.py
[2024-03-26T21:15:30.727+0000] {processor.py:840} INFO - DAG(s) 'example_external_task_marker_parent', 'example_external_task_marker_child' retrieved from /home/airflow/.local/lib/python3.8/site-packages/airflow/example_dags/example_external_task_marker_dag.py
[2024-03-26T21:15:30.817+0000] {logging_mixin.py:188} INFO - [2024-03-26T21:15:30.817+0000] {dag.py:3047} INFO - Sync 2 DAGs
[2024-03-26T21:15:30.867+0000] {logging_mixin.py:188} INFO - [2024-03-26T21:15:30.867+0000] {dag.py:3834} INFO - Setting next_dagrun for example_external_task_marker_child to None, run_after=None
[2024-03-26T21:15:30.885+0000] {logging_mixin.py:188} INFO - [2024-03-26T21:15:30.885+0000] {dag.py:3834} INFO - Setting next_dagrun for example_external_task_marker_parent to None, run_after=None
[2024-03-26T21:15:30.977+0000] {processor.py:183} INFO - Processing /home/airflow/.local/lib/python3.8/site-packages/airflow/example_dags/example_external_task_marker_dag.py took 0.292 seconds
[2024-03-26T21:16:01.784+0000] {processor.py:161} INFO - Started process (PID=6201) to work on /home/airflow/.local/lib/python3.8/site-packages/airflow/example_dags/example_external_task_marker_dag.py
[2024-03-26T21:16:01.786+0000] {processor.py:830} INFO - Processing file /home/airflow/.local/lib/python3.8/site-packages/airflow/example_dags/example_external_task_marker_dag.py for tasks to queue
[2024-03-26T21:16:01.795+0000] {logging_mixin.py:188} INFO - [2024-03-26T21:16:01.794+0000] {dagbag.py:540} INFO - Filling up the DagBag from /home/airflow/.local/lib/python3.8/site-packages/airflow/example_dags/example_external_task_marker_dag.py
[2024-03-26T21:16:01.846+0000] {processor.py:840} INFO - DAG(s) 'example_external_task_marker_parent', 'example_external_task_marker_child' retrieved from /home/airflow/.local/lib/python3.8/site-packages/airflow/example_dags/example_external_task_marker_dag.py
[2024-03-26T21:16:02.015+0000] {logging_mixin.py:188} INFO - [2024-03-26T21:16:02.014+0000] {dag.py:3047} INFO - Sync 2 DAGs
[2024-03-26T21:16:02.124+0000] {logging_mixin.py:188} INFO - [2024-03-26T21:16:02.124+0000] {dag.py:3834} INFO - Setting next_dagrun for example_external_task_marker_child to None, run_after=None
[2024-03-26T21:16:02.144+0000] {logging_mixin.py:188} INFO - [2024-03-26T21:16:02.144+0000] {dag.py:3834} INFO - Setting next_dagrun for example_external_task_marker_parent to None, run_after=None
[2024-03-26T21:16:02.256+0000] {processor.py:183} INFO - Processing /home/airflow/.local/lib/python3.8/site-packages/airflow/example_dags/example_external_task_marker_dag.py took 0.501 seconds
[2024-03-26T21:21:03.396+0000] {processor.py:161} INFO - Started process (PID=279) to work on /home/airflow/.local/lib/python3.8/site-packages/airflow/example_dags/example_external_task_marker_dag.py
[2024-03-26T21:21:03.406+0000] {processor.py:830} INFO - Processing file /home/airflow/.local/lib/python3.8/site-packages/airflow/example_dags/example_external_task_marker_dag.py for tasks to queue
[2024-03-26T21:21:03.416+0000] {logging_mixin.py:188} INFO - [2024-03-26T21:21:03.415+0000] {dagbag.py:540} INFO - Filling up the DagBag from /home/airflow/.local/lib/python3.8/site-packages/airflow/example_dags/example_external_task_marker_dag.py
[2024-03-26T21:21:03.476+0000] {processor.py:840} INFO - DAG(s) 'example_external_task_marker_parent', 'example_external_task_marker_child' retrieved from /home/airflow/.local/lib/python3.8/site-packages/airflow/example_dags/example_external_task_marker_dag.py
[2024-03-26T21:21:04.486+0000] {logging_mixin.py:188} INFO - [2024-03-26T21:21:04.485+0000] {dag.py:3047} INFO - Sync 2 DAGs
[2024-03-26T21:21:04.576+0000] {logging_mixin.py:188} INFO - [2024-03-26T21:21:04.576+0000] {dag.py:3834} INFO - Setting next_dagrun for example_external_task_marker_child to None, run_after=None
[2024-03-26T21:21:04.605+0000] {logging_mixin.py:188} INFO - [2024-03-26T21:21:04.604+0000] {dag.py:3834} INFO - Setting next_dagrun for example_external_task_marker_parent to None, run_after=None
[2024-03-26T21:21:04.736+0000] {processor.py:183} INFO - Processing /home/airflow/.local/lib/python3.8/site-packages/airflow/example_dags/example_external_task_marker_dag.py took 1.383 seconds
[2024-03-26T21:21:35.145+0000] {processor.py:161} INFO - Started process (PID=529) to work on /home/airflow/.local/lib/python3.8/site-packages/airflow/example_dags/example_external_task_marker_dag.py
[2024-03-26T21:21:35.147+0000] {processor.py:830} INFO - Processing file /home/airflow/.local/lib/python3.8/site-packages/airflow/example_dags/example_external_task_marker_dag.py for tasks to queue
[2024-03-26T21:21:35.156+0000] {logging_mixin.py:188} INFO - [2024-03-26T21:21:35.156+0000] {dagbag.py:540} INFO - Filling up the DagBag from /home/airflow/.local/lib/python3.8/site-packages/airflow/example_dags/example_external_task_marker_dag.py
[2024-03-26T21:21:35.187+0000] {processor.py:840} INFO - DAG(s) 'example_external_task_marker_child', 'example_external_task_marker_parent' retrieved from /home/airflow/.local/lib/python3.8/site-packages/airflow/example_dags/example_external_task_marker_dag.py
[2024-03-26T21:21:35.317+0000] {logging_mixin.py:188} INFO - [2024-03-26T21:21:35.317+0000] {dag.py:3047} INFO - Sync 2 DAGs
[2024-03-26T21:21:35.387+0000] {logging_mixin.py:188} INFO - [2024-03-26T21:21:35.386+0000] {dag.py:3834} INFO - Setting next_dagrun for example_external_task_marker_child to None, run_after=None
[2024-03-26T21:21:35.407+0000] {logging_mixin.py:188} INFO - [2024-03-26T21:21:35.407+0000] {dag.py:3834} INFO - Setting next_dagrun for example_external_task_marker_parent to None, run_after=None
[2024-03-26T21:21:35.537+0000] {processor.py:183} INFO - Processing /home/airflow/.local/lib/python3.8/site-packages/airflow/example_dags/example_external_task_marker_dag.py took 0.419 seconds
[2024-03-26T21:22:06.160+0000] {processor.py:161} INFO - Started process (PID=777) to work on /home/airflow/.local/lib/python3.8/site-packages/airflow/example_dags/example_external_task_marker_dag.py
[2024-03-26T21:22:06.161+0000] {processor.py:830} INFO - Processing file /home/airflow/.local/lib/python3.8/site-packages/airflow/example_dags/example_external_task_marker_dag.py for tasks to queue
[2024-03-26T21:22:06.170+0000] {logging_mixin.py:188} INFO - [2024-03-26T21:22:06.169+0000] {dagbag.py:540} INFO - Filling up the DagBag from /home/airflow/.local/lib/python3.8/site-packages/airflow/example_dags/example_external_task_marker_dag.py
[2024-03-26T21:22:06.200+0000] {processor.py:840} INFO - DAG(s) 'example_external_task_marker_parent', 'example_external_task_marker_child' retrieved from /home/airflow/.local/lib/python3.8/site-packages/airflow/example_dags/example_external_task_marker_dag.py
[2024-03-26T21:22:06.321+0000] {logging_mixin.py:188} INFO - [2024-03-26T21:22:06.321+0000] {dag.py:3047} INFO - Sync 2 DAGs
[2024-03-26T21:22:06.389+0000] {logging_mixin.py:188} INFO - [2024-03-26T21:22:06.389+0000] {dag.py:3834} INFO - Setting next_dagrun for example_external_task_marker_child to None, run_after=None
[2024-03-26T21:22:06.411+0000] {logging_mixin.py:188} INFO - [2024-03-26T21:22:06.410+0000] {dag.py:3834} INFO - Setting next_dagrun for example_external_task_marker_parent to None, run_after=None
[2024-03-26T21:22:06.529+0000] {processor.py:183} INFO - Processing /home/airflow/.local/lib/python3.8/site-packages/airflow/example_dags/example_external_task_marker_dag.py took 0.389 seconds
[2024-03-26T21:22:37.134+0000] {processor.py:161} INFO - Started process (PID=1022) to work on /home/airflow/.local/lib/python3.8/site-packages/airflow/example_dags/example_external_task_marker_dag.py
[2024-03-26T21:22:37.143+0000] {processor.py:830} INFO - Processing file /home/airflow/.local/lib/python3.8/site-packages/airflow/example_dags/example_external_task_marker_dag.py for tasks to queue
[2024-03-26T21:22:37.145+0000] {logging_mixin.py:188} INFO - [2024-03-26T21:22:37.144+0000] {dagbag.py:540} INFO - Filling up the DagBag from /home/airflow/.local/lib/python3.8/site-packages/airflow/example_dags/example_external_task_marker_dag.py
[2024-03-26T21:22:37.183+0000] {processor.py:840} INFO - DAG(s) 'example_external_task_marker_child', 'example_external_task_marker_parent' retrieved from /home/airflow/.local/lib/python3.8/site-packages/airflow/example_dags/example_external_task_marker_dag.py
[2024-03-26T21:22:37.325+0000] {logging_mixin.py:188} INFO - [2024-03-26T21:22:37.324+0000] {dag.py:3047} INFO - Sync 2 DAGs
[2024-03-26T21:22:37.395+0000] {logging_mixin.py:188} INFO - [2024-03-26T21:22:37.395+0000] {dag.py:3834} INFO - Setting next_dagrun for example_external_task_marker_child to None, run_after=None
[2024-03-26T21:22:37.425+0000] {logging_mixin.py:188} INFO - [2024-03-26T21:22:37.425+0000] {dag.py:3834} INFO - Setting next_dagrun for example_external_task_marker_parent to None, run_after=None
[2024-03-26T21:22:37.555+0000] {processor.py:183} INFO - Processing /home/airflow/.local/lib/python3.8/site-packages/airflow/example_dags/example_external_task_marker_dag.py took 0.430 seconds
[2024-03-26T21:23:09.060+0000] {processor.py:161} INFO - Started process (PID=1268) to work on /home/airflow/.local/lib/python3.8/site-packages/airflow/example_dags/example_external_task_marker_dag.py
[2024-03-26T21:23:09.069+0000] {processor.py:830} INFO - Processing file /home/airflow/.local/lib/python3.8/site-packages/airflow/example_dags/example_external_task_marker_dag.py for tasks to queue
[2024-03-26T21:23:09.078+0000] {logging_mixin.py:188} INFO - [2024-03-26T21:23:09.078+0000] {dagbag.py:540} INFO - Filling up the DagBag from /home/airflow/.local/lib/python3.8/site-packages/airflow/example_dags/example_external_task_marker_dag.py
[2024-03-26T21:23:09.110+0000] {processor.py:840} INFO - DAG(s) 'example_external_task_marker_child', 'example_external_task_marker_parent' retrieved from /home/airflow/.local/lib/python3.8/site-packages/airflow/example_dags/example_external_task_marker_dag.py
[2024-03-26T21:23:09.260+0000] {logging_mixin.py:188} INFO - [2024-03-26T21:23:09.259+0000] {dag.py:3047} INFO - Sync 2 DAGs
[2024-03-26T21:23:09.348+0000] {logging_mixin.py:188} INFO - [2024-03-26T21:23:09.340+0000] {dag.py:3834} INFO - Setting next_dagrun for example_external_task_marker_child to None, run_after=None
[2024-03-26T21:23:09.370+0000] {logging_mixin.py:188} INFO - [2024-03-26T21:23:09.369+0000] {dag.py:3834} INFO - Setting next_dagrun for example_external_task_marker_parent to None, run_after=None
[2024-03-26T21:23:09.498+0000] {processor.py:183} INFO - Processing /home/airflow/.local/lib/python3.8/site-packages/airflow/example_dags/example_external_task_marker_dag.py took 0.460 seconds
[2024-03-26T21:23:40.575+0000] {processor.py:161} INFO - Started process (PID=1516) to work on /home/airflow/.local/lib/python3.8/site-packages/airflow/example_dags/example_external_task_marker_dag.py
[2024-03-26T21:23:40.585+0000] {processor.py:830} INFO - Processing file /home/airflow/.local/lib/python3.8/site-packages/airflow/example_dags/example_external_task_marker_dag.py for tasks to queue
[2024-03-26T21:23:40.594+0000] {logging_mixin.py:188} INFO - [2024-03-26T21:23:40.594+0000] {dagbag.py:540} INFO - Filling up the DagBag from /home/airflow/.local/lib/python3.8/site-packages/airflow/example_dags/example_external_task_marker_dag.py
[2024-03-26T21:23:40.645+0000] {processor.py:840} INFO - DAG(s) 'example_external_task_marker_parent', 'example_external_task_marker_child' retrieved from /home/airflow/.local/lib/python3.8/site-packages/airflow/example_dags/example_external_task_marker_dag.py
[2024-03-26T21:23:40.834+0000] {logging_mixin.py:188} INFO - [2024-03-26T21:23:40.833+0000] {dag.py:3047} INFO - Sync 2 DAGs
[2024-03-26T21:23:40.934+0000] {logging_mixin.py:188} INFO - [2024-03-26T21:23:40.933+0000] {dag.py:3834} INFO - Setting next_dagrun for example_external_task_marker_child to None, run_after=None
[2024-03-26T21:23:40.965+0000] {logging_mixin.py:188} INFO - [2024-03-26T21:23:40.965+0000] {dag.py:3834} INFO - Setting next_dagrun for example_external_task_marker_parent to None, run_after=None
[2024-03-26T21:23:41.125+0000] {processor.py:183} INFO - Processing /home/airflow/.local/lib/python3.8/site-packages/airflow/example_dags/example_external_task_marker_dag.py took 0.571 seconds
[2024-03-26T21:24:12.178+0000] {processor.py:161} INFO - Started process (PID=1764) to work on /home/airflow/.local/lib/python3.8/site-packages/airflow/example_dags/example_external_task_marker_dag.py
[2024-03-26T21:24:12.180+0000] {processor.py:830} INFO - Processing file /home/airflow/.local/lib/python3.8/site-packages/airflow/example_dags/example_external_task_marker_dag.py for tasks to queue
[2024-03-26T21:24:12.189+0000] {logging_mixin.py:188} INFO - [2024-03-26T21:24:12.188+0000] {dagbag.py:540} INFO - Filling up the DagBag from /home/airflow/.local/lib/python3.8/site-packages/airflow/example_dags/example_external_task_marker_dag.py
[2024-03-26T21:24:12.250+0000] {processor.py:840} INFO - DAG(s) 'example_external_task_marker_parent', 'example_external_task_marker_child' retrieved from /home/airflow/.local/lib/python3.8/site-packages/airflow/example_dags/example_external_task_marker_dag.py
[2024-03-26T21:24:12.488+0000] {logging_mixin.py:188} INFO - [2024-03-26T21:24:12.488+0000] {dag.py:3047} INFO - Sync 2 DAGs
[2024-03-26T21:24:12.599+0000] {logging_mixin.py:188} INFO - [2024-03-26T21:24:12.598+0000] {dag.py:3834} INFO - Setting next_dagrun for example_external_task_marker_child to None, run_after=None
[2024-03-26T21:24:12.638+0000] {logging_mixin.py:188} INFO - [2024-03-26T21:24:12.630+0000] {dag.py:3834} INFO - Setting next_dagrun for example_external_task_marker_parent to None, run_after=None
[2024-03-26T21:24:12.779+0000] {processor.py:183} INFO - Processing /home/airflow/.local/lib/python3.8/site-packages/airflow/example_dags/example_external_task_marker_dag.py took 0.630 seconds
[2024-03-26T21:24:43.779+0000] {processor.py:161} INFO - Started process (PID=2010) to work on /home/airflow/.local/lib/python3.8/site-packages/airflow/example_dags/example_external_task_marker_dag.py
[2024-03-26T21:24:43.781+0000] {processor.py:830} INFO - Processing file /home/airflow/.local/lib/python3.8/site-packages/airflow/example_dags/example_external_task_marker_dag.py for tasks to queue
[2024-03-26T21:24:43.790+0000] {logging_mixin.py:188} INFO - [2024-03-26T21:24:43.790+0000] {dagbag.py:540} INFO - Filling up the DagBag from /home/airflow/.local/lib/python3.8/site-packages/airflow/example_dags/example_external_task_marker_dag.py
[2024-03-26T21:24:43.840+0000] {processor.py:840} INFO - DAG(s) 'example_external_task_marker_child', 'example_external_task_marker_parent' retrieved from /home/airflow/.local/lib/python3.8/site-packages/airflow/example_dags/example_external_task_marker_dag.py
[2024-03-26T21:24:44.001+0000] {logging_mixin.py:188} INFO - [2024-03-26T21:24:44.000+0000] {dag.py:3047} INFO - Sync 2 DAGs
[2024-03-26T21:24:44.091+0000] {logging_mixin.py:188} INFO - [2024-03-26T21:24:44.091+0000] {dag.py:3834} INFO - Setting next_dagrun for example_external_task_marker_child to None, run_after=None
[2024-03-26T21:24:44.120+0000] {logging_mixin.py:188} INFO - [2024-03-26T21:24:44.120+0000] {dag.py:3834} INFO - Setting next_dagrun for example_external_task_marker_parent to None, run_after=None
[2024-03-26T21:24:44.239+0000] {processor.py:183} INFO - Processing /home/airflow/.local/lib/python3.8/site-packages/airflow/example_dags/example_external_task_marker_dag.py took 0.480 seconds
[2024-03-26T21:25:16.032+0000] {processor.py:161} INFO - Started process (PID=2258) to work on /home/airflow/.local/lib/python3.8/site-packages/airflow/example_dags/example_external_task_marker_dag.py
[2024-03-26T21:25:16.053+0000] {processor.py:830} INFO - Processing file /home/airflow/.local/lib/python3.8/site-packages/airflow/example_dags/example_external_task_marker_dag.py for tasks to queue
[2024-03-26T21:25:16.073+0000] {logging_mixin.py:188} INFO - [2024-03-26T21:25:16.072+0000] {dagbag.py:540} INFO - Filling up the DagBag from /home/airflow/.local/lib/python3.8/site-packages/airflow/example_dags/example_external_task_marker_dag.py
[2024-03-26T21:25:16.133+0000] {processor.py:840} INFO - DAG(s) 'example_external_task_marker_parent', 'example_external_task_marker_child' retrieved from /home/airflow/.local/lib/python3.8/site-packages/airflow/example_dags/example_external_task_marker_dag.py
[2024-03-26T21:25:16.343+0000] {logging_mixin.py:188} INFO - [2024-03-26T21:25:16.343+0000] {dag.py:3047} INFO - Sync 2 DAGs
[2024-03-26T21:25:16.462+0000] {logging_mixin.py:188} INFO - [2024-03-26T21:25:16.461+0000] {dag.py:3834} INFO - Setting next_dagrun for example_external_task_marker_child to None, run_after=None
[2024-03-26T21:25:16.493+0000] {logging_mixin.py:188} INFO - [2024-03-26T21:25:16.493+0000] {dag.py:3834} INFO - Setting next_dagrun for example_external_task_marker_parent to None, run_after=None
[2024-03-26T21:25:16.672+0000] {processor.py:183} INFO - Processing /home/airflow/.local/lib/python3.8/site-packages/airflow/example_dags/example_external_task_marker_dag.py took 0.670 seconds
[2024-03-26T21:25:48.006+0000] {processor.py:161} INFO - Started process (PID=2505) to work on /home/airflow/.local/lib/python3.8/site-packages/airflow/example_dags/example_external_task_marker_dag.py
[2024-03-26T21:25:48.015+0000] {processor.py:830} INFO - Processing file /home/airflow/.local/lib/python3.8/site-packages/airflow/example_dags/example_external_task_marker_dag.py for tasks to queue
[2024-03-26T21:25:48.025+0000] {logging_mixin.py:188} INFO - [2024-03-26T21:25:48.016+0000] {dagbag.py:540} INFO - Filling up the DagBag from /home/airflow/.local/lib/python3.8/site-packages/airflow/example_dags/example_external_task_marker_dag.py
[2024-03-26T21:25:48.086+0000] {processor.py:840} INFO - DAG(s) 'example_external_task_marker_child', 'example_external_task_marker_parent' retrieved from /home/airflow/.local/lib/python3.8/site-packages/airflow/example_dags/example_external_task_marker_dag.py
[2024-03-26T21:25:48.306+0000] {logging_mixin.py:188} INFO - [2024-03-26T21:25:48.305+0000] {dag.py:3047} INFO - Sync 2 DAGs
[2024-03-26T21:25:48.406+0000] {logging_mixin.py:188} INFO - [2024-03-26T21:25:48.405+0000] {dag.py:3834} INFO - Setting next_dagrun for example_external_task_marker_child to None, run_after=None
[2024-03-26T21:25:48.436+0000] {logging_mixin.py:188} INFO - [2024-03-26T21:25:48.436+0000] {dag.py:3834} INFO - Setting next_dagrun for example_external_task_marker_parent to None, run_after=None
[2024-03-26T21:25:48.656+0000] {processor.py:183} INFO - Processing /home/airflow/.local/lib/python3.8/site-packages/airflow/example_dags/example_external_task_marker_dag.py took 0.680 seconds
[2024-03-26T21:26:20.390+0000] {processor.py:161} INFO - Started process (PID=2753) to work on /home/airflow/.local/lib/python3.8/site-packages/airflow/example_dags/example_external_task_marker_dag.py
[2024-03-26T21:26:20.400+0000] {processor.py:830} INFO - Processing file /home/airflow/.local/lib/python3.8/site-packages/airflow/example_dags/example_external_task_marker_dag.py for tasks to queue
[2024-03-26T21:26:20.419+0000] {logging_mixin.py:188} INFO - [2024-03-26T21:26:20.410+0000] {dagbag.py:540} INFO - Filling up the DagBag from /home/airflow/.local/lib/python3.8/site-packages/airflow/example_dags/example_external_task_marker_dag.py
[2024-03-26T21:26:20.500+0000] {processor.py:840} INFO - DAG(s) 'example_external_task_marker_parent', 'example_external_task_marker_child' retrieved from /home/airflow/.local/lib/python3.8/site-packages/airflow/example_dags/example_external_task_marker_dag.py
[2024-03-26T21:26:20.740+0000] {logging_mixin.py:188} INFO - [2024-03-26T21:26:20.740+0000] {dag.py:3047} INFO - Sync 2 DAGs
[2024-03-26T21:26:20.860+0000] {logging_mixin.py:188} INFO - [2024-03-26T21:26:20.859+0000] {dag.py:3834} INFO - Setting next_dagrun for example_external_task_marker_child to None, run_after=None
[2024-03-26T21:26:20.890+0000] {logging_mixin.py:188} INFO - [2024-03-26T21:26:20.889+0000] {dag.py:3834} INFO - Setting next_dagrun for example_external_task_marker_parent to None, run_after=None
[2024-03-26T21:26:21.099+0000] {processor.py:183} INFO - Processing /home/airflow/.local/lib/python3.8/site-packages/airflow/example_dags/example_external_task_marker_dag.py took 0.750 seconds
[2024-03-26T21:26:51.853+0000] {processor.py:161} INFO - Started process (PID=3003) to work on /home/airflow/.local/lib/python3.8/site-packages/airflow/example_dags/example_external_task_marker_dag.py
[2024-03-26T21:26:51.863+0000] {processor.py:830} INFO - Processing file /home/airflow/.local/lib/python3.8/site-packages/airflow/example_dags/example_external_task_marker_dag.py for tasks to queue
[2024-03-26T21:26:51.873+0000] {logging_mixin.py:188} INFO - [2024-03-26T21:26:51.872+0000] {dagbag.py:540} INFO - Filling up the DagBag from /home/airflow/.local/lib/python3.8/site-packages/airflow/example_dags/example_external_task_marker_dag.py
[2024-03-26T21:26:51.932+0000] {processor.py:840} INFO - DAG(s) 'example_external_task_marker_parent', 'example_external_task_marker_child' retrieved from /home/airflow/.local/lib/python3.8/site-packages/airflow/example_dags/example_external_task_marker_dag.py
[2024-03-26T21:26:52.163+0000] {logging_mixin.py:188} INFO - [2024-03-26T21:26:52.162+0000] {dag.py:3047} INFO - Sync 2 DAGs
[2024-03-26T21:26:52.362+0000] {logging_mixin.py:188} INFO - [2024-03-26T21:26:52.362+0000] {dag.py:3834} INFO - Setting next_dagrun for example_external_task_marker_child to None, run_after=None
[2024-03-26T21:26:52.443+0000] {logging_mixin.py:188} INFO - [2024-03-26T21:26:52.442+0000] {dag.py:3834} INFO - Setting next_dagrun for example_external_task_marker_parent to None, run_after=None
[2024-03-26T21:26:52.653+0000] {processor.py:183} INFO - Processing /home/airflow/.local/lib/python3.8/site-packages/airflow/example_dags/example_external_task_marker_dag.py took 0.830 seconds
[2024-03-26T21:27:24.583+0000] {processor.py:161} INFO - Started process (PID=3250) to work on /home/airflow/.local/lib/python3.8/site-packages/airflow/example_dags/example_external_task_marker_dag.py
[2024-03-26T21:27:24.593+0000] {processor.py:830} INFO - Processing file /home/airflow/.local/lib/python3.8/site-packages/airflow/example_dags/example_external_task_marker_dag.py for tasks to queue
[2024-03-26T21:27:24.603+0000] {logging_mixin.py:188} INFO - [2024-03-26T21:27:24.594+0000] {dagbag.py:540} INFO - Filling up the DagBag from /home/airflow/.local/lib/python3.8/site-packages/airflow/example_dags/example_external_task_marker_dag.py
[2024-03-26T21:27:24.655+0000] {processor.py:840} INFO - DAG(s) 'example_external_task_marker_child', 'example_external_task_marker_parent' retrieved from /home/airflow/.local/lib/python3.8/site-packages/airflow/example_dags/example_external_task_marker_dag.py
[2024-03-26T21:27:24.884+0000] {logging_mixin.py:188} INFO - [2024-03-26T21:27:24.884+0000] {dag.py:3047} INFO - Sync 2 DAGs
[2024-03-26T21:27:25.013+0000] {logging_mixin.py:188} INFO - [2024-03-26T21:27:25.004+0000] {dag.py:3834} INFO - Setting next_dagrun for example_external_task_marker_child to None, run_after=None
[2024-03-26T21:27:25.044+0000] {logging_mixin.py:188} INFO - [2024-03-26T21:27:25.044+0000] {dag.py:3834} INFO - Setting next_dagrun for example_external_task_marker_parent to None, run_after=None
[2024-03-26T21:27:25.213+0000] {processor.py:183} INFO - Processing /home/airflow/.local/lib/python3.8/site-packages/airflow/example_dags/example_external_task_marker_dag.py took 0.660 seconds
[2024-03-26T21:27:56.062+0000] {processor.py:161} INFO - Started process (PID=3495) to work on /home/airflow/.local/lib/python3.8/site-packages/airflow/example_dags/example_external_task_marker_dag.py
[2024-03-26T21:27:56.072+0000] {processor.py:830} INFO - Processing file /home/airflow/.local/lib/python3.8/site-packages/airflow/example_dags/example_external_task_marker_dag.py for tasks to queue
[2024-03-26T21:27:56.082+0000] {logging_mixin.py:188} INFO - [2024-03-26T21:27:56.082+0000] {dagbag.py:540} INFO - Filling up the DagBag from /home/airflow/.local/lib/python3.8/site-packages/airflow/example_dags/example_external_task_marker_dag.py
[2024-03-26T21:27:56.152+0000] {processor.py:840} INFO - DAG(s) 'example_external_task_marker_child', 'example_external_task_marker_parent' retrieved from /home/airflow/.local/lib/python3.8/site-packages/airflow/example_dags/example_external_task_marker_dag.py
[2024-03-26T21:27:56.422+0000] {logging_mixin.py:188} INFO - [2024-03-26T21:27:56.422+0000] {dag.py:3047} INFO - Sync 2 DAGs
[2024-03-26T21:27:56.562+0000] {logging_mixin.py:188} INFO - [2024-03-26T21:27:56.561+0000] {dag.py:3834} INFO - Setting next_dagrun for example_external_task_marker_child to None, run_after=None
[2024-03-26T21:27:56.602+0000] {logging_mixin.py:188} INFO - [2024-03-26T21:27:56.602+0000] {dag.py:3834} INFO - Setting next_dagrun for example_external_task_marker_parent to None, run_after=None
[2024-03-26T21:27:56.792+0000] {processor.py:183} INFO - Processing /home/airflow/.local/lib/python3.8/site-packages/airflow/example_dags/example_external_task_marker_dag.py took 0.761 seconds
[2024-03-26T21:28:29.504+0000] {processor.py:161} INFO - Started process (PID=3744) to work on /home/airflow/.local/lib/python3.8/site-packages/airflow/example_dags/example_external_task_marker_dag.py
[2024-03-26T21:28:29.524+0000] {processor.py:830} INFO - Processing file /home/airflow/.local/lib/python3.8/site-packages/airflow/example_dags/example_external_task_marker_dag.py for tasks to queue
[2024-03-26T21:28:29.535+0000] {logging_mixin.py:188} INFO - [2024-03-26T21:28:29.534+0000] {dagbag.py:540} INFO - Filling up the DagBag from /home/airflow/.local/lib/python3.8/site-packages/airflow/example_dags/example_external_task_marker_dag.py
[2024-03-26T21:28:29.625+0000] {processor.py:840} INFO - DAG(s) 'example_external_task_marker_child', 'example_external_task_marker_parent' retrieved from /home/airflow/.local/lib/python3.8/site-packages/airflow/example_dags/example_external_task_marker_dag.py
[2024-03-26T21:28:30.015+0000] {logging_mixin.py:188} INFO - [2024-03-26T21:28:30.014+0000] {dag.py:3047} INFO - Sync 2 DAGs
[2024-03-26T21:28:30.325+0000] {logging_mixin.py:188} INFO - [2024-03-26T21:28:30.324+0000] {dag.py:3834} INFO - Setting next_dagrun for example_external_task_marker_child to None, run_after=None
[2024-03-26T21:28:30.395+0000] {logging_mixin.py:188} INFO - [2024-03-26T21:28:30.394+0000] {dag.py:3834} INFO - Setting next_dagrun for example_external_task_marker_parent to None, run_after=None
[2024-03-26T21:28:30.624+0000] {processor.py:183} INFO - Processing /home/airflow/.local/lib/python3.8/site-packages/airflow/example_dags/example_external_task_marker_dag.py took 1.169 seconds
[2024-03-26T21:29:03.402+0000] {processor.py:161} INFO - Started process (PID=3989) to work on /home/airflow/.local/lib/python3.8/site-packages/airflow/example_dags/example_external_task_marker_dag.py
[2024-03-26T21:29:03.421+0000] {processor.py:830} INFO - Processing file /home/airflow/.local/lib/python3.8/site-packages/airflow/example_dags/example_external_task_marker_dag.py for tasks to queue
[2024-03-26T21:29:03.432+0000] {logging_mixin.py:188} INFO - [2024-03-26T21:29:03.431+0000] {dagbag.py:540} INFO - Filling up the DagBag from /home/airflow/.local/lib/python3.8/site-packages/airflow/example_dags/example_external_task_marker_dag.py
[2024-03-26T21:29:03.531+0000] {processor.py:840} INFO - DAG(s) 'example_external_task_marker_parent', 'example_external_task_marker_child' retrieved from /home/airflow/.local/lib/python3.8/site-packages/airflow/example_dags/example_external_task_marker_dag.py
[2024-03-26T21:29:03.961+0000] {logging_mixin.py:188} INFO - [2024-03-26T21:29:03.961+0000] {dag.py:3047} INFO - Sync 2 DAGs
[2024-03-26T21:29:04.171+0000] {logging_mixin.py:188} INFO - [2024-03-26T21:29:04.162+0000] {dag.py:3834} INFO - Setting next_dagrun for example_external_task_marker_child to None, run_after=None
[2024-03-26T21:29:04.221+0000] {logging_mixin.py:188} INFO - [2024-03-26T21:29:04.221+0000] {dag.py:3834} INFO - Setting next_dagrun for example_external_task_marker_parent to None, run_after=None
[2024-03-26T21:29:04.431+0000] {processor.py:183} INFO - Processing /home/airflow/.local/lib/python3.8/site-packages/airflow/example_dags/example_external_task_marker_dag.py took 1.079 seconds
[2024-03-26T21:29:44.701+0000] {processor.py:161} INFO - Started process (PID=4231) to work on /home/airflow/.local/lib/python3.8/site-packages/airflow/example_dags/example_external_task_marker_dag.py
[2024-03-26T21:29:44.712+0000] {processor.py:830} INFO - Processing file /home/airflow/.local/lib/python3.8/site-packages/airflow/example_dags/example_external_task_marker_dag.py for tasks to queue
[2024-03-26T21:29:44.731+0000] {logging_mixin.py:188} INFO - [2024-03-26T21:29:44.722+0000] {dagbag.py:540} INFO - Filling up the DagBag from /home/airflow/.local/lib/python3.8/site-packages/airflow/example_dags/example_external_task_marker_dag.py
[2024-03-26T21:29:44.802+0000] {processor.py:840} INFO - DAG(s) 'example_external_task_marker_child', 'example_external_task_marker_parent' retrieved from /home/airflow/.local/lib/python3.8/site-packages/airflow/example_dags/example_external_task_marker_dag.py
[2024-03-26T21:29:45.132+0000] {logging_mixin.py:188} INFO - [2024-03-26T21:29:45.131+0000] {dag.py:3047} INFO - Sync 2 DAGs
[2024-03-26T21:29:45.310+0000] {logging_mixin.py:188} INFO - [2024-03-26T21:29:45.301+0000] {dag.py:3834} INFO - Setting next_dagrun for example_external_task_marker_child to None, run_after=None
[2024-03-26T21:29:45.361+0000] {logging_mixin.py:188} INFO - [2024-03-26T21:29:45.361+0000] {dag.py:3834} INFO - Setting next_dagrun for example_external_task_marker_parent to None, run_after=None
[2024-03-26T21:29:45.631+0000] {processor.py:183} INFO - Processing /home/airflow/.local/lib/python3.8/site-packages/airflow/example_dags/example_external_task_marker_dag.py took 0.961 seconds
[2024-03-26T21:30:21.741+0000] {processor.py:161} INFO - Started process (PID=4478) to work on /home/airflow/.local/lib/python3.8/site-packages/airflow/example_dags/example_external_task_marker_dag.py
[2024-03-26T21:30:21.751+0000] {processor.py:830} INFO - Processing file /home/airflow/.local/lib/python3.8/site-packages/airflow/example_dags/example_external_task_marker_dag.py for tasks to queue
[2024-03-26T21:30:21.761+0000] {logging_mixin.py:188} INFO - [2024-03-26T21:30:21.761+0000] {dagbag.py:540} INFO - Filling up the DagBag from /home/airflow/.local/lib/python3.8/site-packages/airflow/example_dags/example_external_task_marker_dag.py
[2024-03-26T21:30:21.851+0000] {processor.py:840} INFO - DAG(s) 'example_external_task_marker_parent', 'example_external_task_marker_child' retrieved from /home/airflow/.local/lib/python3.8/site-packages/airflow/example_dags/example_external_task_marker_dag.py
[2024-03-26T21:30:22.151+0000] {logging_mixin.py:188} INFO - [2024-03-26T21:30:22.142+0000] {dag.py:3047} INFO - Sync 2 DAGs
[2024-03-26T21:30:22.321+0000] {logging_mixin.py:188} INFO - [2024-03-26T21:30:22.321+0000] {dag.py:3834} INFO - Setting next_dagrun for example_external_task_marker_child to None, run_after=None
[2024-03-26T21:30:22.371+0000] {logging_mixin.py:188} INFO - [2024-03-26T21:30:22.370+0000] {dag.py:3834} INFO - Setting next_dagrun for example_external_task_marker_parent to None, run_after=None
[2024-03-26T21:30:22.592+0000] {processor.py:183} INFO - Processing /home/airflow/.local/lib/python3.8/site-packages/airflow/example_dags/example_external_task_marker_dag.py took 0.891 seconds
[2024-03-26T21:31:02.100+0000] {processor.py:161} INFO - Started process (PID=4732) to work on /home/airflow/.local/lib/python3.8/site-packages/airflow/example_dags/example_external_task_marker_dag.py
[2024-03-26T21:31:02.120+0000] {processor.py:830} INFO - Processing file /home/airflow/.local/lib/python3.8/site-packages/airflow/example_dags/example_external_task_marker_dag.py for tasks to queue
[2024-03-26T21:31:02.130+0000] {logging_mixin.py:188} INFO - [2024-03-26T21:31:02.130+0000] {dagbag.py:540} INFO - Filling up the DagBag from /home/airflow/.local/lib/python3.8/site-packages/airflow/example_dags/example_external_task_marker_dag.py
[2024-03-26T21:31:02.221+0000] {processor.py:840} INFO - DAG(s) 'example_external_task_marker_parent', 'example_external_task_marker_child' retrieved from /home/airflow/.local/lib/python3.8/site-packages/airflow/example_dags/example_external_task_marker_dag.py
[2024-03-26T21:31:02.550+0000] {logging_mixin.py:188} INFO - [2024-03-26T21:31:02.541+0000] {dag.py:3047} INFO - Sync 2 DAGs
[2024-03-26T21:31:02.861+0000] {logging_mixin.py:188} INFO - [2024-03-26T21:31:02.860+0000] {dag.py:3834} INFO - Setting next_dagrun for example_external_task_marker_child to None, run_after=None
[2024-03-26T21:31:02.940+0000] {logging_mixin.py:188} INFO - [2024-03-26T21:31:02.940+0000] {dag.py:3834} INFO - Setting next_dagrun for example_external_task_marker_parent to None, run_after=None
[2024-03-26T21:31:03.239+0000] {processor.py:183} INFO - Processing /home/airflow/.local/lib/python3.8/site-packages/airflow/example_dags/example_external_task_marker_dag.py took 1.180 seconds
[2024-03-26T21:31:45.518+0000] {processor.py:161} INFO - Started process (PID=4989) to work on /home/airflow/.local/lib/python3.8/site-packages/airflow/example_dags/example_external_task_marker_dag.py
[2024-03-26T21:31:45.528+0000] {processor.py:830} INFO - Processing file /home/airflow/.local/lib/python3.8/site-packages/airflow/example_dags/example_external_task_marker_dag.py for tasks to queue
[2024-03-26T21:31:45.548+0000] {logging_mixin.py:188} INFO - [2024-03-26T21:31:45.538+0000] {dagbag.py:540} INFO - Filling up the DagBag from /home/airflow/.local/lib/python3.8/site-packages/airflow/example_dags/example_external_task_marker_dag.py
[2024-03-26T21:31:45.628+0000] {processor.py:840} INFO - DAG(s) 'example_external_task_marker_parent', 'example_external_task_marker_child' retrieved from /home/airflow/.local/lib/python3.8/site-packages/airflow/example_dags/example_external_task_marker_dag.py
[2024-03-26T21:31:45.999+0000] {logging_mixin.py:188} INFO - [2024-03-26T21:31:45.998+0000] {dag.py:3047} INFO - Sync 2 DAGs
[2024-03-26T21:31:46.218+0000] {logging_mixin.py:188} INFO - [2024-03-26T21:31:46.208+0000] {dag.py:3834} INFO - Setting next_dagrun for example_external_task_marker_child to None, run_after=None
[2024-03-26T21:31:46.288+0000] {logging_mixin.py:188} INFO - [2024-03-26T21:31:46.279+0000] {dag.py:3834} INFO - Setting next_dagrun for example_external_task_marker_parent to None, run_after=None
[2024-03-26T21:31:46.608+0000] {processor.py:183} INFO - Processing /home/airflow/.local/lib/python3.8/site-packages/airflow/example_dags/example_external_task_marker_dag.py took 1.150 seconds
[2024-03-26T21:32:44.686+0000] {processor.py:161} INFO - Started process (PID=5265) to work on /home/airflow/.local/lib/python3.8/site-packages/airflow/example_dags/example_external_task_marker_dag.py
[2024-03-26T21:32:44.697+0000] {processor.py:830} INFO - Processing file /home/airflow/.local/lib/python3.8/site-packages/airflow/example_dags/example_external_task_marker_dag.py for tasks to queue
[2024-03-26T21:32:44.716+0000] {logging_mixin.py:188} INFO - [2024-03-26T21:32:44.707+0000] {dagbag.py:540} INFO - Filling up the DagBag from /home/airflow/.local/lib/python3.8/site-packages/airflow/example_dags/example_external_task_marker_dag.py
[2024-03-26T21:32:44.817+0000] {processor.py:840} INFO - DAG(s) 'example_external_task_marker_child', 'example_external_task_marker_parent' retrieved from /home/airflow/.local/lib/python3.8/site-packages/airflow/example_dags/example_external_task_marker_dag.py
[2024-03-26T21:32:45.317+0000] {logging_mixin.py:188} INFO - [2024-03-26T21:32:45.307+0000] {dag.py:3047} INFO - Sync 2 DAGs
[2024-03-26T21:32:45.567+0000] {logging_mixin.py:188} INFO - [2024-03-26T21:32:45.567+0000] {dag.py:3834} INFO - Setting next_dagrun for example_external_task_marker_child to None, run_after=None
[2024-03-26T21:32:45.637+0000] {logging_mixin.py:188} INFO - [2024-03-26T21:32:45.627+0000] {dag.py:3834} INFO - Setting next_dagrun for example_external_task_marker_parent to None, run_after=None
[2024-03-26T21:32:45.987+0000] {processor.py:183} INFO - Processing /home/airflow/.local/lib/python3.8/site-packages/airflow/example_dags/example_external_task_marker_dag.py took 1.370 seconds
[2024-03-26T21:33:38.963+0000] {processor.py:161} INFO - Started process (PID=5480) to work on /home/airflow/.local/lib/python3.8/site-packages/airflow/example_dags/example_external_task_marker_dag.py
[2024-03-26T21:33:38.983+0000] {processor.py:830} INFO - Processing file /home/airflow/.local/lib/python3.8/site-packages/airflow/example_dags/example_external_task_marker_dag.py for tasks to queue
[2024-03-26T21:33:39.003+0000] {logging_mixin.py:188} INFO - [2024-03-26T21:33:38.993+0000] {dagbag.py:540} INFO - Filling up the DagBag from /home/airflow/.local/lib/python3.8/site-packages/airflow/example_dags/example_external_task_marker_dag.py
[2024-03-26T21:33:39.133+0000] {processor.py:840} INFO - DAG(s) 'example_external_task_marker_parent', 'example_external_task_marker_child' retrieved from /home/airflow/.local/lib/python3.8/site-packages/airflow/example_dags/example_external_task_marker_dag.py
[2024-03-26T21:33:39.633+0000] {logging_mixin.py:188} INFO - [2024-03-26T21:33:39.632+0000] {dag.py:3047} INFO - Sync 2 DAGs
[2024-03-26T21:33:39.983+0000] {logging_mixin.py:188} INFO - [2024-03-26T21:33:39.983+0000] {dag.py:3834} INFO - Setting next_dagrun for example_external_task_marker_child to None, run_after=None
[2024-03-26T21:33:40.113+0000] {logging_mixin.py:188} INFO - [2024-03-26T21:33:40.103+0000] {dag.py:3834} INFO - Setting next_dagrun for example_external_task_marker_parent to None, run_after=None
[2024-03-26T21:33:40.743+0000] {processor.py:183} INFO - Processing /home/airflow/.local/lib/python3.8/site-packages/airflow/example_dags/example_external_task_marker_dag.py took 1.859 seconds
[2024-03-26T21:34:49.033+0000] {processor.py:161} INFO - Started process (PID=5689) to work on /home/airflow/.local/lib/python3.8/site-packages/airflow/example_dags/example_external_task_marker_dag.py
[2024-03-26T21:34:49.053+0000] {processor.py:830} INFO - Processing file /home/airflow/.local/lib/python3.8/site-packages/airflow/example_dags/example_external_task_marker_dag.py for tasks to queue
[2024-03-26T21:34:49.083+0000] {logging_mixin.py:188} INFO - [2024-03-26T21:34:49.073+0000] {dagbag.py:540} INFO - Filling up the DagBag from /home/airflow/.local/lib/python3.8/site-packages/airflow/example_dags/example_external_task_marker_dag.py
[2024-03-26T21:34:49.293+0000] {processor.py:840} INFO - DAG(s) 'example_external_task_marker_child', 'example_external_task_marker_parent' retrieved from /home/airflow/.local/lib/python3.8/site-packages/airflow/example_dags/example_external_task_marker_dag.py
[2024-03-26T21:34:50.013+0000] {logging_mixin.py:188} INFO - [2024-03-26T21:34:50.012+0000] {dag.py:3047} INFO - Sync 2 DAGs
[2024-03-26T21:34:50.783+0000] {logging_mixin.py:188} INFO - [2024-03-26T21:34:50.753+0000] {dag.py:3834} INFO - Setting next_dagrun for example_external_task_marker_child to None, run_after=None
[2024-03-26T21:34:51.052+0000] {logging_mixin.py:188} INFO - [2024-03-26T21:34:51.043+0000] {dag.py:3834} INFO - Setting next_dagrun for example_external_task_marker_parent to None, run_after=None
[2024-03-26T21:34:51.663+0000] {processor.py:183} INFO - Processing /home/airflow/.local/lib/python3.8/site-packages/airflow/example_dags/example_external_task_marker_dag.py took 2.740 seconds
[2024-03-26T21:38:41.704+0000] {processor.py:161} INFO - Started process (PID=6034) to work on /home/airflow/.local/lib/python3.8/site-packages/airflow/example_dags/example_external_task_marker_dag.py
[2024-03-26T21:38:41.984+0000] {processor.py:830} INFO - Processing file /home/airflow/.local/lib/python3.8/site-packages/airflow/example_dags/example_external_task_marker_dag.py for tasks to queue
[2024-03-26T21:38:42.204+0000] {logging_mixin.py:188} INFO - [2024-03-26T21:38:42.094+0000] {dagbag.py:540} INFO - Filling up the DagBag from /home/airflow/.local/lib/python3.8/site-packages/airflow/example_dags/example_external_task_marker_dag.py
[2024-03-26T21:38:43.134+0000] {processor.py:840} INFO - DAG(s) 'example_external_task_marker_parent', 'example_external_task_marker_child' retrieved from /home/airflow/.local/lib/python3.8/site-packages/airflow/example_dags/example_external_task_marker_dag.py
[2024-03-26T21:38:52.344+0000] {logging_mixin.py:188} INFO - [2024-03-26T21:38:52.214+0000] {dag.py:3047} INFO - Sync 2 DAGs
[2024-03-26T21:38:57.544+0000] {logging_mixin.py:188} INFO - [2024-03-26T21:38:57.514+0000] {dag.py:3834} INFO - Setting next_dagrun for example_external_task_marker_child to None, run_after=None
[2024-03-26T21:38:58.474+0000] {logging_mixin.py:188} INFO - [2024-03-26T21:38:58.354+0000] {dag.py:3834} INFO - Setting next_dagrun for example_external_task_marker_parent to None, run_after=None
[2024-03-26T21:39:04.534+0000] {processor.py:183} INFO - Processing /home/airflow/.local/lib/python3.8/site-packages/airflow/example_dags/example_external_task_marker_dag.py took 23.450 seconds
