[2024-03-26T21:03:37.519+0000] {processor.py:161} INFO - Started process (PID=285) to work on /home/airflow/.local/lib/python3.8/site-packages/airflow/example_dags/example_python_decorator.py
[2024-03-26T21:03:37.528+0000] {processor.py:830} INFO - Processing file /home/airflow/.local/lib/python3.8/site-packages/airflow/example_dags/example_python_decorator.py for tasks to queue
[2024-03-26T21:03:37.531+0000] {logging_mixin.py:188} INFO - [2024-03-26T21:03:37.531+0000] {dagbag.py:540} INFO - Filling up the DagBag from /home/airflow/.local/lib/python3.8/site-packages/airflow/example_dags/example_python_decorator.py
[2024-03-26T21:03:37.651+0000] {processor.py:840} INFO - DAG(s) 'example_python_decorator' retrieved from /home/airflow/.local/lib/python3.8/site-packages/airflow/example_dags/example_python_decorator.py
[2024-03-26T21:03:38.231+0000] {logging_mixin.py:188} INFO - [2024-03-26T21:03:38.231+0000] {dag.py:3047} INFO - Sync 1 DAGs
[2024-03-26T21:03:38.288+0000] {logging_mixin.py:188} INFO - [2024-03-26T21:03:38.287+0000] {dag.py:3834} INFO - Setting next_dagrun for example_python_decorator to None, run_after=None
[2024-03-26T21:03:38.380+0000] {processor.py:183} INFO - Processing /home/airflow/.local/lib/python3.8/site-packages/airflow/example_dags/example_python_decorator.py took 0.881 seconds
[2024-03-26T21:04:11.066+0000] {processor.py:161} INFO - Started process (PID=532) to work on /home/airflow/.local/lib/python3.8/site-packages/airflow/example_dags/example_python_decorator.py
[2024-03-26T21:04:11.074+0000] {processor.py:830} INFO - Processing file /home/airflow/.local/lib/python3.8/site-packages/airflow/example_dags/example_python_decorator.py for tasks to queue
[2024-03-26T21:04:11.077+0000] {logging_mixin.py:188} INFO - [2024-03-26T21:04:11.076+0000] {dagbag.py:540} INFO - Filling up the DagBag from /home/airflow/.local/lib/python3.8/site-packages/airflow/example_dags/example_python_decorator.py
[2024-03-26T21:04:11.136+0000] {processor.py:840} INFO - DAG(s) 'example_python_decorator' retrieved from /home/airflow/.local/lib/python3.8/site-packages/airflow/example_dags/example_python_decorator.py
[2024-03-26T21:04:11.275+0000] {logging_mixin.py:188} INFO - [2024-03-26T21:04:11.274+0000] {dag.py:3047} INFO - Sync 1 DAGs
[2024-03-26T21:04:11.334+0000] {logging_mixin.py:188} INFO - [2024-03-26T21:04:11.328+0000] {dag.py:3834} INFO - Setting next_dagrun for example_python_decorator to None, run_after=None
[2024-03-26T21:04:11.444+0000] {processor.py:183} INFO - Processing /home/airflow/.local/lib/python3.8/site-packages/airflow/example_dags/example_python_decorator.py took 0.388 seconds
[2024-03-26T21:04:42.045+0000] {processor.py:161} INFO - Started process (PID=781) to work on /home/airflow/.local/lib/python3.8/site-packages/airflow/example_dags/example_python_decorator.py
[2024-03-26T21:04:42.051+0000] {processor.py:830} INFO - Processing file /home/airflow/.local/lib/python3.8/site-packages/airflow/example_dags/example_python_decorator.py for tasks to queue
[2024-03-26T21:04:42.052+0000] {logging_mixin.py:188} INFO - [2024-03-26T21:04:42.052+0000] {dagbag.py:540} INFO - Filling up the DagBag from /home/airflow/.local/lib/python3.8/site-packages/airflow/example_dags/example_python_decorator.py
[2024-03-26T21:04:42.082+0000] {processor.py:840} INFO - DAG(s) 'example_python_decorator' retrieved from /home/airflow/.local/lib/python3.8/site-packages/airflow/example_dags/example_python_decorator.py
[2024-03-26T21:04:42.135+0000] {logging_mixin.py:188} INFO - [2024-03-26T21:04:42.134+0000] {dag.py:3047} INFO - Sync 1 DAGs
[2024-03-26T21:04:42.171+0000] {logging_mixin.py:188} INFO - [2024-03-26T21:04:42.171+0000] {dag.py:3834} INFO - Setting next_dagrun for example_python_decorator to None, run_after=None
[2024-03-26T21:04:42.224+0000] {processor.py:183} INFO - Processing /home/airflow/.local/lib/python3.8/site-packages/airflow/example_dags/example_python_decorator.py took 0.183 seconds
[2024-03-26T21:05:13.361+0000] {processor.py:161} INFO - Started process (PID=1026) to work on /home/airflow/.local/lib/python3.8/site-packages/airflow/example_dags/example_python_decorator.py
[2024-03-26T21:05:13.368+0000] {processor.py:830} INFO - Processing file /home/airflow/.local/lib/python3.8/site-packages/airflow/example_dags/example_python_decorator.py for tasks to queue
[2024-03-26T21:05:13.370+0000] {logging_mixin.py:188} INFO - [2024-03-26T21:05:13.370+0000] {dagbag.py:540} INFO - Filling up the DagBag from /home/airflow/.local/lib/python3.8/site-packages/airflow/example_dags/example_python_decorator.py
[2024-03-26T21:05:13.412+0000] {processor.py:840} INFO - DAG(s) 'example_python_decorator' retrieved from /home/airflow/.local/lib/python3.8/site-packages/airflow/example_dags/example_python_decorator.py
[2024-03-26T21:05:13.492+0000] {logging_mixin.py:188} INFO - [2024-03-26T21:05:13.491+0000] {dag.py:3047} INFO - Sync 1 DAGs
[2024-03-26T21:05:13.533+0000] {logging_mixin.py:188} INFO - [2024-03-26T21:05:13.532+0000] {dag.py:3834} INFO - Setting next_dagrun for example_python_decorator to None, run_after=None
[2024-03-26T21:05:13.611+0000] {processor.py:183} INFO - Processing /home/airflow/.local/lib/python3.8/site-packages/airflow/example_dags/example_python_decorator.py took 0.262 seconds
[2024-03-26T21:05:44.258+0000] {processor.py:161} INFO - Started process (PID=1274) to work on /home/airflow/.local/lib/python3.8/site-packages/airflow/example_dags/example_python_decorator.py
[2024-03-26T21:05:44.260+0000] {processor.py:830} INFO - Processing file /home/airflow/.local/lib/python3.8/site-packages/airflow/example_dags/example_python_decorator.py for tasks to queue
[2024-03-26T21:05:44.267+0000] {logging_mixin.py:188} INFO - [2024-03-26T21:05:44.266+0000] {dagbag.py:540} INFO - Filling up the DagBag from /home/airflow/.local/lib/python3.8/site-packages/airflow/example_dags/example_python_decorator.py
[2024-03-26T21:05:44.307+0000] {processor.py:840} INFO - DAG(s) 'example_python_decorator' retrieved from /home/airflow/.local/lib/python3.8/site-packages/airflow/example_dags/example_python_decorator.py
[2024-03-26T21:05:44.380+0000] {logging_mixin.py:188} INFO - [2024-03-26T21:05:44.380+0000] {dag.py:3047} INFO - Sync 1 DAGs
[2024-03-26T21:05:44.436+0000] {logging_mixin.py:188} INFO - [2024-03-26T21:05:44.430+0000] {dag.py:3834} INFO - Setting next_dagrun for example_python_decorator to None, run_after=None
[2024-03-26T21:05:44.506+0000] {processor.py:183} INFO - Processing /home/airflow/.local/lib/python3.8/site-packages/airflow/example_dags/example_python_decorator.py took 0.258 seconds
[2024-03-26T21:06:15.895+0000] {processor.py:161} INFO - Started process (PID=1521) to work on /home/airflow/.local/lib/python3.8/site-packages/airflow/example_dags/example_python_decorator.py
[2024-03-26T21:06:15.896+0000] {processor.py:830} INFO - Processing file /home/airflow/.local/lib/python3.8/site-packages/airflow/example_dags/example_python_decorator.py for tasks to queue
[2024-03-26T21:06:15.904+0000] {logging_mixin.py:188} INFO - [2024-03-26T21:06:15.898+0000] {dagbag.py:540} INFO - Filling up the DagBag from /home/airflow/.local/lib/python3.8/site-packages/airflow/example_dags/example_python_decorator.py
[2024-03-26T21:06:15.964+0000] {processor.py:840} INFO - DAG(s) 'example_python_decorator' retrieved from /home/airflow/.local/lib/python3.8/site-packages/airflow/example_dags/example_python_decorator.py
[2024-03-26T21:06:16.056+0000] {logging_mixin.py:188} INFO - [2024-03-26T21:06:16.055+0000] {dag.py:3047} INFO - Sync 1 DAGs
[2024-03-26T21:06:16.105+0000] {logging_mixin.py:188} INFO - [2024-03-26T21:06:16.105+0000] {dag.py:3834} INFO - Setting next_dagrun for example_python_decorator to None, run_after=None
[2024-03-26T21:06:16.175+0000] {processor.py:183} INFO - Processing /home/airflow/.local/lib/python3.8/site-packages/airflow/example_dags/example_python_decorator.py took 0.298 seconds
[2024-03-26T21:06:46.653+0000] {processor.py:161} INFO - Started process (PID=1768) to work on /home/airflow/.local/lib/python3.8/site-packages/airflow/example_dags/example_python_decorator.py
[2024-03-26T21:06:46.656+0000] {processor.py:830} INFO - Processing file /home/airflow/.local/lib/python3.8/site-packages/airflow/example_dags/example_python_decorator.py for tasks to queue
[2024-03-26T21:06:46.664+0000] {logging_mixin.py:188} INFO - [2024-03-26T21:06:46.663+0000] {dagbag.py:540} INFO - Filling up the DagBag from /home/airflow/.local/lib/python3.8/site-packages/airflow/example_dags/example_python_decorator.py
[2024-03-26T21:06:46.717+0000] {processor.py:840} INFO - DAG(s) 'example_python_decorator' retrieved from /home/airflow/.local/lib/python3.8/site-packages/airflow/example_dags/example_python_decorator.py
[2024-03-26T21:06:46.806+0000] {logging_mixin.py:188} INFO - [2024-03-26T21:06:46.805+0000] {dag.py:3047} INFO - Sync 1 DAGs
[2024-03-26T21:06:46.847+0000] {logging_mixin.py:188} INFO - [2024-03-26T21:06:46.846+0000] {dag.py:3834} INFO - Setting next_dagrun for example_python_decorator to None, run_after=None
[2024-03-26T21:06:46.913+0000] {processor.py:183} INFO - Processing /home/airflow/.local/lib/python3.8/site-packages/airflow/example_dags/example_python_decorator.py took 0.277 seconds
[2024-03-26T21:07:17.543+0000] {processor.py:161} INFO - Started process (PID=2015) to work on /home/airflow/.local/lib/python3.8/site-packages/airflow/example_dags/example_python_decorator.py
[2024-03-26T21:07:17.545+0000] {processor.py:830} INFO - Processing file /home/airflow/.local/lib/python3.8/site-packages/airflow/example_dags/example_python_decorator.py for tasks to queue
[2024-03-26T21:07:17.552+0000] {logging_mixin.py:188} INFO - [2024-03-26T21:07:17.551+0000] {dagbag.py:540} INFO - Filling up the DagBag from /home/airflow/.local/lib/python3.8/site-packages/airflow/example_dags/example_python_decorator.py
[2024-03-26T21:07:17.595+0000] {processor.py:840} INFO - DAG(s) 'example_python_decorator' retrieved from /home/airflow/.local/lib/python3.8/site-packages/airflow/example_dags/example_python_decorator.py
[2024-03-26T21:07:17.666+0000] {logging_mixin.py:188} INFO - [2024-03-26T21:07:17.665+0000] {dag.py:3047} INFO - Sync 1 DAGs
[2024-03-26T21:07:17.712+0000] {logging_mixin.py:188} INFO - [2024-03-26T21:07:17.712+0000] {dag.py:3834} INFO - Setting next_dagrun for example_python_decorator to None, run_after=None
[2024-03-26T21:07:17.773+0000] {processor.py:183} INFO - Processing /home/airflow/.local/lib/python3.8/site-packages/airflow/example_dags/example_python_decorator.py took 0.240 seconds
[2024-03-26T21:07:48.343+0000] {processor.py:161} INFO - Started process (PID=2261) to work on /home/airflow/.local/lib/python3.8/site-packages/airflow/example_dags/example_python_decorator.py
[2024-03-26T21:07:48.344+0000] {processor.py:830} INFO - Processing file /home/airflow/.local/lib/python3.8/site-packages/airflow/example_dags/example_python_decorator.py for tasks to queue
[2024-03-26T21:07:48.346+0000] {logging_mixin.py:188} INFO - [2024-03-26T21:07:48.345+0000] {dagbag.py:540} INFO - Filling up the DagBag from /home/airflow/.local/lib/python3.8/site-packages/airflow/example_dags/example_python_decorator.py
[2024-03-26T21:07:48.385+0000] {processor.py:840} INFO - DAG(s) 'example_python_decorator' retrieved from /home/airflow/.local/lib/python3.8/site-packages/airflow/example_dags/example_python_decorator.py
[2024-03-26T21:07:48.455+0000] {logging_mixin.py:188} INFO - [2024-03-26T21:07:48.454+0000] {dag.py:3047} INFO - Sync 1 DAGs
[2024-03-26T21:07:48.503+0000] {logging_mixin.py:188} INFO - [2024-03-26T21:07:48.503+0000] {dag.py:3834} INFO - Setting next_dagrun for example_python_decorator to None, run_after=None
[2024-03-26T21:07:48.576+0000] {processor.py:183} INFO - Processing /home/airflow/.local/lib/python3.8/site-packages/airflow/example_dags/example_python_decorator.py took 0.243 seconds
[2024-03-26T21:08:18.759+0000] {processor.py:161} INFO - Started process (PID=2502) to work on /home/airflow/.local/lib/python3.8/site-packages/airflow/example_dags/example_python_decorator.py
[2024-03-26T21:08:18.760+0000] {processor.py:830} INFO - Processing file /home/airflow/.local/lib/python3.8/site-packages/airflow/example_dags/example_python_decorator.py for tasks to queue
[2024-03-26T21:08:18.761+0000] {logging_mixin.py:188} INFO - [2024-03-26T21:08:18.761+0000] {dagbag.py:540} INFO - Filling up the DagBag from /home/airflow/.local/lib/python3.8/site-packages/airflow/example_dags/example_python_decorator.py
[2024-03-26T21:08:18.811+0000] {processor.py:840} INFO - DAG(s) 'example_python_decorator' retrieved from /home/airflow/.local/lib/python3.8/site-packages/airflow/example_dags/example_python_decorator.py
[2024-03-26T21:08:18.891+0000] {logging_mixin.py:188} INFO - [2024-03-26T21:08:18.890+0000] {dag.py:3047} INFO - Sync 1 DAGs
[2024-03-26T21:08:18.959+0000] {logging_mixin.py:188} INFO - [2024-03-26T21:08:18.958+0000] {dag.py:3834} INFO - Setting next_dagrun for example_python_decorator to None, run_after=None
[2024-03-26T21:08:19.029+0000] {processor.py:183} INFO - Processing /home/airflow/.local/lib/python3.8/site-packages/airflow/example_dags/example_python_decorator.py took 0.289 seconds
[2024-03-26T21:08:49.579+0000] {processor.py:161} INFO - Started process (PID=2749) to work on /home/airflow/.local/lib/python3.8/site-packages/airflow/example_dags/example_python_decorator.py
[2024-03-26T21:08:49.587+0000] {processor.py:830} INFO - Processing file /home/airflow/.local/lib/python3.8/site-packages/airflow/example_dags/example_python_decorator.py for tasks to queue
[2024-03-26T21:08:49.588+0000] {logging_mixin.py:188} INFO - [2024-03-26T21:08:49.588+0000] {dagbag.py:540} INFO - Filling up the DagBag from /home/airflow/.local/lib/python3.8/site-packages/airflow/example_dags/example_python_decorator.py
[2024-03-26T21:08:49.638+0000] {processor.py:840} INFO - DAG(s) 'example_python_decorator' retrieved from /home/airflow/.local/lib/python3.8/site-packages/airflow/example_dags/example_python_decorator.py
[2024-03-26T21:08:49.719+0000] {logging_mixin.py:188} INFO - [2024-03-26T21:08:49.718+0000] {dag.py:3047} INFO - Sync 1 DAGs
[2024-03-26T21:08:49.760+0000] {logging_mixin.py:188} INFO - [2024-03-26T21:08:49.760+0000] {dag.py:3834} INFO - Setting next_dagrun for example_python_decorator to None, run_after=None
[2024-03-26T21:08:49.839+0000] {processor.py:183} INFO - Processing /home/airflow/.local/lib/python3.8/site-packages/airflow/example_dags/example_python_decorator.py took 0.270 seconds
[2024-03-26T21:09:20.218+0000] {processor.py:161} INFO - Started process (PID=2998) to work on /home/airflow/.local/lib/python3.8/site-packages/airflow/example_dags/example_python_decorator.py
[2024-03-26T21:09:20.220+0000] {processor.py:830} INFO - Processing file /home/airflow/.local/lib/python3.8/site-packages/airflow/example_dags/example_python_decorator.py for tasks to queue
[2024-03-26T21:09:20.227+0000] {logging_mixin.py:188} INFO - [2024-03-26T21:09:20.226+0000] {dagbag.py:540} INFO - Filling up the DagBag from /home/airflow/.local/lib/python3.8/site-packages/airflow/example_dags/example_python_decorator.py
[2024-03-26T21:09:20.259+0000] {processor.py:840} INFO - DAG(s) 'example_python_decorator' retrieved from /home/airflow/.local/lib/python3.8/site-packages/airflow/example_dags/example_python_decorator.py
[2024-03-26T21:09:20.327+0000] {logging_mixin.py:188} INFO - [2024-03-26T21:09:20.327+0000] {dag.py:3047} INFO - Sync 1 DAGs
[2024-03-26T21:09:20.367+0000] {logging_mixin.py:188} INFO - [2024-03-26T21:09:20.367+0000] {dag.py:3834} INFO - Setting next_dagrun for example_python_decorator to None, run_after=None
[2024-03-26T21:09:20.429+0000] {processor.py:183} INFO - Processing /home/airflow/.local/lib/python3.8/site-packages/airflow/example_dags/example_python_decorator.py took 0.221 seconds
[2024-03-26T21:09:50.855+0000] {processor.py:161} INFO - Started process (PID=3245) to work on /home/airflow/.local/lib/python3.8/site-packages/airflow/example_dags/example_python_decorator.py
[2024-03-26T21:09:50.856+0000] {processor.py:830} INFO - Processing file /home/airflow/.local/lib/python3.8/site-packages/airflow/example_dags/example_python_decorator.py for tasks to queue
[2024-03-26T21:09:50.857+0000] {logging_mixin.py:188} INFO - [2024-03-26T21:09:50.857+0000] {dagbag.py:540} INFO - Filling up the DagBag from /home/airflow/.local/lib/python3.8/site-packages/airflow/example_dags/example_python_decorator.py
[2024-03-26T21:09:50.904+0000] {processor.py:840} INFO - DAG(s) 'example_python_decorator' retrieved from /home/airflow/.local/lib/python3.8/site-packages/airflow/example_dags/example_python_decorator.py
[2024-03-26T21:09:50.976+0000] {logging_mixin.py:188} INFO - [2024-03-26T21:09:50.976+0000] {dag.py:3047} INFO - Sync 1 DAGs
[2024-03-26T21:09:51.016+0000] {logging_mixin.py:188} INFO - [2024-03-26T21:09:51.015+0000] {dag.py:3834} INFO - Setting next_dagrun for example_python_decorator to None, run_after=None
[2024-03-26T21:09:51.077+0000] {processor.py:183} INFO - Processing /home/airflow/.local/lib/python3.8/site-packages/airflow/example_dags/example_python_decorator.py took 0.233 seconds
[2024-03-26T21:10:22.092+0000] {processor.py:161} INFO - Started process (PID=3492) to work on /home/airflow/.local/lib/python3.8/site-packages/airflow/example_dags/example_python_decorator.py
[2024-03-26T21:10:22.094+0000] {processor.py:830} INFO - Processing file /home/airflow/.local/lib/python3.8/site-packages/airflow/example_dags/example_python_decorator.py for tasks to queue
[2024-03-26T21:10:22.096+0000] {logging_mixin.py:188} INFO - [2024-03-26T21:10:22.095+0000] {dagbag.py:540} INFO - Filling up the DagBag from /home/airflow/.local/lib/python3.8/site-packages/airflow/example_dags/example_python_decorator.py
[2024-03-26T21:10:22.154+0000] {processor.py:840} INFO - DAG(s) 'example_python_decorator' retrieved from /home/airflow/.local/lib/python3.8/site-packages/airflow/example_dags/example_python_decorator.py
[2024-03-26T21:10:22.234+0000] {logging_mixin.py:188} INFO - [2024-03-26T21:10:22.233+0000] {dag.py:3047} INFO - Sync 1 DAGs
[2024-03-26T21:10:22.274+0000] {logging_mixin.py:188} INFO - [2024-03-26T21:10:22.273+0000] {dag.py:3834} INFO - Setting next_dagrun for example_python_decorator to None, run_after=None
[2024-03-26T21:10:22.342+0000] {processor.py:183} INFO - Processing /home/airflow/.local/lib/python3.8/site-packages/airflow/example_dags/example_python_decorator.py took 0.267 seconds
[2024-03-26T21:10:52.941+0000] {processor.py:161} INFO - Started process (PID=3737) to work on /home/airflow/.local/lib/python3.8/site-packages/airflow/example_dags/example_python_decorator.py
[2024-03-26T21:10:52.942+0000] {processor.py:830} INFO - Processing file /home/airflow/.local/lib/python3.8/site-packages/airflow/example_dags/example_python_decorator.py for tasks to queue
[2024-03-26T21:10:52.950+0000] {logging_mixin.py:188} INFO - [2024-03-26T21:10:52.949+0000] {dagbag.py:540} INFO - Filling up the DagBag from /home/airflow/.local/lib/python3.8/site-packages/airflow/example_dags/example_python_decorator.py
[2024-03-26T21:10:53.001+0000] {processor.py:840} INFO - DAG(s) 'example_python_decorator' retrieved from /home/airflow/.local/lib/python3.8/site-packages/airflow/example_dags/example_python_decorator.py
[2024-03-26T21:10:53.081+0000] {logging_mixin.py:188} INFO - [2024-03-26T21:10:53.080+0000] {dag.py:3047} INFO - Sync 1 DAGs
[2024-03-26T21:10:53.122+0000] {logging_mixin.py:188} INFO - [2024-03-26T21:10:53.121+0000] {dag.py:3834} INFO - Setting next_dagrun for example_python_decorator to None, run_after=None
[2024-03-26T21:10:53.191+0000] {processor.py:183} INFO - Processing /home/airflow/.local/lib/python3.8/site-packages/airflow/example_dags/example_python_decorator.py took 0.261 seconds
[2024-03-26T21:11:23.971+0000] {processor.py:161} INFO - Started process (PID=3986) to work on /home/airflow/.local/lib/python3.8/site-packages/airflow/example_dags/example_python_decorator.py
[2024-03-26T21:11:23.973+0000] {processor.py:830} INFO - Processing file /home/airflow/.local/lib/python3.8/site-packages/airflow/example_dags/example_python_decorator.py for tasks to queue
[2024-03-26T21:11:23.980+0000] {logging_mixin.py:188} INFO - [2024-03-26T21:11:23.974+0000] {dagbag.py:540} INFO - Filling up the DagBag from /home/airflow/.local/lib/python3.8/site-packages/airflow/example_dags/example_python_decorator.py
[2024-03-26T21:11:24.031+0000] {processor.py:840} INFO - DAG(s) 'example_python_decorator' retrieved from /home/airflow/.local/lib/python3.8/site-packages/airflow/example_dags/example_python_decorator.py
[2024-03-26T21:11:24.122+0000] {logging_mixin.py:188} INFO - [2024-03-26T21:11:24.121+0000] {dag.py:3047} INFO - Sync 1 DAGs
[2024-03-26T21:11:24.161+0000] {logging_mixin.py:188} INFO - [2024-03-26T21:11:24.161+0000] {dag.py:3834} INFO - Setting next_dagrun for example_python_decorator to None, run_after=None
[2024-03-26T21:11:24.230+0000] {processor.py:183} INFO - Processing /home/airflow/.local/lib/python3.8/site-packages/airflow/example_dags/example_python_decorator.py took 0.270 seconds
[2024-03-26T21:11:55.376+0000] {processor.py:161} INFO - Started process (PID=4233) to work on /home/airflow/.local/lib/python3.8/site-packages/airflow/example_dags/example_python_decorator.py
[2024-03-26T21:11:55.377+0000] {processor.py:830} INFO - Processing file /home/airflow/.local/lib/python3.8/site-packages/airflow/example_dags/example_python_decorator.py for tasks to queue
[2024-03-26T21:11:55.385+0000] {logging_mixin.py:188} INFO - [2024-03-26T21:11:55.378+0000] {dagbag.py:540} INFO - Filling up the DagBag from /home/airflow/.local/lib/python3.8/site-packages/airflow/example_dags/example_python_decorator.py
[2024-03-26T21:11:55.427+0000] {processor.py:840} INFO - DAG(s) 'example_python_decorator' retrieved from /home/airflow/.local/lib/python3.8/site-packages/airflow/example_dags/example_python_decorator.py
[2024-03-26T21:11:55.525+0000] {logging_mixin.py:188} INFO - [2024-03-26T21:11:55.518+0000] {dag.py:3047} INFO - Sync 1 DAGs
[2024-03-26T21:11:55.568+0000] {logging_mixin.py:188} INFO - [2024-03-26T21:11:55.567+0000] {dag.py:3834} INFO - Setting next_dagrun for example_python_decorator to None, run_after=None
[2024-03-26T21:11:55.648+0000] {processor.py:183} INFO - Processing /home/airflow/.local/lib/python3.8/site-packages/airflow/example_dags/example_python_decorator.py took 0.283 seconds
[2024-03-26T21:12:26.438+0000] {processor.py:161} INFO - Started process (PID=4480) to work on /home/airflow/.local/lib/python3.8/site-packages/airflow/example_dags/example_python_decorator.py
[2024-03-26T21:12:26.439+0000] {processor.py:830} INFO - Processing file /home/airflow/.local/lib/python3.8/site-packages/airflow/example_dags/example_python_decorator.py for tasks to queue
[2024-03-26T21:12:26.447+0000] {logging_mixin.py:188} INFO - [2024-03-26T21:12:26.446+0000] {dagbag.py:540} INFO - Filling up the DagBag from /home/airflow/.local/lib/python3.8/site-packages/airflow/example_dags/example_python_decorator.py
[2024-03-26T21:12:26.488+0000] {processor.py:840} INFO - DAG(s) 'example_python_decorator' retrieved from /home/airflow/.local/lib/python3.8/site-packages/airflow/example_dags/example_python_decorator.py
[2024-03-26T21:12:26.568+0000] {logging_mixin.py:188} INFO - [2024-03-26T21:12:26.568+0000] {dag.py:3047} INFO - Sync 1 DAGs
[2024-03-26T21:12:26.610+0000] {logging_mixin.py:188} INFO - [2024-03-26T21:12:26.609+0000] {dag.py:3834} INFO - Setting next_dagrun for example_python_decorator to None, run_after=None
[2024-03-26T21:12:26.678+0000] {processor.py:183} INFO - Processing /home/airflow/.local/lib/python3.8/site-packages/airflow/example_dags/example_python_decorator.py took 0.250 seconds
[2024-03-26T21:12:57.242+0000] {processor.py:161} INFO - Started process (PID=4727) to work on /home/airflow/.local/lib/python3.8/site-packages/airflow/example_dags/example_python_decorator.py
[2024-03-26T21:12:57.244+0000] {processor.py:830} INFO - Processing file /home/airflow/.local/lib/python3.8/site-packages/airflow/example_dags/example_python_decorator.py for tasks to queue
[2024-03-26T21:12:57.245+0000] {logging_mixin.py:188} INFO - [2024-03-26T21:12:57.245+0000] {dagbag.py:540} INFO - Filling up the DagBag from /home/airflow/.local/lib/python3.8/site-packages/airflow/example_dags/example_python_decorator.py
[2024-03-26T21:12:57.293+0000] {processor.py:840} INFO - DAG(s) 'example_python_decorator' retrieved from /home/airflow/.local/lib/python3.8/site-packages/airflow/example_dags/example_python_decorator.py
[2024-03-26T21:12:57.405+0000] {logging_mixin.py:188} INFO - [2024-03-26T21:12:57.405+0000] {dag.py:3047} INFO - Sync 1 DAGs
[2024-03-26T21:12:57.454+0000] {logging_mixin.py:188} INFO - [2024-03-26T21:12:57.454+0000] {dag.py:3834} INFO - Setting next_dagrun for example_python_decorator to None, run_after=None
[2024-03-26T21:12:57.535+0000] {processor.py:183} INFO - Processing /home/airflow/.local/lib/python3.8/site-packages/airflow/example_dags/example_python_decorator.py took 0.303 seconds
[2024-03-26T21:13:27.734+0000] {processor.py:161} INFO - Started process (PID=4972) to work on /home/airflow/.local/lib/python3.8/site-packages/airflow/example_dags/example_python_decorator.py
[2024-03-26T21:13:27.735+0000] {processor.py:830} INFO - Processing file /home/airflow/.local/lib/python3.8/site-packages/airflow/example_dags/example_python_decorator.py for tasks to queue
[2024-03-26T21:13:27.744+0000] {logging_mixin.py:188} INFO - [2024-03-26T21:13:27.743+0000] {dagbag.py:540} INFO - Filling up the DagBag from /home/airflow/.local/lib/python3.8/site-packages/airflow/example_dags/example_python_decorator.py
[2024-03-26T21:13:27.805+0000] {processor.py:840} INFO - DAG(s) 'example_python_decorator' retrieved from /home/airflow/.local/lib/python3.8/site-packages/airflow/example_dags/example_python_decorator.py
[2024-03-26T21:13:27.925+0000] {logging_mixin.py:188} INFO - [2024-03-26T21:13:27.924+0000] {dag.py:3047} INFO - Sync 1 DAGs
[2024-03-26T21:13:27.996+0000] {logging_mixin.py:188} INFO - [2024-03-26T21:13:27.995+0000] {dag.py:3834} INFO - Setting next_dagrun for example_python_decorator to None, run_after=None
[2024-03-26T21:13:28.094+0000] {processor.py:183} INFO - Processing /home/airflow/.local/lib/python3.8/site-packages/airflow/example_dags/example_python_decorator.py took 0.371 seconds
[2024-03-26T21:13:58.508+0000] {processor.py:161} INFO - Started process (PID=5219) to work on /home/airflow/.local/lib/python3.8/site-packages/airflow/example_dags/example_python_decorator.py
[2024-03-26T21:13:58.510+0000] {processor.py:830} INFO - Processing file /home/airflow/.local/lib/python3.8/site-packages/airflow/example_dags/example_python_decorator.py for tasks to queue
[2024-03-26T21:13:58.511+0000] {logging_mixin.py:188} INFO - [2024-03-26T21:13:58.511+0000] {dagbag.py:540} INFO - Filling up the DagBag from /home/airflow/.local/lib/python3.8/site-packages/airflow/example_dags/example_python_decorator.py
[2024-03-26T21:13:58.569+0000] {processor.py:840} INFO - DAG(s) 'example_python_decorator' retrieved from /home/airflow/.local/lib/python3.8/site-packages/airflow/example_dags/example_python_decorator.py
[2024-03-26T21:13:58.670+0000] {logging_mixin.py:188} INFO - [2024-03-26T21:13:58.669+0000] {dag.py:3047} INFO - Sync 1 DAGs
[2024-03-26T21:13:58.720+0000] {logging_mixin.py:188} INFO - [2024-03-26T21:13:58.719+0000] {dag.py:3834} INFO - Setting next_dagrun for example_python_decorator to None, run_after=None
[2024-03-26T21:13:58.808+0000] {processor.py:183} INFO - Processing /home/airflow/.local/lib/python3.8/site-packages/airflow/example_dags/example_python_decorator.py took 0.310 seconds
[2024-03-26T21:14:29.131+0000] {processor.py:161} INFO - Started process (PID=5466) to work on /home/airflow/.local/lib/python3.8/site-packages/airflow/example_dags/example_python_decorator.py
[2024-03-26T21:14:29.139+0000] {processor.py:830} INFO - Processing file /home/airflow/.local/lib/python3.8/site-packages/airflow/example_dags/example_python_decorator.py for tasks to queue
[2024-03-26T21:14:29.160+0000] {logging_mixin.py:188} INFO - [2024-03-26T21:14:29.152+0000] {dagbag.py:540} INFO - Filling up the DagBag from /home/airflow/.local/lib/python3.8/site-packages/airflow/example_dags/example_python_decorator.py
[2024-03-26T21:14:29.241+0000] {processor.py:840} INFO - DAG(s) 'example_python_decorator' retrieved from /home/airflow/.local/lib/python3.8/site-packages/airflow/example_dags/example_python_decorator.py
[2024-03-26T21:14:29.503+0000] {logging_mixin.py:188} INFO - [2024-03-26T21:14:29.502+0000] {dag.py:3047} INFO - Sync 1 DAGs
[2024-03-26T21:14:29.621+0000] {logging_mixin.py:188} INFO - [2024-03-26T21:14:29.621+0000] {dag.py:3834} INFO - Setting next_dagrun for example_python_decorator to None, run_after=None
[2024-03-26T21:14:29.719+0000] {processor.py:183} INFO - Processing /home/airflow/.local/lib/python3.8/site-packages/airflow/example_dags/example_python_decorator.py took 0.609 seconds
[2024-03-26T21:15:00.034+0000] {processor.py:161} INFO - Started process (PID=5713) to work on /home/airflow/.local/lib/python3.8/site-packages/airflow/example_dags/example_python_decorator.py
[2024-03-26T21:15:00.035+0000] {processor.py:830} INFO - Processing file /home/airflow/.local/lib/python3.8/site-packages/airflow/example_dags/example_python_decorator.py for tasks to queue
[2024-03-26T21:15:00.037+0000] {logging_mixin.py:188} INFO - [2024-03-26T21:15:00.036+0000] {dagbag.py:540} INFO - Filling up the DagBag from /home/airflow/.local/lib/python3.8/site-packages/airflow/example_dags/example_python_decorator.py
[2024-03-26T21:15:00.104+0000] {processor.py:840} INFO - DAG(s) 'example_python_decorator' retrieved from /home/airflow/.local/lib/python3.8/site-packages/airflow/example_dags/example_python_decorator.py
[2024-03-26T21:15:00.204+0000] {logging_mixin.py:188} INFO - [2024-03-26T21:15:00.197+0000] {dag.py:3047} INFO - Sync 1 DAGs
[2024-03-26T21:15:00.265+0000] {logging_mixin.py:188} INFO - [2024-03-26T21:15:00.265+0000] {dag.py:3834} INFO - Setting next_dagrun for example_python_decorator to None, run_after=None
[2024-03-26T21:15:00.346+0000] {processor.py:183} INFO - Processing /home/airflow/.local/lib/python3.8/site-packages/airflow/example_dags/example_python_decorator.py took 0.332 seconds
[2024-03-26T21:15:31.065+0000] {processor.py:161} INFO - Started process (PID=5959) to work on /home/airflow/.local/lib/python3.8/site-packages/airflow/example_dags/example_python_decorator.py
[2024-03-26T21:15:31.066+0000] {processor.py:830} INFO - Processing file /home/airflow/.local/lib/python3.8/site-packages/airflow/example_dags/example_python_decorator.py for tasks to queue
[2024-03-26T21:15:31.075+0000] {logging_mixin.py:188} INFO - [2024-03-26T21:15:31.068+0000] {dagbag.py:540} INFO - Filling up the DagBag from /home/airflow/.local/lib/python3.8/site-packages/airflow/example_dags/example_python_decorator.py
[2024-03-26T21:15:31.125+0000] {processor.py:840} INFO - DAG(s) 'example_python_decorator' retrieved from /home/airflow/.local/lib/python3.8/site-packages/airflow/example_dags/example_python_decorator.py
[2024-03-26T21:15:31.217+0000] {logging_mixin.py:188} INFO - [2024-03-26T21:15:31.217+0000] {dag.py:3047} INFO - Sync 1 DAGs
[2024-03-26T21:15:31.266+0000] {logging_mixin.py:188} INFO - [2024-03-26T21:15:31.266+0000] {dag.py:3834} INFO - Setting next_dagrun for example_python_decorator to None, run_after=None
[2024-03-26T21:15:31.346+0000] {processor.py:183} INFO - Processing /home/airflow/.local/lib/python3.8/site-packages/airflow/example_dags/example_python_decorator.py took 0.299 seconds
[2024-03-26T21:16:02.054+0000] {processor.py:161} INFO - Started process (PID=6206) to work on /home/airflow/.local/lib/python3.8/site-packages/airflow/example_dags/example_python_decorator.py
[2024-03-26T21:16:02.056+0000] {processor.py:830} INFO - Processing file /home/airflow/.local/lib/python3.8/site-packages/airflow/example_dags/example_python_decorator.py for tasks to queue
[2024-03-26T21:16:02.074+0000] {logging_mixin.py:188} INFO - [2024-03-26T21:16:02.067+0000] {dagbag.py:540} INFO - Filling up the DagBag from /home/airflow/.local/lib/python3.8/site-packages/airflow/example_dags/example_python_decorator.py
[2024-03-26T21:16:02.166+0000] {processor.py:840} INFO - DAG(s) 'example_python_decorator' retrieved from /home/airflow/.local/lib/python3.8/site-packages/airflow/example_dags/example_python_decorator.py
[2024-03-26T21:16:02.295+0000] {logging_mixin.py:188} INFO - [2024-03-26T21:16:02.294+0000] {dag.py:3047} INFO - Sync 1 DAGs
[2024-03-26T21:16:02.354+0000] {logging_mixin.py:188} INFO - [2024-03-26T21:16:02.347+0000] {dag.py:3834} INFO - Setting next_dagrun for example_python_decorator to None, run_after=None
[2024-03-26T21:16:02.444+0000] {processor.py:183} INFO - Processing /home/airflow/.local/lib/python3.8/site-packages/airflow/example_dags/example_python_decorator.py took 0.419 seconds
[2024-03-26T21:21:04.156+0000] {processor.py:161} INFO - Started process (PID=284) to work on /home/airflow/.local/lib/python3.8/site-packages/airflow/example_dags/example_python_decorator.py
[2024-03-26T21:21:04.165+0000] {processor.py:830} INFO - Processing file /home/airflow/.local/lib/python3.8/site-packages/airflow/example_dags/example_python_decorator.py for tasks to queue
[2024-03-26T21:21:04.174+0000] {logging_mixin.py:188} INFO - [2024-03-26T21:21:04.167+0000] {dagbag.py:540} INFO - Filling up the DagBag from /home/airflow/.local/lib/python3.8/site-packages/airflow/example_dags/example_python_decorator.py
[2024-03-26T21:21:04.284+0000] {processor.py:840} INFO - DAG(s) 'example_python_decorator' retrieved from /home/airflow/.local/lib/python3.8/site-packages/airflow/example_dags/example_python_decorator.py
[2024-03-26T21:21:04.996+0000] {logging_mixin.py:188} INFO - [2024-03-26T21:21:04.996+0000] {dag.py:3047} INFO - Sync 1 DAGs
[2024-03-26T21:21:05.066+0000] {logging_mixin.py:188} INFO - [2024-03-26T21:21:05.066+0000] {dag.py:3834} INFO - Setting next_dagrun for example_python_decorator to None, run_after=None
[2024-03-26T21:21:05.226+0000] {processor.py:183} INFO - Processing /home/airflow/.local/lib/python3.8/site-packages/airflow/example_dags/example_python_decorator.py took 1.091 seconds
[2024-03-26T21:21:35.746+0000] {processor.py:161} INFO - Started process (PID=534) to work on /home/airflow/.local/lib/python3.8/site-packages/airflow/example_dags/example_python_decorator.py
[2024-03-26T21:21:35.748+0000] {processor.py:830} INFO - Processing file /home/airflow/.local/lib/python3.8/site-packages/airflow/example_dags/example_python_decorator.py for tasks to queue
[2024-03-26T21:21:35.757+0000] {logging_mixin.py:188} INFO - [2024-03-26T21:21:35.756+0000] {dagbag.py:540} INFO - Filling up the DagBag from /home/airflow/.local/lib/python3.8/site-packages/airflow/example_dags/example_python_decorator.py
[2024-03-26T21:21:35.837+0000] {processor.py:840} INFO - DAG(s) 'example_python_decorator' retrieved from /home/airflow/.local/lib/python3.8/site-packages/airflow/example_dags/example_python_decorator.py
[2024-03-26T21:21:35.997+0000] {logging_mixin.py:188} INFO - [2024-03-26T21:21:35.997+0000] {dag.py:3047} INFO - Sync 1 DAGs
[2024-03-26T21:21:36.067+0000] {logging_mixin.py:188} INFO - [2024-03-26T21:21:36.067+0000] {dag.py:3834} INFO - Setting next_dagrun for example_python_decorator to None, run_after=None
[2024-03-26T21:21:36.187+0000] {processor.py:183} INFO - Processing /home/airflow/.local/lib/python3.8/site-packages/airflow/example_dags/example_python_decorator.py took 0.469 seconds
[2024-03-26T21:22:06.670+0000] {processor.py:161} INFO - Started process (PID=780) to work on /home/airflow/.local/lib/python3.8/site-packages/airflow/example_dags/example_python_decorator.py
[2024-03-26T21:22:06.679+0000] {processor.py:830} INFO - Processing file /home/airflow/.local/lib/python3.8/site-packages/airflow/example_dags/example_python_decorator.py for tasks to queue
[2024-03-26T21:22:06.680+0000] {logging_mixin.py:188} INFO - [2024-03-26T21:22:06.680+0000] {dagbag.py:540} INFO - Filling up the DagBag from /home/airflow/.local/lib/python3.8/site-packages/airflow/example_dags/example_python_decorator.py
[2024-03-26T21:22:06.749+0000] {processor.py:840} INFO - DAG(s) 'example_python_decorator' retrieved from /home/airflow/.local/lib/python3.8/site-packages/airflow/example_dags/example_python_decorator.py
[2024-03-26T21:22:06.860+0000] {logging_mixin.py:188} INFO - [2024-03-26T21:22:06.860+0000] {dag.py:3047} INFO - Sync 1 DAGs
[2024-03-26T21:22:06.929+0000] {logging_mixin.py:188} INFO - [2024-03-26T21:22:06.921+0000] {dag.py:3834} INFO - Setting next_dagrun for example_python_decorator to None, run_after=None
[2024-03-26T21:22:07.030+0000] {processor.py:183} INFO - Processing /home/airflow/.local/lib/python3.8/site-packages/airflow/example_dags/example_python_decorator.py took 0.378 seconds
[2024-03-26T21:22:37.737+0000] {processor.py:161} INFO - Started process (PID=1029) to work on /home/airflow/.local/lib/python3.8/site-packages/airflow/example_dags/example_python_decorator.py
[2024-03-26T21:22:37.746+0000] {processor.py:830} INFO - Processing file /home/airflow/.local/lib/python3.8/site-packages/airflow/example_dags/example_python_decorator.py for tasks to queue
[2024-03-26T21:22:37.755+0000] {logging_mixin.py:188} INFO - [2024-03-26T21:22:37.747+0000] {dagbag.py:540} INFO - Filling up the DagBag from /home/airflow/.local/lib/python3.8/site-packages/airflow/example_dags/example_python_decorator.py
[2024-03-26T21:22:37.816+0000] {processor.py:840} INFO - DAG(s) 'example_python_decorator' retrieved from /home/airflow/.local/lib/python3.8/site-packages/airflow/example_dags/example_python_decorator.py
[2024-03-26T21:22:37.956+0000] {logging_mixin.py:188} INFO - [2024-03-26T21:22:37.956+0000] {dag.py:3047} INFO - Sync 1 DAGs
[2024-03-26T21:22:38.047+0000] {logging_mixin.py:188} INFO - [2024-03-26T21:22:38.046+0000] {dag.py:3834} INFO - Setting next_dagrun for example_python_decorator to None, run_after=None
[2024-03-26T21:22:38.185+0000] {processor.py:183} INFO - Processing /home/airflow/.local/lib/python3.8/site-packages/airflow/example_dags/example_python_decorator.py took 0.460 seconds
[2024-03-26T21:23:09.709+0000] {processor.py:161} INFO - Started process (PID=1276) to work on /home/airflow/.local/lib/python3.8/site-packages/airflow/example_dags/example_python_decorator.py
[2024-03-26T21:23:09.718+0000] {processor.py:830} INFO - Processing file /home/airflow/.local/lib/python3.8/site-packages/airflow/example_dags/example_python_decorator.py for tasks to queue
[2024-03-26T21:23:09.720+0000] {logging_mixin.py:188} INFO - [2024-03-26T21:23:09.720+0000] {dagbag.py:540} INFO - Filling up the DagBag from /home/airflow/.local/lib/python3.8/site-packages/airflow/example_dags/example_python_decorator.py
[2024-03-26T21:23:09.818+0000] {processor.py:840} INFO - DAG(s) 'example_python_decorator' retrieved from /home/airflow/.local/lib/python3.8/site-packages/airflow/example_dags/example_python_decorator.py
[2024-03-26T21:23:09.959+0000] {logging_mixin.py:188} INFO - [2024-03-26T21:23:09.959+0000] {dag.py:3047} INFO - Sync 1 DAGs
[2024-03-26T21:23:10.039+0000] {logging_mixin.py:188} INFO - [2024-03-26T21:23:10.039+0000] {dag.py:3834} INFO - Setting next_dagrun for example_python_decorator to None, run_after=None
[2024-03-26T21:23:10.179+0000] {processor.py:183} INFO - Processing /home/airflow/.local/lib/python3.8/site-packages/airflow/example_dags/example_python_decorator.py took 0.491 seconds
[2024-03-26T21:23:40.795+0000] {processor.py:161} INFO - Started process (PID=1521) to work on /home/airflow/.local/lib/python3.8/site-packages/airflow/example_dags/example_python_decorator.py
[2024-03-26T21:23:40.805+0000] {processor.py:830} INFO - Processing file /home/airflow/.local/lib/python3.8/site-packages/airflow/example_dags/example_python_decorator.py for tasks to queue
[2024-03-26T21:23:40.815+0000] {logging_mixin.py:188} INFO - [2024-03-26T21:23:40.815+0000] {dagbag.py:540} INFO - Filling up the DagBag from /home/airflow/.local/lib/python3.8/site-packages/airflow/example_dags/example_python_decorator.py
[2024-03-26T21:23:40.944+0000] {processor.py:840} INFO - DAG(s) 'example_python_decorator' retrieved from /home/airflow/.local/lib/python3.8/site-packages/airflow/example_dags/example_python_decorator.py
[2024-03-26T21:23:41.135+0000] {logging_mixin.py:188} INFO - [2024-03-26T21:23:41.135+0000] {dag.py:3047} INFO - Sync 1 DAGs
[2024-03-26T21:23:41.235+0000] {logging_mixin.py:188} INFO - [2024-03-26T21:23:41.235+0000] {dag.py:3834} INFO - Setting next_dagrun for example_python_decorator to None, run_after=None
[2024-03-26T21:23:41.394+0000] {processor.py:183} INFO - Processing /home/airflow/.local/lib/python3.8/site-packages/airflow/example_dags/example_python_decorator.py took 0.628 seconds
[2024-03-26T21:24:12.339+0000] {processor.py:161} INFO - Started process (PID=1768) to work on /home/airflow/.local/lib/python3.8/site-packages/airflow/example_dags/example_python_decorator.py
[2024-03-26T21:24:12.349+0000] {processor.py:830} INFO - Processing file /home/airflow/.local/lib/python3.8/site-packages/airflow/example_dags/example_python_decorator.py for tasks to queue
[2024-03-26T21:24:12.359+0000] {logging_mixin.py:188} INFO - [2024-03-26T21:24:12.350+0000] {dagbag.py:540} INFO - Filling up the DagBag from /home/airflow/.local/lib/python3.8/site-packages/airflow/example_dags/example_python_decorator.py
[2024-03-26T21:24:12.479+0000] {processor.py:840} INFO - DAG(s) 'example_python_decorator' retrieved from /home/airflow/.local/lib/python3.8/site-packages/airflow/example_dags/example_python_decorator.py
[2024-03-26T21:24:12.669+0000] {logging_mixin.py:188} INFO - [2024-03-26T21:24:12.669+0000] {dag.py:3047} INFO - Sync 1 DAGs
[2024-03-26T21:24:12.770+0000] {logging_mixin.py:188} INFO - [2024-03-26T21:24:12.770+0000] {dag.py:3834} INFO - Setting next_dagrun for example_python_decorator to None, run_after=None
[2024-03-26T21:24:12.980+0000] {processor.py:183} INFO - Processing /home/airflow/.local/lib/python3.8/site-packages/airflow/example_dags/example_python_decorator.py took 0.661 seconds
[2024-03-26T21:24:44.201+0000] {processor.py:161} INFO - Started process (PID=2015) to work on /home/airflow/.local/lib/python3.8/site-packages/airflow/example_dags/example_python_decorator.py
[2024-03-26T21:24:44.211+0000] {processor.py:830} INFO - Processing file /home/airflow/.local/lib/python3.8/site-packages/airflow/example_dags/example_python_decorator.py for tasks to queue
[2024-03-26T21:24:44.220+0000] {logging_mixin.py:188} INFO - [2024-03-26T21:24:44.220+0000] {dagbag.py:540} INFO - Filling up the DagBag from /home/airflow/.local/lib/python3.8/site-packages/airflow/example_dags/example_python_decorator.py
[2024-03-26T21:24:44.310+0000] {processor.py:840} INFO - DAG(s) 'example_python_decorator' retrieved from /home/airflow/.local/lib/python3.8/site-packages/airflow/example_dags/example_python_decorator.py
[2024-03-26T21:24:44.461+0000] {logging_mixin.py:188} INFO - [2024-03-26T21:24:44.461+0000] {dag.py:3047} INFO - Sync 1 DAGs
[2024-03-26T21:24:44.570+0000] {logging_mixin.py:188} INFO - [2024-03-26T21:24:44.561+0000] {dag.py:3834} INFO - Setting next_dagrun for example_python_decorator to None, run_after=None
[2024-03-26T21:24:44.731+0000] {processor.py:183} INFO - Processing /home/airflow/.local/lib/python3.8/site-packages/airflow/example_dags/example_python_decorator.py took 0.560 seconds
[2024-03-26T21:25:16.832+0000] {processor.py:161} INFO - Started process (PID=2263) to work on /home/airflow/.local/lib/python3.8/site-packages/airflow/example_dags/example_python_decorator.py
[2024-03-26T21:25:16.841+0000] {processor.py:830} INFO - Processing file /home/airflow/.local/lib/python3.8/site-packages/airflow/example_dags/example_python_decorator.py for tasks to queue
[2024-03-26T21:25:16.853+0000] {logging_mixin.py:188} INFO - [2024-03-26T21:25:16.852+0000] {dagbag.py:540} INFO - Filling up the DagBag from /home/airflow/.local/lib/python3.8/site-packages/airflow/example_dags/example_python_decorator.py
[2024-03-26T21:25:16.972+0000] {processor.py:840} INFO - DAG(s) 'example_python_decorator' retrieved from /home/airflow/.local/lib/python3.8/site-packages/airflow/example_dags/example_python_decorator.py
[2024-03-26T21:25:17.123+0000] {logging_mixin.py:188} INFO - [2024-03-26T21:25:17.123+0000] {dag.py:3047} INFO - Sync 1 DAGs
[2024-03-26T21:25:17.232+0000] {logging_mixin.py:188} INFO - [2024-03-26T21:25:17.232+0000] {dag.py:3834} INFO - Setting next_dagrun for example_python_decorator to None, run_after=None
[2024-03-26T21:25:17.412+0000] {processor.py:183} INFO - Processing /home/airflow/.local/lib/python3.8/site-packages/airflow/example_dags/example_python_decorator.py took 0.611 seconds
[2024-03-26T21:25:48.656+0000] {processor.py:161} INFO - Started process (PID=2510) to work on /home/airflow/.local/lib/python3.8/site-packages/airflow/example_dags/example_python_decorator.py
[2024-03-26T21:25:48.666+0000] {processor.py:830} INFO - Processing file /home/airflow/.local/lib/python3.8/site-packages/airflow/example_dags/example_python_decorator.py for tasks to queue
[2024-03-26T21:25:48.685+0000] {logging_mixin.py:188} INFO - [2024-03-26T21:25:48.676+0000] {dagbag.py:540} INFO - Filling up the DagBag from /home/airflow/.local/lib/python3.8/site-packages/airflow/example_dags/example_python_decorator.py
[2024-03-26T21:25:48.826+0000] {processor.py:840} INFO - DAG(s) 'example_python_decorator' retrieved from /home/airflow/.local/lib/python3.8/site-packages/airflow/example_dags/example_python_decorator.py
[2024-03-26T21:25:48.995+0000] {logging_mixin.py:188} INFO - [2024-03-26T21:25:48.995+0000] {dag.py:3047} INFO - Sync 1 DAGs
[2024-03-26T21:25:49.105+0000] {logging_mixin.py:188} INFO - [2024-03-26T21:25:49.096+0000] {dag.py:3834} INFO - Setting next_dagrun for example_python_decorator to None, run_after=None
[2024-03-26T21:25:49.415+0000] {processor.py:183} INFO - Processing /home/airflow/.local/lib/python3.8/site-packages/airflow/example_dags/example_python_decorator.py took 0.789 seconds
[2024-03-26T21:26:21.399+0000] {processor.py:161} INFO - Started process (PID=2767) to work on /home/airflow/.local/lib/python3.8/site-packages/airflow/example_dags/example_python_decorator.py
[2024-03-26T21:26:21.410+0000] {processor.py:830} INFO - Processing file /home/airflow/.local/lib/python3.8/site-packages/airflow/example_dags/example_python_decorator.py for tasks to queue
[2024-03-26T21:26:21.420+0000] {logging_mixin.py:188} INFO - [2024-03-26T21:26:21.419+0000] {dagbag.py:540} INFO - Filling up the DagBag from /home/airflow/.local/lib/python3.8/site-packages/airflow/example_dags/example_python_decorator.py
[2024-03-26T21:26:21.560+0000] {processor.py:840} INFO - DAG(s) 'example_python_decorator' retrieved from /home/airflow/.local/lib/python3.8/site-packages/airflow/example_dags/example_python_decorator.py
[2024-03-26T21:26:21.760+0000] {logging_mixin.py:188} INFO - [2024-03-26T21:26:21.760+0000] {dag.py:3047} INFO - Sync 1 DAGs
[2024-03-26T21:26:21.900+0000] {logging_mixin.py:188} INFO - [2024-03-26T21:26:21.900+0000] {dag.py:3834} INFO - Setting next_dagrun for example_python_decorator to None, run_after=None
[2024-03-26T21:26:22.130+0000] {processor.py:183} INFO - Processing /home/airflow/.local/lib/python3.8/site-packages/airflow/example_dags/example_python_decorator.py took 0.760 seconds
[2024-03-26T21:26:53.152+0000] {processor.py:161} INFO - Started process (PID=3012) to work on /home/airflow/.local/lib/python3.8/site-packages/airflow/example_dags/example_python_decorator.py
[2024-03-26T21:26:53.162+0000] {processor.py:830} INFO - Processing file /home/airflow/.local/lib/python3.8/site-packages/airflow/example_dags/example_python_decorator.py for tasks to queue
[2024-03-26T21:26:53.172+0000] {logging_mixin.py:188} INFO - [2024-03-26T21:26:53.172+0000] {dagbag.py:540} INFO - Filling up the DagBag from /home/airflow/.local/lib/python3.8/site-packages/airflow/example_dags/example_python_decorator.py
[2024-03-26T21:26:53.283+0000] {processor.py:840} INFO - DAG(s) 'example_python_decorator' retrieved from /home/airflow/.local/lib/python3.8/site-packages/airflow/example_dags/example_python_decorator.py
[2024-03-26T21:26:53.472+0000] {logging_mixin.py:188} INFO - [2024-03-26T21:26:53.463+0000] {dag.py:3047} INFO - Sync 1 DAGs
[2024-03-26T21:26:53.582+0000] {logging_mixin.py:188} INFO - [2024-03-26T21:26:53.582+0000] {dag.py:3834} INFO - Setting next_dagrun for example_python_decorator to None, run_after=None
[2024-03-26T21:26:53.782+0000] {processor.py:183} INFO - Processing /home/airflow/.local/lib/python3.8/site-packages/airflow/example_dags/example_python_decorator.py took 0.659 seconds
[2024-03-26T21:27:24.585+0000] {processor.py:161} INFO - Started process (PID=3253) to work on /home/airflow/.local/lib/python3.8/site-packages/airflow/example_dags/example_python_decorator.py
[2024-03-26T21:27:24.594+0000] {processor.py:830} INFO - Processing file /home/airflow/.local/lib/python3.8/site-packages/airflow/example_dags/example_python_decorator.py for tasks to queue
[2024-03-26T21:27:24.605+0000] {logging_mixin.py:188} INFO - [2024-03-26T21:27:24.604+0000] {dagbag.py:540} INFO - Filling up the DagBag from /home/airflow/.local/lib/python3.8/site-packages/airflow/example_dags/example_python_decorator.py
[2024-03-26T21:27:24.733+0000] {processor.py:840} INFO - DAG(s) 'example_python_decorator' retrieved from /home/airflow/.local/lib/python3.8/site-packages/airflow/example_dags/example_python_decorator.py
[2024-03-26T21:27:24.934+0000] {logging_mixin.py:188} INFO - [2024-03-26T21:27:24.933+0000] {dag.py:3047} INFO - Sync 1 DAGs
[2024-03-26T21:27:25.054+0000] {logging_mixin.py:188} INFO - [2024-03-26T21:27:25.053+0000] {dag.py:3834} INFO - Setting next_dagrun for example_python_decorator to None, run_after=None
[2024-03-26T21:27:25.223+0000] {processor.py:183} INFO - Processing /home/airflow/.local/lib/python3.8/site-packages/airflow/example_dags/example_python_decorator.py took 0.668 seconds
[2024-03-26T21:27:57.131+0000] {processor.py:161} INFO - Started process (PID=3502) to work on /home/airflow/.local/lib/python3.8/site-packages/airflow/example_dags/example_python_decorator.py
[2024-03-26T21:27:57.142+0000] {processor.py:830} INFO - Processing file /home/airflow/.local/lib/python3.8/site-packages/airflow/example_dags/example_python_decorator.py for tasks to queue
[2024-03-26T21:27:57.152+0000] {logging_mixin.py:188} INFO - [2024-03-26T21:27:57.151+0000] {dagbag.py:540} INFO - Filling up the DagBag from /home/airflow/.local/lib/python3.8/site-packages/airflow/example_dags/example_python_decorator.py
[2024-03-26T21:27:57.331+0000] {processor.py:840} INFO - DAG(s) 'example_python_decorator' retrieved from /home/airflow/.local/lib/python3.8/site-packages/airflow/example_dags/example_python_decorator.py
[2024-03-26T21:27:57.582+0000] {logging_mixin.py:188} INFO - [2024-03-26T21:27:57.582+0000] {dag.py:3047} INFO - Sync 1 DAGs
[2024-03-26T21:27:57.752+0000] {logging_mixin.py:188} INFO - [2024-03-26T21:27:57.752+0000] {dag.py:3834} INFO - Setting next_dagrun for example_python_decorator to None, run_after=None
[2024-03-26T21:27:58.013+0000] {processor.py:183} INFO - Processing /home/airflow/.local/lib/python3.8/site-packages/airflow/example_dags/example_python_decorator.py took 0.911 seconds
[2024-03-26T21:28:30.414+0000] {processor.py:161} INFO - Started process (PID=3747) to work on /home/airflow/.local/lib/python3.8/site-packages/airflow/example_dags/example_python_decorator.py
[2024-03-26T21:28:30.433+0000] {processor.py:830} INFO - Processing file /home/airflow/.local/lib/python3.8/site-packages/airflow/example_dags/example_python_decorator.py for tasks to queue
[2024-03-26T21:28:30.444+0000] {logging_mixin.py:188} INFO - [2024-03-26T21:28:30.435+0000] {dagbag.py:540} INFO - Filling up the DagBag from /home/airflow/.local/lib/python3.8/site-packages/airflow/example_dags/example_python_decorator.py
[2024-03-26T21:28:30.585+0000] {processor.py:840} INFO - DAG(s) 'example_python_decorator' retrieved from /home/airflow/.local/lib/python3.8/site-packages/airflow/example_dags/example_python_decorator.py
[2024-03-26T21:28:30.885+0000] {logging_mixin.py:188} INFO - [2024-03-26T21:28:30.884+0000] {dag.py:3047} INFO - Sync 1 DAGs
[2024-03-26T21:28:31.035+0000] {logging_mixin.py:188} INFO - [2024-03-26T21:28:31.034+0000] {dag.py:3834} INFO - Setting next_dagrun for example_python_decorator to None, run_after=None
[2024-03-26T21:28:31.264+0000] {processor.py:183} INFO - Processing /home/airflow/.local/lib/python3.8/site-packages/airflow/example_dags/example_python_decorator.py took 0.880 seconds
[2024-03-26T21:29:04.372+0000] {processor.py:161} INFO - Started process (PID=3994) to work on /home/airflow/.local/lib/python3.8/site-packages/airflow/example_dags/example_python_decorator.py
[2024-03-26T21:29:04.382+0000] {processor.py:830} INFO - Processing file /home/airflow/.local/lib/python3.8/site-packages/airflow/example_dags/example_python_decorator.py for tasks to queue
[2024-03-26T21:29:04.401+0000] {logging_mixin.py:188} INFO - [2024-03-26T21:29:04.392+0000] {dagbag.py:540} INFO - Filling up the DagBag from /home/airflow/.local/lib/python3.8/site-packages/airflow/example_dags/example_python_decorator.py
[2024-03-26T21:29:04.781+0000] {processor.py:840} INFO - DAG(s) 'example_python_decorator' retrieved from /home/airflow/.local/lib/python3.8/site-packages/airflow/example_dags/example_python_decorator.py
[2024-03-26T21:29:05.421+0000] {logging_mixin.py:188} INFO - [2024-03-26T21:29:05.412+0000] {dag.py:3047} INFO - Sync 1 DAGs
[2024-03-26T21:29:05.612+0000] {logging_mixin.py:188} INFO - [2024-03-26T21:29:05.612+0000] {dag.py:3834} INFO - Setting next_dagrun for example_python_decorator to None, run_after=None
[2024-03-26T21:29:05.942+0000] {processor.py:183} INFO - Processing /home/airflow/.local/lib/python3.8/site-packages/airflow/example_dags/example_python_decorator.py took 1.601 seconds
[2024-03-26T21:29:45.571+0000] {processor.py:161} INFO - Started process (PID=4236) to work on /home/airflow/.local/lib/python3.8/site-packages/airflow/example_dags/example_python_decorator.py
[2024-03-26T21:29:45.581+0000] {processor.py:830} INFO - Processing file /home/airflow/.local/lib/python3.8/site-packages/airflow/example_dags/example_python_decorator.py for tasks to queue
[2024-03-26T21:29:45.592+0000] {logging_mixin.py:188} INFO - [2024-03-26T21:29:45.591+0000] {dagbag.py:540} INFO - Filling up the DagBag from /home/airflow/.local/lib/python3.8/site-packages/airflow/example_dags/example_python_decorator.py
[2024-03-26T21:29:45.851+0000] {processor.py:840} INFO - DAG(s) 'example_python_decorator' retrieved from /home/airflow/.local/lib/python3.8/site-packages/airflow/example_dags/example_python_decorator.py
[2024-03-26T21:29:46.181+0000] {logging_mixin.py:188} INFO - [2024-03-26T21:29:46.172+0000] {dag.py:3047} INFO - Sync 1 DAGs
[2024-03-26T21:29:46.341+0000] {logging_mixin.py:188} INFO - [2024-03-26T21:29:46.341+0000] {dag.py:3834} INFO - Setting next_dagrun for example_python_decorator to None, run_after=None
[2024-03-26T21:29:46.641+0000] {processor.py:183} INFO - Processing /home/airflow/.local/lib/python3.8/site-packages/airflow/example_dags/example_python_decorator.py took 1.129 seconds
[2024-03-26T21:30:22.081+0000] {processor.py:161} INFO - Started process (PID=4483) to work on /home/airflow/.local/lib/python3.8/site-packages/airflow/example_dags/example_python_decorator.py
[2024-03-26T21:30:22.091+0000] {processor.py:830} INFO - Processing file /home/airflow/.local/lib/python3.8/site-packages/airflow/example_dags/example_python_decorator.py for tasks to queue
[2024-03-26T21:30:22.111+0000] {logging_mixin.py:188} INFO - [2024-03-26T21:30:22.101+0000] {dagbag.py:540} INFO - Filling up the DagBag from /home/airflow/.local/lib/python3.8/site-packages/airflow/example_dags/example_python_decorator.py
[2024-03-26T21:30:22.301+0000] {processor.py:840} INFO - DAG(s) 'example_python_decorator' retrieved from /home/airflow/.local/lib/python3.8/site-packages/airflow/example_dags/example_python_decorator.py
[2024-03-26T21:30:22.550+0000] {logging_mixin.py:188} INFO - [2024-03-26T21:30:22.541+0000] {dag.py:3047} INFO - Sync 1 DAGs
[2024-03-26T21:30:22.751+0000] {logging_mixin.py:188} INFO - [2024-03-26T21:30:22.751+0000] {dag.py:3834} INFO - Setting next_dagrun for example_python_decorator to None, run_after=None
[2024-03-26T21:30:23.010+0000] {processor.py:183} INFO - Processing /home/airflow/.local/lib/python3.8/site-packages/airflow/example_dags/example_python_decorator.py took 0.989 seconds
[2024-03-26T21:31:02.900+0000] {processor.py:161} INFO - Started process (PID=4737) to work on /home/airflow/.local/lib/python3.8/site-packages/airflow/example_dags/example_python_decorator.py
[2024-03-26T21:31:02.920+0000] {processor.py:830} INFO - Processing file /home/airflow/.local/lib/python3.8/site-packages/airflow/example_dags/example_python_decorator.py for tasks to queue
[2024-03-26T21:31:02.939+0000] {logging_mixin.py:188} INFO - [2024-03-26T21:31:02.930+0000] {dagbag.py:540} INFO - Filling up the DagBag from /home/airflow/.local/lib/python3.8/site-packages/airflow/example_dags/example_python_decorator.py
[2024-03-26T21:31:03.170+0000] {processor.py:840} INFO - DAG(s) 'example_python_decorator' retrieved from /home/airflow/.local/lib/python3.8/site-packages/airflow/example_dags/example_python_decorator.py
[2024-03-26T21:31:03.540+0000] {logging_mixin.py:188} INFO - [2024-03-26T21:31:03.540+0000] {dag.py:3047} INFO - Sync 1 DAGs
[2024-03-26T21:31:03.671+0000] {logging_mixin.py:188} INFO - [2024-03-26T21:31:03.670+0000] {dag.py:3834} INFO - Setting next_dagrun for example_python_decorator to None, run_after=None
[2024-03-26T21:31:03.960+0000] {processor.py:183} INFO - Processing /home/airflow/.local/lib/python3.8/site-packages/airflow/example_dags/example_python_decorator.py took 1.130 seconds
[2024-03-26T21:31:45.819+0000] {processor.py:161} INFO - Started process (PID=4994) to work on /home/airflow/.local/lib/python3.8/site-packages/airflow/example_dags/example_python_decorator.py
[2024-03-26T21:31:45.838+0000] {processor.py:830} INFO - Processing file /home/airflow/.local/lib/python3.8/site-packages/airflow/example_dags/example_python_decorator.py for tasks to queue
[2024-03-26T21:31:45.849+0000] {logging_mixin.py:188} INFO - [2024-03-26T21:31:45.848+0000] {dagbag.py:540} INFO - Filling up the DagBag from /home/airflow/.local/lib/python3.8/site-packages/airflow/example_dags/example_python_decorator.py
[2024-03-26T21:31:46.049+0000] {processor.py:840} INFO - DAG(s) 'example_python_decorator' retrieved from /home/airflow/.local/lib/python3.8/site-packages/airflow/example_dags/example_python_decorator.py
[2024-03-26T21:31:46.418+0000] {logging_mixin.py:188} INFO - [2024-03-26T21:31:46.418+0000] {dag.py:3047} INFO - Sync 1 DAGs
[2024-03-26T21:31:46.618+0000] {logging_mixin.py:188} INFO - [2024-03-26T21:31:46.609+0000] {dag.py:3834} INFO - Setting next_dagrun for example_python_decorator to None, run_after=None
[2024-03-26T21:31:46.958+0000] {processor.py:183} INFO - Processing /home/airflow/.local/lib/python3.8/site-packages/airflow/example_dags/example_python_decorator.py took 1.190 seconds
[2024-03-26T21:32:45.166+0000] {processor.py:161} INFO - Started process (PID=5268) to work on /home/airflow/.local/lib/python3.8/site-packages/airflow/example_dags/example_python_decorator.py
[2024-03-26T21:32:45.177+0000] {processor.py:830} INFO - Processing file /home/airflow/.local/lib/python3.8/site-packages/airflow/example_dags/example_python_decorator.py for tasks to queue
[2024-03-26T21:32:45.207+0000] {logging_mixin.py:188} INFO - [2024-03-26T21:32:45.197+0000] {dagbag.py:540} INFO - Filling up the DagBag from /home/airflow/.local/lib/python3.8/site-packages/airflow/example_dags/example_python_decorator.py
[2024-03-26T21:32:45.477+0000] {processor.py:840} INFO - DAG(s) 'example_python_decorator' retrieved from /home/airflow/.local/lib/python3.8/site-packages/airflow/example_dags/example_python_decorator.py
[2024-03-26T21:32:45.917+0000] {logging_mixin.py:188} INFO - [2024-03-26T21:32:45.907+0000] {dag.py:3047} INFO - Sync 1 DAGs
[2024-03-26T21:32:46.197+0000] {logging_mixin.py:188} INFO - [2024-03-26T21:32:46.197+0000] {dag.py:3834} INFO - Setting next_dagrun for example_python_decorator to None, run_after=None
[2024-03-26T21:32:46.607+0000] {processor.py:183} INFO - Processing /home/airflow/.local/lib/python3.8/site-packages/airflow/example_dags/example_python_decorator.py took 1.500 seconds
[2024-03-26T21:33:39.333+0000] {processor.py:161} INFO - Started process (PID=5485) to work on /home/airflow/.local/lib/python3.8/site-packages/airflow/example_dags/example_python_decorator.py
[2024-03-26T21:33:39.363+0000] {processor.py:830} INFO - Processing file /home/airflow/.local/lib/python3.8/site-packages/airflow/example_dags/example_python_decorator.py for tasks to queue
[2024-03-26T21:33:39.383+0000] {logging_mixin.py:188} INFO - [2024-03-26T21:33:39.373+0000] {dagbag.py:540} INFO - Filling up the DagBag from /home/airflow/.local/lib/python3.8/site-packages/airflow/example_dags/example_python_decorator.py
[2024-03-26T21:33:39.713+0000] {processor.py:840} INFO - DAG(s) 'example_python_decorator' retrieved from /home/airflow/.local/lib/python3.8/site-packages/airflow/example_dags/example_python_decorator.py
[2024-03-26T21:33:40.413+0000] {logging_mixin.py:188} INFO - [2024-03-26T21:33:40.403+0000] {dag.py:3047} INFO - Sync 1 DAGs
[2024-03-26T21:33:40.883+0000] {logging_mixin.py:188} INFO - [2024-03-26T21:33:40.873+0000] {dag.py:3834} INFO - Setting next_dagrun for example_python_decorator to None, run_after=None
[2024-03-26T21:33:41.423+0000] {processor.py:183} INFO - Processing /home/airflow/.local/lib/python3.8/site-packages/airflow/example_dags/example_python_decorator.py took 2.160 seconds
[2024-03-26T21:35:45.572+0000] {processor.py:161} INFO - Started process (PID=5812) to work on /home/airflow/.local/lib/python3.8/site-packages/airflow/example_dags/example_python_decorator.py
[2024-03-26T21:35:45.602+0000] {processor.py:830} INFO - Processing file /home/airflow/.local/lib/python3.8/site-packages/airflow/example_dags/example_python_decorator.py for tasks to queue
[2024-03-26T21:35:45.642+0000] {logging_mixin.py:188} INFO - [2024-03-26T21:35:45.632+0000] {dagbag.py:540} INFO - Filling up the DagBag from /home/airflow/.local/lib/python3.8/site-packages/airflow/example_dags/example_python_decorator.py
[2024-03-26T21:35:46.242+0000] {processor.py:840} INFO - DAG(s) 'example_python_decorator' retrieved from /home/airflow/.local/lib/python3.8/site-packages/airflow/example_dags/example_python_decorator.py
[2024-03-26T21:35:47.182+0000] {logging_mixin.py:188} INFO - [2024-03-26T21:35:47.172+0000] {dag.py:3047} INFO - Sync 1 DAGs
[2024-03-26T21:35:47.773+0000] {logging_mixin.py:188} INFO - [2024-03-26T21:35:47.772+0000] {dag.py:3834} INFO - Setting next_dagrun for example_python_decorator to None, run_after=None
[2024-03-26T21:35:48.972+0000] {processor.py:183} INFO - Processing /home/airflow/.local/lib/python3.8/site-packages/airflow/example_dags/example_python_decorator.py took 3.540 seconds
[2024-03-26T21:39:00.554+0000] {processor.py:161} INFO - Started process (PID=6044) to work on /home/airflow/.local/lib/python3.8/site-packages/airflow/example_dags/example_python_decorator.py
[2024-03-26T21:39:00.694+0000] {processor.py:830} INFO - Processing file /home/airflow/.local/lib/python3.8/site-packages/airflow/example_dags/example_python_decorator.py for tasks to queue
[2024-03-26T21:39:01.364+0000] {logging_mixin.py:188} INFO - [2024-03-26T21:39:01.204+0000] {dagbag.py:540} INFO - Filling up the DagBag from /home/airflow/.local/lib/python3.8/site-packages/airflow/example_dags/example_python_decorator.py
[2024-03-26T21:39:06.674+0000] {processor.py:840} INFO - DAG(s) 'example_python_decorator' retrieved from /home/airflow/.local/lib/python3.8/site-packages/airflow/example_dags/example_python_decorator.py
[2024-03-26T21:39:17.608+0000] {logging_mixin.py:188} INFO - [2024-03-26T21:39:17.298+0000] {dag.py:3047} INFO - Sync 1 DAGs
