[2024-03-26T21:03:42.500+0000] {processor.py:161} INFO - Started process (PID=320) to work on /home/airflow/.local/lib/python3.8/site-packages/airflow/example_dags/example_trigger_target_dag.py
[2024-03-26T21:03:42.517+0000] {processor.py:830} INFO - Processing file /home/airflow/.local/lib/python3.8/site-packages/airflow/example_dags/example_trigger_target_dag.py for tasks to queue
[2024-03-26T21:03:42.528+0000] {logging_mixin.py:188} INFO - [2024-03-26T21:03:42.527+0000] {dagbag.py:540} INFO - Filling up the DagBag from /home/airflow/.local/lib/python3.8/site-packages/airflow/example_dags/example_trigger_target_dag.py
[2024-03-26T21:03:42.559+0000] {processor.py:840} INFO - DAG(s) 'example_trigger_target_dag' retrieved from /home/airflow/.local/lib/python3.8/site-packages/airflow/example_dags/example_trigger_target_dag.py
[2024-03-26T21:03:43.301+0000] {logging_mixin.py:188} INFO - [2024-03-26T21:03:43.301+0000] {dag.py:3047} INFO - Sync 1 DAGs
[2024-03-26T21:03:43.380+0000] {logging_mixin.py:188} INFO - [2024-03-26T21:03:43.380+0000] {dag.py:3834} INFO - Setting next_dagrun for example_trigger_target_dag to None, run_after=None
[2024-03-26T21:03:43.569+0000] {processor.py:183} INFO - Processing /home/airflow/.local/lib/python3.8/site-packages/airflow/example_dags/example_trigger_target_dag.py took 1.081 seconds
[2024-03-26T21:04:14.426+0000] {processor.py:161} INFO - Started process (PID=569) to work on /home/airflow/.local/lib/python3.8/site-packages/airflow/example_dags/example_trigger_target_dag.py
[2024-03-26T21:04:14.428+0000] {processor.py:830} INFO - Processing file /home/airflow/.local/lib/python3.8/site-packages/airflow/example_dags/example_trigger_target_dag.py for tasks to queue
[2024-03-26T21:04:14.435+0000] {logging_mixin.py:188} INFO - [2024-03-26T21:04:14.434+0000] {dagbag.py:540} INFO - Filling up the DagBag from /home/airflow/.local/lib/python3.8/site-packages/airflow/example_dags/example_trigger_target_dag.py
[2024-03-26T21:04:14.448+0000] {processor.py:840} INFO - DAG(s) 'example_trigger_target_dag' retrieved from /home/airflow/.local/lib/python3.8/site-packages/airflow/example_dags/example_trigger_target_dag.py
[2024-03-26T21:04:14.518+0000] {logging_mixin.py:188} INFO - [2024-03-26T21:04:14.517+0000] {dag.py:3047} INFO - Sync 1 DAGs
[2024-03-26T21:04:14.565+0000] {logging_mixin.py:188} INFO - [2024-03-26T21:04:14.564+0000] {dag.py:3834} INFO - Setting next_dagrun for example_trigger_target_dag to None, run_after=None
[2024-03-26T21:04:14.629+0000] {processor.py:183} INFO - Processing /home/airflow/.local/lib/python3.8/site-packages/airflow/example_dags/example_trigger_target_dag.py took 0.212 seconds
[2024-03-26T21:04:44.813+0000] {processor.py:161} INFO - Started process (PID=816) to work on /home/airflow/.local/lib/python3.8/site-packages/airflow/example_dags/example_trigger_target_dag.py
[2024-03-26T21:04:44.821+0000] {processor.py:830} INFO - Processing file /home/airflow/.local/lib/python3.8/site-packages/airflow/example_dags/example_trigger_target_dag.py for tasks to queue
[2024-03-26T21:04:44.822+0000] {logging_mixin.py:188} INFO - [2024-03-26T21:04:44.822+0000] {dagbag.py:540} INFO - Filling up the DagBag from /home/airflow/.local/lib/python3.8/site-packages/airflow/example_dags/example_trigger_target_dag.py
[2024-03-26T21:04:44.843+0000] {processor.py:840} INFO - DAG(s) 'example_trigger_target_dag' retrieved from /home/airflow/.local/lib/python3.8/site-packages/airflow/example_dags/example_trigger_target_dag.py
[2024-03-26T21:04:44.902+0000] {logging_mixin.py:188} INFO - [2024-03-26T21:04:44.902+0000] {dag.py:3047} INFO - Sync 1 DAGs
[2024-03-26T21:04:44.934+0000] {logging_mixin.py:188} INFO - [2024-03-26T21:04:44.933+0000] {dag.py:3834} INFO - Setting next_dagrun for example_trigger_target_dag to None, run_after=None
[2024-03-26T21:04:45.023+0000] {processor.py:183} INFO - Processing /home/airflow/.local/lib/python3.8/site-packages/airflow/example_dags/example_trigger_target_dag.py took 0.223 seconds
[2024-03-26T21:05:15.739+0000] {processor.py:161} INFO - Started process (PID=1063) to work on /home/airflow/.local/lib/python3.8/site-packages/airflow/example_dags/example_trigger_target_dag.py
[2024-03-26T21:05:15.741+0000] {processor.py:830} INFO - Processing file /home/airflow/.local/lib/python3.8/site-packages/airflow/example_dags/example_trigger_target_dag.py for tasks to queue
[2024-03-26T21:05:15.742+0000] {logging_mixin.py:188} INFO - [2024-03-26T21:05:15.742+0000] {dagbag.py:540} INFO - Filling up the DagBag from /home/airflow/.local/lib/python3.8/site-packages/airflow/example_dags/example_trigger_target_dag.py
[2024-03-26T21:05:15.761+0000] {processor.py:840} INFO - DAG(s) 'example_trigger_target_dag' retrieved from /home/airflow/.local/lib/python3.8/site-packages/airflow/example_dags/example_trigger_target_dag.py
[2024-03-26T21:05:15.821+0000] {logging_mixin.py:188} INFO - [2024-03-26T21:05:15.821+0000] {dag.py:3047} INFO - Sync 1 DAGs
[2024-03-26T21:05:15.862+0000] {logging_mixin.py:188} INFO - [2024-03-26T21:05:15.862+0000] {dag.py:3834} INFO - Setting next_dagrun for example_trigger_target_dag to None, run_after=None
[2024-03-26T21:05:15.929+0000] {processor.py:183} INFO - Processing /home/airflow/.local/lib/python3.8/site-packages/airflow/example_dags/example_trigger_target_dag.py took 0.200 seconds
[2024-03-26T21:05:46.579+0000] {processor.py:161} INFO - Started process (PID=1311) to work on /home/airflow/.local/lib/python3.8/site-packages/airflow/example_dags/example_trigger_target_dag.py
[2024-03-26T21:05:46.586+0000] {processor.py:830} INFO - Processing file /home/airflow/.local/lib/python3.8/site-packages/airflow/example_dags/example_trigger_target_dag.py for tasks to queue
[2024-03-26T21:05:46.588+0000] {logging_mixin.py:188} INFO - [2024-03-26T21:05:46.587+0000] {dagbag.py:540} INFO - Filling up the DagBag from /home/airflow/.local/lib/python3.8/site-packages/airflow/example_dags/example_trigger_target_dag.py
[2024-03-26T21:05:46.600+0000] {processor.py:840} INFO - DAG(s) 'example_trigger_target_dag' retrieved from /home/airflow/.local/lib/python3.8/site-packages/airflow/example_dags/example_trigger_target_dag.py
[2024-03-26T21:05:46.660+0000] {logging_mixin.py:188} INFO - [2024-03-26T21:05:46.659+0000] {dag.py:3047} INFO - Sync 1 DAGs
[2024-03-26T21:05:46.696+0000] {logging_mixin.py:188} INFO - [2024-03-26T21:05:46.696+0000] {dag.py:3834} INFO - Setting next_dagrun for example_trigger_target_dag to None, run_after=None
[2024-03-26T21:05:46.749+0000] {processor.py:183} INFO - Processing /home/airflow/.local/lib/python3.8/site-packages/airflow/example_dags/example_trigger_target_dag.py took 0.179 seconds
[2024-03-26T21:06:17.544+0000] {processor.py:161} INFO - Started process (PID=1558) to work on /home/airflow/.local/lib/python3.8/site-packages/airflow/example_dags/example_trigger_target_dag.py
[2024-03-26T21:06:17.556+0000] {processor.py:830} INFO - Processing file /home/airflow/.local/lib/python3.8/site-packages/airflow/example_dags/example_trigger_target_dag.py for tasks to queue
[2024-03-26T21:06:17.557+0000] {logging_mixin.py:188} INFO - [2024-03-26T21:06:17.557+0000] {dagbag.py:540} INFO - Filling up the DagBag from /home/airflow/.local/lib/python3.8/site-packages/airflow/example_dags/example_trigger_target_dag.py
[2024-03-26T21:06:17.594+0000] {processor.py:840} INFO - DAG(s) 'example_trigger_target_dag' retrieved from /home/airflow/.local/lib/python3.8/site-packages/airflow/example_dags/example_trigger_target_dag.py
[2024-03-26T21:06:17.665+0000] {logging_mixin.py:188} INFO - [2024-03-26T21:06:17.665+0000] {dag.py:3047} INFO - Sync 1 DAGs
[2024-03-26T21:06:17.714+0000] {logging_mixin.py:188} INFO - [2024-03-26T21:06:17.714+0000] {dag.py:3834} INFO - Setting next_dagrun for example_trigger_target_dag to None, run_after=None
[2024-03-26T21:06:17.785+0000] {processor.py:183} INFO - Processing /home/airflow/.local/lib/python3.8/site-packages/airflow/example_dags/example_trigger_target_dag.py took 0.251 seconds
[2024-03-26T21:06:48.114+0000] {processor.py:161} INFO - Started process (PID=1805) to work on /home/airflow/.local/lib/python3.8/site-packages/airflow/example_dags/example_trigger_target_dag.py
[2024-03-26T21:06:48.115+0000] {processor.py:830} INFO - Processing file /home/airflow/.local/lib/python3.8/site-packages/airflow/example_dags/example_trigger_target_dag.py for tasks to queue
[2024-03-26T21:06:48.117+0000] {logging_mixin.py:188} INFO - [2024-03-26T21:06:48.116+0000] {dagbag.py:540} INFO - Filling up the DagBag from /home/airflow/.local/lib/python3.8/site-packages/airflow/example_dags/example_trigger_target_dag.py
[2024-03-26T21:06:48.136+0000] {processor.py:840} INFO - DAG(s) 'example_trigger_target_dag' retrieved from /home/airflow/.local/lib/python3.8/site-packages/airflow/example_dags/example_trigger_target_dag.py
[2024-03-26T21:06:48.197+0000] {logging_mixin.py:188} INFO - [2024-03-26T21:06:48.196+0000] {dag.py:3047} INFO - Sync 1 DAGs
[2024-03-26T21:06:48.243+0000] {logging_mixin.py:188} INFO - [2024-03-26T21:06:48.243+0000] {dag.py:3834} INFO - Setting next_dagrun for example_trigger_target_dag to None, run_after=None
[2024-03-26T21:06:48.307+0000] {processor.py:183} INFO - Processing /home/airflow/.local/lib/python3.8/site-packages/airflow/example_dags/example_trigger_target_dag.py took 0.203 seconds
[2024-03-26T21:07:18.752+0000] {processor.py:161} INFO - Started process (PID=2050) to work on /home/airflow/.local/lib/python3.8/site-packages/airflow/example_dags/example_trigger_target_dag.py
[2024-03-26T21:07:18.754+0000] {processor.py:830} INFO - Processing file /home/airflow/.local/lib/python3.8/site-packages/airflow/example_dags/example_trigger_target_dag.py for tasks to queue
[2024-03-26T21:07:18.755+0000] {logging_mixin.py:188} INFO - [2024-03-26T21:07:18.755+0000] {dagbag.py:540} INFO - Filling up the DagBag from /home/airflow/.local/lib/python3.8/site-packages/airflow/example_dags/example_trigger_target_dag.py
[2024-03-26T21:07:18.775+0000] {processor.py:840} INFO - DAG(s) 'example_trigger_target_dag' retrieved from /home/airflow/.local/lib/python3.8/site-packages/airflow/example_dags/example_trigger_target_dag.py
[2024-03-26T21:07:18.835+0000] {logging_mixin.py:188} INFO - [2024-03-26T21:07:18.835+0000] {dag.py:3047} INFO - Sync 1 DAGs
[2024-03-26T21:07:18.875+0000] {logging_mixin.py:188} INFO - [2024-03-26T21:07:18.874+0000] {dag.py:3834} INFO - Setting next_dagrun for example_trigger_target_dag to None, run_after=None
[2024-03-26T21:07:18.935+0000] {processor.py:183} INFO - Processing /home/airflow/.local/lib/python3.8/site-packages/airflow/example_dags/example_trigger_target_dag.py took 0.193 seconds
[2024-03-26T21:07:49.735+0000] {processor.py:161} INFO - Started process (PID=2296) to work on /home/airflow/.local/lib/python3.8/site-packages/airflow/example_dags/example_trigger_target_dag.py
[2024-03-26T21:07:49.743+0000] {processor.py:830} INFO - Processing file /home/airflow/.local/lib/python3.8/site-packages/airflow/example_dags/example_trigger_target_dag.py for tasks to queue
[2024-03-26T21:07:49.752+0000] {logging_mixin.py:188} INFO - [2024-03-26T21:07:49.746+0000] {dagbag.py:540} INFO - Filling up the DagBag from /home/airflow/.local/lib/python3.8/site-packages/airflow/example_dags/example_trigger_target_dag.py
[2024-03-26T21:07:49.766+0000] {processor.py:840} INFO - DAG(s) 'example_trigger_target_dag' retrieved from /home/airflow/.local/lib/python3.8/site-packages/airflow/example_dags/example_trigger_target_dag.py
[2024-03-26T21:07:49.834+0000] {logging_mixin.py:188} INFO - [2024-03-26T21:07:49.833+0000] {dag.py:3047} INFO - Sync 1 DAGs
[2024-03-26T21:07:49.866+0000] {logging_mixin.py:188} INFO - [2024-03-26T21:07:49.866+0000] {dag.py:3834} INFO - Setting next_dagrun for example_trigger_target_dag to None, run_after=None
[2024-03-26T21:07:49.936+0000] {processor.py:183} INFO - Processing /home/airflow/.local/lib/python3.8/site-packages/airflow/example_dags/example_trigger_target_dag.py took 0.214 seconds
[2024-03-26T21:08:20.839+0000] {processor.py:161} INFO - Started process (PID=2543) to work on /home/airflow/.local/lib/python3.8/site-packages/airflow/example_dags/example_trigger_target_dag.py
[2024-03-26T21:08:20.840+0000] {processor.py:830} INFO - Processing file /home/airflow/.local/lib/python3.8/site-packages/airflow/example_dags/example_trigger_target_dag.py for tasks to queue
[2024-03-26T21:08:20.842+0000] {logging_mixin.py:188} INFO - [2024-03-26T21:08:20.841+0000] {dagbag.py:540} INFO - Filling up the DagBag from /home/airflow/.local/lib/python3.8/site-packages/airflow/example_dags/example_trigger_target_dag.py
[2024-03-26T21:08:20.868+0000] {processor.py:840} INFO - DAG(s) 'example_trigger_target_dag' retrieved from /home/airflow/.local/lib/python3.8/site-packages/airflow/example_dags/example_trigger_target_dag.py
[2024-03-26T21:08:20.930+0000] {logging_mixin.py:188} INFO - [2024-03-26T21:08:20.929+0000] {dag.py:3047} INFO - Sync 1 DAGs
[2024-03-26T21:08:20.971+0000] {logging_mixin.py:188} INFO - [2024-03-26T21:08:20.971+0000] {dag.py:3834} INFO - Setting next_dagrun for example_trigger_target_dag to None, run_after=None
[2024-03-26T21:08:21.059+0000] {processor.py:183} INFO - Processing /home/airflow/.local/lib/python3.8/site-packages/airflow/example_dags/example_trigger_target_dag.py took 0.231 seconds
[2024-03-26T21:08:51.649+0000] {processor.py:161} INFO - Started process (PID=2790) to work on /home/airflow/.local/lib/python3.8/site-packages/airflow/example_dags/example_trigger_target_dag.py
[2024-03-26T21:08:51.657+0000] {processor.py:830} INFO - Processing file /home/airflow/.local/lib/python3.8/site-packages/airflow/example_dags/example_trigger_target_dag.py for tasks to queue
[2024-03-26T21:08:51.659+0000] {logging_mixin.py:188} INFO - [2024-03-26T21:08:51.658+0000] {dagbag.py:540} INFO - Filling up the DagBag from /home/airflow/.local/lib/python3.8/site-packages/airflow/example_dags/example_trigger_target_dag.py
[2024-03-26T21:08:51.698+0000] {processor.py:840} INFO - DAG(s) 'example_trigger_target_dag' retrieved from /home/airflow/.local/lib/python3.8/site-packages/airflow/example_dags/example_trigger_target_dag.py
[2024-03-26T21:08:51.800+0000] {logging_mixin.py:188} INFO - [2024-03-26T21:08:51.800+0000] {dag.py:3047} INFO - Sync 1 DAGs
[2024-03-26T21:08:51.850+0000] {logging_mixin.py:188} INFO - [2024-03-26T21:08:51.850+0000] {dag.py:3834} INFO - Setting next_dagrun for example_trigger_target_dag to None, run_after=None
[2024-03-26T21:08:51.948+0000] {processor.py:183} INFO - Processing /home/airflow/.local/lib/python3.8/site-packages/airflow/example_dags/example_trigger_target_dag.py took 0.328 seconds
[2024-03-26T21:09:22.838+0000] {processor.py:161} INFO - Started process (PID=3037) to work on /home/airflow/.local/lib/python3.8/site-packages/airflow/example_dags/example_trigger_target_dag.py
[2024-03-26T21:09:22.840+0000] {processor.py:830} INFO - Processing file /home/airflow/.local/lib/python3.8/site-packages/airflow/example_dags/example_trigger_target_dag.py for tasks to queue
[2024-03-26T21:09:22.848+0000] {logging_mixin.py:188} INFO - [2024-03-26T21:09:22.847+0000] {dagbag.py:540} INFO - Filling up the DagBag from /home/airflow/.local/lib/python3.8/site-packages/airflow/example_dags/example_trigger_target_dag.py
[2024-03-26T21:09:22.869+0000] {processor.py:840} INFO - DAG(s) 'example_trigger_target_dag' retrieved from /home/airflow/.local/lib/python3.8/site-packages/airflow/example_dags/example_trigger_target_dag.py
[2024-03-26T21:09:22.947+0000] {logging_mixin.py:188} INFO - [2024-03-26T21:09:22.947+0000] {dag.py:3047} INFO - Sync 1 DAGs
[2024-03-26T21:09:22.988+0000] {logging_mixin.py:188} INFO - [2024-03-26T21:09:22.987+0000] {dag.py:3834} INFO - Setting next_dagrun for example_trigger_target_dag to None, run_after=None
[2024-03-26T21:09:23.079+0000] {processor.py:183} INFO - Processing /home/airflow/.local/lib/python3.8/site-packages/airflow/example_dags/example_trigger_target_dag.py took 0.259 seconds
[2024-03-26T21:09:53.258+0000] {processor.py:161} INFO - Started process (PID=3280) to work on /home/airflow/.local/lib/python3.8/site-packages/airflow/example_dags/example_trigger_target_dag.py
[2024-03-26T21:09:53.265+0000] {processor.py:830} INFO - Processing file /home/airflow/.local/lib/python3.8/site-packages/airflow/example_dags/example_trigger_target_dag.py for tasks to queue
[2024-03-26T21:09:53.267+0000] {logging_mixin.py:188} INFO - [2024-03-26T21:09:53.267+0000] {dagbag.py:540} INFO - Filling up the DagBag from /home/airflow/.local/lib/python3.8/site-packages/airflow/example_dags/example_trigger_target_dag.py
[2024-03-26T21:09:53.294+0000] {processor.py:840} INFO - DAG(s) 'example_trigger_target_dag' retrieved from /home/airflow/.local/lib/python3.8/site-packages/airflow/example_dags/example_trigger_target_dag.py
[2024-03-26T21:09:53.348+0000] {logging_mixin.py:188} INFO - [2024-03-26T21:09:53.348+0000] {dag.py:3047} INFO - Sync 1 DAGs
[2024-03-26T21:09:53.386+0000] {logging_mixin.py:188} INFO - [2024-03-26T21:09:53.386+0000] {dag.py:3834} INFO - Setting next_dagrun for example_trigger_target_dag to None, run_after=None
[2024-03-26T21:09:53.444+0000] {processor.py:183} INFO - Processing /home/airflow/.local/lib/python3.8/site-packages/airflow/example_dags/example_trigger_target_dag.py took 0.192 seconds
[2024-03-26T21:10:23.585+0000] {processor.py:161} INFO - Started process (PID=3525) to work on /home/airflow/.local/lib/python3.8/site-packages/airflow/example_dags/example_trigger_target_dag.py
[2024-03-26T21:10:23.592+0000] {processor.py:830} INFO - Processing file /home/airflow/.local/lib/python3.8/site-packages/airflow/example_dags/example_trigger_target_dag.py for tasks to queue
[2024-03-26T21:10:23.602+0000] {logging_mixin.py:188} INFO - [2024-03-26T21:10:23.596+0000] {dagbag.py:540} INFO - Filling up the DagBag from /home/airflow/.local/lib/python3.8/site-packages/airflow/example_dags/example_trigger_target_dag.py
[2024-03-26T21:10:23.616+0000] {processor.py:840} INFO - DAG(s) 'example_trigger_target_dag' retrieved from /home/airflow/.local/lib/python3.8/site-packages/airflow/example_dags/example_trigger_target_dag.py
[2024-03-26T21:10:23.684+0000] {logging_mixin.py:188} INFO - [2024-03-26T21:10:23.684+0000] {dag.py:3047} INFO - Sync 1 DAGs
[2024-03-26T21:10:23.746+0000] {logging_mixin.py:188} INFO - [2024-03-26T21:10:23.745+0000] {dag.py:3834} INFO - Setting next_dagrun for example_trigger_target_dag to None, run_after=None
[2024-03-26T21:10:23.822+0000] {processor.py:183} INFO - Processing /home/airflow/.local/lib/python3.8/site-packages/airflow/example_dags/example_trigger_target_dag.py took 0.242 seconds
[2024-03-26T21:10:54.623+0000] {processor.py:161} INFO - Started process (PID=3772) to work on /home/airflow/.local/lib/python3.8/site-packages/airflow/example_dags/example_trigger_target_dag.py
[2024-03-26T21:10:54.630+0000] {processor.py:830} INFO - Processing file /home/airflow/.local/lib/python3.8/site-packages/airflow/example_dags/example_trigger_target_dag.py for tasks to queue
[2024-03-26T21:10:54.632+0000] {logging_mixin.py:188} INFO - [2024-03-26T21:10:54.631+0000] {dagbag.py:540} INFO - Filling up the DagBag from /home/airflow/.local/lib/python3.8/site-packages/airflow/example_dags/example_trigger_target_dag.py
[2024-03-26T21:10:54.660+0000] {processor.py:840} INFO - DAG(s) 'example_trigger_target_dag' retrieved from /home/airflow/.local/lib/python3.8/site-packages/airflow/example_dags/example_trigger_target_dag.py
[2024-03-26T21:10:54.760+0000] {logging_mixin.py:188} INFO - [2024-03-26T21:10:54.759+0000] {dag.py:3047} INFO - Sync 1 DAGs
[2024-03-26T21:10:54.831+0000] {logging_mixin.py:188} INFO - [2024-03-26T21:10:54.831+0000] {dag.py:3834} INFO - Setting next_dagrun for example_trigger_target_dag to None, run_after=None
[2024-03-26T21:10:54.912+0000] {processor.py:183} INFO - Processing /home/airflow/.local/lib/python3.8/site-packages/airflow/example_dags/example_trigger_target_dag.py took 0.300 seconds
[2024-03-26T21:11:25.693+0000] {processor.py:161} INFO - Started process (PID=4019) to work on /home/airflow/.local/lib/python3.8/site-packages/airflow/example_dags/example_trigger_target_dag.py
[2024-03-26T21:11:25.701+0000] {processor.py:830} INFO - Processing file /home/airflow/.local/lib/python3.8/site-packages/airflow/example_dags/example_trigger_target_dag.py for tasks to queue
[2024-03-26T21:11:25.703+0000] {logging_mixin.py:188} INFO - [2024-03-26T21:11:25.702+0000] {dagbag.py:540} INFO - Filling up the DagBag from /home/airflow/.local/lib/python3.8/site-packages/airflow/example_dags/example_trigger_target_dag.py
[2024-03-26T21:11:25.723+0000] {processor.py:840} INFO - DAG(s) 'example_trigger_target_dag' retrieved from /home/airflow/.local/lib/python3.8/site-packages/airflow/example_dags/example_trigger_target_dag.py
[2024-03-26T21:11:25.803+0000] {logging_mixin.py:188} INFO - [2024-03-26T21:11:25.803+0000] {dag.py:3047} INFO - Sync 1 DAGs
[2024-03-26T21:11:25.853+0000] {logging_mixin.py:188} INFO - [2024-03-26T21:11:25.852+0000] {dag.py:3834} INFO - Setting next_dagrun for example_trigger_target_dag to None, run_after=None
[2024-03-26T21:11:25.942+0000] {processor.py:183} INFO - Processing /home/airflow/.local/lib/python3.8/site-packages/airflow/example_dags/example_trigger_target_dag.py took 0.258 seconds
[2024-03-26T21:11:57.085+0000] {processor.py:161} INFO - Started process (PID=4266) to work on /home/airflow/.local/lib/python3.8/site-packages/airflow/example_dags/example_trigger_target_dag.py
[2024-03-26T21:11:57.087+0000] {processor.py:830} INFO - Processing file /home/airflow/.local/lib/python3.8/site-packages/airflow/example_dags/example_trigger_target_dag.py for tasks to queue
[2024-03-26T21:11:57.088+0000] {logging_mixin.py:188} INFO - [2024-03-26T21:11:57.088+0000] {dagbag.py:540} INFO - Filling up the DagBag from /home/airflow/.local/lib/python3.8/site-packages/airflow/example_dags/example_trigger_target_dag.py
[2024-03-26T21:11:57.115+0000] {processor.py:840} INFO - DAG(s) 'example_trigger_target_dag' retrieved from /home/airflow/.local/lib/python3.8/site-packages/airflow/example_dags/example_trigger_target_dag.py
[2024-03-26T21:11:57.197+0000] {logging_mixin.py:188} INFO - [2024-03-26T21:11:57.197+0000] {dag.py:3047} INFO - Sync 1 DAGs
[2024-03-26T21:11:57.256+0000] {logging_mixin.py:188} INFO - [2024-03-26T21:11:57.256+0000] {dag.py:3834} INFO - Setting next_dagrun for example_trigger_target_dag to None, run_after=None
[2024-03-26T21:11:57.337+0000] {processor.py:183} INFO - Processing /home/airflow/.local/lib/python3.8/site-packages/airflow/example_dags/example_trigger_target_dag.py took 0.269 seconds
[2024-03-26T21:12:28.038+0000] {processor.py:161} INFO - Started process (PID=4513) to work on /home/airflow/.local/lib/python3.8/site-packages/airflow/example_dags/example_trigger_target_dag.py
[2024-03-26T21:12:28.039+0000] {processor.py:830} INFO - Processing file /home/airflow/.local/lib/python3.8/site-packages/airflow/example_dags/example_trigger_target_dag.py for tasks to queue
[2024-03-26T21:12:28.047+0000] {logging_mixin.py:188} INFO - [2024-03-26T21:12:28.046+0000] {dagbag.py:540} INFO - Filling up the DagBag from /home/airflow/.local/lib/python3.8/site-packages/airflow/example_dags/example_trigger_target_dag.py
[2024-03-26T21:12:28.067+0000] {processor.py:840} INFO - DAG(s) 'example_trigger_target_dag' retrieved from /home/airflow/.local/lib/python3.8/site-packages/airflow/example_dags/example_trigger_target_dag.py
[2024-03-26T21:12:28.136+0000] {logging_mixin.py:188} INFO - [2024-03-26T21:12:28.130+0000] {dag.py:3047} INFO - Sync 1 DAGs
[2024-03-26T21:12:28.177+0000] {logging_mixin.py:188} INFO - [2024-03-26T21:12:28.177+0000] {dag.py:3834} INFO - Setting next_dagrun for example_trigger_target_dag to None, run_after=None
[2024-03-26T21:12:28.257+0000] {processor.py:183} INFO - Processing /home/airflow/.local/lib/python3.8/site-packages/airflow/example_dags/example_trigger_target_dag.py took 0.230 seconds
[2024-03-26T21:12:58.464+0000] {processor.py:161} INFO - Started process (PID=4757) to work on /home/airflow/.local/lib/python3.8/site-packages/airflow/example_dags/example_trigger_target_dag.py
[2024-03-26T21:12:58.472+0000] {processor.py:830} INFO - Processing file /home/airflow/.local/lib/python3.8/site-packages/airflow/example_dags/example_trigger_target_dag.py for tasks to queue
[2024-03-26T21:12:58.483+0000] {logging_mixin.py:188} INFO - [2024-03-26T21:12:58.482+0000] {dagbag.py:540} INFO - Filling up the DagBag from /home/airflow/.local/lib/python3.8/site-packages/airflow/example_dags/example_trigger_target_dag.py
[2024-03-26T21:12:58.503+0000] {processor.py:840} INFO - DAG(s) 'example_trigger_target_dag' retrieved from /home/airflow/.local/lib/python3.8/site-packages/airflow/example_dags/example_trigger_target_dag.py
[2024-03-26T21:12:58.574+0000] {logging_mixin.py:188} INFO - [2024-03-26T21:12:58.574+0000] {dag.py:3047} INFO - Sync 1 DAGs
[2024-03-26T21:12:58.625+0000] {logging_mixin.py:188} INFO - [2024-03-26T21:12:58.624+0000] {dag.py:3834} INFO - Setting next_dagrun for example_trigger_target_dag to None, run_after=None
[2024-03-26T21:12:58.733+0000] {processor.py:183} INFO - Processing /home/airflow/.local/lib/python3.8/site-packages/airflow/example_dags/example_trigger_target_dag.py took 0.279 seconds
[2024-03-26T21:13:29.164+0000] {processor.py:161} INFO - Started process (PID=5002) to work on /home/airflow/.local/lib/python3.8/site-packages/airflow/example_dags/example_trigger_target_dag.py
[2024-03-26T21:13:29.166+0000] {processor.py:830} INFO - Processing file /home/airflow/.local/lib/python3.8/site-packages/airflow/example_dags/example_trigger_target_dag.py for tasks to queue
[2024-03-26T21:13:29.173+0000] {logging_mixin.py:188} INFO - [2024-03-26T21:13:29.173+0000] {dagbag.py:540} INFO - Filling up the DagBag from /home/airflow/.local/lib/python3.8/site-packages/airflow/example_dags/example_trigger_target_dag.py
[2024-03-26T21:13:29.193+0000] {processor.py:840} INFO - DAG(s) 'example_trigger_target_dag' retrieved from /home/airflow/.local/lib/python3.8/site-packages/airflow/example_dags/example_trigger_target_dag.py
[2024-03-26T21:13:29.264+0000] {logging_mixin.py:188} INFO - [2024-03-26T21:13:29.264+0000] {dag.py:3047} INFO - Sync 1 DAGs
[2024-03-26T21:13:29.315+0000] {logging_mixin.py:188} INFO - [2024-03-26T21:13:29.315+0000] {dag.py:3834} INFO - Setting next_dagrun for example_trigger_target_dag to None, run_after=None
[2024-03-26T21:13:29.384+0000] {processor.py:183} INFO - Processing /home/airflow/.local/lib/python3.8/site-packages/airflow/example_dags/example_trigger_target_dag.py took 0.231 seconds
[2024-03-26T21:14:00.391+0000] {processor.py:161} INFO - Started process (PID=5249) to work on /home/airflow/.local/lib/python3.8/site-packages/airflow/example_dags/example_trigger_target_dag.py
[2024-03-26T21:14:00.408+0000] {processor.py:830} INFO - Processing file /home/airflow/.local/lib/python3.8/site-packages/airflow/example_dags/example_trigger_target_dag.py for tasks to queue
[2024-03-26T21:14:00.410+0000] {logging_mixin.py:188} INFO - [2024-03-26T21:14:00.409+0000] {dagbag.py:540} INFO - Filling up the DagBag from /home/airflow/.local/lib/python3.8/site-packages/airflow/example_dags/example_trigger_target_dag.py
[2024-03-26T21:14:00.438+0000] {processor.py:840} INFO - DAG(s) 'example_trigger_target_dag' retrieved from /home/airflow/.local/lib/python3.8/site-packages/airflow/example_dags/example_trigger_target_dag.py
[2024-03-26T21:14:00.538+0000] {logging_mixin.py:188} INFO - [2024-03-26T21:14:00.531+0000] {dag.py:3047} INFO - Sync 1 DAGs
[2024-03-26T21:14:00.589+0000] {logging_mixin.py:188} INFO - [2024-03-26T21:14:00.588+0000] {dag.py:3834} INFO - Setting next_dagrun for example_trigger_target_dag to None, run_after=None
[2024-03-26T21:14:00.688+0000] {processor.py:183} INFO - Processing /home/airflow/.local/lib/python3.8/site-packages/airflow/example_dags/example_trigger_target_dag.py took 0.309 seconds
[2024-03-26T21:14:30.860+0000] {processor.py:161} INFO - Started process (PID=5496) to work on /home/airflow/.local/lib/python3.8/site-packages/airflow/example_dags/example_trigger_target_dag.py
[2024-03-26T21:14:30.861+0000] {processor.py:830} INFO - Processing file /home/airflow/.local/lib/python3.8/site-packages/airflow/example_dags/example_trigger_target_dag.py for tasks to queue
[2024-03-26T21:14:30.869+0000] {logging_mixin.py:188} INFO - [2024-03-26T21:14:30.862+0000] {dagbag.py:540} INFO - Filling up the DagBag from /home/airflow/.local/lib/python3.8/site-packages/airflow/example_dags/example_trigger_target_dag.py
[2024-03-26T21:14:30.891+0000] {processor.py:840} INFO - DAG(s) 'example_trigger_target_dag' retrieved from /home/airflow/.local/lib/python3.8/site-packages/airflow/example_dags/example_trigger_target_dag.py
[2024-03-26T21:14:30.962+0000] {logging_mixin.py:188} INFO - [2024-03-26T21:14:30.962+0000] {dag.py:3047} INFO - Sync 1 DAGs
[2024-03-26T21:14:31.020+0000] {logging_mixin.py:188} INFO - [2024-03-26T21:14:31.019+0000] {dag.py:3834} INFO - Setting next_dagrun for example_trigger_target_dag to None, run_after=None
[2024-03-26T21:14:31.100+0000] {processor.py:183} INFO - Processing /home/airflow/.local/lib/python3.8/site-packages/airflow/example_dags/example_trigger_target_dag.py took 0.258 seconds
[2024-03-26T21:15:01.926+0000] {processor.py:161} INFO - Started process (PID=5745) to work on /home/airflow/.local/lib/python3.8/site-packages/airflow/example_dags/example_trigger_target_dag.py
[2024-03-26T21:15:01.936+0000] {processor.py:830} INFO - Processing file /home/airflow/.local/lib/python3.8/site-packages/airflow/example_dags/example_trigger_target_dag.py for tasks to queue
[2024-03-26T21:15:01.945+0000] {logging_mixin.py:188} INFO - [2024-03-26T21:15:01.944+0000] {dagbag.py:540} INFO - Filling up the DagBag from /home/airflow/.local/lib/python3.8/site-packages/airflow/example_dags/example_trigger_target_dag.py
[2024-03-26T21:15:01.976+0000] {processor.py:840} INFO - DAG(s) 'example_trigger_target_dag' retrieved from /home/airflow/.local/lib/python3.8/site-packages/airflow/example_dags/example_trigger_target_dag.py
[2024-03-26T21:15:02.095+0000] {logging_mixin.py:188} INFO - [2024-03-26T21:15:02.095+0000] {dag.py:3047} INFO - Sync 1 DAGs
[2024-03-26T21:15:02.154+0000] {logging_mixin.py:188} INFO - [2024-03-26T21:15:02.147+0000] {dag.py:3834} INFO - Setting next_dagrun for example_trigger_target_dag to None, run_after=None
[2024-03-26T21:15:02.227+0000] {processor.py:183} INFO - Processing /home/airflow/.local/lib/python3.8/site-packages/airflow/example_dags/example_trigger_target_dag.py took 0.323 seconds
[2024-03-26T21:15:32.567+0000] {processor.py:161} INFO - Started process (PID=5989) to work on /home/airflow/.local/lib/python3.8/site-packages/airflow/example_dags/example_trigger_target_dag.py
[2024-03-26T21:15:32.575+0000] {processor.py:830} INFO - Processing file /home/airflow/.local/lib/python3.8/site-packages/airflow/example_dags/example_trigger_target_dag.py for tasks to queue
[2024-03-26T21:15:32.576+0000] {logging_mixin.py:188} INFO - [2024-03-26T21:15:32.576+0000] {dagbag.py:540} INFO - Filling up the DagBag from /home/airflow/.local/lib/python3.8/site-packages/airflow/example_dags/example_trigger_target_dag.py
[2024-03-26T21:15:32.597+0000] {processor.py:840} INFO - DAG(s) 'example_trigger_target_dag' retrieved from /home/airflow/.local/lib/python3.8/site-packages/airflow/example_dags/example_trigger_target_dag.py
[2024-03-26T21:15:32.688+0000] {logging_mixin.py:188} INFO - [2024-03-26T21:15:32.687+0000] {dag.py:3047} INFO - Sync 1 DAGs
[2024-03-26T21:15:32.747+0000] {logging_mixin.py:188} INFO - [2024-03-26T21:15:32.747+0000] {dag.py:3834} INFO - Setting next_dagrun for example_trigger_target_dag to None, run_after=None
[2024-03-26T21:15:32.847+0000] {processor.py:183} INFO - Processing /home/airflow/.local/lib/python3.8/site-packages/airflow/example_dags/example_trigger_target_dag.py took 0.290 seconds
[2024-03-26T21:16:03.626+0000] {processor.py:161} INFO - Started process (PID=6236) to work on /home/airflow/.local/lib/python3.8/site-packages/airflow/example_dags/example_trigger_target_dag.py
[2024-03-26T21:16:03.635+0000] {processor.py:830} INFO - Processing file /home/airflow/.local/lib/python3.8/site-packages/airflow/example_dags/example_trigger_target_dag.py for tasks to queue
[2024-03-26T21:16:03.646+0000] {logging_mixin.py:188} INFO - [2024-03-26T21:16:03.637+0000] {dagbag.py:540} INFO - Filling up the DagBag from /home/airflow/.local/lib/python3.8/site-packages/airflow/example_dags/example_trigger_target_dag.py
[2024-03-26T21:16:03.695+0000] {processor.py:840} INFO - DAG(s) 'example_trigger_target_dag' retrieved from /home/airflow/.local/lib/python3.8/site-packages/airflow/example_dags/example_trigger_target_dag.py
[2024-03-26T21:16:03.795+0000] {logging_mixin.py:188} INFO - [2024-03-26T21:16:03.794+0000] {dag.py:3047} INFO - Sync 1 DAGs
[2024-03-26T21:16:03.864+0000] {logging_mixin.py:188} INFO - [2024-03-26T21:16:03.857+0000] {dag.py:3834} INFO - Setting next_dagrun for example_trigger_target_dag to None, run_after=None
[2024-03-26T21:16:03.946+0000] {processor.py:183} INFO - Processing /home/airflow/.local/lib/python3.8/site-packages/airflow/example_dags/example_trigger_target_dag.py took 0.332 seconds
[2024-03-26T21:21:09.627+0000] {processor.py:161} INFO - Started process (PID=319) to work on /home/airflow/.local/lib/python3.8/site-packages/airflow/example_dags/example_trigger_target_dag.py
[2024-03-26T21:21:09.636+0000] {processor.py:830} INFO - Processing file /home/airflow/.local/lib/python3.8/site-packages/airflow/example_dags/example_trigger_target_dag.py for tasks to queue
[2024-03-26T21:21:09.645+0000] {logging_mixin.py:188} INFO - [2024-03-26T21:21:09.638+0000] {dagbag.py:540} INFO - Filling up the DagBag from /home/airflow/.local/lib/python3.8/site-packages/airflow/example_dags/example_trigger_target_dag.py
[2024-03-26T21:21:09.697+0000] {processor.py:840} INFO - DAG(s) 'example_trigger_target_dag' retrieved from /home/airflow/.local/lib/python3.8/site-packages/airflow/example_dags/example_trigger_target_dag.py
[2024-03-26T21:21:10.368+0000] {logging_mixin.py:188} INFO - [2024-03-26T21:21:10.367+0000] {dag.py:3047} INFO - Sync 1 DAGs
[2024-03-26T21:21:10.438+0000] {logging_mixin.py:188} INFO - [2024-03-26T21:21:10.437+0000] {dag.py:3834} INFO - Setting next_dagrun for example_trigger_target_dag to None, run_after=None
[2024-03-26T21:21:10.567+0000] {processor.py:183} INFO - Processing /home/airflow/.local/lib/python3.8/site-packages/airflow/example_dags/example_trigger_target_dag.py took 0.960 seconds
[2024-03-26T21:21:40.810+0000] {processor.py:161} INFO - Started process (PID=567) to work on /home/airflow/.local/lib/python3.8/site-packages/airflow/example_dags/example_trigger_target_dag.py
[2024-03-26T21:21:40.819+0000] {processor.py:830} INFO - Processing file /home/airflow/.local/lib/python3.8/site-packages/airflow/example_dags/example_trigger_target_dag.py for tasks to queue
[2024-03-26T21:21:40.821+0000] {logging_mixin.py:188} INFO - [2024-03-26T21:21:40.821+0000] {dagbag.py:540} INFO - Filling up the DagBag from /home/airflow/.local/lib/python3.8/site-packages/airflow/example_dags/example_trigger_target_dag.py
[2024-03-26T21:21:40.870+0000] {processor.py:840} INFO - DAG(s) 'example_trigger_target_dag' retrieved from /home/airflow/.local/lib/python3.8/site-packages/airflow/example_dags/example_trigger_target_dag.py
[2024-03-26T21:21:41.000+0000] {logging_mixin.py:188} INFO - [2024-03-26T21:21:41.000+0000] {dag.py:3047} INFO - Sync 1 DAGs
[2024-03-26T21:21:41.081+0000] {logging_mixin.py:188} INFO - [2024-03-26T21:21:41.080+0000] {dag.py:3834} INFO - Setting next_dagrun for example_trigger_target_dag to None, run_after=None
[2024-03-26T21:21:41.200+0000] {processor.py:183} INFO - Processing /home/airflow/.local/lib/python3.8/site-packages/airflow/example_dags/example_trigger_target_dag.py took 0.420 seconds
[2024-03-26T21:22:11.564+0000] {processor.py:161} INFO - Started process (PID=815) to work on /home/airflow/.local/lib/python3.8/site-packages/airflow/example_dags/example_trigger_target_dag.py
[2024-03-26T21:22:11.573+0000] {processor.py:830} INFO - Processing file /home/airflow/.local/lib/python3.8/site-packages/airflow/example_dags/example_trigger_target_dag.py for tasks to queue
[2024-03-26T21:22:11.575+0000] {logging_mixin.py:188} INFO - [2024-03-26T21:22:11.574+0000] {dagbag.py:540} INFO - Filling up the DagBag from /home/airflow/.local/lib/python3.8/site-packages/airflow/example_dags/example_trigger_target_dag.py
[2024-03-26T21:22:11.605+0000] {processor.py:840} INFO - DAG(s) 'example_trigger_target_dag' retrieved from /home/airflow/.local/lib/python3.8/site-packages/airflow/example_dags/example_trigger_target_dag.py
[2024-03-26T21:22:11.735+0000] {logging_mixin.py:188} INFO - [2024-03-26T21:22:11.735+0000] {dag.py:3047} INFO - Sync 1 DAGs
[2024-03-26T21:22:11.804+0000] {logging_mixin.py:188} INFO - [2024-03-26T21:22:11.804+0000] {dag.py:3834} INFO - Setting next_dagrun for example_trigger_target_dag to None, run_after=None
[2024-03-26T21:22:11.915+0000] {processor.py:183} INFO - Processing /home/airflow/.local/lib/python3.8/site-packages/airflow/example_dags/example_trigger_target_dag.py took 0.371 seconds
[2024-03-26T21:22:42.915+0000] {processor.py:161} INFO - Started process (PID=1062) to work on /home/airflow/.local/lib/python3.8/site-packages/airflow/example_dags/example_trigger_target_dag.py
[2024-03-26T21:22:42.917+0000] {processor.py:830} INFO - Processing file /home/airflow/.local/lib/python3.8/site-packages/airflow/example_dags/example_trigger_target_dag.py for tasks to queue
[2024-03-26T21:22:42.926+0000] {logging_mixin.py:188} INFO - [2024-03-26T21:22:42.926+0000] {dagbag.py:540} INFO - Filling up the DagBag from /home/airflow/.local/lib/python3.8/site-packages/airflow/example_dags/example_trigger_target_dag.py
[2024-03-26T21:22:42.974+0000] {processor.py:840} INFO - DAG(s) 'example_trigger_target_dag' retrieved from /home/airflow/.local/lib/python3.8/site-packages/airflow/example_dags/example_trigger_target_dag.py
[2024-03-26T21:22:43.116+0000] {logging_mixin.py:188} INFO - [2024-03-26T21:22:43.116+0000] {dag.py:3047} INFO - Sync 1 DAGs
[2024-03-26T21:22:43.205+0000] {logging_mixin.py:188} INFO - [2024-03-26T21:22:43.197+0000] {dag.py:3834} INFO - Setting next_dagrun for example_trigger_target_dag to None, run_after=None
[2024-03-26T21:22:43.326+0000] {processor.py:183} INFO - Processing /home/airflow/.local/lib/python3.8/site-packages/airflow/example_dags/example_trigger_target_dag.py took 0.440 seconds
[2024-03-26T21:23:14.188+0000] {processor.py:161} INFO - Started process (PID=1309) to work on /home/airflow/.local/lib/python3.8/site-packages/airflow/example_dags/example_trigger_target_dag.py
[2024-03-26T21:23:14.198+0000] {processor.py:830} INFO - Processing file /home/airflow/.local/lib/python3.8/site-packages/airflow/example_dags/example_trigger_target_dag.py for tasks to queue
[2024-03-26T21:23:14.209+0000] {logging_mixin.py:188} INFO - [2024-03-26T21:23:14.200+0000] {dagbag.py:540} INFO - Filling up the DagBag from /home/airflow/.local/lib/python3.8/site-packages/airflow/example_dags/example_trigger_target_dag.py
[2024-03-26T21:23:14.270+0000] {processor.py:840} INFO - DAG(s) 'example_trigger_target_dag' retrieved from /home/airflow/.local/lib/python3.8/site-packages/airflow/example_dags/example_trigger_target_dag.py
[2024-03-26T21:23:14.470+0000] {logging_mixin.py:188} INFO - [2024-03-26T21:23:14.470+0000] {dag.py:3047} INFO - Sync 1 DAGs
[2024-03-26T21:23:14.569+0000] {logging_mixin.py:188} INFO - [2024-03-26T21:23:14.568+0000] {dag.py:3834} INFO - Setting next_dagrun for example_trigger_target_dag to None, run_after=None
[2024-03-26T21:23:14.730+0000] {processor.py:183} INFO - Processing /home/airflow/.local/lib/python3.8/site-packages/airflow/example_dags/example_trigger_target_dag.py took 0.572 seconds
[2024-03-26T21:23:45.744+0000] {processor.py:161} INFO - Started process (PID=1558) to work on /home/airflow/.local/lib/python3.8/site-packages/airflow/example_dags/example_trigger_target_dag.py
[2024-03-26T21:23:45.764+0000] {processor.py:830} INFO - Processing file /home/airflow/.local/lib/python3.8/site-packages/airflow/example_dags/example_trigger_target_dag.py for tasks to queue
[2024-03-26T21:23:45.785+0000] {logging_mixin.py:188} INFO - [2024-03-26T21:23:45.784+0000] {dagbag.py:540} INFO - Filling up the DagBag from /home/airflow/.local/lib/python3.8/site-packages/airflow/example_dags/example_trigger_target_dag.py
[2024-03-26T21:23:45.854+0000] {processor.py:840} INFO - DAG(s) 'example_trigger_target_dag' retrieved from /home/airflow/.local/lib/python3.8/site-packages/airflow/example_dags/example_trigger_target_dag.py
[2024-03-26T21:23:46.214+0000] {logging_mixin.py:188} INFO - [2024-03-26T21:23:46.205+0000] {dag.py:3047} INFO - Sync 1 DAGs
[2024-03-26T21:23:46.395+0000] {logging_mixin.py:188} INFO - [2024-03-26T21:23:46.395+0000] {dag.py:3834} INFO - Setting next_dagrun for example_trigger_target_dag to None, run_after=None
[2024-03-26T21:23:46.714+0000] {processor.py:183} INFO - Processing /home/airflow/.local/lib/python3.8/site-packages/airflow/example_dags/example_trigger_target_dag.py took 1.000 seconds
[2024-03-26T21:24:17.419+0000] {processor.py:161} INFO - Started process (PID=1805) to work on /home/airflow/.local/lib/python3.8/site-packages/airflow/example_dags/example_trigger_target_dag.py
[2024-03-26T21:24:17.429+0000] {processor.py:830} INFO - Processing file /home/airflow/.local/lib/python3.8/site-packages/airflow/example_dags/example_trigger_target_dag.py for tasks to queue
[2024-03-26T21:24:17.439+0000] {logging_mixin.py:188} INFO - [2024-03-26T21:24:17.438+0000] {dagbag.py:540} INFO - Filling up the DagBag from /home/airflow/.local/lib/python3.8/site-packages/airflow/example_dags/example_trigger_target_dag.py
[2024-03-26T21:24:17.480+0000] {processor.py:840} INFO - DAG(s) 'example_trigger_target_dag' retrieved from /home/airflow/.local/lib/python3.8/site-packages/airflow/example_dags/example_trigger_target_dag.py
[2024-03-26T21:24:17.638+0000] {logging_mixin.py:188} INFO - [2024-03-26T21:24:17.630+0000] {dag.py:3047} INFO - Sync 1 DAGs
[2024-03-26T21:24:17.710+0000] {logging_mixin.py:188} INFO - [2024-03-26T21:24:17.709+0000] {dag.py:3834} INFO - Setting next_dagrun for example_trigger_target_dag to None, run_after=None
[2024-03-26T21:24:17.899+0000] {processor.py:183} INFO - Processing /home/airflow/.local/lib/python3.8/site-packages/airflow/example_dags/example_trigger_target_dag.py took 0.501 seconds
[2024-03-26T21:24:48.710+0000] {processor.py:161} INFO - Started process (PID=2052) to work on /home/airflow/.local/lib/python3.8/site-packages/airflow/example_dags/example_trigger_target_dag.py
[2024-03-26T21:24:48.730+0000] {processor.py:830} INFO - Processing file /home/airflow/.local/lib/python3.8/site-packages/airflow/example_dags/example_trigger_target_dag.py for tasks to queue
[2024-03-26T21:24:48.740+0000] {logging_mixin.py:188} INFO - [2024-03-26T21:24:48.739+0000] {dagbag.py:540} INFO - Filling up the DagBag from /home/airflow/.local/lib/python3.8/site-packages/airflow/example_dags/example_trigger_target_dag.py
[2024-03-26T21:24:48.809+0000] {processor.py:840} INFO - DAG(s) 'example_trigger_target_dag' retrieved from /home/airflow/.local/lib/python3.8/site-packages/airflow/example_dags/example_trigger_target_dag.py
[2024-03-26T21:24:49.081+0000] {logging_mixin.py:188} INFO - [2024-03-26T21:24:49.080+0000] {dag.py:3047} INFO - Sync 1 DAGs
[2024-03-26T21:24:49.280+0000] {logging_mixin.py:188} INFO - [2024-03-26T21:24:49.280+0000] {dag.py:3834} INFO - Setting next_dagrun for example_trigger_target_dag to None, run_after=None
[2024-03-26T21:24:49.580+0000] {processor.py:183} INFO - Processing /home/airflow/.local/lib/python3.8/site-packages/airflow/example_dags/example_trigger_target_dag.py took 0.910 seconds
[2024-03-26T21:25:20.492+0000] {processor.py:161} INFO - Started process (PID=2306) to work on /home/airflow/.local/lib/python3.8/site-packages/airflow/example_dags/example_trigger_target_dag.py
[2024-03-26T21:25:20.493+0000] {processor.py:830} INFO - Processing file /home/airflow/.local/lib/python3.8/site-packages/airflow/example_dags/example_trigger_target_dag.py for tasks to queue
[2024-03-26T21:25:20.503+0000] {logging_mixin.py:188} INFO - [2024-03-26T21:25:20.503+0000] {dagbag.py:540} INFO - Filling up the DagBag from /home/airflow/.local/lib/python3.8/site-packages/airflow/example_dags/example_trigger_target_dag.py
[2024-03-26T21:25:20.552+0000] {processor.py:840} INFO - DAG(s) 'example_trigger_target_dag' retrieved from /home/airflow/.local/lib/python3.8/site-packages/airflow/example_dags/example_trigger_target_dag.py
[2024-03-26T21:25:20.712+0000] {logging_mixin.py:188} INFO - [2024-03-26T21:25:20.703+0000] {dag.py:3047} INFO - Sync 1 DAGs
[2024-03-26T21:25:20.803+0000] {logging_mixin.py:188} INFO - [2024-03-26T21:25:20.802+0000] {dag.py:3834} INFO - Setting next_dagrun for example_trigger_target_dag to None, run_after=None
[2024-03-26T21:25:21.013+0000] {processor.py:183} INFO - Processing /home/airflow/.local/lib/python3.8/site-packages/airflow/example_dags/example_trigger_target_dag.py took 0.550 seconds
[2024-03-26T21:25:52.326+0000] {processor.py:161} INFO - Started process (PID=2552) to work on /home/airflow/.local/lib/python3.8/site-packages/airflow/example_dags/example_trigger_target_dag.py
[2024-03-26T21:25:52.336+0000] {processor.py:830} INFO - Processing file /home/airflow/.local/lib/python3.8/site-packages/airflow/example_dags/example_trigger_target_dag.py for tasks to queue
[2024-03-26T21:25:52.355+0000] {logging_mixin.py:188} INFO - [2024-03-26T21:25:52.346+0000] {dagbag.py:540} INFO - Filling up the DagBag from /home/airflow/.local/lib/python3.8/site-packages/airflow/example_dags/example_trigger_target_dag.py
[2024-03-26T21:25:52.425+0000] {processor.py:840} INFO - DAG(s) 'example_trigger_target_dag' retrieved from /home/airflow/.local/lib/python3.8/site-packages/airflow/example_dags/example_trigger_target_dag.py
[2024-03-26T21:25:52.685+0000] {logging_mixin.py:188} INFO - [2024-03-26T21:25:52.676+0000] {dag.py:3047} INFO - Sync 1 DAGs
[2024-03-26T21:25:52.855+0000] {logging_mixin.py:188} INFO - [2024-03-26T21:25:52.836+0000] {dag.py:3834} INFO - Setting next_dagrun for example_trigger_target_dag to None, run_after=None
[2024-03-26T21:25:53.066+0000] {processor.py:183} INFO - Processing /home/airflow/.local/lib/python3.8/site-packages/airflow/example_dags/example_trigger_target_dag.py took 0.780 seconds
[2024-03-26T21:26:25.470+0000] {processor.py:161} INFO - Started process (PID=2800) to work on /home/airflow/.local/lib/python3.8/site-packages/airflow/example_dags/example_trigger_target_dag.py
[2024-03-26T21:26:25.489+0000] {processor.py:830} INFO - Processing file /home/airflow/.local/lib/python3.8/site-packages/airflow/example_dags/example_trigger_target_dag.py for tasks to queue
[2024-03-26T21:26:25.499+0000] {logging_mixin.py:188} INFO - [2024-03-26T21:26:25.490+0000] {dagbag.py:540} INFO - Filling up the DagBag from /home/airflow/.local/lib/python3.8/site-packages/airflow/example_dags/example_trigger_target_dag.py
[2024-03-26T21:26:25.599+0000] {processor.py:840} INFO - DAG(s) 'example_trigger_target_dag' retrieved from /home/airflow/.local/lib/python3.8/site-packages/airflow/example_dags/example_trigger_target_dag.py
[2024-03-26T21:26:25.939+0000] {logging_mixin.py:188} INFO - [2024-03-26T21:26:25.930+0000] {dag.py:3047} INFO - Sync 1 DAGs
[2024-03-26T21:26:26.089+0000] {logging_mixin.py:188} INFO - [2024-03-26T21:26:26.080+0000] {dag.py:3834} INFO - Setting next_dagrun for example_trigger_target_dag to None, run_after=None
[2024-03-26T21:26:26.300+0000] {processor.py:183} INFO - Processing /home/airflow/.local/lib/python3.8/site-packages/airflow/example_dags/example_trigger_target_dag.py took 0.870 seconds
[2024-03-26T21:26:56.963+0000] {processor.py:161} INFO - Started process (PID=3047) to work on /home/airflow/.local/lib/python3.8/site-packages/airflow/example_dags/example_trigger_target_dag.py
[2024-03-26T21:26:56.973+0000] {processor.py:830} INFO - Processing file /home/airflow/.local/lib/python3.8/site-packages/airflow/example_dags/example_trigger_target_dag.py for tasks to queue
[2024-03-26T21:26:56.982+0000] {logging_mixin.py:188} INFO - [2024-03-26T21:26:56.982+0000] {dagbag.py:540} INFO - Filling up the DagBag from /home/airflow/.local/lib/python3.8/site-packages/airflow/example_dags/example_trigger_target_dag.py
[2024-03-26T21:26:57.033+0000] {processor.py:840} INFO - DAG(s) 'example_trigger_target_dag' retrieved from /home/airflow/.local/lib/python3.8/site-packages/airflow/example_dags/example_trigger_target_dag.py
[2024-03-26T21:26:57.213+0000] {logging_mixin.py:188} INFO - [2024-03-26T21:26:57.213+0000] {dag.py:3047} INFO - Sync 1 DAGs
[2024-03-26T21:26:57.323+0000] {logging_mixin.py:188} INFO - [2024-03-26T21:26:57.323+0000] {dag.py:3834} INFO - Setting next_dagrun for example_trigger_target_dag to None, run_after=None
[2024-03-26T21:26:57.513+0000] {processor.py:183} INFO - Processing /home/airflow/.local/lib/python3.8/site-packages/airflow/example_dags/example_trigger_target_dag.py took 0.571 seconds
[2024-03-26T21:27:29.634+0000] {processor.py:161} INFO - Started process (PID=3294) to work on /home/airflow/.local/lib/python3.8/site-packages/airflow/example_dags/example_trigger_target_dag.py
[2024-03-26T21:27:29.644+0000] {processor.py:830} INFO - Processing file /home/airflow/.local/lib/python3.8/site-packages/airflow/example_dags/example_trigger_target_dag.py for tasks to queue
[2024-03-26T21:27:29.654+0000] {logging_mixin.py:188} INFO - [2024-03-26T21:27:29.654+0000] {dagbag.py:540} INFO - Filling up the DagBag from /home/airflow/.local/lib/python3.8/site-packages/airflow/example_dags/example_trigger_target_dag.py
[2024-03-26T21:27:29.723+0000] {processor.py:840} INFO - DAG(s) 'example_trigger_target_dag' retrieved from /home/airflow/.local/lib/python3.8/site-packages/airflow/example_dags/example_trigger_target_dag.py
[2024-03-26T21:27:30.003+0000] {logging_mixin.py:188} INFO - [2024-03-26T21:27:29.994+0000] {dag.py:3047} INFO - Sync 1 DAGs
[2024-03-26T21:27:30.224+0000] {logging_mixin.py:188} INFO - [2024-03-26T21:27:30.224+0000] {dag.py:3834} INFO - Setting next_dagrun for example_trigger_target_dag to None, run_after=None
[2024-03-26T21:27:30.474+0000] {processor.py:183} INFO - Processing /home/airflow/.local/lib/python3.8/site-packages/airflow/example_dags/example_trigger_target_dag.py took 0.880 seconds
[2024-03-26T21:28:02.292+0000] {processor.py:161} INFO - Started process (PID=3541) to work on /home/airflow/.local/lib/python3.8/site-packages/airflow/example_dags/example_trigger_target_dag.py
[2024-03-26T21:28:02.302+0000] {processor.py:830} INFO - Processing file /home/airflow/.local/lib/python3.8/site-packages/airflow/example_dags/example_trigger_target_dag.py for tasks to queue
[2024-03-26T21:28:02.312+0000] {logging_mixin.py:188} INFO - [2024-03-26T21:28:02.312+0000] {dagbag.py:540} INFO - Filling up the DagBag from /home/airflow/.local/lib/python3.8/site-packages/airflow/example_dags/example_trigger_target_dag.py
[2024-03-26T21:28:02.382+0000] {processor.py:840} INFO - DAG(s) 'example_trigger_target_dag' retrieved from /home/airflow/.local/lib/python3.8/site-packages/airflow/example_dags/example_trigger_target_dag.py
[2024-03-26T21:28:02.622+0000] {logging_mixin.py:188} INFO - [2024-03-26T21:28:02.622+0000] {dag.py:3047} INFO - Sync 1 DAGs
[2024-03-26T21:28:02.761+0000] {logging_mixin.py:188} INFO - [2024-03-26T21:28:02.752+0000] {dag.py:3834} INFO - Setting next_dagrun for example_trigger_target_dag to None, run_after=None
[2024-03-26T21:28:02.993+0000] {processor.py:183} INFO - Processing /home/airflow/.local/lib/python3.8/site-packages/airflow/example_dags/example_trigger_target_dag.py took 0.740 seconds
[2024-03-26T21:28:34.575+0000] {processor.py:161} INFO - Started process (PID=3782) to work on /home/airflow/.local/lib/python3.8/site-packages/airflow/example_dags/example_trigger_target_dag.py
[2024-03-26T21:28:34.585+0000] {processor.py:830} INFO - Processing file /home/airflow/.local/lib/python3.8/site-packages/airflow/example_dags/example_trigger_target_dag.py for tasks to queue
[2024-03-26T21:28:34.604+0000] {logging_mixin.py:188} INFO - [2024-03-26T21:28:34.595+0000] {dagbag.py:540} INFO - Filling up the DagBag from /home/airflow/.local/lib/python3.8/site-packages/airflow/example_dags/example_trigger_target_dag.py
[2024-03-26T21:28:34.675+0000] {processor.py:840} INFO - DAG(s) 'example_trigger_target_dag' retrieved from /home/airflow/.local/lib/python3.8/site-packages/airflow/example_dags/example_trigger_target_dag.py
[2024-03-26T21:28:34.954+0000] {logging_mixin.py:188} INFO - [2024-03-26T21:28:34.954+0000] {dag.py:3047} INFO - Sync 1 DAGs
[2024-03-26T21:28:35.103+0000] {logging_mixin.py:188} INFO - [2024-03-26T21:28:35.095+0000] {dag.py:3834} INFO - Setting next_dagrun for example_trigger_target_dag to None, run_after=None
[2024-03-26T21:28:35.345+0000] {processor.py:183} INFO - Processing /home/airflow/.local/lib/python3.8/site-packages/airflow/example_dags/example_trigger_target_dag.py took 0.820 seconds
[2024-03-26T21:29:09.623+0000] {processor.py:161} INFO - Started process (PID=4029) to work on /home/airflow/.local/lib/python3.8/site-packages/airflow/example_dags/example_trigger_target_dag.py
[2024-03-26T21:29:09.633+0000] {processor.py:830} INFO - Processing file /home/airflow/.local/lib/python3.8/site-packages/airflow/example_dags/example_trigger_target_dag.py for tasks to queue
[2024-03-26T21:29:09.643+0000] {logging_mixin.py:188} INFO - [2024-03-26T21:29:09.643+0000] {dagbag.py:540} INFO - Filling up the DagBag from /home/airflow/.local/lib/python3.8/site-packages/airflow/example_dags/example_trigger_target_dag.py
[2024-03-26T21:29:09.702+0000] {processor.py:840} INFO - DAG(s) 'example_trigger_target_dag' retrieved from /home/airflow/.local/lib/python3.8/site-packages/airflow/example_dags/example_trigger_target_dag.py
[2024-03-26T21:29:10.233+0000] {logging_mixin.py:188} INFO - [2024-03-26T21:29:10.232+0000] {dag.py:3047} INFO - Sync 1 DAGs
[2024-03-26T21:29:10.832+0000] {logging_mixin.py:188} INFO - [2024-03-26T21:29:10.823+0000] {dag.py:3834} INFO - Setting next_dagrun for example_trigger_target_dag to None, run_after=None
[2024-03-26T21:29:11.152+0000] {processor.py:183} INFO - Processing /home/airflow/.local/lib/python3.8/site-packages/airflow/example_dags/example_trigger_target_dag.py took 1.560 seconds
[2024-03-26T21:29:52.352+0000] {processor.py:161} INFO - Started process (PID=4276) to work on /home/airflow/.local/lib/python3.8/site-packages/airflow/example_dags/example_trigger_target_dag.py
[2024-03-26T21:29:52.362+0000] {processor.py:830} INFO - Processing file /home/airflow/.local/lib/python3.8/site-packages/airflow/example_dags/example_trigger_target_dag.py for tasks to queue
[2024-03-26T21:29:52.372+0000] {logging_mixin.py:188} INFO - [2024-03-26T21:29:52.371+0000] {dagbag.py:540} INFO - Filling up the DagBag from /home/airflow/.local/lib/python3.8/site-packages/airflow/example_dags/example_trigger_target_dag.py
[2024-03-26T21:29:52.451+0000] {processor.py:840} INFO - DAG(s) 'example_trigger_target_dag' retrieved from /home/airflow/.local/lib/python3.8/site-packages/airflow/example_dags/example_trigger_target_dag.py
[2024-03-26T21:29:52.772+0000] {logging_mixin.py:188} INFO - [2024-03-26T21:29:52.771+0000] {dag.py:3047} INFO - Sync 1 DAGs
[2024-03-26T21:29:53.011+0000] {logging_mixin.py:188} INFO - [2024-03-26T21:29:53.011+0000] {dag.py:3834} INFO - Setting next_dagrun for example_trigger_target_dag to None, run_after=None
[2024-03-26T21:29:53.351+0000] {processor.py:183} INFO - Processing /home/airflow/.local/lib/python3.8/site-packages/airflow/example_dags/example_trigger_target_dag.py took 1.031 seconds
[2024-03-26T21:30:29.730+0000] {processor.py:161} INFO - Started process (PID=4530) to work on /home/airflow/.local/lib/python3.8/site-packages/airflow/example_dags/example_trigger_target_dag.py
[2024-03-26T21:30:29.741+0000] {processor.py:830} INFO - Processing file /home/airflow/.local/lib/python3.8/site-packages/airflow/example_dags/example_trigger_target_dag.py for tasks to queue
[2024-03-26T21:30:29.761+0000] {logging_mixin.py:188} INFO - [2024-03-26T21:30:29.760+0000] {dagbag.py:540} INFO - Filling up the DagBag from /home/airflow/.local/lib/python3.8/site-packages/airflow/example_dags/example_trigger_target_dag.py
[2024-03-26T21:30:29.871+0000] {processor.py:840} INFO - DAG(s) 'example_trigger_target_dag' retrieved from /home/airflow/.local/lib/python3.8/site-packages/airflow/example_dags/example_trigger_target_dag.py
[2024-03-26T21:30:30.361+0000] {logging_mixin.py:188} INFO - [2024-03-26T21:30:30.361+0000] {dag.py:3047} INFO - Sync 1 DAGs
[2024-03-26T21:30:30.732+0000] {logging_mixin.py:188} INFO - [2024-03-26T21:30:30.731+0000] {dag.py:3834} INFO - Setting next_dagrun for example_trigger_target_dag to None, run_after=None
[2024-03-26T21:30:31.080+0000] {processor.py:183} INFO - Processing /home/airflow/.local/lib/python3.8/site-packages/airflow/example_dags/example_trigger_target_dag.py took 1.399 seconds
[2024-03-26T21:31:09.179+0000] {processor.py:161} INFO - Started process (PID=4782) to work on /home/airflow/.local/lib/python3.8/site-packages/airflow/example_dags/example_trigger_target_dag.py
[2024-03-26T21:31:09.189+0000] {processor.py:830} INFO - Processing file /home/airflow/.local/lib/python3.8/site-packages/airflow/example_dags/example_trigger_target_dag.py for tasks to queue
[2024-03-26T21:31:09.199+0000] {logging_mixin.py:188} INFO - [2024-03-26T21:31:09.199+0000] {dagbag.py:540} INFO - Filling up the DagBag from /home/airflow/.local/lib/python3.8/site-packages/airflow/example_dags/example_trigger_target_dag.py
[2024-03-26T21:31:09.270+0000] {processor.py:840} INFO - DAG(s) 'example_trigger_target_dag' retrieved from /home/airflow/.local/lib/python3.8/site-packages/airflow/example_dags/example_trigger_target_dag.py
[2024-03-26T21:31:09.529+0000] {logging_mixin.py:188} INFO - [2024-03-26T21:31:09.529+0000] {dag.py:3047} INFO - Sync 1 DAGs
[2024-03-26T21:31:09.699+0000] {logging_mixin.py:188} INFO - [2024-03-26T21:31:09.690+0000] {dag.py:3834} INFO - Setting next_dagrun for example_trigger_target_dag to None, run_after=None
[2024-03-26T21:31:10.019+0000] {processor.py:183} INFO - Processing /home/airflow/.local/lib/python3.8/site-packages/airflow/example_dags/example_trigger_target_dag.py took 0.890 seconds
[2024-03-26T21:31:54.568+0000] {processor.py:161} INFO - Started process (PID=5044) to work on /home/airflow/.local/lib/python3.8/site-packages/airflow/example_dags/example_trigger_target_dag.py
[2024-03-26T21:31:54.588+0000] {processor.py:830} INFO - Processing file /home/airflow/.local/lib/python3.8/site-packages/airflow/example_dags/example_trigger_target_dag.py for tasks to queue
[2024-03-26T21:31:54.609+0000] {logging_mixin.py:188} INFO - [2024-03-26T21:31:54.608+0000] {dagbag.py:540} INFO - Filling up the DagBag from /home/airflow/.local/lib/python3.8/site-packages/airflow/example_dags/example_trigger_target_dag.py
[2024-03-26T21:31:54.718+0000] {processor.py:840} INFO - DAG(s) 'example_trigger_target_dag' retrieved from /home/airflow/.local/lib/python3.8/site-packages/airflow/example_dags/example_trigger_target_dag.py
[2024-03-26T21:31:55.128+0000] {logging_mixin.py:188} INFO - [2024-03-26T21:31:55.119+0000] {dag.py:3047} INFO - Sync 1 DAGs
[2024-03-26T21:31:55.298+0000] {logging_mixin.py:188} INFO - [2024-03-26T21:31:55.298+0000] {dag.py:3834} INFO - Setting next_dagrun for example_trigger_target_dag to None, run_after=None
[2024-03-26T21:31:55.599+0000] {processor.py:183} INFO - Processing /home/airflow/.local/lib/python3.8/site-packages/airflow/example_dags/example_trigger_target_dag.py took 1.100 seconds
[2024-03-26T21:32:53.197+0000] {processor.py:161} INFO - Started process (PID=5303) to work on /home/airflow/.local/lib/python3.8/site-packages/airflow/example_dags/example_trigger_target_dag.py
[2024-03-26T21:32:53.217+0000] {processor.py:830} INFO - Processing file /home/airflow/.local/lib/python3.8/site-packages/airflow/example_dags/example_trigger_target_dag.py for tasks to queue
[2024-03-26T21:32:53.247+0000] {logging_mixin.py:188} INFO - [2024-03-26T21:32:53.237+0000] {dagbag.py:540} INFO - Filling up the DagBag from /home/airflow/.local/lib/python3.8/site-packages/airflow/example_dags/example_trigger_target_dag.py
[2024-03-26T21:32:53.397+0000] {processor.py:840} INFO - DAG(s) 'example_trigger_target_dag' retrieved from /home/airflow/.local/lib/python3.8/site-packages/airflow/example_dags/example_trigger_target_dag.py
[2024-03-26T21:32:53.816+0000] {logging_mixin.py:188} INFO - [2024-03-26T21:32:53.807+0000] {dag.py:3047} INFO - Sync 1 DAGs
[2024-03-26T21:32:54.057+0000] {logging_mixin.py:188} INFO - [2024-03-26T21:32:54.057+0000] {dag.py:3834} INFO - Setting next_dagrun for example_trigger_target_dag to None, run_after=None
[2024-03-26T21:32:54.527+0000] {processor.py:183} INFO - Processing /home/airflow/.local/lib/python3.8/site-packages/airflow/example_dags/example_trigger_target_dag.py took 1.400 seconds
[2024-03-26T21:33:49.163+0000] {processor.py:161} INFO - Started process (PID=5520) to work on /home/airflow/.local/lib/python3.8/site-packages/airflow/example_dags/example_trigger_target_dag.py
[2024-03-26T21:33:49.203+0000] {processor.py:830} INFO - Processing file /home/airflow/.local/lib/python3.8/site-packages/airflow/example_dags/example_trigger_target_dag.py for tasks to queue
[2024-03-26T21:33:49.232+0000] {logging_mixin.py:188} INFO - [2024-03-26T21:33:49.223+0000] {dagbag.py:540} INFO - Filling up the DagBag from /home/airflow/.local/lib/python3.8/site-packages/airflow/example_dags/example_trigger_target_dag.py
[2024-03-26T21:33:49.422+0000] {processor.py:840} INFO - DAG(s) 'example_trigger_target_dag' retrieved from /home/airflow/.local/lib/python3.8/site-packages/airflow/example_dags/example_trigger_target_dag.py
[2024-03-26T21:33:49.933+0000] {logging_mixin.py:188} INFO - [2024-03-26T21:33:49.923+0000] {dag.py:3047} INFO - Sync 1 DAGs
[2024-03-26T21:33:50.543+0000] {logging_mixin.py:188} INFO - [2024-03-26T21:33:50.533+0000] {dag.py:3834} INFO - Setting next_dagrun for example_trigger_target_dag to None, run_after=None
[2024-03-26T21:33:51.443+0000] {processor.py:183} INFO - Processing /home/airflow/.local/lib/python3.8/site-packages/airflow/example_dags/example_trigger_target_dag.py took 2.390 seconds
[2024-03-26T21:36:03.612+0000] {processor.py:161} INFO - Started process (PID=5853) to work on /home/airflow/.local/lib/python3.8/site-packages/airflow/example_dags/example_trigger_target_dag.py
[2024-03-26T21:36:03.642+0000] {processor.py:830} INFO - Processing file /home/airflow/.local/lib/python3.8/site-packages/airflow/example_dags/example_trigger_target_dag.py for tasks to queue
[2024-03-26T21:36:03.692+0000] {logging_mixin.py:188} INFO - [2024-03-26T21:36:03.672+0000] {dagbag.py:540} INFO - Filling up the DagBag from /home/airflow/.local/lib/python3.8/site-packages/airflow/example_dags/example_trigger_target_dag.py
[2024-03-26T21:36:03.922+0000] {processor.py:840} INFO - DAG(s) 'example_trigger_target_dag' retrieved from /home/airflow/.local/lib/python3.8/site-packages/airflow/example_dags/example_trigger_target_dag.py
[2024-03-26T21:36:04.602+0000] {logging_mixin.py:188} INFO - [2024-03-26T21:36:04.592+0000] {dag.py:3047} INFO - Sync 1 DAGs
[2024-03-26T21:36:05.032+0000] {logging_mixin.py:188} INFO - [2024-03-26T21:36:05.022+0000] {dag.py:3834} INFO - Setting next_dagrun for example_trigger_target_dag to None, run_after=None
[2024-03-26T21:36:05.782+0000] {processor.py:183} INFO - Processing /home/airflow/.local/lib/python3.8/site-packages/airflow/example_dags/example_trigger_target_dag.py took 2.270 seconds
