[2024-03-26T21:03:46.981+0000] {processor.py:161} INFO - Started process (PID=350) to work on /home/airflow/.local/lib/python3.8/site-packages/airflow/example_dags/example_branch_operator_decorator.py
[2024-03-26T21:03:46.996+0000] {processor.py:830} INFO - Processing file /home/airflow/.local/lib/python3.8/site-packages/airflow/example_dags/example_branch_operator_decorator.py for tasks to queue
[2024-03-26T21:03:47.000+0000] {logging_mixin.py:188} INFO - [2024-03-26T21:03:46.999+0000] {dagbag.py:540} INFO - Filling up the DagBag from /home/airflow/.local/lib/python3.8/site-packages/airflow/example_dags/example_branch_operator_decorator.py
[2024-03-26T21:03:47.259+0000] {processor.py:840} INFO - DAG(s) 'example_branch_python_operator_decorator' retrieved from /home/airflow/.local/lib/python3.8/site-packages/airflow/example_dags/example_branch_operator_decorator.py
[2024-03-26T21:03:48.210+0000] {logging_mixin.py:188} INFO - [2024-03-26T21:03:48.209+0000] {dag.py:3047} INFO - Sync 1 DAGs
[2024-03-26T21:03:48.458+0000] {logging_mixin.py:188} INFO - [2024-03-26T21:03:48.457+0000] {dag.py:3834} INFO - Setting next_dagrun for example_branch_python_operator_decorator to 2024-03-25 00:00:00+00:00, run_after=2024-03-26 00:00:00+00:00
[2024-03-26T21:03:51.591+0000] {processor.py:183} INFO - Processing /home/airflow/.local/lib/python3.8/site-packages/airflow/example_dags/example_branch_operator_decorator.py took 4.632 seconds
[2024-03-26T21:04:21.995+0000] {processor.py:161} INFO - Started process (PID=599) to work on /home/airflow/.local/lib/python3.8/site-packages/airflow/example_dags/example_branch_operator_decorator.py
[2024-03-26T21:04:21.996+0000] {processor.py:830} INFO - Processing file /home/airflow/.local/lib/python3.8/site-packages/airflow/example_dags/example_branch_operator_decorator.py for tasks to queue
[2024-03-26T21:04:21.998+0000] {logging_mixin.py:188} INFO - [2024-03-26T21:04:21.998+0000] {dagbag.py:540} INFO - Filling up the DagBag from /home/airflow/.local/lib/python3.8/site-packages/airflow/example_dags/example_branch_operator_decorator.py
[2024-03-26T21:04:22.074+0000] {processor.py:840} INFO - DAG(s) 'example_branch_python_operator_decorator' retrieved from /home/airflow/.local/lib/python3.8/site-packages/airflow/example_dags/example_branch_operator_decorator.py
[2024-03-26T21:04:22.175+0000] {logging_mixin.py:188} INFO - [2024-03-26T21:04:22.175+0000] {dag.py:3047} INFO - Sync 1 DAGs
[2024-03-26T21:04:22.278+0000] {logging_mixin.py:188} INFO - [2024-03-26T21:04:22.277+0000] {dag.py:3834} INFO - Setting next_dagrun for example_branch_python_operator_decorator to 2024-03-25 00:00:00+00:00, run_after=2024-03-26 00:00:00+00:00
[2024-03-26T21:04:22.375+0000] {processor.py:183} INFO - Processing /home/airflow/.local/lib/python3.8/site-packages/airflow/example_dags/example_branch_operator_decorator.py took 0.396 seconds
[2024-03-26T21:04:52.573+0000] {processor.py:161} INFO - Started process (PID=846) to work on /home/airflow/.local/lib/python3.8/site-packages/airflow/example_dags/example_branch_operator_decorator.py
[2024-03-26T21:04:52.574+0000] {processor.py:830} INFO - Processing file /home/airflow/.local/lib/python3.8/site-packages/airflow/example_dags/example_branch_operator_decorator.py for tasks to queue
[2024-03-26T21:04:52.581+0000] {logging_mixin.py:188} INFO - [2024-03-26T21:04:52.580+0000] {dagbag.py:540} INFO - Filling up the DagBag from /home/airflow/.local/lib/python3.8/site-packages/airflow/example_dags/example_branch_operator_decorator.py
[2024-03-26T21:04:52.631+0000] {processor.py:840} INFO - DAG(s) 'example_branch_python_operator_decorator' retrieved from /home/airflow/.local/lib/python3.8/site-packages/airflow/example_dags/example_branch_operator_decorator.py
[2024-03-26T21:04:52.701+0000] {logging_mixin.py:188} INFO - [2024-03-26T21:04:52.700+0000] {dag.py:3047} INFO - Sync 1 DAGs
[2024-03-26T21:04:52.754+0000] {logging_mixin.py:188} INFO - [2024-03-26T21:04:52.754+0000] {dag.py:3834} INFO - Setting next_dagrun for example_branch_python_operator_decorator to 2024-03-25 00:00:00+00:00, run_after=2024-03-26 00:00:00+00:00
[2024-03-26T21:04:52.821+0000] {processor.py:183} INFO - Processing /home/airflow/.local/lib/python3.8/site-packages/airflow/example_dags/example_branch_operator_decorator.py took 0.258 seconds
[2024-03-26T21:05:23.882+0000] {processor.py:161} INFO - Started process (PID=1093) to work on /home/airflow/.local/lib/python3.8/site-packages/airflow/example_dags/example_branch_operator_decorator.py
[2024-03-26T21:05:23.889+0000] {processor.py:830} INFO - Processing file /home/airflow/.local/lib/python3.8/site-packages/airflow/example_dags/example_branch_operator_decorator.py for tasks to queue
[2024-03-26T21:05:23.890+0000] {logging_mixin.py:188} INFO - [2024-03-26T21:05:23.890+0000] {dagbag.py:540} INFO - Filling up the DagBag from /home/airflow/.local/lib/python3.8/site-packages/airflow/example_dags/example_branch_operator_decorator.py
[2024-03-26T21:05:24.002+0000] {processor.py:840} INFO - DAG(s) 'example_branch_python_operator_decorator' retrieved from /home/airflow/.local/lib/python3.8/site-packages/airflow/example_dags/example_branch_operator_decorator.py
[2024-03-26T21:05:24.103+0000] {logging_mixin.py:188} INFO - [2024-03-26T21:05:24.102+0000] {dag.py:3047} INFO - Sync 1 DAGs
[2024-03-26T21:05:24.172+0000] {logging_mixin.py:188} INFO - [2024-03-26T21:05:24.172+0000] {dag.py:3834} INFO - Setting next_dagrun for example_branch_python_operator_decorator to 2024-03-25 00:00:00+00:00, run_after=2024-03-26 00:00:00+00:00
[2024-03-26T21:05:24.241+0000] {processor.py:183} INFO - Processing /home/airflow/.local/lib/python3.8/site-packages/airflow/example_dags/example_branch_operator_decorator.py took 0.362 seconds
[2024-03-26T21:05:54.666+0000] {processor.py:161} INFO - Started process (PID=1341) to work on /home/airflow/.local/lib/python3.8/site-packages/airflow/example_dags/example_branch_operator_decorator.py
[2024-03-26T21:05:54.668+0000] {processor.py:830} INFO - Processing file /home/airflow/.local/lib/python3.8/site-packages/airflow/example_dags/example_branch_operator_decorator.py for tasks to queue
[2024-03-26T21:05:54.670+0000] {logging_mixin.py:188} INFO - [2024-03-26T21:05:54.669+0000] {dagbag.py:540} INFO - Filling up the DagBag from /home/airflow/.local/lib/python3.8/site-packages/airflow/example_dags/example_branch_operator_decorator.py
[2024-03-26T21:05:54.760+0000] {processor.py:840} INFO - DAG(s) 'example_branch_python_operator_decorator' retrieved from /home/airflow/.local/lib/python3.8/site-packages/airflow/example_dags/example_branch_operator_decorator.py
[2024-03-26T21:05:54.906+0000] {logging_mixin.py:188} INFO - [2024-03-26T21:05:54.900+0000] {dag.py:3047} INFO - Sync 1 DAGs
[2024-03-26T21:05:54.970+0000] {logging_mixin.py:188} INFO - [2024-03-26T21:05:54.970+0000] {dag.py:3834} INFO - Setting next_dagrun for example_branch_python_operator_decorator to 2024-03-25 00:00:00+00:00, run_after=2024-03-26 00:00:00+00:00
[2024-03-26T21:05:55.039+0000] {processor.py:183} INFO - Processing /home/airflow/.local/lib/python3.8/site-packages/airflow/example_dags/example_branch_operator_decorator.py took 0.390 seconds
[2024-03-26T21:06:25.543+0000] {processor.py:161} INFO - Started process (PID=1588) to work on /home/airflow/.local/lib/python3.8/site-packages/airflow/example_dags/example_branch_operator_decorator.py
[2024-03-26T21:06:25.545+0000] {processor.py:830} INFO - Processing file /home/airflow/.local/lib/python3.8/site-packages/airflow/example_dags/example_branch_operator_decorator.py for tasks to queue
[2024-03-26T21:06:25.546+0000] {logging_mixin.py:188} INFO - [2024-03-26T21:06:25.546+0000] {dagbag.py:540} INFO - Filling up the DagBag from /home/airflow/.local/lib/python3.8/site-packages/airflow/example_dags/example_branch_operator_decorator.py
[2024-03-26T21:06:25.608+0000] {processor.py:840} INFO - DAG(s) 'example_branch_python_operator_decorator' retrieved from /home/airflow/.local/lib/python3.8/site-packages/airflow/example_dags/example_branch_operator_decorator.py
[2024-03-26T21:06:25.734+0000] {logging_mixin.py:188} INFO - [2024-03-26T21:06:25.733+0000] {dag.py:3047} INFO - Sync 1 DAGs
[2024-03-26T21:06:25.885+0000] {logging_mixin.py:188} INFO - [2024-03-26T21:06:25.884+0000] {dag.py:3834} INFO - Setting next_dagrun for example_branch_python_operator_decorator to 2024-03-25 00:00:00+00:00, run_after=2024-03-26 00:00:00+00:00
[2024-03-26T21:06:26.007+0000] {processor.py:183} INFO - Processing /home/airflow/.local/lib/python3.8/site-packages/airflow/example_dags/example_branch_operator_decorator.py took 0.480 seconds
[2024-03-26T21:06:56.237+0000] {processor.py:161} INFO - Started process (PID=1835) to work on /home/airflow/.local/lib/python3.8/site-packages/airflow/example_dags/example_branch_operator_decorator.py
[2024-03-26T21:06:56.243+0000] {processor.py:830} INFO - Processing file /home/airflow/.local/lib/python3.8/site-packages/airflow/example_dags/example_branch_operator_decorator.py for tasks to queue
[2024-03-26T21:06:56.245+0000] {logging_mixin.py:188} INFO - [2024-03-26T21:06:56.244+0000] {dagbag.py:540} INFO - Filling up the DagBag from /home/airflow/.local/lib/python3.8/site-packages/airflow/example_dags/example_branch_operator_decorator.py
[2024-03-26T21:06:56.323+0000] {processor.py:840} INFO - DAG(s) 'example_branch_python_operator_decorator' retrieved from /home/airflow/.local/lib/python3.8/site-packages/airflow/example_dags/example_branch_operator_decorator.py
[2024-03-26T21:06:56.417+0000] {logging_mixin.py:188} INFO - [2024-03-26T21:06:56.416+0000] {dag.py:3047} INFO - Sync 1 DAGs
[2024-03-26T21:06:56.494+0000] {logging_mixin.py:188} INFO - [2024-03-26T21:06:56.494+0000] {dag.py:3834} INFO - Setting next_dagrun for example_branch_python_operator_decorator to 2024-03-25 00:00:00+00:00, run_after=2024-03-26 00:00:00+00:00
[2024-03-26T21:06:56.566+0000] {processor.py:183} INFO - Processing /home/airflow/.local/lib/python3.8/site-packages/airflow/example_dags/example_branch_operator_decorator.py took 0.334 seconds
[2024-03-26T21:07:26.964+0000] {processor.py:161} INFO - Started process (PID=2082) to work on /home/airflow/.local/lib/python3.8/site-packages/airflow/example_dags/example_branch_operator_decorator.py
[2024-03-26T21:07:26.965+0000] {processor.py:830} INFO - Processing file /home/airflow/.local/lib/python3.8/site-packages/airflow/example_dags/example_branch_operator_decorator.py for tasks to queue
[2024-03-26T21:07:26.972+0000] {logging_mixin.py:188} INFO - [2024-03-26T21:07:26.972+0000] {dagbag.py:540} INFO - Filling up the DagBag from /home/airflow/.local/lib/python3.8/site-packages/airflow/example_dags/example_branch_operator_decorator.py
[2024-03-26T21:07:27.031+0000] {processor.py:840} INFO - DAG(s) 'example_branch_python_operator_decorator' retrieved from /home/airflow/.local/lib/python3.8/site-packages/airflow/example_dags/example_branch_operator_decorator.py
[2024-03-26T21:07:27.112+0000] {logging_mixin.py:188} INFO - [2024-03-26T21:07:27.112+0000] {dag.py:3047} INFO - Sync 1 DAGs
[2024-03-26T21:07:27.174+0000] {logging_mixin.py:188} INFO - [2024-03-26T21:07:27.174+0000] {dag.py:3834} INFO - Setting next_dagrun for example_branch_python_operator_decorator to 2024-03-25 00:00:00+00:00, run_after=2024-03-26 00:00:00+00:00
[2024-03-26T21:07:27.252+0000] {processor.py:183} INFO - Processing /home/airflow/.local/lib/python3.8/site-packages/airflow/example_dags/example_branch_operator_decorator.py took 0.299 seconds
[2024-03-26T21:07:57.423+0000] {processor.py:161} INFO - Started process (PID=2328) to work on /home/airflow/.local/lib/python3.8/site-packages/airflow/example_dags/example_branch_operator_decorator.py
[2024-03-26T21:07:57.425+0000] {processor.py:830} INFO - Processing file /home/airflow/.local/lib/python3.8/site-packages/airflow/example_dags/example_branch_operator_decorator.py for tasks to queue
[2024-03-26T21:07:57.426+0000] {logging_mixin.py:188} INFO - [2024-03-26T21:07:57.426+0000] {dagbag.py:540} INFO - Filling up the DagBag from /home/airflow/.local/lib/python3.8/site-packages/airflow/example_dags/example_branch_operator_decorator.py
[2024-03-26T21:07:57.485+0000] {processor.py:840} INFO - DAG(s) 'example_branch_python_operator_decorator' retrieved from /home/airflow/.local/lib/python3.8/site-packages/airflow/example_dags/example_branch_operator_decorator.py
[2024-03-26T21:07:57.566+0000] {logging_mixin.py:188} INFO - [2024-03-26T21:07:57.565+0000] {dag.py:3047} INFO - Sync 1 DAGs
[2024-03-26T21:07:57.636+0000] {logging_mixin.py:188} INFO - [2024-03-26T21:07:57.636+0000] {dag.py:3834} INFO - Setting next_dagrun for example_branch_python_operator_decorator to 2024-03-25 00:00:00+00:00, run_after=2024-03-26 00:00:00+00:00
[2024-03-26T21:07:57.703+0000] {processor.py:183} INFO - Processing /home/airflow/.local/lib/python3.8/site-packages/airflow/example_dags/example_branch_operator_decorator.py took 0.289 seconds
[2024-03-26T21:08:28.059+0000] {processor.py:161} INFO - Started process (PID=2575) to work on /home/airflow/.local/lib/python3.8/site-packages/airflow/example_dags/example_branch_operator_decorator.py
[2024-03-26T21:08:28.061+0000] {processor.py:830} INFO - Processing file /home/airflow/.local/lib/python3.8/site-packages/airflow/example_dags/example_branch_operator_decorator.py for tasks to queue
[2024-03-26T21:08:28.068+0000] {logging_mixin.py:188} INFO - [2024-03-26T21:08:28.068+0000] {dagbag.py:540} INFO - Filling up the DagBag from /home/airflow/.local/lib/python3.8/site-packages/airflow/example_dags/example_branch_operator_decorator.py
[2024-03-26T21:08:28.140+0000] {processor.py:840} INFO - DAG(s) 'example_branch_python_operator_decorator' retrieved from /home/airflow/.local/lib/python3.8/site-packages/airflow/example_dags/example_branch_operator_decorator.py
[2024-03-26T21:08:28.239+0000] {logging_mixin.py:188} INFO - [2024-03-26T21:08:28.239+0000] {dag.py:3047} INFO - Sync 1 DAGs
[2024-03-26T21:08:28.328+0000] {logging_mixin.py:188} INFO - [2024-03-26T21:08:28.327+0000] {dag.py:3834} INFO - Setting next_dagrun for example_branch_python_operator_decorator to 2024-03-25 00:00:00+00:00, run_after=2024-03-26 00:00:00+00:00
[2024-03-26T21:08:28.412+0000] {processor.py:183} INFO - Processing /home/airflow/.local/lib/python3.8/site-packages/airflow/example_dags/example_branch_operator_decorator.py took 0.362 seconds
[2024-03-26T21:08:59.018+0000] {processor.py:161} INFO - Started process (PID=2822) to work on /home/airflow/.local/lib/python3.8/site-packages/airflow/example_dags/example_branch_operator_decorator.py
[2024-03-26T21:08:59.020+0000] {processor.py:830} INFO - Processing file /home/airflow/.local/lib/python3.8/site-packages/airflow/example_dags/example_branch_operator_decorator.py for tasks to queue
[2024-03-26T21:08:59.027+0000] {logging_mixin.py:188} INFO - [2024-03-26T21:08:59.026+0000] {dagbag.py:540} INFO - Filling up the DagBag from /home/airflow/.local/lib/python3.8/site-packages/airflow/example_dags/example_branch_operator_decorator.py
[2024-03-26T21:08:59.090+0000] {processor.py:840} INFO - DAG(s) 'example_branch_python_operator_decorator' retrieved from /home/airflow/.local/lib/python3.8/site-packages/airflow/example_dags/example_branch_operator_decorator.py
[2024-03-26T21:08:59.167+0000] {logging_mixin.py:188} INFO - [2024-03-26T21:08:59.167+0000] {dag.py:3047} INFO - Sync 1 DAGs
[2024-03-26T21:08:59.228+0000] {logging_mixin.py:188} INFO - [2024-03-26T21:08:59.228+0000] {dag.py:3834} INFO - Setting next_dagrun for example_branch_python_operator_decorator to 2024-03-25 00:00:00+00:00, run_after=2024-03-26 00:00:00+00:00
[2024-03-26T21:08:59.280+0000] {processor.py:183} INFO - Processing /home/airflow/.local/lib/python3.8/site-packages/airflow/example_dags/example_branch_operator_decorator.py took 0.280 seconds
[2024-03-26T21:09:29.648+0000] {processor.py:161} INFO - Started process (PID=3069) to work on /home/airflow/.local/lib/python3.8/site-packages/airflow/example_dags/example_branch_operator_decorator.py
[2024-03-26T21:09:29.650+0000] {processor.py:830} INFO - Processing file /home/airflow/.local/lib/python3.8/site-packages/airflow/example_dags/example_branch_operator_decorator.py for tasks to queue
[2024-03-26T21:09:29.666+0000] {logging_mixin.py:188} INFO - [2024-03-26T21:09:29.666+0000] {dagbag.py:540} INFO - Filling up the DagBag from /home/airflow/.local/lib/python3.8/site-packages/airflow/example_dags/example_branch_operator_decorator.py
[2024-03-26T21:09:29.759+0000] {processor.py:840} INFO - DAG(s) 'example_branch_python_operator_decorator' retrieved from /home/airflow/.local/lib/python3.8/site-packages/airflow/example_dags/example_branch_operator_decorator.py
[2024-03-26T21:09:29.897+0000] {logging_mixin.py:188} INFO - [2024-03-26T21:09:29.896+0000] {dag.py:3047} INFO - Sync 1 DAGs
[2024-03-26T21:09:30.019+0000] {logging_mixin.py:188} INFO - [2024-03-26T21:09:30.018+0000] {dag.py:3834} INFO - Setting next_dagrun for example_branch_python_operator_decorator to 2024-03-25 00:00:00+00:00, run_after=2024-03-26 00:00:00+00:00
[2024-03-26T21:09:30.088+0000] {processor.py:183} INFO - Processing /home/airflow/.local/lib/python3.8/site-packages/airflow/example_dags/example_branch_operator_decorator.py took 0.451 seconds
[2024-03-26T21:10:00.468+0000] {processor.py:161} INFO - Started process (PID=3316) to work on /home/airflow/.local/lib/python3.8/site-packages/airflow/example_dags/example_branch_operator_decorator.py
[2024-03-26T21:10:00.476+0000] {processor.py:830} INFO - Processing file /home/airflow/.local/lib/python3.8/site-packages/airflow/example_dags/example_branch_operator_decorator.py for tasks to queue
[2024-03-26T21:10:00.485+0000] {logging_mixin.py:188} INFO - [2024-03-26T21:10:00.478+0000] {dagbag.py:540} INFO - Filling up the DagBag from /home/airflow/.local/lib/python3.8/site-packages/airflow/example_dags/example_branch_operator_decorator.py
[2024-03-26T21:10:00.595+0000] {processor.py:840} INFO - DAG(s) 'example_branch_python_operator_decorator' retrieved from /home/airflow/.local/lib/python3.8/site-packages/airflow/example_dags/example_branch_operator_decorator.py
[2024-03-26T21:10:00.737+0000] {logging_mixin.py:188} INFO - [2024-03-26T21:10:00.736+0000] {dag.py:3047} INFO - Sync 1 DAGs
[2024-03-26T21:10:00.846+0000] {logging_mixin.py:188} INFO - [2024-03-26T21:10:00.845+0000] {dag.py:3834} INFO - Setting next_dagrun for example_branch_python_operator_decorator to 2024-03-25 00:00:00+00:00, run_after=2024-03-26 00:00:00+00:00
[2024-03-26T21:10:00.907+0000] {processor.py:183} INFO - Processing /home/airflow/.local/lib/python3.8/site-packages/airflow/example_dags/example_branch_operator_decorator.py took 0.452 seconds
[2024-03-26T21:10:31.185+0000] {processor.py:161} INFO - Started process (PID=3563) to work on /home/airflow/.local/lib/python3.8/site-packages/airflow/example_dags/example_branch_operator_decorator.py
[2024-03-26T21:10:31.186+0000] {processor.py:830} INFO - Processing file /home/airflow/.local/lib/python3.8/site-packages/airflow/example_dags/example_branch_operator_decorator.py for tasks to queue
[2024-03-26T21:10:31.193+0000] {logging_mixin.py:188} INFO - [2024-03-26T21:10:31.193+0000] {dagbag.py:540} INFO - Filling up the DagBag from /home/airflow/.local/lib/python3.8/site-packages/airflow/example_dags/example_branch_operator_decorator.py
[2024-03-26T21:10:31.256+0000] {processor.py:840} INFO - DAG(s) 'example_branch_python_operator_decorator' retrieved from /home/airflow/.local/lib/python3.8/site-packages/airflow/example_dags/example_branch_operator_decorator.py
[2024-03-26T21:10:31.353+0000] {logging_mixin.py:188} INFO - [2024-03-26T21:10:31.352+0000] {dag.py:3047} INFO - Sync 1 DAGs
[2024-03-26T21:10:31.446+0000] {logging_mixin.py:188} INFO - [2024-03-26T21:10:31.445+0000] {dag.py:3834} INFO - Setting next_dagrun for example_branch_python_operator_decorator to 2024-03-25 00:00:00+00:00, run_after=2024-03-26 00:00:00+00:00
[2024-03-26T21:10:31.533+0000] {processor.py:183} INFO - Processing /home/airflow/.local/lib/python3.8/site-packages/airflow/example_dags/example_branch_operator_decorator.py took 0.358 seconds
[2024-03-26T21:11:02.172+0000] {processor.py:161} INFO - Started process (PID=3810) to work on /home/airflow/.local/lib/python3.8/site-packages/airflow/example_dags/example_branch_operator_decorator.py
[2024-03-26T21:11:02.179+0000] {processor.py:830} INFO - Processing file /home/airflow/.local/lib/python3.8/site-packages/airflow/example_dags/example_branch_operator_decorator.py for tasks to queue
[2024-03-26T21:11:02.180+0000] {logging_mixin.py:188} INFO - [2024-03-26T21:11:02.180+0000] {dagbag.py:540} INFO - Filling up the DagBag from /home/airflow/.local/lib/python3.8/site-packages/airflow/example_dags/example_branch_operator_decorator.py
[2024-03-26T21:11:02.251+0000] {processor.py:840} INFO - DAG(s) 'example_branch_python_operator_decorator' retrieved from /home/airflow/.local/lib/python3.8/site-packages/airflow/example_dags/example_branch_operator_decorator.py
[2024-03-26T21:11:02.379+0000] {logging_mixin.py:188} INFO - [2024-03-26T21:11:02.372+0000] {dag.py:3047} INFO - Sync 1 DAGs
[2024-03-26T21:11:02.462+0000] {logging_mixin.py:188} INFO - [2024-03-26T21:11:02.462+0000] {dag.py:3834} INFO - Setting next_dagrun for example_branch_python_operator_decorator to 2024-03-25 00:00:00+00:00, run_after=2024-03-26 00:00:00+00:00
[2024-03-26T21:11:02.541+0000] {processor.py:183} INFO - Processing /home/airflow/.local/lib/python3.8/site-packages/airflow/example_dags/example_branch_operator_decorator.py took 0.378 seconds
[2024-03-26T21:11:33.191+0000] {processor.py:161} INFO - Started process (PID=4057) to work on /home/airflow/.local/lib/python3.8/site-packages/airflow/example_dags/example_branch_operator_decorator.py
[2024-03-26T21:11:33.193+0000] {processor.py:830} INFO - Processing file /home/airflow/.local/lib/python3.8/site-packages/airflow/example_dags/example_branch_operator_decorator.py for tasks to queue
[2024-03-26T21:11:33.200+0000] {logging_mixin.py:188} INFO - [2024-03-26T21:11:33.193+0000] {dagbag.py:540} INFO - Filling up the DagBag from /home/airflow/.local/lib/python3.8/site-packages/airflow/example_dags/example_branch_operator_decorator.py
[2024-03-26T21:11:33.263+0000] {processor.py:840} INFO - DAG(s) 'example_branch_python_operator_decorator' retrieved from /home/airflow/.local/lib/python3.8/site-packages/airflow/example_dags/example_branch_operator_decorator.py
[2024-03-26T21:11:33.374+0000] {logging_mixin.py:188} INFO - [2024-03-26T21:11:33.373+0000] {dag.py:3047} INFO - Sync 1 DAGs
[2024-03-26T21:11:33.463+0000] {logging_mixin.py:188} INFO - [2024-03-26T21:11:33.462+0000] {dag.py:3834} INFO - Setting next_dagrun for example_branch_python_operator_decorator to 2024-03-25 00:00:00+00:00, run_after=2024-03-26 00:00:00+00:00
[2024-03-26T21:11:33.540+0000] {processor.py:183} INFO - Processing /home/airflow/.local/lib/python3.8/site-packages/airflow/example_dags/example_branch_operator_decorator.py took 0.359 seconds
[2024-03-26T21:12:03.987+0000] {processor.py:161} INFO - Started process (PID=4304) to work on /home/airflow/.local/lib/python3.8/site-packages/airflow/example_dags/example_branch_operator_decorator.py
[2024-03-26T21:12:03.988+0000] {processor.py:830} INFO - Processing file /home/airflow/.local/lib/python3.8/site-packages/airflow/example_dags/example_branch_operator_decorator.py for tasks to queue
[2024-03-26T21:12:04.005+0000] {logging_mixin.py:188} INFO - [2024-03-26T21:12:03.998+0000] {dagbag.py:540} INFO - Filling up the DagBag from /home/airflow/.local/lib/python3.8/site-packages/airflow/example_dags/example_branch_operator_decorator.py
[2024-03-26T21:12:04.108+0000] {processor.py:840} INFO - DAG(s) 'example_branch_python_operator_decorator' retrieved from /home/airflow/.local/lib/python3.8/site-packages/airflow/example_dags/example_branch_operator_decorator.py
[2024-03-26T21:12:04.235+0000] {logging_mixin.py:188} INFO - [2024-03-26T21:12:04.228+0000] {dag.py:3047} INFO - Sync 1 DAGs
[2024-03-26T21:12:04.315+0000] {logging_mixin.py:188} INFO - [2024-03-26T21:12:04.308+0000] {dag.py:3834} INFO - Setting next_dagrun for example_branch_python_operator_decorator to 2024-03-25 00:00:00+00:00, run_after=2024-03-26 00:00:00+00:00
[2024-03-26T21:12:04.406+0000] {processor.py:183} INFO - Processing /home/airflow/.local/lib/python3.8/site-packages/airflow/example_dags/example_branch_operator_decorator.py took 0.430 seconds
[2024-03-26T21:12:34.716+0000] {processor.py:161} INFO - Started process (PID=4551) to work on /home/airflow/.local/lib/python3.8/site-packages/airflow/example_dags/example_branch_operator_decorator.py
[2024-03-26T21:12:34.738+0000] {processor.py:830} INFO - Processing file /home/airflow/.local/lib/python3.8/site-packages/airflow/example_dags/example_branch_operator_decorator.py for tasks to queue
[2024-03-26T21:12:34.747+0000] {logging_mixin.py:188} INFO - [2024-03-26T21:12:34.746+0000] {dagbag.py:540} INFO - Filling up the DagBag from /home/airflow/.local/lib/python3.8/site-packages/airflow/example_dags/example_branch_operator_decorator.py
[2024-03-26T21:12:34.889+0000] {processor.py:840} INFO - DAG(s) 'example_branch_python_operator_decorator' retrieved from /home/airflow/.local/lib/python3.8/site-packages/airflow/example_dags/example_branch_operator_decorator.py
[2024-03-26T21:12:35.076+0000] {logging_mixin.py:188} INFO - [2024-03-26T21:12:35.069+0000] {dag.py:3047} INFO - Sync 1 DAGs
[2024-03-26T21:12:35.208+0000] {logging_mixin.py:188} INFO - [2024-03-26T21:12:35.207+0000] {dag.py:3834} INFO - Setting next_dagrun for example_branch_python_operator_decorator to 2024-03-25 00:00:00+00:00, run_after=2024-03-26 00:00:00+00:00
[2024-03-26T21:12:35.306+0000] {processor.py:183} INFO - Processing /home/airflow/.local/lib/python3.8/site-packages/airflow/example_dags/example_branch_operator_decorator.py took 0.616 seconds
[2024-03-26T21:13:06.253+0000] {processor.py:161} INFO - Started process (PID=4804) to work on /home/airflow/.local/lib/python3.8/site-packages/airflow/example_dags/example_branch_operator_decorator.py
[2024-03-26T21:13:06.254+0000] {processor.py:830} INFO - Processing file /home/airflow/.local/lib/python3.8/site-packages/airflow/example_dags/example_branch_operator_decorator.py for tasks to queue
[2024-03-26T21:13:06.262+0000] {logging_mixin.py:188} INFO - [2024-03-26T21:13:06.255+0000] {dagbag.py:540} INFO - Filling up the DagBag from /home/airflow/.local/lib/python3.8/site-packages/airflow/example_dags/example_branch_operator_decorator.py
[2024-03-26T21:13:06.372+0000] {processor.py:840} INFO - DAG(s) 'example_branch_python_operator_decorator' retrieved from /home/airflow/.local/lib/python3.8/site-packages/airflow/example_dags/example_branch_operator_decorator.py
[2024-03-26T21:13:06.482+0000] {logging_mixin.py:188} INFO - [2024-03-26T21:13:06.482+0000] {dag.py:3047} INFO - Sync 1 DAGs
[2024-03-26T21:13:06.564+0000] {logging_mixin.py:188} INFO - [2024-03-26T21:13:06.563+0000] {dag.py:3834} INFO - Setting next_dagrun for example_branch_python_operator_decorator to 2024-03-25 00:00:00+00:00, run_after=2024-03-26 00:00:00+00:00
[2024-03-26T21:13:06.632+0000] {processor.py:183} INFO - Processing /home/airflow/.local/lib/python3.8/site-packages/airflow/example_dags/example_branch_operator_decorator.py took 0.397 seconds
[2024-03-26T21:13:37.481+0000] {processor.py:161} INFO - Started process (PID=5051) to work on /home/airflow/.local/lib/python3.8/site-packages/airflow/example_dags/example_branch_operator_decorator.py
[2024-03-26T21:13:37.491+0000] {processor.py:830} INFO - Processing file /home/airflow/.local/lib/python3.8/site-packages/airflow/example_dags/example_branch_operator_decorator.py for tasks to queue
[2024-03-26T21:13:37.499+0000] {logging_mixin.py:188} INFO - [2024-03-26T21:13:37.499+0000] {dagbag.py:540} INFO - Filling up the DagBag from /home/airflow/.local/lib/python3.8/site-packages/airflow/example_dags/example_branch_operator_decorator.py
[2024-03-26T21:13:37.588+0000] {processor.py:840} INFO - DAG(s) 'example_branch_python_operator_decorator' retrieved from /home/airflow/.local/lib/python3.8/site-packages/airflow/example_dags/example_branch_operator_decorator.py
[2024-03-26T21:13:37.688+0000] {logging_mixin.py:188} INFO - [2024-03-26T21:13:37.688+0000] {dag.py:3047} INFO - Sync 1 DAGs
[2024-03-26T21:13:37.769+0000] {logging_mixin.py:188} INFO - [2024-03-26T21:13:37.769+0000] {dag.py:3834} INFO - Setting next_dagrun for example_branch_python_operator_decorator to 2024-03-25 00:00:00+00:00, run_after=2024-03-26 00:00:00+00:00
[2024-03-26T21:13:37.858+0000] {processor.py:183} INFO - Processing /home/airflow/.local/lib/python3.8/site-packages/airflow/example_dags/example_branch_operator_decorator.py took 0.389 seconds
[2024-03-26T21:14:08.680+0000] {processor.py:161} INFO - Started process (PID=5298) to work on /home/airflow/.local/lib/python3.8/site-packages/airflow/example_dags/example_branch_operator_decorator.py
[2024-03-26T21:14:08.682+0000] {processor.py:830} INFO - Processing file /home/airflow/.local/lib/python3.8/site-packages/airflow/example_dags/example_branch_operator_decorator.py for tasks to queue
[2024-03-26T21:14:08.690+0000] {logging_mixin.py:188} INFO - [2024-03-26T21:14:08.689+0000] {dagbag.py:540} INFO - Filling up the DagBag from /home/airflow/.local/lib/python3.8/site-packages/airflow/example_dags/example_branch_operator_decorator.py
[2024-03-26T21:14:08.772+0000] {processor.py:840} INFO - DAG(s) 'example_branch_python_operator_decorator' retrieved from /home/airflow/.local/lib/python3.8/site-packages/airflow/example_dags/example_branch_operator_decorator.py
[2024-03-26T21:14:08.899+0000] {logging_mixin.py:188} INFO - [2024-03-26T21:14:08.892+0000] {dag.py:3047} INFO - Sync 1 DAGs
[2024-03-26T21:14:08.981+0000] {logging_mixin.py:188} INFO - [2024-03-26T21:14:08.981+0000] {dag.py:3834} INFO - Setting next_dagrun for example_branch_python_operator_decorator to 2024-03-25 00:00:00+00:00, run_after=2024-03-26 00:00:00+00:00
[2024-03-26T21:14:09.080+0000] {processor.py:183} INFO - Processing /home/airflow/.local/lib/python3.8/site-packages/airflow/example_dags/example_branch_operator_decorator.py took 0.411 seconds
[2024-03-26T21:14:39.374+0000] {processor.py:161} INFO - Started process (PID=5543) to work on /home/airflow/.local/lib/python3.8/site-packages/airflow/example_dags/example_branch_operator_decorator.py
[2024-03-26T21:14:39.377+0000] {processor.py:830} INFO - Processing file /home/airflow/.local/lib/python3.8/site-packages/airflow/example_dags/example_branch_operator_decorator.py for tasks to queue
[2024-03-26T21:14:39.385+0000] {logging_mixin.py:188} INFO - [2024-03-26T21:14:39.384+0000] {dagbag.py:540} INFO - Filling up the DagBag from /home/airflow/.local/lib/python3.8/site-packages/airflow/example_dags/example_branch_operator_decorator.py
[2024-03-26T21:14:39.487+0000] {processor.py:840} INFO - DAG(s) 'example_branch_python_operator_decorator' retrieved from /home/airflow/.local/lib/python3.8/site-packages/airflow/example_dags/example_branch_operator_decorator.py
[2024-03-26T21:14:39.626+0000] {logging_mixin.py:188} INFO - [2024-03-26T21:14:39.625+0000] {dag.py:3047} INFO - Sync 1 DAGs
[2024-03-26T21:14:39.735+0000] {logging_mixin.py:188} INFO - [2024-03-26T21:14:39.734+0000] {dag.py:3834} INFO - Setting next_dagrun for example_branch_python_operator_decorator to 2024-03-25 00:00:00+00:00, run_after=2024-03-26 00:00:00+00:00
[2024-03-26T21:14:39.846+0000] {processor.py:183} INFO - Processing /home/airflow/.local/lib/python3.8/site-packages/airflow/example_dags/example_branch_operator_decorator.py took 0.490 seconds
[2024-03-26T21:15:10.006+0000] {processor.py:161} INFO - Started process (PID=5785) to work on /home/airflow/.local/lib/python3.8/site-packages/airflow/example_dags/example_branch_operator_decorator.py
[2024-03-26T21:15:10.015+0000] {processor.py:830} INFO - Processing file /home/airflow/.local/lib/python3.8/site-packages/airflow/example_dags/example_branch_operator_decorator.py for tasks to queue
[2024-03-26T21:15:10.016+0000] {logging_mixin.py:188} INFO - [2024-03-26T21:15:10.016+0000] {dagbag.py:540} INFO - Filling up the DagBag from /home/airflow/.local/lib/python3.8/site-packages/airflow/example_dags/example_branch_operator_decorator.py
[2024-03-26T21:15:10.106+0000] {processor.py:840} INFO - DAG(s) 'example_branch_python_operator_decorator' retrieved from /home/airflow/.local/lib/python3.8/site-packages/airflow/example_dags/example_branch_operator_decorator.py
[2024-03-26T21:15:10.216+0000] {logging_mixin.py:188} INFO - [2024-03-26T21:15:10.215+0000] {dag.py:3047} INFO - Sync 1 DAGs
[2024-03-26T21:15:10.316+0000] {logging_mixin.py:188} INFO - [2024-03-26T21:15:10.316+0000] {dag.py:3834} INFO - Setting next_dagrun for example_branch_python_operator_decorator to 2024-03-25 00:00:00+00:00, run_after=2024-03-26 00:00:00+00:00
[2024-03-26T21:15:10.395+0000] {processor.py:183} INFO - Processing /home/airflow/.local/lib/python3.8/site-packages/airflow/example_dags/example_branch_operator_decorator.py took 0.392 seconds
[2024-03-26T21:15:40.665+0000] {processor.py:161} INFO - Started process (PID=6032) to work on /home/airflow/.local/lib/python3.8/site-packages/airflow/example_dags/example_branch_operator_decorator.py
[2024-03-26T21:15:40.667+0000] {processor.py:830} INFO - Processing file /home/airflow/.local/lib/python3.8/site-packages/airflow/example_dags/example_branch_operator_decorator.py for tasks to queue
[2024-03-26T21:15:40.675+0000] {logging_mixin.py:188} INFO - [2024-03-26T21:15:40.674+0000] {dagbag.py:540} INFO - Filling up the DagBag from /home/airflow/.local/lib/python3.8/site-packages/airflow/example_dags/example_branch_operator_decorator.py
[2024-03-26T21:15:40.777+0000] {processor.py:840} INFO - DAG(s) 'example_branch_python_operator_decorator' retrieved from /home/airflow/.local/lib/python3.8/site-packages/airflow/example_dags/example_branch_operator_decorator.py
[2024-03-26T21:15:40.886+0000] {logging_mixin.py:188} INFO - [2024-03-26T21:15:40.886+0000] {dag.py:3047} INFO - Sync 1 DAGs
[2024-03-26T21:15:40.984+0000] {logging_mixin.py:188} INFO - [2024-03-26T21:15:40.984+0000] {dag.py:3834} INFO - Setting next_dagrun for example_branch_python_operator_decorator to 2024-03-25 00:00:00+00:00, run_after=2024-03-26 00:00:00+00:00
[2024-03-26T21:15:41.065+0000] {processor.py:183} INFO - Processing /home/airflow/.local/lib/python3.8/site-packages/airflow/example_dags/example_branch_operator_decorator.py took 0.410 seconds
[2024-03-26T21:16:12.113+0000] {processor.py:161} INFO - Started process (PID=6279) to work on /home/airflow/.local/lib/python3.8/site-packages/airflow/example_dags/example_branch_operator_decorator.py
[2024-03-26T21:16:12.115+0000] {processor.py:830} INFO - Processing file /home/airflow/.local/lib/python3.8/site-packages/airflow/example_dags/example_branch_operator_decorator.py for tasks to queue
[2024-03-26T21:16:12.123+0000] {logging_mixin.py:188} INFO - [2024-03-26T21:16:12.122+0000] {dagbag.py:540} INFO - Filling up the DagBag from /home/airflow/.local/lib/python3.8/site-packages/airflow/example_dags/example_branch_operator_decorator.py
[2024-03-26T21:16:12.212+0000] {processor.py:840} INFO - DAG(s) 'example_branch_python_operator_decorator' retrieved from /home/airflow/.local/lib/python3.8/site-packages/airflow/example_dags/example_branch_operator_decorator.py
[2024-03-26T21:16:12.323+0000] {logging_mixin.py:188} INFO - [2024-03-26T21:16:12.323+0000] {dag.py:3047} INFO - Sync 1 DAGs
[2024-03-26T21:16:12.412+0000] {logging_mixin.py:188} INFO - [2024-03-26T21:16:12.412+0000] {dag.py:3834} INFO - Setting next_dagrun for example_branch_python_operator_decorator to 2024-03-25 00:00:00+00:00, run_after=2024-03-26 00:00:00+00:00
[2024-03-26T21:16:12.493+0000] {processor.py:183} INFO - Processing /home/airflow/.local/lib/python3.8/site-packages/airflow/example_dags/example_branch_operator_decorator.py took 0.399 seconds
[2024-03-26T21:21:13.286+0000] {processor.py:161} INFO - Started process (PID=349) to work on /home/airflow/.local/lib/python3.8/site-packages/airflow/example_dags/example_branch_operator_decorator.py
[2024-03-26T21:21:13.287+0000] {processor.py:830} INFO - Processing file /home/airflow/.local/lib/python3.8/site-packages/airflow/example_dags/example_branch_operator_decorator.py for tasks to queue
[2024-03-26T21:21:13.296+0000] {logging_mixin.py:188} INFO - [2024-03-26T21:21:13.296+0000] {dagbag.py:540} INFO - Filling up the DagBag from /home/airflow/.local/lib/python3.8/site-packages/airflow/example_dags/example_branch_operator_decorator.py
[2024-03-26T21:21:13.527+0000] {processor.py:840} INFO - DAG(s) 'example_branch_python_operator_decorator' retrieved from /home/airflow/.local/lib/python3.8/site-packages/airflow/example_dags/example_branch_operator_decorator.py
[2024-03-26T21:21:14.318+0000] {logging_mixin.py:188} INFO - [2024-03-26T21:21:14.317+0000] {dag.py:3047} INFO - Sync 1 DAGs
[2024-03-26T21:21:14.458+0000] {logging_mixin.py:188} INFO - [2024-03-26T21:21:14.457+0000] {dag.py:3834} INFO - Setting next_dagrun for example_branch_python_operator_decorator to 2024-03-25 00:00:00+00:00, run_after=2024-03-26 00:00:00+00:00
[2024-03-26T21:21:14.617+0000] {processor.py:183} INFO - Processing /home/airflow/.local/lib/python3.8/site-packages/airflow/example_dags/example_branch_operator_decorator.py took 1.351 seconds
[2024-03-26T21:21:44.991+0000] {processor.py:161} INFO - Started process (PID=599) to work on /home/airflow/.local/lib/python3.8/site-packages/airflow/example_dags/example_branch_operator_decorator.py
[2024-03-26T21:21:45.001+0000] {processor.py:830} INFO - Processing file /home/airflow/.local/lib/python3.8/site-packages/airflow/example_dags/example_branch_operator_decorator.py for tasks to queue
[2024-03-26T21:21:45.010+0000] {logging_mixin.py:188} INFO - [2024-03-26T21:21:45.010+0000] {dagbag.py:540} INFO - Filling up the DagBag from /home/airflow/.local/lib/python3.8/site-packages/airflow/example_dags/example_branch_operator_decorator.py
[2024-03-26T21:21:45.131+0000] {processor.py:840} INFO - DAG(s) 'example_branch_python_operator_decorator' retrieved from /home/airflow/.local/lib/python3.8/site-packages/airflow/example_dags/example_branch_operator_decorator.py
[2024-03-26T21:21:45.320+0000] {logging_mixin.py:188} INFO - [2024-03-26T21:21:45.319+0000] {dag.py:3047} INFO - Sync 1 DAGs
[2024-03-26T21:21:45.490+0000] {logging_mixin.py:188} INFO - [2024-03-26T21:21:45.489+0000] {dag.py:3834} INFO - Setting next_dagrun for example_branch_python_operator_decorator to 2024-03-25 00:00:00+00:00, run_after=2024-03-26 00:00:00+00:00
[2024-03-26T21:21:45.621+0000] {processor.py:183} INFO - Processing /home/airflow/.local/lib/python3.8/site-packages/airflow/example_dags/example_branch_operator_decorator.py took 0.649 seconds
[2024-03-26T21:22:16.514+0000] {processor.py:161} INFO - Started process (PID=847) to work on /home/airflow/.local/lib/python3.8/site-packages/airflow/example_dags/example_branch_operator_decorator.py
[2024-03-26T21:22:16.524+0000] {processor.py:830} INFO - Processing file /home/airflow/.local/lib/python3.8/site-packages/airflow/example_dags/example_branch_operator_decorator.py for tasks to queue
[2024-03-26T21:22:16.533+0000] {logging_mixin.py:188} INFO - [2024-03-26T21:22:16.525+0000] {dagbag.py:540} INFO - Filling up the DagBag from /home/airflow/.local/lib/python3.8/site-packages/airflow/example_dags/example_branch_operator_decorator.py
[2024-03-26T21:22:16.674+0000] {processor.py:840} INFO - DAG(s) 'example_branch_python_operator_decorator' retrieved from /home/airflow/.local/lib/python3.8/site-packages/airflow/example_dags/example_branch_operator_decorator.py
[2024-03-26T21:22:16.815+0000] {logging_mixin.py:188} INFO - [2024-03-26T21:22:16.815+0000] {dag.py:3047} INFO - Sync 1 DAGs
[2024-03-26T21:22:16.944+0000] {logging_mixin.py:188} INFO - [2024-03-26T21:22:16.944+0000] {dag.py:3834} INFO - Setting next_dagrun for example_branch_python_operator_decorator to 2024-03-25 00:00:00+00:00, run_after=2024-03-26 00:00:00+00:00
[2024-03-26T21:22:17.055+0000] {processor.py:183} INFO - Processing /home/airflow/.local/lib/python3.8/site-packages/airflow/example_dags/example_branch_operator_decorator.py took 0.580 seconds
[2024-03-26T21:22:47.536+0000] {processor.py:161} INFO - Started process (PID=1094) to work on /home/airflow/.local/lib/python3.8/site-packages/airflow/example_dags/example_branch_operator_decorator.py
[2024-03-26T21:22:47.545+0000] {processor.py:830} INFO - Processing file /home/airflow/.local/lib/python3.8/site-packages/airflow/example_dags/example_branch_operator_decorator.py for tasks to queue
[2024-03-26T21:22:47.555+0000] {logging_mixin.py:188} INFO - [2024-03-26T21:22:47.547+0000] {dagbag.py:540} INFO - Filling up the DagBag from /home/airflow/.local/lib/python3.8/site-packages/airflow/example_dags/example_branch_operator_decorator.py
[2024-03-26T21:22:47.695+0000] {processor.py:840} INFO - DAG(s) 'example_branch_python_operator_decorator' retrieved from /home/airflow/.local/lib/python3.8/site-packages/airflow/example_dags/example_branch_operator_decorator.py
[2024-03-26T21:22:47.864+0000] {logging_mixin.py:188} INFO - [2024-03-26T21:22:47.857+0000] {dag.py:3047} INFO - Sync 1 DAGs
[2024-03-26T21:22:47.995+0000] {logging_mixin.py:188} INFO - [2024-03-26T21:22:47.995+0000] {dag.py:3834} INFO - Setting next_dagrun for example_branch_python_operator_decorator to 2024-03-25 00:00:00+00:00, run_after=2024-03-26 00:00:00+00:00
[2024-03-26T21:22:48.155+0000] {processor.py:183} INFO - Processing /home/airflow/.local/lib/python3.8/site-packages/airflow/example_dags/example_branch_operator_decorator.py took 0.638 seconds
[2024-03-26T21:23:18.980+0000] {processor.py:161} INFO - Started process (PID=1347) to work on /home/airflow/.local/lib/python3.8/site-packages/airflow/example_dags/example_branch_operator_decorator.py
[2024-03-26T21:23:18.989+0000] {processor.py:830} INFO - Processing file /home/airflow/.local/lib/python3.8/site-packages/airflow/example_dags/example_branch_operator_decorator.py for tasks to queue
[2024-03-26T21:23:18.999+0000] {logging_mixin.py:188} INFO - [2024-03-26T21:23:18.999+0000] {dagbag.py:540} INFO - Filling up the DagBag from /home/airflow/.local/lib/python3.8/site-packages/airflow/example_dags/example_branch_operator_decorator.py
[2024-03-26T21:23:19.178+0000] {processor.py:840} INFO - DAG(s) 'example_branch_python_operator_decorator' retrieved from /home/airflow/.local/lib/python3.8/site-packages/airflow/example_dags/example_branch_operator_decorator.py
[2024-03-26T21:23:19.340+0000] {logging_mixin.py:188} INFO - [2024-03-26T21:23:19.339+0000] {dag.py:3047} INFO - Sync 1 DAGs
[2024-03-26T21:23:19.518+0000] {logging_mixin.py:188} INFO - [2024-03-26T21:23:19.510+0000] {dag.py:3834} INFO - Setting next_dagrun for example_branch_python_operator_decorator to 2024-03-25 00:00:00+00:00, run_after=2024-03-26 00:00:00+00:00
[2024-03-26T21:23:19.660+0000] {processor.py:183} INFO - Processing /home/airflow/.local/lib/python3.8/site-packages/airflow/example_dags/example_branch_operator_decorator.py took 0.710 seconds
[2024-03-26T21:23:50.104+0000] {processor.py:161} INFO - Started process (PID=1592) to work on /home/airflow/.local/lib/python3.8/site-packages/airflow/example_dags/example_branch_operator_decorator.py
[2024-03-26T21:23:50.114+0000] {processor.py:830} INFO - Processing file /home/airflow/.local/lib/python3.8/site-packages/airflow/example_dags/example_branch_operator_decorator.py for tasks to queue
[2024-03-26T21:23:50.115+0000] {logging_mixin.py:188} INFO - [2024-03-26T21:23:50.115+0000] {dagbag.py:540} INFO - Filling up the DagBag from /home/airflow/.local/lib/python3.8/site-packages/airflow/example_dags/example_branch_operator_decorator.py
[2024-03-26T21:23:50.325+0000] {processor.py:840} INFO - DAG(s) 'example_branch_python_operator_decorator' retrieved from /home/airflow/.local/lib/python3.8/site-packages/airflow/example_dags/example_branch_operator_decorator.py
[2024-03-26T21:23:50.544+0000] {logging_mixin.py:188} INFO - [2024-03-26T21:23:50.544+0000] {dag.py:3047} INFO - Sync 1 DAGs
[2024-03-26T21:23:50.775+0000] {logging_mixin.py:188} INFO - [2024-03-26T21:23:50.775+0000] {dag.py:3834} INFO - Setting next_dagrun for example_branch_python_operator_decorator to 2024-03-25 00:00:00+00:00, run_after=2024-03-26 00:00:00+00:00
[2024-03-26T21:23:51.014+0000] {processor.py:183} INFO - Processing /home/airflow/.local/lib/python3.8/site-packages/airflow/example_dags/example_branch_operator_decorator.py took 0.949 seconds
[2024-03-26T21:24:21.318+0000] {processor.py:161} INFO - Started process (PID=1839) to work on /home/airflow/.local/lib/python3.8/site-packages/airflow/example_dags/example_branch_operator_decorator.py
[2024-03-26T21:24:21.328+0000] {processor.py:830} INFO - Processing file /home/airflow/.local/lib/python3.8/site-packages/airflow/example_dags/example_branch_operator_decorator.py for tasks to queue
[2024-03-26T21:24:21.338+0000] {logging_mixin.py:188} INFO - [2024-03-26T21:24:21.329+0000] {dagbag.py:540} INFO - Filling up the DagBag from /home/airflow/.local/lib/python3.8/site-packages/airflow/example_dags/example_branch_operator_decorator.py
[2024-03-26T21:24:21.540+0000] {processor.py:840} INFO - DAG(s) 'example_branch_python_operator_decorator' retrieved from /home/airflow/.local/lib/python3.8/site-packages/airflow/example_dags/example_branch_operator_decorator.py
[2024-03-26T21:24:21.798+0000] {logging_mixin.py:188} INFO - [2024-03-26T21:24:21.790+0000] {dag.py:3047} INFO - Sync 1 DAGs
[2024-03-26T21:24:22.018+0000] {logging_mixin.py:188} INFO - [2024-03-26T21:24:22.010+0000] {dag.py:3834} INFO - Setting next_dagrun for example_branch_python_operator_decorator to 2024-03-25 00:00:00+00:00, run_after=2024-03-26 00:00:00+00:00
[2024-03-26T21:24:22.199+0000] {processor.py:183} INFO - Processing /home/airflow/.local/lib/python3.8/site-packages/airflow/example_dags/example_branch_operator_decorator.py took 0.911 seconds
[2024-03-26T21:24:53.440+0000] {processor.py:161} INFO - Started process (PID=2087) to work on /home/airflow/.local/lib/python3.8/site-packages/airflow/example_dags/example_branch_operator_decorator.py
[2024-03-26T21:24:53.450+0000] {processor.py:830} INFO - Processing file /home/airflow/.local/lib/python3.8/site-packages/airflow/example_dags/example_branch_operator_decorator.py for tasks to queue
[2024-03-26T21:24:53.460+0000] {logging_mixin.py:188} INFO - [2024-03-26T21:24:53.451+0000] {dagbag.py:540} INFO - Filling up the DagBag from /home/airflow/.local/lib/python3.8/site-packages/airflow/example_dags/example_branch_operator_decorator.py
[2024-03-26T21:24:53.651+0000] {processor.py:840} INFO - DAG(s) 'example_branch_python_operator_decorator' retrieved from /home/airflow/.local/lib/python3.8/site-packages/airflow/example_dags/example_branch_operator_decorator.py
[2024-03-26T21:24:53.851+0000] {logging_mixin.py:188} INFO - [2024-03-26T21:24:53.851+0000] {dag.py:3047} INFO - Sync 1 DAGs
[2024-03-26T21:24:54.050+0000] {logging_mixin.py:188} INFO - [2024-03-26T21:24:54.050+0000] {dag.py:3834} INFO - Setting next_dagrun for example_branch_python_operator_decorator to 2024-03-25 00:00:00+00:00, run_after=2024-03-26 00:00:00+00:00
[2024-03-26T21:24:54.190+0000] {processor.py:183} INFO - Processing /home/airflow/.local/lib/python3.8/site-packages/airflow/example_dags/example_branch_operator_decorator.py took 0.790 seconds
[2024-03-26T21:25:24.413+0000] {processor.py:161} INFO - Started process (PID=2334) to work on /home/airflow/.local/lib/python3.8/site-packages/airflow/example_dags/example_branch_operator_decorator.py
[2024-03-26T21:25:24.422+0000] {processor.py:830} INFO - Processing file /home/airflow/.local/lib/python3.8/site-packages/airflow/example_dags/example_branch_operator_decorator.py for tasks to queue
[2024-03-26T21:25:24.432+0000] {logging_mixin.py:188} INFO - [2024-03-26T21:25:24.423+0000] {dagbag.py:540} INFO - Filling up the DagBag from /home/airflow/.local/lib/python3.8/site-packages/airflow/example_dags/example_branch_operator_decorator.py
[2024-03-26T21:25:24.622+0000] {processor.py:840} INFO - DAG(s) 'example_branch_python_operator_decorator' retrieved from /home/airflow/.local/lib/python3.8/site-packages/airflow/example_dags/example_branch_operator_decorator.py
[2024-03-26T21:25:24.833+0000] {logging_mixin.py:188} INFO - [2024-03-26T21:25:24.832+0000] {dag.py:3047} INFO - Sync 1 DAGs
[2024-03-26T21:25:25.003+0000] {logging_mixin.py:188} INFO - [2024-03-26T21:25:25.003+0000] {dag.py:3834} INFO - Setting next_dagrun for example_branch_python_operator_decorator to 2024-03-25 00:00:00+00:00, run_after=2024-03-26 00:00:00+00:00
[2024-03-26T21:25:25.142+0000] {processor.py:183} INFO - Processing /home/airflow/.local/lib/python3.8/site-packages/airflow/example_dags/example_branch_operator_decorator.py took 0.749 seconds
[2024-03-26T21:25:56.345+0000] {processor.py:161} INFO - Started process (PID=2582) to work on /home/airflow/.local/lib/python3.8/site-packages/airflow/example_dags/example_branch_operator_decorator.py
[2024-03-26T21:25:56.356+0000] {processor.py:830} INFO - Processing file /home/airflow/.local/lib/python3.8/site-packages/airflow/example_dags/example_branch_operator_decorator.py for tasks to queue
[2024-03-26T21:25:56.366+0000] {logging_mixin.py:188} INFO - [2024-03-26T21:25:56.366+0000] {dagbag.py:540} INFO - Filling up the DagBag from /home/airflow/.local/lib/python3.8/site-packages/airflow/example_dags/example_branch_operator_decorator.py
[2024-03-26T21:25:56.655+0000] {processor.py:840} INFO - DAG(s) 'example_branch_python_operator_decorator' retrieved from /home/airflow/.local/lib/python3.8/site-packages/airflow/example_dags/example_branch_operator_decorator.py
[2024-03-26T21:25:57.015+0000] {logging_mixin.py:188} INFO - [2024-03-26T21:25:57.006+0000] {dag.py:3047} INFO - Sync 1 DAGs
[2024-03-26T21:25:57.535+0000] {logging_mixin.py:188} INFO - [2024-03-26T21:25:57.526+0000] {dag.py:3834} INFO - Setting next_dagrun for example_branch_python_operator_decorator to 2024-03-25 00:00:00+00:00, run_after=2024-03-26 00:00:00+00:00
[2024-03-26T21:25:57.885+0000] {processor.py:183} INFO - Processing /home/airflow/.local/lib/python3.8/site-packages/airflow/example_dags/example_branch_operator_decorator.py took 1.580 seconds
[2024-03-26T21:26:29.720+0000] {processor.py:161} INFO - Started process (PID=2830) to work on /home/airflow/.local/lib/python3.8/site-packages/airflow/example_dags/example_branch_operator_decorator.py
[2024-03-26T21:26:29.739+0000] {processor.py:830} INFO - Processing file /home/airflow/.local/lib/python3.8/site-packages/airflow/example_dags/example_branch_operator_decorator.py for tasks to queue
[2024-03-26T21:26:29.750+0000] {logging_mixin.py:188} INFO - [2024-03-26T21:26:29.749+0000] {dagbag.py:540} INFO - Filling up the DagBag from /home/airflow/.local/lib/python3.8/site-packages/airflow/example_dags/example_branch_operator_decorator.py
[2024-03-26T21:26:30.050+0000] {processor.py:840} INFO - DAG(s) 'example_branch_python_operator_decorator' retrieved from /home/airflow/.local/lib/python3.8/site-packages/airflow/example_dags/example_branch_operator_decorator.py
[2024-03-26T21:26:30.360+0000] {logging_mixin.py:188} INFO - [2024-03-26T21:26:30.360+0000] {dag.py:3047} INFO - Sync 1 DAGs
[2024-03-26T21:26:30.539+0000] {logging_mixin.py:188} INFO - [2024-03-26T21:26:30.539+0000] {dag.py:3834} INFO - Setting next_dagrun for example_branch_python_operator_decorator to 2024-03-25 00:00:00+00:00, run_after=2024-03-26 00:00:00+00:00
[2024-03-26T21:26:30.719+0000] {processor.py:183} INFO - Processing /home/airflow/.local/lib/python3.8/site-packages/airflow/example_dags/example_branch_operator_decorator.py took 1.040 seconds
[2024-03-26T21:27:01.422+0000] {processor.py:161} INFO - Started process (PID=3077) to work on /home/airflow/.local/lib/python3.8/site-packages/airflow/example_dags/example_branch_operator_decorator.py
[2024-03-26T21:27:01.432+0000] {processor.py:830} INFO - Processing file /home/airflow/.local/lib/python3.8/site-packages/airflow/example_dags/example_branch_operator_decorator.py for tasks to queue
[2024-03-26T21:27:01.442+0000] {logging_mixin.py:188} INFO - [2024-03-26T21:27:01.442+0000] {dagbag.py:540} INFO - Filling up the DagBag from /home/airflow/.local/lib/python3.8/site-packages/airflow/example_dags/example_branch_operator_decorator.py
[2024-03-26T21:27:01.692+0000] {processor.py:840} INFO - DAG(s) 'example_branch_python_operator_decorator' retrieved from /home/airflow/.local/lib/python3.8/site-packages/airflow/example_dags/example_branch_operator_decorator.py
[2024-03-26T21:27:02.002+0000] {logging_mixin.py:188} INFO - [2024-03-26T21:27:02.002+0000] {dag.py:3047} INFO - Sync 1 DAGs
[2024-03-26T21:27:02.222+0000] {logging_mixin.py:188} INFO - [2024-03-26T21:27:02.222+0000] {dag.py:3834} INFO - Setting next_dagrun for example_branch_python_operator_decorator to 2024-03-25 00:00:00+00:00, run_after=2024-03-26 00:00:00+00:00
[2024-03-26T21:27:02.473+0000] {processor.py:183} INFO - Processing /home/airflow/.local/lib/python3.8/site-packages/airflow/example_dags/example_branch_operator_decorator.py took 1.091 seconds
[2024-03-26T21:27:33.085+0000] {processor.py:161} INFO - Started process (PID=3324) to work on /home/airflow/.local/lib/python3.8/site-packages/airflow/example_dags/example_branch_operator_decorator.py
[2024-03-26T21:27:33.095+0000] {processor.py:830} INFO - Processing file /home/airflow/.local/lib/python3.8/site-packages/airflow/example_dags/example_branch_operator_decorator.py for tasks to queue
[2024-03-26T21:27:33.113+0000] {logging_mixin.py:188} INFO - [2024-03-26T21:27:33.104+0000] {dagbag.py:540} INFO - Filling up the DagBag from /home/airflow/.local/lib/python3.8/site-packages/airflow/example_dags/example_branch_operator_decorator.py
[2024-03-26T21:27:33.384+0000] {processor.py:840} INFO - DAG(s) 'example_branch_python_operator_decorator' retrieved from /home/airflow/.local/lib/python3.8/site-packages/airflow/example_dags/example_branch_operator_decorator.py
[2024-03-26T21:27:33.623+0000] {logging_mixin.py:188} INFO - [2024-03-26T21:27:33.614+0000] {dag.py:3047} INFO - Sync 1 DAGs
[2024-03-26T21:27:33.853+0000] {logging_mixin.py:188} INFO - [2024-03-26T21:27:33.844+0000] {dag.py:3834} INFO - Setting next_dagrun for example_branch_python_operator_decorator to 2024-03-25 00:00:00+00:00, run_after=2024-03-26 00:00:00+00:00
[2024-03-26T21:27:34.043+0000] {processor.py:183} INFO - Processing /home/airflow/.local/lib/python3.8/site-packages/airflow/example_dags/example_branch_operator_decorator.py took 0.990 seconds
[2024-03-26T21:28:07.533+0000] {processor.py:161} INFO - Started process (PID=3571) to work on /home/airflow/.local/lib/python3.8/site-packages/airflow/example_dags/example_branch_operator_decorator.py
[2024-03-26T21:28:07.543+0000] {processor.py:830} INFO - Processing file /home/airflow/.local/lib/python3.8/site-packages/airflow/example_dags/example_branch_operator_decorator.py for tasks to queue
[2024-03-26T21:28:07.561+0000] {logging_mixin.py:188} INFO - [2024-03-26T21:28:07.552+0000] {dagbag.py:540} INFO - Filling up the DagBag from /home/airflow/.local/lib/python3.8/site-packages/airflow/example_dags/example_branch_operator_decorator.py
[2024-03-26T21:28:07.805+0000] {processor.py:840} INFO - DAG(s) 'example_branch_python_operator_decorator' retrieved from /home/airflow/.local/lib/python3.8/site-packages/airflow/example_dags/example_branch_operator_decorator.py
[2024-03-26T21:28:08.165+0000] {logging_mixin.py:188} INFO - [2024-03-26T21:28:08.164+0000] {dag.py:3047} INFO - Sync 1 DAGs
[2024-03-26T21:28:08.424+0000] {logging_mixin.py:188} INFO - [2024-03-26T21:28:08.424+0000] {dag.py:3834} INFO - Setting next_dagrun for example_branch_python_operator_decorator to 2024-03-25 00:00:00+00:00, run_after=2024-03-26 00:00:00+00:00
[2024-03-26T21:28:08.625+0000] {processor.py:183} INFO - Processing /home/airflow/.local/lib/python3.8/site-packages/airflow/example_dags/example_branch_operator_decorator.py took 1.101 seconds
[2024-03-26T21:28:41.242+0000] {processor.py:161} INFO - Started process (PID=3818) to work on /home/airflow/.local/lib/python3.8/site-packages/airflow/example_dags/example_branch_operator_decorator.py
[2024-03-26T21:28:41.261+0000] {processor.py:830} INFO - Processing file /home/airflow/.local/lib/python3.8/site-packages/airflow/example_dags/example_branch_operator_decorator.py for tasks to queue
[2024-03-26T21:28:41.272+0000] {logging_mixin.py:188} INFO - [2024-03-26T21:28:41.262+0000] {dagbag.py:540} INFO - Filling up the DagBag from /home/airflow/.local/lib/python3.8/site-packages/airflow/example_dags/example_branch_operator_decorator.py
[2024-03-26T21:28:41.601+0000] {processor.py:840} INFO - DAG(s) 'example_branch_python_operator_decorator' retrieved from /home/airflow/.local/lib/python3.8/site-packages/airflow/example_dags/example_branch_operator_decorator.py
[2024-03-26T21:28:41.931+0000] {logging_mixin.py:188} INFO - [2024-03-26T21:28:41.922+0000] {dag.py:3047} INFO - Sync 1 DAGs
[2024-03-26T21:28:42.191+0000] {logging_mixin.py:188} INFO - [2024-03-26T21:28:42.182+0000] {dag.py:3834} INFO - Setting next_dagrun for example_branch_python_operator_decorator to 2024-03-25 00:00:00+00:00, run_after=2024-03-26 00:00:00+00:00
[2024-03-26T21:28:42.411+0000] {processor.py:183} INFO - Processing /home/airflow/.local/lib/python3.8/site-packages/airflow/example_dags/example_branch_operator_decorator.py took 1.201 seconds
[2024-03-26T21:29:18.562+0000] {processor.py:161} INFO - Started process (PID=4070) to work on /home/airflow/.local/lib/python3.8/site-packages/airflow/example_dags/example_branch_operator_decorator.py
[2024-03-26T21:29:18.572+0000] {processor.py:830} INFO - Processing file /home/airflow/.local/lib/python3.8/site-packages/airflow/example_dags/example_branch_operator_decorator.py for tasks to queue
[2024-03-26T21:29:18.582+0000] {logging_mixin.py:188} INFO - [2024-03-26T21:29:18.582+0000] {dagbag.py:540} INFO - Filling up the DagBag from /home/airflow/.local/lib/python3.8/site-packages/airflow/example_dags/example_branch_operator_decorator.py
[2024-03-26T21:29:18.833+0000] {processor.py:840} INFO - DAG(s) 'example_branch_python_operator_decorator' retrieved from /home/airflow/.local/lib/python3.8/site-packages/airflow/example_dags/example_branch_operator_decorator.py
[2024-03-26T21:29:19.203+0000] {logging_mixin.py:188} INFO - [2024-03-26T21:29:19.202+0000] {dag.py:3047} INFO - Sync 1 DAGs
[2024-03-26T21:29:19.513+0000] {logging_mixin.py:188} INFO - [2024-03-26T21:29:19.512+0000] {dag.py:3834} INFO - Setting next_dagrun for example_branch_python_operator_decorator to 2024-03-25 00:00:00+00:00, run_after=2024-03-26 00:00:00+00:00
[2024-03-26T21:29:19.772+0000] {processor.py:183} INFO - Processing /home/airflow/.local/lib/python3.8/site-packages/airflow/example_dags/example_branch_operator_decorator.py took 1.249 seconds
[2024-03-26T21:29:58.571+0000] {processor.py:161} INFO - Started process (PID=4327) to work on /home/airflow/.local/lib/python3.8/site-packages/airflow/example_dags/example_branch_operator_decorator.py
[2024-03-26T21:29:58.581+0000] {processor.py:830} INFO - Processing file /home/airflow/.local/lib/python3.8/site-packages/airflow/example_dags/example_branch_operator_decorator.py for tasks to queue
[2024-03-26T21:29:58.591+0000] {logging_mixin.py:188} INFO - [2024-03-26T21:29:58.591+0000] {dagbag.py:540} INFO - Filling up the DagBag from /home/airflow/.local/lib/python3.8/site-packages/airflow/example_dags/example_branch_operator_decorator.py
[2024-03-26T21:29:58.872+0000] {processor.py:840} INFO - DAG(s) 'example_branch_python_operator_decorator' retrieved from /home/airflow/.local/lib/python3.8/site-packages/airflow/example_dags/example_branch_operator_decorator.py
[2024-03-26T21:29:59.192+0000] {logging_mixin.py:188} INFO - [2024-03-26T21:29:59.191+0000] {dag.py:3047} INFO - Sync 1 DAGs
[2024-03-26T21:29:59.511+0000] {logging_mixin.py:188} INFO - [2024-03-26T21:29:59.510+0000] {dag.py:3834} INFO - Setting next_dagrun for example_branch_python_operator_decorator to 2024-03-25 00:00:00+00:00, run_after=2024-03-26 00:00:00+00:00
[2024-03-26T21:29:59.762+0000] {processor.py:183} INFO - Processing /home/airflow/.local/lib/python3.8/site-packages/airflow/example_dags/example_branch_operator_decorator.py took 1.230 seconds
[2024-03-26T21:30:37.111+0000] {processor.py:161} INFO - Started process (PID=4575) to work on /home/airflow/.local/lib/python3.8/site-packages/airflow/example_dags/example_branch_operator_decorator.py
[2024-03-26T21:30:37.131+0000] {processor.py:830} INFO - Processing file /home/airflow/.local/lib/python3.8/site-packages/airflow/example_dags/example_branch_operator_decorator.py for tasks to queue
[2024-03-26T21:30:37.142+0000] {logging_mixin.py:188} INFO - [2024-03-26T21:30:37.141+0000] {dagbag.py:540} INFO - Filling up the DagBag from /home/airflow/.local/lib/python3.8/site-packages/airflow/example_dags/example_branch_operator_decorator.py
[2024-03-26T21:30:37.481+0000] {processor.py:840} INFO - DAG(s) 'example_branch_python_operator_decorator' retrieved from /home/airflow/.local/lib/python3.8/site-packages/airflow/example_dags/example_branch_operator_decorator.py
[2024-03-26T21:30:37.930+0000] {logging_mixin.py:188} INFO - [2024-03-26T21:30:37.920+0000] {dag.py:3047} INFO - Sync 1 DAGs
[2024-03-26T21:30:38.271+0000] {logging_mixin.py:188} INFO - [2024-03-26T21:30:38.270+0000] {dag.py:3834} INFO - Setting next_dagrun for example_branch_python_operator_decorator to 2024-03-25 00:00:00+00:00, run_after=2024-03-26 00:00:00+00:00
[2024-03-26T21:30:38.660+0000] {processor.py:183} INFO - Processing /home/airflow/.local/lib/python3.8/site-packages/airflow/example_dags/example_branch_operator_decorator.py took 1.589 seconds
[2024-03-26T21:31:19.400+0000] {processor.py:161} INFO - Started process (PID=4832) to work on /home/airflow/.local/lib/python3.8/site-packages/airflow/example_dags/example_branch_operator_decorator.py
[2024-03-26T21:31:19.439+0000] {processor.py:830} INFO - Processing file /home/airflow/.local/lib/python3.8/site-packages/airflow/example_dags/example_branch_operator_decorator.py for tasks to queue
[2024-03-26T21:31:19.459+0000] {logging_mixin.py:188} INFO - [2024-03-26T21:31:19.449+0000] {dagbag.py:540} INFO - Filling up the DagBag from /home/airflow/.local/lib/python3.8/site-packages/airflow/example_dags/example_branch_operator_decorator.py
[2024-03-26T21:31:19.789+0000] {processor.py:840} INFO - DAG(s) 'example_branch_python_operator_decorator' retrieved from /home/airflow/.local/lib/python3.8/site-packages/airflow/example_dags/example_branch_operator_decorator.py
[2024-03-26T21:31:20.379+0000] {logging_mixin.py:188} INFO - [2024-03-26T21:31:20.379+0000] {dag.py:3047} INFO - Sync 1 DAGs
[2024-03-26T21:31:20.799+0000] {logging_mixin.py:188} INFO - [2024-03-26T21:31:20.799+0000] {dag.py:3834} INFO - Setting next_dagrun for example_branch_python_operator_decorator to 2024-03-25 00:00:00+00:00, run_after=2024-03-26 00:00:00+00:00
[2024-03-26T21:31:21.219+0000] {processor.py:183} INFO - Processing /home/airflow/.local/lib/python3.8/site-packages/airflow/example_dags/example_branch_operator_decorator.py took 1.881 seconds
[2024-03-26T21:32:10.057+0000] {processor.py:161} INFO - Started process (PID=5115) to work on /home/airflow/.local/lib/python3.8/site-packages/airflow/example_dags/example_branch_operator_decorator.py
[2024-03-26T21:32:10.077+0000] {processor.py:830} INFO - Processing file /home/airflow/.local/lib/python3.8/site-packages/airflow/example_dags/example_branch_operator_decorator.py for tasks to queue
[2024-03-26T21:32:10.107+0000] {logging_mixin.py:188} INFO - [2024-03-26T21:32:10.097+0000] {dagbag.py:540} INFO - Filling up the DagBag from /home/airflow/.local/lib/python3.8/site-packages/airflow/example_dags/example_branch_operator_decorator.py
[2024-03-26T21:32:10.736+0000] {processor.py:840} INFO - DAG(s) 'example_branch_python_operator_decorator' retrieved from /home/airflow/.local/lib/python3.8/site-packages/airflow/example_dags/example_branch_operator_decorator.py
[2024-03-26T21:32:11.296+0000] {logging_mixin.py:188} INFO - [2024-03-26T21:32:11.287+0000] {dag.py:3047} INFO - Sync 1 DAGs
[2024-03-26T21:32:11.717+0000] {logging_mixin.py:188} INFO - [2024-03-26T21:32:11.716+0000] {dag.py:3834} INFO - Setting next_dagrun for example_branch_python_operator_decorator to 2024-03-25 00:00:00+00:00, run_after=2024-03-26 00:00:00+00:00
[2024-03-26T21:32:12.067+0000] {processor.py:183} INFO - Processing /home/airflow/.local/lib/python3.8/site-packages/airflow/example_dags/example_branch_operator_decorator.py took 2.100 seconds
[2024-03-26T21:33:19.686+0000] {processor.py:161} INFO - Started process (PID=5414) to work on /home/airflow/.local/lib/python3.8/site-packages/airflow/example_dags/example_branch_operator_decorator.py
[2024-03-26T21:33:19.706+0000] {processor.py:830} INFO - Processing file /home/airflow/.local/lib/python3.8/site-packages/airflow/example_dags/example_branch_operator_decorator.py for tasks to queue
[2024-03-26T21:33:19.736+0000] {logging_mixin.py:188} INFO - [2024-03-26T21:33:19.726+0000] {dagbag.py:540} INFO - Filling up the DagBag from /home/airflow/.local/lib/python3.8/site-packages/airflow/example_dags/example_branch_operator_decorator.py
[2024-03-26T21:33:20.426+0000] {processor.py:840} INFO - DAG(s) 'example_branch_python_operator_decorator' retrieved from /home/airflow/.local/lib/python3.8/site-packages/airflow/example_dags/example_branch_operator_decorator.py
[2024-03-26T21:33:21.366+0000] {logging_mixin.py:188} INFO - [2024-03-26T21:33:21.357+0000] {dag.py:3047} INFO - Sync 1 DAGs
[2024-03-26T21:33:21.926+0000] {logging_mixin.py:188} INFO - [2024-03-26T21:33:21.916+0000] {dag.py:3834} INFO - Setting next_dagrun for example_branch_python_operator_decorator to 2024-03-25 00:00:00+00:00, run_after=2024-03-26 00:00:00+00:00
[2024-03-26T21:33:22.436+0000] {processor.py:183} INFO - Processing /home/airflow/.local/lib/python3.8/site-packages/airflow/example_dags/example_branch_operator_decorator.py took 2.810 seconds
[2024-03-26T21:34:54.443+0000] {processor.py:161} INFO - Started process (PID=5704) to work on /home/airflow/.local/lib/python3.8/site-packages/airflow/example_dags/example_branch_operator_decorator.py
[2024-03-26T21:34:54.473+0000] {processor.py:830} INFO - Processing file /home/airflow/.local/lib/python3.8/site-packages/airflow/example_dags/example_branch_operator_decorator.py for tasks to queue
[2024-03-26T21:34:54.503+0000] {logging_mixin.py:188} INFO - [2024-03-26T21:34:54.493+0000] {dagbag.py:540} INFO - Filling up the DagBag from /home/airflow/.local/lib/python3.8/site-packages/airflow/example_dags/example_branch_operator_decorator.py
[2024-03-26T21:34:55.313+0000] {processor.py:840} INFO - DAG(s) 'example_branch_python_operator_decorator' retrieved from /home/airflow/.local/lib/python3.8/site-packages/airflow/example_dags/example_branch_operator_decorator.py
[2024-03-26T21:34:56.342+0000] {logging_mixin.py:188} INFO - [2024-03-26T21:34:56.333+0000] {dag.py:3047} INFO - Sync 1 DAGs
[2024-03-26T21:34:57.293+0000] {logging_mixin.py:188} INFO - [2024-03-26T21:34:57.292+0000] {dag.py:3834} INFO - Setting next_dagrun for example_branch_python_operator_decorator to 2024-03-25 00:00:00+00:00, run_after=2024-03-26 00:00:00+00:00
[2024-03-26T21:34:57.972+0000] {processor.py:183} INFO - Processing /home/airflow/.local/lib/python3.8/site-packages/airflow/example_dags/example_branch_operator_decorator.py took 3.621 seconds
