[2024-03-26T21:03:34.110+0000] {processor.py:161} INFO - Started process (PID=260) to work on /home/airflow/.local/lib/python3.8/site-packages/airflow/example_dags/example_dynamic_task_mapping.py
[2024-03-26T21:03:34.120+0000] {processor.py:830} INFO - Processing file /home/airflow/.local/lib/python3.8/site-packages/airflow/example_dags/example_dynamic_task_mapping.py for tasks to queue
[2024-03-26T21:03:34.123+0000] {logging_mixin.py:188} INFO - [2024-03-26T21:03:34.122+0000] {dagbag.py:540} INFO - Filling up the DagBag from /home/airflow/.local/lib/python3.8/site-packages/airflow/example_dags/example_dynamic_task_mapping.py
[2024-03-26T21:03:34.158+0000] {processor.py:840} INFO - DAG(s) 'example_dynamic_task_mapping' retrieved from /home/airflow/.local/lib/python3.8/site-packages/airflow/example_dags/example_dynamic_task_mapping.py
[2024-03-26T21:03:34.831+0000] {logging_mixin.py:188} INFO - [2024-03-26T21:03:34.830+0000] {dag.py:3047} INFO - Sync 1 DAGs
[2024-03-26T21:03:34.950+0000] {logging_mixin.py:188} INFO - [2024-03-26T21:03:34.949+0000] {dag.py:3834} INFO - Setting next_dagrun for example_dynamic_task_mapping to 2022-03-04 00:00:00+00:00, run_after=2022-03-05 00:00:00+00:00
[2024-03-26T21:03:35.052+0000] {processor.py:183} INFO - Processing /home/airflow/.local/lib/python3.8/site-packages/airflow/example_dags/example_dynamic_task_mapping.py took 0.972 seconds
[2024-03-26T21:04:10.079+0000] {processor.py:161} INFO - Started process (PID=507) to work on /home/airflow/.local/lib/python3.8/site-packages/airflow/example_dags/example_dynamic_task_mapping.py
[2024-03-26T21:04:10.086+0000] {processor.py:830} INFO - Processing file /home/airflow/.local/lib/python3.8/site-packages/airflow/example_dags/example_dynamic_task_mapping.py for tasks to queue
[2024-03-26T21:04:10.087+0000] {logging_mixin.py:188} INFO - [2024-03-26T21:04:10.087+0000] {dagbag.py:540} INFO - Filling up the DagBag from /home/airflow/.local/lib/python3.8/site-packages/airflow/example_dags/example_dynamic_task_mapping.py
[2024-03-26T21:04:10.124+0000] {processor.py:840} INFO - DAG(s) 'example_dynamic_task_mapping' retrieved from /home/airflow/.local/lib/python3.8/site-packages/airflow/example_dags/example_dynamic_task_mapping.py
[2024-03-26T21:04:10.187+0000] {logging_mixin.py:188} INFO - [2024-03-26T21:04:10.187+0000] {dag.py:3047} INFO - Sync 1 DAGs
[2024-03-26T21:04:10.278+0000] {logging_mixin.py:188} INFO - [2024-03-26T21:04:10.277+0000] {dag.py:3834} INFO - Setting next_dagrun for example_dynamic_task_mapping to 2022-03-04 00:00:00+00:00, run_after=2022-03-05 00:00:00+00:00
[2024-03-26T21:04:10.356+0000] {processor.py:183} INFO - Processing /home/airflow/.local/lib/python3.8/site-packages/airflow/example_dags/example_dynamic_task_mapping.py took 0.289 seconds
[2024-03-26T21:04:40.923+0000] {processor.py:161} INFO - Started process (PID=756) to work on /home/airflow/.local/lib/python3.8/site-packages/airflow/example_dags/example_dynamic_task_mapping.py
[2024-03-26T21:04:40.925+0000] {processor.py:830} INFO - Processing file /home/airflow/.local/lib/python3.8/site-packages/airflow/example_dags/example_dynamic_task_mapping.py for tasks to queue
[2024-03-26T21:04:40.932+0000] {logging_mixin.py:188} INFO - [2024-03-26T21:04:40.931+0000] {dagbag.py:540} INFO - Filling up the DagBag from /home/airflow/.local/lib/python3.8/site-packages/airflow/example_dags/example_dynamic_task_mapping.py
[2024-03-26T21:04:40.952+0000] {processor.py:840} INFO - DAG(s) 'example_dynamic_task_mapping' retrieved from /home/airflow/.local/lib/python3.8/site-packages/airflow/example_dags/example_dynamic_task_mapping.py
[2024-03-26T21:04:41.004+0000] {logging_mixin.py:188} INFO - [2024-03-26T21:04:41.003+0000] {dag.py:3047} INFO - Sync 1 DAGs
[2024-03-26T21:04:41.061+0000] {logging_mixin.py:188} INFO - [2024-03-26T21:04:41.060+0000] {dag.py:3834} INFO - Setting next_dagrun for example_dynamic_task_mapping to 2022-03-04 00:00:00+00:00, run_after=2022-03-05 00:00:00+00:00
[2024-03-26T21:04:41.104+0000] {processor.py:183} INFO - Processing /home/airflow/.local/lib/python3.8/site-packages/airflow/example_dags/example_dynamic_task_mapping.py took 0.190 seconds
[2024-03-26T21:05:12.250+0000] {processor.py:161} INFO - Started process (PID=1001) to work on /home/airflow/.local/lib/python3.8/site-packages/airflow/example_dags/example_dynamic_task_mapping.py
[2024-03-26T21:05:12.251+0000] {processor.py:830} INFO - Processing file /home/airflow/.local/lib/python3.8/site-packages/airflow/example_dags/example_dynamic_task_mapping.py for tasks to queue
[2024-03-26T21:05:12.253+0000] {logging_mixin.py:188} INFO - [2024-03-26T21:05:12.252+0000] {dagbag.py:540} INFO - Filling up the DagBag from /home/airflow/.local/lib/python3.8/site-packages/airflow/example_dags/example_dynamic_task_mapping.py
[2024-03-26T21:05:12.279+0000] {processor.py:840} INFO - DAG(s) 'example_dynamic_task_mapping' retrieved from /home/airflow/.local/lib/python3.8/site-packages/airflow/example_dags/example_dynamic_task_mapping.py
[2024-03-26T21:05:12.332+0000] {logging_mixin.py:188} INFO - [2024-03-26T21:05:12.332+0000] {dag.py:3047} INFO - Sync 1 DAGs
[2024-03-26T21:05:12.391+0000] {logging_mixin.py:188} INFO - [2024-03-26T21:05:12.391+0000] {dag.py:3834} INFO - Setting next_dagrun for example_dynamic_task_mapping to 2022-03-04 00:00:00+00:00, run_after=2022-03-05 00:00:00+00:00
[2024-03-26T21:05:12.443+0000] {processor.py:183} INFO - Processing /home/airflow/.local/lib/python3.8/site-packages/airflow/example_dags/example_dynamic_task_mapping.py took 0.212 seconds
[2024-03-26T21:05:43.218+0000] {processor.py:161} INFO - Started process (PID=1249) to work on /home/airflow/.local/lib/python3.8/site-packages/airflow/example_dags/example_dynamic_task_mapping.py
[2024-03-26T21:05:43.219+0000] {processor.py:830} INFO - Processing file /home/airflow/.local/lib/python3.8/site-packages/airflow/example_dags/example_dynamic_task_mapping.py for tasks to queue
[2024-03-26T21:05:43.221+0000] {logging_mixin.py:188} INFO - [2024-03-26T21:05:43.220+0000] {dagbag.py:540} INFO - Filling up the DagBag from /home/airflow/.local/lib/python3.8/site-packages/airflow/example_dags/example_dynamic_task_mapping.py
[2024-03-26T21:05:43.247+0000] {processor.py:840} INFO - DAG(s) 'example_dynamic_task_mapping' retrieved from /home/airflow/.local/lib/python3.8/site-packages/airflow/example_dags/example_dynamic_task_mapping.py
[2024-03-26T21:05:43.316+0000] {logging_mixin.py:188} INFO - [2024-03-26T21:05:43.316+0000] {dag.py:3047} INFO - Sync 1 DAGs
[2024-03-26T21:05:43.388+0000] {logging_mixin.py:188} INFO - [2024-03-26T21:05:43.387+0000] {dag.py:3834} INFO - Setting next_dagrun for example_dynamic_task_mapping to 2022-03-04 00:00:00+00:00, run_after=2022-03-05 00:00:00+00:00
[2024-03-26T21:05:43.448+0000] {processor.py:183} INFO - Processing /home/airflow/.local/lib/python3.8/site-packages/airflow/example_dags/example_dynamic_task_mapping.py took 0.248 seconds
[2024-03-26T21:06:14.323+0000] {processor.py:161} INFO - Started process (PID=1496) to work on /home/airflow/.local/lib/python3.8/site-packages/airflow/example_dags/example_dynamic_task_mapping.py
[2024-03-26T21:06:14.325+0000] {processor.py:830} INFO - Processing file /home/airflow/.local/lib/python3.8/site-packages/airflow/example_dags/example_dynamic_task_mapping.py for tasks to queue
[2024-03-26T21:06:14.327+0000] {logging_mixin.py:188} INFO - [2024-03-26T21:06:14.326+0000] {dagbag.py:540} INFO - Filling up the DagBag from /home/airflow/.local/lib/python3.8/site-packages/airflow/example_dags/example_dynamic_task_mapping.py
[2024-03-26T21:06:14.356+0000] {processor.py:840} INFO - DAG(s) 'example_dynamic_task_mapping' retrieved from /home/airflow/.local/lib/python3.8/site-packages/airflow/example_dags/example_dynamic_task_mapping.py
[2024-03-26T21:06:14.476+0000] {logging_mixin.py:188} INFO - [2024-03-26T21:06:14.475+0000] {dag.py:3047} INFO - Sync 1 DAGs
[2024-03-26T21:06:14.584+0000] {logging_mixin.py:188} INFO - [2024-03-26T21:06:14.583+0000] {dag.py:3834} INFO - Setting next_dagrun for example_dynamic_task_mapping to 2022-03-04 00:00:00+00:00, run_after=2022-03-05 00:00:00+00:00
[2024-03-26T21:06:14.674+0000] {processor.py:183} INFO - Processing /home/airflow/.local/lib/python3.8/site-packages/airflow/example_dags/example_dynamic_task_mapping.py took 0.366 seconds
[2024-03-26T21:06:44.834+0000] {processor.py:161} INFO - Started process (PID=1739) to work on /home/airflow/.local/lib/python3.8/site-packages/airflow/example_dags/example_dynamic_task_mapping.py
[2024-03-26T21:06:44.835+0000] {processor.py:830} INFO - Processing file /home/airflow/.local/lib/python3.8/site-packages/airflow/example_dags/example_dynamic_task_mapping.py for tasks to queue
[2024-03-26T21:06:44.837+0000] {logging_mixin.py:188} INFO - [2024-03-26T21:06:44.836+0000] {dagbag.py:540} INFO - Filling up the DagBag from /home/airflow/.local/lib/python3.8/site-packages/airflow/example_dags/example_dynamic_task_mapping.py
[2024-03-26T21:06:44.864+0000] {processor.py:840} INFO - DAG(s) 'example_dynamic_task_mapping' retrieved from /home/airflow/.local/lib/python3.8/site-packages/airflow/example_dags/example_dynamic_task_mapping.py
[2024-03-26T21:06:44.927+0000] {logging_mixin.py:188} INFO - [2024-03-26T21:06:44.926+0000] {dag.py:3047} INFO - Sync 1 DAGs
[2024-03-26T21:06:45.004+0000] {logging_mixin.py:188} INFO - [2024-03-26T21:06:45.003+0000] {dag.py:3834} INFO - Setting next_dagrun for example_dynamic_task_mapping to 2022-03-04 00:00:00+00:00, run_after=2022-03-05 00:00:00+00:00
[2024-03-26T21:06:45.065+0000] {processor.py:183} INFO - Processing /home/airflow/.local/lib/python3.8/site-packages/airflow/example_dags/example_dynamic_task_mapping.py took 0.242 seconds
[2024-03-26T21:07:15.222+0000] {processor.py:161} INFO - Started process (PID=1986) to work on /home/airflow/.local/lib/python3.8/site-packages/airflow/example_dags/example_dynamic_task_mapping.py
[2024-03-26T21:07:15.224+0000] {processor.py:830} INFO - Processing file /home/airflow/.local/lib/python3.8/site-packages/airflow/example_dags/example_dynamic_task_mapping.py for tasks to queue
[2024-03-26T21:07:15.225+0000] {logging_mixin.py:188} INFO - [2024-03-26T21:07:15.225+0000] {dagbag.py:540} INFO - Filling up the DagBag from /home/airflow/.local/lib/python3.8/site-packages/airflow/example_dags/example_dynamic_task_mapping.py
[2024-03-26T21:07:15.245+0000] {processor.py:840} INFO - DAG(s) 'example_dynamic_task_mapping' retrieved from /home/airflow/.local/lib/python3.8/site-packages/airflow/example_dags/example_dynamic_task_mapping.py
[2024-03-26T21:07:15.303+0000] {logging_mixin.py:188} INFO - [2024-03-26T21:07:15.303+0000] {dag.py:3047} INFO - Sync 1 DAGs
[2024-03-26T21:07:15.355+0000] {logging_mixin.py:188} INFO - [2024-03-26T21:07:15.355+0000] {dag.py:3834} INFO - Setting next_dagrun for example_dynamic_task_mapping to 2022-03-04 00:00:00+00:00, run_after=2022-03-05 00:00:00+00:00
[2024-03-26T21:07:15.414+0000] {processor.py:183} INFO - Processing /home/airflow/.local/lib/python3.8/site-packages/airflow/example_dags/example_dynamic_task_mapping.py took 0.202 seconds
[2024-03-26T21:07:45.796+0000] {processor.py:161} INFO - Started process (PID=2232) to work on /home/airflow/.local/lib/python3.8/site-packages/airflow/example_dags/example_dynamic_task_mapping.py
[2024-03-26T21:07:45.804+0000] {processor.py:830} INFO - Processing file /home/airflow/.local/lib/python3.8/site-packages/airflow/example_dags/example_dynamic_task_mapping.py for tasks to queue
[2024-03-26T21:07:45.805+0000] {logging_mixin.py:188} INFO - [2024-03-26T21:07:45.805+0000] {dagbag.py:540} INFO - Filling up the DagBag from /home/airflow/.local/lib/python3.8/site-packages/airflow/example_dags/example_dynamic_task_mapping.py
[2024-03-26T21:07:45.832+0000] {processor.py:840} INFO - DAG(s) 'example_dynamic_task_mapping' retrieved from /home/airflow/.local/lib/python3.8/site-packages/airflow/example_dags/example_dynamic_task_mapping.py
[2024-03-26T21:07:45.884+0000] {logging_mixin.py:188} INFO - [2024-03-26T21:07:45.884+0000] {dag.py:3047} INFO - Sync 1 DAGs
[2024-03-26T21:07:45.962+0000] {logging_mixin.py:188} INFO - [2024-03-26T21:07:45.956+0000] {dag.py:3834} INFO - Setting next_dagrun for example_dynamic_task_mapping to 2022-03-04 00:00:00+00:00, run_after=2022-03-05 00:00:00+00:00
[2024-03-26T21:07:46.025+0000] {processor.py:183} INFO - Processing /home/airflow/.local/lib/python3.8/site-packages/airflow/example_dags/example_dynamic_task_mapping.py took 0.239 seconds
[2024-03-26T21:08:16.180+0000] {processor.py:161} INFO - Started process (PID=2477) to work on /home/airflow/.local/lib/python3.8/site-packages/airflow/example_dags/example_dynamic_task_mapping.py
[2024-03-26T21:08:16.181+0000] {processor.py:830} INFO - Processing file /home/airflow/.local/lib/python3.8/site-packages/airflow/example_dags/example_dynamic_task_mapping.py for tasks to queue
[2024-03-26T21:08:16.188+0000] {logging_mixin.py:188} INFO - [2024-03-26T21:08:16.188+0000] {dagbag.py:540} INFO - Filling up the DagBag from /home/airflow/.local/lib/python3.8/site-packages/airflow/example_dags/example_dynamic_task_mapping.py
[2024-03-26T21:08:16.210+0000] {processor.py:840} INFO - DAG(s) 'example_dynamic_task_mapping' retrieved from /home/airflow/.local/lib/python3.8/site-packages/airflow/example_dags/example_dynamic_task_mapping.py
[2024-03-26T21:08:16.271+0000] {logging_mixin.py:188} INFO - [2024-03-26T21:08:16.270+0000] {dag.py:3047} INFO - Sync 1 DAGs
[2024-03-26T21:08:16.349+0000] {logging_mixin.py:188} INFO - [2024-03-26T21:08:16.349+0000] {dag.py:3834} INFO - Setting next_dagrun for example_dynamic_task_mapping to 2022-03-04 00:00:00+00:00, run_after=2022-03-05 00:00:00+00:00
[2024-03-26T21:08:16.419+0000] {processor.py:183} INFO - Processing /home/airflow/.local/lib/python3.8/site-packages/airflow/example_dags/example_dynamic_task_mapping.py took 0.250 seconds
[2024-03-26T21:08:46.699+0000] {processor.py:161} INFO - Started process (PID=2724) to work on /home/airflow/.local/lib/python3.8/site-packages/airflow/example_dags/example_dynamic_task_mapping.py
[2024-03-26T21:08:46.710+0000] {processor.py:830} INFO - Processing file /home/airflow/.local/lib/python3.8/site-packages/airflow/example_dags/example_dynamic_task_mapping.py for tasks to queue
[2024-03-26T21:08:46.717+0000] {logging_mixin.py:188} INFO - [2024-03-26T21:08:46.716+0000] {dagbag.py:540} INFO - Filling up the DagBag from /home/airflow/.local/lib/python3.8/site-packages/airflow/example_dags/example_dynamic_task_mapping.py
[2024-03-26T21:08:46.737+0000] {processor.py:840} INFO - DAG(s) 'example_dynamic_task_mapping' retrieved from /home/airflow/.local/lib/python3.8/site-packages/airflow/example_dags/example_dynamic_task_mapping.py
[2024-03-26T21:08:46.799+0000] {logging_mixin.py:188} INFO - [2024-03-26T21:08:46.798+0000] {dag.py:3047} INFO - Sync 1 DAGs
[2024-03-26T21:08:46.877+0000] {logging_mixin.py:188} INFO - [2024-03-26T21:08:46.876+0000] {dag.py:3834} INFO - Setting next_dagrun for example_dynamic_task_mapping to 2022-03-04 00:00:00+00:00, run_after=2022-03-05 00:00:00+00:00
[2024-03-26T21:08:46.956+0000] {processor.py:183} INFO - Processing /home/airflow/.local/lib/python3.8/site-packages/airflow/example_dags/example_dynamic_task_mapping.py took 0.268 seconds
[2024-03-26T21:09:17.097+0000] {processor.py:161} INFO - Started process (PID=2970) to work on /home/airflow/.local/lib/python3.8/site-packages/airflow/example_dags/example_dynamic_task_mapping.py
[2024-03-26T21:09:17.099+0000] {processor.py:830} INFO - Processing file /home/airflow/.local/lib/python3.8/site-packages/airflow/example_dags/example_dynamic_task_mapping.py for tasks to queue
[2024-03-26T21:09:17.100+0000] {logging_mixin.py:188} INFO - [2024-03-26T21:09:17.100+0000] {dagbag.py:540} INFO - Filling up the DagBag from /home/airflow/.local/lib/python3.8/site-packages/airflow/example_dags/example_dynamic_task_mapping.py
[2024-03-26T21:09:17.127+0000] {processor.py:840} INFO - DAG(s) 'example_dynamic_task_mapping' retrieved from /home/airflow/.local/lib/python3.8/site-packages/airflow/example_dags/example_dynamic_task_mapping.py
[2024-03-26T21:09:17.179+0000] {logging_mixin.py:188} INFO - [2024-03-26T21:09:17.179+0000] {dag.py:3047} INFO - Sync 1 DAGs
[2024-03-26T21:09:17.267+0000] {logging_mixin.py:188} INFO - [2024-03-26T21:09:17.267+0000] {dag.py:3834} INFO - Setting next_dagrun for example_dynamic_task_mapping to 2022-03-04 00:00:00+00:00, run_after=2022-03-05 00:00:00+00:00
[2024-03-26T21:09:17.319+0000] {processor.py:183} INFO - Processing /home/airflow/.local/lib/python3.8/site-packages/airflow/example_dags/example_dynamic_task_mapping.py took 0.231 seconds
[2024-03-26T21:09:47.788+0000] {processor.py:161} INFO - Started process (PID=3218) to work on /home/airflow/.local/lib/python3.8/site-packages/airflow/example_dags/example_dynamic_task_mapping.py
[2024-03-26T21:09:47.795+0000] {processor.py:830} INFO - Processing file /home/airflow/.local/lib/python3.8/site-packages/airflow/example_dags/example_dynamic_task_mapping.py for tasks to queue
[2024-03-26T21:09:47.797+0000] {logging_mixin.py:188} INFO - [2024-03-26T21:09:47.796+0000] {dagbag.py:540} INFO - Filling up the DagBag from /home/airflow/.local/lib/python3.8/site-packages/airflow/example_dags/example_dynamic_task_mapping.py
[2024-03-26T21:09:47.816+0000] {processor.py:840} INFO - DAG(s) 'example_dynamic_task_mapping' retrieved from /home/airflow/.local/lib/python3.8/site-packages/airflow/example_dags/example_dynamic_task_mapping.py
[2024-03-26T21:09:47.886+0000] {logging_mixin.py:188} INFO - [2024-03-26T21:09:47.885+0000] {dag.py:3047} INFO - Sync 1 DAGs
[2024-03-26T21:09:47.957+0000] {logging_mixin.py:188} INFO - [2024-03-26T21:09:47.956+0000] {dag.py:3834} INFO - Setting next_dagrun for example_dynamic_task_mapping to 2022-03-04 00:00:00+00:00, run_after=2022-03-05 00:00:00+00:00
[2024-03-26T21:09:48.024+0000] {processor.py:183} INFO - Processing /home/airflow/.local/lib/python3.8/site-packages/airflow/example_dags/example_dynamic_task_mapping.py took 0.246 seconds
[2024-03-26T21:10:18.654+0000] {processor.py:161} INFO - Started process (PID=3465) to work on /home/airflow/.local/lib/python3.8/site-packages/airflow/example_dags/example_dynamic_task_mapping.py
[2024-03-26T21:10:18.656+0000] {processor.py:830} INFO - Processing file /home/airflow/.local/lib/python3.8/site-packages/airflow/example_dags/example_dynamic_task_mapping.py for tasks to queue
[2024-03-26T21:10:18.663+0000] {logging_mixin.py:188} INFO - [2024-03-26T21:10:18.663+0000] {dagbag.py:540} INFO - Filling up the DagBag from /home/airflow/.local/lib/python3.8/site-packages/airflow/example_dags/example_dynamic_task_mapping.py
[2024-03-26T21:10:18.692+0000] {processor.py:840} INFO - DAG(s) 'example_dynamic_task_mapping' retrieved from /home/airflow/.local/lib/python3.8/site-packages/airflow/example_dags/example_dynamic_task_mapping.py
[2024-03-26T21:10:18.763+0000] {logging_mixin.py:188} INFO - [2024-03-26T21:10:18.762+0000] {dag.py:3047} INFO - Sync 1 DAGs
[2024-03-26T21:10:18.836+0000] {logging_mixin.py:188} INFO - [2024-03-26T21:10:18.836+0000] {dag.py:3834} INFO - Setting next_dagrun for example_dynamic_task_mapping to 2022-03-04 00:00:00+00:00, run_after=2022-03-05 00:00:00+00:00
[2024-03-26T21:10:18.895+0000] {processor.py:183} INFO - Processing /home/airflow/.local/lib/python3.8/site-packages/airflow/example_dags/example_dynamic_task_mapping.py took 0.252 seconds
[2024-03-26T21:10:49.592+0000] {processor.py:161} INFO - Started process (PID=3712) to work on /home/airflow/.local/lib/python3.8/site-packages/airflow/example_dags/example_dynamic_task_mapping.py
[2024-03-26T21:10:49.600+0000] {processor.py:830} INFO - Processing file /home/airflow/.local/lib/python3.8/site-packages/airflow/example_dags/example_dynamic_task_mapping.py for tasks to queue
[2024-03-26T21:10:49.601+0000] {logging_mixin.py:188} INFO - [2024-03-26T21:10:49.601+0000] {dagbag.py:540} INFO - Filling up the DagBag from /home/airflow/.local/lib/python3.8/site-packages/airflow/example_dags/example_dynamic_task_mapping.py
[2024-03-26T21:10:49.629+0000] {processor.py:840} INFO - DAG(s) 'example_dynamic_task_mapping' retrieved from /home/airflow/.local/lib/python3.8/site-packages/airflow/example_dags/example_dynamic_task_mapping.py
[2024-03-26T21:10:49.701+0000] {logging_mixin.py:188} INFO - [2024-03-26T21:10:49.700+0000] {dag.py:3047} INFO - Sync 1 DAGs
[2024-03-26T21:10:49.779+0000] {logging_mixin.py:188} INFO - [2024-03-26T21:10:49.773+0000] {dag.py:3834} INFO - Setting next_dagrun for example_dynamic_task_mapping to 2022-03-04 00:00:00+00:00, run_after=2022-03-05 00:00:00+00:00
[2024-03-26T21:10:49.831+0000] {processor.py:183} INFO - Processing /home/airflow/.local/lib/python3.8/site-packages/airflow/example_dags/example_dynamic_task_mapping.py took 0.250 seconds
[2024-03-26T21:11:21.981+0000] {processor.py:161} INFO - Started process (PID=3961) to work on /home/airflow/.local/lib/python3.8/site-packages/airflow/example_dags/example_dynamic_task_mapping.py
[2024-03-26T21:11:21.983+0000] {processor.py:830} INFO - Processing file /home/airflow/.local/lib/python3.8/site-packages/airflow/example_dags/example_dynamic_task_mapping.py for tasks to queue
[2024-03-26T21:11:21.990+0000] {logging_mixin.py:188} INFO - [2024-03-26T21:11:21.990+0000] {dagbag.py:540} INFO - Filling up the DagBag from /home/airflow/.local/lib/python3.8/site-packages/airflow/example_dags/example_dynamic_task_mapping.py
[2024-03-26T21:11:22.012+0000] {processor.py:840} INFO - DAG(s) 'example_dynamic_task_mapping' retrieved from /home/airflow/.local/lib/python3.8/site-packages/airflow/example_dags/example_dynamic_task_mapping.py
[2024-03-26T21:11:22.091+0000] {logging_mixin.py:188} INFO - [2024-03-26T21:11:22.091+0000] {dag.py:3047} INFO - Sync 1 DAGs
[2024-03-26T21:11:22.161+0000] {logging_mixin.py:188} INFO - [2024-03-26T21:11:22.160+0000] {dag.py:3834} INFO - Setting next_dagrun for example_dynamic_task_mapping to 2022-03-04 00:00:00+00:00, run_after=2022-03-05 00:00:00+00:00
[2024-03-26T21:11:22.223+0000] {processor.py:183} INFO - Processing /home/airflow/.local/lib/python3.8/site-packages/airflow/example_dags/example_dynamic_task_mapping.py took 0.260 seconds
[2024-03-26T21:11:52.915+0000] {processor.py:161} INFO - Started process (PID=4206) to work on /home/airflow/.local/lib/python3.8/site-packages/airflow/example_dags/example_dynamic_task_mapping.py
[2024-03-26T21:11:52.917+0000] {processor.py:830} INFO - Processing file /home/airflow/.local/lib/python3.8/site-packages/airflow/example_dags/example_dynamic_task_mapping.py for tasks to queue
[2024-03-26T21:11:52.925+0000] {logging_mixin.py:188} INFO - [2024-03-26T21:11:52.925+0000] {dagbag.py:540} INFO - Filling up the DagBag from /home/airflow/.local/lib/python3.8/site-packages/airflow/example_dags/example_dynamic_task_mapping.py
[2024-03-26T21:11:52.948+0000] {processor.py:840} INFO - DAG(s) 'example_dynamic_task_mapping' retrieved from /home/airflow/.local/lib/python3.8/site-packages/airflow/example_dags/example_dynamic_task_mapping.py
[2024-03-26T21:11:53.036+0000] {logging_mixin.py:188} INFO - [2024-03-26T21:11:53.035+0000] {dag.py:3047} INFO - Sync 1 DAGs
[2024-03-26T21:11:53.128+0000] {logging_mixin.py:188} INFO - [2024-03-26T21:11:53.128+0000] {dag.py:3834} INFO - Setting next_dagrun for example_dynamic_task_mapping to 2022-03-04 00:00:00+00:00, run_after=2022-03-05 00:00:00+00:00
[2024-03-26T21:11:53.265+0000] {processor.py:183} INFO - Processing /home/airflow/.local/lib/python3.8/site-packages/airflow/example_dags/example_dynamic_task_mapping.py took 0.360 seconds
[2024-03-26T21:12:23.697+0000] {processor.py:161} INFO - Started process (PID=4453) to work on /home/airflow/.local/lib/python3.8/site-packages/airflow/example_dags/example_dynamic_task_mapping.py
[2024-03-26T21:12:23.698+0000] {processor.py:830} INFO - Processing file /home/airflow/.local/lib/python3.8/site-packages/airflow/example_dags/example_dynamic_task_mapping.py for tasks to queue
[2024-03-26T21:12:23.706+0000] {logging_mixin.py:188} INFO - [2024-03-26T21:12:23.699+0000] {dagbag.py:540} INFO - Filling up the DagBag from /home/airflow/.local/lib/python3.8/site-packages/airflow/example_dags/example_dynamic_task_mapping.py
[2024-03-26T21:12:23.737+0000] {processor.py:840} INFO - DAG(s) 'example_dynamic_task_mapping' retrieved from /home/airflow/.local/lib/python3.8/site-packages/airflow/example_dags/example_dynamic_task_mapping.py
[2024-03-26T21:12:23.799+0000] {logging_mixin.py:188} INFO - [2024-03-26T21:12:23.799+0000] {dag.py:3047} INFO - Sync 1 DAGs
[2024-03-26T21:12:23.918+0000] {logging_mixin.py:188} INFO - [2024-03-26T21:12:23.917+0000] {dag.py:3834} INFO - Setting next_dagrun for example_dynamic_task_mapping to 2022-03-04 00:00:00+00:00, run_after=2022-03-05 00:00:00+00:00
[2024-03-26T21:12:24.029+0000] {processor.py:183} INFO - Processing /home/airflow/.local/lib/python3.8/site-packages/airflow/example_dags/example_dynamic_task_mapping.py took 0.343 seconds
[2024-03-26T21:12:54.435+0000] {processor.py:161} INFO - Started process (PID=4700) to work on /home/airflow/.local/lib/python3.8/site-packages/airflow/example_dags/example_dynamic_task_mapping.py
[2024-03-26T21:12:54.444+0000] {processor.py:830} INFO - Processing file /home/airflow/.local/lib/python3.8/site-packages/airflow/example_dags/example_dynamic_task_mapping.py for tasks to queue
[2024-03-26T21:12:54.445+0000] {logging_mixin.py:188} INFO - [2024-03-26T21:12:54.445+0000] {dagbag.py:540} INFO - Filling up the DagBag from /home/airflow/.local/lib/python3.8/site-packages/airflow/example_dags/example_dynamic_task_mapping.py
[2024-03-26T21:12:54.495+0000] {processor.py:840} INFO - DAG(s) 'example_dynamic_task_mapping' retrieved from /home/airflow/.local/lib/python3.8/site-packages/airflow/example_dags/example_dynamic_task_mapping.py
[2024-03-26T21:12:54.583+0000] {logging_mixin.py:188} INFO - [2024-03-26T21:12:54.583+0000] {dag.py:3047} INFO - Sync 1 DAGs
[2024-03-26T21:12:54.672+0000] {logging_mixin.py:188} INFO - [2024-03-26T21:12:54.662+0000] {dag.py:3834} INFO - Setting next_dagrun for example_dynamic_task_mapping to 2022-03-04 00:00:00+00:00, run_after=2022-03-05 00:00:00+00:00
[2024-03-26T21:12:54.764+0000] {processor.py:183} INFO - Processing /home/airflow/.local/lib/python3.8/site-packages/airflow/example_dags/example_dynamic_task_mapping.py took 0.342 seconds
[2024-03-26T21:13:25.315+0000] {processor.py:161} INFO - Started process (PID=4947) to work on /home/airflow/.local/lib/python3.8/site-packages/airflow/example_dags/example_dynamic_task_mapping.py
[2024-03-26T21:13:25.324+0000] {processor.py:830} INFO - Processing file /home/airflow/.local/lib/python3.8/site-packages/airflow/example_dags/example_dynamic_task_mapping.py for tasks to queue
[2024-03-26T21:13:25.326+0000] {logging_mixin.py:188} INFO - [2024-03-26T21:13:25.325+0000] {dagbag.py:540} INFO - Filling up the DagBag from /home/airflow/.local/lib/python3.8/site-packages/airflow/example_dags/example_dynamic_task_mapping.py
[2024-03-26T21:13:25.365+0000] {processor.py:840} INFO - DAG(s) 'example_dynamic_task_mapping' retrieved from /home/airflow/.local/lib/python3.8/site-packages/airflow/example_dags/example_dynamic_task_mapping.py
[2024-03-26T21:13:25.436+0000] {logging_mixin.py:188} INFO - [2024-03-26T21:13:25.436+0000] {dag.py:3047} INFO - Sync 1 DAGs
[2024-03-26T21:13:25.532+0000] {logging_mixin.py:188} INFO - [2024-03-26T21:13:25.526+0000] {dag.py:3834} INFO - Setting next_dagrun for example_dynamic_task_mapping to 2022-03-04 00:00:00+00:00, run_after=2022-03-05 00:00:00+00:00
[2024-03-26T21:13:25.605+0000] {processor.py:183} INFO - Processing /home/airflow/.local/lib/python3.8/site-packages/airflow/example_dags/example_dynamic_task_mapping.py took 0.301 seconds
[2024-03-26T21:13:56.340+0000] {processor.py:161} INFO - Started process (PID=5194) to work on /home/airflow/.local/lib/python3.8/site-packages/airflow/example_dags/example_dynamic_task_mapping.py
[2024-03-26T21:13:56.350+0000] {processor.py:830} INFO - Processing file /home/airflow/.local/lib/python3.8/site-packages/airflow/example_dags/example_dynamic_task_mapping.py for tasks to queue
[2024-03-26T21:13:56.358+0000] {logging_mixin.py:188} INFO - [2024-03-26T21:13:56.351+0000] {dagbag.py:540} INFO - Filling up the DagBag from /home/airflow/.local/lib/python3.8/site-packages/airflow/example_dags/example_dynamic_task_mapping.py
[2024-03-26T21:13:56.399+0000] {processor.py:840} INFO - DAG(s) 'example_dynamic_task_mapping' retrieved from /home/airflow/.local/lib/python3.8/site-packages/airflow/example_dags/example_dynamic_task_mapping.py
[2024-03-26T21:13:56.498+0000] {logging_mixin.py:188} INFO - [2024-03-26T21:13:56.491+0000] {dag.py:3047} INFO - Sync 1 DAGs
[2024-03-26T21:13:56.631+0000] {logging_mixin.py:188} INFO - [2024-03-26T21:13:56.630+0000] {dag.py:3834} INFO - Setting next_dagrun for example_dynamic_task_mapping to 2022-03-04 00:00:00+00:00, run_after=2022-03-05 00:00:00+00:00
[2024-03-26T21:13:56.721+0000] {processor.py:183} INFO - Processing /home/airflow/.local/lib/python3.8/site-packages/airflow/example_dags/example_dynamic_task_mapping.py took 0.400 seconds
[2024-03-26T21:14:27.901+0000] {processor.py:161} INFO - Started process (PID=5441) to work on /home/airflow/.local/lib/python3.8/site-packages/airflow/example_dags/example_dynamic_task_mapping.py
[2024-03-26T21:14:27.909+0000] {processor.py:830} INFO - Processing file /home/airflow/.local/lib/python3.8/site-packages/airflow/example_dags/example_dynamic_task_mapping.py for tasks to queue
[2024-03-26T21:14:27.912+0000] {logging_mixin.py:188} INFO - [2024-03-26T21:14:27.911+0000] {dagbag.py:540} INFO - Filling up the DagBag from /home/airflow/.local/lib/python3.8/site-packages/airflow/example_dags/example_dynamic_task_mapping.py
[2024-03-26T21:14:27.950+0000] {processor.py:840} INFO - DAG(s) 'example_dynamic_task_mapping' retrieved from /home/airflow/.local/lib/python3.8/site-packages/airflow/example_dags/example_dynamic_task_mapping.py
[2024-03-26T21:14:28.039+0000] {logging_mixin.py:188} INFO - [2024-03-26T21:14:28.033+0000] {dag.py:3047} INFO - Sync 1 DAGs
[2024-03-26T21:14:28.140+0000] {logging_mixin.py:188} INFO - [2024-03-26T21:14:28.140+0000] {dag.py:3834} INFO - Setting next_dagrun for example_dynamic_task_mapping to 2022-03-04 00:00:00+00:00, run_after=2022-03-05 00:00:00+00:00
[2024-03-26T21:14:28.230+0000] {processor.py:183} INFO - Processing /home/airflow/.local/lib/python3.8/site-packages/airflow/example_dags/example_dynamic_task_mapping.py took 0.341 seconds
[2024-03-26T21:14:58.616+0000] {processor.py:161} INFO - Started process (PID=5688) to work on /home/airflow/.local/lib/python3.8/site-packages/airflow/example_dags/example_dynamic_task_mapping.py
[2024-03-26T21:14:58.624+0000] {processor.py:830} INFO - Processing file /home/airflow/.local/lib/python3.8/site-packages/airflow/example_dags/example_dynamic_task_mapping.py for tasks to queue
[2024-03-26T21:14:58.625+0000] {logging_mixin.py:188} INFO - [2024-03-26T21:14:58.625+0000] {dagbag.py:540} INFO - Filling up the DagBag from /home/airflow/.local/lib/python3.8/site-packages/airflow/example_dags/example_dynamic_task_mapping.py
[2024-03-26T21:14:58.655+0000] {processor.py:840} INFO - DAG(s) 'example_dynamic_task_mapping' retrieved from /home/airflow/.local/lib/python3.8/site-packages/airflow/example_dags/example_dynamic_task_mapping.py
[2024-03-26T21:14:58.736+0000] {logging_mixin.py:188} INFO - [2024-03-26T21:14:58.736+0000] {dag.py:3047} INFO - Sync 1 DAGs
[2024-03-26T21:14:58.834+0000] {logging_mixin.py:188} INFO - [2024-03-26T21:14:58.827+0000] {dag.py:3834} INFO - Setting next_dagrun for example_dynamic_task_mapping to 2022-03-04 00:00:00+00:00, run_after=2022-03-05 00:00:00+00:00
[2024-03-26T21:14:58.915+0000] {processor.py:183} INFO - Processing /home/airflow/.local/lib/python3.8/site-packages/airflow/example_dags/example_dynamic_task_mapping.py took 0.310 seconds
[2024-03-26T21:15:29.185+0000] {processor.py:161} INFO - Started process (PID=5931) to work on /home/airflow/.local/lib/python3.8/site-packages/airflow/example_dags/example_dynamic_task_mapping.py
[2024-03-26T21:15:29.187+0000] {processor.py:830} INFO - Processing file /home/airflow/.local/lib/python3.8/site-packages/airflow/example_dags/example_dynamic_task_mapping.py for tasks to queue
[2024-03-26T21:15:29.188+0000] {logging_mixin.py:188} INFO - [2024-03-26T21:15:29.188+0000] {dagbag.py:540} INFO - Filling up the DagBag from /home/airflow/.local/lib/python3.8/site-packages/airflow/example_dags/example_dynamic_task_mapping.py
[2024-03-26T21:15:29.216+0000] {processor.py:840} INFO - DAG(s) 'example_dynamic_task_mapping' retrieved from /home/airflow/.local/lib/python3.8/site-packages/airflow/example_dags/example_dynamic_task_mapping.py
[2024-03-26T21:15:29.295+0000] {logging_mixin.py:188} INFO - [2024-03-26T21:15:29.295+0000] {dag.py:3047} INFO - Sync 1 DAGs
[2024-03-26T21:15:29.385+0000] {logging_mixin.py:188} INFO - [2024-03-26T21:15:29.385+0000] {dag.py:3834} INFO - Setting next_dagrun for example_dynamic_task_mapping to 2022-03-04 00:00:00+00:00, run_after=2022-03-05 00:00:00+00:00
[2024-03-26T21:15:29.458+0000] {processor.py:183} INFO - Processing /home/airflow/.local/lib/python3.8/site-packages/airflow/example_dags/example_dynamic_task_mapping.py took 0.290 seconds
[2024-03-26T21:15:59.746+0000] {processor.py:161} INFO - Started process (PID=6176) to work on /home/airflow/.local/lib/python3.8/site-packages/airflow/example_dags/example_dynamic_task_mapping.py
[2024-03-26T21:15:59.754+0000] {processor.py:830} INFO - Processing file /home/airflow/.local/lib/python3.8/site-packages/airflow/example_dags/example_dynamic_task_mapping.py for tasks to queue
[2024-03-26T21:15:59.756+0000] {logging_mixin.py:188} INFO - [2024-03-26T21:15:59.755+0000] {dagbag.py:540} INFO - Filling up the DagBag from /home/airflow/.local/lib/python3.8/site-packages/airflow/example_dags/example_dynamic_task_mapping.py
[2024-03-26T21:15:59.794+0000] {processor.py:840} INFO - DAG(s) 'example_dynamic_task_mapping' retrieved from /home/airflow/.local/lib/python3.8/site-packages/airflow/example_dags/example_dynamic_task_mapping.py
[2024-03-26T21:15:59.875+0000] {logging_mixin.py:188} INFO - [2024-03-26T21:15:59.874+0000] {dag.py:3047} INFO - Sync 1 DAGs
[2024-03-26T21:15:59.985+0000] {logging_mixin.py:188} INFO - [2024-03-26T21:15:59.984+0000] {dag.py:3834} INFO - Setting next_dagrun for example_dynamic_task_mapping to 2022-03-04 00:00:00+00:00, run_after=2022-03-05 00:00:00+00:00
[2024-03-26T21:16:00.064+0000] {processor.py:183} INFO - Processing /home/airflow/.local/lib/python3.8/site-packages/airflow/example_dags/example_dynamic_task_mapping.py took 0.330 seconds
[2024-03-26T21:21:00.656+0000] {processor.py:161} INFO - Started process (PID=259) to work on /home/airflow/.local/lib/python3.8/site-packages/airflow/example_dags/example_dynamic_task_mapping.py
[2024-03-26T21:21:00.666+0000] {processor.py:830} INFO - Processing file /home/airflow/.local/lib/python3.8/site-packages/airflow/example_dags/example_dynamic_task_mapping.py for tasks to queue
[2024-03-26T21:21:00.676+0000] {logging_mixin.py:188} INFO - [2024-03-26T21:21:00.675+0000] {dagbag.py:540} INFO - Filling up the DagBag from /home/airflow/.local/lib/python3.8/site-packages/airflow/example_dags/example_dynamic_task_mapping.py
[2024-03-26T21:21:00.726+0000] {processor.py:840} INFO - DAG(s) 'example_dynamic_task_mapping' retrieved from /home/airflow/.local/lib/python3.8/site-packages/airflow/example_dags/example_dynamic_task_mapping.py
[2024-03-26T21:21:01.466+0000] {logging_mixin.py:188} INFO - [2024-03-26T21:21:01.466+0000] {dag.py:3047} INFO - Sync 1 DAGs
[2024-03-26T21:21:01.604+0000] {logging_mixin.py:188} INFO - [2024-03-26T21:21:01.597+0000] {dag.py:3834} INFO - Setting next_dagrun for example_dynamic_task_mapping to 2022-03-04 00:00:00+00:00, run_after=2022-03-05 00:00:00+00:00
[2024-03-26T21:21:01.744+0000] {processor.py:183} INFO - Processing /home/airflow/.local/lib/python3.8/site-packages/airflow/example_dags/example_dynamic_task_mapping.py took 1.100 seconds
[2024-03-26T21:21:32.066+0000] {processor.py:161} INFO - Started process (PID=509) to work on /home/airflow/.local/lib/python3.8/site-packages/airflow/example_dags/example_dynamic_task_mapping.py
[2024-03-26T21:21:32.067+0000] {processor.py:830} INFO - Processing file /home/airflow/.local/lib/python3.8/site-packages/airflow/example_dags/example_dynamic_task_mapping.py for tasks to queue
[2024-03-26T21:21:32.076+0000] {logging_mixin.py:188} INFO - [2024-03-26T21:21:32.076+0000] {dagbag.py:540} INFO - Filling up the DagBag from /home/airflow/.local/lib/python3.8/site-packages/airflow/example_dags/example_dynamic_task_mapping.py
[2024-03-26T21:21:32.115+0000] {processor.py:840} INFO - DAG(s) 'example_dynamic_task_mapping' retrieved from /home/airflow/.local/lib/python3.8/site-packages/airflow/example_dags/example_dynamic_task_mapping.py
[2024-03-26T21:21:32.216+0000] {logging_mixin.py:188} INFO - [2024-03-26T21:21:32.216+0000] {dag.py:3047} INFO - Sync 1 DAGs
[2024-03-26T21:21:32.327+0000] {logging_mixin.py:188} INFO - [2024-03-26T21:21:32.327+0000] {dag.py:3834} INFO - Setting next_dagrun for example_dynamic_task_mapping to 2022-03-04 00:00:00+00:00, run_after=2022-03-05 00:00:00+00:00
[2024-03-26T21:21:32.437+0000] {processor.py:183} INFO - Processing /home/airflow/.local/lib/python3.8/site-packages/airflow/example_dags/example_dynamic_task_mapping.py took 0.391 seconds
[2024-03-26T21:22:02.741+0000] {processor.py:161} INFO - Started process (PID=757) to work on /home/airflow/.local/lib/python3.8/site-packages/airflow/example_dags/example_dynamic_task_mapping.py
[2024-03-26T21:22:02.750+0000] {processor.py:830} INFO - Processing file /home/airflow/.local/lib/python3.8/site-packages/airflow/example_dags/example_dynamic_task_mapping.py for tasks to queue
[2024-03-26T21:22:02.751+0000] {logging_mixin.py:188} INFO - [2024-03-26T21:22:02.751+0000] {dagbag.py:540} INFO - Filling up the DagBag from /home/airflow/.local/lib/python3.8/site-packages/airflow/example_dags/example_dynamic_task_mapping.py
[2024-03-26T21:22:02.789+0000] {processor.py:840} INFO - DAG(s) 'example_dynamic_task_mapping' retrieved from /home/airflow/.local/lib/python3.8/site-packages/airflow/example_dags/example_dynamic_task_mapping.py
[2024-03-26T21:22:02.890+0000] {logging_mixin.py:188} INFO - [2024-03-26T21:22:02.890+0000] {dag.py:3047} INFO - Sync 1 DAGs
[2024-03-26T21:22:02.979+0000] {logging_mixin.py:188} INFO - [2024-03-26T21:22:02.979+0000] {dag.py:3834} INFO - Setting next_dagrun for example_dynamic_task_mapping to 2022-03-04 00:00:00+00:00, run_after=2022-03-05 00:00:00+00:00
[2024-03-26T21:22:03.070+0000] {processor.py:183} INFO - Processing /home/airflow/.local/lib/python3.8/site-packages/airflow/example_dags/example_dynamic_task_mapping.py took 0.340 seconds
[2024-03-26T21:22:33.915+0000] {processor.py:161} INFO - Started process (PID=1002) to work on /home/airflow/.local/lib/python3.8/site-packages/airflow/example_dags/example_dynamic_task_mapping.py
[2024-03-26T21:22:33.925+0000] {processor.py:830} INFO - Processing file /home/airflow/.local/lib/python3.8/site-packages/airflow/example_dags/example_dynamic_task_mapping.py for tasks to queue
[2024-03-26T21:22:33.934+0000] {logging_mixin.py:188} INFO - [2024-03-26T21:22:33.933+0000] {dagbag.py:540} INFO - Filling up the DagBag from /home/airflow/.local/lib/python3.8/site-packages/airflow/example_dags/example_dynamic_task_mapping.py
[2024-03-26T21:22:33.974+0000] {processor.py:840} INFO - DAG(s) 'example_dynamic_task_mapping' retrieved from /home/airflow/.local/lib/python3.8/site-packages/airflow/example_dags/example_dynamic_task_mapping.py
[2024-03-26T21:22:34.084+0000] {logging_mixin.py:188} INFO - [2024-03-26T21:22:34.084+0000] {dag.py:3047} INFO - Sync 1 DAGs
[2024-03-26T21:22:34.205+0000] {logging_mixin.py:188} INFO - [2024-03-26T21:22:34.205+0000] {dag.py:3834} INFO - Setting next_dagrun for example_dynamic_task_mapping to 2022-03-04 00:00:00+00:00, run_after=2022-03-05 00:00:00+00:00
[2024-03-26T21:22:34.314+0000] {processor.py:183} INFO - Processing /home/airflow/.local/lib/python3.8/site-packages/airflow/example_dags/example_dynamic_task_mapping.py took 0.411 seconds
[2024-03-26T21:23:06.695+0000] {processor.py:161} INFO - Started process (PID=1249) to work on /home/airflow/.local/lib/python3.8/site-packages/airflow/example_dags/example_dynamic_task_mapping.py
[2024-03-26T21:23:06.705+0000] {processor.py:830} INFO - Processing file /home/airflow/.local/lib/python3.8/site-packages/airflow/example_dags/example_dynamic_task_mapping.py for tasks to queue
[2024-03-26T21:23:06.716+0000] {logging_mixin.py:188} INFO - [2024-03-26T21:23:06.715+0000] {dagbag.py:540} INFO - Filling up the DagBag from /home/airflow/.local/lib/python3.8/site-packages/airflow/example_dags/example_dynamic_task_mapping.py
[2024-03-26T21:23:06.816+0000] {processor.py:840} INFO - DAG(s) 'example_dynamic_task_mapping' retrieved from /home/airflow/.local/lib/python3.8/site-packages/airflow/example_dags/example_dynamic_task_mapping.py
[2024-03-26T21:23:07.275+0000] {logging_mixin.py:188} INFO - [2024-03-26T21:23:07.267+0000] {dag.py:3047} INFO - Sync 1 DAGs
[2024-03-26T21:23:07.709+0000] {logging_mixin.py:188} INFO - [2024-03-26T21:23:07.708+0000] {dag.py:3834} INFO - Setting next_dagrun for example_dynamic_task_mapping to 2022-03-04 00:00:00+00:00, run_after=2022-03-05 00:00:00+00:00
[2024-03-26T21:23:07.948+0000] {processor.py:183} INFO - Processing /home/airflow/.local/lib/python3.8/site-packages/airflow/example_dags/example_dynamic_task_mapping.py took 1.278 seconds
[2024-03-26T21:23:38.184+0000] {processor.py:161} INFO - Started process (PID=1496) to work on /home/airflow/.local/lib/python3.8/site-packages/airflow/example_dags/example_dynamic_task_mapping.py
[2024-03-26T21:23:38.205+0000] {processor.py:830} INFO - Processing file /home/airflow/.local/lib/python3.8/site-packages/airflow/example_dags/example_dynamic_task_mapping.py for tasks to queue
[2024-03-26T21:23:38.215+0000] {logging_mixin.py:188} INFO - [2024-03-26T21:23:38.214+0000] {dagbag.py:540} INFO - Filling up the DagBag from /home/airflow/.local/lib/python3.8/site-packages/airflow/example_dags/example_dynamic_task_mapping.py
[2024-03-26T21:23:38.265+0000] {processor.py:840} INFO - DAG(s) 'example_dynamic_task_mapping' retrieved from /home/airflow/.local/lib/python3.8/site-packages/airflow/example_dags/example_dynamic_task_mapping.py
[2024-03-26T21:23:38.416+0000] {logging_mixin.py:188} INFO - [2024-03-26T21:23:38.415+0000] {dag.py:3047} INFO - Sync 1 DAGs
[2024-03-26T21:23:38.574+0000] {logging_mixin.py:188} INFO - [2024-03-26T21:23:38.574+0000] {dag.py:3834} INFO - Setting next_dagrun for example_dynamic_task_mapping to 2022-03-04 00:00:00+00:00, run_after=2022-03-05 00:00:00+00:00
[2024-03-26T21:23:38.726+0000] {processor.py:183} INFO - Processing /home/airflow/.local/lib/python3.8/site-packages/airflow/example_dags/example_dynamic_task_mapping.py took 0.570 seconds
[2024-03-26T21:24:10.318+0000] {processor.py:161} INFO - Started process (PID=1745) to work on /home/airflow/.local/lib/python3.8/site-packages/airflow/example_dags/example_dynamic_task_mapping.py
[2024-03-26T21:24:10.320+0000] {processor.py:830} INFO - Processing file /home/airflow/.local/lib/python3.8/site-packages/airflow/example_dags/example_dynamic_task_mapping.py for tasks to queue
[2024-03-26T21:24:10.330+0000] {logging_mixin.py:188} INFO - [2024-03-26T21:24:10.329+0000] {dagbag.py:540} INFO - Filling up the DagBag from /home/airflow/.local/lib/python3.8/site-packages/airflow/example_dags/example_dynamic_task_mapping.py
[2024-03-26T21:24:10.379+0000] {processor.py:840} INFO - DAG(s) 'example_dynamic_task_mapping' retrieved from /home/airflow/.local/lib/python3.8/site-packages/airflow/example_dags/example_dynamic_task_mapping.py
[2024-03-26T21:24:10.508+0000] {logging_mixin.py:188} INFO - [2024-03-26T21:24:10.500+0000] {dag.py:3047} INFO - Sync 1 DAGs
[2024-03-26T21:24:10.669+0000] {logging_mixin.py:188} INFO - [2024-03-26T21:24:10.668+0000] {dag.py:3834} INFO - Setting next_dagrun for example_dynamic_task_mapping to 2022-03-04 00:00:00+00:00, run_after=2022-03-05 00:00:00+00:00
[2024-03-26T21:24:10.859+0000] {processor.py:183} INFO - Processing /home/airflow/.local/lib/python3.8/site-packages/airflow/example_dags/example_dynamic_task_mapping.py took 0.570 seconds
[2024-03-26T21:24:42.059+0000] {processor.py:161} INFO - Started process (PID=1990) to work on /home/airflow/.local/lib/python3.8/site-packages/airflow/example_dags/example_dynamic_task_mapping.py
[2024-03-26T21:24:42.071+0000] {processor.py:830} INFO - Processing file /home/airflow/.local/lib/python3.8/site-packages/airflow/example_dags/example_dynamic_task_mapping.py for tasks to queue
[2024-03-26T21:24:42.090+0000] {logging_mixin.py:188} INFO - [2024-03-26T21:24:42.089+0000] {dagbag.py:540} INFO - Filling up the DagBag from /home/airflow/.local/lib/python3.8/site-packages/airflow/example_dags/example_dynamic_task_mapping.py
[2024-03-26T21:24:42.170+0000] {processor.py:840} INFO - DAG(s) 'example_dynamic_task_mapping' retrieved from /home/airflow/.local/lib/python3.8/site-packages/airflow/example_dags/example_dynamic_task_mapping.py
[2024-03-26T21:24:42.331+0000] {logging_mixin.py:188} INFO - [2024-03-26T21:24:42.330+0000] {dag.py:3047} INFO - Sync 1 DAGs
[2024-03-26T21:24:42.510+0000] {logging_mixin.py:188} INFO - [2024-03-26T21:24:42.509+0000] {dag.py:3834} INFO - Setting next_dagrun for example_dynamic_task_mapping to 2022-03-04 00:00:00+00:00, run_after=2022-03-05 00:00:00+00:00
[2024-03-26T21:24:42.630+0000] {processor.py:183} INFO - Processing /home/airflow/.local/lib/python3.8/site-packages/airflow/example_dags/example_dynamic_task_mapping.py took 0.599 seconds
[2024-03-26T21:25:14.113+0000] {processor.py:161} INFO - Started process (PID=2238) to work on /home/airflow/.local/lib/python3.8/site-packages/airflow/example_dags/example_dynamic_task_mapping.py
[2024-03-26T21:25:14.123+0000] {processor.py:830} INFO - Processing file /home/airflow/.local/lib/python3.8/site-packages/airflow/example_dags/example_dynamic_task_mapping.py for tasks to queue
[2024-03-26T21:25:14.133+0000] {logging_mixin.py:188} INFO - [2024-03-26T21:25:14.133+0000] {dagbag.py:540} INFO - Filling up the DagBag from /home/airflow/.local/lib/python3.8/site-packages/airflow/example_dags/example_dynamic_task_mapping.py
[2024-03-26T21:25:14.193+0000] {processor.py:840} INFO - DAG(s) 'example_dynamic_task_mapping' retrieved from /home/airflow/.local/lib/python3.8/site-packages/airflow/example_dags/example_dynamic_task_mapping.py
[2024-03-26T21:25:14.342+0000] {logging_mixin.py:188} INFO - [2024-03-26T21:25:14.333+0000] {dag.py:3047} INFO - Sync 1 DAGs
[2024-03-26T21:25:14.522+0000] {logging_mixin.py:188} INFO - [2024-03-26T21:25:14.522+0000] {dag.py:3834} INFO - Setting next_dagrun for example_dynamic_task_mapping to 2022-03-04 00:00:00+00:00, run_after=2022-03-05 00:00:00+00:00
[2024-03-26T21:25:14.713+0000] {processor.py:183} INFO - Processing /home/airflow/.local/lib/python3.8/site-packages/airflow/example_dags/example_dynamic_task_mapping.py took 0.620 seconds
[2024-03-26T21:25:45.085+0000] {processor.py:161} INFO - Started process (PID=2481) to work on /home/airflow/.local/lib/python3.8/site-packages/airflow/example_dags/example_dynamic_task_mapping.py
[2024-03-26T21:25:45.095+0000] {processor.py:830} INFO - Processing file /home/airflow/.local/lib/python3.8/site-packages/airflow/example_dags/example_dynamic_task_mapping.py for tasks to queue
[2024-03-26T21:25:45.106+0000] {logging_mixin.py:188} INFO - [2024-03-26T21:25:45.096+0000] {dagbag.py:540} INFO - Filling up the DagBag from /home/airflow/.local/lib/python3.8/site-packages/airflow/example_dags/example_dynamic_task_mapping.py
[2024-03-26T21:25:45.175+0000] {processor.py:840} INFO - DAG(s) 'example_dynamic_task_mapping' retrieved from /home/airflow/.local/lib/python3.8/site-packages/airflow/example_dags/example_dynamic_task_mapping.py
[2024-03-26T21:25:45.355+0000] {logging_mixin.py:188} INFO - [2024-03-26T21:25:45.346+0000] {dag.py:3047} INFO - Sync 1 DAGs
[2024-03-26T21:25:45.545+0000] {logging_mixin.py:188} INFO - [2024-03-26T21:25:45.545+0000] {dag.py:3834} INFO - Setting next_dagrun for example_dynamic_task_mapping to 2022-03-04 00:00:00+00:00, run_after=2022-03-05 00:00:00+00:00
[2024-03-26T21:25:45.705+0000] {processor.py:183} INFO - Processing /home/airflow/.local/lib/python3.8/site-packages/airflow/example_dags/example_dynamic_task_mapping.py took 0.650 seconds
[2024-03-26T21:26:16.320+0000] {processor.py:161} INFO - Started process (PID=2729) to work on /home/airflow/.local/lib/python3.8/site-packages/airflow/example_dags/example_dynamic_task_mapping.py
[2024-03-26T21:26:16.330+0000] {processor.py:830} INFO - Processing file /home/airflow/.local/lib/python3.8/site-packages/airflow/example_dags/example_dynamic_task_mapping.py for tasks to queue
[2024-03-26T21:26:16.340+0000] {logging_mixin.py:188} INFO - [2024-03-26T21:26:16.339+0000] {dagbag.py:540} INFO - Filling up the DagBag from /home/airflow/.local/lib/python3.8/site-packages/airflow/example_dags/example_dynamic_task_mapping.py
[2024-03-26T21:26:16.390+0000] {processor.py:840} INFO - DAG(s) 'example_dynamic_task_mapping' retrieved from /home/airflow/.local/lib/python3.8/site-packages/airflow/example_dags/example_dynamic_task_mapping.py
[2024-03-26T21:26:16.529+0000] {logging_mixin.py:188} INFO - [2024-03-26T21:26:16.529+0000] {dag.py:3047} INFO - Sync 1 DAGs
[2024-03-26T21:26:16.670+0000] {logging_mixin.py:188} INFO - [2024-03-26T21:26:16.670+0000] {dag.py:3834} INFO - Setting next_dagrun for example_dynamic_task_mapping to 2022-03-04 00:00:00+00:00, run_after=2022-03-05 00:00:00+00:00
[2024-03-26T21:26:16.839+0000] {processor.py:183} INFO - Processing /home/airflow/.local/lib/python3.8/site-packages/airflow/example_dags/example_dynamic_task_mapping.py took 0.540 seconds
[2024-03-26T21:26:47.822+0000] {processor.py:161} INFO - Started process (PID=2975) to work on /home/airflow/.local/lib/python3.8/site-packages/airflow/example_dags/example_dynamic_task_mapping.py
[2024-03-26T21:26:47.833+0000] {processor.py:830} INFO - Processing file /home/airflow/.local/lib/python3.8/site-packages/airflow/example_dags/example_dynamic_task_mapping.py for tasks to queue
[2024-03-26T21:26:47.843+0000] {logging_mixin.py:188} INFO - [2024-03-26T21:26:47.843+0000] {dagbag.py:540} INFO - Filling up the DagBag from /home/airflow/.local/lib/python3.8/site-packages/airflow/example_dags/example_dynamic_task_mapping.py
[2024-03-26T21:26:47.903+0000] {processor.py:840} INFO - DAG(s) 'example_dynamic_task_mapping' retrieved from /home/airflow/.local/lib/python3.8/site-packages/airflow/example_dags/example_dynamic_task_mapping.py
[2024-03-26T21:26:48.073+0000] {logging_mixin.py:188} INFO - [2024-03-26T21:26:48.072+0000] {dag.py:3047} INFO - Sync 1 DAGs
[2024-03-26T21:26:48.252+0000] {logging_mixin.py:188} INFO - [2024-03-26T21:26:48.252+0000] {dag.py:3834} INFO - Setting next_dagrun for example_dynamic_task_mapping to 2022-03-04 00:00:00+00:00, run_after=2022-03-05 00:00:00+00:00
[2024-03-26T21:26:48.412+0000] {processor.py:183} INFO - Processing /home/airflow/.local/lib/python3.8/site-packages/airflow/example_dags/example_dynamic_task_mapping.py took 0.620 seconds
[2024-03-26T21:27:22.034+0000] {processor.py:161} INFO - Started process (PID=3228) to work on /home/airflow/.local/lib/python3.8/site-packages/airflow/example_dags/example_dynamic_task_mapping.py
[2024-03-26T21:27:22.043+0000] {processor.py:830} INFO - Processing file /home/airflow/.local/lib/python3.8/site-packages/airflow/example_dags/example_dynamic_task_mapping.py for tasks to queue
[2024-03-26T21:27:22.054+0000] {logging_mixin.py:188} INFO - [2024-03-26T21:27:22.053+0000] {dagbag.py:540} INFO - Filling up the DagBag from /home/airflow/.local/lib/python3.8/site-packages/airflow/example_dags/example_dynamic_task_mapping.py
[2024-03-26T21:27:22.124+0000] {processor.py:840} INFO - DAG(s) 'example_dynamic_task_mapping' retrieved from /home/airflow/.local/lib/python3.8/site-packages/airflow/example_dags/example_dynamic_task_mapping.py
[2024-03-26T21:27:22.374+0000] {logging_mixin.py:188} INFO - [2024-03-26T21:27:22.373+0000] {dag.py:3047} INFO - Sync 1 DAGs
[2024-03-26T21:27:22.624+0000] {logging_mixin.py:188} INFO - [2024-03-26T21:27:22.624+0000] {dag.py:3834} INFO - Setting next_dagrun for example_dynamic_task_mapping to 2022-03-04 00:00:00+00:00, run_after=2022-03-05 00:00:00+00:00
[2024-03-26T21:27:22.924+0000] {processor.py:183} INFO - Processing /home/airflow/.local/lib/python3.8/site-packages/airflow/example_dags/example_dynamic_task_mapping.py took 0.920 seconds
[2024-03-26T21:27:53.721+0000] {processor.py:161} INFO - Started process (PID=3475) to work on /home/airflow/.local/lib/python3.8/site-packages/airflow/example_dags/example_dynamic_task_mapping.py
[2024-03-26T21:27:53.732+0000] {processor.py:830} INFO - Processing file /home/airflow/.local/lib/python3.8/site-packages/airflow/example_dags/example_dynamic_task_mapping.py for tasks to queue
[2024-03-26T21:27:53.742+0000] {logging_mixin.py:188} INFO - [2024-03-26T21:27:53.742+0000] {dagbag.py:540} INFO - Filling up the DagBag from /home/airflow/.local/lib/python3.8/site-packages/airflow/example_dags/example_dynamic_task_mapping.py
[2024-03-26T21:27:53.821+0000] {processor.py:840} INFO - DAG(s) 'example_dynamic_task_mapping' retrieved from /home/airflow/.local/lib/python3.8/site-packages/airflow/example_dags/example_dynamic_task_mapping.py
[2024-03-26T21:27:54.022+0000] {logging_mixin.py:188} INFO - [2024-03-26T21:27:54.022+0000] {dag.py:3047} INFO - Sync 1 DAGs
[2024-03-26T21:27:54.263+0000] {logging_mixin.py:188} INFO - [2024-03-26T21:27:54.262+0000] {dag.py:3834} INFO - Setting next_dagrun for example_dynamic_task_mapping to 2022-03-04 00:00:00+00:00, run_after=2022-03-05 00:00:00+00:00
[2024-03-26T21:27:54.481+0000] {processor.py:183} INFO - Processing /home/airflow/.local/lib/python3.8/site-packages/airflow/example_dags/example_dynamic_task_mapping.py took 0.791 seconds
[2024-03-26T21:28:26.564+0000] {processor.py:161} INFO - Started process (PID=3722) to work on /home/airflow/.local/lib/python3.8/site-packages/airflow/example_dags/example_dynamic_task_mapping.py
[2024-03-26T21:28:26.574+0000] {processor.py:830} INFO - Processing file /home/airflow/.local/lib/python3.8/site-packages/airflow/example_dags/example_dynamic_task_mapping.py for tasks to queue
[2024-03-26T21:28:26.604+0000] {logging_mixin.py:188} INFO - [2024-03-26T21:28:26.604+0000] {dagbag.py:540} INFO - Filling up the DagBag from /home/airflow/.local/lib/python3.8/site-packages/airflow/example_dags/example_dynamic_task_mapping.py
[2024-03-26T21:28:26.693+0000] {processor.py:840} INFO - DAG(s) 'example_dynamic_task_mapping' retrieved from /home/airflow/.local/lib/python3.8/site-packages/airflow/example_dags/example_dynamic_task_mapping.py
[2024-03-26T21:28:26.904+0000] {logging_mixin.py:188} INFO - [2024-03-26T21:28:26.904+0000] {dag.py:3047} INFO - Sync 1 DAGs
[2024-03-26T21:28:27.144+0000] {logging_mixin.py:188} INFO - [2024-03-26T21:28:27.143+0000] {dag.py:3834} INFO - Setting next_dagrun for example_dynamic_task_mapping to 2022-03-04 00:00:00+00:00, run_after=2022-03-05 00:00:00+00:00
[2024-03-26T21:28:27.363+0000] {processor.py:183} INFO - Processing /home/airflow/.local/lib/python3.8/site-packages/airflow/example_dags/example_dynamic_task_mapping.py took 0.821 seconds
[2024-03-26T21:29:00.402+0000] {processor.py:161} INFO - Started process (PID=3971) to work on /home/airflow/.local/lib/python3.8/site-packages/airflow/example_dags/example_dynamic_task_mapping.py
[2024-03-26T21:29:00.421+0000] {processor.py:830} INFO - Processing file /home/airflow/.local/lib/python3.8/site-packages/airflow/example_dags/example_dynamic_task_mapping.py for tasks to queue
[2024-03-26T21:29:00.432+0000] {logging_mixin.py:188} INFO - [2024-03-26T21:29:00.431+0000] {dagbag.py:540} INFO - Filling up the DagBag from /home/airflow/.local/lib/python3.8/site-packages/airflow/example_dags/example_dynamic_task_mapping.py
[2024-03-26T21:29:00.511+0000] {processor.py:840} INFO - DAG(s) 'example_dynamic_task_mapping' retrieved from /home/airflow/.local/lib/python3.8/site-packages/airflow/example_dags/example_dynamic_task_mapping.py
[2024-03-26T21:29:00.712+0000] {logging_mixin.py:188} INFO - [2024-03-26T21:29:00.712+0000] {dag.py:3047} INFO - Sync 1 DAGs
[2024-03-26T21:29:01.071+0000] {logging_mixin.py:188} INFO - [2024-03-26T21:29:01.071+0000] {dag.py:3834} INFO - Setting next_dagrun for example_dynamic_task_mapping to 2022-03-04 00:00:00+00:00, run_after=2022-03-05 00:00:00+00:00
[2024-03-26T21:29:01.401+0000] {processor.py:183} INFO - Processing /home/airflow/.local/lib/python3.8/site-packages/airflow/example_dags/example_dynamic_task_mapping.py took 1.080 seconds
[2024-03-26T21:29:41.841+0000] {processor.py:161} INFO - Started process (PID=4211) to work on /home/airflow/.local/lib/python3.8/site-packages/airflow/example_dags/example_dynamic_task_mapping.py
[2024-03-26T21:29:41.851+0000] {processor.py:830} INFO - Processing file /home/airflow/.local/lib/python3.8/site-packages/airflow/example_dags/example_dynamic_task_mapping.py for tasks to queue
[2024-03-26T21:29:41.871+0000] {logging_mixin.py:188} INFO - [2024-03-26T21:29:41.871+0000] {dagbag.py:540} INFO - Filling up the DagBag from /home/airflow/.local/lib/python3.8/site-packages/airflow/example_dags/example_dynamic_task_mapping.py
[2024-03-26T21:29:41.971+0000] {processor.py:840} INFO - DAG(s) 'example_dynamic_task_mapping' retrieved from /home/airflow/.local/lib/python3.8/site-packages/airflow/example_dags/example_dynamic_task_mapping.py
[2024-03-26T21:29:42.211+0000] {logging_mixin.py:188} INFO - [2024-03-26T21:29:42.211+0000] {dag.py:3047} INFO - Sync 1 DAGs
[2024-03-26T21:29:42.522+0000] {logging_mixin.py:188} INFO - [2024-03-26T21:29:42.521+0000] {dag.py:3834} INFO - Setting next_dagrun for example_dynamic_task_mapping to 2022-03-04 00:00:00+00:00, run_after=2022-03-05 00:00:00+00:00
[2024-03-26T21:29:42.811+0000] {processor.py:183} INFO - Processing /home/airflow/.local/lib/python3.8/site-packages/airflow/example_dags/example_dynamic_task_mapping.py took 1.020 seconds
[2024-03-26T21:30:18.731+0000] {processor.py:161} INFO - Started process (PID=4458) to work on /home/airflow/.local/lib/python3.8/site-packages/airflow/example_dags/example_dynamic_task_mapping.py
[2024-03-26T21:30:18.760+0000] {processor.py:830} INFO - Processing file /home/airflow/.local/lib/python3.8/site-packages/airflow/example_dags/example_dynamic_task_mapping.py for tasks to queue
[2024-03-26T21:30:18.771+0000] {logging_mixin.py:188} INFO - [2024-03-26T21:30:18.770+0000] {dagbag.py:540} INFO - Filling up the DagBag from /home/airflow/.local/lib/python3.8/site-packages/airflow/example_dags/example_dynamic_task_mapping.py
[2024-03-26T21:30:18.850+0000] {processor.py:840} INFO - DAG(s) 'example_dynamic_task_mapping' retrieved from /home/airflow/.local/lib/python3.8/site-packages/airflow/example_dags/example_dynamic_task_mapping.py
[2024-03-26T21:30:19.051+0000] {logging_mixin.py:188} INFO - [2024-03-26T21:30:19.050+0000] {dag.py:3047} INFO - Sync 1 DAGs
[2024-03-26T21:30:19.311+0000] {logging_mixin.py:188} INFO - [2024-03-26T21:30:19.311+0000] {dag.py:3834} INFO - Setting next_dagrun for example_dynamic_task_mapping to 2022-03-04 00:00:00+00:00, run_after=2022-03-05 00:00:00+00:00
[2024-03-26T21:30:19.511+0000] {processor.py:183} INFO - Processing /home/airflow/.local/lib/python3.8/site-packages/airflow/example_dags/example_dynamic_task_mapping.py took 0.830 seconds
[2024-03-26T21:30:58.660+0000] {processor.py:161} INFO - Started process (PID=4712) to work on /home/airflow/.local/lib/python3.8/site-packages/airflow/example_dags/example_dynamic_task_mapping.py
[2024-03-26T21:30:58.680+0000] {processor.py:830} INFO - Processing file /home/airflow/.local/lib/python3.8/site-packages/airflow/example_dags/example_dynamic_task_mapping.py for tasks to queue
[2024-03-26T21:30:58.690+0000] {logging_mixin.py:188} INFO - [2024-03-26T21:30:58.690+0000] {dagbag.py:540} INFO - Filling up the DagBag from /home/airflow/.local/lib/python3.8/site-packages/airflow/example_dags/example_dynamic_task_mapping.py
[2024-03-26T21:30:58.780+0000] {processor.py:840} INFO - DAG(s) 'example_dynamic_task_mapping' retrieved from /home/airflow/.local/lib/python3.8/site-packages/airflow/example_dags/example_dynamic_task_mapping.py
[2024-03-26T21:30:59.080+0000] {logging_mixin.py:188} INFO - [2024-03-26T21:30:59.080+0000] {dag.py:3047} INFO - Sync 1 DAGs
[2024-03-26T21:30:59.570+0000] {logging_mixin.py:188} INFO - [2024-03-26T21:30:59.569+0000] {dag.py:3834} INFO - Setting next_dagrun for example_dynamic_task_mapping to 2022-03-04 00:00:00+00:00, run_after=2022-03-05 00:00:00+00:00
[2024-03-26T21:30:59.830+0000] {processor.py:183} INFO - Processing /home/airflow/.local/lib/python3.8/site-packages/airflow/example_dags/example_dynamic_task_mapping.py took 1.210 seconds
[2024-03-26T21:31:42.048+0000] {processor.py:161} INFO - Started process (PID=4969) to work on /home/airflow/.local/lib/python3.8/site-packages/airflow/example_dags/example_dynamic_task_mapping.py
[2024-03-26T21:31:42.059+0000] {processor.py:830} INFO - Processing file /home/airflow/.local/lib/python3.8/site-packages/airflow/example_dags/example_dynamic_task_mapping.py for tasks to queue
[2024-03-26T21:31:42.078+0000] {logging_mixin.py:188} INFO - [2024-03-26T21:31:42.069+0000] {dagbag.py:540} INFO - Filling up the DagBag from /home/airflow/.local/lib/python3.8/site-packages/airflow/example_dags/example_dynamic_task_mapping.py
[2024-03-26T21:31:42.169+0000] {processor.py:840} INFO - DAG(s) 'example_dynamic_task_mapping' retrieved from /home/airflow/.local/lib/python3.8/site-packages/airflow/example_dags/example_dynamic_task_mapping.py
[2024-03-26T21:31:42.468+0000] {logging_mixin.py:188} INFO - [2024-03-26T21:31:42.459+0000] {dag.py:3047} INFO - Sync 1 DAGs
[2024-03-26T21:31:43.088+0000] {logging_mixin.py:188} INFO - [2024-03-26T21:31:43.088+0000] {dag.py:3834} INFO - Setting next_dagrun for example_dynamic_task_mapping to 2022-03-04 00:00:00+00:00, run_after=2022-03-05 00:00:00+00:00
[2024-03-26T21:31:43.459+0000] {processor.py:183} INFO - Processing /home/airflow/.local/lib/python3.8/site-packages/airflow/example_dags/example_dynamic_task_mapping.py took 1.470 seconds
[2024-03-26T21:32:23.837+0000] {processor.py:161} INFO - Started process (PID=5180) to work on /home/airflow/.local/lib/python3.8/site-packages/airflow/example_dags/example_dynamic_task_mapping.py
[2024-03-26T21:32:23.857+0000] {processor.py:830} INFO - Processing file /home/airflow/.local/lib/python3.8/site-packages/airflow/example_dags/example_dynamic_task_mapping.py for tasks to queue
[2024-03-26T21:32:23.887+0000] {logging_mixin.py:188} INFO - [2024-03-26T21:32:23.877+0000] {dagbag.py:540} INFO - Filling up the DagBag from /home/airflow/.local/lib/python3.8/site-packages/airflow/example_dags/example_dynamic_task_mapping.py
[2024-03-26T21:32:24.006+0000] {processor.py:840} INFO - DAG(s) 'example_dynamic_task_mapping' retrieved from /home/airflow/.local/lib/python3.8/site-packages/airflow/example_dags/example_dynamic_task_mapping.py
[2024-03-26T21:32:24.267+0000] {logging_mixin.py:188} INFO - [2024-03-26T21:32:24.267+0000] {dag.py:3047} INFO - Sync 1 DAGs
[2024-03-26T21:32:24.617+0000] {logging_mixin.py:188} INFO - [2024-03-26T21:32:24.616+0000] {dag.py:3834} INFO - Setting next_dagrun for example_dynamic_task_mapping to 2022-03-04 00:00:00+00:00, run_after=2022-03-05 00:00:00+00:00
[2024-03-26T21:32:24.987+0000] {processor.py:183} INFO - Processing /home/airflow/.local/lib/python3.8/site-packages/airflow/example_dags/example_dynamic_task_mapping.py took 1.211 seconds
[2024-03-26T21:33:16.126+0000] {processor.py:161} INFO - Started process (PID=5399) to work on /home/airflow/.local/lib/python3.8/site-packages/airflow/example_dags/example_dynamic_task_mapping.py
[2024-03-26T21:33:16.146+0000] {processor.py:830} INFO - Processing file /home/airflow/.local/lib/python3.8/site-packages/airflow/example_dags/example_dynamic_task_mapping.py for tasks to queue
[2024-03-26T21:33:16.176+0000] {logging_mixin.py:188} INFO - [2024-03-26T21:33:16.157+0000] {dagbag.py:540} INFO - Filling up the DagBag from /home/airflow/.local/lib/python3.8/site-packages/airflow/example_dags/example_dynamic_task_mapping.py
[2024-03-26T21:33:16.346+0000] {processor.py:840} INFO - DAG(s) 'example_dynamic_task_mapping' retrieved from /home/airflow/.local/lib/python3.8/site-packages/airflow/example_dags/example_dynamic_task_mapping.py
[2024-03-26T21:33:16.747+0000] {logging_mixin.py:188} INFO - [2024-03-26T21:33:16.746+0000] {dag.py:3047} INFO - Sync 1 DAGs
[2024-03-26T21:33:17.276+0000] {logging_mixin.py:188} INFO - [2024-03-26T21:33:17.266+0000] {dag.py:3834} INFO - Setting next_dagrun for example_dynamic_task_mapping to 2022-03-04 00:00:00+00:00, run_after=2022-03-05 00:00:00+00:00
[2024-03-26T21:33:17.746+0000] {processor.py:183} INFO - Processing /home/airflow/.local/lib/python3.8/site-packages/airflow/example_dags/example_dynamic_task_mapping.py took 1.689 seconds
[2024-03-26T21:34:42.003+0000] {processor.py:161} INFO - Started process (PID=5669) to work on /home/airflow/.local/lib/python3.8/site-packages/airflow/example_dags/example_dynamic_task_mapping.py
[2024-03-26T21:34:42.033+0000] {processor.py:830} INFO - Processing file /home/airflow/.local/lib/python3.8/site-packages/airflow/example_dags/example_dynamic_task_mapping.py for tasks to queue
[2024-03-26T21:34:42.072+0000] {logging_mixin.py:188} INFO - [2024-03-26T21:34:42.053+0000] {dagbag.py:540} INFO - Filling up the DagBag from /home/airflow/.local/lib/python3.8/site-packages/airflow/example_dags/example_dynamic_task_mapping.py
[2024-03-26T21:34:42.303+0000] {processor.py:840} INFO - DAG(s) 'example_dynamic_task_mapping' retrieved from /home/airflow/.local/lib/python3.8/site-packages/airflow/example_dags/example_dynamic_task_mapping.py
[2024-03-26T21:34:42.982+0000] {logging_mixin.py:188} INFO - [2024-03-26T21:34:42.973+0000] {dag.py:3047} INFO - Sync 1 DAGs
[2024-03-26T21:34:43.873+0000] {logging_mixin.py:188} INFO - [2024-03-26T21:34:43.863+0000] {dag.py:3834} INFO - Setting next_dagrun for example_dynamic_task_mapping to 2022-03-04 00:00:00+00:00, run_after=2022-03-05 00:00:00+00:00
[2024-03-26T21:34:44.612+0000] {processor.py:183} INFO - Processing /home/airflow/.local/lib/python3.8/site-packages/airflow/example_dags/example_dynamic_task_mapping.py took 2.710 seconds
[2024-03-26T21:38:01.791+0000] {processor.py:161} INFO - Started process (PID=6008) to work on /home/airflow/.local/lib/python3.8/site-packages/airflow/example_dags/example_dynamic_task_mapping.py
[2024-03-26T21:38:01.861+0000] {processor.py:830} INFO - Processing file /home/airflow/.local/lib/python3.8/site-packages/airflow/example_dags/example_dynamic_task_mapping.py for tasks to queue
[2024-03-26T21:38:02.061+0000] {logging_mixin.py:188} INFO - [2024-03-26T21:38:02.021+0000] {dagbag.py:540} INFO - Filling up the DagBag from /home/airflow/.local/lib/python3.8/site-packages/airflow/example_dags/example_dynamic_task_mapping.py
[2024-03-26T21:38:02.701+0000] {processor.py:840} INFO - DAG(s) 'example_dynamic_task_mapping' retrieved from /home/airflow/.local/lib/python3.8/site-packages/airflow/example_dags/example_dynamic_task_mapping.py
[2024-03-26T21:38:04.941+0000] {logging_mixin.py:188} INFO - [2024-03-26T21:38:04.921+0000] {dag.py:3047} INFO - Sync 1 DAGs
[2024-03-26T21:38:07.151+0000] {logging_mixin.py:188} INFO - [2024-03-26T21:38:07.121+0000] {dag.py:3834} INFO - Setting next_dagrun for example_dynamic_task_mapping to 2022-03-04 00:00:00+00:00, run_after=2022-03-05 00:00:00+00:00
[2024-03-26T21:38:10.703+0000] {processor.py:183} INFO - Processing /home/airflow/.local/lib/python3.8/site-packages/airflow/example_dags/example_dynamic_task_mapping.py took 9.140 seconds
