[2024-03-26T21:03:43.859+0000] {processor.py:161} INFO - Started process (PID=330) to work on /home/airflow/.local/lib/python3.8/site-packages/airflow/example_dags/example_short_circuit_operator.py
[2024-03-26T21:03:43.861+0000] {processor.py:830} INFO - Processing file /home/airflow/.local/lib/python3.8/site-packages/airflow/example_dags/example_short_circuit_operator.py for tasks to queue
[2024-03-26T21:03:43.878+0000] {logging_mixin.py:188} INFO - [2024-03-26T21:03:43.877+0000] {dagbag.py:540} INFO - Filling up the DagBag from /home/airflow/.local/lib/python3.8/site-packages/airflow/example_dags/example_short_circuit_operator.py
[2024-03-26T21:03:43.987+0000] {processor.py:840} INFO - DAG(s) 'example_short_circuit_operator' retrieved from /home/airflow/.local/lib/python3.8/site-packages/airflow/example_dags/example_short_circuit_operator.py
[2024-03-26T21:03:44.781+0000] {logging_mixin.py:188} INFO - [2024-03-26T21:03:44.780+0000] {dag.py:3047} INFO - Sync 1 DAGs
[2024-03-26T21:03:44.891+0000] {logging_mixin.py:188} INFO - [2024-03-26T21:03:44.891+0000] {dag.py:3834} INFO - Setting next_dagrun for example_short_circuit_operator to 2024-03-25 00:00:00+00:00, run_after=2024-03-26 00:00:00+00:00
[2024-03-26T21:03:45.018+0000] {processor.py:183} INFO - Processing /home/airflow/.local/lib/python3.8/site-packages/airflow/example_dags/example_short_circuit_operator.py took 1.187 seconds
[2024-03-26T21:04:15.765+0000] {processor.py:161} INFO - Started process (PID=579) to work on /home/airflow/.local/lib/python3.8/site-packages/airflow/example_dags/example_short_circuit_operator.py
[2024-03-26T21:04:15.767+0000] {processor.py:830} INFO - Processing file /home/airflow/.local/lib/python3.8/site-packages/airflow/example_dags/example_short_circuit_operator.py for tasks to queue
[2024-03-26T21:04:15.774+0000] {logging_mixin.py:188} INFO - [2024-03-26T21:04:15.769+0000] {dagbag.py:540} INFO - Filling up the DagBag from /home/airflow/.local/lib/python3.8/site-packages/airflow/example_dags/example_short_circuit_operator.py
[2024-03-26T21:04:15.804+0000] {processor.py:840} INFO - DAG(s) 'example_short_circuit_operator' retrieved from /home/airflow/.local/lib/python3.8/site-packages/airflow/example_dags/example_short_circuit_operator.py
[2024-03-26T21:04:15.896+0000] {logging_mixin.py:188} INFO - [2024-03-26T21:04:15.895+0000] {dag.py:3047} INFO - Sync 1 DAGs
[2024-03-26T21:04:15.985+0000] {logging_mixin.py:188} INFO - [2024-03-26T21:04:15.984+0000] {dag.py:3834} INFO - Setting next_dagrun for example_short_circuit_operator to 2024-03-25 00:00:00+00:00, run_after=2024-03-26 00:00:00+00:00
[2024-03-26T21:04:16.049+0000] {processor.py:183} INFO - Processing /home/airflow/.local/lib/python3.8/site-packages/airflow/example_dags/example_short_circuit_operator.py took 0.295 seconds
[2024-03-26T21:04:46.171+0000] {processor.py:161} INFO - Started process (PID=826) to work on /home/airflow/.local/lib/python3.8/site-packages/airflow/example_dags/example_short_circuit_operator.py
[2024-03-26T21:04:46.173+0000] {processor.py:830} INFO - Processing file /home/airflow/.local/lib/python3.8/site-packages/airflow/example_dags/example_short_circuit_operator.py for tasks to queue
[2024-03-26T21:04:46.174+0000] {logging_mixin.py:188} INFO - [2024-03-26T21:04:46.174+0000] {dagbag.py:540} INFO - Filling up the DagBag from /home/airflow/.local/lib/python3.8/site-packages/airflow/example_dags/example_short_circuit_operator.py
[2024-03-26T21:04:46.194+0000] {processor.py:840} INFO - DAG(s) 'example_short_circuit_operator' retrieved from /home/airflow/.local/lib/python3.8/site-packages/airflow/example_dags/example_short_circuit_operator.py
[2024-03-26T21:04:46.271+0000] {logging_mixin.py:188} INFO - [2024-03-26T21:04:46.270+0000] {dag.py:3047} INFO - Sync 1 DAGs
[2024-03-26T21:04:46.335+0000] {logging_mixin.py:188} INFO - [2024-03-26T21:04:46.335+0000] {dag.py:3834} INFO - Setting next_dagrun for example_short_circuit_operator to 2024-03-25 00:00:00+00:00, run_after=2024-03-26 00:00:00+00:00
[2024-03-26T21:04:46.421+0000] {processor.py:183} INFO - Processing /home/airflow/.local/lib/python3.8/site-packages/airflow/example_dags/example_short_circuit_operator.py took 0.260 seconds
[2024-03-26T21:05:17.052+0000] {processor.py:161} INFO - Started process (PID=1073) to work on /home/airflow/.local/lib/python3.8/site-packages/airflow/example_dags/example_short_circuit_operator.py
[2024-03-26T21:05:17.059+0000] {processor.py:830} INFO - Processing file /home/airflow/.local/lib/python3.8/site-packages/airflow/example_dags/example_short_circuit_operator.py for tasks to queue
[2024-03-26T21:05:17.061+0000] {logging_mixin.py:188} INFO - [2024-03-26T21:05:17.061+0000] {dagbag.py:540} INFO - Filling up the DagBag from /home/airflow/.local/lib/python3.8/site-packages/airflow/example_dags/example_short_circuit_operator.py
[2024-03-26T21:05:17.090+0000] {processor.py:840} INFO - DAG(s) 'example_short_circuit_operator' retrieved from /home/airflow/.local/lib/python3.8/site-packages/airflow/example_dags/example_short_circuit_operator.py
[2024-03-26T21:05:17.171+0000] {logging_mixin.py:188} INFO - [2024-03-26T21:05:17.170+0000] {dag.py:3047} INFO - Sync 1 DAGs
[2024-03-26T21:05:17.249+0000] {logging_mixin.py:188} INFO - [2024-03-26T21:05:17.243+0000] {dag.py:3834} INFO - Setting next_dagrun for example_short_circuit_operator to 2024-03-25 00:00:00+00:00, run_after=2024-03-26 00:00:00+00:00
[2024-03-26T21:05:17.313+0000] {processor.py:183} INFO - Processing /home/airflow/.local/lib/python3.8/site-packages/airflow/example_dags/example_short_circuit_operator.py took 0.271 seconds
[2024-03-26T21:05:47.890+0000] {processor.py:161} INFO - Started process (PID=1321) to work on /home/airflow/.local/lib/python3.8/site-packages/airflow/example_dags/example_short_circuit_operator.py
[2024-03-26T21:05:47.897+0000] {processor.py:830} INFO - Processing file /home/airflow/.local/lib/python3.8/site-packages/airflow/example_dags/example_short_circuit_operator.py for tasks to queue
[2024-03-26T21:05:47.898+0000] {logging_mixin.py:188} INFO - [2024-03-26T21:05:47.898+0000] {dagbag.py:540} INFO - Filling up the DagBag from /home/airflow/.local/lib/python3.8/site-packages/airflow/example_dags/example_short_circuit_operator.py
[2024-03-26T21:05:47.918+0000] {processor.py:840} INFO - DAG(s) 'example_short_circuit_operator' retrieved from /home/airflow/.local/lib/python3.8/site-packages/airflow/example_dags/example_short_circuit_operator.py
[2024-03-26T21:05:47.980+0000] {logging_mixin.py:188} INFO - [2024-03-26T21:05:47.980+0000] {dag.py:3047} INFO - Sync 1 DAGs
[2024-03-26T21:05:48.049+0000] {logging_mixin.py:188} INFO - [2024-03-26T21:05:48.048+0000] {dag.py:3834} INFO - Setting next_dagrun for example_short_circuit_operator to 2024-03-25 00:00:00+00:00, run_after=2024-03-26 00:00:00+00:00
[2024-03-26T21:05:48.129+0000] {processor.py:183} INFO - Processing /home/airflow/.local/lib/python3.8/site-packages/airflow/example_dags/example_short_circuit_operator.py took 0.243 seconds
[2024-03-26T21:06:18.603+0000] {processor.py:161} INFO - Started process (PID=1568) to work on /home/airflow/.local/lib/python3.8/site-packages/airflow/example_dags/example_short_circuit_operator.py
[2024-03-26T21:06:18.605+0000] {processor.py:830} INFO - Processing file /home/airflow/.local/lib/python3.8/site-packages/airflow/example_dags/example_short_circuit_operator.py for tasks to queue
[2024-03-26T21:06:18.606+0000] {logging_mixin.py:188} INFO - [2024-03-26T21:06:18.606+0000] {dagbag.py:540} INFO - Filling up the DagBag from /home/airflow/.local/lib/python3.8/site-packages/airflow/example_dags/example_short_circuit_operator.py
[2024-03-26T21:06:18.635+0000] {processor.py:840} INFO - DAG(s) 'example_short_circuit_operator' retrieved from /home/airflow/.local/lib/python3.8/site-packages/airflow/example_dags/example_short_circuit_operator.py
[2024-03-26T21:06:18.716+0000] {logging_mixin.py:188} INFO - [2024-03-26T21:06:18.715+0000] {dag.py:3047} INFO - Sync 1 DAGs
[2024-03-26T21:06:18.787+0000] {logging_mixin.py:188} INFO - [2024-03-26T21:06:18.787+0000] {dag.py:3834} INFO - Setting next_dagrun for example_short_circuit_operator to 2024-03-25 00:00:00+00:00, run_after=2024-03-26 00:00:00+00:00
[2024-03-26T21:06:18.876+0000] {processor.py:183} INFO - Processing /home/airflow/.local/lib/python3.8/site-packages/airflow/example_dags/example_short_circuit_operator.py took 0.283 seconds
[2024-03-26T21:06:49.453+0000] {processor.py:161} INFO - Started process (PID=1815) to work on /home/airflow/.local/lib/python3.8/site-packages/airflow/example_dags/example_short_circuit_operator.py
[2024-03-26T21:06:49.454+0000] {processor.py:830} INFO - Processing file /home/airflow/.local/lib/python3.8/site-packages/airflow/example_dags/example_short_circuit_operator.py for tasks to queue
[2024-03-26T21:06:49.456+0000] {logging_mixin.py:188} INFO - [2024-03-26T21:06:49.455+0000] {dagbag.py:540} INFO - Filling up the DagBag from /home/airflow/.local/lib/python3.8/site-packages/airflow/example_dags/example_short_circuit_operator.py
[2024-03-26T21:06:49.484+0000] {processor.py:840} INFO - DAG(s) 'example_short_circuit_operator' retrieved from /home/airflow/.local/lib/python3.8/site-packages/airflow/example_dags/example_short_circuit_operator.py
[2024-03-26T21:06:49.555+0000] {logging_mixin.py:188} INFO - [2024-03-26T21:06:49.554+0000] {dag.py:3047} INFO - Sync 1 DAGs
[2024-03-26T21:06:49.623+0000] {logging_mixin.py:188} INFO - [2024-03-26T21:06:49.617+0000] {dag.py:3834} INFO - Setting next_dagrun for example_short_circuit_operator to 2024-03-25 00:00:00+00:00, run_after=2024-03-26 00:00:00+00:00
[2024-03-26T21:06:49.675+0000] {processor.py:183} INFO - Processing /home/airflow/.local/lib/python3.8/site-packages/airflow/example_dags/example_short_circuit_operator.py took 0.232 seconds
[2024-03-26T21:07:20.062+0000] {processor.py:161} INFO - Started process (PID=2062) to work on /home/airflow/.local/lib/python3.8/site-packages/airflow/example_dags/example_short_circuit_operator.py
[2024-03-26T21:07:20.064+0000] {processor.py:830} INFO - Processing file /home/airflow/.local/lib/python3.8/site-packages/airflow/example_dags/example_short_circuit_operator.py for tasks to queue
[2024-03-26T21:07:20.065+0000] {logging_mixin.py:188} INFO - [2024-03-26T21:07:20.065+0000] {dagbag.py:540} INFO - Filling up the DagBag from /home/airflow/.local/lib/python3.8/site-packages/airflow/example_dags/example_short_circuit_operator.py
[2024-03-26T21:07:20.095+0000] {processor.py:840} INFO - DAG(s) 'example_short_circuit_operator' retrieved from /home/airflow/.local/lib/python3.8/site-packages/airflow/example_dags/example_short_circuit_operator.py
[2024-03-26T21:07:20.173+0000] {logging_mixin.py:188} INFO - [2024-03-26T21:07:20.173+0000] {dag.py:3047} INFO - Sync 1 DAGs
[2024-03-26T21:07:20.263+0000] {logging_mixin.py:188} INFO - [2024-03-26T21:07:20.263+0000] {dag.py:3834} INFO - Setting next_dagrun for example_short_circuit_operator to 2024-03-25 00:00:00+00:00, run_after=2024-03-26 00:00:00+00:00
[2024-03-26T21:07:20.332+0000] {processor.py:183} INFO - Processing /home/airflow/.local/lib/python3.8/site-packages/airflow/example_dags/example_short_circuit_operator.py took 0.280 seconds
[2024-03-26T21:07:51.095+0000] {processor.py:161} INFO - Started process (PID=2308) to work on /home/airflow/.local/lib/python3.8/site-packages/airflow/example_dags/example_short_circuit_operator.py
[2024-03-26T21:07:51.102+0000] {processor.py:830} INFO - Processing file /home/airflow/.local/lib/python3.8/site-packages/airflow/example_dags/example_short_circuit_operator.py for tasks to queue
[2024-03-26T21:07:51.104+0000] {logging_mixin.py:188} INFO - [2024-03-26T21:07:51.103+0000] {dagbag.py:540} INFO - Filling up the DagBag from /home/airflow/.local/lib/python3.8/site-packages/airflow/example_dags/example_short_circuit_operator.py
[2024-03-26T21:07:51.125+0000] {processor.py:840} INFO - DAG(s) 'example_short_circuit_operator' retrieved from /home/airflow/.local/lib/python3.8/site-packages/airflow/example_dags/example_short_circuit_operator.py
[2024-03-26T21:07:51.205+0000] {logging_mixin.py:188} INFO - [2024-03-26T21:07:51.204+0000] {dag.py:3047} INFO - Sync 1 DAGs
[2024-03-26T21:07:51.294+0000] {logging_mixin.py:188} INFO - [2024-03-26T21:07:51.293+0000] {dag.py:3834} INFO - Setting next_dagrun for example_short_circuit_operator to 2024-03-25 00:00:00+00:00, run_after=2024-03-26 00:00:00+00:00
[2024-03-26T21:07:51.406+0000] {processor.py:183} INFO - Processing /home/airflow/.local/lib/python3.8/site-packages/airflow/example_dags/example_short_circuit_operator.py took 0.320 seconds
[2024-03-26T21:08:22.192+0000] {processor.py:161} INFO - Started process (PID=2555) to work on /home/airflow/.local/lib/python3.8/site-packages/airflow/example_dags/example_short_circuit_operator.py
[2024-03-26T21:08:22.200+0000] {processor.py:830} INFO - Processing file /home/airflow/.local/lib/python3.8/site-packages/airflow/example_dags/example_short_circuit_operator.py for tasks to queue
[2024-03-26T21:08:22.202+0000] {logging_mixin.py:188} INFO - [2024-03-26T21:08:22.201+0000] {dagbag.py:540} INFO - Filling up the DagBag from /home/airflow/.local/lib/python3.8/site-packages/airflow/example_dags/example_short_circuit_operator.py
[2024-03-26T21:08:22.229+0000] {processor.py:840} INFO - DAG(s) 'example_short_circuit_operator' retrieved from /home/airflow/.local/lib/python3.8/site-packages/airflow/example_dags/example_short_circuit_operator.py
[2024-03-26T21:08:22.311+0000] {logging_mixin.py:188} INFO - [2024-03-26T21:08:22.311+0000] {dag.py:3047} INFO - Sync 1 DAGs
[2024-03-26T21:08:22.391+0000] {logging_mixin.py:188} INFO - [2024-03-26T21:08:22.390+0000] {dag.py:3834} INFO - Setting next_dagrun for example_short_circuit_operator to 2024-03-25 00:00:00+00:00, run_after=2024-03-26 00:00:00+00:00
[2024-03-26T21:08:22.471+0000] {processor.py:183} INFO - Processing /home/airflow/.local/lib/python3.8/site-packages/airflow/example_dags/example_short_circuit_operator.py took 0.290 seconds
[2024-03-26T21:08:53.146+0000] {processor.py:161} INFO - Started process (PID=2802) to work on /home/airflow/.local/lib/python3.8/site-packages/airflow/example_dags/example_short_circuit_operator.py
[2024-03-26T21:08:53.149+0000] {processor.py:830} INFO - Processing file /home/airflow/.local/lib/python3.8/site-packages/airflow/example_dags/example_short_circuit_operator.py for tasks to queue
[2024-03-26T21:08:53.150+0000] {logging_mixin.py:188} INFO - [2024-03-26T21:08:53.150+0000] {dagbag.py:540} INFO - Filling up the DagBag from /home/airflow/.local/lib/python3.8/site-packages/airflow/example_dags/example_short_circuit_operator.py
[2024-03-26T21:08:53.177+0000] {processor.py:840} INFO - DAG(s) 'example_short_circuit_operator' retrieved from /home/airflow/.local/lib/python3.8/site-packages/airflow/example_dags/example_short_circuit_operator.py
[2024-03-26T21:08:53.249+0000] {logging_mixin.py:188} INFO - [2024-03-26T21:08:53.249+0000] {dag.py:3047} INFO - Sync 1 DAGs
[2024-03-26T21:08:53.329+0000] {logging_mixin.py:188} INFO - [2024-03-26T21:08:53.329+0000] {dag.py:3834} INFO - Setting next_dagrun for example_short_circuit_operator to 2024-03-25 00:00:00+00:00, run_after=2024-03-26 00:00:00+00:00
[2024-03-26T21:08:53.388+0000] {processor.py:183} INFO - Processing /home/airflow/.local/lib/python3.8/site-packages/airflow/example_dags/example_short_circuit_operator.py took 0.259 seconds
[2024-03-26T21:09:23.630+0000] {processor.py:161} INFO - Started process (PID=3049) to work on /home/airflow/.local/lib/python3.8/site-packages/airflow/example_dags/example_short_circuit_operator.py
[2024-03-26T21:09:23.638+0000] {processor.py:830} INFO - Processing file /home/airflow/.local/lib/python3.8/site-packages/airflow/example_dags/example_short_circuit_operator.py for tasks to queue
[2024-03-26T21:09:23.656+0000] {logging_mixin.py:188} INFO - [2024-03-26T21:09:23.649+0000] {dagbag.py:540} INFO - Filling up the DagBag from /home/airflow/.local/lib/python3.8/site-packages/airflow/example_dags/example_short_circuit_operator.py
[2024-03-26T21:09:23.700+0000] {processor.py:840} INFO - DAG(s) 'example_short_circuit_operator' retrieved from /home/airflow/.local/lib/python3.8/site-packages/airflow/example_dags/example_short_circuit_operator.py
[2024-03-26T21:09:23.826+0000] {logging_mixin.py:188} INFO - [2024-03-26T21:09:23.820+0000] {dag.py:3047} INFO - Sync 1 DAGs
[2024-03-26T21:09:23.940+0000] {logging_mixin.py:188} INFO - [2024-03-26T21:09:23.940+0000] {dag.py:3834} INFO - Setting next_dagrun for example_short_circuit_operator to 2024-03-25 00:00:00+00:00, run_after=2024-03-26 00:00:00+00:00
[2024-03-26T21:09:24.040+0000] {processor.py:183} INFO - Processing /home/airflow/.local/lib/python3.8/site-packages/airflow/example_dags/example_short_circuit_operator.py took 0.422 seconds
[2024-03-26T21:09:54.565+0000] {processor.py:161} INFO - Started process (PID=3294) to work on /home/airflow/.local/lib/python3.8/site-packages/airflow/example_dags/example_short_circuit_operator.py
[2024-03-26T21:09:54.567+0000] {processor.py:830} INFO - Processing file /home/airflow/.local/lib/python3.8/site-packages/airflow/example_dags/example_short_circuit_operator.py for tasks to queue
[2024-03-26T21:09:54.575+0000] {logging_mixin.py:188} INFO - [2024-03-26T21:09:54.574+0000] {dagbag.py:540} INFO - Filling up the DagBag from /home/airflow/.local/lib/python3.8/site-packages/airflow/example_dags/example_short_circuit_operator.py
[2024-03-26T21:09:54.614+0000] {processor.py:840} INFO - DAG(s) 'example_short_circuit_operator' retrieved from /home/airflow/.local/lib/python3.8/site-packages/airflow/example_dags/example_short_circuit_operator.py
[2024-03-26T21:09:54.686+0000] {logging_mixin.py:188} INFO - [2024-03-26T21:09:54.686+0000] {dag.py:3047} INFO - Sync 1 DAGs
[2024-03-26T21:09:54.767+0000] {logging_mixin.py:188} INFO - [2024-03-26T21:09:54.767+0000] {dag.py:3834} INFO - Setting next_dagrun for example_short_circuit_operator to 2024-03-25 00:00:00+00:00, run_after=2024-03-26 00:00:00+00:00
[2024-03-26T21:09:54.836+0000] {processor.py:183} INFO - Processing /home/airflow/.local/lib/python3.8/site-packages/airflow/example_dags/example_short_circuit_operator.py took 0.288 seconds
[2024-03-26T21:10:24.964+0000] {processor.py:161} INFO - Started process (PID=3535) to work on /home/airflow/.local/lib/python3.8/site-packages/airflow/example_dags/example_short_circuit_operator.py
[2024-03-26T21:10:24.966+0000] {processor.py:830} INFO - Processing file /home/airflow/.local/lib/python3.8/site-packages/airflow/example_dags/example_short_circuit_operator.py for tasks to queue
[2024-03-26T21:10:24.973+0000] {logging_mixin.py:188} INFO - [2024-03-26T21:10:24.973+0000] {dagbag.py:540} INFO - Filling up the DagBag from /home/airflow/.local/lib/python3.8/site-packages/airflow/example_dags/example_short_circuit_operator.py
[2024-03-26T21:10:25.005+0000] {processor.py:840} INFO - DAG(s) 'example_short_circuit_operator' retrieved from /home/airflow/.local/lib/python3.8/site-packages/airflow/example_dags/example_short_circuit_operator.py
[2024-03-26T21:10:25.093+0000] {logging_mixin.py:188} INFO - [2024-03-26T21:10:25.092+0000] {dag.py:3047} INFO - Sync 1 DAGs
[2024-03-26T21:10:25.166+0000] {logging_mixin.py:188} INFO - [2024-03-26T21:10:25.165+0000] {dag.py:3834} INFO - Setting next_dagrun for example_short_circuit_operator to 2024-03-25 00:00:00+00:00, run_after=2024-03-26 00:00:00+00:00
[2024-03-26T21:10:25.235+0000] {processor.py:183} INFO - Processing /home/airflow/.local/lib/python3.8/site-packages/airflow/example_dags/example_short_circuit_operator.py took 0.280 seconds
[2024-03-26T21:10:56.103+0000] {processor.py:161} INFO - Started process (PID=3781) to work on /home/airflow/.local/lib/python3.8/site-packages/airflow/example_dags/example_short_circuit_operator.py
[2024-03-26T21:10:56.111+0000] {processor.py:830} INFO - Processing file /home/airflow/.local/lib/python3.8/site-packages/airflow/example_dags/example_short_circuit_operator.py for tasks to queue
[2024-03-26T21:10:56.112+0000] {logging_mixin.py:188} INFO - [2024-03-26T21:10:56.112+0000] {dagbag.py:540} INFO - Filling up the DagBag from /home/airflow/.local/lib/python3.8/site-packages/airflow/example_dags/example_short_circuit_operator.py
[2024-03-26T21:10:56.140+0000] {processor.py:840} INFO - DAG(s) 'example_short_circuit_operator' retrieved from /home/airflow/.local/lib/python3.8/site-packages/airflow/example_dags/example_short_circuit_operator.py
[2024-03-26T21:10:56.221+0000] {logging_mixin.py:188} INFO - [2024-03-26T21:10:56.221+0000] {dag.py:3047} INFO - Sync 1 DAGs
[2024-03-26T21:10:56.302+0000] {logging_mixin.py:188} INFO - [2024-03-26T21:10:56.301+0000] {dag.py:3834} INFO - Setting next_dagrun for example_short_circuit_operator to 2024-03-25 00:00:00+00:00, run_after=2024-03-26 00:00:00+00:00
[2024-03-26T21:10:56.370+0000] {processor.py:183} INFO - Processing /home/airflow/.local/lib/python3.8/site-packages/airflow/example_dags/example_short_circuit_operator.py took 0.271 seconds
[2024-03-26T21:11:26.881+0000] {processor.py:161} INFO - Started process (PID=4029) to work on /home/airflow/.local/lib/python3.8/site-packages/airflow/example_dags/example_short_circuit_operator.py
[2024-03-26T21:11:26.890+0000] {processor.py:830} INFO - Processing file /home/airflow/.local/lib/python3.8/site-packages/airflow/example_dags/example_short_circuit_operator.py for tasks to queue
[2024-03-26T21:11:26.893+0000] {logging_mixin.py:188} INFO - [2024-03-26T21:11:26.892+0000] {dagbag.py:540} INFO - Filling up the DagBag from /home/airflow/.local/lib/python3.8/site-packages/airflow/example_dags/example_short_circuit_operator.py
[2024-03-26T21:11:26.933+0000] {processor.py:840} INFO - DAG(s) 'example_short_circuit_operator' retrieved from /home/airflow/.local/lib/python3.8/site-packages/airflow/example_dags/example_short_circuit_operator.py
[2024-03-26T21:11:27.050+0000] {logging_mixin.py:188} INFO - [2024-03-26T21:11:27.043+0000] {dag.py:3047} INFO - Sync 1 DAGs
[2024-03-26T21:11:27.141+0000] {logging_mixin.py:188} INFO - [2024-03-26T21:11:27.141+0000] {dag.py:3834} INFO - Setting next_dagrun for example_short_circuit_operator to 2024-03-25 00:00:00+00:00, run_after=2024-03-26 00:00:00+00:00
[2024-03-26T21:11:27.270+0000] {processor.py:183} INFO - Processing /home/airflow/.local/lib/python3.8/site-packages/airflow/example_dags/example_short_circuit_operator.py took 0.401 seconds
[2024-03-26T21:11:57.977+0000] {processor.py:161} INFO - Started process (PID=4278) to work on /home/airflow/.local/lib/python3.8/site-packages/airflow/example_dags/example_short_circuit_operator.py
[2024-03-26T21:11:57.978+0000] {processor.py:830} INFO - Processing file /home/airflow/.local/lib/python3.8/site-packages/airflow/example_dags/example_short_circuit_operator.py for tasks to queue
[2024-03-26T21:11:57.986+0000] {logging_mixin.py:188} INFO - [2024-03-26T21:11:57.985+0000] {dagbag.py:540} INFO - Filling up the DagBag from /home/airflow/.local/lib/python3.8/site-packages/airflow/example_dags/example_short_circuit_operator.py
[2024-03-26T21:11:58.008+0000] {processor.py:840} INFO - DAG(s) 'example_short_circuit_operator' retrieved from /home/airflow/.local/lib/python3.8/site-packages/airflow/example_dags/example_short_circuit_operator.py
[2024-03-26T21:11:58.088+0000] {logging_mixin.py:188} INFO - [2024-03-26T21:11:58.088+0000] {dag.py:3047} INFO - Sync 1 DAGs
[2024-03-26T21:11:58.165+0000] {logging_mixin.py:188} INFO - [2024-03-26T21:11:58.165+0000] {dag.py:3834} INFO - Setting next_dagrun for example_short_circuit_operator to 2024-03-25 00:00:00+00:00, run_after=2024-03-26 00:00:00+00:00
[2024-03-26T21:11:58.228+0000] {processor.py:183} INFO - Processing /home/airflow/.local/lib/python3.8/site-packages/airflow/example_dags/example_short_circuit_operator.py took 0.261 seconds
[2024-03-26T21:12:28.518+0000] {processor.py:161} INFO - Started process (PID=4523) to work on /home/airflow/.local/lib/python3.8/site-packages/airflow/example_dags/example_short_circuit_operator.py
[2024-03-26T21:12:28.527+0000] {processor.py:830} INFO - Processing file /home/airflow/.local/lib/python3.8/site-packages/airflow/example_dags/example_short_circuit_operator.py for tasks to queue
[2024-03-26T21:12:28.529+0000] {logging_mixin.py:188} INFO - [2024-03-26T21:12:28.529+0000] {dagbag.py:540} INFO - Filling up the DagBag from /home/airflow/.local/lib/python3.8/site-packages/airflow/example_dags/example_short_circuit_operator.py
[2024-03-26T21:12:28.568+0000] {processor.py:840} INFO - DAG(s) 'example_short_circuit_operator' retrieved from /home/airflow/.local/lib/python3.8/site-packages/airflow/example_dags/example_short_circuit_operator.py
[2024-03-26T21:12:28.679+0000] {logging_mixin.py:188} INFO - [2024-03-26T21:12:28.679+0000] {dag.py:3047} INFO - Sync 1 DAGs
[2024-03-26T21:12:28.796+0000] {logging_mixin.py:188} INFO - [2024-03-26T21:12:28.789+0000] {dag.py:3834} INFO - Setting next_dagrun for example_short_circuit_operator to 2024-03-25 00:00:00+00:00, run_after=2024-03-26 00:00:00+00:00
[2024-03-26T21:12:28.907+0000] {processor.py:183} INFO - Processing /home/airflow/.local/lib/python3.8/site-packages/airflow/example_dags/example_short_circuit_operator.py took 0.402 seconds
[2024-03-26T21:12:59.485+0000] {processor.py:161} INFO - Started process (PID=4772) to work on /home/airflow/.local/lib/python3.8/site-packages/airflow/example_dags/example_short_circuit_operator.py
[2024-03-26T21:12:59.493+0000] {processor.py:830} INFO - Processing file /home/airflow/.local/lib/python3.8/site-packages/airflow/example_dags/example_short_circuit_operator.py for tasks to queue
[2024-03-26T21:12:59.495+0000] {logging_mixin.py:188} INFO - [2024-03-26T21:12:59.494+0000] {dagbag.py:540} INFO - Filling up the DagBag from /home/airflow/.local/lib/python3.8/site-packages/airflow/example_dags/example_short_circuit_operator.py
[2024-03-26T21:12:59.541+0000] {processor.py:840} INFO - DAG(s) 'example_short_circuit_operator' retrieved from /home/airflow/.local/lib/python3.8/site-packages/airflow/example_dags/example_short_circuit_operator.py
[2024-03-26T21:12:59.624+0000] {logging_mixin.py:188} INFO - [2024-03-26T21:12:59.624+0000] {dag.py:3047} INFO - Sync 1 DAGs
[2024-03-26T21:12:59.704+0000] {logging_mixin.py:188} INFO - [2024-03-26T21:12:59.704+0000] {dag.py:3834} INFO - Setting next_dagrun for example_short_circuit_operator to 2024-03-25 00:00:00+00:00, run_after=2024-03-26 00:00:00+00:00
[2024-03-26T21:12:59.803+0000] {processor.py:183} INFO - Processing /home/airflow/.local/lib/python3.8/site-packages/airflow/example_dags/example_short_circuit_operator.py took 0.331 seconds
[2024-03-26T21:13:30.375+0000] {processor.py:161} INFO - Started process (PID=5019) to work on /home/airflow/.local/lib/python3.8/site-packages/airflow/example_dags/example_short_circuit_operator.py
[2024-03-26T21:13:30.383+0000] {processor.py:830} INFO - Processing file /home/airflow/.local/lib/python3.8/site-packages/airflow/example_dags/example_short_circuit_operator.py for tasks to queue
[2024-03-26T21:13:30.384+0000] {logging_mixin.py:188} INFO - [2024-03-26T21:13:30.384+0000] {dagbag.py:540} INFO - Filling up the DagBag from /home/airflow/.local/lib/python3.8/site-packages/airflow/example_dags/example_short_circuit_operator.py
[2024-03-26T21:13:30.414+0000] {processor.py:840} INFO - DAG(s) 'example_short_circuit_operator' retrieved from /home/airflow/.local/lib/python3.8/site-packages/airflow/example_dags/example_short_circuit_operator.py
[2024-03-26T21:13:30.503+0000] {logging_mixin.py:188} INFO - [2024-03-26T21:13:30.503+0000] {dag.py:3047} INFO - Sync 1 DAGs
[2024-03-26T21:13:30.582+0000] {logging_mixin.py:188} INFO - [2024-03-26T21:13:30.576+0000] {dag.py:3834} INFO - Setting next_dagrun for example_short_circuit_operator to 2024-03-25 00:00:00+00:00, run_after=2024-03-26 00:00:00+00:00
[2024-03-26T21:13:30.665+0000] {processor.py:183} INFO - Processing /home/airflow/.local/lib/python3.8/site-packages/airflow/example_dags/example_short_circuit_operator.py took 0.300 seconds
[2024-03-26T21:14:01.308+0000] {processor.py:161} INFO - Started process (PID=5264) to work on /home/airflow/.local/lib/python3.8/site-packages/airflow/example_dags/example_short_circuit_operator.py
[2024-03-26T21:14:01.310+0000] {processor.py:830} INFO - Processing file /home/airflow/.local/lib/python3.8/site-packages/airflow/example_dags/example_short_circuit_operator.py for tasks to queue
[2024-03-26T21:14:01.311+0000] {logging_mixin.py:188} INFO - [2024-03-26T21:14:01.311+0000] {dagbag.py:540} INFO - Filling up the DagBag from /home/airflow/.local/lib/python3.8/site-packages/airflow/example_dags/example_short_circuit_operator.py
[2024-03-26T21:14:01.359+0000] {processor.py:840} INFO - DAG(s) 'example_short_circuit_operator' retrieved from /home/airflow/.local/lib/python3.8/site-packages/airflow/example_dags/example_short_circuit_operator.py
[2024-03-26T21:14:01.450+0000] {logging_mixin.py:188} INFO - [2024-03-26T21:14:01.449+0000] {dag.py:3047} INFO - Sync 1 DAGs
[2024-03-26T21:14:01.531+0000] {logging_mixin.py:188} INFO - [2024-03-26T21:14:01.530+0000] {dag.py:3834} INFO - Setting next_dagrun for example_short_circuit_operator to 2024-03-25 00:00:00+00:00, run_after=2024-03-26 00:00:00+00:00
[2024-03-26T21:14:01.631+0000] {processor.py:183} INFO - Processing /home/airflow/.local/lib/python3.8/site-packages/airflow/example_dags/example_short_circuit_operator.py took 0.340 seconds
[2024-03-26T21:14:32.650+0000] {processor.py:161} INFO - Started process (PID=5513) to work on /home/airflow/.local/lib/python3.8/site-packages/airflow/example_dags/example_short_circuit_operator.py
[2024-03-26T21:14:32.652+0000] {processor.py:830} INFO - Processing file /home/airflow/.local/lib/python3.8/site-packages/airflow/example_dags/example_short_circuit_operator.py for tasks to queue
[2024-03-26T21:14:32.660+0000] {logging_mixin.py:188} INFO - [2024-03-26T21:14:32.659+0000] {dagbag.py:540} INFO - Filling up the DagBag from /home/airflow/.local/lib/python3.8/site-packages/airflow/example_dags/example_short_circuit_operator.py
[2024-03-26T21:14:32.690+0000] {processor.py:840} INFO - DAG(s) 'example_short_circuit_operator' retrieved from /home/airflow/.local/lib/python3.8/site-packages/airflow/example_dags/example_short_circuit_operator.py
[2024-03-26T21:14:32.770+0000] {logging_mixin.py:188} INFO - [2024-03-26T21:14:32.770+0000] {dag.py:3047} INFO - Sync 1 DAGs
[2024-03-26T21:14:32.891+0000] {logging_mixin.py:188} INFO - [2024-03-26T21:14:32.890+0000] {dag.py:3834} INFO - Setting next_dagrun for example_short_circuit_operator to 2024-03-25 00:00:00+00:00, run_after=2024-03-26 00:00:00+00:00
[2024-03-26T21:14:32.982+0000] {processor.py:183} INFO - Processing /home/airflow/.local/lib/python3.8/site-packages/airflow/example_dags/example_short_circuit_operator.py took 0.342 seconds
[2024-03-26T21:15:03.404+0000] {processor.py:161} INFO - Started process (PID=5760) to work on /home/airflow/.local/lib/python3.8/site-packages/airflow/example_dags/example_short_circuit_operator.py
[2024-03-26T21:15:03.405+0000] {processor.py:830} INFO - Processing file /home/airflow/.local/lib/python3.8/site-packages/airflow/example_dags/example_short_circuit_operator.py for tasks to queue
[2024-03-26T21:15:03.406+0000] {logging_mixin.py:188} INFO - [2024-03-26T21:15:03.406+0000] {dagbag.py:540} INFO - Filling up the DagBag from /home/airflow/.local/lib/python3.8/site-packages/airflow/example_dags/example_short_circuit_operator.py
[2024-03-26T21:15:03.436+0000] {processor.py:840} INFO - DAG(s) 'example_short_circuit_operator' retrieved from /home/airflow/.local/lib/python3.8/site-packages/airflow/example_dags/example_short_circuit_operator.py
[2024-03-26T21:15:03.514+0000] {logging_mixin.py:188} INFO - [2024-03-26T21:15:03.507+0000] {dag.py:3047} INFO - Sync 1 DAGs
[2024-03-26T21:15:03.584+0000] {logging_mixin.py:188} INFO - [2024-03-26T21:15:03.584+0000] {dag.py:3834} INFO - Setting next_dagrun for example_short_circuit_operator to 2024-03-25 00:00:00+00:00, run_after=2024-03-26 00:00:00+00:00
[2024-03-26T21:15:03.674+0000] {processor.py:183} INFO - Processing /home/airflow/.local/lib/python3.8/site-packages/airflow/example_dags/example_short_circuit_operator.py took 0.288 seconds
[2024-03-26T21:15:34.556+0000] {processor.py:161} INFO - Started process (PID=6006) to work on /home/airflow/.local/lib/python3.8/site-packages/airflow/example_dags/example_short_circuit_operator.py
[2024-03-26T21:15:34.565+0000] {processor.py:830} INFO - Processing file /home/airflow/.local/lib/python3.8/site-packages/airflow/example_dags/example_short_circuit_operator.py for tasks to queue
[2024-03-26T21:15:34.568+0000] {logging_mixin.py:188} INFO - [2024-03-26T21:15:34.567+0000] {dagbag.py:540} INFO - Filling up the DagBag from /home/airflow/.local/lib/python3.8/site-packages/airflow/example_dags/example_short_circuit_operator.py
[2024-03-26T21:15:34.635+0000] {processor.py:840} INFO - DAG(s) 'example_short_circuit_operator' retrieved from /home/airflow/.local/lib/python3.8/site-packages/airflow/example_dags/example_short_circuit_operator.py
[2024-03-26T21:15:34.798+0000] {logging_mixin.py:188} INFO - [2024-03-26T21:15:34.797+0000] {dag.py:3047} INFO - Sync 1 DAGs
[2024-03-26T21:15:34.897+0000] {logging_mixin.py:188} INFO - [2024-03-26T21:15:34.897+0000] {dag.py:3834} INFO - Setting next_dagrun for example_short_circuit_operator to 2024-03-25 00:00:00+00:00, run_after=2024-03-26 00:00:00+00:00
[2024-03-26T21:15:34.977+0000] {processor.py:183} INFO - Processing /home/airflow/.local/lib/python3.8/site-packages/airflow/example_dags/example_short_circuit_operator.py took 0.442 seconds
[2024-03-26T21:16:05.467+0000] {processor.py:161} INFO - Started process (PID=6253) to work on /home/airflow/.local/lib/python3.8/site-packages/airflow/example_dags/example_short_circuit_operator.py
[2024-03-26T21:16:05.475+0000] {processor.py:830} INFO - Processing file /home/airflow/.local/lib/python3.8/site-packages/airflow/example_dags/example_short_circuit_operator.py for tasks to queue
[2024-03-26T21:16:05.476+0000] {logging_mixin.py:188} INFO - [2024-03-26T21:16:05.476+0000] {dagbag.py:540} INFO - Filling up the DagBag from /home/airflow/.local/lib/python3.8/site-packages/airflow/example_dags/example_short_circuit_operator.py
[2024-03-26T21:16:05.514+0000] {processor.py:840} INFO - DAG(s) 'example_short_circuit_operator' retrieved from /home/airflow/.local/lib/python3.8/site-packages/airflow/example_dags/example_short_circuit_operator.py
[2024-03-26T21:16:05.605+0000] {logging_mixin.py:188} INFO - [2024-03-26T21:16:05.605+0000] {dag.py:3047} INFO - Sync 1 DAGs
[2024-03-26T21:16:05.697+0000] {logging_mixin.py:188} INFO - [2024-03-26T21:16:05.696+0000] {dag.py:3834} INFO - Setting next_dagrun for example_short_circuit_operator to 2024-03-25 00:00:00+00:00, run_after=2024-03-26 00:00:00+00:00
[2024-03-26T21:16:05.785+0000] {processor.py:183} INFO - Processing /home/airflow/.local/lib/python3.8/site-packages/airflow/example_dags/example_short_circuit_operator.py took 0.330 seconds
[2024-03-26T21:21:10.748+0000] {processor.py:161} INFO - Started process (PID=329) to work on /home/airflow/.local/lib/python3.8/site-packages/airflow/example_dags/example_short_circuit_operator.py
[2024-03-26T21:21:10.757+0000] {processor.py:830} INFO - Processing file /home/airflow/.local/lib/python3.8/site-packages/airflow/example_dags/example_short_circuit_operator.py for tasks to queue
[2024-03-26T21:21:10.766+0000] {logging_mixin.py:188} INFO - [2024-03-26T21:21:10.766+0000] {dagbag.py:540} INFO - Filling up the DagBag from /home/airflow/.local/lib/python3.8/site-packages/airflow/example_dags/example_short_circuit_operator.py
[2024-03-26T21:21:10.817+0000] {processor.py:840} INFO - DAG(s) 'example_short_circuit_operator' retrieved from /home/airflow/.local/lib/python3.8/site-packages/airflow/example_dags/example_short_circuit_operator.py
[2024-03-26T21:21:11.566+0000] {logging_mixin.py:188} INFO - [2024-03-26T21:21:11.566+0000] {dag.py:3047} INFO - Sync 1 DAGs
[2024-03-26T21:21:11.706+0000] {logging_mixin.py:188} INFO - [2024-03-26T21:21:11.706+0000] {dag.py:3834} INFO - Setting next_dagrun for example_short_circuit_operator to 2024-03-25 00:00:00+00:00, run_after=2024-03-26 00:00:00+00:00
[2024-03-26T21:21:11.876+0000] {processor.py:183} INFO - Processing /home/airflow/.local/lib/python3.8/site-packages/airflow/example_dags/example_short_circuit_operator.py took 1.149 seconds
[2024-03-26T21:21:42.521+0000] {processor.py:161} INFO - Started process (PID=579) to work on /home/airflow/.local/lib/python3.8/site-packages/airflow/example_dags/example_short_circuit_operator.py
[2024-03-26T21:21:42.530+0000] {processor.py:830} INFO - Processing file /home/airflow/.local/lib/python3.8/site-packages/airflow/example_dags/example_short_circuit_operator.py for tasks to queue
[2024-03-26T21:21:42.539+0000] {logging_mixin.py:188} INFO - [2024-03-26T21:21:42.531+0000] {dagbag.py:540} INFO - Filling up the DagBag from /home/airflow/.local/lib/python3.8/site-packages/airflow/example_dags/example_short_circuit_operator.py
[2024-03-26T21:21:42.591+0000] {processor.py:840} INFO - DAG(s) 'example_short_circuit_operator' retrieved from /home/airflow/.local/lib/python3.8/site-packages/airflow/example_dags/example_short_circuit_operator.py
[2024-03-26T21:21:42.760+0000] {logging_mixin.py:188} INFO - [2024-03-26T21:21:42.759+0000] {dag.py:3047} INFO - Sync 1 DAGs
[2024-03-26T21:21:42.911+0000] {logging_mixin.py:188} INFO - [2024-03-26T21:21:42.910+0000] {dag.py:3834} INFO - Setting next_dagrun for example_short_circuit_operator to 2024-03-25 00:00:00+00:00, run_after=2024-03-26 00:00:00+00:00
[2024-03-26T21:21:43.081+0000] {processor.py:183} INFO - Processing /home/airflow/.local/lib/python3.8/site-packages/airflow/example_dags/example_short_circuit_operator.py took 0.581 seconds
[2024-03-26T21:22:13.744+0000] {processor.py:161} INFO - Started process (PID=827) to work on /home/airflow/.local/lib/python3.8/site-packages/airflow/example_dags/example_short_circuit_operator.py
[2024-03-26T21:22:13.754+0000] {processor.py:830} INFO - Processing file /home/airflow/.local/lib/python3.8/site-packages/airflow/example_dags/example_short_circuit_operator.py for tasks to queue
[2024-03-26T21:22:13.764+0000] {logging_mixin.py:188} INFO - [2024-03-26T21:22:13.764+0000] {dagbag.py:540} INFO - Filling up the DagBag from /home/airflow/.local/lib/python3.8/site-packages/airflow/example_dags/example_short_circuit_operator.py
[2024-03-26T21:22:13.814+0000] {processor.py:840} INFO - DAG(s) 'example_short_circuit_operator' retrieved from /home/airflow/.local/lib/python3.8/site-packages/airflow/example_dags/example_short_circuit_operator.py
[2024-03-26T21:22:13.935+0000] {logging_mixin.py:188} INFO - [2024-03-26T21:22:13.935+0000] {dag.py:3047} INFO - Sync 1 DAGs
[2024-03-26T21:22:14.045+0000] {logging_mixin.py:188} INFO - [2024-03-26T21:22:14.045+0000] {dag.py:3834} INFO - Setting next_dagrun for example_short_circuit_operator to 2024-03-25 00:00:00+00:00, run_after=2024-03-26 00:00:00+00:00
[2024-03-26T21:22:14.174+0000] {processor.py:183} INFO - Processing /home/airflow/.local/lib/python3.8/site-packages/airflow/example_dags/example_short_circuit_operator.py took 0.480 seconds
[2024-03-26T21:22:44.515+0000] {processor.py:161} INFO - Started process (PID=1074) to work on /home/airflow/.local/lib/python3.8/site-packages/airflow/example_dags/example_short_circuit_operator.py
[2024-03-26T21:22:44.517+0000] {processor.py:830} INFO - Processing file /home/airflow/.local/lib/python3.8/site-packages/airflow/example_dags/example_short_circuit_operator.py for tasks to queue
[2024-03-26T21:22:44.527+0000] {logging_mixin.py:188} INFO - [2024-03-26T21:22:44.526+0000] {dagbag.py:540} INFO - Filling up the DagBag from /home/airflow/.local/lib/python3.8/site-packages/airflow/example_dags/example_short_circuit_operator.py
[2024-03-26T21:22:44.637+0000] {processor.py:840} INFO - DAG(s) 'example_short_circuit_operator' retrieved from /home/airflow/.local/lib/python3.8/site-packages/airflow/example_dags/example_short_circuit_operator.py
[2024-03-26T21:22:44.865+0000] {logging_mixin.py:188} INFO - [2024-03-26T21:22:44.856+0000] {dag.py:3047} INFO - Sync 1 DAGs
[2024-03-26T21:22:45.056+0000] {logging_mixin.py:188} INFO - [2024-03-26T21:22:45.055+0000] {dag.py:3834} INFO - Setting next_dagrun for example_short_circuit_operator to 2024-03-25 00:00:00+00:00, run_after=2024-03-26 00:00:00+00:00
[2024-03-26T21:22:45.195+0000] {processor.py:183} INFO - Processing /home/airflow/.local/lib/python3.8/site-packages/airflow/example_dags/example_short_circuit_operator.py took 0.712 seconds
[2024-03-26T21:23:16.380+0000] {processor.py:161} INFO - Started process (PID=1321) to work on /home/airflow/.local/lib/python3.8/site-packages/airflow/example_dags/example_short_circuit_operator.py
[2024-03-26T21:23:16.398+0000] {processor.py:830} INFO - Processing file /home/airflow/.local/lib/python3.8/site-packages/airflow/example_dags/example_short_circuit_operator.py for tasks to queue
[2024-03-26T21:23:16.420+0000] {logging_mixin.py:188} INFO - [2024-03-26T21:23:16.419+0000] {dagbag.py:540} INFO - Filling up the DagBag from /home/airflow/.local/lib/python3.8/site-packages/airflow/example_dags/example_short_circuit_operator.py
[2024-03-26T21:23:16.539+0000] {processor.py:840} INFO - DAG(s) 'example_short_circuit_operator' retrieved from /home/airflow/.local/lib/python3.8/site-packages/airflow/example_dags/example_short_circuit_operator.py
[2024-03-26T21:23:16.699+0000] {logging_mixin.py:188} INFO - [2024-03-26T21:23:16.699+0000] {dag.py:3047} INFO - Sync 1 DAGs
[2024-03-26T21:23:16.869+0000] {logging_mixin.py:188} INFO - [2024-03-26T21:23:16.869+0000] {dag.py:3834} INFO - Setting next_dagrun for example_short_circuit_operator to 2024-03-25 00:00:00+00:00, run_after=2024-03-26 00:00:00+00:00
[2024-03-26T21:23:17.019+0000] {processor.py:183} INFO - Processing /home/airflow/.local/lib/python3.8/site-packages/airflow/example_dags/example_short_circuit_operator.py took 0.719 seconds
[2024-03-26T21:23:47.314+0000] {processor.py:161} INFO - Started process (PID=1568) to work on /home/airflow/.local/lib/python3.8/site-packages/airflow/example_dags/example_short_circuit_operator.py
[2024-03-26T21:23:47.324+0000] {processor.py:830} INFO - Processing file /home/airflow/.local/lib/python3.8/site-packages/airflow/example_dags/example_short_circuit_operator.py for tasks to queue
[2024-03-26T21:23:47.325+0000] {logging_mixin.py:188} INFO - [2024-03-26T21:23:47.325+0000] {dagbag.py:540} INFO - Filling up the DagBag from /home/airflow/.local/lib/python3.8/site-packages/airflow/example_dags/example_short_circuit_operator.py
[2024-03-26T21:23:47.384+0000] {processor.py:840} INFO - DAG(s) 'example_short_circuit_operator' retrieved from /home/airflow/.local/lib/python3.8/site-packages/airflow/example_dags/example_short_circuit_operator.py
[2024-03-26T21:23:47.634+0000] {logging_mixin.py:188} INFO - [2024-03-26T21:23:47.625+0000] {dag.py:3047} INFO - Sync 1 DAGs
[2024-03-26T21:23:47.974+0000] {logging_mixin.py:188} INFO - [2024-03-26T21:23:47.965+0000] {dag.py:3834} INFO - Setting next_dagrun for example_short_circuit_operator to 2024-03-25 00:00:00+00:00, run_after=2024-03-26 00:00:00+00:00
[2024-03-26T21:23:48.224+0000] {processor.py:183} INFO - Processing /home/airflow/.local/lib/python3.8/site-packages/airflow/example_dags/example_short_circuit_operator.py took 0.940 seconds
[2024-03-26T21:24:19.159+0000] {processor.py:161} INFO - Started process (PID=1821) to work on /home/airflow/.local/lib/python3.8/site-packages/airflow/example_dags/example_short_circuit_operator.py
[2024-03-26T21:24:19.169+0000] {processor.py:830} INFO - Processing file /home/airflow/.local/lib/python3.8/site-packages/airflow/example_dags/example_short_circuit_operator.py for tasks to queue
[2024-03-26T21:24:19.178+0000] {logging_mixin.py:188} INFO - [2024-03-26T21:24:19.178+0000] {dagbag.py:540} INFO - Filling up the DagBag from /home/airflow/.local/lib/python3.8/site-packages/airflow/example_dags/example_short_circuit_operator.py
[2024-03-26T21:24:19.229+0000] {processor.py:840} INFO - DAG(s) 'example_short_circuit_operator' retrieved from /home/airflow/.local/lib/python3.8/site-packages/airflow/example_dags/example_short_circuit_operator.py
[2024-03-26T21:24:19.379+0000] {logging_mixin.py:188} INFO - [2024-03-26T21:24:19.379+0000] {dag.py:3047} INFO - Sync 1 DAGs
[2024-03-26T21:24:19.548+0000] {logging_mixin.py:188} INFO - [2024-03-26T21:24:19.548+0000] {dag.py:3834} INFO - Setting next_dagrun for example_short_circuit_operator to 2024-03-25 00:00:00+00:00, run_after=2024-03-26 00:00:00+00:00
[2024-03-26T21:24:19.749+0000] {processor.py:183} INFO - Processing /home/airflow/.local/lib/python3.8/site-packages/airflow/example_dags/example_short_circuit_operator.py took 0.611 seconds
[2024-03-26T21:24:50.639+0000] {processor.py:161} INFO - Started process (PID=2069) to work on /home/airflow/.local/lib/python3.8/site-packages/airflow/example_dags/example_short_circuit_operator.py
[2024-03-26T21:24:50.650+0000] {processor.py:830} INFO - Processing file /home/airflow/.local/lib/python3.8/site-packages/airflow/example_dags/example_short_circuit_operator.py for tasks to queue
[2024-03-26T21:24:50.670+0000] {logging_mixin.py:188} INFO - [2024-03-26T21:24:50.669+0000] {dagbag.py:540} INFO - Filling up the DagBag from /home/airflow/.local/lib/python3.8/site-packages/airflow/example_dags/example_short_circuit_operator.py
[2024-03-26T21:24:50.771+0000] {processor.py:840} INFO - DAG(s) 'example_short_circuit_operator' retrieved from /home/airflow/.local/lib/python3.8/site-packages/airflow/example_dags/example_short_circuit_operator.py
[2024-03-26T21:24:51.170+0000] {logging_mixin.py:188} INFO - [2024-03-26T21:24:51.170+0000] {dag.py:3047} INFO - Sync 1 DAGs
[2024-03-26T21:24:51.531+0000] {logging_mixin.py:188} INFO - [2024-03-26T21:24:51.530+0000] {dag.py:3834} INFO - Setting next_dagrun for example_short_circuit_operator to 2024-03-25 00:00:00+00:00, run_after=2024-03-26 00:00:00+00:00
[2024-03-26T21:24:51.751+0000] {processor.py:183} INFO - Processing /home/airflow/.local/lib/python3.8/site-packages/airflow/example_dags/example_short_circuit_operator.py took 1.161 seconds
[2024-03-26T21:25:22.351+0000] {processor.py:161} INFO - Started process (PID=2316) to work on /home/airflow/.local/lib/python3.8/site-packages/airflow/example_dags/example_short_circuit_operator.py
[2024-03-26T21:25:22.353+0000] {processor.py:830} INFO - Processing file /home/airflow/.local/lib/python3.8/site-packages/airflow/example_dags/example_short_circuit_operator.py for tasks to queue
[2024-03-26T21:25:22.363+0000] {logging_mixin.py:188} INFO - [2024-03-26T21:25:22.362+0000] {dagbag.py:540} INFO - Filling up the DagBag from /home/airflow/.local/lib/python3.8/site-packages/airflow/example_dags/example_short_circuit_operator.py
[2024-03-26T21:25:22.433+0000] {processor.py:840} INFO - DAG(s) 'example_short_circuit_operator' retrieved from /home/airflow/.local/lib/python3.8/site-packages/airflow/example_dags/example_short_circuit_operator.py
[2024-03-26T21:25:22.652+0000] {logging_mixin.py:188} INFO - [2024-03-26T21:25:22.652+0000] {dag.py:3047} INFO - Sync 1 DAGs
[2024-03-26T21:25:22.813+0000] {logging_mixin.py:188} INFO - [2024-03-26T21:25:22.813+0000] {dag.py:3834} INFO - Setting next_dagrun for example_short_circuit_operator to 2024-03-25 00:00:00+00:00, run_after=2024-03-26 00:00:00+00:00
[2024-03-26T21:25:23.013+0000] {processor.py:183} INFO - Processing /home/airflow/.local/lib/python3.8/site-packages/airflow/example_dags/example_short_circuit_operator.py took 0.700 seconds
[2024-03-26T21:25:54.125+0000] {processor.py:161} INFO - Started process (PID=2564) to work on /home/airflow/.local/lib/python3.8/site-packages/airflow/example_dags/example_short_circuit_operator.py
[2024-03-26T21:25:54.135+0000] {processor.py:830} INFO - Processing file /home/airflow/.local/lib/python3.8/site-packages/airflow/example_dags/example_short_circuit_operator.py for tasks to queue
[2024-03-26T21:25:54.136+0000] {logging_mixin.py:188} INFO - [2024-03-26T21:25:54.136+0000] {dagbag.py:540} INFO - Filling up the DagBag from /home/airflow/.local/lib/python3.8/site-packages/airflow/example_dags/example_short_circuit_operator.py
[2024-03-26T21:25:54.195+0000] {processor.py:840} INFO - DAG(s) 'example_short_circuit_operator' retrieved from /home/airflow/.local/lib/python3.8/site-packages/airflow/example_dags/example_short_circuit_operator.py
[2024-03-26T21:25:54.396+0000] {logging_mixin.py:188} INFO - [2024-03-26T21:25:54.396+0000] {dag.py:3047} INFO - Sync 1 DAGs
[2024-03-26T21:25:54.626+0000] {logging_mixin.py:188} INFO - [2024-03-26T21:25:54.626+0000] {dag.py:3834} INFO - Setting next_dagrun for example_short_circuit_operator to 2024-03-25 00:00:00+00:00, run_after=2024-03-26 00:00:00+00:00
[2024-03-26T21:25:54.825+0000] {processor.py:183} INFO - Processing /home/airflow/.local/lib/python3.8/site-packages/airflow/example_dags/example_short_circuit_operator.py took 0.720 seconds
[2024-03-26T21:26:27.619+0000] {processor.py:161} INFO - Started process (PID=2810) to work on /home/airflow/.local/lib/python3.8/site-packages/airflow/example_dags/example_short_circuit_operator.py
[2024-03-26T21:26:27.629+0000] {processor.py:830} INFO - Processing file /home/airflow/.local/lib/python3.8/site-packages/airflow/example_dags/example_short_circuit_operator.py for tasks to queue
[2024-03-26T21:26:27.640+0000] {logging_mixin.py:188} INFO - [2024-03-26T21:26:27.639+0000] {dagbag.py:540} INFO - Filling up the DagBag from /home/airflow/.local/lib/python3.8/site-packages/airflow/example_dags/example_short_circuit_operator.py
[2024-03-26T21:26:27.730+0000] {processor.py:840} INFO - DAG(s) 'example_short_circuit_operator' retrieved from /home/airflow/.local/lib/python3.8/site-packages/airflow/example_dags/example_short_circuit_operator.py
[2024-03-26T21:26:27.959+0000] {logging_mixin.py:188} INFO - [2024-03-26T21:26:27.959+0000] {dag.py:3047} INFO - Sync 1 DAGs
[2024-03-26T21:26:28.180+0000] {logging_mixin.py:188} INFO - [2024-03-26T21:26:28.180+0000] {dag.py:3834} INFO - Setting next_dagrun for example_short_circuit_operator to 2024-03-25 00:00:00+00:00, run_after=2024-03-26 00:00:00+00:00
[2024-03-26T21:26:28.390+0000] {processor.py:183} INFO - Processing /home/airflow/.local/lib/python3.8/site-packages/airflow/example_dags/example_short_circuit_operator.py took 0.801 seconds
[2024-03-26T21:26:58.793+0000] {processor.py:161} INFO - Started process (PID=3059) to work on /home/airflow/.local/lib/python3.8/site-packages/airflow/example_dags/example_short_circuit_operator.py
[2024-03-26T21:26:58.803+0000] {processor.py:830} INFO - Processing file /home/airflow/.local/lib/python3.8/site-packages/airflow/example_dags/example_short_circuit_operator.py for tasks to queue
[2024-03-26T21:26:58.812+0000] {logging_mixin.py:188} INFO - [2024-03-26T21:26:58.812+0000] {dagbag.py:540} INFO - Filling up the DagBag from /home/airflow/.local/lib/python3.8/site-packages/airflow/example_dags/example_short_circuit_operator.py
[2024-03-26T21:26:58.892+0000] {processor.py:840} INFO - DAG(s) 'example_short_circuit_operator' retrieved from /home/airflow/.local/lib/python3.8/site-packages/airflow/example_dags/example_short_circuit_operator.py
[2024-03-26T21:26:59.172+0000] {logging_mixin.py:188} INFO - [2024-03-26T21:26:59.172+0000] {dag.py:3047} INFO - Sync 1 DAGs
[2024-03-26T21:26:59.423+0000] {logging_mixin.py:188} INFO - [2024-03-26T21:26:59.413+0000] {dag.py:3834} INFO - Setting next_dagrun for example_short_circuit_operator to 2024-03-25 00:00:00+00:00, run_after=2024-03-26 00:00:00+00:00
[2024-03-26T21:26:59.642+0000] {processor.py:183} INFO - Processing /home/airflow/.local/lib/python3.8/site-packages/airflow/example_dags/example_short_circuit_operator.py took 0.880 seconds
[2024-03-26T21:27:30.805+0000] {processor.py:161} INFO - Started process (PID=3304) to work on /home/airflow/.local/lib/python3.8/site-packages/airflow/example_dags/example_short_circuit_operator.py
[2024-03-26T21:27:30.823+0000] {processor.py:830} INFO - Processing file /home/airflow/.local/lib/python3.8/site-packages/airflow/example_dags/example_short_circuit_operator.py for tasks to queue
[2024-03-26T21:27:30.833+0000] {logging_mixin.py:188} INFO - [2024-03-26T21:27:30.824+0000] {dagbag.py:540} INFO - Filling up the DagBag from /home/airflow/.local/lib/python3.8/site-packages/airflow/example_dags/example_short_circuit_operator.py
[2024-03-26T21:27:30.914+0000] {processor.py:840} INFO - DAG(s) 'example_short_circuit_operator' retrieved from /home/airflow/.local/lib/python3.8/site-packages/airflow/example_dags/example_short_circuit_operator.py
[2024-03-26T21:27:31.134+0000] {logging_mixin.py:188} INFO - [2024-03-26T21:27:31.133+0000] {dag.py:3047} INFO - Sync 1 DAGs
[2024-03-26T21:27:31.383+0000] {logging_mixin.py:188} INFO - [2024-03-26T21:27:31.383+0000] {dag.py:3834} INFO - Setting next_dagrun for example_short_circuit_operator to 2024-03-25 00:00:00+00:00, run_after=2024-03-26 00:00:00+00:00
[2024-03-26T21:27:31.594+0000] {processor.py:183} INFO - Processing /home/airflow/.local/lib/python3.8/site-packages/airflow/example_dags/example_short_circuit_operator.py took 0.820 seconds
[2024-03-26T21:28:04.462+0000] {processor.py:161} INFO - Started process (PID=3553) to work on /home/airflow/.local/lib/python3.8/site-packages/airflow/example_dags/example_short_circuit_operator.py
[2024-03-26T21:28:04.472+0000] {processor.py:830} INFO - Processing file /home/airflow/.local/lib/python3.8/site-packages/airflow/example_dags/example_short_circuit_operator.py for tasks to queue
[2024-03-26T21:28:04.482+0000] {logging_mixin.py:188} INFO - [2024-03-26T21:28:04.481+0000] {dagbag.py:540} INFO - Filling up the DagBag from /home/airflow/.local/lib/python3.8/site-packages/airflow/example_dags/example_short_circuit_operator.py
[2024-03-26T21:28:04.553+0000] {processor.py:840} INFO - DAG(s) 'example_short_circuit_operator' retrieved from /home/airflow/.local/lib/python3.8/site-packages/airflow/example_dags/example_short_circuit_operator.py
[2024-03-26T21:28:04.792+0000] {logging_mixin.py:188} INFO - [2024-03-26T21:28:04.792+0000] {dag.py:3047} INFO - Sync 1 DAGs
[2024-03-26T21:28:05.012+0000] {logging_mixin.py:188} INFO - [2024-03-26T21:28:05.012+0000] {dag.py:3834} INFO - Setting next_dagrun for example_short_circuit_operator to 2024-03-25 00:00:00+00:00, run_after=2024-03-26 00:00:00+00:00
[2024-03-26T21:28:05.212+0000] {processor.py:183} INFO - Processing /home/airflow/.local/lib/python3.8/site-packages/airflow/example_dags/example_short_circuit_operator.py took 0.789 seconds
[2024-03-26T21:28:36.884+0000] {processor.py:161} INFO - Started process (PID=3798) to work on /home/airflow/.local/lib/python3.8/site-packages/airflow/example_dags/example_short_circuit_operator.py
[2024-03-26T21:28:36.894+0000] {processor.py:830} INFO - Processing file /home/airflow/.local/lib/python3.8/site-packages/airflow/example_dags/example_short_circuit_operator.py for tasks to queue
[2024-03-26T21:28:36.904+0000] {logging_mixin.py:188} INFO - [2024-03-26T21:28:36.904+0000] {dagbag.py:540} INFO - Filling up the DagBag from /home/airflow/.local/lib/python3.8/site-packages/airflow/example_dags/example_short_circuit_operator.py
[2024-03-26T21:28:36.985+0000] {processor.py:840} INFO - DAG(s) 'example_short_circuit_operator' retrieved from /home/airflow/.local/lib/python3.8/site-packages/airflow/example_dags/example_short_circuit_operator.py
[2024-03-26T21:28:37.254+0000] {logging_mixin.py:188} INFO - [2024-03-26T21:28:37.254+0000] {dag.py:3047} INFO - Sync 1 DAGs
[2024-03-26T21:28:37.505+0000] {logging_mixin.py:188} INFO - [2024-03-26T21:28:37.505+0000] {dag.py:3834} INFO - Setting next_dagrun for example_short_circuit_operator to 2024-03-25 00:00:00+00:00, run_after=2024-03-26 00:00:00+00:00
[2024-03-26T21:28:37.752+0000] {processor.py:183} INFO - Processing /home/airflow/.local/lib/python3.8/site-packages/airflow/example_dags/example_short_circuit_operator.py took 0.881 seconds
[2024-03-26T21:29:11.893+0000] {processor.py:161} INFO - Started process (PID=4039) to work on /home/airflow/.local/lib/python3.8/site-packages/airflow/example_dags/example_short_circuit_operator.py
[2024-03-26T21:29:11.903+0000] {processor.py:830} INFO - Processing file /home/airflow/.local/lib/python3.8/site-packages/airflow/example_dags/example_short_circuit_operator.py for tasks to queue
[2024-03-26T21:29:11.923+0000] {logging_mixin.py:188} INFO - [2024-03-26T21:29:11.922+0000] {dagbag.py:540} INFO - Filling up the DagBag from /home/airflow/.local/lib/python3.8/site-packages/airflow/example_dags/example_short_circuit_operator.py
[2024-03-26T21:29:12.093+0000] {processor.py:840} INFO - DAG(s) 'example_short_circuit_operator' retrieved from /home/airflow/.local/lib/python3.8/site-packages/airflow/example_dags/example_short_circuit_operator.py
[2024-03-26T21:29:12.452+0000] {logging_mixin.py:188} INFO - [2024-03-26T21:29:12.452+0000] {dag.py:3047} INFO - Sync 1 DAGs
[2024-03-26T21:29:12.783+0000] {logging_mixin.py:188} INFO - [2024-03-26T21:29:12.783+0000] {dag.py:3834} INFO - Setting next_dagrun for example_short_circuit_operator to 2024-03-25 00:00:00+00:00, run_after=2024-03-26 00:00:00+00:00
[2024-03-26T21:29:13.052+0000] {processor.py:183} INFO - Processing /home/airflow/.local/lib/python3.8/site-packages/airflow/example_dags/example_short_circuit_operator.py took 1.230 seconds
[2024-03-26T21:29:53.681+0000] {processor.py:161} INFO - Started process (PID=4292) to work on /home/airflow/.local/lib/python3.8/site-packages/airflow/example_dags/example_short_circuit_operator.py
[2024-03-26T21:29:53.692+0000] {processor.py:830} INFO - Processing file /home/airflow/.local/lib/python3.8/site-packages/airflow/example_dags/example_short_circuit_operator.py for tasks to queue
[2024-03-26T21:29:53.711+0000] {logging_mixin.py:188} INFO - [2024-03-26T21:29:53.702+0000] {dagbag.py:540} INFO - Filling up the DagBag from /home/airflow/.local/lib/python3.8/site-packages/airflow/example_dags/example_short_circuit_operator.py
[2024-03-26T21:29:53.802+0000] {processor.py:840} INFO - DAG(s) 'example_short_circuit_operator' retrieved from /home/airflow/.local/lib/python3.8/site-packages/airflow/example_dags/example_short_circuit_operator.py
[2024-03-26T21:29:54.091+0000] {logging_mixin.py:188} INFO - [2024-03-26T21:29:54.091+0000] {dag.py:3047} INFO - Sync 1 DAGs
[2024-03-26T21:29:54.391+0000] {logging_mixin.py:188} INFO - [2024-03-26T21:29:54.372+0000] {dag.py:3834} INFO - Setting next_dagrun for example_short_circuit_operator to 2024-03-25 00:00:00+00:00, run_after=2024-03-26 00:00:00+00:00
[2024-03-26T21:29:54.661+0000] {processor.py:183} INFO - Processing /home/airflow/.local/lib/python3.8/site-packages/airflow/example_dags/example_short_circuit_operator.py took 1.020 seconds
[2024-03-26T21:30:31.421+0000] {processor.py:161} INFO - Started process (PID=4540) to work on /home/airflow/.local/lib/python3.8/site-packages/airflow/example_dags/example_short_circuit_operator.py
[2024-03-26T21:30:31.441+0000] {processor.py:830} INFO - Processing file /home/airflow/.local/lib/python3.8/site-packages/airflow/example_dags/example_short_circuit_operator.py for tasks to queue
[2024-03-26T21:30:31.461+0000] {logging_mixin.py:188} INFO - [2024-03-26T21:30:31.461+0000] {dagbag.py:540} INFO - Filling up the DagBag from /home/airflow/.local/lib/python3.8/site-packages/airflow/example_dags/example_short_circuit_operator.py
[2024-03-26T21:30:31.611+0000] {processor.py:840} INFO - DAG(s) 'example_short_circuit_operator' retrieved from /home/airflow/.local/lib/python3.8/site-packages/airflow/example_dags/example_short_circuit_operator.py
[2024-03-26T21:30:32.031+0000] {logging_mixin.py:188} INFO - [2024-03-26T21:30:32.022+0000] {dag.py:3047} INFO - Sync 1 DAGs
[2024-03-26T21:30:32.531+0000] {logging_mixin.py:188} INFO - [2024-03-26T21:30:32.531+0000] {dag.py:3834} INFO - Setting next_dagrun for example_short_circuit_operator to 2024-03-25 00:00:00+00:00, run_after=2024-03-26 00:00:00+00:00
[2024-03-26T21:30:33.031+0000] {processor.py:183} INFO - Processing /home/airflow/.local/lib/python3.8/site-packages/airflow/example_dags/example_short_circuit_operator.py took 1.651 seconds
[2024-03-26T21:31:11.379+0000] {processor.py:161} INFO - Started process (PID=4792) to work on /home/airflow/.local/lib/python3.8/site-packages/airflow/example_dags/example_short_circuit_operator.py
[2024-03-26T21:31:11.390+0000] {processor.py:830} INFO - Processing file /home/airflow/.local/lib/python3.8/site-packages/airflow/example_dags/example_short_circuit_operator.py for tasks to queue
[2024-03-26T21:31:11.409+0000] {logging_mixin.py:188} INFO - [2024-03-26T21:31:11.399+0000] {dagbag.py:540} INFO - Filling up the DagBag from /home/airflow/.local/lib/python3.8/site-packages/airflow/example_dags/example_short_circuit_operator.py
[2024-03-26T21:31:11.519+0000] {processor.py:840} INFO - DAG(s) 'example_short_circuit_operator' retrieved from /home/airflow/.local/lib/python3.8/site-packages/airflow/example_dags/example_short_circuit_operator.py
[2024-03-26T21:31:11.869+0000] {logging_mixin.py:188} INFO - [2024-03-26T21:31:11.860+0000] {dag.py:3047} INFO - Sync 1 DAGs
[2024-03-26T21:31:12.209+0000] {logging_mixin.py:188} INFO - [2024-03-26T21:31:12.200+0000] {dag.py:3834} INFO - Setting next_dagrun for example_short_circuit_operator to 2024-03-25 00:00:00+00:00, run_after=2024-03-26 00:00:00+00:00
[2024-03-26T21:31:12.549+0000] {processor.py:183} INFO - Processing /home/airflow/.local/lib/python3.8/site-packages/airflow/example_dags/example_short_circuit_operator.py took 1.221 seconds
[2024-03-26T21:31:56.799+0000] {processor.py:161} INFO - Started process (PID=5060) to work on /home/airflow/.local/lib/python3.8/site-packages/airflow/example_dags/example_short_circuit_operator.py
[2024-03-26T21:31:56.828+0000] {processor.py:830} INFO - Processing file /home/airflow/.local/lib/python3.8/site-packages/airflow/example_dags/example_short_circuit_operator.py for tasks to queue
[2024-03-26T21:31:56.848+0000] {logging_mixin.py:188} INFO - [2024-03-26T21:31:56.839+0000] {dagbag.py:540} INFO - Filling up the DagBag from /home/airflow/.local/lib/python3.8/site-packages/airflow/example_dags/example_short_circuit_operator.py
[2024-03-26T21:31:57.098+0000] {processor.py:840} INFO - DAG(s) 'example_short_circuit_operator' retrieved from /home/airflow/.local/lib/python3.8/site-packages/airflow/example_dags/example_short_circuit_operator.py
[2024-03-26T21:31:57.578+0000] {logging_mixin.py:188} INFO - [2024-03-26T21:31:57.569+0000] {dag.py:3047} INFO - Sync 1 DAGs
[2024-03-26T21:31:57.979+0000] {logging_mixin.py:188} INFO - [2024-03-26T21:31:57.978+0000] {dag.py:3834} INFO - Setting next_dagrun for example_short_circuit_operator to 2024-03-25 00:00:00+00:00, run_after=2024-03-26 00:00:00+00:00
[2024-03-26T21:31:58.298+0000] {processor.py:183} INFO - Processing /home/airflow/.local/lib/python3.8/site-packages/airflow/example_dags/example_short_circuit_operator.py took 1.590 seconds
[2024-03-26T21:32:55.087+0000] {processor.py:161} INFO - Started process (PID=5313) to work on /home/airflow/.local/lib/python3.8/site-packages/airflow/example_dags/example_short_circuit_operator.py
[2024-03-26T21:32:55.097+0000] {processor.py:830} INFO - Processing file /home/airflow/.local/lib/python3.8/site-packages/airflow/example_dags/example_short_circuit_operator.py for tasks to queue
[2024-03-26T21:32:55.117+0000] {logging_mixin.py:188} INFO - [2024-03-26T21:32:55.107+0000] {dagbag.py:540} INFO - Filling up the DagBag from /home/airflow/.local/lib/python3.8/site-packages/airflow/example_dags/example_short_circuit_operator.py
[2024-03-26T21:32:55.257+0000] {processor.py:840} INFO - DAG(s) 'example_short_circuit_operator' retrieved from /home/airflow/.local/lib/python3.8/site-packages/airflow/example_dags/example_short_circuit_operator.py
[2024-03-26T21:32:55.687+0000] {logging_mixin.py:188} INFO - [2024-03-26T21:32:55.677+0000] {dag.py:3047} INFO - Sync 1 DAGs
[2024-03-26T21:32:56.237+0000] {logging_mixin.py:188} INFO - [2024-03-26T21:32:56.237+0000] {dag.py:3834} INFO - Setting next_dagrun for example_short_circuit_operator to 2024-03-25 00:00:00+00:00, run_after=2024-03-26 00:00:00+00:00
[2024-03-26T21:32:56.687+0000] {processor.py:183} INFO - Processing /home/airflow/.local/lib/python3.8/site-packages/airflow/example_dags/example_short_circuit_operator.py took 1.660 seconds
[2024-03-26T21:33:52.243+0000] {processor.py:161} INFO - Started process (PID=5530) to work on /home/airflow/.local/lib/python3.8/site-packages/airflow/example_dags/example_short_circuit_operator.py
[2024-03-26T21:33:52.283+0000] {processor.py:830} INFO - Processing file /home/airflow/.local/lib/python3.8/site-packages/airflow/example_dags/example_short_circuit_operator.py for tasks to queue
[2024-03-26T21:33:52.303+0000] {logging_mixin.py:188} INFO - [2024-03-26T21:33:52.293+0000] {dagbag.py:540} INFO - Filling up the DagBag from /home/airflow/.local/lib/python3.8/site-packages/airflow/example_dags/example_short_circuit_operator.py
[2024-03-26T21:33:52.533+0000] {processor.py:840} INFO - DAG(s) 'example_short_circuit_operator' retrieved from /home/airflow/.local/lib/python3.8/site-packages/airflow/example_dags/example_short_circuit_operator.py
[2024-03-26T21:33:53.173+0000] {logging_mixin.py:188} INFO - [2024-03-26T21:33:53.163+0000] {dag.py:3047} INFO - Sync 1 DAGs
[2024-03-26T21:33:54.023+0000] {logging_mixin.py:188} INFO - [2024-03-26T21:33:54.013+0000] {dag.py:3834} INFO - Setting next_dagrun for example_short_circuit_operator to 2024-03-25 00:00:00+00:00, run_after=2024-03-26 00:00:00+00:00
[2024-03-26T21:33:54.693+0000] {processor.py:183} INFO - Processing /home/airflow/.local/lib/python3.8/site-packages/airflow/example_dags/example_short_circuit_operator.py took 2.540 seconds
[2024-03-26T21:36:07.162+0000] {processor.py:161} INFO - Started process (PID=5863) to work on /home/airflow/.local/lib/python3.8/site-packages/airflow/example_dags/example_short_circuit_operator.py
[2024-03-26T21:36:07.202+0000] {processor.py:830} INFO - Processing file /home/airflow/.local/lib/python3.8/site-packages/airflow/example_dags/example_short_circuit_operator.py for tasks to queue
[2024-03-26T21:36:07.282+0000] {logging_mixin.py:188} INFO - [2024-03-26T21:36:07.272+0000] {dagbag.py:540} INFO - Filling up the DagBag from /home/airflow/.local/lib/python3.8/site-packages/airflow/example_dags/example_short_circuit_operator.py
[2024-03-26T21:36:07.702+0000] {processor.py:840} INFO - DAG(s) 'example_short_circuit_operator' retrieved from /home/airflow/.local/lib/python3.8/site-packages/airflow/example_dags/example_short_circuit_operator.py
[2024-03-26T21:36:09.248+0000] {logging_mixin.py:188} INFO - [2024-03-26T21:36:09.228+0000] {dag.py:3047} INFO - Sync 1 DAGs
[2024-03-26T21:36:11.018+0000] {logging_mixin.py:188} INFO - [2024-03-26T21:36:11.008+0000] {dag.py:3834} INFO - Setting next_dagrun for example_short_circuit_operator to 2024-03-25 00:00:00+00:00, run_after=2024-03-26 00:00:00+00:00
[2024-03-26T21:36:12.128+0000] {processor.py:183} INFO - Processing /home/airflow/.local/lib/python3.8/site-packages/airflow/example_dags/example_short_circuit_operator.py took 5.140 seconds
