[2024-03-26T21:03:28.810+0000] {processor.py:161} INFO - Started process (PID=219) to work on /home/airflow/.local/lib/python3.8/site-packages/airflow/example_dags/example_skip_dag.py
[2024-03-26T21:03:28.812+0000] {processor.py:830} INFO - Processing file /home/airflow/.local/lib/python3.8/site-packages/airflow/example_dags/example_skip_dag.py for tasks to queue
[2024-03-26T21:03:28.820+0000] {logging_mixin.py:188} INFO - [2024-03-26T21:03:28.819+0000] {dagbag.py:540} INFO - Filling up the DagBag from /home/airflow/.local/lib/python3.8/site-packages/airflow/example_dags/example_skip_dag.py
[2024-03-26T21:03:28.861+0000] {processor.py:840} INFO - DAG(s) 'example_skip_dag' retrieved from /home/airflow/.local/lib/python3.8/site-packages/airflow/example_dags/example_skip_dag.py
[2024-03-26T21:03:29.321+0000] {logging_mixin.py:188} INFO - [2024-03-26T21:03:29.321+0000] {dag.py:3047} INFO - Sync 1 DAGs
[2024-03-26T21:03:29.423+0000] {logging_mixin.py:188} INFO - [2024-03-26T21:03:29.422+0000] {dag.py:3834} INFO - Setting next_dagrun for example_skip_dag to 2024-03-25 00:00:00+00:00, run_after=2024-03-26 00:00:00+00:00
[2024-03-26T21:03:29.520+0000] {processor.py:183} INFO - Processing /home/airflow/.local/lib/python3.8/site-packages/airflow/example_dags/example_skip_dag.py took 0.728 seconds
[2024-03-26T21:04:08.394+0000] {processor.py:161} INFO - Started process (PID=472) to work on /home/airflow/.local/lib/python3.8/site-packages/airflow/example_dags/example_skip_dag.py
[2024-03-26T21:04:08.397+0000] {processor.py:830} INFO - Processing file /home/airflow/.local/lib/python3.8/site-packages/airflow/example_dags/example_skip_dag.py for tasks to queue
[2024-03-26T21:04:08.404+0000] {logging_mixin.py:188} INFO - [2024-03-26T21:04:08.398+0000] {dagbag.py:540} INFO - Filling up the DagBag from /home/airflow/.local/lib/python3.8/site-packages/airflow/example_dags/example_skip_dag.py
[2024-03-26T21:04:08.435+0000] {processor.py:840} INFO - DAG(s) 'example_skip_dag' retrieved from /home/airflow/.local/lib/python3.8/site-packages/airflow/example_dags/example_skip_dag.py
[2024-03-26T21:04:08.527+0000] {logging_mixin.py:188} INFO - [2024-03-26T21:04:08.527+0000] {dag.py:3047} INFO - Sync 1 DAGs
[2024-03-26T21:04:08.626+0000] {logging_mixin.py:188} INFO - [2024-03-26T21:04:08.626+0000] {dag.py:3834} INFO - Setting next_dagrun for example_skip_dag to 2024-03-25 00:00:00+00:00, run_after=2024-03-26 00:00:00+00:00
[2024-03-26T21:04:08.718+0000] {processor.py:183} INFO - Processing /home/airflow/.local/lib/python3.8/site-packages/airflow/example_dags/example_skip_dag.py took 0.340 seconds
[2024-03-26T21:04:39.311+0000] {processor.py:161} INFO - Started process (PID=719) to work on /home/airflow/.local/lib/python3.8/site-packages/airflow/example_dags/example_skip_dag.py
[2024-03-26T21:04:39.313+0000] {processor.py:830} INFO - Processing file /home/airflow/.local/lib/python3.8/site-packages/airflow/example_dags/example_skip_dag.py for tasks to queue
[2024-03-26T21:04:39.314+0000] {logging_mixin.py:188} INFO - [2024-03-26T21:04:39.314+0000] {dagbag.py:540} INFO - Filling up the DagBag from /home/airflow/.local/lib/python3.8/site-packages/airflow/example_dags/example_skip_dag.py
[2024-03-26T21:04:39.334+0000] {processor.py:840} INFO - DAG(s) 'example_skip_dag' retrieved from /home/airflow/.local/lib/python3.8/site-packages/airflow/example_dags/example_skip_dag.py
[2024-03-26T21:04:39.392+0000] {logging_mixin.py:188} INFO - [2024-03-26T21:04:39.391+0000] {dag.py:3047} INFO - Sync 1 DAGs
[2024-03-26T21:04:39.453+0000] {logging_mixin.py:188} INFO - [2024-03-26T21:04:39.452+0000] {dag.py:3834} INFO - Setting next_dagrun for example_skip_dag to 2024-03-25 00:00:00+00:00, run_after=2024-03-26 00:00:00+00:00
[2024-03-26T21:04:39.523+0000] {processor.py:183} INFO - Processing /home/airflow/.local/lib/python3.8/site-packages/airflow/example_dags/example_skip_dag.py took 0.228 seconds
[2024-03-26T21:05:09.821+0000] {processor.py:161} INFO - Started process (PID=960) to work on /home/airflow/.local/lib/python3.8/site-packages/airflow/example_dags/example_skip_dag.py
[2024-03-26T21:05:09.823+0000] {processor.py:830} INFO - Processing file /home/airflow/.local/lib/python3.8/site-packages/airflow/example_dags/example_skip_dag.py for tasks to queue
[2024-03-26T21:05:09.830+0000] {logging_mixin.py:188} INFO - [2024-03-26T21:05:09.829+0000] {dagbag.py:540} INFO - Filling up the DagBag from /home/airflow/.local/lib/python3.8/site-packages/airflow/example_dags/example_skip_dag.py
[2024-03-26T21:05:09.852+0000] {processor.py:840} INFO - DAG(s) 'example_skip_dag' retrieved from /home/airflow/.local/lib/python3.8/site-packages/airflow/example_dags/example_skip_dag.py
[2024-03-26T21:05:09.932+0000] {logging_mixin.py:188} INFO - [2024-03-26T21:05:09.931+0000] {dag.py:3047} INFO - Sync 1 DAGs
[2024-03-26T21:05:10.011+0000] {logging_mixin.py:188} INFO - [2024-03-26T21:05:10.011+0000] {dag.py:3834} INFO - Setting next_dagrun for example_skip_dag to 2024-03-25 00:00:00+00:00, run_after=2024-03-26 00:00:00+00:00
[2024-03-26T21:05:10.071+0000] {processor.py:183} INFO - Processing /home/airflow/.local/lib/python3.8/site-packages/airflow/example_dags/example_skip_dag.py took 0.261 seconds
[2024-03-26T21:05:40.356+0000] {processor.py:161} INFO - Started process (PID=1208) to work on /home/airflow/.local/lib/python3.8/site-packages/airflow/example_dags/example_skip_dag.py
[2024-03-26T21:05:40.358+0000] {processor.py:830} INFO - Processing file /home/airflow/.local/lib/python3.8/site-packages/airflow/example_dags/example_skip_dag.py for tasks to queue
[2024-03-26T21:05:40.359+0000] {logging_mixin.py:188} INFO - [2024-03-26T21:05:40.359+0000] {dagbag.py:540} INFO - Filling up the DagBag from /home/airflow/.local/lib/python3.8/site-packages/airflow/example_dags/example_skip_dag.py
[2024-03-26T21:05:40.379+0000] {processor.py:840} INFO - DAG(s) 'example_skip_dag' retrieved from /home/airflow/.local/lib/python3.8/site-packages/airflow/example_dags/example_skip_dag.py
[2024-03-26T21:05:40.446+0000] {logging_mixin.py:188} INFO - [2024-03-26T21:05:40.440+0000] {dag.py:3047} INFO - Sync 1 DAGs
[2024-03-26T21:05:40.529+0000] {logging_mixin.py:188} INFO - [2024-03-26T21:05:40.528+0000] {dag.py:3834} INFO - Setting next_dagrun for example_skip_dag to 2024-03-25 00:00:00+00:00, run_after=2024-03-26 00:00:00+00:00
[2024-03-26T21:05:40.608+0000] {processor.py:183} INFO - Processing /home/airflow/.local/lib/python3.8/site-packages/airflow/example_dags/example_skip_dag.py took 0.262 seconds
[2024-03-26T21:06:11.844+0000] {processor.py:161} INFO - Started process (PID=1455) to work on /home/airflow/.local/lib/python3.8/site-packages/airflow/example_dags/example_skip_dag.py
[2024-03-26T21:06:11.846+0000] {processor.py:830} INFO - Processing file /home/airflow/.local/lib/python3.8/site-packages/airflow/example_dags/example_skip_dag.py for tasks to queue
[2024-03-26T21:06:11.855+0000] {logging_mixin.py:188} INFO - [2024-03-26T21:06:11.854+0000] {dagbag.py:540} INFO - Filling up the DagBag from /home/airflow/.local/lib/python3.8/site-packages/airflow/example_dags/example_skip_dag.py
[2024-03-26T21:06:11.886+0000] {processor.py:840} INFO - DAG(s) 'example_skip_dag' retrieved from /home/airflow/.local/lib/python3.8/site-packages/airflow/example_dags/example_skip_dag.py
[2024-03-26T21:06:11.995+0000] {logging_mixin.py:188} INFO - [2024-03-26T21:06:11.994+0000] {dag.py:3047} INFO - Sync 1 DAGs
[2024-03-26T21:06:12.114+0000] {logging_mixin.py:188} INFO - [2024-03-26T21:06:12.114+0000] {dag.py:3834} INFO - Setting next_dagrun for example_skip_dag to 2024-03-25 00:00:00+00:00, run_after=2024-03-26 00:00:00+00:00
[2024-03-26T21:06:12.205+0000] {processor.py:183} INFO - Processing /home/airflow/.local/lib/python3.8/site-packages/airflow/example_dags/example_skip_dag.py took 0.380 seconds
[2024-03-26T21:06:42.633+0000] {processor.py:161} INFO - Started process (PID=1704) to work on /home/airflow/.local/lib/python3.8/site-packages/airflow/example_dags/example_skip_dag.py
[2024-03-26T21:06:42.634+0000] {processor.py:830} INFO - Processing file /home/airflow/.local/lib/python3.8/site-packages/airflow/example_dags/example_skip_dag.py for tasks to queue
[2024-03-26T21:06:42.636+0000] {logging_mixin.py:188} INFO - [2024-03-26T21:06:42.635+0000] {dagbag.py:540} INFO - Filling up the DagBag from /home/airflow/.local/lib/python3.8/site-packages/airflow/example_dags/example_skip_dag.py
[2024-03-26T21:06:42.656+0000] {processor.py:840} INFO - DAG(s) 'example_skip_dag' retrieved from /home/airflow/.local/lib/python3.8/site-packages/airflow/example_dags/example_skip_dag.py
[2024-03-26T21:06:42.723+0000] {logging_mixin.py:188} INFO - [2024-03-26T21:06:42.717+0000] {dag.py:3047} INFO - Sync 1 DAGs
[2024-03-26T21:06:42.783+0000] {logging_mixin.py:188} INFO - [2024-03-26T21:06:42.777+0000] {dag.py:3834} INFO - Setting next_dagrun for example_skip_dag to 2024-03-25 00:00:00+00:00, run_after=2024-03-26 00:00:00+00:00
[2024-03-26T21:06:42.854+0000] {processor.py:183} INFO - Processing /home/airflow/.local/lib/python3.8/site-packages/airflow/example_dags/example_skip_dag.py took 0.231 seconds
[2024-03-26T21:07:13.094+0000] {processor.py:161} INFO - Started process (PID=1951) to work on /home/airflow/.local/lib/python3.8/site-packages/airflow/example_dags/example_skip_dag.py
[2024-03-26T21:07:13.095+0000] {processor.py:830} INFO - Processing file /home/airflow/.local/lib/python3.8/site-packages/airflow/example_dags/example_skip_dag.py for tasks to queue
[2024-03-26T21:07:13.105+0000] {logging_mixin.py:188} INFO - [2024-03-26T21:07:13.104+0000] {dagbag.py:540} INFO - Filling up the DagBag from /home/airflow/.local/lib/python3.8/site-packages/airflow/example_dags/example_skip_dag.py
[2024-03-26T21:07:13.125+0000] {processor.py:840} INFO - DAG(s) 'example_skip_dag' retrieved from /home/airflow/.local/lib/python3.8/site-packages/airflow/example_dags/example_skip_dag.py
[2024-03-26T21:07:13.191+0000] {logging_mixin.py:188} INFO - [2024-03-26T21:07:13.185+0000] {dag.py:3047} INFO - Sync 1 DAGs
[2024-03-26T21:07:13.264+0000] {logging_mixin.py:188} INFO - [2024-03-26T21:07:13.263+0000] {dag.py:3834} INFO - Setting next_dagrun for example_skip_dag to 2024-03-25 00:00:00+00:00, run_after=2024-03-26 00:00:00+00:00
[2024-03-26T21:07:13.331+0000] {processor.py:183} INFO - Processing /home/airflow/.local/lib/python3.8/site-packages/airflow/example_dags/example_skip_dag.py took 0.247 seconds
[2024-03-26T21:07:43.574+0000] {processor.py:161} INFO - Started process (PID=2197) to work on /home/airflow/.local/lib/python3.8/site-packages/airflow/example_dags/example_skip_dag.py
[2024-03-26T21:07:43.576+0000] {processor.py:830} INFO - Processing file /home/airflow/.local/lib/python3.8/site-packages/airflow/example_dags/example_skip_dag.py for tasks to queue
[2024-03-26T21:07:43.583+0000] {logging_mixin.py:188} INFO - [2024-03-26T21:07:43.582+0000] {dagbag.py:540} INFO - Filling up the DagBag from /home/airflow/.local/lib/python3.8/site-packages/airflow/example_dags/example_skip_dag.py
[2024-03-26T21:07:43.603+0000] {processor.py:840} INFO - DAG(s) 'example_skip_dag' retrieved from /home/airflow/.local/lib/python3.8/site-packages/airflow/example_dags/example_skip_dag.py
[2024-03-26T21:07:43.673+0000] {logging_mixin.py:188} INFO - [2024-03-26T21:07:43.673+0000] {dag.py:3047} INFO - Sync 1 DAGs
[2024-03-26T21:07:43.736+0000] {logging_mixin.py:188} INFO - [2024-03-26T21:07:43.736+0000] {dag.py:3834} INFO - Setting next_dagrun for example_skip_dag to 2024-03-25 00:00:00+00:00, run_after=2024-03-26 00:00:00+00:00
[2024-03-26T21:07:43.794+0000] {processor.py:183} INFO - Processing /home/airflow/.local/lib/python3.8/site-packages/airflow/example_dags/example_skip_dag.py took 0.240 seconds
[2024-03-26T21:08:14.098+0000] {processor.py:161} INFO - Started process (PID=2442) to work on /home/airflow/.local/lib/python3.8/site-packages/airflow/example_dags/example_skip_dag.py
[2024-03-26T21:08:14.100+0000] {processor.py:830} INFO - Processing file /home/airflow/.local/lib/python3.8/site-packages/airflow/example_dags/example_skip_dag.py for tasks to queue
[2024-03-26T21:08:14.101+0000] {logging_mixin.py:188} INFO - [2024-03-26T21:08:14.101+0000] {dagbag.py:540} INFO - Filling up the DagBag from /home/airflow/.local/lib/python3.8/site-packages/airflow/example_dags/example_skip_dag.py
[2024-03-26T21:08:14.129+0000] {processor.py:840} INFO - DAG(s) 'example_skip_dag' retrieved from /home/airflow/.local/lib/python3.8/site-packages/airflow/example_dags/example_skip_dag.py
[2024-03-26T21:08:14.231+0000] {logging_mixin.py:188} INFO - [2024-03-26T21:08:14.230+0000] {dag.py:3047} INFO - Sync 1 DAGs
[2024-03-26T21:08:14.348+0000] {logging_mixin.py:188} INFO - [2024-03-26T21:08:14.348+0000] {dag.py:3834} INFO - Setting next_dagrun for example_skip_dag to 2024-03-25 00:00:00+00:00, run_after=2024-03-26 00:00:00+00:00
[2024-03-26T21:08:14.430+0000] {processor.py:183} INFO - Processing /home/airflow/.local/lib/python3.8/site-packages/airflow/example_dags/example_skip_dag.py took 0.352 seconds
[2024-03-26T21:08:44.980+0000] {processor.py:161} INFO - Started process (PID=2689) to work on /home/airflow/.local/lib/python3.8/site-packages/airflow/example_dags/example_skip_dag.py
[2024-03-26T21:08:44.987+0000] {processor.py:830} INFO - Processing file /home/airflow/.local/lib/python3.8/site-packages/airflow/example_dags/example_skip_dag.py for tasks to queue
[2024-03-26T21:08:44.988+0000] {logging_mixin.py:188} INFO - [2024-03-26T21:08:44.988+0000] {dagbag.py:540} INFO - Filling up the DagBag from /home/airflow/.local/lib/python3.8/site-packages/airflow/example_dags/example_skip_dag.py
[2024-03-26T21:08:45.010+0000] {processor.py:840} INFO - DAG(s) 'example_skip_dag' retrieved from /home/airflow/.local/lib/python3.8/site-packages/airflow/example_dags/example_skip_dag.py
[2024-03-26T21:08:45.106+0000] {logging_mixin.py:188} INFO - [2024-03-26T21:08:45.100+0000] {dag.py:3047} INFO - Sync 1 DAGs
[2024-03-26T21:08:45.199+0000] {logging_mixin.py:188} INFO - [2024-03-26T21:08:45.199+0000] {dag.py:3834} INFO - Setting next_dagrun for example_skip_dag to 2024-03-25 00:00:00+00:00, run_after=2024-03-26 00:00:00+00:00
[2024-03-26T21:08:45.270+0000] {processor.py:183} INFO - Processing /home/airflow/.local/lib/python3.8/site-packages/airflow/example_dags/example_skip_dag.py took 0.302 seconds
[2024-03-26T21:09:15.478+0000] {processor.py:161} INFO - Started process (PID=2936) to work on /home/airflow/.local/lib/python3.8/site-packages/airflow/example_dags/example_skip_dag.py
[2024-03-26T21:09:15.480+0000] {processor.py:830} INFO - Processing file /home/airflow/.local/lib/python3.8/site-packages/airflow/example_dags/example_skip_dag.py for tasks to queue
[2024-03-26T21:09:15.487+0000] {logging_mixin.py:188} INFO - [2024-03-26T21:09:15.486+0000] {dagbag.py:540} INFO - Filling up the DagBag from /home/airflow/.local/lib/python3.8/site-packages/airflow/example_dags/example_skip_dag.py
[2024-03-26T21:09:15.508+0000] {processor.py:840} INFO - DAG(s) 'example_skip_dag' retrieved from /home/airflow/.local/lib/python3.8/site-packages/airflow/example_dags/example_skip_dag.py
[2024-03-26T21:09:15.597+0000] {logging_mixin.py:188} INFO - [2024-03-26T21:09:15.597+0000] {dag.py:3047} INFO - Sync 1 DAGs
[2024-03-26T21:09:15.680+0000] {logging_mixin.py:188} INFO - [2024-03-26T21:09:15.679+0000] {dag.py:3834} INFO - Setting next_dagrun for example_skip_dag to 2024-03-25 00:00:00+00:00, run_after=2024-03-26 00:00:00+00:00
[2024-03-26T21:09:15.759+0000] {processor.py:183} INFO - Processing /home/airflow/.local/lib/python3.8/site-packages/airflow/example_dags/example_skip_dag.py took 0.291 seconds
[2024-03-26T21:09:46.555+0000] {processor.py:161} INFO - Started process (PID=3183) to work on /home/airflow/.local/lib/python3.8/site-packages/airflow/example_dags/example_skip_dag.py
[2024-03-26T21:09:46.556+0000] {processor.py:830} INFO - Processing file /home/airflow/.local/lib/python3.8/site-packages/airflow/example_dags/example_skip_dag.py for tasks to queue
[2024-03-26T21:09:46.557+0000] {logging_mixin.py:188} INFO - [2024-03-26T21:09:46.557+0000] {dagbag.py:540} INFO - Filling up the DagBag from /home/airflow/.local/lib/python3.8/site-packages/airflow/example_dags/example_skip_dag.py
[2024-03-26T21:09:46.584+0000] {processor.py:840} INFO - DAG(s) 'example_skip_dag' retrieved from /home/airflow/.local/lib/python3.8/site-packages/airflow/example_dags/example_skip_dag.py
[2024-03-26T21:09:46.654+0000] {logging_mixin.py:188} INFO - [2024-03-26T21:09:46.648+0000] {dag.py:3047} INFO - Sync 1 DAGs
[2024-03-26T21:09:46.724+0000] {logging_mixin.py:188} INFO - [2024-03-26T21:09:46.724+0000] {dag.py:3834} INFO - Setting next_dagrun for example_skip_dag to 2024-03-25 00:00:00+00:00, run_after=2024-03-26 00:00:00+00:00
[2024-03-26T21:09:46.787+0000] {processor.py:183} INFO - Processing /home/airflow/.local/lib/python3.8/site-packages/airflow/example_dags/example_skip_dag.py took 0.242 seconds
[2024-03-26T21:10:17.374+0000] {processor.py:161} INFO - Started process (PID=3430) to work on /home/airflow/.local/lib/python3.8/site-packages/airflow/example_dags/example_skip_dag.py
[2024-03-26T21:10:17.375+0000] {processor.py:830} INFO - Processing file /home/airflow/.local/lib/python3.8/site-packages/airflow/example_dags/example_skip_dag.py for tasks to queue
[2024-03-26T21:10:17.382+0000] {logging_mixin.py:188} INFO - [2024-03-26T21:10:17.376+0000] {dagbag.py:540} INFO - Filling up the DagBag from /home/airflow/.local/lib/python3.8/site-packages/airflow/example_dags/example_skip_dag.py
[2024-03-26T21:10:17.404+0000] {processor.py:840} INFO - DAG(s) 'example_skip_dag' retrieved from /home/airflow/.local/lib/python3.8/site-packages/airflow/example_dags/example_skip_dag.py
[2024-03-26T21:10:17.472+0000] {logging_mixin.py:188} INFO - [2024-03-26T21:10:17.466+0000] {dag.py:3047} INFO - Sync 1 DAGs
[2024-03-26T21:10:17.543+0000] {logging_mixin.py:188} INFO - [2024-03-26T21:10:17.543+0000] {dag.py:3834} INFO - Setting next_dagrun for example_skip_dag to 2024-03-25 00:00:00+00:00, run_after=2024-03-26 00:00:00+00:00
[2024-03-26T21:10:17.613+0000] {processor.py:183} INFO - Processing /home/airflow/.local/lib/python3.8/site-packages/airflow/example_dags/example_skip_dag.py took 0.249 seconds
[2024-03-26T21:10:48.150+0000] {processor.py:161} INFO - Started process (PID=3677) to work on /home/airflow/.local/lib/python3.8/site-packages/airflow/example_dags/example_skip_dag.py
[2024-03-26T21:10:48.152+0000] {processor.py:830} INFO - Processing file /home/airflow/.local/lib/python3.8/site-packages/airflow/example_dags/example_skip_dag.py for tasks to queue
[2024-03-26T21:10:48.159+0000] {logging_mixin.py:188} INFO - [2024-03-26T21:10:48.159+0000] {dagbag.py:540} INFO - Filling up the DagBag from /home/airflow/.local/lib/python3.8/site-packages/airflow/example_dags/example_skip_dag.py
[2024-03-26T21:10:48.182+0000] {processor.py:840} INFO - DAG(s) 'example_skip_dag' retrieved from /home/airflow/.local/lib/python3.8/site-packages/airflow/example_dags/example_skip_dag.py
[2024-03-26T21:10:48.281+0000] {logging_mixin.py:188} INFO - [2024-03-26T21:10:48.280+0000] {dag.py:3047} INFO - Sync 1 DAGs
[2024-03-26T21:10:48.369+0000] {logging_mixin.py:188} INFO - [2024-03-26T21:10:48.369+0000] {dag.py:3834} INFO - Setting next_dagrun for example_skip_dag to 2024-03-25 00:00:00+00:00, run_after=2024-03-26 00:00:00+00:00
[2024-03-26T21:10:48.430+0000] {processor.py:183} INFO - Processing /home/airflow/.local/lib/python3.8/site-packages/airflow/example_dags/example_skip_dag.py took 0.290 seconds
[2024-03-26T21:11:19.981+0000] {processor.py:161} INFO - Started process (PID=3926) to work on /home/airflow/.local/lib/python3.8/site-packages/airflow/example_dags/example_skip_dag.py
[2024-03-26T21:11:19.982+0000] {processor.py:830} INFO - Processing file /home/airflow/.local/lib/python3.8/site-packages/airflow/example_dags/example_skip_dag.py for tasks to queue
[2024-03-26T21:11:19.990+0000] {logging_mixin.py:188} INFO - [2024-03-26T21:11:19.983+0000] {dagbag.py:540} INFO - Filling up the DagBag from /home/airflow/.local/lib/python3.8/site-packages/airflow/example_dags/example_skip_dag.py
[2024-03-26T21:11:20.021+0000] {processor.py:840} INFO - DAG(s) 'example_skip_dag' retrieved from /home/airflow/.local/lib/python3.8/site-packages/airflow/example_dags/example_skip_dag.py
[2024-03-26T21:11:20.133+0000] {logging_mixin.py:188} INFO - [2024-03-26T21:11:20.133+0000] {dag.py:3047} INFO - Sync 1 DAGs
[2024-03-26T21:11:20.243+0000] {logging_mixin.py:188} INFO - [2024-03-26T21:11:20.243+0000] {dag.py:3834} INFO - Setting next_dagrun for example_skip_dag to 2024-03-25 00:00:00+00:00, run_after=2024-03-26 00:00:00+00:00
[2024-03-26T21:11:20.321+0000] {processor.py:183} INFO - Processing /home/airflow/.local/lib/python3.8/site-packages/airflow/example_dags/example_skip_dag.py took 0.351 seconds
[2024-03-26T21:11:51.306+0000] {processor.py:161} INFO - Started process (PID=4178) to work on /home/airflow/.local/lib/python3.8/site-packages/airflow/example_dags/example_skip_dag.py
[2024-03-26T21:11:51.308+0000] {processor.py:830} INFO - Processing file /home/airflow/.local/lib/python3.8/site-packages/airflow/example_dags/example_skip_dag.py for tasks to queue
[2024-03-26T21:11:51.315+0000] {logging_mixin.py:188} INFO - [2024-03-26T21:11:51.315+0000] {dagbag.py:540} INFO - Filling up the DagBag from /home/airflow/.local/lib/python3.8/site-packages/airflow/example_dags/example_skip_dag.py
[2024-03-26T21:11:51.337+0000] {processor.py:840} INFO - DAG(s) 'example_skip_dag' retrieved from /home/airflow/.local/lib/python3.8/site-packages/airflow/example_dags/example_skip_dag.py
[2024-03-26T21:11:51.425+0000] {logging_mixin.py:188} INFO - [2024-03-26T21:11:51.425+0000] {dag.py:3047} INFO - Sync 1 DAGs
[2024-03-26T21:11:51.527+0000] {logging_mixin.py:188} INFO - [2024-03-26T21:11:51.526+0000] {dag.py:3834} INFO - Setting next_dagrun for example_skip_dag to 2024-03-25 00:00:00+00:00, run_after=2024-03-26 00:00:00+00:00
[2024-03-26T21:11:51.638+0000] {processor.py:183} INFO - Processing /home/airflow/.local/lib/python3.8/site-packages/airflow/example_dags/example_skip_dag.py took 0.343 seconds
[2024-03-26T21:12:22.119+0000] {processor.py:161} INFO - Started process (PID=4423) to work on /home/airflow/.local/lib/python3.8/site-packages/airflow/example_dags/example_skip_dag.py
[2024-03-26T21:12:22.126+0000] {processor.py:830} INFO - Processing file /home/airflow/.local/lib/python3.8/site-packages/airflow/example_dags/example_skip_dag.py for tasks to queue
[2024-03-26T21:12:22.128+0000] {logging_mixin.py:188} INFO - [2024-03-26T21:12:22.128+0000] {dagbag.py:540} INFO - Filling up the DagBag from /home/airflow/.local/lib/python3.8/site-packages/airflow/example_dags/example_skip_dag.py
[2024-03-26T21:12:22.168+0000] {processor.py:840} INFO - DAG(s) 'example_skip_dag' retrieved from /home/airflow/.local/lib/python3.8/site-packages/airflow/example_dags/example_skip_dag.py
[2024-03-26T21:12:22.258+0000] {logging_mixin.py:188} INFO - [2024-03-26T21:12:22.257+0000] {dag.py:3047} INFO - Sync 1 DAGs
[2024-03-26T21:12:22.359+0000] {logging_mixin.py:188} INFO - [2024-03-26T21:12:22.359+0000] {dag.py:3834} INFO - Setting next_dagrun for example_skip_dag to 2024-03-25 00:00:00+00:00, run_after=2024-03-26 00:00:00+00:00
[2024-03-26T21:12:22.456+0000] {processor.py:183} INFO - Processing /home/airflow/.local/lib/python3.8/site-packages/airflow/example_dags/example_skip_dag.py took 0.349 seconds
[2024-03-26T21:12:52.755+0000] {processor.py:161} INFO - Started process (PID=4670) to work on /home/airflow/.local/lib/python3.8/site-packages/airflow/example_dags/example_skip_dag.py
[2024-03-26T21:12:52.763+0000] {processor.py:830} INFO - Processing file /home/airflow/.local/lib/python3.8/site-packages/airflow/example_dags/example_skip_dag.py for tasks to queue
[2024-03-26T21:12:52.764+0000] {logging_mixin.py:188} INFO - [2024-03-26T21:12:52.764+0000] {dagbag.py:540} INFO - Filling up the DagBag from /home/airflow/.local/lib/python3.8/site-packages/airflow/example_dags/example_skip_dag.py
[2024-03-26T21:12:52.793+0000] {processor.py:840} INFO - DAG(s) 'example_skip_dag' retrieved from /home/airflow/.local/lib/python3.8/site-packages/airflow/example_dags/example_skip_dag.py
[2024-03-26T21:12:52.884+0000] {logging_mixin.py:188} INFO - [2024-03-26T21:12:52.883+0000] {dag.py:3047} INFO - Sync 1 DAGs
[2024-03-26T21:12:52.964+0000] {logging_mixin.py:188} INFO - [2024-03-26T21:12:52.964+0000] {dag.py:3834} INFO - Setting next_dagrun for example_skip_dag to 2024-03-25 00:00:00+00:00, run_after=2024-03-26 00:00:00+00:00
[2024-03-26T21:12:53.045+0000] {processor.py:183} INFO - Processing /home/airflow/.local/lib/python3.8/site-packages/airflow/example_dags/example_skip_dag.py took 0.301 seconds
[2024-03-26T21:13:23.405+0000] {processor.py:161} INFO - Started process (PID=4913) to work on /home/airflow/.local/lib/python3.8/site-packages/airflow/example_dags/example_skip_dag.py
[2024-03-26T21:13:23.413+0000] {processor.py:830} INFO - Processing file /home/airflow/.local/lib/python3.8/site-packages/airflow/example_dags/example_skip_dag.py for tasks to queue
[2024-03-26T21:13:23.414+0000] {logging_mixin.py:188} INFO - [2024-03-26T21:13:23.414+0000] {dagbag.py:540} INFO - Filling up the DagBag from /home/airflow/.local/lib/python3.8/site-packages/airflow/example_dags/example_skip_dag.py
[2024-03-26T21:13:23.436+0000] {processor.py:840} INFO - DAG(s) 'example_skip_dag' retrieved from /home/airflow/.local/lib/python3.8/site-packages/airflow/example_dags/example_skip_dag.py
[2024-03-26T21:13:23.513+0000] {logging_mixin.py:188} INFO - [2024-03-26T21:13:23.506+0000] {dag.py:3047} INFO - Sync 1 DAGs
[2024-03-26T21:13:23.593+0000] {logging_mixin.py:188} INFO - [2024-03-26T21:13:23.593+0000] {dag.py:3834} INFO - Setting next_dagrun for example_skip_dag to 2024-03-25 00:00:00+00:00, run_after=2024-03-26 00:00:00+00:00
[2024-03-26T21:13:23.664+0000] {processor.py:183} INFO - Processing /home/airflow/.local/lib/python3.8/site-packages/airflow/example_dags/example_skip_dag.py took 0.269 seconds
[2024-03-26T21:13:54.209+0000] {processor.py:161} INFO - Started process (PID=5161) to work on /home/airflow/.local/lib/python3.8/site-packages/airflow/example_dags/example_skip_dag.py
[2024-03-26T21:13:54.211+0000] {processor.py:830} INFO - Processing file /home/airflow/.local/lib/python3.8/site-packages/airflow/example_dags/example_skip_dag.py for tasks to queue
[2024-03-26T21:13:54.218+0000] {logging_mixin.py:188} INFO - [2024-03-26T21:13:54.218+0000] {dagbag.py:540} INFO - Filling up the DagBag from /home/airflow/.local/lib/python3.8/site-packages/airflow/example_dags/example_skip_dag.py
[2024-03-26T21:13:54.240+0000] {processor.py:840} INFO - DAG(s) 'example_skip_dag' retrieved from /home/airflow/.local/lib/python3.8/site-packages/airflow/example_dags/example_skip_dag.py
[2024-03-26T21:13:54.321+0000] {logging_mixin.py:188} INFO - [2024-03-26T21:13:54.321+0000] {dag.py:3047} INFO - Sync 1 DAGs
[2024-03-26T21:13:54.411+0000] {logging_mixin.py:188} INFO - [2024-03-26T21:13:54.411+0000] {dag.py:3834} INFO - Setting next_dagrun for example_skip_dag to 2024-03-25 00:00:00+00:00, run_after=2024-03-26 00:00:00+00:00
[2024-03-26T21:13:54.511+0000] {processor.py:183} INFO - Processing /home/airflow/.local/lib/python3.8/site-packages/airflow/example_dags/example_skip_dag.py took 0.322 seconds
[2024-03-26T21:14:24.990+0000] {processor.py:161} INFO - Started process (PID=5408) to work on /home/airflow/.local/lib/python3.8/site-packages/airflow/example_dags/example_skip_dag.py
[2024-03-26T21:14:24.992+0000] {processor.py:830} INFO - Processing file /home/airflow/.local/lib/python3.8/site-packages/airflow/example_dags/example_skip_dag.py for tasks to queue
[2024-03-26T21:14:24.999+0000] {logging_mixin.py:188} INFO - [2024-03-26T21:14:24.992+0000] {dagbag.py:540} INFO - Filling up the DagBag from /home/airflow/.local/lib/python3.8/site-packages/airflow/example_dags/example_skip_dag.py
[2024-03-26T21:14:25.021+0000] {processor.py:840} INFO - DAG(s) 'example_skip_dag' retrieved from /home/airflow/.local/lib/python3.8/site-packages/airflow/example_dags/example_skip_dag.py
[2024-03-26T21:14:25.110+0000] {logging_mixin.py:188} INFO - [2024-03-26T21:14:25.110+0000] {dag.py:3047} INFO - Sync 1 DAGs
[2024-03-26T21:14:25.191+0000] {logging_mixin.py:188} INFO - [2024-03-26T21:14:25.191+0000] {dag.py:3834} INFO - Setting next_dagrun for example_skip_dag to 2024-03-25 00:00:00+00:00, run_after=2024-03-26 00:00:00+00:00
[2024-03-26T21:14:25.271+0000] {processor.py:183} INFO - Processing /home/airflow/.local/lib/python3.8/site-packages/airflow/example_dags/example_skip_dag.py took 0.291 seconds
[2024-03-26T21:14:55.737+0000] {processor.py:161} INFO - Started process (PID=5653) to work on /home/airflow/.local/lib/python3.8/site-packages/airflow/example_dags/example_skip_dag.py
[2024-03-26T21:14:55.745+0000] {processor.py:830} INFO - Processing file /home/airflow/.local/lib/python3.8/site-packages/airflow/example_dags/example_skip_dag.py for tasks to queue
[2024-03-26T21:14:55.746+0000] {logging_mixin.py:188} INFO - [2024-03-26T21:14:55.746+0000] {dagbag.py:540} INFO - Filling up the DagBag from /home/airflow/.local/lib/python3.8/site-packages/airflow/example_dags/example_skip_dag.py
[2024-03-26T21:14:55.775+0000] {processor.py:840} INFO - DAG(s) 'example_skip_dag' retrieved from /home/airflow/.local/lib/python3.8/site-packages/airflow/example_dags/example_skip_dag.py
[2024-03-26T21:14:55.865+0000] {logging_mixin.py:188} INFO - [2024-03-26T21:14:55.865+0000] {dag.py:3047} INFO - Sync 1 DAGs
[2024-03-26T21:14:55.955+0000] {logging_mixin.py:188} INFO - [2024-03-26T21:14:55.955+0000] {dag.py:3834} INFO - Setting next_dagrun for example_skip_dag to 2024-03-25 00:00:00+00:00, run_after=2024-03-26 00:00:00+00:00
[2024-03-26T21:14:56.034+0000] {processor.py:183} INFO - Processing /home/airflow/.local/lib/python3.8/site-packages/airflow/example_dags/example_skip_dag.py took 0.308 seconds
[2024-03-26T21:15:26.686+0000] {processor.py:161} INFO - Started process (PID=5899) to work on /home/airflow/.local/lib/python3.8/site-packages/airflow/example_dags/example_skip_dag.py
[2024-03-26T21:15:26.687+0000] {processor.py:830} INFO - Processing file /home/airflow/.local/lib/python3.8/site-packages/airflow/example_dags/example_skip_dag.py for tasks to queue
[2024-03-26T21:15:26.695+0000] {logging_mixin.py:188} INFO - [2024-03-26T21:15:26.695+0000] {dagbag.py:540} INFO - Filling up the DagBag from /home/airflow/.local/lib/python3.8/site-packages/airflow/example_dags/example_skip_dag.py
[2024-03-26T21:15:26.725+0000] {processor.py:840} INFO - DAG(s) 'example_skip_dag' retrieved from /home/airflow/.local/lib/python3.8/site-packages/airflow/example_dags/example_skip_dag.py
[2024-03-26T21:15:26.808+0000] {logging_mixin.py:188} INFO - [2024-03-26T21:15:26.808+0000] {dag.py:3047} INFO - Sync 1 DAGs
[2024-03-26T21:15:26.917+0000] {logging_mixin.py:188} INFO - [2024-03-26T21:15:26.916+0000] {dag.py:3834} INFO - Setting next_dagrun for example_skip_dag to 2024-03-25 00:00:00+00:00, run_after=2024-03-26 00:00:00+00:00
[2024-03-26T21:15:26.997+0000] {processor.py:183} INFO - Processing /home/airflow/.local/lib/python3.8/site-packages/airflow/example_dags/example_skip_dag.py took 0.330 seconds
[2024-03-26T21:15:57.765+0000] {processor.py:161} INFO - Started process (PID=6147) to work on /home/airflow/.local/lib/python3.8/site-packages/airflow/example_dags/example_skip_dag.py
[2024-03-26T21:15:57.767+0000] {processor.py:830} INFO - Processing file /home/airflow/.local/lib/python3.8/site-packages/airflow/example_dags/example_skip_dag.py for tasks to queue
[2024-03-26T21:15:57.775+0000] {logging_mixin.py:188} INFO - [2024-03-26T21:15:57.774+0000] {dagbag.py:540} INFO - Filling up the DagBag from /home/airflow/.local/lib/python3.8/site-packages/airflow/example_dags/example_skip_dag.py
[2024-03-26T21:15:57.806+0000] {processor.py:840} INFO - DAG(s) 'example_skip_dag' retrieved from /home/airflow/.local/lib/python3.8/site-packages/airflow/example_dags/example_skip_dag.py
[2024-03-26T21:15:57.904+0000] {logging_mixin.py:188} INFO - [2024-03-26T21:15:57.904+0000] {dag.py:3047} INFO - Sync 1 DAGs
[2024-03-26T21:15:58.026+0000] {logging_mixin.py:188} INFO - [2024-03-26T21:15:58.026+0000] {dag.py:3834} INFO - Setting next_dagrun for example_skip_dag to 2024-03-25 00:00:00+00:00, run_after=2024-03-26 00:00:00+00:00
[2024-03-26T21:15:58.134+0000] {processor.py:183} INFO - Processing /home/airflow/.local/lib/python3.8/site-packages/airflow/example_dags/example_skip_dag.py took 0.379 seconds
[2024-03-26T21:20:55.786+0000] {processor.py:161} INFO - Started process (PID=224) to work on /home/airflow/.local/lib/python3.8/site-packages/airflow/example_dags/example_skip_dag.py
[2024-03-26T21:20:55.796+0000] {processor.py:830} INFO - Processing file /home/airflow/.local/lib/python3.8/site-packages/airflow/example_dags/example_skip_dag.py for tasks to queue
[2024-03-26T21:20:55.806+0000] {logging_mixin.py:188} INFO - [2024-03-26T21:20:55.805+0000] {dagbag.py:540} INFO - Filling up the DagBag from /home/airflow/.local/lib/python3.8/site-packages/airflow/example_dags/example_skip_dag.py
[2024-03-26T21:20:55.876+0000] {processor.py:840} INFO - DAG(s) 'example_skip_dag' retrieved from /home/airflow/.local/lib/python3.8/site-packages/airflow/example_dags/example_skip_dag.py
[2024-03-26T21:20:56.675+0000] {logging_mixin.py:188} INFO - [2024-03-26T21:20:56.675+0000] {dag.py:3047} INFO - Sync 1 DAGs
[2024-03-26T21:20:56.795+0000] {logging_mixin.py:188} INFO - [2024-03-26T21:20:56.795+0000] {dag.py:3834} INFO - Setting next_dagrun for example_skip_dag to 2024-03-25 00:00:00+00:00, run_after=2024-03-26 00:00:00+00:00
[2024-03-26T21:20:56.934+0000] {processor.py:183} INFO - Processing /home/airflow/.local/lib/python3.8/site-packages/airflow/example_dags/example_skip_dag.py took 1.179 seconds
[2024-03-26T21:21:27.907+0000] {processor.py:161} INFO - Started process (PID=472) to work on /home/airflow/.local/lib/python3.8/site-packages/airflow/example_dags/example_skip_dag.py
[2024-03-26T21:21:27.917+0000] {processor.py:830} INFO - Processing file /home/airflow/.local/lib/python3.8/site-packages/airflow/example_dags/example_skip_dag.py for tasks to queue
[2024-03-26T21:21:27.926+0000] {logging_mixin.py:188} INFO - [2024-03-26T21:21:27.918+0000] {dagbag.py:540} INFO - Filling up the DagBag from /home/airflow/.local/lib/python3.8/site-packages/airflow/example_dags/example_skip_dag.py
[2024-03-26T21:21:27.967+0000] {processor.py:840} INFO - DAG(s) 'example_skip_dag' retrieved from /home/airflow/.local/lib/python3.8/site-packages/airflow/example_dags/example_skip_dag.py
[2024-03-26T21:21:28.096+0000] {logging_mixin.py:188} INFO - [2024-03-26T21:21:28.096+0000] {dag.py:3047} INFO - Sync 1 DAGs
[2024-03-26T21:21:28.227+0000] {logging_mixin.py:188} INFO - [2024-03-26T21:21:28.226+0000] {dag.py:3834} INFO - Setting next_dagrun for example_skip_dag to 2024-03-25 00:00:00+00:00, run_after=2024-03-26 00:00:00+00:00
[2024-03-26T21:21:28.367+0000] {processor.py:183} INFO - Processing /home/airflow/.local/lib/python3.8/site-packages/airflow/example_dags/example_skip_dag.py took 0.480 seconds
[2024-03-26T21:21:59.220+0000] {processor.py:161} INFO - Started process (PID=720) to work on /home/airflow/.local/lib/python3.8/site-packages/airflow/example_dags/example_skip_dag.py
[2024-03-26T21:21:59.229+0000] {processor.py:830} INFO - Processing file /home/airflow/.local/lib/python3.8/site-packages/airflow/example_dags/example_skip_dag.py for tasks to queue
[2024-03-26T21:21:59.231+0000] {logging_mixin.py:188} INFO - [2024-03-26T21:21:59.231+0000] {dagbag.py:540} INFO - Filling up the DagBag from /home/airflow/.local/lib/python3.8/site-packages/airflow/example_dags/example_skip_dag.py
[2024-03-26T21:21:59.289+0000] {processor.py:840} INFO - DAG(s) 'example_skip_dag' retrieved from /home/airflow/.local/lib/python3.8/site-packages/airflow/example_dags/example_skip_dag.py
[2024-03-26T21:21:59.431+0000] {logging_mixin.py:188} INFO - [2024-03-26T21:21:59.430+0000] {dag.py:3047} INFO - Sync 1 DAGs
[2024-03-26T21:21:59.571+0000] {logging_mixin.py:188} INFO - [2024-03-26T21:21:59.570+0000] {dag.py:3834} INFO - Setting next_dagrun for example_skip_dag to 2024-03-25 00:00:00+00:00, run_after=2024-03-26 00:00:00+00:00
[2024-03-26T21:21:59.701+0000] {processor.py:183} INFO - Processing /home/airflow/.local/lib/python3.8/site-packages/airflow/example_dags/example_skip_dag.py took 0.501 seconds
[2024-03-26T21:22:30.984+0000] {processor.py:161} INFO - Started process (PID=967) to work on /home/airflow/.local/lib/python3.8/site-packages/airflow/example_dags/example_skip_dag.py
[2024-03-26T21:22:30.993+0000] {processor.py:830} INFO - Processing file /home/airflow/.local/lib/python3.8/site-packages/airflow/example_dags/example_skip_dag.py for tasks to queue
[2024-03-26T21:22:31.003+0000] {logging_mixin.py:188} INFO - [2024-03-26T21:22:30.995+0000] {dagbag.py:540} INFO - Filling up the DagBag from /home/airflow/.local/lib/python3.8/site-packages/airflow/example_dags/example_skip_dag.py
[2024-03-26T21:22:31.044+0000] {processor.py:840} INFO - DAG(s) 'example_skip_dag' retrieved from /home/airflow/.local/lib/python3.8/site-packages/airflow/example_dags/example_skip_dag.py
[2024-03-26T21:22:31.163+0000] {logging_mixin.py:188} INFO - [2024-03-26T21:22:31.163+0000] {dag.py:3047} INFO - Sync 1 DAGs
[2024-03-26T21:22:31.285+0000] {logging_mixin.py:188} INFO - [2024-03-26T21:22:31.284+0000] {dag.py:3834} INFO - Setting next_dagrun for example_skip_dag to 2024-03-25 00:00:00+00:00, run_after=2024-03-26 00:00:00+00:00
[2024-03-26T21:22:31.405+0000] {processor.py:183} INFO - Processing /home/airflow/.local/lib/python3.8/site-packages/airflow/example_dags/example_skip_dag.py took 0.441 seconds
[2024-03-26T21:23:02.285+0000] {processor.py:161} INFO - Started process (PID=1214) to work on /home/airflow/.local/lib/python3.8/site-packages/airflow/example_dags/example_skip_dag.py
[2024-03-26T21:23:02.295+0000] {processor.py:830} INFO - Processing file /home/airflow/.local/lib/python3.8/site-packages/airflow/example_dags/example_skip_dag.py for tasks to queue
[2024-03-26T21:23:02.297+0000] {logging_mixin.py:188} INFO - [2024-03-26T21:23:02.296+0000] {dagbag.py:540} INFO - Filling up the DagBag from /home/airflow/.local/lib/python3.8/site-packages/airflow/example_dags/example_skip_dag.py
[2024-03-26T21:23:02.366+0000] {processor.py:840} INFO - DAG(s) 'example_skip_dag' retrieved from /home/airflow/.local/lib/python3.8/site-packages/airflow/example_dags/example_skip_dag.py
[2024-03-26T21:23:02.536+0000] {logging_mixin.py:188} INFO - [2024-03-26T21:23:02.535+0000] {dag.py:3047} INFO - Sync 1 DAGs
[2024-03-26T21:23:02.705+0000] {logging_mixin.py:188} INFO - [2024-03-26T21:23:02.705+0000] {dag.py:3834} INFO - Setting next_dagrun for example_skip_dag to 2024-03-25 00:00:00+00:00, run_after=2024-03-26 00:00:00+00:00
[2024-03-26T21:23:02.856+0000] {processor.py:183} INFO - Processing /home/airflow/.local/lib/python3.8/site-packages/airflow/example_dags/example_skip_dag.py took 0.601 seconds
[2024-03-26T21:23:33.460+0000] {processor.py:161} INFO - Started process (PID=1457) to work on /home/airflow/.local/lib/python3.8/site-packages/airflow/example_dags/example_skip_dag.py
[2024-03-26T21:23:33.479+0000] {processor.py:830} INFO - Processing file /home/airflow/.local/lib/python3.8/site-packages/airflow/example_dags/example_skip_dag.py for tasks to queue
[2024-03-26T21:23:33.489+0000] {logging_mixin.py:188} INFO - [2024-03-26T21:23:33.480+0000] {dagbag.py:540} INFO - Filling up the DagBag from /home/airflow/.local/lib/python3.8/site-packages/airflow/example_dags/example_skip_dag.py
[2024-03-26T21:23:33.549+0000] {processor.py:840} INFO - DAG(s) 'example_skip_dag' retrieved from /home/airflow/.local/lib/python3.8/site-packages/airflow/example_dags/example_skip_dag.py
[2024-03-26T21:23:33.790+0000] {logging_mixin.py:188} INFO - [2024-03-26T21:23:33.790+0000] {dag.py:3047} INFO - Sync 1 DAGs
[2024-03-26T21:23:34.020+0000] {logging_mixin.py:188} INFO - [2024-03-26T21:23:34.020+0000] {dag.py:3834} INFO - Setting next_dagrun for example_skip_dag to 2024-03-25 00:00:00+00:00, run_after=2024-03-26 00:00:00+00:00
[2024-03-26T21:23:34.159+0000] {processor.py:183} INFO - Processing /home/airflow/.local/lib/python3.8/site-packages/airflow/example_dags/example_skip_dag.py took 0.720 seconds
[2024-03-26T21:24:04.795+0000] {processor.py:161} INFO - Started process (PID=1702) to work on /home/airflow/.local/lib/python3.8/site-packages/airflow/example_dags/example_skip_dag.py
[2024-03-26T21:24:04.814+0000] {processor.py:830} INFO - Processing file /home/airflow/.local/lib/python3.8/site-packages/airflow/example_dags/example_skip_dag.py for tasks to queue
[2024-03-26T21:24:04.843+0000] {logging_mixin.py:188} INFO - [2024-03-26T21:24:04.834+0000] {dagbag.py:540} INFO - Filling up the DagBag from /home/airflow/.local/lib/python3.8/site-packages/airflow/example_dags/example_skip_dag.py
[2024-03-26T21:24:05.035+0000] {processor.py:840} INFO - DAG(s) 'example_skip_dag' retrieved from /home/airflow/.local/lib/python3.8/site-packages/airflow/example_dags/example_skip_dag.py
[2024-03-26T21:24:05.295+0000] {logging_mixin.py:188} INFO - [2024-03-26T21:24:05.295+0000] {dag.py:3047} INFO - Sync 1 DAGs
[2024-03-26T21:24:05.505+0000] {logging_mixin.py:188} INFO - [2024-03-26T21:24:05.504+0000] {dag.py:3834} INFO - Setting next_dagrun for example_skip_dag to 2024-03-25 00:00:00+00:00, run_after=2024-03-26 00:00:00+00:00
[2024-03-26T21:24:05.665+0000] {processor.py:183} INFO - Processing /home/airflow/.local/lib/python3.8/site-packages/airflow/example_dags/example_skip_dag.py took 0.930 seconds
[2024-03-26T21:24:36.230+0000] {processor.py:161} INFO - Started process (PID=1949) to work on /home/airflow/.local/lib/python3.8/site-packages/airflow/example_dags/example_skip_dag.py
[2024-03-26T21:24:36.240+0000] {processor.py:830} INFO - Processing file /home/airflow/.local/lib/python3.8/site-packages/airflow/example_dags/example_skip_dag.py for tasks to queue
[2024-03-26T21:24:36.249+0000] {logging_mixin.py:188} INFO - [2024-03-26T21:24:36.249+0000] {dagbag.py:540} INFO - Filling up the DagBag from /home/airflow/.local/lib/python3.8/site-packages/airflow/example_dags/example_skip_dag.py
[2024-03-26T21:24:36.309+0000] {processor.py:840} INFO - DAG(s) 'example_skip_dag' retrieved from /home/airflow/.local/lib/python3.8/site-packages/airflow/example_dags/example_skip_dag.py
[2024-03-26T21:24:36.470+0000] {logging_mixin.py:188} INFO - [2024-03-26T21:24:36.469+0000] {dag.py:3047} INFO - Sync 1 DAGs
[2024-03-26T21:24:36.658+0000] {logging_mixin.py:188} INFO - [2024-03-26T21:24:36.650+0000] {dag.py:3834} INFO - Setting next_dagrun for example_skip_dag to 2024-03-25 00:00:00+00:00, run_after=2024-03-26 00:00:00+00:00
[2024-03-26T21:24:36.828+0000] {processor.py:183} INFO - Processing /home/airflow/.local/lib/python3.8/site-packages/airflow/example_dags/example_skip_dag.py took 0.620 seconds
[2024-03-26T21:25:08.112+0000] {processor.py:161} INFO - Started process (PID=2197) to work on /home/airflow/.local/lib/python3.8/site-packages/airflow/example_dags/example_skip_dag.py
[2024-03-26T21:25:08.113+0000] {processor.py:830} INFO - Processing file /home/airflow/.local/lib/python3.8/site-packages/airflow/example_dags/example_skip_dag.py for tasks to queue
[2024-03-26T21:25:08.123+0000] {logging_mixin.py:188} INFO - [2024-03-26T21:25:08.122+0000] {dagbag.py:540} INFO - Filling up the DagBag from /home/airflow/.local/lib/python3.8/site-packages/airflow/example_dags/example_skip_dag.py
[2024-03-26T21:25:08.182+0000] {processor.py:840} INFO - DAG(s) 'example_skip_dag' retrieved from /home/airflow/.local/lib/python3.8/site-packages/airflow/example_dags/example_skip_dag.py
[2024-03-26T21:25:08.361+0000] {logging_mixin.py:188} INFO - [2024-03-26T21:25:08.353+0000] {dag.py:3047} INFO - Sync 1 DAGs
[2024-03-26T21:25:08.602+0000] {logging_mixin.py:188} INFO - [2024-03-26T21:25:08.601+0000] {dag.py:3834} INFO - Setting next_dagrun for example_skip_dag to 2024-03-25 00:00:00+00:00, run_after=2024-03-26 00:00:00+00:00
[2024-03-26T21:25:08.842+0000] {processor.py:183} INFO - Processing /home/airflow/.local/lib/python3.8/site-packages/airflow/example_dags/example_skip_dag.py took 0.759 seconds
[2024-03-26T21:25:39.506+0000] {processor.py:161} INFO - Started process (PID=2444) to work on /home/airflow/.local/lib/python3.8/site-packages/airflow/example_dags/example_skip_dag.py
[2024-03-26T21:25:39.516+0000] {processor.py:830} INFO - Processing file /home/airflow/.local/lib/python3.8/site-packages/airflow/example_dags/example_skip_dag.py for tasks to queue
[2024-03-26T21:25:39.526+0000] {logging_mixin.py:188} INFO - [2024-03-26T21:25:39.525+0000] {dagbag.py:540} INFO - Filling up the DagBag from /home/airflow/.local/lib/python3.8/site-packages/airflow/example_dags/example_skip_dag.py
[2024-03-26T21:25:39.576+0000] {processor.py:840} INFO - DAG(s) 'example_skip_dag' retrieved from /home/airflow/.local/lib/python3.8/site-packages/airflow/example_dags/example_skip_dag.py
[2024-03-26T21:25:39.805+0000] {logging_mixin.py:188} INFO - [2024-03-26T21:25:39.796+0000] {dag.py:3047} INFO - Sync 1 DAGs
[2024-03-26T21:25:40.145+0000] {logging_mixin.py:188} INFO - [2024-03-26T21:25:40.136+0000] {dag.py:3834} INFO - Setting next_dagrun for example_skip_dag to 2024-03-25 00:00:00+00:00, run_after=2024-03-26 00:00:00+00:00
[2024-03-26T21:25:40.346+0000] {processor.py:183} INFO - Processing /home/airflow/.local/lib/python3.8/site-packages/airflow/example_dags/example_skip_dag.py took 0.870 seconds
[2024-03-26T21:26:11.800+0000] {processor.py:161} INFO - Started process (PID=2692) to work on /home/airflow/.local/lib/python3.8/site-packages/airflow/example_dags/example_skip_dag.py
[2024-03-26T21:26:11.810+0000] {processor.py:830} INFO - Processing file /home/airflow/.local/lib/python3.8/site-packages/airflow/example_dags/example_skip_dag.py for tasks to queue
[2024-03-26T21:26:11.820+0000] {logging_mixin.py:188} INFO - [2024-03-26T21:26:11.819+0000] {dagbag.py:540} INFO - Filling up the DagBag from /home/airflow/.local/lib/python3.8/site-packages/airflow/example_dags/example_skip_dag.py
[2024-03-26T21:26:11.899+0000] {processor.py:840} INFO - DAG(s) 'example_skip_dag' retrieved from /home/airflow/.local/lib/python3.8/site-packages/airflow/example_dags/example_skip_dag.py
[2024-03-26T21:26:12.110+0000] {logging_mixin.py:188} INFO - [2024-03-26T21:26:12.110+0000] {dag.py:3047} INFO - Sync 1 DAGs
[2024-03-26T21:26:12.359+0000] {logging_mixin.py:188} INFO - [2024-03-26T21:26:12.350+0000] {dag.py:3834} INFO - Setting next_dagrun for example_skip_dag to 2024-03-25 00:00:00+00:00, run_after=2024-03-26 00:00:00+00:00
[2024-03-26T21:26:12.540+0000] {processor.py:183} INFO - Processing /home/airflow/.local/lib/python3.8/site-packages/airflow/example_dags/example_skip_dag.py took 0.761 seconds
[2024-03-26T21:26:44.032+0000] {processor.py:161} INFO - Started process (PID=2940) to work on /home/airflow/.local/lib/python3.8/site-packages/airflow/example_dags/example_skip_dag.py
[2024-03-26T21:26:44.043+0000] {processor.py:830} INFO - Processing file /home/airflow/.local/lib/python3.8/site-packages/airflow/example_dags/example_skip_dag.py for tasks to queue
[2024-03-26T21:26:44.053+0000] {logging_mixin.py:188} INFO - [2024-03-26T21:26:44.052+0000] {dagbag.py:540} INFO - Filling up the DagBag from /home/airflow/.local/lib/python3.8/site-packages/airflow/example_dags/example_skip_dag.py
[2024-03-26T21:26:44.122+0000] {processor.py:840} INFO - DAG(s) 'example_skip_dag' retrieved from /home/airflow/.local/lib/python3.8/site-packages/airflow/example_dags/example_skip_dag.py
[2024-03-26T21:26:44.303+0000] {logging_mixin.py:188} INFO - [2024-03-26T21:26:44.303+0000] {dag.py:3047} INFO - Sync 1 DAGs
[2024-03-26T21:26:44.473+0000] {logging_mixin.py:188} INFO - [2024-03-26T21:26:44.472+0000] {dag.py:3834} INFO - Setting next_dagrun for example_skip_dag to 2024-03-25 00:00:00+00:00, run_after=2024-03-26 00:00:00+00:00
[2024-03-26T21:26:44.632+0000] {processor.py:183} INFO - Processing /home/airflow/.local/lib/python3.8/site-packages/airflow/example_dags/example_skip_dag.py took 0.631 seconds
[2024-03-26T21:27:16.464+0000] {processor.py:161} INFO - Started process (PID=3187) to work on /home/airflow/.local/lib/python3.8/site-packages/airflow/example_dags/example_skip_dag.py
[2024-03-26T21:27:16.474+0000] {processor.py:830} INFO - Processing file /home/airflow/.local/lib/python3.8/site-packages/airflow/example_dags/example_skip_dag.py for tasks to queue
[2024-03-26T21:27:16.484+0000] {logging_mixin.py:188} INFO - [2024-03-26T21:27:16.483+0000] {dagbag.py:540} INFO - Filling up the DagBag from /home/airflow/.local/lib/python3.8/site-packages/airflow/example_dags/example_skip_dag.py
[2024-03-26T21:27:16.545+0000] {processor.py:840} INFO - DAG(s) 'example_skip_dag' retrieved from /home/airflow/.local/lib/python3.8/site-packages/airflow/example_dags/example_skip_dag.py
[2024-03-26T21:27:16.744+0000] {logging_mixin.py:188} INFO - [2024-03-26T21:27:16.743+0000] {dag.py:3047} INFO - Sync 1 DAGs
[2024-03-26T21:27:17.004+0000] {logging_mixin.py:188} INFO - [2024-03-26T21:27:17.004+0000] {dag.py:3834} INFO - Setting next_dagrun for example_skip_dag to 2024-03-25 00:00:00+00:00, run_after=2024-03-26 00:00:00+00:00
[2024-03-26T21:27:17.205+0000] {processor.py:183} INFO - Processing /home/airflow/.local/lib/python3.8/site-packages/airflow/example_dags/example_skip_dag.py took 0.781 seconds
[2024-03-26T21:27:47.643+0000] {processor.py:161} INFO - Started process (PID=3429) to work on /home/airflow/.local/lib/python3.8/site-packages/airflow/example_dags/example_skip_dag.py
[2024-03-26T21:27:47.653+0000] {processor.py:830} INFO - Processing file /home/airflow/.local/lib/python3.8/site-packages/airflow/example_dags/example_skip_dag.py for tasks to queue
[2024-03-26T21:27:47.672+0000] {logging_mixin.py:188} INFO - [2024-03-26T21:27:47.671+0000] {dagbag.py:540} INFO - Filling up the DagBag from /home/airflow/.local/lib/python3.8/site-packages/airflow/example_dags/example_skip_dag.py
[2024-03-26T21:27:47.761+0000] {processor.py:840} INFO - DAG(s) 'example_skip_dag' retrieved from /home/airflow/.local/lib/python3.8/site-packages/airflow/example_dags/example_skip_dag.py
[2024-03-26T21:27:48.002+0000] {logging_mixin.py:188} INFO - [2024-03-26T21:27:48.002+0000] {dag.py:3047} INFO - Sync 1 DAGs
[2024-03-26T21:27:48.252+0000] {logging_mixin.py:188} INFO - [2024-03-26T21:27:48.243+0000] {dag.py:3834} INFO - Setting next_dagrun for example_skip_dag to 2024-03-25 00:00:00+00:00, run_after=2024-03-26 00:00:00+00:00
[2024-03-26T21:27:48.443+0000] {processor.py:183} INFO - Processing /home/airflow/.local/lib/python3.8/site-packages/airflow/example_dags/example_skip_dag.py took 0.821 seconds
[2024-03-26T21:28:19.734+0000] {processor.py:161} INFO - Started process (PID=3676) to work on /home/airflow/.local/lib/python3.8/site-packages/airflow/example_dags/example_skip_dag.py
[2024-03-26T21:28:19.744+0000] {processor.py:830} INFO - Processing file /home/airflow/.local/lib/python3.8/site-packages/airflow/example_dags/example_skip_dag.py for tasks to queue
[2024-03-26T21:28:19.754+0000] {logging_mixin.py:188} INFO - [2024-03-26T21:28:19.754+0000] {dagbag.py:540} INFO - Filling up the DagBag from /home/airflow/.local/lib/python3.8/site-packages/airflow/example_dags/example_skip_dag.py
[2024-03-26T21:28:19.865+0000] {processor.py:840} INFO - DAG(s) 'example_skip_dag' retrieved from /home/airflow/.local/lib/python3.8/site-packages/airflow/example_dags/example_skip_dag.py
[2024-03-26T21:28:20.304+0000] {logging_mixin.py:188} INFO - [2024-03-26T21:28:20.295+0000] {dag.py:3047} INFO - Sync 1 DAGs
[2024-03-26T21:28:20.595+0000] {logging_mixin.py:188} INFO - [2024-03-26T21:28:20.594+0000] {dag.py:3834} INFO - Setting next_dagrun for example_skip_dag to 2024-03-25 00:00:00+00:00, run_after=2024-03-26 00:00:00+00:00
[2024-03-26T21:28:20.854+0000] {processor.py:183} INFO - Processing /home/airflow/.local/lib/python3.8/site-packages/airflow/example_dags/example_skip_dag.py took 1.170 seconds
[2024-03-26T21:28:54.192+0000] {processor.py:161} INFO - Started process (PID=3929) to work on /home/airflow/.local/lib/python3.8/site-packages/airflow/example_dags/example_skip_dag.py
[2024-03-26T21:28:54.211+0000] {processor.py:830} INFO - Processing file /home/airflow/.local/lib/python3.8/site-packages/airflow/example_dags/example_skip_dag.py for tasks to queue
[2024-03-26T21:28:54.222+0000] {logging_mixin.py:188} INFO - [2024-03-26T21:28:54.221+0000] {dagbag.py:540} INFO - Filling up the DagBag from /home/airflow/.local/lib/python3.8/site-packages/airflow/example_dags/example_skip_dag.py
[2024-03-26T21:28:54.312+0000] {processor.py:840} INFO - DAG(s) 'example_skip_dag' retrieved from /home/airflow/.local/lib/python3.8/site-packages/airflow/example_dags/example_skip_dag.py
[2024-03-26T21:28:54.562+0000] {logging_mixin.py:188} INFO - [2024-03-26T21:28:54.561+0000] {dag.py:3047} INFO - Sync 1 DAGs
[2024-03-26T21:28:54.842+0000] {logging_mixin.py:188} INFO - [2024-03-26T21:28:54.842+0000] {dag.py:3834} INFO - Setting next_dagrun for example_skip_dag to 2024-03-25 00:00:00+00:00, run_after=2024-03-26 00:00:00+00:00
[2024-03-26T21:28:55.071+0000] {processor.py:183} INFO - Processing /home/airflow/.local/lib/python3.8/site-packages/airflow/example_dags/example_skip_dag.py took 0.919 seconds
[2024-03-26T21:29:37.403+0000] {processor.py:161} INFO - Started process (PID=4176) to work on /home/airflow/.local/lib/python3.8/site-packages/airflow/example_dags/example_skip_dag.py
[2024-03-26T21:29:37.422+0000] {processor.py:830} INFO - Processing file /home/airflow/.local/lib/python3.8/site-packages/airflow/example_dags/example_skip_dag.py for tasks to queue
[2024-03-26T21:29:37.433+0000] {logging_mixin.py:188} INFO - [2024-03-26T21:29:37.432+0000] {dagbag.py:540} INFO - Filling up the DagBag from /home/airflow/.local/lib/python3.8/site-packages/airflow/example_dags/example_skip_dag.py
[2024-03-26T21:29:37.532+0000] {processor.py:840} INFO - DAG(s) 'example_skip_dag' retrieved from /home/airflow/.local/lib/python3.8/site-packages/airflow/example_dags/example_skip_dag.py
[2024-03-26T21:29:37.792+0000] {logging_mixin.py:188} INFO - [2024-03-26T21:29:37.791+0000] {dag.py:3047} INFO - Sync 1 DAGs
[2024-03-26T21:29:38.081+0000] {logging_mixin.py:188} INFO - [2024-03-26T21:29:38.081+0000] {dag.py:3834} INFO - Setting next_dagrun for example_skip_dag to 2024-03-25 00:00:00+00:00, run_after=2024-03-26 00:00:00+00:00
[2024-03-26T21:29:38.311+0000] {processor.py:183} INFO - Processing /home/airflow/.local/lib/python3.8/site-packages/airflow/example_dags/example_skip_dag.py took 0.940 seconds
[2024-03-26T21:30:11.870+0000] {processor.py:161} INFO - Started process (PID=4403) to work on /home/airflow/.local/lib/python3.8/site-packages/airflow/example_dags/example_skip_dag.py
[2024-03-26T21:30:11.881+0000] {processor.py:830} INFO - Processing file /home/airflow/.local/lib/python3.8/site-packages/airflow/example_dags/example_skip_dag.py for tasks to queue
[2024-03-26T21:30:11.891+0000] {logging_mixin.py:188} INFO - [2024-03-26T21:30:11.890+0000] {dagbag.py:540} INFO - Filling up the DagBag from /home/airflow/.local/lib/python3.8/site-packages/airflow/example_dags/example_skip_dag.py
[2024-03-26T21:30:11.961+0000] {processor.py:840} INFO - DAG(s) 'example_skip_dag' retrieved from /home/airflow/.local/lib/python3.8/site-packages/airflow/example_dags/example_skip_dag.py
[2024-03-26T21:30:12.201+0000] {logging_mixin.py:188} INFO - [2024-03-26T21:30:12.201+0000] {dag.py:3047} INFO - Sync 1 DAGs
[2024-03-26T21:30:12.441+0000] {logging_mixin.py:188} INFO - [2024-03-26T21:30:12.440+0000] {dag.py:3834} INFO - Setting next_dagrun for example_skip_dag to 2024-03-25 00:00:00+00:00, run_after=2024-03-26 00:00:00+00:00
[2024-03-26T21:30:12.712+0000] {processor.py:183} INFO - Processing /home/airflow/.local/lib/python3.8/site-packages/airflow/example_dags/example_skip_dag.py took 0.881 seconds
[2024-03-26T21:30:49.800+0000] {processor.py:161} INFO - Started process (PID=4641) to work on /home/airflow/.local/lib/python3.8/site-packages/airflow/example_dags/example_skip_dag.py
[2024-03-26T21:30:49.810+0000] {processor.py:830} INFO - Processing file /home/airflow/.local/lib/python3.8/site-packages/airflow/example_dags/example_skip_dag.py for tasks to queue
[2024-03-26T21:30:49.829+0000] {logging_mixin.py:188} INFO - [2024-03-26T21:30:49.820+0000] {dagbag.py:540} INFO - Filling up the DagBag from /home/airflow/.local/lib/python3.8/site-packages/airflow/example_dags/example_skip_dag.py
[2024-03-26T21:30:49.920+0000] {processor.py:840} INFO - DAG(s) 'example_skip_dag' retrieved from /home/airflow/.local/lib/python3.8/site-packages/airflow/example_dags/example_skip_dag.py
[2024-03-26T21:30:50.420+0000] {logging_mixin.py:188} INFO - [2024-03-26T21:30:50.410+0000] {dag.py:3047} INFO - Sync 1 DAGs
[2024-03-26T21:30:50.840+0000] {logging_mixin.py:188} INFO - [2024-03-26T21:30:50.840+0000] {dag.py:3834} INFO - Setting next_dagrun for example_skip_dag to 2024-03-25 00:00:00+00:00, run_after=2024-03-26 00:00:00+00:00
[2024-03-26T21:30:51.109+0000] {processor.py:183} INFO - Processing /home/airflow/.local/lib/python3.8/site-packages/airflow/example_dags/example_skip_dag.py took 1.360 seconds
[2024-03-26T21:31:25.649+0000] {processor.py:161} INFO - Started process (PID=4873) to work on /home/airflow/.local/lib/python3.8/site-packages/airflow/example_dags/example_skip_dag.py
[2024-03-26T21:31:25.660+0000] {processor.py:830} INFO - Processing file /home/airflow/.local/lib/python3.8/site-packages/airflow/example_dags/example_skip_dag.py for tasks to queue
[2024-03-26T21:31:25.679+0000] {logging_mixin.py:188} INFO - [2024-03-26T21:31:25.670+0000] {dagbag.py:540} INFO - Filling up the DagBag from /home/airflow/.local/lib/python3.8/site-packages/airflow/example_dags/example_skip_dag.py
[2024-03-26T21:31:25.769+0000] {processor.py:840} INFO - DAG(s) 'example_skip_dag' retrieved from /home/airflow/.local/lib/python3.8/site-packages/airflow/example_dags/example_skip_dag.py
[2024-03-26T21:31:26.099+0000] {logging_mixin.py:188} INFO - [2024-03-26T21:31:26.090+0000] {dag.py:3047} INFO - Sync 1 DAGs
[2024-03-26T21:31:26.519+0000] {logging_mixin.py:188} INFO - [2024-03-26T21:31:26.519+0000] {dag.py:3834} INFO - Setting next_dagrun for example_skip_dag to 2024-03-25 00:00:00+00:00, run_after=2024-03-26 00:00:00+00:00
[2024-03-26T21:31:26.809+0000] {processor.py:183} INFO - Processing /home/airflow/.local/lib/python3.8/site-packages/airflow/example_dags/example_skip_dag.py took 1.220 seconds
[2024-03-26T21:32:08.236+0000] {processor.py:161} INFO - Started process (PID=5105) to work on /home/airflow/.local/lib/python3.8/site-packages/airflow/example_dags/example_skip_dag.py
[2024-03-26T21:32:08.257+0000] {processor.py:830} INFO - Processing file /home/airflow/.local/lib/python3.8/site-packages/airflow/example_dags/example_skip_dag.py for tasks to queue
[2024-03-26T21:32:08.277+0000] {logging_mixin.py:188} INFO - [2024-03-26T21:32:08.267+0000] {dagbag.py:540} INFO - Filling up the DagBag from /home/airflow/.local/lib/python3.8/site-packages/airflow/example_dags/example_skip_dag.py
[2024-03-26T21:32:08.427+0000] {processor.py:840} INFO - DAG(s) 'example_skip_dag' retrieved from /home/airflow/.local/lib/python3.8/site-packages/airflow/example_dags/example_skip_dag.py
[2024-03-26T21:32:08.826+0000] {logging_mixin.py:188} INFO - [2024-03-26T21:32:08.817+0000] {dag.py:3047} INFO - Sync 1 DAGs
[2024-03-26T21:32:09.177+0000] {logging_mixin.py:188} INFO - [2024-03-26T21:32:09.176+0000] {dag.py:3834} INFO - Setting next_dagrun for example_skip_dag to 2024-03-25 00:00:00+00:00, run_after=2024-03-26 00:00:00+00:00
[2024-03-26T21:32:09.566+0000] {processor.py:183} INFO - Processing /home/airflow/.local/lib/python3.8/site-packages/airflow/example_dags/example_skip_dag.py took 1.379 seconds
[2024-03-26T21:33:06.087+0000] {processor.py:161} INFO - Started process (PID=5364) to work on /home/airflow/.local/lib/python3.8/site-packages/airflow/example_dags/example_skip_dag.py
[2024-03-26T21:33:06.117+0000] {processor.py:830} INFO - Processing file /home/airflow/.local/lib/python3.8/site-packages/airflow/example_dags/example_skip_dag.py for tasks to queue
[2024-03-26T21:33:06.137+0000] {logging_mixin.py:188} INFO - [2024-03-26T21:33:06.127+0000] {dagbag.py:540} INFO - Filling up the DagBag from /home/airflow/.local/lib/python3.8/site-packages/airflow/example_dags/example_skip_dag.py
[2024-03-26T21:33:06.447+0000] {processor.py:840} INFO - DAG(s) 'example_skip_dag' retrieved from /home/airflow/.local/lib/python3.8/site-packages/airflow/example_dags/example_skip_dag.py
[2024-03-26T21:33:07.196+0000] {logging_mixin.py:188} INFO - [2024-03-26T21:33:07.177+0000] {dag.py:3047} INFO - Sync 1 DAGs
[2024-03-26T21:33:07.667+0000] {logging_mixin.py:188} INFO - [2024-03-26T21:33:07.657+0000] {dag.py:3834} INFO - Setting next_dagrun for example_skip_dag to 2024-03-25 00:00:00+00:00, run_after=2024-03-26 00:00:00+00:00
[2024-03-26T21:33:08.147+0000] {processor.py:183} INFO - Processing /home/airflow/.local/lib/python3.8/site-packages/airflow/example_dags/example_skip_dag.py took 2.130 seconds
[2024-03-26T21:34:29.509+0000] {processor.py:161} INFO - Started process (PID=5634) to work on /home/airflow/.local/lib/python3.8/site-packages/airflow/example_dags/example_skip_dag.py
[2024-03-26T21:34:29.538+0000] {processor.py:830} INFO - Processing file /home/airflow/.local/lib/python3.8/site-packages/airflow/example_dags/example_skip_dag.py for tasks to queue
[2024-03-26T21:34:29.559+0000] {logging_mixin.py:188} INFO - [2024-03-26T21:34:29.549+0000] {dagbag.py:540} INFO - Filling up the DagBag from /home/airflow/.local/lib/python3.8/site-packages/airflow/example_dags/example_skip_dag.py
[2024-03-26T21:34:29.888+0000] {processor.py:840} INFO - DAG(s) 'example_skip_dag' retrieved from /home/airflow/.local/lib/python3.8/site-packages/airflow/example_dags/example_skip_dag.py
[2024-03-26T21:34:30.979+0000] {logging_mixin.py:188} INFO - [2024-03-26T21:34:30.978+0000] {dag.py:3047} INFO - Sync 1 DAGs
[2024-03-26T21:34:31.718+0000] {logging_mixin.py:188} INFO - [2024-03-26T21:34:31.709+0000] {dag.py:3834} INFO - Setting next_dagrun for example_skip_dag to 2024-03-25 00:00:00+00:00, run_after=2024-03-26 00:00:00+00:00
[2024-03-26T21:34:32.458+0000] {processor.py:183} INFO - Processing /home/airflow/.local/lib/python3.8/site-packages/airflow/example_dags/example_skip_dag.py took 3.060 seconds
[2024-03-26T21:35:40.692+0000] {processor.py:161} INFO - Started process (PID=5799) to work on /home/airflow/.local/lib/python3.8/site-packages/airflow/example_dags/example_skip_dag.py
[2024-03-26T21:35:40.742+0000] {processor.py:830} INFO - Processing file /home/airflow/.local/lib/python3.8/site-packages/airflow/example_dags/example_skip_dag.py for tasks to queue
[2024-03-26T21:35:40.792+0000] {logging_mixin.py:188} INFO - [2024-03-26T21:35:40.772+0000] {dagbag.py:540} INFO - Filling up the DagBag from /home/airflow/.local/lib/python3.8/site-packages/airflow/example_dags/example_skip_dag.py
[2024-03-26T21:35:41.062+0000] {processor.py:840} INFO - DAG(s) 'example_skip_dag' retrieved from /home/airflow/.local/lib/python3.8/site-packages/airflow/example_dags/example_skip_dag.py
[2024-03-26T21:35:41.842+0000] {logging_mixin.py:188} INFO - [2024-03-26T21:35:41.832+0000] {dag.py:3047} INFO - Sync 1 DAGs
[2024-03-26T21:35:42.952+0000] {logging_mixin.py:188} INFO - [2024-03-26T21:35:42.942+0000] {dag.py:3834} INFO - Setting next_dagrun for example_skip_dag to 2024-03-25 00:00:00+00:00, run_after=2024-03-26 00:00:00+00:00
[2024-03-26T21:35:43.852+0000] {processor.py:183} INFO - Processing /home/airflow/.local/lib/python3.8/site-packages/airflow/example_dags/example_skip_dag.py took 3.340 seconds
[2024-03-26T21:37:21.371+0000] {processor.py:161} INFO - Started process (PID=5967) to work on /home/airflow/.local/lib/python3.8/site-packages/airflow/example_dags/example_skip_dag.py
[2024-03-26T21:37:21.431+0000] {processor.py:830} INFO - Processing file /home/airflow/.local/lib/python3.8/site-packages/airflow/example_dags/example_skip_dag.py for tasks to queue
[2024-03-26T21:37:21.551+0000] {logging_mixin.py:188} INFO - [2024-03-26T21:37:21.521+0000] {dagbag.py:540} INFO - Filling up the DagBag from /home/airflow/.local/lib/python3.8/site-packages/airflow/example_dags/example_skip_dag.py
[2024-03-26T21:37:22.191+0000] {processor.py:840} INFO - DAG(s) 'example_skip_dag' retrieved from /home/airflow/.local/lib/python3.8/site-packages/airflow/example_dags/example_skip_dag.py
[2024-03-26T21:37:23.831+0000] {logging_mixin.py:188} INFO - [2024-03-26T21:37:23.811+0000] {dag.py:3047} INFO - Sync 1 DAGs
[2024-03-26T21:37:25.761+0000] {logging_mixin.py:188} INFO - [2024-03-26T21:37:25.741+0000] {dag.py:3834} INFO - Setting next_dagrun for example_skip_dag to 2024-03-25 00:00:00+00:00, run_after=2024-03-26 00:00:00+00:00
[2024-03-26T21:37:27.761+0000] {processor.py:183} INFO - Processing /home/airflow/.local/lib/python3.8/site-packages/airflow/example_dags/example_skip_dag.py took 6.630 seconds
