[2024-03-26T21:03:42.777+0000] {processor.py:161} INFO - Started process (PID=325) to work on /home/airflow/.local/lib/python3.8/site-packages/airflow/example_dags/example_sensors.py
[2024-03-26T21:03:42.779+0000] {processor.py:830} INFO - Processing file /home/airflow/.local/lib/python3.8/site-packages/airflow/example_dags/example_sensors.py for tasks to queue
[2024-03-26T21:03:42.781+0000] {logging_mixin.py:188} INFO - [2024-03-26T21:03:42.780+0000] {dagbag.py:540} INFO - Filling up the DagBag from /home/airflow/.local/lib/python3.8/site-packages/airflow/example_dags/example_sensors.py
[2024-03-26T21:03:42.867+0000] {processor.py:840} INFO - DAG(s) 'example_sensors' retrieved from /home/airflow/.local/lib/python3.8/site-packages/airflow/example_dags/example_sensors.py
[2024-03-26T21:03:43.709+0000] {logging_mixin.py:188} INFO - [2024-03-26T21:03:43.709+0000] {dag.py:3047} INFO - Sync 1 DAGs
[2024-03-26T21:03:43.809+0000] {logging_mixin.py:188} INFO - [2024-03-26T21:03:43.809+0000] {dag.py:3834} INFO - Setting next_dagrun for example_sensors to None, run_after=None
[2024-03-26T21:03:44.061+0000] {processor.py:183} INFO - Processing /home/airflow/.local/lib/python3.8/site-packages/airflow/example_dags/example_sensors.py took 1.303 seconds
[2024-03-26T21:04:14.428+0000] {processor.py:161} INFO - Started process (PID=571) to work on /home/airflow/.local/lib/python3.8/site-packages/airflow/example_dags/example_sensors.py
[2024-03-26T21:04:14.434+0000] {processor.py:830} INFO - Processing file /home/airflow/.local/lib/python3.8/site-packages/airflow/example_dags/example_sensors.py for tasks to queue
[2024-03-26T21:04:14.436+0000] {logging_mixin.py:188} INFO - [2024-03-26T21:04:14.435+0000] {dagbag.py:540} INFO - Filling up the DagBag from /home/airflow/.local/lib/python3.8/site-packages/airflow/example_dags/example_sensors.py
[2024-03-26T21:04:14.465+0000] {processor.py:840} INFO - DAG(s) 'example_sensors' retrieved from /home/airflow/.local/lib/python3.8/site-packages/airflow/example_dags/example_sensors.py
[2024-03-26T21:04:14.538+0000] {logging_mixin.py:188} INFO - [2024-03-26T21:04:14.538+0000] {dag.py:3047} INFO - Sync 1 DAGs
[2024-03-26T21:04:14.586+0000] {logging_mixin.py:188} INFO - [2024-03-26T21:04:14.585+0000] {dag.py:3834} INFO - Setting next_dagrun for example_sensors to None, run_after=None
[2024-03-26T21:04:14.677+0000] {processor.py:183} INFO - Processing /home/airflow/.local/lib/python3.8/site-packages/airflow/example_dags/example_sensors.py took 0.260 seconds
[2024-03-26T21:04:45.142+0000] {processor.py:161} INFO - Started process (PID=821) to work on /home/airflow/.local/lib/python3.8/site-packages/airflow/example_dags/example_sensors.py
[2024-03-26T21:04:45.143+0000] {processor.py:830} INFO - Processing file /home/airflow/.local/lib/python3.8/site-packages/airflow/example_dags/example_sensors.py for tasks to queue
[2024-03-26T21:04:45.145+0000] {logging_mixin.py:188} INFO - [2024-03-26T21:04:45.144+0000] {dagbag.py:540} INFO - Filling up the DagBag from /home/airflow/.local/lib/python3.8/site-packages/airflow/example_dags/example_sensors.py
[2024-03-26T21:04:45.173+0000] {processor.py:840} INFO - DAG(s) 'example_sensors' retrieved from /home/airflow/.local/lib/python3.8/site-packages/airflow/example_dags/example_sensors.py
[2024-03-26T21:04:45.243+0000] {logging_mixin.py:188} INFO - [2024-03-26T21:04:45.243+0000] {dag.py:3047} INFO - Sync 1 DAGs
[2024-03-26T21:04:45.282+0000] {logging_mixin.py:188} INFO - [2024-03-26T21:04:45.282+0000] {dag.py:3834} INFO - Setting next_dagrun for example_sensors to None, run_after=None
[2024-03-26T21:04:45.334+0000] {processor.py:183} INFO - Processing /home/airflow/.local/lib/python3.8/site-packages/airflow/example_dags/example_sensors.py took 0.202 seconds
[2024-03-26T21:05:15.742+0000] {processor.py:161} INFO - Started process (PID=1066) to work on /home/airflow/.local/lib/python3.8/site-packages/airflow/example_dags/example_sensors.py
[2024-03-26T21:05:15.748+0000] {processor.py:830} INFO - Processing file /home/airflow/.local/lib/python3.8/site-packages/airflow/example_dags/example_sensors.py for tasks to queue
[2024-03-26T21:05:15.751+0000] {logging_mixin.py:188} INFO - [2024-03-26T21:05:15.750+0000] {dagbag.py:540} INFO - Filling up the DagBag from /home/airflow/.local/lib/python3.8/site-packages/airflow/example_dags/example_sensors.py
[2024-03-26T21:05:15.780+0000] {processor.py:840} INFO - DAG(s) 'example_sensors' retrieved from /home/airflow/.local/lib/python3.8/site-packages/airflow/example_dags/example_sensors.py
[2024-03-26T21:05:15.859+0000] {logging_mixin.py:188} INFO - [2024-03-26T21:05:15.853+0000] {dag.py:3047} INFO - Sync 1 DAGs
[2024-03-26T21:05:15.892+0000] {logging_mixin.py:188} INFO - [2024-03-26T21:05:15.892+0000] {dag.py:3834} INFO - Setting next_dagrun for example_sensors to None, run_after=None
[2024-03-26T21:05:15.952+0000] {processor.py:183} INFO - Processing /home/airflow/.local/lib/python3.8/site-packages/airflow/example_dags/example_sensors.py took 0.220 seconds
[2024-03-26T21:05:46.588+0000] {processor.py:161} INFO - Started process (PID=1314) to work on /home/airflow/.local/lib/python3.8/site-packages/airflow/example_dags/example_sensors.py
[2024-03-26T21:05:46.590+0000] {processor.py:830} INFO - Processing file /home/airflow/.local/lib/python3.8/site-packages/airflow/example_dags/example_sensors.py for tasks to queue
[2024-03-26T21:05:46.596+0000] {logging_mixin.py:188} INFO - [2024-03-26T21:05:46.596+0000] {dagbag.py:540} INFO - Filling up the DagBag from /home/airflow/.local/lib/python3.8/site-packages/airflow/example_dags/example_sensors.py
[2024-03-26T21:05:46.620+0000] {processor.py:840} INFO - DAG(s) 'example_sensors' retrieved from /home/airflow/.local/lib/python3.8/site-packages/airflow/example_dags/example_sensors.py
[2024-03-26T21:05:46.690+0000] {logging_mixin.py:188} INFO - [2024-03-26T21:05:46.690+0000] {dag.py:3047} INFO - Sync 1 DAGs
[2024-03-26T21:05:46.727+0000] {logging_mixin.py:188} INFO - [2024-03-26T21:05:46.727+0000] {dag.py:3834} INFO - Setting next_dagrun for example_sensors to None, run_after=None
[2024-03-26T21:05:46.796+0000] {processor.py:183} INFO - Processing /home/airflow/.local/lib/python3.8/site-packages/airflow/example_dags/example_sensors.py took 0.219 seconds
[2024-03-26T21:06:17.546+0000] {processor.py:161} INFO - Started process (PID=1561) to work on /home/airflow/.local/lib/python3.8/site-packages/airflow/example_dags/example_sensors.py
[2024-03-26T21:06:17.556+0000] {processor.py:830} INFO - Processing file /home/airflow/.local/lib/python3.8/site-packages/airflow/example_dags/example_sensors.py for tasks to queue
[2024-03-26T21:06:17.557+0000] {logging_mixin.py:188} INFO - [2024-03-26T21:06:17.557+0000] {dagbag.py:540} INFO - Filling up the DagBag from /home/airflow/.local/lib/python3.8/site-packages/airflow/example_dags/example_sensors.py
[2024-03-26T21:06:17.607+0000] {processor.py:840} INFO - DAG(s) 'example_sensors' retrieved from /home/airflow/.local/lib/python3.8/site-packages/airflow/example_dags/example_sensors.py
[2024-03-26T21:06:17.696+0000] {logging_mixin.py:188} INFO - [2024-03-26T21:06:17.695+0000] {dag.py:3047} INFO - Sync 1 DAGs
[2024-03-26T21:06:17.735+0000] {logging_mixin.py:188} INFO - [2024-03-26T21:06:17.734+0000] {dag.py:3834} INFO - Setting next_dagrun for example_sensors to None, run_after=None
[2024-03-26T21:06:17.804+0000] {processor.py:183} INFO - Processing /home/airflow/.local/lib/python3.8/site-packages/airflow/example_dags/example_sensors.py took 0.269 seconds
[2024-03-26T21:06:48.115+0000] {processor.py:161} INFO - Started process (PID=1808) to work on /home/airflow/.local/lib/python3.8/site-packages/airflow/example_dags/example_sensors.py
[2024-03-26T21:06:48.117+0000] {processor.py:830} INFO - Processing file /home/airflow/.local/lib/python3.8/site-packages/airflow/example_dags/example_sensors.py for tasks to queue
[2024-03-26T21:06:48.124+0000] {logging_mixin.py:188} INFO - [2024-03-26T21:06:48.123+0000] {dagbag.py:540} INFO - Filling up the DagBag from /home/airflow/.local/lib/python3.8/site-packages/airflow/example_dags/example_sensors.py
[2024-03-26T21:06:48.166+0000] {processor.py:840} INFO - DAG(s) 'example_sensors' retrieved from /home/airflow/.local/lib/python3.8/site-packages/airflow/example_dags/example_sensors.py
[2024-03-26T21:06:48.246+0000] {logging_mixin.py:188} INFO - [2024-03-26T21:06:48.246+0000] {dag.py:3047} INFO - Sync 1 DAGs
[2024-03-26T21:06:48.295+0000] {logging_mixin.py:188} INFO - [2024-03-26T21:06:48.295+0000] {dag.py:3834} INFO - Setting next_dagrun for example_sensors to None, run_after=None
[2024-03-26T21:06:48.356+0000] {processor.py:183} INFO - Processing /home/airflow/.local/lib/python3.8/site-packages/airflow/example_dags/example_sensors.py took 0.252 seconds
[2024-03-26T21:07:19.023+0000] {processor.py:161} INFO - Started process (PID=2056) to work on /home/airflow/.local/lib/python3.8/site-packages/airflow/example_dags/example_sensors.py
[2024-03-26T21:07:19.025+0000] {processor.py:830} INFO - Processing file /home/airflow/.local/lib/python3.8/site-packages/airflow/example_dags/example_sensors.py for tasks to queue
[2024-03-26T21:07:19.032+0000] {logging_mixin.py:188} INFO - [2024-03-26T21:07:19.031+0000] {dagbag.py:540} INFO - Filling up the DagBag from /home/airflow/.local/lib/python3.8/site-packages/airflow/example_dags/example_sensors.py
[2024-03-26T21:07:19.063+0000] {processor.py:840} INFO - DAG(s) 'example_sensors' retrieved from /home/airflow/.local/lib/python3.8/site-packages/airflow/example_dags/example_sensors.py
[2024-03-26T21:07:19.142+0000] {logging_mixin.py:188} INFO - [2024-03-26T21:07:19.142+0000] {dag.py:3047} INFO - Sync 1 DAGs
[2024-03-26T21:07:19.183+0000] {logging_mixin.py:188} INFO - [2024-03-26T21:07:19.182+0000] {dag.py:3834} INFO - Setting next_dagrun for example_sensors to None, run_after=None
[2024-03-26T21:07:19.244+0000] {processor.py:183} INFO - Processing /home/airflow/.local/lib/python3.8/site-packages/airflow/example_dags/example_sensors.py took 0.232 seconds
[2024-03-26T21:07:50.025+0000] {processor.py:161} INFO - Started process (PID=2303) to work on /home/airflow/.local/lib/python3.8/site-packages/airflow/example_dags/example_sensors.py
[2024-03-26T21:07:50.026+0000] {processor.py:830} INFO - Processing file /home/airflow/.local/lib/python3.8/site-packages/airflow/example_dags/example_sensors.py for tasks to queue
[2024-03-26T21:07:50.033+0000] {logging_mixin.py:188} INFO - [2024-03-26T21:07:50.032+0000] {dagbag.py:540} INFO - Filling up the DagBag from /home/airflow/.local/lib/python3.8/site-packages/airflow/example_dags/example_sensors.py
[2024-03-26T21:07:50.062+0000] {processor.py:840} INFO - DAG(s) 'example_sensors' retrieved from /home/airflow/.local/lib/python3.8/site-packages/airflow/example_dags/example_sensors.py
[2024-03-26T21:07:50.124+0000] {logging_mixin.py:188} INFO - [2024-03-26T21:07:50.124+0000] {dag.py:3047} INFO - Sync 1 DAGs
[2024-03-26T21:07:50.164+0000] {logging_mixin.py:188} INFO - [2024-03-26T21:07:50.164+0000] {dag.py:3834} INFO - Setting next_dagrun for example_sensors to None, run_after=None
[2024-03-26T21:07:50.214+0000] {processor.py:183} INFO - Processing /home/airflow/.local/lib/python3.8/site-packages/airflow/example_dags/example_sensors.py took 0.199 seconds
[2024-03-26T21:08:20.919+0000] {processor.py:161} INFO - Started process (PID=2548) to work on /home/airflow/.local/lib/python3.8/site-packages/airflow/example_dags/example_sensors.py
[2024-03-26T21:08:20.920+0000] {processor.py:830} INFO - Processing file /home/airflow/.local/lib/python3.8/site-packages/airflow/example_dags/example_sensors.py for tasks to queue
[2024-03-26T21:08:20.921+0000] {logging_mixin.py:188} INFO - [2024-03-26T21:08:20.921+0000] {dagbag.py:540} INFO - Filling up the DagBag from /home/airflow/.local/lib/python3.8/site-packages/airflow/example_dags/example_sensors.py
[2024-03-26T21:08:20.959+0000] {processor.py:840} INFO - DAG(s) 'example_sensors' retrieved from /home/airflow/.local/lib/python3.8/site-packages/airflow/example_dags/example_sensors.py
[2024-03-26T21:08:21.041+0000] {logging_mixin.py:188} INFO - [2024-03-26T21:08:21.040+0000] {dag.py:3047} INFO - Sync 1 DAGs
[2024-03-26T21:08:21.080+0000] {logging_mixin.py:188} INFO - [2024-03-26T21:08:21.080+0000] {dag.py:3834} INFO - Setting next_dagrun for example_sensors to None, run_after=None
[2024-03-26T21:08:21.141+0000] {processor.py:183} INFO - Processing /home/airflow/.local/lib/python3.8/site-packages/airflow/example_dags/example_sensors.py took 0.233 seconds
[2024-03-26T21:08:52.109+0000] {processor.py:161} INFO - Started process (PID=2797) to work on /home/airflow/.local/lib/python3.8/site-packages/airflow/example_dags/example_sensors.py
[2024-03-26T21:08:52.110+0000] {processor.py:830} INFO - Processing file /home/airflow/.local/lib/python3.8/site-packages/airflow/example_dags/example_sensors.py for tasks to queue
[2024-03-26T21:08:52.118+0000] {logging_mixin.py:188} INFO - [2024-03-26T21:08:52.117+0000] {dagbag.py:540} INFO - Filling up the DagBag from /home/airflow/.local/lib/python3.8/site-packages/airflow/example_dags/example_sensors.py
[2024-03-26T21:08:52.157+0000] {processor.py:840} INFO - DAG(s) 'example_sensors' retrieved from /home/airflow/.local/lib/python3.8/site-packages/airflow/example_dags/example_sensors.py
[2024-03-26T21:08:52.240+0000] {logging_mixin.py:188} INFO - [2024-03-26T21:08:52.239+0000] {dag.py:3047} INFO - Sync 1 DAGs
[2024-03-26T21:08:52.279+0000] {logging_mixin.py:188} INFO - [2024-03-26T21:08:52.278+0000] {dag.py:3834} INFO - Setting next_dagrun for example_sensors to None, run_after=None
[2024-03-26T21:08:52.349+0000] {processor.py:183} INFO - Processing /home/airflow/.local/lib/python3.8/site-packages/airflow/example_dags/example_sensors.py took 0.250 seconds
[2024-03-26T21:09:23.227+0000] {processor.py:161} INFO - Started process (PID=3044) to work on /home/airflow/.local/lib/python3.8/site-packages/airflow/example_dags/example_sensors.py
[2024-03-26T21:09:23.229+0000] {processor.py:830} INFO - Processing file /home/airflow/.local/lib/python3.8/site-packages/airflow/example_dags/example_sensors.py for tasks to queue
[2024-03-26T21:09:23.230+0000] {logging_mixin.py:188} INFO - [2024-03-26T21:09:23.229+0000] {dagbag.py:540} INFO - Filling up the DagBag from /home/airflow/.local/lib/python3.8/site-packages/airflow/example_dags/example_sensors.py
[2024-03-26T21:09:23.259+0000] {processor.py:840} INFO - DAG(s) 'example_sensors' retrieved from /home/airflow/.local/lib/python3.8/site-packages/airflow/example_dags/example_sensors.py
[2024-03-26T21:09:23.347+0000] {logging_mixin.py:188} INFO - [2024-03-26T21:09:23.347+0000] {dag.py:3047} INFO - Sync 1 DAGs
[2024-03-26T21:09:23.386+0000] {logging_mixin.py:188} INFO - [2024-03-26T21:09:23.380+0000] {dag.py:3834} INFO - Setting next_dagrun for example_sensors to None, run_after=None
[2024-03-26T21:09:23.459+0000] {processor.py:183} INFO - Processing /home/airflow/.local/lib/python3.8/site-packages/airflow/example_dags/example_sensors.py took 0.241 seconds
[2024-03-26T21:09:54.287+0000] {processor.py:161} INFO - Started process (PID=3289) to work on /home/airflow/.local/lib/python3.8/site-packages/airflow/example_dags/example_sensors.py
[2024-03-26T21:09:54.295+0000] {processor.py:830} INFO - Processing file /home/airflow/.local/lib/python3.8/site-packages/airflow/example_dags/example_sensors.py for tasks to queue
[2024-03-26T21:09:54.297+0000] {logging_mixin.py:188} INFO - [2024-03-26T21:09:54.297+0000] {dagbag.py:540} INFO - Filling up the DagBag from /home/airflow/.local/lib/python3.8/site-packages/airflow/example_dags/example_sensors.py
[2024-03-26T21:09:54.345+0000] {processor.py:840} INFO - DAG(s) 'example_sensors' retrieved from /home/airflow/.local/lib/python3.8/site-packages/airflow/example_dags/example_sensors.py
[2024-03-26T21:09:54.437+0000] {logging_mixin.py:188} INFO - [2024-03-26T21:09:54.437+0000] {dag.py:3047} INFO - Sync 1 DAGs
[2024-03-26T21:09:54.487+0000] {logging_mixin.py:188} INFO - [2024-03-26T21:09:54.486+0000] {dag.py:3834} INFO - Setting next_dagrun for example_sensors to None, run_after=None
[2024-03-26T21:09:54.575+0000] {processor.py:183} INFO - Processing /home/airflow/.local/lib/python3.8/site-packages/airflow/example_dags/example_sensors.py took 0.301 seconds
[2024-03-26T21:10:24.964+0000] {processor.py:161} INFO - Started process (PID=3532) to work on /home/airflow/.local/lib/python3.8/site-packages/airflow/example_dags/example_sensors.py
[2024-03-26T21:10:24.966+0000] {processor.py:830} INFO - Processing file /home/airflow/.local/lib/python3.8/site-packages/airflow/example_dags/example_sensors.py for tasks to queue
[2024-03-26T21:10:24.973+0000] {logging_mixin.py:188} INFO - [2024-03-26T21:10:24.973+0000] {dagbag.py:540} INFO - Filling up the DagBag from /home/airflow/.local/lib/python3.8/site-packages/airflow/example_dags/example_sensors.py
[2024-03-26T21:10:25.013+0000] {processor.py:840} INFO - DAG(s) 'example_sensors' retrieved from /home/airflow/.local/lib/python3.8/site-packages/airflow/example_dags/example_sensors.py
[2024-03-26T21:10:25.096+0000] {logging_mixin.py:188} INFO - [2024-03-26T21:10:25.096+0000] {dag.py:3047} INFO - Sync 1 DAGs
[2024-03-26T21:10:25.136+0000] {logging_mixin.py:188} INFO - [2024-03-26T21:10:25.136+0000] {dag.py:3834} INFO - Setting next_dagrun for example_sensors to None, run_after=None
[2024-03-26T21:10:25.206+0000] {processor.py:183} INFO - Processing /home/airflow/.local/lib/python3.8/site-packages/airflow/example_dags/example_sensors.py took 0.251 seconds
[2024-03-26T21:10:56.103+0000] {processor.py:161} INFO - Started process (PID=3779) to work on /home/airflow/.local/lib/python3.8/site-packages/airflow/example_dags/example_sensors.py
[2024-03-26T21:10:56.110+0000] {processor.py:830} INFO - Processing file /home/airflow/.local/lib/python3.8/site-packages/airflow/example_dags/example_sensors.py for tasks to queue
[2024-03-26T21:10:56.112+0000] {logging_mixin.py:188} INFO - [2024-03-26T21:10:56.111+0000] {dagbag.py:540} INFO - Filling up the DagBag from /home/airflow/.local/lib/python3.8/site-packages/airflow/example_dags/example_sensors.py
[2024-03-26T21:10:56.141+0000] {processor.py:840} INFO - DAG(s) 'example_sensors' retrieved from /home/airflow/.local/lib/python3.8/site-packages/airflow/example_dags/example_sensors.py
[2024-03-26T21:10:56.241+0000] {logging_mixin.py:188} INFO - [2024-03-26T21:10:56.240+0000] {dag.py:3047} INFO - Sync 1 DAGs
[2024-03-26T21:10:56.290+0000] {logging_mixin.py:188} INFO - [2024-03-26T21:10:56.290+0000] {dag.py:3834} INFO - Setting next_dagrun for example_sensors to None, run_after=None
[2024-03-26T21:10:56.369+0000] {processor.py:183} INFO - Processing /home/airflow/.local/lib/python3.8/site-packages/airflow/example_dags/example_sensors.py took 0.270 seconds
[2024-03-26T21:11:26.881+0000] {processor.py:161} INFO - Started process (PID=4026) to work on /home/airflow/.local/lib/python3.8/site-packages/airflow/example_dags/example_sensors.py
[2024-03-26T21:11:26.890+0000] {processor.py:830} INFO - Processing file /home/airflow/.local/lib/python3.8/site-packages/airflow/example_dags/example_sensors.py for tasks to queue
[2024-03-26T21:11:26.893+0000] {logging_mixin.py:188} INFO - [2024-03-26T21:11:26.892+0000] {dagbag.py:540} INFO - Filling up the DagBag from /home/airflow/.local/lib/python3.8/site-packages/airflow/example_dags/example_sensors.py
[2024-03-26T21:11:26.941+0000] {processor.py:840} INFO - DAG(s) 'example_sensors' retrieved from /home/airflow/.local/lib/python3.8/site-packages/airflow/example_dags/example_sensors.py
[2024-03-26T21:11:27.050+0000] {logging_mixin.py:188} INFO - [2024-03-26T21:11:27.043+0000] {dag.py:3047} INFO - Sync 1 DAGs
[2024-03-26T21:11:27.102+0000] {logging_mixin.py:188} INFO - [2024-03-26T21:11:27.102+0000] {dag.py:3834} INFO - Setting next_dagrun for example_sensors to None, run_after=None
[2024-03-26T21:11:27.210+0000] {processor.py:183} INFO - Processing /home/airflow/.local/lib/python3.8/site-packages/airflow/example_dags/example_sensors.py took 0.350 seconds
[2024-03-26T21:11:57.515+0000] {processor.py:161} INFO - Started process (PID=4273) to work on /home/airflow/.local/lib/python3.8/site-packages/airflow/example_dags/example_sensors.py
[2024-03-26T21:11:57.518+0000] {processor.py:830} INFO - Processing file /home/airflow/.local/lib/python3.8/site-packages/airflow/example_dags/example_sensors.py for tasks to queue
[2024-03-26T21:11:57.526+0000] {logging_mixin.py:188} INFO - [2024-03-26T21:11:57.525+0000] {dagbag.py:540} INFO - Filling up the DagBag from /home/airflow/.local/lib/python3.8/site-packages/airflow/example_dags/example_sensors.py
[2024-03-26T21:11:57.566+0000] {processor.py:840} INFO - DAG(s) 'example_sensors' retrieved from /home/airflow/.local/lib/python3.8/site-packages/airflow/example_dags/example_sensors.py
[2024-03-26T21:11:57.676+0000] {logging_mixin.py:188} INFO - [2024-03-26T21:11:57.676+0000] {dag.py:3047} INFO - Sync 1 DAGs
[2024-03-26T21:11:57.726+0000] {logging_mixin.py:188} INFO - [2024-03-26T21:11:57.725+0000] {dag.py:3834} INFO - Setting next_dagrun for example_sensors to None, run_after=None
[2024-03-26T21:11:57.797+0000] {processor.py:183} INFO - Processing /home/airflow/.local/lib/python3.8/site-packages/airflow/example_dags/example_sensors.py took 0.302 seconds
[2024-03-26T21:12:28.397+0000] {processor.py:161} INFO - Started process (PID=4519) to work on /home/airflow/.local/lib/python3.8/site-packages/airflow/example_dags/example_sensors.py
[2024-03-26T21:12:28.398+0000] {processor.py:830} INFO - Processing file /home/airflow/.local/lib/python3.8/site-packages/airflow/example_dags/example_sensors.py for tasks to queue
[2024-03-26T21:12:28.406+0000] {logging_mixin.py:188} INFO - [2024-03-26T21:12:28.400+0000] {dagbag.py:540} INFO - Filling up the DagBag from /home/airflow/.local/lib/python3.8/site-packages/airflow/example_dags/example_sensors.py
[2024-03-26T21:12:28.458+0000] {processor.py:840} INFO - DAG(s) 'example_sensors' retrieved from /home/airflow/.local/lib/python3.8/site-packages/airflow/example_dags/example_sensors.py
[2024-03-26T21:12:28.576+0000] {logging_mixin.py:188} INFO - [2024-03-26T21:12:28.569+0000] {dag.py:3047} INFO - Sync 1 DAGs
[2024-03-26T21:12:28.629+0000] {logging_mixin.py:188} INFO - [2024-03-26T21:12:28.628+0000] {dag.py:3834} INFO - Setting next_dagrun for example_sensors to None, run_after=None
[2024-03-26T21:12:28.699+0000] {processor.py:183} INFO - Processing /home/airflow/.local/lib/python3.8/site-packages/airflow/example_dags/example_sensors.py took 0.320 seconds
[2024-03-26T21:12:58.964+0000] {processor.py:161} INFO - Started process (PID=4765) to work on /home/airflow/.local/lib/python3.8/site-packages/airflow/example_dags/example_sensors.py
[2024-03-26T21:12:58.982+0000] {processor.py:830} INFO - Processing file /home/airflow/.local/lib/python3.8/site-packages/airflow/example_dags/example_sensors.py for tasks to queue
[2024-03-26T21:12:58.984+0000] {logging_mixin.py:188} INFO - [2024-03-26T21:12:58.984+0000] {dagbag.py:540} INFO - Filling up the DagBag from /home/airflow/.local/lib/python3.8/site-packages/airflow/example_dags/example_sensors.py
[2024-03-26T21:12:59.035+0000] {processor.py:840} INFO - DAG(s) 'example_sensors' retrieved from /home/airflow/.local/lib/python3.8/site-packages/airflow/example_dags/example_sensors.py
[2024-03-26T21:12:59.135+0000] {logging_mixin.py:188} INFO - [2024-03-26T21:12:59.135+0000] {dag.py:3047} INFO - Sync 1 DAGs
[2024-03-26T21:12:59.193+0000] {logging_mixin.py:188} INFO - [2024-03-26T21:12:59.193+0000] {dag.py:3834} INFO - Setting next_dagrun for example_sensors to None, run_after=None
[2024-03-26T21:12:59.263+0000] {processor.py:183} INFO - Processing /home/airflow/.local/lib/python3.8/site-packages/airflow/example_dags/example_sensors.py took 0.319 seconds
[2024-03-26T21:13:29.972+0000] {processor.py:161} INFO - Started process (PID=5014) to work on /home/airflow/.local/lib/python3.8/site-packages/airflow/example_dags/example_sensors.py
[2024-03-26T21:13:29.974+0000] {processor.py:830} INFO - Processing file /home/airflow/.local/lib/python3.8/site-packages/airflow/example_dags/example_sensors.py for tasks to queue
[2024-03-26T21:13:29.976+0000] {logging_mixin.py:188} INFO - [2024-03-26T21:13:29.975+0000] {dagbag.py:540} INFO - Filling up the DagBag from /home/airflow/.local/lib/python3.8/site-packages/airflow/example_dags/example_sensors.py
[2024-03-26T21:13:30.014+0000] {processor.py:840} INFO - DAG(s) 'example_sensors' retrieved from /home/airflow/.local/lib/python3.8/site-packages/airflow/example_dags/example_sensors.py
[2024-03-26T21:13:30.104+0000] {logging_mixin.py:188} INFO - [2024-03-26T21:13:30.103+0000] {dag.py:3047} INFO - Sync 1 DAGs
[2024-03-26T21:13:30.153+0000] {logging_mixin.py:188} INFO - [2024-03-26T21:13:30.152+0000] {dag.py:3834} INFO - Setting next_dagrun for example_sensors to None, run_after=None
[2024-03-26T21:13:30.234+0000] {processor.py:183} INFO - Processing /home/airflow/.local/lib/python3.8/site-packages/airflow/example_dags/example_sensors.py took 0.278 seconds
[2024-03-26T21:14:01.300+0000] {processor.py:161} INFO - Started process (PID=5261) to work on /home/airflow/.local/lib/python3.8/site-packages/airflow/example_dags/example_sensors.py
[2024-03-26T21:14:01.308+0000] {processor.py:830} INFO - Processing file /home/airflow/.local/lib/python3.8/site-packages/airflow/example_dags/example_sensors.py for tasks to queue
[2024-03-26T21:14:01.310+0000] {logging_mixin.py:188} INFO - [2024-03-26T21:14:01.309+0000] {dagbag.py:540} INFO - Filling up the DagBag from /home/airflow/.local/lib/python3.8/site-packages/airflow/example_dags/example_sensors.py
[2024-03-26T21:14:01.350+0000] {processor.py:840} INFO - DAG(s) 'example_sensors' retrieved from /home/airflow/.local/lib/python3.8/site-packages/airflow/example_dags/example_sensors.py
[2024-03-26T21:14:01.461+0000] {logging_mixin.py:188} INFO - [2024-03-26T21:14:01.460+0000] {dag.py:3047} INFO - Sync 1 DAGs
[2024-03-26T21:14:01.510+0000] {logging_mixin.py:188} INFO - [2024-03-26T21:14:01.510+0000] {dag.py:3834} INFO - Setting next_dagrun for example_sensors to None, run_after=None
[2024-03-26T21:14:01.600+0000] {processor.py:183} INFO - Processing /home/airflow/.local/lib/python3.8/site-packages/airflow/example_dags/example_sensors.py took 0.311 seconds
[2024-03-26T21:14:32.211+0000] {processor.py:161} INFO - Started process (PID=5506) to work on /home/airflow/.local/lib/python3.8/site-packages/airflow/example_dags/example_sensors.py
[2024-03-26T21:14:32.212+0000] {processor.py:830} INFO - Processing file /home/airflow/.local/lib/python3.8/site-packages/airflow/example_dags/example_sensors.py for tasks to queue
[2024-03-26T21:14:32.220+0000] {logging_mixin.py:188} INFO - [2024-03-26T21:14:32.219+0000] {dagbag.py:540} INFO - Filling up the DagBag from /home/airflow/.local/lib/python3.8/site-packages/airflow/example_dags/example_sensors.py
[2024-03-26T21:14:32.271+0000] {processor.py:840} INFO - DAG(s) 'example_sensors' retrieved from /home/airflow/.local/lib/python3.8/site-packages/airflow/example_dags/example_sensors.py
[2024-03-26T21:14:32.379+0000] {logging_mixin.py:188} INFO - [2024-03-26T21:14:32.379+0000] {dag.py:3047} INFO - Sync 1 DAGs
[2024-03-26T21:14:32.429+0000] {logging_mixin.py:188} INFO - [2024-03-26T21:14:32.429+0000] {dag.py:3834} INFO - Setting next_dagrun for example_sensors to None, run_after=None
[2024-03-26T21:14:32.500+0000] {processor.py:183} INFO - Processing /home/airflow/.local/lib/python3.8/site-packages/airflow/example_dags/example_sensors.py took 0.301 seconds
[2024-03-26T21:15:02.934+0000] {processor.py:161} INFO - Started process (PID=5753) to work on /home/airflow/.local/lib/python3.8/site-packages/airflow/example_dags/example_sensors.py
[2024-03-26T21:15:02.936+0000] {processor.py:830} INFO - Processing file /home/airflow/.local/lib/python3.8/site-packages/airflow/example_dags/example_sensors.py for tasks to queue
[2024-03-26T21:15:02.944+0000] {logging_mixin.py:188} INFO - [2024-03-26T21:15:02.944+0000] {dagbag.py:540} INFO - Filling up the DagBag from /home/airflow/.local/lib/python3.8/site-packages/airflow/example_dags/example_sensors.py
[2024-03-26T21:15:02.987+0000] {processor.py:840} INFO - DAG(s) 'example_sensors' retrieved from /home/airflow/.local/lib/python3.8/site-packages/airflow/example_dags/example_sensors.py
[2024-03-26T21:15:03.116+0000] {logging_mixin.py:188} INFO - [2024-03-26T21:15:03.116+0000] {dag.py:3047} INFO - Sync 1 DAGs
[2024-03-26T21:15:03.166+0000] {logging_mixin.py:188} INFO - [2024-03-26T21:15:03.166+0000] {dag.py:3834} INFO - Setting next_dagrun for example_sensors to None, run_after=None
[2024-03-26T21:15:03.255+0000] {processor.py:183} INFO - Processing /home/airflow/.local/lib/python3.8/site-packages/airflow/example_dags/example_sensors.py took 0.350 seconds
[2024-03-26T21:15:34.025+0000] {processor.py:161} INFO - Started process (PID=5999) to work on /home/airflow/.local/lib/python3.8/site-packages/airflow/example_dags/example_sensors.py
[2024-03-26T21:15:34.027+0000] {processor.py:830} INFO - Processing file /home/airflow/.local/lib/python3.8/site-packages/airflow/example_dags/example_sensors.py for tasks to queue
[2024-03-26T21:15:34.035+0000] {logging_mixin.py:188} INFO - [2024-03-26T21:15:34.035+0000] {dagbag.py:540} INFO - Filling up the DagBag from /home/airflow/.local/lib/python3.8/site-packages/airflow/example_dags/example_sensors.py
[2024-03-26T21:15:34.075+0000] {processor.py:840} INFO - DAG(s) 'example_sensors' retrieved from /home/airflow/.local/lib/python3.8/site-packages/airflow/example_dags/example_sensors.py
[2024-03-26T21:15:34.206+0000] {logging_mixin.py:188} INFO - [2024-03-26T21:15:34.205+0000] {dag.py:3047} INFO - Sync 1 DAGs
[2024-03-26T21:15:34.255+0000] {logging_mixin.py:188} INFO - [2024-03-26T21:15:34.255+0000] {dag.py:3834} INFO - Setting next_dagrun for example_sensors to None, run_after=None
[2024-03-26T21:15:34.347+0000] {processor.py:183} INFO - Processing /home/airflow/.local/lib/python3.8/site-packages/airflow/example_dags/example_sensors.py took 0.340 seconds
[2024-03-26T21:16:04.904+0000] {processor.py:161} INFO - Started process (PID=6246) to work on /home/airflow/.local/lib/python3.8/site-packages/airflow/example_dags/example_sensors.py
[2024-03-26T21:16:04.905+0000] {processor.py:830} INFO - Processing file /home/airflow/.local/lib/python3.8/site-packages/airflow/example_dags/example_sensors.py for tasks to queue
[2024-03-26T21:16:04.914+0000] {logging_mixin.py:188} INFO - [2024-03-26T21:16:04.907+0000] {dagbag.py:540} INFO - Filling up the DagBag from /home/airflow/.local/lib/python3.8/site-packages/airflow/example_dags/example_sensors.py
[2024-03-26T21:16:04.954+0000] {processor.py:840} INFO - DAG(s) 'example_sensors' retrieved from /home/airflow/.local/lib/python3.8/site-packages/airflow/example_dags/example_sensors.py
[2024-03-26T21:16:05.096+0000] {logging_mixin.py:188} INFO - [2024-03-26T21:16:05.095+0000] {dag.py:3047} INFO - Sync 1 DAGs
[2024-03-26T21:16:05.155+0000] {logging_mixin.py:188} INFO - [2024-03-26T21:16:05.154+0000] {dag.py:3834} INFO - Setting next_dagrun for example_sensors to None, run_after=None
[2024-03-26T21:16:05.266+0000] {processor.py:183} INFO - Processing /home/airflow/.local/lib/python3.8/site-packages/airflow/example_dags/example_sensors.py took 0.380 seconds
[2024-03-26T21:21:09.877+0000] {processor.py:161} INFO - Started process (PID=324) to work on /home/airflow/.local/lib/python3.8/site-packages/airflow/example_dags/example_sensors.py
[2024-03-26T21:21:09.887+0000] {processor.py:830} INFO - Processing file /home/airflow/.local/lib/python3.8/site-packages/airflow/example_dags/example_sensors.py for tasks to queue
[2024-03-26T21:21:09.896+0000] {logging_mixin.py:188} INFO - [2024-03-26T21:21:09.896+0000] {dagbag.py:540} INFO - Filling up the DagBag from /home/airflow/.local/lib/python3.8/site-packages/airflow/example_dags/example_sensors.py
[2024-03-26T21:21:09.985+0000] {processor.py:840} INFO - DAG(s) 'example_sensors' retrieved from /home/airflow/.local/lib/python3.8/site-packages/airflow/example_dags/example_sensors.py
[2024-03-26T21:21:10.776+0000] {logging_mixin.py:188} INFO - [2024-03-26T21:21:10.776+0000] {dag.py:3047} INFO - Sync 1 DAGs
[2024-03-26T21:21:10.857+0000] {logging_mixin.py:188} INFO - [2024-03-26T21:21:10.857+0000] {dag.py:3834} INFO - Setting next_dagrun for example_sensors to None, run_after=None
[2024-03-26T21:21:11.027+0000] {processor.py:183} INFO - Processing /home/airflow/.local/lib/python3.8/site-packages/airflow/example_dags/example_sensors.py took 1.171 seconds
[2024-03-26T21:21:41.421+0000] {processor.py:161} INFO - Started process (PID=574) to work on /home/airflow/.local/lib/python3.8/site-packages/airflow/example_dags/example_sensors.py
[2024-03-26T21:21:41.431+0000] {processor.py:830} INFO - Processing file /home/airflow/.local/lib/python3.8/site-packages/airflow/example_dags/example_sensors.py for tasks to queue
[2024-03-26T21:21:41.440+0000] {logging_mixin.py:188} INFO - [2024-03-26T21:21:41.439+0000] {dagbag.py:540} INFO - Filling up the DagBag from /home/airflow/.local/lib/python3.8/site-packages/airflow/example_dags/example_sensors.py
[2024-03-26T21:21:41.491+0000] {processor.py:840} INFO - DAG(s) 'example_sensors' retrieved from /home/airflow/.local/lib/python3.8/site-packages/airflow/example_dags/example_sensors.py
[2024-03-26T21:21:41.641+0000] {logging_mixin.py:188} INFO - [2024-03-26T21:21:41.640+0000] {dag.py:3047} INFO - Sync 1 DAGs
[2024-03-26T21:21:41.709+0000] {logging_mixin.py:188} INFO - [2024-03-26T21:21:41.701+0000] {dag.py:3834} INFO - Setting next_dagrun for example_sensors to None, run_after=None
[2024-03-26T21:21:41.829+0000] {processor.py:183} INFO - Processing /home/airflow/.local/lib/python3.8/site-packages/airflow/example_dags/example_sensors.py took 0.428 seconds
[2024-03-26T21:22:12.103+0000] {processor.py:161} INFO - Started process (PID=820) to work on /home/airflow/.local/lib/python3.8/site-packages/airflow/example_dags/example_sensors.py
[2024-03-26T21:22:12.105+0000] {processor.py:830} INFO - Processing file /home/airflow/.local/lib/python3.8/site-packages/airflow/example_dags/example_sensors.py for tasks to queue
[2024-03-26T21:22:12.114+0000] {logging_mixin.py:188} INFO - [2024-03-26T21:22:12.113+0000] {dagbag.py:540} INFO - Filling up the DagBag from /home/airflow/.local/lib/python3.8/site-packages/airflow/example_dags/example_sensors.py
[2024-03-26T21:22:12.165+0000] {processor.py:840} INFO - DAG(s) 'example_sensors' retrieved from /home/airflow/.local/lib/python3.8/site-packages/airflow/example_dags/example_sensors.py
[2024-03-26T21:22:12.293+0000] {logging_mixin.py:188} INFO - [2024-03-26T21:22:12.285+0000] {dag.py:3047} INFO - Sync 1 DAGs
[2024-03-26T21:22:12.353+0000] {logging_mixin.py:188} INFO - [2024-03-26T21:22:12.345+0000] {dag.py:3834} INFO - Setting next_dagrun for example_sensors to None, run_after=None
[2024-03-26T21:22:12.455+0000] {processor.py:183} INFO - Processing /home/airflow/.local/lib/python3.8/site-packages/airflow/example_dags/example_sensors.py took 0.380 seconds
[2024-03-26T21:22:43.195+0000] {processor.py:161} INFO - Started process (PID=1067) to work on /home/airflow/.local/lib/python3.8/site-packages/airflow/example_dags/example_sensors.py
[2024-03-26T21:22:43.205+0000] {processor.py:830} INFO - Processing file /home/airflow/.local/lib/python3.8/site-packages/airflow/example_dags/example_sensors.py for tasks to queue
[2024-03-26T21:22:43.206+0000] {logging_mixin.py:188} INFO - [2024-03-26T21:22:43.206+0000] {dagbag.py:540} INFO - Filling up the DagBag from /home/airflow/.local/lib/python3.8/site-packages/airflow/example_dags/example_sensors.py
[2024-03-26T21:22:43.276+0000] {processor.py:840} INFO - DAG(s) 'example_sensors' retrieved from /home/airflow/.local/lib/python3.8/site-packages/airflow/example_dags/example_sensors.py
[2024-03-26T21:22:43.476+0000] {logging_mixin.py:188} INFO - [2024-03-26T21:22:43.475+0000] {dag.py:3047} INFO - Sync 1 DAGs
[2024-03-26T21:22:43.787+0000] {logging_mixin.py:188} INFO - [2024-03-26T21:22:43.786+0000] {dag.py:3834} INFO - Setting next_dagrun for example_sensors to None, run_after=None
[2024-03-26T21:22:44.205+0000] {processor.py:183} INFO - Processing /home/airflow/.local/lib/python3.8/site-packages/airflow/example_dags/example_sensors.py took 1.029 seconds
[2024-03-26T21:23:14.438+0000] {processor.py:161} INFO - Started process (PID=1314) to work on /home/airflow/.local/lib/python3.8/site-packages/airflow/example_dags/example_sensors.py
[2024-03-26T21:23:14.440+0000] {processor.py:830} INFO - Processing file /home/airflow/.local/lib/python3.8/site-packages/airflow/example_dags/example_sensors.py for tasks to queue
[2024-03-26T21:23:14.450+0000] {logging_mixin.py:188} INFO - [2024-03-26T21:23:14.450+0000] {dagbag.py:540} INFO - Filling up the DagBag from /home/airflow/.local/lib/python3.8/site-packages/airflow/example_dags/example_sensors.py
[2024-03-26T21:23:14.530+0000] {processor.py:840} INFO - DAG(s) 'example_sensors' retrieved from /home/airflow/.local/lib/python3.8/site-packages/airflow/example_dags/example_sensors.py
[2024-03-26T21:23:14.710+0000] {logging_mixin.py:188} INFO - [2024-03-26T21:23:14.709+0000] {dag.py:3047} INFO - Sync 1 DAGs
[2024-03-26T21:23:14.810+0000] {logging_mixin.py:188} INFO - [2024-03-26T21:23:14.809+0000] {dag.py:3834} INFO - Setting next_dagrun for example_sensors to None, run_after=None
[2024-03-26T21:23:14.999+0000] {processor.py:183} INFO - Processing /home/airflow/.local/lib/python3.8/site-packages/airflow/example_dags/example_sensors.py took 0.590 seconds
[2024-03-26T21:23:46.074+0000] {processor.py:161} INFO - Started process (PID=1561) to work on /home/airflow/.local/lib/python3.8/site-packages/airflow/example_dags/example_sensors.py
[2024-03-26T21:23:46.145+0000] {processor.py:830} INFO - Processing file /home/airflow/.local/lib/python3.8/site-packages/airflow/example_dags/example_sensors.py for tasks to queue
[2024-03-26T21:23:46.215+0000] {logging_mixin.py:188} INFO - [2024-03-26T21:23:46.214+0000] {dagbag.py:540} INFO - Filling up the DagBag from /home/airflow/.local/lib/python3.8/site-packages/airflow/example_dags/example_sensors.py
[2024-03-26T21:23:46.354+0000] {processor.py:840} INFO - DAG(s) 'example_sensors' retrieved from /home/airflow/.local/lib/python3.8/site-packages/airflow/example_dags/example_sensors.py
[2024-03-26T21:23:46.765+0000] {logging_mixin.py:188} INFO - [2024-03-26T21:23:46.764+0000] {dag.py:3047} INFO - Sync 1 DAGs
[2024-03-26T21:23:46.905+0000] {logging_mixin.py:188} INFO - [2024-03-26T21:23:46.904+0000] {dag.py:3834} INFO - Setting next_dagrun for example_sensors to None, run_after=None
[2024-03-26T21:23:47.064+0000] {processor.py:183} INFO - Processing /home/airflow/.local/lib/python3.8/site-packages/airflow/example_dags/example_sensors.py took 1.089 seconds
[2024-03-26T21:24:17.419+0000] {processor.py:161} INFO - Started process (PID=1808) to work on /home/airflow/.local/lib/python3.8/site-packages/airflow/example_dags/example_sensors.py
[2024-03-26T21:24:17.429+0000] {processor.py:830} INFO - Processing file /home/airflow/.local/lib/python3.8/site-packages/airflow/example_dags/example_sensors.py for tasks to queue
[2024-03-26T21:24:17.439+0000] {logging_mixin.py:188} INFO - [2024-03-26T21:24:17.438+0000] {dagbag.py:540} INFO - Filling up the DagBag from /home/airflow/.local/lib/python3.8/site-packages/airflow/example_dags/example_sensors.py
[2024-03-26T21:24:17.518+0000] {processor.py:840} INFO - DAG(s) 'example_sensors' retrieved from /home/airflow/.local/lib/python3.8/site-packages/airflow/example_dags/example_sensors.py
[2024-03-26T21:24:17.690+0000] {logging_mixin.py:188} INFO - [2024-03-26T21:24:17.689+0000] {dag.py:3047} INFO - Sync 1 DAGs
[2024-03-26T21:24:17.818+0000] {logging_mixin.py:188} INFO - [2024-03-26T21:24:17.810+0000] {dag.py:3834} INFO - Setting next_dagrun for example_sensors to None, run_after=None
[2024-03-26T21:24:18.009+0000] {processor.py:183} INFO - Processing /home/airflow/.local/lib/python3.8/site-packages/airflow/example_dags/example_sensors.py took 0.619 seconds
[2024-03-26T21:24:48.729+0000] {processor.py:161} INFO - Started process (PID=2055) to work on /home/airflow/.local/lib/python3.8/site-packages/airflow/example_dags/example_sensors.py
[2024-03-26T21:24:48.739+0000] {processor.py:830} INFO - Processing file /home/airflow/.local/lib/python3.8/site-packages/airflow/example_dags/example_sensors.py for tasks to queue
[2024-03-26T21:24:48.750+0000] {logging_mixin.py:188} INFO - [2024-03-26T21:24:48.741+0000] {dagbag.py:540} INFO - Filling up the DagBag from /home/airflow/.local/lib/python3.8/site-packages/airflow/example_dags/example_sensors.py
[2024-03-26T21:24:48.889+0000] {processor.py:840} INFO - DAG(s) 'example_sensors' retrieved from /home/airflow/.local/lib/python3.8/site-packages/airflow/example_dags/example_sensors.py
[2024-03-26T21:24:49.310+0000] {logging_mixin.py:188} INFO - [2024-03-26T21:24:49.309+0000] {dag.py:3047} INFO - Sync 1 DAGs
[2024-03-26T21:24:49.501+0000] {logging_mixin.py:188} INFO - [2024-03-26T21:24:49.500+0000] {dag.py:3834} INFO - Setting next_dagrun for example_sensors to None, run_after=None
[2024-03-26T21:24:49.890+0000] {processor.py:183} INFO - Processing /home/airflow/.local/lib/python3.8/site-packages/airflow/example_dags/example_sensors.py took 1.209 seconds
[2024-03-26T21:25:20.553+0000] {processor.py:161} INFO - Started process (PID=2309) to work on /home/airflow/.local/lib/python3.8/site-packages/airflow/example_dags/example_sensors.py
[2024-03-26T21:25:20.563+0000] {processor.py:830} INFO - Processing file /home/airflow/.local/lib/python3.8/site-packages/airflow/example_dags/example_sensors.py for tasks to queue
[2024-03-26T21:25:20.573+0000] {logging_mixin.py:188} INFO - [2024-03-26T21:25:20.572+0000] {dagbag.py:540} INFO - Filling up the DagBag from /home/airflow/.local/lib/python3.8/site-packages/airflow/example_dags/example_sensors.py
[2024-03-26T21:25:20.663+0000] {processor.py:840} INFO - DAG(s) 'example_sensors' retrieved from /home/airflow/.local/lib/python3.8/site-packages/airflow/example_dags/example_sensors.py
[2024-03-26T21:25:20.892+0000] {logging_mixin.py:188} INFO - [2024-03-26T21:25:20.883+0000] {dag.py:3047} INFO - Sync 1 DAGs
[2024-03-26T21:25:21.022+0000] {logging_mixin.py:188} INFO - [2024-03-26T21:25:21.021+0000] {dag.py:3834} INFO - Setting next_dagrun for example_sensors to None, run_after=None
[2024-03-26T21:25:21.262+0000] {processor.py:183} INFO - Processing /home/airflow/.local/lib/python3.8/site-packages/airflow/example_dags/example_sensors.py took 0.731 seconds
[2024-03-26T21:25:53.376+0000] {processor.py:161} INFO - Started process (PID=2559) to work on /home/airflow/.local/lib/python3.8/site-packages/airflow/example_dags/example_sensors.py
[2024-03-26T21:25:53.386+0000] {processor.py:830} INFO - Processing file /home/airflow/.local/lib/python3.8/site-packages/airflow/example_dags/example_sensors.py for tasks to queue
[2024-03-26T21:25:53.396+0000] {logging_mixin.py:188} INFO - [2024-03-26T21:25:53.396+0000] {dagbag.py:540} INFO - Filling up the DagBag from /home/airflow/.local/lib/python3.8/site-packages/airflow/example_dags/example_sensors.py
[2024-03-26T21:25:53.475+0000] {processor.py:840} INFO - DAG(s) 'example_sensors' retrieved from /home/airflow/.local/lib/python3.8/site-packages/airflow/example_dags/example_sensors.py
[2024-03-26T21:25:53.646+0000] {logging_mixin.py:188} INFO - [2024-03-26T21:25:53.646+0000] {dag.py:3047} INFO - Sync 1 DAGs
[2024-03-26T21:25:53.726+0000] {logging_mixin.py:188} INFO - [2024-03-26T21:25:53.726+0000] {dag.py:3834} INFO - Setting next_dagrun for example_sensors to None, run_after=None
[2024-03-26T21:25:53.916+0000] {processor.py:183} INFO - Processing /home/airflow/.local/lib/python3.8/site-packages/airflow/example_dags/example_sensors.py took 0.570 seconds
[2024-03-26T21:26:26.669+0000] {processor.py:161} INFO - Started process (PID=2807) to work on /home/airflow/.local/lib/python3.8/site-packages/airflow/example_dags/example_sensors.py
[2024-03-26T21:26:26.679+0000] {processor.py:830} INFO - Processing file /home/airflow/.local/lib/python3.8/site-packages/airflow/example_dags/example_sensors.py for tasks to queue
[2024-03-26T21:26:26.689+0000] {logging_mixin.py:188} INFO - [2024-03-26T21:26:26.680+0000] {dagbag.py:540} INFO - Filling up the DagBag from /home/airflow/.local/lib/python3.8/site-packages/airflow/example_dags/example_sensors.py
[2024-03-26T21:26:26.789+0000] {processor.py:840} INFO - DAG(s) 'example_sensors' retrieved from /home/airflow/.local/lib/python3.8/site-packages/airflow/example_dags/example_sensors.py
[2024-03-26T21:26:27.030+0000] {logging_mixin.py:188} INFO - [2024-03-26T21:26:27.030+0000] {dag.py:3047} INFO - Sync 1 DAGs
[2024-03-26T21:26:27.150+0000] {logging_mixin.py:188} INFO - [2024-03-26T21:26:27.150+0000] {dag.py:3834} INFO - Setting next_dagrun for example_sensors to None, run_after=None
[2024-03-26T21:26:27.420+0000] {processor.py:183} INFO - Processing /home/airflow/.local/lib/python3.8/site-packages/airflow/example_dags/example_sensors.py took 0.791 seconds
[2024-03-26T21:26:57.892+0000] {processor.py:161} INFO - Started process (PID=3052) to work on /home/airflow/.local/lib/python3.8/site-packages/airflow/example_dags/example_sensors.py
[2024-03-26T21:26:57.893+0000] {processor.py:830} INFO - Processing file /home/airflow/.local/lib/python3.8/site-packages/airflow/example_dags/example_sensors.py for tasks to queue
[2024-03-26T21:26:57.912+0000] {logging_mixin.py:188} INFO - [2024-03-26T21:26:57.903+0000] {dagbag.py:540} INFO - Filling up the DagBag from /home/airflow/.local/lib/python3.8/site-packages/airflow/example_dags/example_sensors.py
[2024-03-26T21:26:58.002+0000] {processor.py:840} INFO - DAG(s) 'example_sensors' retrieved from /home/airflow/.local/lib/python3.8/site-packages/airflow/example_dags/example_sensors.py
[2024-03-26T21:26:58.203+0000] {logging_mixin.py:188} INFO - [2024-03-26T21:26:58.202+0000] {dag.py:3047} INFO - Sync 1 DAGs
[2024-03-26T21:26:58.332+0000] {logging_mixin.py:188} INFO - [2024-03-26T21:26:58.323+0000] {dag.py:3834} INFO - Setting next_dagrun for example_sensors to None, run_after=None
[2024-03-26T21:26:58.502+0000] {processor.py:183} INFO - Processing /home/airflow/.local/lib/python3.8/site-packages/airflow/example_dags/example_sensors.py took 0.641 seconds
[2024-03-26T21:27:30.664+0000] {processor.py:161} INFO - Started process (PID=3300) to work on /home/airflow/.local/lib/python3.8/site-packages/airflow/example_dags/example_sensors.py
[2024-03-26T21:27:30.674+0000] {processor.py:830} INFO - Processing file /home/airflow/.local/lib/python3.8/site-packages/airflow/example_dags/example_sensors.py for tasks to queue
[2024-03-26T21:27:30.684+0000] {logging_mixin.py:188} INFO - [2024-03-26T21:27:30.683+0000] {dagbag.py:540} INFO - Filling up the DagBag from /home/airflow/.local/lib/python3.8/site-packages/airflow/example_dags/example_sensors.py
[2024-03-26T21:27:30.785+0000] {processor.py:840} INFO - DAG(s) 'example_sensors' retrieved from /home/airflow/.local/lib/python3.8/site-packages/airflow/example_dags/example_sensors.py
[2024-03-26T21:27:31.034+0000] {logging_mixin.py:188} INFO - [2024-03-26T21:27:31.033+0000] {dag.py:3047} INFO - Sync 1 DAGs
[2024-03-26T21:27:31.125+0000] {logging_mixin.py:188} INFO - [2024-03-26T21:27:31.124+0000] {dag.py:3834} INFO - Setting next_dagrun for example_sensors to None, run_after=None
[2024-03-26T21:27:31.344+0000] {processor.py:183} INFO - Processing /home/airflow/.local/lib/python3.8/site-packages/airflow/example_dags/example_sensors.py took 0.710 seconds
[2024-03-26T21:28:03.322+0000] {processor.py:161} INFO - Started process (PID=3546) to work on /home/airflow/.local/lib/python3.8/site-packages/airflow/example_dags/example_sensors.py
[2024-03-26T21:28:03.332+0000] {processor.py:830} INFO - Processing file /home/airflow/.local/lib/python3.8/site-packages/airflow/example_dags/example_sensors.py for tasks to queue
[2024-03-26T21:28:03.342+0000] {logging_mixin.py:188} INFO - [2024-03-26T21:28:03.342+0000] {dagbag.py:540} INFO - Filling up the DagBag from /home/airflow/.local/lib/python3.8/site-packages/airflow/example_dags/example_sensors.py
[2024-03-26T21:28:03.442+0000] {processor.py:840} INFO - DAG(s) 'example_sensors' retrieved from /home/airflow/.local/lib/python3.8/site-packages/airflow/example_dags/example_sensors.py
[2024-03-26T21:28:03.712+0000] {logging_mixin.py:188} INFO - [2024-03-26T21:28:03.712+0000] {dag.py:3047} INFO - Sync 1 DAGs
[2024-03-26T21:28:03.842+0000] {logging_mixin.py:188} INFO - [2024-03-26T21:28:03.842+0000] {dag.py:3834} INFO - Setting next_dagrun for example_sensors to None, run_after=None
[2024-03-26T21:28:04.072+0000] {processor.py:183} INFO - Processing /home/airflow/.local/lib/python3.8/site-packages/airflow/example_dags/example_sensors.py took 0.781 seconds
[2024-03-26T21:28:35.654+0000] {processor.py:161} INFO - Started process (PID=3787) to work on /home/airflow/.local/lib/python3.8/site-packages/airflow/example_dags/example_sensors.py
[2024-03-26T21:28:35.664+0000] {processor.py:830} INFO - Processing file /home/airflow/.local/lib/python3.8/site-packages/airflow/example_dags/example_sensors.py for tasks to queue
[2024-03-26T21:28:35.683+0000] {logging_mixin.py:188} INFO - [2024-03-26T21:28:35.674+0000] {dagbag.py:540} INFO - Filling up the DagBag from /home/airflow/.local/lib/python3.8/site-packages/airflow/example_dags/example_sensors.py
[2024-03-26T21:28:35.775+0000] {processor.py:840} INFO - DAG(s) 'example_sensors' retrieved from /home/airflow/.local/lib/python3.8/site-packages/airflow/example_dags/example_sensors.py
[2024-03-26T21:28:36.124+0000] {logging_mixin.py:188} INFO - [2024-03-26T21:28:36.115+0000] {dag.py:3047} INFO - Sync 1 DAGs
[2024-03-26T21:28:36.284+0000] {logging_mixin.py:188} INFO - [2024-03-26T21:28:36.275+0000] {dag.py:3834} INFO - Setting next_dagrun for example_sensors to None, run_after=None
[2024-03-26T21:28:36.535+0000] {processor.py:183} INFO - Processing /home/airflow/.local/lib/python3.8/site-packages/airflow/example_dags/example_sensors.py took 0.921 seconds
[2024-03-26T21:29:11.573+0000] {processor.py:161} INFO - Started process (PID=4036) to work on /home/airflow/.local/lib/python3.8/site-packages/airflow/example_dags/example_sensors.py
[2024-03-26T21:29:11.592+0000] {processor.py:830} INFO - Processing file /home/airflow/.local/lib/python3.8/site-packages/airflow/example_dags/example_sensors.py for tasks to queue
[2024-03-26T21:29:11.613+0000] {logging_mixin.py:188} INFO - [2024-03-26T21:29:11.612+0000] {dagbag.py:540} INFO - Filling up the DagBag from /home/airflow/.local/lib/python3.8/site-packages/airflow/example_dags/example_sensors.py
[2024-03-26T21:29:11.772+0000] {processor.py:840} INFO - DAG(s) 'example_sensors' retrieved from /home/airflow/.local/lib/python3.8/site-packages/airflow/example_dags/example_sensors.py
[2024-03-26T21:29:12.173+0000] {logging_mixin.py:188} INFO - [2024-03-26T21:29:12.172+0000] {dag.py:3047} INFO - Sync 1 DAGs
[2024-03-26T21:29:12.382+0000] {logging_mixin.py:188} INFO - [2024-03-26T21:29:12.382+0000] {dag.py:3834} INFO - Setting next_dagrun for example_sensors to None, run_after=None
[2024-03-26T21:29:12.653+0000] {processor.py:183} INFO - Processing /home/airflow/.local/lib/python3.8/site-packages/airflow/example_dags/example_sensors.py took 1.121 seconds
[2024-03-26T21:29:53.021+0000] {processor.py:161} INFO - Started process (PID=4281) to work on /home/airflow/.local/lib/python3.8/site-packages/airflow/example_dags/example_sensors.py
[2024-03-26T21:29:53.032+0000] {processor.py:830} INFO - Processing file /home/airflow/.local/lib/python3.8/site-packages/airflow/example_dags/example_sensors.py for tasks to queue
[2024-03-26T21:29:53.051+0000] {logging_mixin.py:188} INFO - [2024-03-26T21:29:53.042+0000] {dagbag.py:540} INFO - Filling up the DagBag from /home/airflow/.local/lib/python3.8/site-packages/airflow/example_dags/example_sensors.py
[2024-03-26T21:29:53.181+0000] {processor.py:840} INFO - DAG(s) 'example_sensors' retrieved from /home/airflow/.local/lib/python3.8/site-packages/airflow/example_dags/example_sensors.py
[2024-03-26T21:29:53.571+0000] {logging_mixin.py:188} INFO - [2024-03-26T21:29:53.562+0000] {dag.py:3047} INFO - Sync 1 DAGs
[2024-03-26T21:29:53.721+0000] {logging_mixin.py:188} INFO - [2024-03-26T21:29:53.721+0000] {dag.py:3834} INFO - Setting next_dagrun for example_sensors to None, run_after=None
[2024-03-26T21:29:53.941+0000] {processor.py:183} INFO - Processing /home/airflow/.local/lib/python3.8/site-packages/airflow/example_dags/example_sensors.py took 0.969 seconds
[2024-03-26T21:30:30.701+0000] {processor.py:161} INFO - Started process (PID=4535) to work on /home/airflow/.local/lib/python3.8/site-packages/airflow/example_dags/example_sensors.py
[2024-03-26T21:30:30.721+0000] {processor.py:830} INFO - Processing file /home/airflow/.local/lib/python3.8/site-packages/airflow/example_dags/example_sensors.py for tasks to queue
[2024-03-26T21:30:30.741+0000] {logging_mixin.py:188} INFO - [2024-03-26T21:30:30.731+0000] {dagbag.py:540} INFO - Filling up the DagBag from /home/airflow/.local/lib/python3.8/site-packages/airflow/example_dags/example_sensors.py
[2024-03-26T21:30:30.911+0000] {processor.py:840} INFO - DAG(s) 'example_sensors' retrieved from /home/airflow/.local/lib/python3.8/site-packages/airflow/example_dags/example_sensors.py
[2024-03-26T21:30:31.271+0000] {logging_mixin.py:188} INFO - [2024-03-26T21:30:31.271+0000] {dag.py:3047} INFO - Sync 1 DAGs
[2024-03-26T21:30:31.471+0000] {logging_mixin.py:188} INFO - [2024-03-26T21:30:31.462+0000] {dag.py:3834} INFO - Setting next_dagrun for example_sensors to None, run_after=None
[2024-03-26T21:30:31.781+0000] {processor.py:183} INFO - Processing /home/airflow/.local/lib/python3.8/site-packages/airflow/example_dags/example_sensors.py took 1.161 seconds
[2024-03-26T21:31:10.699+0000] {processor.py:161} INFO - Started process (PID=4789) to work on /home/airflow/.local/lib/python3.8/site-packages/airflow/example_dags/example_sensors.py
[2024-03-26T21:31:10.710+0000] {processor.py:830} INFO - Processing file /home/airflow/.local/lib/python3.8/site-packages/airflow/example_dags/example_sensors.py for tasks to queue
[2024-03-26T21:31:10.729+0000] {logging_mixin.py:188} INFO - [2024-03-26T21:31:10.729+0000] {dagbag.py:540} INFO - Filling up the DagBag from /home/airflow/.local/lib/python3.8/site-packages/airflow/example_dags/example_sensors.py
[2024-03-26T21:31:10.879+0000] {processor.py:840} INFO - DAG(s) 'example_sensors' retrieved from /home/airflow/.local/lib/python3.8/site-packages/airflow/example_dags/example_sensors.py
[2024-03-26T21:31:11.339+0000] {logging_mixin.py:188} INFO - [2024-03-26T21:31:11.339+0000] {dag.py:3047} INFO - Sync 1 DAGs
[2024-03-26T21:31:11.509+0000] {logging_mixin.py:188} INFO - [2024-03-26T21:31:11.499+0000] {dag.py:3834} INFO - Setting next_dagrun for example_sensors to None, run_after=None
[2024-03-26T21:31:11.840+0000] {processor.py:183} INFO - Processing /home/airflow/.local/lib/python3.8/site-packages/airflow/example_dags/example_sensors.py took 1.180 seconds
[2024-03-26T21:31:56.148+0000] {processor.py:161} INFO - Started process (PID=5057) to work on /home/airflow/.local/lib/python3.8/site-packages/airflow/example_dags/example_sensors.py
[2024-03-26T21:31:56.168+0000] {processor.py:830} INFO - Processing file /home/airflow/.local/lib/python3.8/site-packages/airflow/example_dags/example_sensors.py for tasks to queue
[2024-03-26T21:31:56.188+0000] {logging_mixin.py:188} INFO - [2024-03-26T21:31:56.179+0000] {dagbag.py:540} INFO - Filling up the DagBag from /home/airflow/.local/lib/python3.8/site-packages/airflow/example_dags/example_sensors.py
[2024-03-26T21:31:56.338+0000] {processor.py:840} INFO - DAG(s) 'example_sensors' retrieved from /home/airflow/.local/lib/python3.8/site-packages/airflow/example_dags/example_sensors.py
[2024-03-26T21:31:56.868+0000] {logging_mixin.py:188} INFO - [2024-03-26T21:31:56.848+0000] {dag.py:3047} INFO - Sync 1 DAGs
[2024-03-26T21:31:57.229+0000] {logging_mixin.py:188} INFO - [2024-03-26T21:31:57.228+0000] {dag.py:3834} INFO - Setting next_dagrun for example_sensors to None, run_after=None
[2024-03-26T21:31:57.648+0000] {processor.py:183} INFO - Processing /home/airflow/.local/lib/python3.8/site-packages/airflow/example_dags/example_sensors.py took 1.569 seconds
[2024-03-26T21:32:54.187+0000] {processor.py:161} INFO - Started process (PID=5308) to work on /home/airflow/.local/lib/python3.8/site-packages/airflow/example_dags/example_sensors.py
[2024-03-26T21:32:54.227+0000] {processor.py:830} INFO - Processing file /home/airflow/.local/lib/python3.8/site-packages/airflow/example_dags/example_sensors.py for tasks to queue
[2024-03-26T21:32:54.247+0000] {logging_mixin.py:188} INFO - [2024-03-26T21:32:54.247+0000] {dagbag.py:540} INFO - Filling up the DagBag from /home/airflow/.local/lib/python3.8/site-packages/airflow/example_dags/example_sensors.py
[2024-03-26T21:32:54.507+0000] {processor.py:840} INFO - DAG(s) 'example_sensors' retrieved from /home/airflow/.local/lib/python3.8/site-packages/airflow/example_dags/example_sensors.py
[2024-03-26T21:32:55.087+0000] {logging_mixin.py:188} INFO - [2024-03-26T21:32:55.077+0000] {dag.py:3047} INFO - Sync 1 DAGs
[2024-03-26T21:32:55.337+0000] {logging_mixin.py:188} INFO - [2024-03-26T21:32:55.337+0000] {dag.py:3834} INFO - Setting next_dagrun for example_sensors to None, run_after=None
[2024-03-26T21:32:55.717+0000] {processor.py:183} INFO - Processing /home/airflow/.local/lib/python3.8/site-packages/airflow/example_dags/example_sensors.py took 1.580 seconds
[2024-03-26T21:33:51.833+0000] {processor.py:161} INFO - Started process (PID=5525) to work on /home/airflow/.local/lib/python3.8/site-packages/airflow/example_dags/example_sensors.py
[2024-03-26T21:33:51.863+0000] {processor.py:830} INFO - Processing file /home/airflow/.local/lib/python3.8/site-packages/airflow/example_dags/example_sensors.py for tasks to queue
[2024-03-26T21:33:51.913+0000] {logging_mixin.py:188} INFO - [2024-03-26T21:33:51.903+0000] {dagbag.py:540} INFO - Filling up the DagBag from /home/airflow/.local/lib/python3.8/site-packages/airflow/example_dags/example_sensors.py
[2024-03-26T21:33:52.183+0000] {processor.py:840} INFO - DAG(s) 'example_sensors' retrieved from /home/airflow/.local/lib/python3.8/site-packages/airflow/example_dags/example_sensors.py
[2024-03-26T21:33:52.903+0000] {logging_mixin.py:188} INFO - [2024-03-26T21:33:52.893+0000] {dag.py:3047} INFO - Sync 1 DAGs
[2024-03-26T21:33:53.293+0000] {logging_mixin.py:188} INFO - [2024-03-26T21:33:53.293+0000] {dag.py:3834} INFO - Setting next_dagrun for example_sensors to None, run_after=None
[2024-03-26T21:33:54.093+0000] {processor.py:183} INFO - Processing /home/airflow/.local/lib/python3.8/site-packages/airflow/example_dags/example_sensors.py took 2.340 seconds
[2024-03-26T21:36:05.402+0000] {processor.py:161} INFO - Started process (PID=5858) to work on /home/airflow/.local/lib/python3.8/site-packages/airflow/example_dags/example_sensors.py
[2024-03-26T21:36:05.432+0000] {processor.py:830} INFO - Processing file /home/airflow/.local/lib/python3.8/site-packages/airflow/example_dags/example_sensors.py for tasks to queue
[2024-03-26T21:36:05.492+0000] {logging_mixin.py:188} INFO - [2024-03-26T21:36:05.482+0000] {dagbag.py:540} INFO - Filling up the DagBag from /home/airflow/.local/lib/python3.8/site-packages/airflow/example_dags/example_sensors.py
[2024-03-26T21:36:05.842+0000] {processor.py:840} INFO - DAG(s) 'example_sensors' retrieved from /home/airflow/.local/lib/python3.8/site-packages/airflow/example_dags/example_sensors.py
[2024-03-26T21:36:06.712+0000] {logging_mixin.py:188} INFO - [2024-03-26T21:36:06.702+0000] {dag.py:3047} INFO - Sync 1 DAGs
[2024-03-26T21:36:07.322+0000] {logging_mixin.py:188} INFO - [2024-03-26T21:36:07.312+0000] {dag.py:3834} INFO - Setting next_dagrun for example_sensors to None, run_after=None
[2024-03-26T21:36:08.368+0000] {processor.py:183} INFO - Processing /home/airflow/.local/lib/python3.8/site-packages/airflow/example_dags/example_sensors.py took 3.080 seconds
