[2024-03-26T21:03:51.779+0000] {processor.py:161} INFO - Started process (PID=362) to work on /home/airflow/.local/lib/python3.8/site-packages/airflow/example_dags/example_python_operator.py
[2024-03-26T21:03:51.781+0000] {processor.py:830} INFO - Processing file /home/airflow/.local/lib/python3.8/site-packages/airflow/example_dags/example_python_operator.py for tasks to queue
[2024-03-26T21:03:51.789+0000] {logging_mixin.py:188} INFO - [2024-03-26T21:03:51.788+0000] {dagbag.py:540} INFO - Filling up the DagBag from /home/airflow/.local/lib/python3.8/site-packages/airflow/example_dags/example_python_operator.py
[2024-03-26T21:03:51.840+0000] {processor.py:840} INFO - DAG(s) 'example_python_operator' retrieved from /home/airflow/.local/lib/python3.8/site-packages/airflow/example_dags/example_python_operator.py
[2024-03-26T21:03:52.479+0000] {logging_mixin.py:188} INFO - [2024-03-26T21:03:52.479+0000] {dag.py:3047} INFO - Sync 1 DAGs
[2024-03-26T21:03:52.599+0000] {logging_mixin.py:188} INFO - [2024-03-26T21:03:52.598+0000] {dag.py:3834} INFO - Setting next_dagrun for example_python_operator to None, run_after=None
[2024-03-26T21:03:52.749+0000] {processor.py:183} INFO - Processing /home/airflow/.local/lib/python3.8/site-packages/airflow/example_dags/example_python_operator.py took 0.982 seconds
[2024-03-26T21:04:23.547+0000] {processor.py:161} INFO - Started process (PID=609) to work on /home/airflow/.local/lib/python3.8/site-packages/airflow/example_dags/example_python_operator.py
[2024-03-26T21:04:23.548+0000] {processor.py:830} INFO - Processing file /home/airflow/.local/lib/python3.8/site-packages/airflow/example_dags/example_python_operator.py for tasks to queue
[2024-03-26T21:04:23.555+0000] {logging_mixin.py:188} INFO - [2024-03-26T21:04:23.555+0000] {dagbag.py:540} INFO - Filling up the DagBag from /home/airflow/.local/lib/python3.8/site-packages/airflow/example_dags/example_python_operator.py
[2024-03-26T21:04:23.588+0000] {processor.py:840} INFO - DAG(s) 'example_python_operator' retrieved from /home/airflow/.local/lib/python3.8/site-packages/airflow/example_dags/example_python_operator.py
[2024-03-26T21:04:23.657+0000] {logging_mixin.py:188} INFO - [2024-03-26T21:04:23.657+0000] {dag.py:3047} INFO - Sync 1 DAGs
[2024-03-26T21:04:23.705+0000] {logging_mixin.py:188} INFO - [2024-03-26T21:04:23.705+0000] {dag.py:3834} INFO - Setting next_dagrun for example_python_operator to None, run_after=None
[2024-03-26T21:04:23.784+0000] {processor.py:183} INFO - Processing /home/airflow/.local/lib/python3.8/site-packages/airflow/example_dags/example_python_operator.py took 0.247 seconds
[2024-03-26T21:04:54.005+0000] {processor.py:161} INFO - Started process (PID=856) to work on /home/airflow/.local/lib/python3.8/site-packages/airflow/example_dags/example_python_operator.py
[2024-03-26T21:04:54.021+0000] {processor.py:830} INFO - Processing file /home/airflow/.local/lib/python3.8/site-packages/airflow/example_dags/example_python_operator.py for tasks to queue
[2024-03-26T21:04:54.023+0000] {logging_mixin.py:188} INFO - [2024-03-26T21:04:54.023+0000] {dagbag.py:540} INFO - Filling up the DagBag from /home/airflow/.local/lib/python3.8/site-packages/airflow/example_dags/example_python_operator.py
[2024-03-26T21:04:54.064+0000] {processor.py:840} INFO - DAG(s) 'example_python_operator' retrieved from /home/airflow/.local/lib/python3.8/site-packages/airflow/example_dags/example_python_operator.py
[2024-03-26T21:04:54.142+0000] {logging_mixin.py:188} INFO - [2024-03-26T21:04:54.141+0000] {dag.py:3047} INFO - Sync 1 DAGs
[2024-03-26T21:04:54.181+0000] {logging_mixin.py:188} INFO - [2024-03-26T21:04:54.181+0000] {dag.py:3834} INFO - Setting next_dagrun for example_python_operator to None, run_after=None
[2024-03-26T21:04:54.235+0000] {processor.py:183} INFO - Processing /home/airflow/.local/lib/python3.8/site-packages/airflow/example_dags/example_python_operator.py took 0.241 seconds
[2024-03-26T21:05:24.362+0000] {processor.py:161} INFO - Started process (PID=1103) to work on /home/airflow/.local/lib/python3.8/site-packages/airflow/example_dags/example_python_operator.py
[2024-03-26T21:05:24.373+0000] {processor.py:830} INFO - Processing file /home/airflow/.local/lib/python3.8/site-packages/airflow/example_dags/example_python_operator.py for tasks to queue
[2024-03-26T21:05:24.380+0000] {logging_mixin.py:188} INFO - [2024-03-26T21:05:24.379+0000] {dagbag.py:540} INFO - Filling up the DagBag from /home/airflow/.local/lib/python3.8/site-packages/airflow/example_dags/example_python_operator.py
[2024-03-26T21:05:24.410+0000] {processor.py:840} INFO - DAG(s) 'example_python_operator' retrieved from /home/airflow/.local/lib/python3.8/site-packages/airflow/example_dags/example_python_operator.py
[2024-03-26T21:05:24.480+0000] {logging_mixin.py:188} INFO - [2024-03-26T21:05:24.479+0000] {dag.py:3047} INFO - Sync 1 DAGs
[2024-03-26T21:05:24.523+0000] {logging_mixin.py:188} INFO - [2024-03-26T21:05:24.523+0000] {dag.py:3834} INFO - Setting next_dagrun for example_python_operator to None, run_after=None
[2024-03-26T21:05:24.592+0000] {processor.py:183} INFO - Processing /home/airflow/.local/lib/python3.8/site-packages/airflow/example_dags/example_python_operator.py took 0.239 seconds
[2024-03-26T21:05:55.189+0000] {processor.py:161} INFO - Started process (PID=1351) to work on /home/airflow/.local/lib/python3.8/site-packages/airflow/example_dags/example_python_operator.py
[2024-03-26T21:05:55.190+0000] {processor.py:830} INFO - Processing file /home/airflow/.local/lib/python3.8/site-packages/airflow/example_dags/example_python_operator.py for tasks to queue
[2024-03-26T21:05:55.197+0000] {logging_mixin.py:188} INFO - [2024-03-26T21:05:55.196+0000] {dagbag.py:540} INFO - Filling up the DagBag from /home/airflow/.local/lib/python3.8/site-packages/airflow/example_dags/example_python_operator.py
[2024-03-26T21:05:55.220+0000] {processor.py:840} INFO - DAG(s) 'example_python_operator' retrieved from /home/airflow/.local/lib/python3.8/site-packages/airflow/example_dags/example_python_operator.py
[2024-03-26T21:05:55.297+0000] {logging_mixin.py:188} INFO - [2024-03-26T21:05:55.297+0000] {dag.py:3047} INFO - Sync 1 DAGs
[2024-03-26T21:05:55.329+0000] {logging_mixin.py:188} INFO - [2024-03-26T21:05:55.329+0000] {dag.py:3834} INFO - Setting next_dagrun for example_python_operator to None, run_after=None
[2024-03-26T21:05:55.398+0000] {processor.py:183} INFO - Processing /home/airflow/.local/lib/python3.8/site-packages/airflow/example_dags/example_python_operator.py took 0.218 seconds
[2024-03-26T21:06:26.285+0000] {processor.py:161} INFO - Started process (PID=1598) to work on /home/airflow/.local/lib/python3.8/site-packages/airflow/example_dags/example_python_operator.py
[2024-03-26T21:06:26.287+0000] {processor.py:830} INFO - Processing file /home/airflow/.local/lib/python3.8/site-packages/airflow/example_dags/example_python_operator.py for tasks to queue
[2024-03-26T21:06:26.294+0000] {logging_mixin.py:188} INFO - [2024-03-26T21:06:26.293+0000] {dagbag.py:540} INFO - Filling up the DagBag from /home/airflow/.local/lib/python3.8/site-packages/airflow/example_dags/example_python_operator.py
[2024-03-26T21:06:26.335+0000] {processor.py:840} INFO - DAG(s) 'example_python_operator' retrieved from /home/airflow/.local/lib/python3.8/site-packages/airflow/example_dags/example_python_operator.py
[2024-03-26T21:06:26.404+0000] {logging_mixin.py:188} INFO - [2024-03-26T21:06:26.404+0000] {dag.py:3047} INFO - Sync 1 DAGs
[2024-03-26T21:06:26.444+0000] {logging_mixin.py:188} INFO - [2024-03-26T21:06:26.444+0000] {dag.py:3834} INFO - Setting next_dagrun for example_python_operator to None, run_after=None
[2024-03-26T21:06:26.515+0000] {processor.py:183} INFO - Processing /home/airflow/.local/lib/python3.8/site-packages/airflow/example_dags/example_python_operator.py took 0.249 seconds
[2024-03-26T21:06:56.743+0000] {processor.py:161} INFO - Started process (PID=1843) to work on /home/airflow/.local/lib/python3.8/site-packages/airflow/example_dags/example_python_operator.py
[2024-03-26T21:06:56.745+0000] {processor.py:830} INFO - Processing file /home/airflow/.local/lib/python3.8/site-packages/airflow/example_dags/example_python_operator.py for tasks to queue
[2024-03-26T21:06:56.747+0000] {logging_mixin.py:188} INFO - [2024-03-26T21:06:56.747+0000] {dagbag.py:540} INFO - Filling up the DagBag from /home/airflow/.local/lib/python3.8/site-packages/airflow/example_dags/example_python_operator.py
[2024-03-26T21:06:56.787+0000] {processor.py:840} INFO - DAG(s) 'example_python_operator' retrieved from /home/airflow/.local/lib/python3.8/site-packages/airflow/example_dags/example_python_operator.py
[2024-03-26T21:06:56.864+0000] {logging_mixin.py:188} INFO - [2024-03-26T21:06:56.864+0000] {dag.py:3047} INFO - Sync 1 DAGs
[2024-03-26T21:06:56.912+0000] {logging_mixin.py:188} INFO - [2024-03-26T21:06:56.907+0000] {dag.py:3834} INFO - Setting next_dagrun for example_python_operator to None, run_after=None
[2024-03-26T21:06:56.983+0000] {processor.py:183} INFO - Processing /home/airflow/.local/lib/python3.8/site-packages/airflow/example_dags/example_python_operator.py took 0.256 seconds
[2024-03-26T21:07:27.413+0000] {processor.py:161} INFO - Started process (PID=2092) to work on /home/airflow/.local/lib/python3.8/site-packages/airflow/example_dags/example_python_operator.py
[2024-03-26T21:07:27.414+0000] {processor.py:830} INFO - Processing file /home/airflow/.local/lib/python3.8/site-packages/airflow/example_dags/example_python_operator.py for tasks to queue
[2024-03-26T21:07:27.415+0000] {logging_mixin.py:188} INFO - [2024-03-26T21:07:27.415+0000] {dagbag.py:540} INFO - Filling up the DagBag from /home/airflow/.local/lib/python3.8/site-packages/airflow/example_dags/example_python_operator.py
[2024-03-26T21:07:27.453+0000] {processor.py:840} INFO - DAG(s) 'example_python_operator' retrieved from /home/airflow/.local/lib/python3.8/site-packages/airflow/example_dags/example_python_operator.py
[2024-03-26T21:07:27.522+0000] {logging_mixin.py:188} INFO - [2024-03-26T21:07:27.522+0000] {dag.py:3047} INFO - Sync 1 DAGs
[2024-03-26T21:07:27.562+0000] {logging_mixin.py:188} INFO - [2024-03-26T21:07:27.561+0000] {dag.py:3834} INFO - Setting next_dagrun for example_python_operator to None, run_after=None
[2024-03-26T21:07:27.623+0000] {processor.py:183} INFO - Processing /home/airflow/.local/lib/python3.8/site-packages/airflow/example_dags/example_python_operator.py took 0.220 seconds
[2024-03-26T21:07:57.844+0000] {processor.py:161} INFO - Started process (PID=2338) to work on /home/airflow/.local/lib/python3.8/site-packages/airflow/example_dags/example_python_operator.py
[2024-03-26T21:07:57.852+0000] {processor.py:830} INFO - Processing file /home/airflow/.local/lib/python3.8/site-packages/airflow/example_dags/example_python_operator.py for tasks to queue
[2024-03-26T21:07:57.854+0000] {logging_mixin.py:188} INFO - [2024-03-26T21:07:57.854+0000] {dagbag.py:540} INFO - Filling up the DagBag from /home/airflow/.local/lib/python3.8/site-packages/airflow/example_dags/example_python_operator.py
[2024-03-26T21:07:57.894+0000] {processor.py:840} INFO - DAG(s) 'example_python_operator' retrieved from /home/airflow/.local/lib/python3.8/site-packages/airflow/example_dags/example_python_operator.py
[2024-03-26T21:07:57.973+0000] {logging_mixin.py:188} INFO - [2024-03-26T21:07:57.972+0000] {dag.py:3047} INFO - Sync 1 DAGs
[2024-03-26T21:07:58.005+0000] {logging_mixin.py:188} INFO - [2024-03-26T21:07:58.005+0000] {dag.py:3834} INFO - Setting next_dagrun for example_python_operator to None, run_after=None
[2024-03-26T21:07:58.066+0000] {processor.py:183} INFO - Processing /home/airflow/.local/lib/python3.8/site-packages/airflow/example_dags/example_python_operator.py took 0.233 seconds
[2024-03-26T21:08:28.550+0000] {processor.py:161} INFO - Started process (PID=2585) to work on /home/airflow/.local/lib/python3.8/site-packages/airflow/example_dags/example_python_operator.py
[2024-03-26T21:08:28.552+0000] {processor.py:830} INFO - Processing file /home/airflow/.local/lib/python3.8/site-packages/airflow/example_dags/example_python_operator.py for tasks to queue
[2024-03-26T21:08:28.559+0000] {logging_mixin.py:188} INFO - [2024-03-26T21:08:28.558+0000] {dagbag.py:540} INFO - Filling up the DagBag from /home/airflow/.local/lib/python3.8/site-packages/airflow/example_dags/example_python_operator.py
[2024-03-26T21:08:28.590+0000] {processor.py:840} INFO - DAG(s) 'example_python_operator' retrieved from /home/airflow/.local/lib/python3.8/site-packages/airflow/example_dags/example_python_operator.py
[2024-03-26T21:08:28.660+0000] {logging_mixin.py:188} INFO - [2024-03-26T21:08:28.660+0000] {dag.py:3047} INFO - Sync 1 DAGs
[2024-03-26T21:08:28.699+0000] {logging_mixin.py:188} INFO - [2024-03-26T21:08:28.699+0000] {dag.py:3834} INFO - Setting next_dagrun for example_python_operator to None, run_after=None
[2024-03-26T21:08:28.751+0000] {processor.py:183} INFO - Processing /home/airflow/.local/lib/python3.8/site-packages/airflow/example_dags/example_python_operator.py took 0.211 seconds
[2024-03-26T21:08:59.427+0000] {processor.py:161} INFO - Started process (PID=2832) to work on /home/airflow/.local/lib/python3.8/site-packages/airflow/example_dags/example_python_operator.py
[2024-03-26T21:08:59.428+0000] {processor.py:830} INFO - Processing file /home/airflow/.local/lib/python3.8/site-packages/airflow/example_dags/example_python_operator.py for tasks to queue
[2024-03-26T21:08:59.429+0000] {logging_mixin.py:188} INFO - [2024-03-26T21:08:59.429+0000] {dagbag.py:540} INFO - Filling up the DagBag from /home/airflow/.local/lib/python3.8/site-packages/airflow/example_dags/example_python_operator.py
[2024-03-26T21:08:59.460+0000] {processor.py:840} INFO - DAG(s) 'example_python_operator' retrieved from /home/airflow/.local/lib/python3.8/site-packages/airflow/example_dags/example_python_operator.py
[2024-03-26T21:08:59.529+0000] {logging_mixin.py:188} INFO - [2024-03-26T21:08:59.529+0000] {dag.py:3047} INFO - Sync 1 DAGs
[2024-03-26T21:08:59.569+0000] {logging_mixin.py:188} INFO - [2024-03-26T21:08:59.568+0000] {dag.py:3834} INFO - Setting next_dagrun for example_python_operator to None, run_after=None
[2024-03-26T21:08:59.648+0000] {processor.py:183} INFO - Processing /home/airflow/.local/lib/python3.8/site-packages/airflow/example_dags/example_python_operator.py took 0.231 seconds
[2024-03-26T21:09:30.250+0000] {processor.py:161} INFO - Started process (PID=3078) to work on /home/airflow/.local/lib/python3.8/site-packages/airflow/example_dags/example_python_operator.py
[2024-03-26T21:09:30.258+0000] {processor.py:830} INFO - Processing file /home/airflow/.local/lib/python3.8/site-packages/airflow/example_dags/example_python_operator.py for tasks to queue
[2024-03-26T21:09:30.266+0000] {logging_mixin.py:188} INFO - [2024-03-26T21:09:30.260+0000] {dagbag.py:540} INFO - Filling up the DagBag from /home/airflow/.local/lib/python3.8/site-packages/airflow/example_dags/example_python_operator.py
[2024-03-26T21:09:30.316+0000] {processor.py:840} INFO - DAG(s) 'example_python_operator' retrieved from /home/airflow/.local/lib/python3.8/site-packages/airflow/example_dags/example_python_operator.py
[2024-03-26T21:09:30.397+0000] {logging_mixin.py:188} INFO - [2024-03-26T21:09:30.396+0000] {dag.py:3047} INFO - Sync 1 DAGs
[2024-03-26T21:09:30.437+0000] {logging_mixin.py:188} INFO - [2024-03-26T21:09:30.437+0000] {dag.py:3834} INFO - Setting next_dagrun for example_python_operator to None, run_after=None
[2024-03-26T21:09:30.508+0000] {processor.py:183} INFO - Processing /home/airflow/.local/lib/python3.8/site-packages/airflow/example_dags/example_python_operator.py took 0.270 seconds
[2024-03-26T21:10:01.126+0000] {processor.py:161} INFO - Started process (PID=3326) to work on /home/airflow/.local/lib/python3.8/site-packages/airflow/example_dags/example_python_operator.py
[2024-03-26T21:10:01.134+0000] {processor.py:830} INFO - Processing file /home/airflow/.local/lib/python3.8/site-packages/airflow/example_dags/example_python_operator.py for tasks to queue
[2024-03-26T21:10:01.137+0000] {logging_mixin.py:188} INFO - [2024-03-26T21:10:01.136+0000] {dagbag.py:540} INFO - Filling up the DagBag from /home/airflow/.local/lib/python3.8/site-packages/airflow/example_dags/example_python_operator.py
[2024-03-26T21:10:01.188+0000] {processor.py:840} INFO - DAG(s) 'example_python_operator' retrieved from /home/airflow/.local/lib/python3.8/site-packages/airflow/example_dags/example_python_operator.py
[2024-03-26T21:10:01.306+0000] {logging_mixin.py:188} INFO - [2024-03-26T21:10:01.305+0000] {dag.py:3047} INFO - Sync 1 DAGs
[2024-03-26T21:10:01.426+0000] {logging_mixin.py:188} INFO - [2024-03-26T21:10:01.425+0000] {dag.py:3834} INFO - Setting next_dagrun for example_python_operator to None, run_after=None
[2024-03-26T21:10:01.555+0000] {processor.py:183} INFO - Processing /home/airflow/.local/lib/python3.8/site-packages/airflow/example_dags/example_python_operator.py took 0.458 seconds
[2024-03-26T21:10:32.294+0000] {processor.py:161} INFO - Started process (PID=3573) to work on /home/airflow/.local/lib/python3.8/site-packages/airflow/example_dags/example_python_operator.py
[2024-03-26T21:10:32.296+0000] {processor.py:830} INFO - Processing file /home/airflow/.local/lib/python3.8/site-packages/airflow/example_dags/example_python_operator.py for tasks to queue
[2024-03-26T21:10:32.303+0000] {logging_mixin.py:188} INFO - [2024-03-26T21:10:32.303+0000] {dagbag.py:540} INFO - Filling up the DagBag from /home/airflow/.local/lib/python3.8/site-packages/airflow/example_dags/example_python_operator.py
[2024-03-26T21:10:32.352+0000] {processor.py:840} INFO - DAG(s) 'example_python_operator' retrieved from /home/airflow/.local/lib/python3.8/site-packages/airflow/example_dags/example_python_operator.py
[2024-03-26T21:10:32.433+0000] {logging_mixin.py:188} INFO - [2024-03-26T21:10:32.433+0000] {dag.py:3047} INFO - Sync 1 DAGs
[2024-03-26T21:10:32.474+0000] {logging_mixin.py:188} INFO - [2024-03-26T21:10:32.474+0000] {dag.py:3834} INFO - Setting next_dagrun for example_python_operator to None, run_after=None
[2024-03-26T21:10:32.553+0000] {processor.py:183} INFO - Processing /home/airflow/.local/lib/python3.8/site-packages/airflow/example_dags/example_python_operator.py took 0.269 seconds
[2024-03-26T21:11:02.709+0000] {processor.py:161} INFO - Started process (PID=3820) to work on /home/airflow/.local/lib/python3.8/site-packages/airflow/example_dags/example_python_operator.py
[2024-03-26T21:11:02.711+0000] {processor.py:830} INFO - Processing file /home/airflow/.local/lib/python3.8/site-packages/airflow/example_dags/example_python_operator.py for tasks to queue
[2024-03-26T21:11:02.712+0000] {logging_mixin.py:188} INFO - [2024-03-26T21:11:02.712+0000] {dagbag.py:540} INFO - Filling up the DagBag from /home/airflow/.local/lib/python3.8/site-packages/airflow/example_dags/example_python_operator.py
[2024-03-26T21:11:02.750+0000] {processor.py:840} INFO - DAG(s) 'example_python_operator' retrieved from /home/airflow/.local/lib/python3.8/site-packages/airflow/example_dags/example_python_operator.py
[2024-03-26T21:11:02.812+0000] {logging_mixin.py:188} INFO - [2024-03-26T21:11:02.812+0000] {dag.py:3047} INFO - Sync 1 DAGs
[2024-03-26T21:11:02.872+0000] {logging_mixin.py:188} INFO - [2024-03-26T21:11:02.872+0000] {dag.py:3834} INFO - Setting next_dagrun for example_python_operator to None, run_after=None
[2024-03-26T21:11:02.952+0000] {processor.py:183} INFO - Processing /home/airflow/.local/lib/python3.8/site-packages/airflow/example_dags/example_python_operator.py took 0.259 seconds
[2024-03-26T21:11:33.681+0000] {processor.py:161} INFO - Started process (PID=4067) to work on /home/airflow/.local/lib/python3.8/site-packages/airflow/example_dags/example_python_operator.py
[2024-03-26T21:11:33.682+0000] {processor.py:830} INFO - Processing file /home/airflow/.local/lib/python3.8/site-packages/airflow/example_dags/example_python_operator.py for tasks to queue
[2024-03-26T21:11:33.683+0000] {logging_mixin.py:188} INFO - [2024-03-26T21:11:33.683+0000] {dagbag.py:540} INFO - Filling up the DagBag from /home/airflow/.local/lib/python3.8/site-packages/airflow/example_dags/example_python_operator.py
[2024-03-26T21:11:33.721+0000] {processor.py:840} INFO - DAG(s) 'example_python_operator' retrieved from /home/airflow/.local/lib/python3.8/site-packages/airflow/example_dags/example_python_operator.py
[2024-03-26T21:11:33.801+0000] {logging_mixin.py:188} INFO - [2024-03-26T21:11:33.801+0000] {dag.py:3047} INFO - Sync 1 DAGs
[2024-03-26T21:11:33.853+0000] {logging_mixin.py:188} INFO - [2024-03-26T21:11:33.852+0000] {dag.py:3834} INFO - Setting next_dagrun for example_python_operator to None, run_after=None
[2024-03-26T21:11:33.930+0000] {processor.py:183} INFO - Processing /home/airflow/.local/lib/python3.8/site-packages/airflow/example_dags/example_python_operator.py took 0.259 seconds
[2024-03-26T21:12:04.607+0000] {processor.py:161} INFO - Started process (PID=4314) to work on /home/airflow/.local/lib/python3.8/site-packages/airflow/example_dags/example_python_operator.py
[2024-03-26T21:12:04.615+0000] {processor.py:830} INFO - Processing file /home/airflow/.local/lib/python3.8/site-packages/airflow/example_dags/example_python_operator.py for tasks to queue
[2024-03-26T21:12:04.617+0000] {logging_mixin.py:188} INFO - [2024-03-26T21:12:04.617+0000] {dagbag.py:540} INFO - Filling up the DagBag from /home/airflow/.local/lib/python3.8/site-packages/airflow/example_dags/example_python_operator.py
[2024-03-26T21:12:04.666+0000] {processor.py:840} INFO - DAG(s) 'example_python_operator' retrieved from /home/airflow/.local/lib/python3.8/site-packages/airflow/example_dags/example_python_operator.py
[2024-03-26T21:12:04.756+0000] {logging_mixin.py:188} INFO - [2024-03-26T21:12:04.755+0000] {dag.py:3047} INFO - Sync 1 DAGs
[2024-03-26T21:12:04.817+0000] {logging_mixin.py:188} INFO - [2024-03-26T21:12:04.817+0000] {dag.py:3834} INFO - Setting next_dagrun for example_python_operator to None, run_after=None
[2024-03-26T21:12:04.897+0000] {processor.py:183} INFO - Processing /home/airflow/.local/lib/python3.8/site-packages/airflow/example_dags/example_python_operator.py took 0.301 seconds
[2024-03-26T21:12:35.518+0000] {processor.py:161} INFO - Started process (PID=4561) to work on /home/airflow/.local/lib/python3.8/site-packages/airflow/example_dags/example_python_operator.py
[2024-03-26T21:12:35.526+0000] {processor.py:830} INFO - Processing file /home/airflow/.local/lib/python3.8/site-packages/airflow/example_dags/example_python_operator.py for tasks to queue
[2024-03-26T21:12:35.529+0000] {logging_mixin.py:188} INFO - [2024-03-26T21:12:35.528+0000] {dagbag.py:540} INFO - Filling up the DagBag from /home/airflow/.local/lib/python3.8/site-packages/airflow/example_dags/example_python_operator.py
[2024-03-26T21:12:35.626+0000] {processor.py:840} INFO - DAG(s) 'example_python_operator' retrieved from /home/airflow/.local/lib/python3.8/site-packages/airflow/example_dags/example_python_operator.py
[2024-03-26T21:12:35.788+0000] {logging_mixin.py:188} INFO - [2024-03-26T21:12:35.787+0000] {dag.py:3047} INFO - Sync 1 DAGs
[2024-03-26T21:12:35.858+0000] {logging_mixin.py:188} INFO - [2024-03-26T21:12:35.857+0000] {dag.py:3834} INFO - Setting next_dagrun for example_python_operator to None, run_after=None
[2024-03-26T21:12:35.988+0000] {processor.py:183} INFO - Processing /home/airflow/.local/lib/python3.8/site-packages/airflow/example_dags/example_python_operator.py took 0.499 seconds
[2024-03-26T21:13:06.764+0000] {processor.py:161} INFO - Started process (PID=4814) to work on /home/airflow/.local/lib/python3.8/site-packages/airflow/example_dags/example_python_operator.py
[2024-03-26T21:13:06.772+0000] {processor.py:830} INFO - Processing file /home/airflow/.local/lib/python3.8/site-packages/airflow/example_dags/example_python_operator.py for tasks to queue
[2024-03-26T21:13:06.773+0000] {logging_mixin.py:188} INFO - [2024-03-26T21:13:06.773+0000] {dagbag.py:540} INFO - Filling up the DagBag from /home/airflow/.local/lib/python3.8/site-packages/airflow/example_dags/example_python_operator.py
[2024-03-26T21:13:06.835+0000] {processor.py:840} INFO - DAG(s) 'example_python_operator' retrieved from /home/airflow/.local/lib/python3.8/site-packages/airflow/example_dags/example_python_operator.py
[2024-03-26T21:13:06.924+0000] {logging_mixin.py:188} INFO - [2024-03-26T21:13:06.923+0000] {dag.py:3047} INFO - Sync 1 DAGs
[2024-03-26T21:13:06.965+0000] {logging_mixin.py:188} INFO - [2024-03-26T21:13:06.964+0000] {dag.py:3834} INFO - Setting next_dagrun for example_python_operator to None, run_after=None
[2024-03-26T21:13:07.053+0000] {processor.py:183} INFO - Processing /home/airflow/.local/lib/python3.8/site-packages/airflow/example_dags/example_python_operator.py took 0.300 seconds
[2024-03-26T21:13:38.018+0000] {processor.py:161} INFO - Started process (PID=5060) to work on /home/airflow/.local/lib/python3.8/site-packages/airflow/example_dags/example_python_operator.py
[2024-03-26T21:13:38.020+0000] {processor.py:830} INFO - Processing file /home/airflow/.local/lib/python3.8/site-packages/airflow/example_dags/example_python_operator.py for tasks to queue
[2024-03-26T21:13:38.028+0000] {logging_mixin.py:188} INFO - [2024-03-26T21:13:38.021+0000] {dagbag.py:540} INFO - Filling up the DagBag from /home/airflow/.local/lib/python3.8/site-packages/airflow/example_dags/example_python_operator.py
[2024-03-26T21:13:38.061+0000] {processor.py:840} INFO - DAG(s) 'example_python_operator' retrieved from /home/airflow/.local/lib/python3.8/site-packages/airflow/example_dags/example_python_operator.py
[2024-03-26T21:13:38.160+0000] {logging_mixin.py:188} INFO - [2024-03-26T21:13:38.160+0000] {dag.py:3047} INFO - Sync 1 DAGs
[2024-03-26T21:13:38.211+0000] {logging_mixin.py:188} INFO - [2024-03-26T21:13:38.211+0000] {dag.py:3834} INFO - Setting next_dagrun for example_python_operator to None, run_after=None
[2024-03-26T21:13:38.279+0000] {processor.py:183} INFO - Processing /home/airflow/.local/lib/python3.8/site-packages/airflow/example_dags/example_python_operator.py took 0.279 seconds
[2024-03-26T21:14:09.240+0000] {processor.py:161} INFO - Started process (PID=5308) to work on /home/airflow/.local/lib/python3.8/site-packages/airflow/example_dags/example_python_operator.py
[2024-03-26T21:14:09.241+0000] {processor.py:830} INFO - Processing file /home/airflow/.local/lib/python3.8/site-packages/airflow/example_dags/example_python_operator.py for tasks to queue
[2024-03-26T21:14:09.243+0000] {logging_mixin.py:188} INFO - [2024-03-26T21:14:09.242+0000] {dagbag.py:540} INFO - Filling up the DagBag from /home/airflow/.local/lib/python3.8/site-packages/airflow/example_dags/example_python_operator.py
[2024-03-26T21:14:09.301+0000] {processor.py:840} INFO - DAG(s) 'example_python_operator' retrieved from /home/airflow/.local/lib/python3.8/site-packages/airflow/example_dags/example_python_operator.py
[2024-03-26T21:14:09.382+0000] {logging_mixin.py:188} INFO - [2024-03-26T21:14:09.382+0000] {dag.py:3047} INFO - Sync 1 DAGs
[2024-03-26T21:14:09.433+0000] {logging_mixin.py:188} INFO - [2024-03-26T21:14:09.432+0000] {dag.py:3834} INFO - Setting next_dagrun for example_python_operator to None, run_after=None
[2024-03-26T21:14:09.509+0000] {processor.py:183} INFO - Processing /home/airflow/.local/lib/python3.8/site-packages/airflow/example_dags/example_python_operator.py took 0.280 seconds
[2024-03-26T21:14:39.994+0000] {processor.py:161} INFO - Started process (PID=5553) to work on /home/airflow/.local/lib/python3.8/site-packages/airflow/example_dags/example_python_operator.py
[2024-03-26T21:14:39.996+0000] {processor.py:830} INFO - Processing file /home/airflow/.local/lib/python3.8/site-packages/airflow/example_dags/example_python_operator.py for tasks to queue
[2024-03-26T21:14:40.004+0000] {logging_mixin.py:188} INFO - [2024-03-26T21:14:39.997+0000] {dagbag.py:540} INFO - Filling up the DagBag from /home/airflow/.local/lib/python3.8/site-packages/airflow/example_dags/example_python_operator.py
[2024-03-26T21:14:40.056+0000] {processor.py:840} INFO - DAG(s) 'example_python_operator' retrieved from /home/airflow/.local/lib/python3.8/site-packages/airflow/example_dags/example_python_operator.py
[2024-03-26T21:14:40.157+0000] {logging_mixin.py:188} INFO - [2024-03-26T21:14:40.157+0000] {dag.py:3047} INFO - Sync 1 DAGs
[2024-03-26T21:14:40.205+0000] {logging_mixin.py:188} INFO - [2024-03-26T21:14:40.205+0000] {dag.py:3834} INFO - Setting next_dagrun for example_python_operator to None, run_after=None
[2024-03-26T21:14:40.277+0000] {processor.py:183} INFO - Processing /home/airflow/.local/lib/python3.8/site-packages/airflow/example_dags/example_python_operator.py took 0.300 seconds
[2024-03-26T21:15:11.175+0000] {processor.py:161} INFO - Started process (PID=5799) to work on /home/airflow/.local/lib/python3.8/site-packages/airflow/example_dags/example_python_operator.py
[2024-03-26T21:15:11.178+0000] {processor.py:830} INFO - Processing file /home/airflow/.local/lib/python3.8/site-packages/airflow/example_dags/example_python_operator.py for tasks to queue
[2024-03-26T21:15:11.186+0000] {logging_mixin.py:188} INFO - [2024-03-26T21:15:11.186+0000] {dagbag.py:540} INFO - Filling up the DagBag from /home/airflow/.local/lib/python3.8/site-packages/airflow/example_dags/example_python_operator.py
[2024-03-26T21:15:11.236+0000] {processor.py:840} INFO - DAG(s) 'example_python_operator' retrieved from /home/airflow/.local/lib/python3.8/site-packages/airflow/example_dags/example_python_operator.py
[2024-03-26T21:15:11.355+0000] {logging_mixin.py:188} INFO - [2024-03-26T21:15:11.355+0000] {dag.py:3047} INFO - Sync 1 DAGs
[2024-03-26T21:15:11.426+0000] {logging_mixin.py:188} INFO - [2024-03-26T21:15:11.425+0000] {dag.py:3834} INFO - Setting next_dagrun for example_python_operator to None, run_after=None
[2024-03-26T21:15:11.506+0000] {processor.py:183} INFO - Processing /home/airflow/.local/lib/python3.8/site-packages/airflow/example_dags/example_python_operator.py took 0.350 seconds
[2024-03-26T21:15:41.804+0000] {processor.py:161} INFO - Started process (PID=6042) to work on /home/airflow/.local/lib/python3.8/site-packages/airflow/example_dags/example_python_operator.py
[2024-03-26T21:15:41.806+0000] {processor.py:830} INFO - Processing file /home/airflow/.local/lib/python3.8/site-packages/airflow/example_dags/example_python_operator.py for tasks to queue
[2024-03-26T21:15:41.815+0000] {logging_mixin.py:188} INFO - [2024-03-26T21:15:41.815+0000] {dagbag.py:540} INFO - Filling up the DagBag from /home/airflow/.local/lib/python3.8/site-packages/airflow/example_dags/example_python_operator.py
[2024-03-26T21:15:41.896+0000] {processor.py:840} INFO - DAG(s) 'example_python_operator' retrieved from /home/airflow/.local/lib/python3.8/site-packages/airflow/example_dags/example_python_operator.py
[2024-03-26T21:15:42.044+0000] {logging_mixin.py:188} INFO - [2024-03-26T21:15:42.037+0000] {dag.py:3047} INFO - Sync 1 DAGs
[2024-03-26T21:15:42.115+0000] {logging_mixin.py:188} INFO - [2024-03-26T21:15:42.114+0000] {dag.py:3834} INFO - Setting next_dagrun for example_python_operator to None, run_after=None
[2024-03-26T21:15:42.216+0000] {processor.py:183} INFO - Processing /home/airflow/.local/lib/python3.8/site-packages/airflow/example_dags/example_python_operator.py took 0.432 seconds
[2024-03-26T21:16:12.653+0000] {processor.py:161} INFO - Started process (PID=6287) to work on /home/airflow/.local/lib/python3.8/site-packages/airflow/example_dags/example_python_operator.py
[2024-03-26T21:16:12.654+0000] {processor.py:830} INFO - Processing file /home/airflow/.local/lib/python3.8/site-packages/airflow/example_dags/example_python_operator.py for tasks to queue
[2024-03-26T21:16:12.662+0000] {logging_mixin.py:188} INFO - [2024-03-26T21:16:12.662+0000] {dagbag.py:540} INFO - Filling up the DagBag from /home/airflow/.local/lib/python3.8/site-packages/airflow/example_dags/example_python_operator.py
[2024-03-26T21:16:12.702+0000] {processor.py:840} INFO - DAG(s) 'example_python_operator' retrieved from /home/airflow/.local/lib/python3.8/site-packages/airflow/example_dags/example_python_operator.py
[2024-03-26T21:16:12.794+0000] {logging_mixin.py:188} INFO - [2024-03-26T21:16:12.794+0000] {dag.py:3047} INFO - Sync 1 DAGs
[2024-03-26T21:16:12.862+0000] {logging_mixin.py:188} INFO - [2024-03-26T21:16:12.862+0000] {dag.py:3834} INFO - Setting next_dagrun for example_python_operator to None, run_after=None
[2024-03-26T21:16:12.974+0000] {processor.py:183} INFO - Processing /home/airflow/.local/lib/python3.8/site-packages/airflow/example_dags/example_python_operator.py took 0.332 seconds
[2024-03-26T21:21:14.817+0000] {processor.py:161} INFO - Started process (PID=359) to work on /home/airflow/.local/lib/python3.8/site-packages/airflow/example_dags/example_python_operator.py
[2024-03-26T21:21:14.826+0000] {processor.py:830} INFO - Processing file /home/airflow/.local/lib/python3.8/site-packages/airflow/example_dags/example_python_operator.py for tasks to queue
[2024-03-26T21:21:14.828+0000] {logging_mixin.py:188} INFO - [2024-03-26T21:21:14.827+0000] {dagbag.py:540} INFO - Filling up the DagBag from /home/airflow/.local/lib/python3.8/site-packages/airflow/example_dags/example_python_operator.py
[2024-03-26T21:21:14.907+0000] {processor.py:840} INFO - DAG(s) 'example_python_operator' retrieved from /home/airflow/.local/lib/python3.8/site-packages/airflow/example_dags/example_python_operator.py
[2024-03-26T21:21:15.577+0000] {logging_mixin.py:188} INFO - [2024-03-26T21:21:15.577+0000] {dag.py:3047} INFO - Sync 1 DAGs
[2024-03-26T21:21:15.638+0000] {logging_mixin.py:188} INFO - [2024-03-26T21:21:15.637+0000] {dag.py:3834} INFO - Setting next_dagrun for example_python_operator to None, run_after=None
[2024-03-26T21:21:15.786+0000] {processor.py:183} INFO - Processing /home/airflow/.local/lib/python3.8/site-packages/airflow/example_dags/example_python_operator.py took 0.998 seconds
[2024-03-26T21:21:46.411+0000] {processor.py:161} INFO - Started process (PID=609) to work on /home/airflow/.local/lib/python3.8/site-packages/airflow/example_dags/example_python_operator.py
[2024-03-26T21:21:46.421+0000] {processor.py:830} INFO - Processing file /home/airflow/.local/lib/python3.8/site-packages/airflow/example_dags/example_python_operator.py for tasks to queue
[2024-03-26T21:21:46.430+0000] {logging_mixin.py:188} INFO - [2024-03-26T21:21:46.430+0000] {dagbag.py:540} INFO - Filling up the DagBag from /home/airflow/.local/lib/python3.8/site-packages/airflow/example_dags/example_python_operator.py
[2024-03-26T21:21:46.500+0000] {processor.py:840} INFO - DAG(s) 'example_python_operator' retrieved from /home/airflow/.local/lib/python3.8/site-packages/airflow/example_dags/example_python_operator.py
[2024-03-26T21:21:46.661+0000] {logging_mixin.py:188} INFO - [2024-03-26T21:21:46.660+0000] {dag.py:3047} INFO - Sync 1 DAGs
[2024-03-26T21:21:46.770+0000] {logging_mixin.py:188} INFO - [2024-03-26T21:21:46.770+0000] {dag.py:3834} INFO - Setting next_dagrun for example_python_operator to None, run_after=None
[2024-03-26T21:21:46.920+0000] {processor.py:183} INFO - Processing /home/airflow/.local/lib/python3.8/site-packages/airflow/example_dags/example_python_operator.py took 0.521 seconds
[2024-03-26T21:22:17.283+0000] {processor.py:161} INFO - Started process (PID=857) to work on /home/airflow/.local/lib/python3.8/site-packages/airflow/example_dags/example_python_operator.py
[2024-03-26T21:22:17.285+0000] {processor.py:830} INFO - Processing file /home/airflow/.local/lib/python3.8/site-packages/airflow/example_dags/example_python_operator.py for tasks to queue
[2024-03-26T21:22:17.294+0000] {logging_mixin.py:188} INFO - [2024-03-26T21:22:17.294+0000] {dagbag.py:540} INFO - Filling up the DagBag from /home/airflow/.local/lib/python3.8/site-packages/airflow/example_dags/example_python_operator.py
[2024-03-26T21:22:17.344+0000] {processor.py:840} INFO - DAG(s) 'example_python_operator' retrieved from /home/airflow/.local/lib/python3.8/site-packages/airflow/example_dags/example_python_operator.py
[2024-03-26T21:22:17.455+0000] {logging_mixin.py:188} INFO - [2024-03-26T21:22:17.455+0000] {dag.py:3047} INFO - Sync 1 DAGs
[2024-03-26T21:22:17.535+0000] {logging_mixin.py:188} INFO - [2024-03-26T21:22:17.535+0000] {dag.py:3834} INFO - Setting next_dagrun for example_python_operator to None, run_after=None
[2024-03-26T21:22:17.685+0000] {processor.py:183} INFO - Processing /home/airflow/.local/lib/python3.8/site-packages/airflow/example_dags/example_python_operator.py took 0.420 seconds
[2024-03-26T21:22:48.376+0000] {processor.py:161} INFO - Started process (PID=1110) to work on /home/airflow/.local/lib/python3.8/site-packages/airflow/example_dags/example_python_operator.py
[2024-03-26T21:22:48.385+0000] {processor.py:830} INFO - Processing file /home/airflow/.local/lib/python3.8/site-packages/airflow/example_dags/example_python_operator.py for tasks to queue
[2024-03-26T21:22:48.395+0000] {logging_mixin.py:188} INFO - [2024-03-26T21:22:48.387+0000] {dagbag.py:540} INFO - Filling up the DagBag from /home/airflow/.local/lib/python3.8/site-packages/airflow/example_dags/example_python_operator.py
[2024-03-26T21:22:48.455+0000] {processor.py:840} INFO - DAG(s) 'example_python_operator' retrieved from /home/airflow/.local/lib/python3.8/site-packages/airflow/example_dags/example_python_operator.py
[2024-03-26T21:22:48.596+0000] {logging_mixin.py:188} INFO - [2024-03-26T21:22:48.596+0000] {dag.py:3047} INFO - Sync 1 DAGs
[2024-03-26T21:22:48.676+0000] {logging_mixin.py:188} INFO - [2024-03-26T21:22:48.676+0000] {dag.py:3834} INFO - Setting next_dagrun for example_python_operator to None, run_after=None
[2024-03-26T21:22:48.815+0000] {processor.py:183} INFO - Processing /home/airflow/.local/lib/python3.8/site-packages/airflow/example_dags/example_python_operator.py took 0.459 seconds
[2024-03-26T21:23:19.899+0000] {processor.py:161} INFO - Started process (PID=1357) to work on /home/airflow/.local/lib/python3.8/site-packages/airflow/example_dags/example_python_operator.py
[2024-03-26T21:23:19.908+0000] {processor.py:830} INFO - Processing file /home/airflow/.local/lib/python3.8/site-packages/airflow/example_dags/example_python_operator.py for tasks to queue
[2024-03-26T21:23:19.918+0000] {logging_mixin.py:188} INFO - [2024-03-26T21:23:19.910+0000] {dagbag.py:540} INFO - Filling up the DagBag from /home/airflow/.local/lib/python3.8/site-packages/airflow/example_dags/example_python_operator.py
[2024-03-26T21:23:20.009+0000] {processor.py:840} INFO - DAG(s) 'example_python_operator' retrieved from /home/airflow/.local/lib/python3.8/site-packages/airflow/example_dags/example_python_operator.py
[2024-03-26T21:23:20.169+0000] {logging_mixin.py:188} INFO - [2024-03-26T21:23:20.169+0000] {dag.py:3047} INFO - Sync 1 DAGs
[2024-03-26T21:23:20.260+0000] {logging_mixin.py:188} INFO - [2024-03-26T21:23:20.260+0000] {dag.py:3834} INFO - Setting next_dagrun for example_python_operator to None, run_after=None
[2024-03-26T21:23:20.400+0000] {processor.py:183} INFO - Processing /home/airflow/.local/lib/python3.8/site-packages/airflow/example_dags/example_python_operator.py took 0.521 seconds
[2024-03-26T21:23:51.304+0000] {processor.py:161} INFO - Started process (PID=1602) to work on /home/airflow/.local/lib/python3.8/site-packages/airflow/example_dags/example_python_operator.py
[2024-03-26T21:23:51.314+0000] {processor.py:830} INFO - Processing file /home/airflow/.local/lib/python3.8/site-packages/airflow/example_dags/example_python_operator.py for tasks to queue
[2024-03-26T21:23:51.324+0000] {logging_mixin.py:188} INFO - [2024-03-26T21:23:51.324+0000] {dagbag.py:540} INFO - Filling up the DagBag from /home/airflow/.local/lib/python3.8/site-packages/airflow/example_dags/example_python_operator.py
[2024-03-26T21:23:51.445+0000] {processor.py:840} INFO - DAG(s) 'example_python_operator' retrieved from /home/airflow/.local/lib/python3.8/site-packages/airflow/example_dags/example_python_operator.py
[2024-03-26T21:23:51.625+0000] {logging_mixin.py:188} INFO - [2024-03-26T21:23:51.624+0000] {dag.py:3047} INFO - Sync 1 DAGs
[2024-03-26T21:23:51.725+0000] {logging_mixin.py:188} INFO - [2024-03-26T21:23:51.725+0000] {dag.py:3834} INFO - Setting next_dagrun for example_python_operator to None, run_after=None
[2024-03-26T21:23:51.884+0000] {processor.py:183} INFO - Processing /home/airflow/.local/lib/python3.8/site-packages/airflow/example_dags/example_python_operator.py took 0.619 seconds
[2024-03-26T21:24:22.459+0000] {processor.py:161} INFO - Started process (PID=1849) to work on /home/airflow/.local/lib/python3.8/site-packages/airflow/example_dags/example_python_operator.py
[2024-03-26T21:24:22.469+0000] {processor.py:830} INFO - Processing file /home/airflow/.local/lib/python3.8/site-packages/airflow/example_dags/example_python_operator.py for tasks to queue
[2024-03-26T21:24:22.479+0000] {logging_mixin.py:188} INFO - [2024-03-26T21:24:22.470+0000] {dagbag.py:540} INFO - Filling up the DagBag from /home/airflow/.local/lib/python3.8/site-packages/airflow/example_dags/example_python_operator.py
[2024-03-26T21:24:22.550+0000] {processor.py:840} INFO - DAG(s) 'example_python_operator' retrieved from /home/airflow/.local/lib/python3.8/site-packages/airflow/example_dags/example_python_operator.py
[2024-03-26T21:24:22.718+0000] {logging_mixin.py:188} INFO - [2024-03-26T21:24:22.710+0000] {dag.py:3047} INFO - Sync 1 DAGs
[2024-03-26T21:24:22.839+0000] {logging_mixin.py:188} INFO - [2024-03-26T21:24:22.838+0000] {dag.py:3834} INFO - Setting next_dagrun for example_python_operator to None, run_after=None
[2024-03-26T21:24:23.039+0000] {processor.py:183} INFO - Processing /home/airflow/.local/lib/python3.8/site-packages/airflow/example_dags/example_python_operator.py took 0.600 seconds
[2024-03-26T21:24:54.371+0000] {processor.py:161} INFO - Started process (PID=2097) to work on /home/airflow/.local/lib/python3.8/site-packages/airflow/example_dags/example_python_operator.py
[2024-03-26T21:24:54.380+0000] {processor.py:830} INFO - Processing file /home/airflow/.local/lib/python3.8/site-packages/airflow/example_dags/example_python_operator.py for tasks to queue
[2024-03-26T21:24:54.390+0000] {logging_mixin.py:188} INFO - [2024-03-26T21:24:54.389+0000] {dagbag.py:540} INFO - Filling up the DagBag from /home/airflow/.local/lib/python3.8/site-packages/airflow/example_dags/example_python_operator.py
[2024-03-26T21:24:54.451+0000] {processor.py:840} INFO - DAG(s) 'example_python_operator' retrieved from /home/airflow/.local/lib/python3.8/site-packages/airflow/example_dags/example_python_operator.py
[2024-03-26T21:24:54.620+0000] {logging_mixin.py:188} INFO - [2024-03-26T21:24:54.619+0000] {dag.py:3047} INFO - Sync 1 DAGs
[2024-03-26T21:24:54.709+0000] {logging_mixin.py:188} INFO - [2024-03-26T21:24:54.701+0000] {dag.py:3834} INFO - Setting next_dagrun for example_python_operator to None, run_after=None
[2024-03-26T21:24:54.900+0000] {processor.py:183} INFO - Processing /home/airflow/.local/lib/python3.8/site-packages/airflow/example_dags/example_python_operator.py took 0.548 seconds
[2024-03-26T21:25:25.373+0000] {processor.py:161} INFO - Started process (PID=2344) to work on /home/airflow/.local/lib/python3.8/site-packages/airflow/example_dags/example_python_operator.py
[2024-03-26T21:25:25.382+0000] {processor.py:830} INFO - Processing file /home/airflow/.local/lib/python3.8/site-packages/airflow/example_dags/example_python_operator.py for tasks to queue
[2024-03-26T21:25:25.392+0000] {logging_mixin.py:188} INFO - [2024-03-26T21:25:25.391+0000] {dagbag.py:540} INFO - Filling up the DagBag from /home/airflow/.local/lib/python3.8/site-packages/airflow/example_dags/example_python_operator.py
[2024-03-26T21:25:25.472+0000] {processor.py:840} INFO - DAG(s) 'example_python_operator' retrieved from /home/airflow/.local/lib/python3.8/site-packages/airflow/example_dags/example_python_operator.py
[2024-03-26T21:25:25.623+0000] {logging_mixin.py:188} INFO - [2024-03-26T21:25:25.623+0000] {dag.py:3047} INFO - Sync 1 DAGs
[2024-03-26T21:25:25.713+0000] {logging_mixin.py:188} INFO - [2024-03-26T21:25:25.713+0000] {dag.py:3834} INFO - Setting next_dagrun for example_python_operator to None, run_after=None
[2024-03-26T21:25:25.883+0000] {processor.py:183} INFO - Processing /home/airflow/.local/lib/python3.8/site-packages/airflow/example_dags/example_python_operator.py took 0.550 seconds
[2024-03-26T21:25:58.195+0000] {processor.py:161} INFO - Started process (PID=2592) to work on /home/airflow/.local/lib/python3.8/site-packages/airflow/example_dags/example_python_operator.py
[2024-03-26T21:25:58.205+0000] {processor.py:830} INFO - Processing file /home/airflow/.local/lib/python3.8/site-packages/airflow/example_dags/example_python_operator.py for tasks to queue
[2024-03-26T21:25:58.216+0000] {logging_mixin.py:188} INFO - [2024-03-26T21:25:58.215+0000] {dagbag.py:540} INFO - Filling up the DagBag from /home/airflow/.local/lib/python3.8/site-packages/airflow/example_dags/example_python_operator.py
[2024-03-26T21:25:58.325+0000] {processor.py:840} INFO - DAG(s) 'example_python_operator' retrieved from /home/airflow/.local/lib/python3.8/site-packages/airflow/example_dags/example_python_operator.py
[2024-03-26T21:25:58.565+0000] {logging_mixin.py:188} INFO - [2024-03-26T21:25:58.556+0000] {dag.py:3047} INFO - Sync 1 DAGs
[2024-03-26T21:25:58.686+0000] {logging_mixin.py:188} INFO - [2024-03-26T21:25:58.685+0000] {dag.py:3834} INFO - Setting next_dagrun for example_python_operator to None, run_after=None
[2024-03-26T21:25:58.915+0000] {processor.py:183} INFO - Processing /home/airflow/.local/lib/python3.8/site-packages/airflow/example_dags/example_python_operator.py took 0.758 seconds
[2024-03-26T21:26:31.040+0000] {processor.py:161} INFO - Started process (PID=2840) to work on /home/airflow/.local/lib/python3.8/site-packages/airflow/example_dags/example_python_operator.py
[2024-03-26T21:26:31.050+0000] {processor.py:830} INFO - Processing file /home/airflow/.local/lib/python3.8/site-packages/airflow/example_dags/example_python_operator.py for tasks to queue
[2024-03-26T21:26:31.069+0000] {logging_mixin.py:188} INFO - [2024-03-26T21:26:31.060+0000] {dagbag.py:540} INFO - Filling up the DagBag from /home/airflow/.local/lib/python3.8/site-packages/airflow/example_dags/example_python_operator.py
[2024-03-26T21:26:31.180+0000] {processor.py:840} INFO - DAG(s) 'example_python_operator' retrieved from /home/airflow/.local/lib/python3.8/site-packages/airflow/example_dags/example_python_operator.py
[2024-03-26T21:26:31.400+0000] {logging_mixin.py:188} INFO - [2024-03-26T21:26:31.400+0000] {dag.py:3047} INFO - Sync 1 DAGs
[2024-03-26T21:26:31.539+0000] {logging_mixin.py:188} INFO - [2024-03-26T21:26:31.529+0000] {dag.py:3834} INFO - Setting next_dagrun for example_python_operator to None, run_after=None
[2024-03-26T21:26:31.769+0000] {processor.py:183} INFO - Processing /home/airflow/.local/lib/python3.8/site-packages/airflow/example_dags/example_python_operator.py took 0.760 seconds
[2024-03-26T21:27:02.763+0000] {processor.py:161} INFO - Started process (PID=3087) to work on /home/airflow/.local/lib/python3.8/site-packages/airflow/example_dags/example_python_operator.py
[2024-03-26T21:27:02.773+0000] {processor.py:830} INFO - Processing file /home/airflow/.local/lib/python3.8/site-packages/airflow/example_dags/example_python_operator.py for tasks to queue
[2024-03-26T21:27:02.783+0000] {logging_mixin.py:188} INFO - [2024-03-26T21:27:02.782+0000] {dagbag.py:540} INFO - Filling up the DagBag from /home/airflow/.local/lib/python3.8/site-packages/airflow/example_dags/example_python_operator.py
[2024-03-26T21:27:02.893+0000] {processor.py:840} INFO - DAG(s) 'example_python_operator' retrieved from /home/airflow/.local/lib/python3.8/site-packages/airflow/example_dags/example_python_operator.py
[2024-03-26T21:27:03.133+0000] {logging_mixin.py:188} INFO - [2024-03-26T21:27:03.133+0000] {dag.py:3047} INFO - Sync 1 DAGs
[2024-03-26T21:27:03.263+0000] {logging_mixin.py:188} INFO - [2024-03-26T21:27:03.263+0000] {dag.py:3834} INFO - Setting next_dagrun for example_python_operator to None, run_after=None
[2024-03-26T21:27:03.462+0000] {processor.py:183} INFO - Processing /home/airflow/.local/lib/python3.8/site-packages/airflow/example_dags/example_python_operator.py took 0.739 seconds
[2024-03-26T21:27:34.144+0000] {processor.py:161} INFO - Started process (PID=3329) to work on /home/airflow/.local/lib/python3.8/site-packages/airflow/example_dags/example_python_operator.py
[2024-03-26T21:27:34.154+0000] {processor.py:830} INFO - Processing file /home/airflow/.local/lib/python3.8/site-packages/airflow/example_dags/example_python_operator.py for tasks to queue
[2024-03-26T21:27:34.164+0000] {logging_mixin.py:188} INFO - [2024-03-26T21:27:34.164+0000] {dagbag.py:540} INFO - Filling up the DagBag from /home/airflow/.local/lib/python3.8/site-packages/airflow/example_dags/example_python_operator.py
[2024-03-26T21:27:34.295+0000] {processor.py:840} INFO - DAG(s) 'example_python_operator' retrieved from /home/airflow/.local/lib/python3.8/site-packages/airflow/example_dags/example_python_operator.py
[2024-03-26T21:27:34.513+0000] {logging_mixin.py:188} INFO - [2024-03-26T21:27:34.505+0000] {dag.py:3047} INFO - Sync 1 DAGs
[2024-03-26T21:27:34.634+0000] {logging_mixin.py:188} INFO - [2024-03-26T21:27:34.634+0000] {dag.py:3834} INFO - Setting next_dagrun for example_python_operator to None, run_after=None
[2024-03-26T21:27:34.833+0000] {processor.py:183} INFO - Processing /home/airflow/.local/lib/python3.8/site-packages/airflow/example_dags/example_python_operator.py took 0.719 seconds
[2024-03-26T21:28:08.914+0000] {processor.py:161} INFO - Started process (PID=3581) to work on /home/airflow/.local/lib/python3.8/site-packages/airflow/example_dags/example_python_operator.py
[2024-03-26T21:28:08.924+0000] {processor.py:830} INFO - Processing file /home/airflow/.local/lib/python3.8/site-packages/airflow/example_dags/example_python_operator.py for tasks to queue
[2024-03-26T21:28:08.934+0000] {logging_mixin.py:188} INFO - [2024-03-26T21:28:08.934+0000] {dagbag.py:540} INFO - Filling up the DagBag from /home/airflow/.local/lib/python3.8/site-packages/airflow/example_dags/example_python_operator.py
[2024-03-26T21:28:09.054+0000] {processor.py:840} INFO - DAG(s) 'example_python_operator' retrieved from /home/airflow/.local/lib/python3.8/site-packages/airflow/example_dags/example_python_operator.py
[2024-03-26T21:28:09.254+0000] {logging_mixin.py:188} INFO - [2024-03-26T21:28:09.254+0000] {dag.py:3047} INFO - Sync 1 DAGs
[2024-03-26T21:28:09.375+0000] {logging_mixin.py:188} INFO - [2024-03-26T21:28:09.374+0000] {dag.py:3834} INFO - Setting next_dagrun for example_python_operator to None, run_after=None
[2024-03-26T21:28:09.584+0000] {processor.py:183} INFO - Processing /home/airflow/.local/lib/python3.8/site-packages/airflow/example_dags/example_python_operator.py took 0.700 seconds
[2024-03-26T21:28:42.832+0000] {processor.py:161} INFO - Started process (PID=3828) to work on /home/airflow/.local/lib/python3.8/site-packages/airflow/example_dags/example_python_operator.py
[2024-03-26T21:28:42.851+0000] {processor.py:830} INFO - Processing file /home/airflow/.local/lib/python3.8/site-packages/airflow/example_dags/example_python_operator.py for tasks to queue
[2024-03-26T21:28:42.862+0000] {logging_mixin.py:188} INFO - [2024-03-26T21:28:42.861+0000] {dagbag.py:540} INFO - Filling up the DagBag from /home/airflow/.local/lib/python3.8/site-packages/airflow/example_dags/example_python_operator.py
[2024-03-26T21:28:43.001+0000] {processor.py:840} INFO - DAG(s) 'example_python_operator' retrieved from /home/airflow/.local/lib/python3.8/site-packages/airflow/example_dags/example_python_operator.py
[2024-03-26T21:28:43.332+0000] {logging_mixin.py:188} INFO - [2024-03-26T21:28:43.331+0000] {dag.py:3047} INFO - Sync 1 DAGs
[2024-03-26T21:28:43.472+0000] {logging_mixin.py:188} INFO - [2024-03-26T21:28:43.472+0000] {dag.py:3834} INFO - Setting next_dagrun for example_python_operator to None, run_after=None
[2024-03-26T21:28:43.711+0000] {processor.py:183} INFO - Processing /home/airflow/.local/lib/python3.8/site-packages/airflow/example_dags/example_python_operator.py took 0.920 seconds
[2024-03-26T21:29:20.352+0000] {processor.py:161} INFO - Started process (PID=4080) to work on /home/airflow/.local/lib/python3.8/site-packages/airflow/example_dags/example_python_operator.py
[2024-03-26T21:29:20.383+0000] {processor.py:830} INFO - Processing file /home/airflow/.local/lib/python3.8/site-packages/airflow/example_dags/example_python_operator.py for tasks to queue
[2024-03-26T21:29:20.432+0000] {logging_mixin.py:188} INFO - [2024-03-26T21:29:20.403+0000] {dagbag.py:540} INFO - Filling up the DagBag from /home/airflow/.local/lib/python3.8/site-packages/airflow/example_dags/example_python_operator.py
[2024-03-26T21:29:20.603+0000] {processor.py:840} INFO - DAG(s) 'example_python_operator' retrieved from /home/airflow/.local/lib/python3.8/site-packages/airflow/example_dags/example_python_operator.py
[2024-03-26T21:29:20.922+0000] {logging_mixin.py:188} INFO - [2024-03-26T21:29:20.913+0000] {dag.py:3047} INFO - Sync 1 DAGs
[2024-03-26T21:29:21.072+0000] {logging_mixin.py:188} INFO - [2024-03-26T21:29:21.072+0000] {dag.py:3834} INFO - Setting next_dagrun for example_python_operator to None, run_after=None
[2024-03-26T21:29:21.282+0000] {processor.py:183} INFO - Processing /home/airflow/.local/lib/python3.8/site-packages/airflow/example_dags/example_python_operator.py took 0.990 seconds
[2024-03-26T21:30:00.421+0000] {processor.py:161} INFO - Started process (PID=4337) to work on /home/airflow/.local/lib/python3.8/site-packages/airflow/example_dags/example_python_operator.py
[2024-03-26T21:30:00.451+0000] {processor.py:830} INFO - Processing file /home/airflow/.local/lib/python3.8/site-packages/airflow/example_dags/example_python_operator.py for tasks to queue
[2024-03-26T21:30:00.512+0000] {logging_mixin.py:188} INFO - [2024-03-26T21:30:00.501+0000] {dagbag.py:540} INFO - Filling up the DagBag from /home/airflow/.local/lib/python3.8/site-packages/airflow/example_dags/example_python_operator.py
[2024-03-26T21:30:00.851+0000] {processor.py:840} INFO - DAG(s) 'example_python_operator' retrieved from /home/airflow/.local/lib/python3.8/site-packages/airflow/example_dags/example_python_operator.py
[2024-03-26T21:30:01.211+0000] {logging_mixin.py:188} INFO - [2024-03-26T21:30:01.192+0000] {dag.py:3047} INFO - Sync 1 DAGs
[2024-03-26T21:30:01.391+0000] {logging_mixin.py:188} INFO - [2024-03-26T21:30:01.391+0000] {dag.py:3834} INFO - Setting next_dagrun for example_python_operator to None, run_after=None
[2024-03-26T21:30:01.712+0000] {processor.py:183} INFO - Processing /home/airflow/.local/lib/python3.8/site-packages/airflow/example_dags/example_python_operator.py took 1.450 seconds
[2024-03-26T21:30:39.330+0000] {processor.py:161} INFO - Started process (PID=4585) to work on /home/airflow/.local/lib/python3.8/site-packages/airflow/example_dags/example_python_operator.py
[2024-03-26T21:30:39.340+0000] {processor.py:830} INFO - Processing file /home/airflow/.local/lib/python3.8/site-packages/airflow/example_dags/example_python_operator.py for tasks to queue
[2024-03-26T21:30:39.350+0000] {logging_mixin.py:188} INFO - [2024-03-26T21:30:39.350+0000] {dagbag.py:540} INFO - Filling up the DagBag from /home/airflow/.local/lib/python3.8/site-packages/airflow/example_dags/example_python_operator.py
[2024-03-26T21:30:39.490+0000] {processor.py:840} INFO - DAG(s) 'example_python_operator' retrieved from /home/airflow/.local/lib/python3.8/site-packages/airflow/example_dags/example_python_operator.py
[2024-03-26T21:30:39.839+0000] {logging_mixin.py:188} INFO - [2024-03-26T21:30:39.830+0000] {dag.py:3047} INFO - Sync 1 DAGs
[2024-03-26T21:30:40.130+0000] {logging_mixin.py:188} INFO - [2024-03-26T21:30:40.130+0000] {dag.py:3834} INFO - Setting next_dagrun for example_python_operator to None, run_after=None
[2024-03-26T21:30:40.531+0000] {processor.py:183} INFO - Processing /home/airflow/.local/lib/python3.8/site-packages/airflow/example_dags/example_python_operator.py took 1.241 seconds
[2024-03-26T21:31:21.650+0000] {processor.py:161} INFO - Started process (PID=4842) to work on /home/airflow/.local/lib/python3.8/site-packages/airflow/example_dags/example_python_operator.py
[2024-03-26T21:31:21.669+0000] {processor.py:830} INFO - Processing file /home/airflow/.local/lib/python3.8/site-packages/airflow/example_dags/example_python_operator.py for tasks to queue
[2024-03-26T21:31:21.680+0000] {logging_mixin.py:188} INFO - [2024-03-26T21:31:21.679+0000] {dagbag.py:540} INFO - Filling up the DagBag from /home/airflow/.local/lib/python3.8/site-packages/airflow/example_dags/example_python_operator.py
[2024-03-26T21:31:21.859+0000] {processor.py:840} INFO - DAG(s) 'example_python_operator' retrieved from /home/airflow/.local/lib/python3.8/site-packages/airflow/example_dags/example_python_operator.py
[2024-03-26T21:31:22.199+0000] {logging_mixin.py:188} INFO - [2024-03-26T21:31:22.199+0000] {dag.py:3047} INFO - Sync 1 DAGs
[2024-03-26T21:31:22.389+0000] {logging_mixin.py:188} INFO - [2024-03-26T21:31:22.389+0000] {dag.py:3834} INFO - Setting next_dagrun for example_python_operator to None, run_after=None
[2024-03-26T21:31:22.669+0000] {processor.py:183} INFO - Processing /home/airflow/.local/lib/python3.8/site-packages/airflow/example_dags/example_python_operator.py took 1.079 seconds
[2024-03-26T21:32:12.517+0000] {processor.py:161} INFO - Started process (PID=5125) to work on /home/airflow/.local/lib/python3.8/site-packages/airflow/example_dags/example_python_operator.py
[2024-03-26T21:32:12.537+0000] {processor.py:830} INFO - Processing file /home/airflow/.local/lib/python3.8/site-packages/airflow/example_dags/example_python_operator.py for tasks to queue
[2024-03-26T21:32:12.557+0000] {logging_mixin.py:188} INFO - [2024-03-26T21:32:12.556+0000] {dagbag.py:540} INFO - Filling up the DagBag from /home/airflow/.local/lib/python3.8/site-packages/airflow/example_dags/example_python_operator.py
[2024-03-26T21:32:12.816+0000] {processor.py:840} INFO - DAG(s) 'example_python_operator' retrieved from /home/airflow/.local/lib/python3.8/site-packages/airflow/example_dags/example_python_operator.py
[2024-03-26T21:32:13.176+0000] {logging_mixin.py:188} INFO - [2024-03-26T21:32:13.167+0000] {dag.py:3047} INFO - Sync 1 DAGs
[2024-03-26T21:32:13.377+0000] {logging_mixin.py:188} INFO - [2024-03-26T21:32:13.376+0000] {dag.py:3834} INFO - Setting next_dagrun for example_python_operator to None, run_after=None
[2024-03-26T21:32:13.747+0000] {processor.py:183} INFO - Processing /home/airflow/.local/lib/python3.8/site-packages/airflow/example_dags/example_python_operator.py took 1.280 seconds
[2024-03-26T21:33:23.206+0000] {processor.py:161} INFO - Started process (PID=5424) to work on /home/airflow/.local/lib/python3.8/site-packages/airflow/example_dags/example_python_operator.py
[2024-03-26T21:33:23.246+0000] {processor.py:830} INFO - Processing file /home/airflow/.local/lib/python3.8/site-packages/airflow/example_dags/example_python_operator.py for tasks to queue
[2024-03-26T21:33:23.296+0000] {logging_mixin.py:188} INFO - [2024-03-26T21:33:23.286+0000] {dagbag.py:540} INFO - Filling up the DagBag from /home/airflow/.local/lib/python3.8/site-packages/airflow/example_dags/example_python_operator.py
[2024-03-26T21:33:23.586+0000] {processor.py:840} INFO - DAG(s) 'example_python_operator' retrieved from /home/airflow/.local/lib/python3.8/site-packages/airflow/example_dags/example_python_operator.py
[2024-03-26T21:33:24.106+0000] {logging_mixin.py:188} INFO - [2024-03-26T21:33:24.106+0000] {dag.py:3047} INFO - Sync 1 DAGs
[2024-03-26T21:33:24.406+0000] {logging_mixin.py:188} INFO - [2024-03-26T21:33:24.397+0000] {dag.py:3834} INFO - Setting next_dagrun for example_python_operator to None, run_after=None
[2024-03-26T21:33:24.886+0000] {processor.py:183} INFO - Processing /home/airflow/.local/lib/python3.8/site-packages/airflow/example_dags/example_python_operator.py took 1.790 seconds
[2024-03-26T21:34:58.812+0000] {processor.py:161} INFO - Started process (PID=5714) to work on /home/airflow/.local/lib/python3.8/site-packages/airflow/example_dags/example_python_operator.py
[2024-03-26T21:34:58.833+0000] {processor.py:830} INFO - Processing file /home/airflow/.local/lib/python3.8/site-packages/airflow/example_dags/example_python_operator.py for tasks to queue
[2024-03-26T21:34:58.863+0000] {logging_mixin.py:188} INFO - [2024-03-26T21:34:58.853+0000] {dagbag.py:540} INFO - Filling up the DagBag from /home/airflow/.local/lib/python3.8/site-packages/airflow/example_dags/example_python_operator.py
[2024-03-26T21:34:59.223+0000] {processor.py:840} INFO - DAG(s) 'example_python_operator' retrieved from /home/airflow/.local/lib/python3.8/site-packages/airflow/example_dags/example_python_operator.py
[2024-03-26T21:35:00.063+0000] {logging_mixin.py:188} INFO - [2024-03-26T21:35:00.053+0000] {dag.py:3047} INFO - Sync 1 DAGs
[2024-03-26T21:35:00.823+0000] {logging_mixin.py:188} INFO - [2024-03-26T21:35:00.803+0000] {dag.py:3834} INFO - Setting next_dagrun for example_python_operator to None, run_after=None
[2024-03-26T21:35:01.803+0000] {processor.py:183} INFO - Processing /home/airflow/.local/lib/python3.8/site-packages/airflow/example_dags/example_python_operator.py took 3.080 seconds
