[2024-03-26T21:03:29.749+0000] {processor.py:161} INFO - Started process (PID=229) to work on /home/airflow/.local/lib/python3.8/site-packages/airflow/example_dags/tutorial_taskflow_api.py
[2024-03-26T21:03:29.752+0000] {processor.py:830} INFO - Processing file /home/airflow/.local/lib/python3.8/site-packages/airflow/example_dags/tutorial_taskflow_api.py for tasks to queue
[2024-03-26T21:03:29.763+0000] {logging_mixin.py:188} INFO - [2024-03-26T21:03:29.762+0000] {dagbag.py:540} INFO - Filling up the DagBag from /home/airflow/.local/lib/python3.8/site-packages/airflow/example_dags/tutorial_taskflow_api.py
[2024-03-26T21:03:29.832+0000] {processor.py:840} INFO - DAG(s) 'tutorial_taskflow_api' retrieved from /home/airflow/.local/lib/python3.8/site-packages/airflow/example_dags/tutorial_taskflow_api.py
[2024-03-26T21:03:30.621+0000] {logging_mixin.py:188} INFO - [2024-03-26T21:03:30.620+0000] {dag.py:3047} INFO - Sync 1 DAGs
[2024-03-26T21:03:31.629+0000] {logging_mixin.py:188} INFO - [2024-03-26T21:03:31.628+0000] {dag.py:3834} INFO - Setting next_dagrun for tutorial_taskflow_api to None, run_after=None
[2024-03-26T21:03:31.740+0000] {processor.py:183} INFO - Processing /home/airflow/.local/lib/python3.8/site-packages/airflow/example_dags/tutorial_taskflow_api.py took 2.019 seconds
[2024-03-26T21:04:08.858+0000] {processor.py:161} INFO - Started process (PID=482) to work on /home/airflow/.local/lib/python3.8/site-packages/airflow/example_dags/tutorial_taskflow_api.py
[2024-03-26T21:04:08.874+0000] {processor.py:830} INFO - Processing file /home/airflow/.local/lib/python3.8/site-packages/airflow/example_dags/tutorial_taskflow_api.py for tasks to queue
[2024-03-26T21:04:08.877+0000] {logging_mixin.py:188} INFO - [2024-03-26T21:04:08.876+0000] {dagbag.py:540} INFO - Filling up the DagBag from /home/airflow/.local/lib/python3.8/site-packages/airflow/example_dags/tutorial_taskflow_api.py
[2024-03-26T21:04:08.915+0000] {processor.py:840} INFO - DAG(s) 'tutorial_taskflow_api' retrieved from /home/airflow/.local/lib/python3.8/site-packages/airflow/example_dags/tutorial_taskflow_api.py
[2024-03-26T21:04:09.006+0000] {logging_mixin.py:188} INFO - [2024-03-26T21:04:09.005+0000] {dag.py:3047} INFO - Sync 1 DAGs
[2024-03-26T21:04:09.064+0000] {logging_mixin.py:188} INFO - [2024-03-26T21:04:09.058+0000] {dag.py:3834} INFO - Setting next_dagrun for tutorial_taskflow_api to None, run_after=None
[2024-03-26T21:04:09.138+0000] {processor.py:183} INFO - Processing /home/airflow/.local/lib/python3.8/site-packages/airflow/example_dags/tutorial_taskflow_api.py took 0.301 seconds
[2024-03-26T21:04:39.685+0000] {processor.py:161} INFO - Started process (PID=729) to work on /home/airflow/.local/lib/python3.8/site-packages/airflow/example_dags/tutorial_taskflow_api.py
[2024-03-26T21:04:39.692+0000] {processor.py:830} INFO - Processing file /home/airflow/.local/lib/python3.8/site-packages/airflow/example_dags/tutorial_taskflow_api.py for tasks to queue
[2024-03-26T21:04:39.693+0000] {logging_mixin.py:188} INFO - [2024-03-26T21:04:39.693+0000] {dagbag.py:540} INFO - Filling up the DagBag from /home/airflow/.local/lib/python3.8/site-packages/airflow/example_dags/tutorial_taskflow_api.py
[2024-03-26T21:04:39.712+0000] {processor.py:840} INFO - DAG(s) 'tutorial_taskflow_api' retrieved from /home/airflow/.local/lib/python3.8/site-packages/airflow/example_dags/tutorial_taskflow_api.py
[2024-03-26T21:04:39.764+0000] {logging_mixin.py:188} INFO - [2024-03-26T21:04:39.764+0000] {dag.py:3047} INFO - Sync 1 DAGs
[2024-03-26T21:04:39.802+0000] {logging_mixin.py:188} INFO - [2024-03-26T21:04:39.802+0000] {dag.py:3834} INFO - Setting next_dagrun for tutorial_taskflow_api to None, run_after=None
[2024-03-26T21:04:39.852+0000] {processor.py:183} INFO - Processing /home/airflow/.local/lib/python3.8/site-packages/airflow/example_dags/tutorial_taskflow_api.py took 0.171 seconds
[2024-03-26T21:05:10.941+0000] {processor.py:161} INFO - Started process (PID=976) to work on /home/airflow/.local/lib/python3.8/site-packages/airflow/example_dags/tutorial_taskflow_api.py
[2024-03-26T21:05:10.949+0000] {processor.py:830} INFO - Processing file /home/airflow/.local/lib/python3.8/site-packages/airflow/example_dags/tutorial_taskflow_api.py for tasks to queue
[2024-03-26T21:05:10.951+0000] {logging_mixin.py:188} INFO - [2024-03-26T21:05:10.950+0000] {dagbag.py:540} INFO - Filling up the DagBag from /home/airflow/.local/lib/python3.8/site-packages/airflow/example_dags/tutorial_taskflow_api.py
[2024-03-26T21:05:10.981+0000] {processor.py:840} INFO - DAG(s) 'tutorial_taskflow_api' retrieved from /home/airflow/.local/lib/python3.8/site-packages/airflow/example_dags/tutorial_taskflow_api.py
[2024-03-26T21:05:11.051+0000] {logging_mixin.py:188} INFO - [2024-03-26T21:05:11.051+0000] {dag.py:3047} INFO - Sync 1 DAGs
[2024-03-26T21:05:11.091+0000] {logging_mixin.py:188} INFO - [2024-03-26T21:05:11.090+0000] {dag.py:3834} INFO - Setting next_dagrun for tutorial_taskflow_api to None, run_after=None
[2024-03-26T21:05:11.181+0000] {processor.py:183} INFO - Processing /home/airflow/.local/lib/python3.8/site-packages/airflow/example_dags/tutorial_taskflow_api.py took 0.259 seconds
[2024-03-26T21:05:41.636+0000] {processor.py:161} INFO - Started process (PID=1218) to work on /home/airflow/.local/lib/python3.8/site-packages/airflow/example_dags/tutorial_taskflow_api.py
[2024-03-26T21:05:41.638+0000] {processor.py:830} INFO - Processing file /home/airflow/.local/lib/python3.8/site-packages/airflow/example_dags/tutorial_taskflow_api.py for tasks to queue
[2024-03-26T21:05:41.639+0000] {logging_mixin.py:188} INFO - [2024-03-26T21:05:41.639+0000] {dagbag.py:540} INFO - Filling up the DagBag from /home/airflow/.local/lib/python3.8/site-packages/airflow/example_dags/tutorial_taskflow_api.py
[2024-03-26T21:05:41.667+0000] {processor.py:840} INFO - DAG(s) 'tutorial_taskflow_api' retrieved from /home/airflow/.local/lib/python3.8/site-packages/airflow/example_dags/tutorial_taskflow_api.py
[2024-03-26T21:05:41.729+0000] {logging_mixin.py:188} INFO - [2024-03-26T21:05:41.728+0000] {dag.py:3047} INFO - Sync 1 DAGs
[2024-03-26T21:05:41.768+0000] {logging_mixin.py:188} INFO - [2024-03-26T21:05:41.766+0000] {dag.py:3834} INFO - Setting next_dagrun for tutorial_taskflow_api to None, run_after=None
[2024-03-26T21:05:41.839+0000] {processor.py:183} INFO - Processing /home/airflow/.local/lib/python3.8/site-packages/airflow/example_dags/tutorial_taskflow_api.py took 0.212 seconds
[2024-03-26T21:06:12.384+0000] {processor.py:161} INFO - Started process (PID=1465) to work on /home/airflow/.local/lib/python3.8/site-packages/airflow/example_dags/tutorial_taskflow_api.py
[2024-03-26T21:06:12.386+0000] {processor.py:830} INFO - Processing file /home/airflow/.local/lib/python3.8/site-packages/airflow/example_dags/tutorial_taskflow_api.py for tasks to queue
[2024-03-26T21:06:12.394+0000] {logging_mixin.py:188} INFO - [2024-03-26T21:06:12.393+0000] {dagbag.py:540} INFO - Filling up the DagBag from /home/airflow/.local/lib/python3.8/site-packages/airflow/example_dags/tutorial_taskflow_api.py
[2024-03-26T21:06:12.426+0000] {processor.py:840} INFO - DAG(s) 'tutorial_taskflow_api' retrieved from /home/airflow/.local/lib/python3.8/site-packages/airflow/example_dags/tutorial_taskflow_api.py
[2024-03-26T21:06:12.526+0000] {logging_mixin.py:188} INFO - [2024-03-26T21:06:12.525+0000] {dag.py:3047} INFO - Sync 1 DAGs
[2024-03-26T21:06:12.616+0000] {logging_mixin.py:188} INFO - [2024-03-26T21:06:12.615+0000] {dag.py:3834} INFO - Setting next_dagrun for tutorial_taskflow_api to None, run_after=None
[2024-03-26T21:06:12.714+0000] {processor.py:183} INFO - Processing /home/airflow/.local/lib/python3.8/site-packages/airflow/example_dags/tutorial_taskflow_api.py took 0.347 seconds
[2024-03-26T21:06:42.994+0000] {processor.py:161} INFO - Started process (PID=1712) to work on /home/airflow/.local/lib/python3.8/site-packages/airflow/example_dags/tutorial_taskflow_api.py
[2024-03-26T21:06:42.996+0000] {processor.py:830} INFO - Processing file /home/airflow/.local/lib/python3.8/site-packages/airflow/example_dags/tutorial_taskflow_api.py for tasks to queue
[2024-03-26T21:06:42.997+0000] {logging_mixin.py:188} INFO - [2024-03-26T21:06:42.996+0000] {dagbag.py:540} INFO - Filling up the DagBag from /home/airflow/.local/lib/python3.8/site-packages/airflow/example_dags/tutorial_taskflow_api.py
[2024-03-26T21:06:43.023+0000] {processor.py:840} INFO - DAG(s) 'tutorial_taskflow_api' retrieved from /home/airflow/.local/lib/python3.8/site-packages/airflow/example_dags/tutorial_taskflow_api.py
[2024-03-26T21:06:43.085+0000] {logging_mixin.py:188} INFO - [2024-03-26T21:06:43.085+0000] {dag.py:3047} INFO - Sync 1 DAGs
[2024-03-26T21:06:43.126+0000] {logging_mixin.py:188} INFO - [2024-03-26T21:06:43.125+0000] {dag.py:3834} INFO - Setting next_dagrun for tutorial_taskflow_api to None, run_after=None
[2024-03-26T21:06:43.204+0000] {processor.py:183} INFO - Processing /home/airflow/.local/lib/python3.8/site-packages/airflow/example_dags/tutorial_taskflow_api.py took 0.220 seconds
[2024-03-26T21:07:13.452+0000] {processor.py:161} INFO - Started process (PID=1959) to work on /home/airflow/.local/lib/python3.8/site-packages/airflow/example_dags/tutorial_taskflow_api.py
[2024-03-26T21:07:13.454+0000] {processor.py:830} INFO - Processing file /home/airflow/.local/lib/python3.8/site-packages/airflow/example_dags/tutorial_taskflow_api.py for tasks to queue
[2024-03-26T21:07:13.455+0000] {logging_mixin.py:188} INFO - [2024-03-26T21:07:13.455+0000] {dagbag.py:540} INFO - Filling up the DagBag from /home/airflow/.local/lib/python3.8/site-packages/airflow/example_dags/tutorial_taskflow_api.py
[2024-03-26T21:07:13.482+0000] {processor.py:840} INFO - DAG(s) 'tutorial_taskflow_api' retrieved from /home/airflow/.local/lib/python3.8/site-packages/airflow/example_dags/tutorial_taskflow_api.py
[2024-03-26T21:07:13.544+0000] {logging_mixin.py:188} INFO - [2024-03-26T21:07:13.544+0000] {dag.py:3047} INFO - Sync 1 DAGs
[2024-03-26T21:07:13.612+0000] {logging_mixin.py:188} INFO - [2024-03-26T21:07:13.611+0000] {dag.py:3834} INFO - Setting next_dagrun for tutorial_taskflow_api to None, run_after=None
[2024-03-26T21:07:13.673+0000] {processor.py:183} INFO - Processing /home/airflow/.local/lib/python3.8/site-packages/airflow/example_dags/tutorial_taskflow_api.py took 0.232 seconds
[2024-03-26T21:07:43.925+0000] {processor.py:161} INFO - Started process (PID=2205) to work on /home/airflow/.local/lib/python3.8/site-packages/airflow/example_dags/tutorial_taskflow_api.py
[2024-03-26T21:07:43.932+0000] {processor.py:830} INFO - Processing file /home/airflow/.local/lib/python3.8/site-packages/airflow/example_dags/tutorial_taskflow_api.py for tasks to queue
[2024-03-26T21:07:43.934+0000] {logging_mixin.py:188} INFO - [2024-03-26T21:07:43.933+0000] {dagbag.py:540} INFO - Filling up the DagBag from /home/airflow/.local/lib/python3.8/site-packages/airflow/example_dags/tutorial_taskflow_api.py
[2024-03-26T21:07:43.955+0000] {processor.py:840} INFO - DAG(s) 'tutorial_taskflow_api' retrieved from /home/airflow/.local/lib/python3.8/site-packages/airflow/example_dags/tutorial_taskflow_api.py
[2024-03-26T21:07:44.014+0000] {logging_mixin.py:188} INFO - [2024-03-26T21:07:44.014+0000] {dag.py:3047} INFO - Sync 1 DAGs
[2024-03-26T21:07:44.054+0000] {logging_mixin.py:188} INFO - [2024-03-26T21:07:44.054+0000] {dag.py:3834} INFO - Setting next_dagrun for tutorial_taskflow_api to None, run_after=None
[2024-03-26T21:07:44.135+0000] {processor.py:183} INFO - Processing /home/airflow/.local/lib/python3.8/site-packages/airflow/example_dags/tutorial_taskflow_api.py took 0.220 seconds
[2024-03-26T21:08:14.308+0000] {processor.py:161} INFO - Started process (PID=2447) to work on /home/airflow/.local/lib/python3.8/site-packages/airflow/example_dags/tutorial_taskflow_api.py
[2024-03-26T21:08:14.310+0000] {processor.py:830} INFO - Processing file /home/airflow/.local/lib/python3.8/site-packages/airflow/example_dags/tutorial_taskflow_api.py for tasks to queue
[2024-03-26T21:08:14.312+0000] {logging_mixin.py:188} INFO - [2024-03-26T21:08:14.311+0000] {dagbag.py:540} INFO - Filling up the DagBag from /home/airflow/.local/lib/python3.8/site-packages/airflow/example_dags/tutorial_taskflow_api.py
[2024-03-26T21:08:14.340+0000] {processor.py:840} INFO - DAG(s) 'tutorial_taskflow_api' retrieved from /home/airflow/.local/lib/python3.8/site-packages/airflow/example_dags/tutorial_taskflow_api.py
[2024-03-26T21:08:14.419+0000] {logging_mixin.py:188} INFO - [2024-03-26T21:08:14.418+0000] {dag.py:3047} INFO - Sync 1 DAGs
[2024-03-26T21:08:14.478+0000] {logging_mixin.py:188} INFO - [2024-03-26T21:08:14.478+0000] {dag.py:3834} INFO - Setting next_dagrun for tutorial_taskflow_api to None, run_after=None
[2024-03-26T21:08:14.550+0000] {processor.py:183} INFO - Processing /home/airflow/.local/lib/python3.8/site-packages/airflow/example_dags/tutorial_taskflow_api.py took 0.271 seconds
[2024-03-26T21:08:45.180+0000] {processor.py:161} INFO - Started process (PID=2694) to work on /home/airflow/.local/lib/python3.8/site-packages/airflow/example_dags/tutorial_taskflow_api.py
[2024-03-26T21:08:45.187+0000] {processor.py:830} INFO - Processing file /home/airflow/.local/lib/python3.8/site-packages/airflow/example_dags/tutorial_taskflow_api.py for tasks to queue
[2024-03-26T21:08:45.189+0000] {logging_mixin.py:188} INFO - [2024-03-26T21:08:45.189+0000] {dagbag.py:540} INFO - Filling up the DagBag from /home/airflow/.local/lib/python3.8/site-packages/airflow/example_dags/tutorial_taskflow_api.py
[2024-03-26T21:08:45.210+0000] {processor.py:840} INFO - DAG(s) 'tutorial_taskflow_api' retrieved from /home/airflow/.local/lib/python3.8/site-packages/airflow/example_dags/tutorial_taskflow_api.py
[2024-03-26T21:08:45.277+0000] {logging_mixin.py:188} INFO - [2024-03-26T21:08:45.277+0000] {dag.py:3047} INFO - Sync 1 DAGs
[2024-03-26T21:08:45.327+0000] {logging_mixin.py:188} INFO - [2024-03-26T21:08:45.326+0000] {dag.py:3834} INFO - Setting next_dagrun for tutorial_taskflow_api to None, run_after=None
[2024-03-26T21:08:45.407+0000] {processor.py:183} INFO - Processing /home/airflow/.local/lib/python3.8/site-packages/airflow/example_dags/tutorial_taskflow_api.py took 0.237 seconds
[2024-03-26T21:09:15.678+0000] {processor.py:161} INFO - Started process (PID=2941) to work on /home/airflow/.local/lib/python3.8/site-packages/airflow/example_dags/tutorial_taskflow_api.py
[2024-03-26T21:09:15.680+0000] {processor.py:830} INFO - Processing file /home/airflow/.local/lib/python3.8/site-packages/airflow/example_dags/tutorial_taskflow_api.py for tasks to queue
[2024-03-26T21:09:15.687+0000] {logging_mixin.py:188} INFO - [2024-03-26T21:09:15.686+0000] {dagbag.py:540} INFO - Filling up the DagBag from /home/airflow/.local/lib/python3.8/site-packages/airflow/example_dags/tutorial_taskflow_api.py
[2024-03-26T21:09:15.708+0000] {processor.py:840} INFO - DAG(s) 'tutorial_taskflow_api' retrieved from /home/airflow/.local/lib/python3.8/site-packages/airflow/example_dags/tutorial_taskflow_api.py
[2024-03-26T21:09:15.768+0000] {logging_mixin.py:188} INFO - [2024-03-26T21:09:15.768+0000] {dag.py:3047} INFO - Sync 1 DAGs
[2024-03-26T21:09:15.809+0000] {logging_mixin.py:188} INFO - [2024-03-26T21:09:15.809+0000] {dag.py:3834} INFO - Setting next_dagrun for tutorial_taskflow_api to None, run_after=None
[2024-03-26T21:09:15.897+0000] {processor.py:183} INFO - Processing /home/airflow/.local/lib/python3.8/site-packages/airflow/example_dags/tutorial_taskflow_api.py took 0.229 seconds
[2024-03-26T21:09:46.897+0000] {processor.py:161} INFO - Started process (PID=3193) to work on /home/airflow/.local/lib/python3.8/site-packages/airflow/example_dags/tutorial_taskflow_api.py
[2024-03-26T21:09:46.914+0000] {processor.py:830} INFO - Processing file /home/airflow/.local/lib/python3.8/site-packages/airflow/example_dags/tutorial_taskflow_api.py for tasks to queue
[2024-03-26T21:09:46.916+0000] {logging_mixin.py:188} INFO - [2024-03-26T21:09:46.916+0000] {dagbag.py:540} INFO - Filling up the DagBag from /home/airflow/.local/lib/python3.8/site-packages/airflow/example_dags/tutorial_taskflow_api.py
[2024-03-26T21:09:46.938+0000] {processor.py:840} INFO - DAG(s) 'tutorial_taskflow_api' retrieved from /home/airflow/.local/lib/python3.8/site-packages/airflow/example_dags/tutorial_taskflow_api.py
[2024-03-26T21:09:47.008+0000] {logging_mixin.py:188} INFO - [2024-03-26T21:09:47.007+0000] {dag.py:3047} INFO - Sync 1 DAGs
[2024-03-26T21:09:47.054+0000] {logging_mixin.py:188} INFO - [2024-03-26T21:09:47.054+0000] {dag.py:3834} INFO - Setting next_dagrun for tutorial_taskflow_api to None, run_after=None
[2024-03-26T21:09:47.127+0000] {processor.py:183} INFO - Processing /home/airflow/.local/lib/python3.8/site-packages/airflow/example_dags/tutorial_taskflow_api.py took 0.239 seconds
[2024-03-26T21:10:17.735+0000] {processor.py:161} INFO - Started process (PID=3440) to work on /home/airflow/.local/lib/python3.8/site-packages/airflow/example_dags/tutorial_taskflow_api.py
[2024-03-26T21:10:17.736+0000] {processor.py:830} INFO - Processing file /home/airflow/.local/lib/python3.8/site-packages/airflow/example_dags/tutorial_taskflow_api.py for tasks to queue
[2024-03-26T21:10:17.743+0000] {logging_mixin.py:188} INFO - [2024-03-26T21:10:17.743+0000] {dagbag.py:540} INFO - Filling up the DagBag from /home/airflow/.local/lib/python3.8/site-packages/airflow/example_dags/tutorial_taskflow_api.py
[2024-03-26T21:10:17.772+0000] {processor.py:840} INFO - DAG(s) 'tutorial_taskflow_api' retrieved from /home/airflow/.local/lib/python3.8/site-packages/airflow/example_dags/tutorial_taskflow_api.py
[2024-03-26T21:10:17.844+0000] {logging_mixin.py:188} INFO - [2024-03-26T21:10:17.843+0000] {dag.py:3047} INFO - Sync 1 DAGs
[2024-03-26T21:10:17.893+0000] {logging_mixin.py:188} INFO - [2024-03-26T21:10:17.892+0000] {dag.py:3834} INFO - Setting next_dagrun for tutorial_taskflow_api to None, run_after=None
[2024-03-26T21:10:17.954+0000] {processor.py:183} INFO - Processing /home/airflow/.local/lib/python3.8/site-packages/airflow/example_dags/tutorial_taskflow_api.py took 0.229 seconds
[2024-03-26T21:10:48.550+0000] {processor.py:161} INFO - Started process (PID=3687) to work on /home/airflow/.local/lib/python3.8/site-packages/airflow/example_dags/tutorial_taskflow_api.py
[2024-03-26T21:10:48.551+0000] {processor.py:830} INFO - Processing file /home/airflow/.local/lib/python3.8/site-packages/airflow/example_dags/tutorial_taskflow_api.py for tasks to queue
[2024-03-26T21:10:48.553+0000] {logging_mixin.py:188} INFO - [2024-03-26T21:10:48.552+0000] {dagbag.py:540} INFO - Filling up the DagBag from /home/airflow/.local/lib/python3.8/site-packages/airflow/example_dags/tutorial_taskflow_api.py
[2024-03-26T21:10:48.579+0000] {processor.py:840} INFO - DAG(s) 'tutorial_taskflow_api' retrieved from /home/airflow/.local/lib/python3.8/site-packages/airflow/example_dags/tutorial_taskflow_api.py
[2024-03-26T21:10:48.639+0000] {logging_mixin.py:188} INFO - [2024-03-26T21:10:48.633+0000] {dag.py:3047} INFO - Sync 1 DAGs
[2024-03-26T21:10:48.681+0000] {logging_mixin.py:188} INFO - [2024-03-26T21:10:48.681+0000] {dag.py:3834} INFO - Setting next_dagrun for tutorial_taskflow_api to None, run_after=None
[2024-03-26T21:10:48.769+0000] {processor.py:183} INFO - Processing /home/airflow/.local/lib/python3.8/site-packages/airflow/example_dags/tutorial_taskflow_api.py took 0.229 seconds
[2024-03-26T21:11:20.453+0000] {processor.py:161} INFO - Started process (PID=3936) to work on /home/airflow/.local/lib/python3.8/site-packages/airflow/example_dags/tutorial_taskflow_api.py
[2024-03-26T21:11:20.461+0000] {processor.py:830} INFO - Processing file /home/airflow/.local/lib/python3.8/site-packages/airflow/example_dags/tutorial_taskflow_api.py for tasks to queue
[2024-03-26T21:11:20.462+0000] {logging_mixin.py:188} INFO - [2024-03-26T21:11:20.462+0000] {dagbag.py:540} INFO - Filling up the DagBag from /home/airflow/.local/lib/python3.8/site-packages/airflow/example_dags/tutorial_taskflow_api.py
[2024-03-26T21:11:20.482+0000] {processor.py:840} INFO - DAG(s) 'tutorial_taskflow_api' retrieved from /home/airflow/.local/lib/python3.8/site-packages/airflow/example_dags/tutorial_taskflow_api.py
[2024-03-26T21:11:20.553+0000] {logging_mixin.py:188} INFO - [2024-03-26T21:11:20.553+0000] {dag.py:3047} INFO - Sync 1 DAGs
[2024-03-26T21:11:20.592+0000] {logging_mixin.py:188} INFO - [2024-03-26T21:11:20.592+0000] {dag.py:3834} INFO - Setting next_dagrun for tutorial_taskflow_api to None, run_after=None
[2024-03-26T21:11:20.670+0000] {processor.py:183} INFO - Processing /home/airflow/.local/lib/python3.8/site-packages/airflow/example_dags/tutorial_taskflow_api.py took 0.227 seconds
[2024-03-26T21:11:51.308+0000] {processor.py:161} INFO - Started process (PID=4181) to work on /home/airflow/.local/lib/python3.8/site-packages/airflow/example_dags/tutorial_taskflow_api.py
[2024-03-26T21:11:51.316+0000] {processor.py:830} INFO - Processing file /home/airflow/.local/lib/python3.8/site-packages/airflow/example_dags/tutorial_taskflow_api.py for tasks to queue
[2024-03-26T21:11:51.318+0000] {logging_mixin.py:188} INFO - [2024-03-26T21:11:51.317+0000] {dagbag.py:540} INFO - Filling up the DagBag from /home/airflow/.local/lib/python3.8/site-packages/airflow/example_dags/tutorial_taskflow_api.py
[2024-03-26T21:11:51.348+0000] {processor.py:840} INFO - DAG(s) 'tutorial_taskflow_api' retrieved from /home/airflow/.local/lib/python3.8/site-packages/airflow/example_dags/tutorial_taskflow_api.py
[2024-03-26T21:11:51.417+0000] {logging_mixin.py:188} INFO - [2024-03-26T21:11:51.417+0000] {dag.py:3047} INFO - Sync 1 DAGs
[2024-03-26T21:11:51.477+0000] {logging_mixin.py:188} INFO - [2024-03-26T21:11:51.476+0000] {dag.py:3834} INFO - Setting next_dagrun for tutorial_taskflow_api to None, run_after=None
[2024-03-26T21:11:51.587+0000] {processor.py:183} INFO - Processing /home/airflow/.local/lib/python3.8/site-packages/airflow/example_dags/tutorial_taskflow_api.py took 0.291 seconds
[2024-03-26T21:12:22.278+0000] {processor.py:161} INFO - Started process (PID=4428) to work on /home/airflow/.local/lib/python3.8/site-packages/airflow/example_dags/tutorial_taskflow_api.py
[2024-03-26T21:12:22.286+0000] {processor.py:830} INFO - Processing file /home/airflow/.local/lib/python3.8/site-packages/airflow/example_dags/tutorial_taskflow_api.py for tasks to queue
[2024-03-26T21:12:22.288+0000] {logging_mixin.py:188} INFO - [2024-03-26T21:12:22.287+0000] {dagbag.py:540} INFO - Filling up the DagBag from /home/airflow/.local/lib/python3.8/site-packages/airflow/example_dags/tutorial_taskflow_api.py
[2024-03-26T21:12:22.316+0000] {processor.py:840} INFO - DAG(s) 'tutorial_taskflow_api' retrieved from /home/airflow/.local/lib/python3.8/site-packages/airflow/example_dags/tutorial_taskflow_api.py
[2024-03-26T21:12:22.398+0000] {logging_mixin.py:188} INFO - [2024-03-26T21:12:22.398+0000] {dag.py:3047} INFO - Sync 1 DAGs
[2024-03-26T21:12:22.458+0000] {logging_mixin.py:188} INFO - [2024-03-26T21:12:22.457+0000] {dag.py:3834} INFO - Setting next_dagrun for tutorial_taskflow_api to None, run_after=None
[2024-03-26T21:12:22.557+0000] {processor.py:183} INFO - Processing /home/airflow/.local/lib/python3.8/site-packages/airflow/example_dags/tutorial_taskflow_api.py took 0.297 seconds
[2024-03-26T21:12:53.155+0000] {processor.py:161} INFO - Started process (PID=4675) to work on /home/airflow/.local/lib/python3.8/site-packages/airflow/example_dags/tutorial_taskflow_api.py
[2024-03-26T21:12:53.163+0000] {processor.py:830} INFO - Processing file /home/airflow/.local/lib/python3.8/site-packages/airflow/example_dags/tutorial_taskflow_api.py for tasks to queue
[2024-03-26T21:12:53.164+0000] {logging_mixin.py:188} INFO - [2024-03-26T21:12:53.164+0000] {dagbag.py:540} INFO - Filling up the DagBag from /home/airflow/.local/lib/python3.8/site-packages/airflow/example_dags/tutorial_taskflow_api.py
[2024-03-26T21:12:53.194+0000] {processor.py:840} INFO - DAG(s) 'tutorial_taskflow_api' retrieved from /home/airflow/.local/lib/python3.8/site-packages/airflow/example_dags/tutorial_taskflow_api.py
[2024-03-26T21:12:53.273+0000] {logging_mixin.py:188} INFO - [2024-03-26T21:12:53.272+0000] {dag.py:3047} INFO - Sync 1 DAGs
[2024-03-26T21:12:53.332+0000] {logging_mixin.py:188} INFO - [2024-03-26T21:12:53.325+0000] {dag.py:3834} INFO - Setting next_dagrun for tutorial_taskflow_api to None, run_after=None
[2024-03-26T21:12:53.412+0000] {processor.py:183} INFO - Processing /home/airflow/.local/lib/python3.8/site-packages/airflow/example_dags/tutorial_taskflow_api.py took 0.268 seconds
[2024-03-26T21:13:23.893+0000] {processor.py:161} INFO - Started process (PID=4922) to work on /home/airflow/.local/lib/python3.8/site-packages/airflow/example_dags/tutorial_taskflow_api.py
[2024-03-26T21:13:23.905+0000] {processor.py:830} INFO - Processing file /home/airflow/.local/lib/python3.8/site-packages/airflow/example_dags/tutorial_taskflow_api.py for tasks to queue
[2024-03-26T21:13:23.915+0000] {logging_mixin.py:188} INFO - [2024-03-26T21:13:23.906+0000] {dagbag.py:540} INFO - Filling up the DagBag from /home/airflow/.local/lib/python3.8/site-packages/airflow/example_dags/tutorial_taskflow_api.py
[2024-03-26T21:13:23.946+0000] {processor.py:840} INFO - DAG(s) 'tutorial_taskflow_api' retrieved from /home/airflow/.local/lib/python3.8/site-packages/airflow/example_dags/tutorial_taskflow_api.py
[2024-03-26T21:13:24.043+0000] {logging_mixin.py:188} INFO - [2024-03-26T21:13:24.043+0000] {dag.py:3047} INFO - Sync 1 DAGs
[2024-03-26T21:13:24.102+0000] {logging_mixin.py:188} INFO - [2024-03-26T21:13:24.096+0000] {dag.py:3834} INFO - Setting next_dagrun for tutorial_taskflow_api to None, run_after=None
[2024-03-26T21:13:24.165+0000] {processor.py:183} INFO - Processing /home/airflow/.local/lib/python3.8/site-packages/airflow/example_dags/tutorial_taskflow_api.py took 0.289 seconds
[2024-03-26T21:13:54.669+0000] {processor.py:161} INFO - Started process (PID=5166) to work on /home/airflow/.local/lib/python3.8/site-packages/airflow/example_dags/tutorial_taskflow_api.py
[2024-03-26T21:13:54.671+0000] {processor.py:830} INFO - Processing file /home/airflow/.local/lib/python3.8/site-packages/airflow/example_dags/tutorial_taskflow_api.py for tasks to queue
[2024-03-26T21:13:54.679+0000] {logging_mixin.py:188} INFO - [2024-03-26T21:13:54.678+0000] {dagbag.py:540} INFO - Filling up the DagBag from /home/airflow/.local/lib/python3.8/site-packages/airflow/example_dags/tutorial_taskflow_api.py
[2024-03-26T21:13:54.709+0000] {processor.py:840} INFO - DAG(s) 'tutorial_taskflow_api' retrieved from /home/airflow/.local/lib/python3.8/site-packages/airflow/example_dags/tutorial_taskflow_api.py
[2024-03-26T21:13:54.781+0000] {logging_mixin.py:188} INFO - [2024-03-26T21:13:54.781+0000] {dag.py:3047} INFO - Sync 1 DAGs
[2024-03-26T21:13:54.839+0000] {logging_mixin.py:188} INFO - [2024-03-26T21:13:54.839+0000] {dag.py:3834} INFO - Setting next_dagrun for tutorial_taskflow_api to None, run_after=None
[2024-03-26T21:13:54.928+0000] {processor.py:183} INFO - Processing /home/airflow/.local/lib/python3.8/site-packages/airflow/example_dags/tutorial_taskflow_api.py took 0.270 seconds
[2024-03-26T21:14:25.410+0000] {processor.py:161} INFO - Started process (PID=5413) to work on /home/airflow/.local/lib/python3.8/site-packages/airflow/example_dags/tutorial_taskflow_api.py
[2024-03-26T21:14:25.411+0000] {processor.py:830} INFO - Processing file /home/airflow/.local/lib/python3.8/site-packages/airflow/example_dags/tutorial_taskflow_api.py for tasks to queue
[2024-03-26T21:14:25.419+0000] {logging_mixin.py:188} INFO - [2024-03-26T21:14:25.412+0000] {dagbag.py:540} INFO - Filling up the DagBag from /home/airflow/.local/lib/python3.8/site-packages/airflow/example_dags/tutorial_taskflow_api.py
[2024-03-26T21:14:25.440+0000] {processor.py:840} INFO - DAG(s) 'tutorial_taskflow_api' retrieved from /home/airflow/.local/lib/python3.8/site-packages/airflow/example_dags/tutorial_taskflow_api.py
[2024-03-26T21:14:25.511+0000] {logging_mixin.py:188} INFO - [2024-03-26T21:14:25.510+0000] {dag.py:3047} INFO - Sync 1 DAGs
[2024-03-26T21:14:25.550+0000] {logging_mixin.py:188} INFO - [2024-03-26T21:14:25.550+0000] {dag.py:3834} INFO - Setting next_dagrun for tutorial_taskflow_api to None, run_after=None
[2024-03-26T21:14:25.619+0000] {processor.py:183} INFO - Processing /home/airflow/.local/lib/python3.8/site-packages/airflow/example_dags/tutorial_taskflow_api.py took 0.220 seconds
[2024-03-26T21:14:55.904+0000] {processor.py:161} INFO - Started process (PID=5658) to work on /home/airflow/.local/lib/python3.8/site-packages/airflow/example_dags/tutorial_taskflow_api.py
[2024-03-26T21:14:55.906+0000] {processor.py:830} INFO - Processing file /home/airflow/.local/lib/python3.8/site-packages/airflow/example_dags/tutorial_taskflow_api.py for tasks to queue
[2024-03-26T21:14:55.914+0000] {logging_mixin.py:188} INFO - [2024-03-26T21:14:55.907+0000] {dagbag.py:540} INFO - Filling up the DagBag from /home/airflow/.local/lib/python3.8/site-packages/airflow/example_dags/tutorial_taskflow_api.py
[2024-03-26T21:14:55.936+0000] {processor.py:840} INFO - DAG(s) 'tutorial_taskflow_api' retrieved from /home/airflow/.local/lib/python3.8/site-packages/airflow/example_dags/tutorial_taskflow_api.py
[2024-03-26T21:14:56.016+0000] {logging_mixin.py:188} INFO - [2024-03-26T21:14:56.015+0000] {dag.py:3047} INFO - Sync 1 DAGs
[2024-03-26T21:14:56.074+0000] {logging_mixin.py:188} INFO - [2024-03-26T21:14:56.067+0000] {dag.py:3834} INFO - Setting next_dagrun for tutorial_taskflow_api to None, run_after=None
[2024-03-26T21:14:56.146+0000] {processor.py:183} INFO - Processing /home/airflow/.local/lib/python3.8/site-packages/airflow/example_dags/tutorial_taskflow_api.py took 0.259 seconds
[2024-03-26T21:15:26.805+0000] {processor.py:161} INFO - Started process (PID=5904) to work on /home/airflow/.local/lib/python3.8/site-packages/airflow/example_dags/tutorial_taskflow_api.py
[2024-03-26T21:15:26.806+0000] {processor.py:830} INFO - Processing file /home/airflow/.local/lib/python3.8/site-packages/airflow/example_dags/tutorial_taskflow_api.py for tasks to queue
[2024-03-26T21:15:26.808+0000] {logging_mixin.py:188} INFO - [2024-03-26T21:15:26.807+0000] {dagbag.py:540} INFO - Filling up the DagBag from /home/airflow/.local/lib/python3.8/site-packages/airflow/example_dags/tutorial_taskflow_api.py
[2024-03-26T21:15:26.846+0000] {processor.py:840} INFO - DAG(s) 'tutorial_taskflow_api' retrieved from /home/airflow/.local/lib/python3.8/site-packages/airflow/example_dags/tutorial_taskflow_api.py
[2024-03-26T21:15:26.926+0000] {logging_mixin.py:188} INFO - [2024-03-26T21:15:26.925+0000] {dag.py:3047} INFO - Sync 1 DAGs
[2024-03-26T21:15:26.967+0000] {logging_mixin.py:188} INFO - [2024-03-26T21:15:26.967+0000] {dag.py:3834} INFO - Setting next_dagrun for tutorial_taskflow_api to None, run_after=None
[2024-03-26T21:15:27.047+0000] {processor.py:183} INFO - Processing /home/airflow/.local/lib/python3.8/site-packages/airflow/example_dags/tutorial_taskflow_api.py took 0.260 seconds
[2024-03-26T21:15:57.834+0000] {processor.py:161} INFO - Started process (PID=6151) to work on /home/airflow/.local/lib/python3.8/site-packages/airflow/example_dags/tutorial_taskflow_api.py
[2024-03-26T21:15:57.836+0000] {processor.py:830} INFO - Processing file /home/airflow/.local/lib/python3.8/site-packages/airflow/example_dags/tutorial_taskflow_api.py for tasks to queue
[2024-03-26T21:15:57.844+0000] {logging_mixin.py:188} INFO - [2024-03-26T21:15:57.837+0000] {dagbag.py:540} INFO - Filling up the DagBag from /home/airflow/.local/lib/python3.8/site-packages/airflow/example_dags/tutorial_taskflow_api.py
[2024-03-26T21:15:57.866+0000] {processor.py:840} INFO - DAG(s) 'tutorial_taskflow_api' retrieved from /home/airflow/.local/lib/python3.8/site-packages/airflow/example_dags/tutorial_taskflow_api.py
[2024-03-26T21:15:57.957+0000] {logging_mixin.py:188} INFO - [2024-03-26T21:15:57.956+0000] {dag.py:3047} INFO - Sync 1 DAGs
[2024-03-26T21:15:58.017+0000] {logging_mixin.py:188} INFO - [2024-03-26T21:15:58.016+0000] {dag.py:3834} INFO - Setting next_dagrun for tutorial_taskflow_api to None, run_after=None
[2024-03-26T21:15:58.127+0000] {processor.py:183} INFO - Processing /home/airflow/.local/lib/python3.8/site-packages/airflow/example_dags/tutorial_taskflow_api.py took 0.312 seconds
[2024-03-26T21:20:57.136+0000] {processor.py:161} INFO - Started process (PID=234) to work on /home/airflow/.local/lib/python3.8/site-packages/airflow/example_dags/tutorial_taskflow_api.py
[2024-03-26T21:20:57.145+0000] {processor.py:830} INFO - Processing file /home/airflow/.local/lib/python3.8/site-packages/airflow/example_dags/tutorial_taskflow_api.py for tasks to queue
[2024-03-26T21:20:57.155+0000] {logging_mixin.py:188} INFO - [2024-03-26T21:20:57.146+0000] {dagbag.py:540} INFO - Filling up the DagBag from /home/airflow/.local/lib/python3.8/site-packages/airflow/example_dags/tutorial_taskflow_api.py
[2024-03-26T21:20:57.235+0000] {processor.py:840} INFO - DAG(s) 'tutorial_taskflow_api' retrieved from /home/airflow/.local/lib/python3.8/site-packages/airflow/example_dags/tutorial_taskflow_api.py
[2024-03-26T21:20:57.984+0000] {logging_mixin.py:188} INFO - [2024-03-26T21:20:57.977+0000] {dag.py:3047} INFO - Sync 1 DAGs
[2024-03-26T21:20:58.055+0000] {logging_mixin.py:188} INFO - [2024-03-26T21:20:58.055+0000] {dag.py:3834} INFO - Setting next_dagrun for tutorial_taskflow_api to None, run_after=None
[2024-03-26T21:20:58.195+0000] {processor.py:183} INFO - Processing /home/airflow/.local/lib/python3.8/site-packages/airflow/example_dags/tutorial_taskflow_api.py took 1.081 seconds
[2024-03-26T21:21:28.596+0000] {processor.py:161} INFO - Started process (PID=482) to work on /home/airflow/.local/lib/python3.8/site-packages/airflow/example_dags/tutorial_taskflow_api.py
[2024-03-26T21:21:28.597+0000] {processor.py:830} INFO - Processing file /home/airflow/.local/lib/python3.8/site-packages/airflow/example_dags/tutorial_taskflow_api.py for tasks to queue
[2024-03-26T21:21:28.607+0000] {logging_mixin.py:188} INFO - [2024-03-26T21:21:28.606+0000] {dagbag.py:540} INFO - Filling up the DagBag from /home/airflow/.local/lib/python3.8/site-packages/airflow/example_dags/tutorial_taskflow_api.py
[2024-03-26T21:21:28.647+0000] {processor.py:840} INFO - DAG(s) 'tutorial_taskflow_api' retrieved from /home/airflow/.local/lib/python3.8/site-packages/airflow/example_dags/tutorial_taskflow_api.py
[2024-03-26T21:21:28.785+0000] {logging_mixin.py:188} INFO - [2024-03-26T21:21:28.778+0000] {dag.py:3047} INFO - Sync 1 DAGs
[2024-03-26T21:21:28.847+0000] {logging_mixin.py:188} INFO - [2024-03-26T21:21:28.846+0000] {dag.py:3834} INFO - Setting next_dagrun for tutorial_taskflow_api to None, run_after=None
[2024-03-26T21:21:28.957+0000] {processor.py:183} INFO - Processing /home/airflow/.local/lib/python3.8/site-packages/airflow/example_dags/tutorial_taskflow_api.py took 0.390 seconds
[2024-03-26T21:21:59.920+0000] {processor.py:161} INFO - Started process (PID=730) to work on /home/airflow/.local/lib/python3.8/site-packages/airflow/example_dags/tutorial_taskflow_api.py
[2024-03-26T21:21:59.929+0000] {processor.py:830} INFO - Processing file /home/airflow/.local/lib/python3.8/site-packages/airflow/example_dags/tutorial_taskflow_api.py for tasks to queue
[2024-03-26T21:21:59.931+0000] {logging_mixin.py:188} INFO - [2024-03-26T21:21:59.931+0000] {dagbag.py:540} INFO - Filling up the DagBag from /home/airflow/.local/lib/python3.8/site-packages/airflow/example_dags/tutorial_taskflow_api.py
[2024-03-26T21:21:59.989+0000] {processor.py:840} INFO - DAG(s) 'tutorial_taskflow_api' retrieved from /home/airflow/.local/lib/python3.8/site-packages/airflow/example_dags/tutorial_taskflow_api.py
[2024-03-26T21:22:00.151+0000] {logging_mixin.py:188} INFO - [2024-03-26T21:22:00.150+0000] {dag.py:3047} INFO - Sync 1 DAGs
[2024-03-26T21:22:00.230+0000] {logging_mixin.py:188} INFO - [2024-03-26T21:22:00.229+0000] {dag.py:3834} INFO - Setting next_dagrun for tutorial_taskflow_api to None, run_after=None
[2024-03-26T21:22:00.351+0000] {processor.py:183} INFO - Processing /home/airflow/.local/lib/python3.8/site-packages/airflow/example_dags/tutorial_taskflow_api.py took 0.451 seconds
[2024-03-26T21:22:31.634+0000] {processor.py:161} INFO - Started process (PID=977) to work on /home/airflow/.local/lib/python3.8/site-packages/airflow/example_dags/tutorial_taskflow_api.py
[2024-03-26T21:22:31.635+0000] {processor.py:830} INFO - Processing file /home/airflow/.local/lib/python3.8/site-packages/airflow/example_dags/tutorial_taskflow_api.py for tasks to queue
[2024-03-26T21:22:31.644+0000] {logging_mixin.py:188} INFO - [2024-03-26T21:22:31.644+0000] {dagbag.py:540} INFO - Filling up the DagBag from /home/airflow/.local/lib/python3.8/site-packages/airflow/example_dags/tutorial_taskflow_api.py
[2024-03-26T21:22:31.683+0000] {processor.py:840} INFO - DAG(s) 'tutorial_taskflow_api' retrieved from /home/airflow/.local/lib/python3.8/site-packages/airflow/example_dags/tutorial_taskflow_api.py
[2024-03-26T21:22:31.803+0000] {logging_mixin.py:188} INFO - [2024-03-26T21:22:31.795+0000] {dag.py:3047} INFO - Sync 1 DAGs
[2024-03-26T21:22:31.865+0000] {logging_mixin.py:188} INFO - [2024-03-26T21:22:31.865+0000] {dag.py:3834} INFO - Setting next_dagrun for tutorial_taskflow_api to None, run_after=None
[2024-03-26T21:22:32.005+0000] {processor.py:183} INFO - Processing /home/airflow/.local/lib/python3.8/site-packages/airflow/example_dags/tutorial_taskflow_api.py took 0.391 seconds
[2024-03-26T21:23:04.217+0000] {processor.py:161} INFO - Started process (PID=1226) to work on /home/airflow/.local/lib/python3.8/site-packages/airflow/example_dags/tutorial_taskflow_api.py
[2024-03-26T21:23:04.235+0000] {processor.py:830} INFO - Processing file /home/airflow/.local/lib/python3.8/site-packages/airflow/example_dags/tutorial_taskflow_api.py for tasks to queue
[2024-03-26T21:23:04.247+0000] {logging_mixin.py:188} INFO - [2024-03-26T21:23:04.246+0000] {dagbag.py:540} INFO - Filling up the DagBag from /home/airflow/.local/lib/python3.8/site-packages/airflow/example_dags/tutorial_taskflow_api.py
[2024-03-26T21:23:04.354+0000] {processor.py:840} INFO - DAG(s) 'tutorial_taskflow_api' retrieved from /home/airflow/.local/lib/python3.8/site-packages/airflow/example_dags/tutorial_taskflow_api.py
[2024-03-26T21:23:04.605+0000] {logging_mixin.py:188} INFO - [2024-03-26T21:23:04.597+0000] {dag.py:3047} INFO - Sync 1 DAGs
[2024-03-26T21:23:04.756+0000] {logging_mixin.py:188} INFO - [2024-03-26T21:23:04.756+0000] {dag.py:3834} INFO - Setting next_dagrun for tutorial_taskflow_api to None, run_after=None
[2024-03-26T21:23:05.036+0000] {processor.py:183} INFO - Processing /home/airflow/.local/lib/python3.8/site-packages/airflow/example_dags/tutorial_taskflow_api.py took 0.831 seconds
[2024-03-26T21:23:36.090+0000] {processor.py:161} INFO - Started process (PID=1471) to work on /home/airflow/.local/lib/python3.8/site-packages/airflow/example_dags/tutorial_taskflow_api.py
[2024-03-26T21:23:36.099+0000] {processor.py:830} INFO - Processing file /home/airflow/.local/lib/python3.8/site-packages/airflow/example_dags/tutorial_taskflow_api.py for tasks to queue
[2024-03-26T21:23:36.100+0000] {logging_mixin.py:188} INFO - [2024-03-26T21:23:36.100+0000] {dagbag.py:540} INFO - Filling up the DagBag from /home/airflow/.local/lib/python3.8/site-packages/airflow/example_dags/tutorial_taskflow_api.py
[2024-03-26T21:23:36.149+0000] {processor.py:840} INFO - DAG(s) 'tutorial_taskflow_api' retrieved from /home/airflow/.local/lib/python3.8/site-packages/airflow/example_dags/tutorial_taskflow_api.py
[2024-03-26T21:23:36.279+0000] {logging_mixin.py:188} INFO - [2024-03-26T21:23:36.279+0000] {dag.py:3047} INFO - Sync 1 DAGs
[2024-03-26T21:23:36.360+0000] {logging_mixin.py:188} INFO - [2024-03-26T21:23:36.360+0000] {dag.py:3834} INFO - Setting next_dagrun for tutorial_taskflow_api to None, run_after=None
[2024-03-26T21:23:36.550+0000] {processor.py:183} INFO - Processing /home/airflow/.local/lib/python3.8/site-packages/airflow/example_dags/tutorial_taskflow_api.py took 0.480 seconds
[2024-03-26T21:24:06.844+0000] {processor.py:161} INFO - Started process (PID=1714) to work on /home/airflow/.local/lib/python3.8/site-packages/airflow/example_dags/tutorial_taskflow_api.py
[2024-03-26T21:24:06.845+0000] {processor.py:830} INFO - Processing file /home/airflow/.local/lib/python3.8/site-packages/airflow/example_dags/tutorial_taskflow_api.py for tasks to queue
[2024-03-26T21:24:06.855+0000] {logging_mixin.py:188} INFO - [2024-03-26T21:24:06.854+0000] {dagbag.py:540} INFO - Filling up the DagBag from /home/airflow/.local/lib/python3.8/site-packages/airflow/example_dags/tutorial_taskflow_api.py
[2024-03-26T21:24:06.895+0000] {processor.py:840} INFO - DAG(s) 'tutorial_taskflow_api' retrieved from /home/airflow/.local/lib/python3.8/site-packages/airflow/example_dags/tutorial_taskflow_api.py
[2024-03-26T21:24:07.033+0000] {logging_mixin.py:188} INFO - [2024-03-26T21:24:07.025+0000] {dag.py:3047} INFO - Sync 1 DAGs
[2024-03-26T21:24:07.114+0000] {logging_mixin.py:188} INFO - [2024-03-26T21:24:07.105+0000] {dag.py:3834} INFO - Setting next_dagrun for tutorial_taskflow_api to None, run_after=None
[2024-03-26T21:24:07.245+0000] {processor.py:183} INFO - Processing /home/airflow/.local/lib/python3.8/site-packages/airflow/example_dags/tutorial_taskflow_api.py took 0.430 seconds
[2024-03-26T21:24:37.700+0000] {processor.py:161} INFO - Started process (PID=1959) to work on /home/airflow/.local/lib/python3.8/site-packages/airflow/example_dags/tutorial_taskflow_api.py
[2024-03-26T21:24:37.710+0000] {processor.py:830} INFO - Processing file /home/airflow/.local/lib/python3.8/site-packages/airflow/example_dags/tutorial_taskflow_api.py for tasks to queue
[2024-03-26T21:24:37.721+0000] {logging_mixin.py:188} INFO - [2024-03-26T21:24:37.720+0000] {dagbag.py:540} INFO - Filling up the DagBag from /home/airflow/.local/lib/python3.8/site-packages/airflow/example_dags/tutorial_taskflow_api.py
[2024-03-26T21:24:37.780+0000] {processor.py:840} INFO - DAG(s) 'tutorial_taskflow_api' retrieved from /home/airflow/.local/lib/python3.8/site-packages/airflow/example_dags/tutorial_taskflow_api.py
[2024-03-26T21:24:37.989+0000] {logging_mixin.py:188} INFO - [2024-03-26T21:24:37.981+0000] {dag.py:3047} INFO - Sync 1 DAGs
[2024-03-26T21:24:38.081+0000] {logging_mixin.py:188} INFO - [2024-03-26T21:24:38.081+0000] {dag.py:3834} INFO - Setting next_dagrun for tutorial_taskflow_api to None, run_after=None
[2024-03-26T21:24:38.229+0000] {processor.py:183} INFO - Processing /home/airflow/.local/lib/python3.8/site-packages/airflow/example_dags/tutorial_taskflow_api.py took 0.568 seconds
[2024-03-26T21:25:10.243+0000] {processor.py:161} INFO - Started process (PID=2209) to work on /home/airflow/.local/lib/python3.8/site-packages/airflow/example_dags/tutorial_taskflow_api.py
[2024-03-26T21:25:10.262+0000] {processor.py:830} INFO - Processing file /home/airflow/.local/lib/python3.8/site-packages/airflow/example_dags/tutorial_taskflow_api.py for tasks to queue
[2024-03-26T21:25:10.272+0000] {logging_mixin.py:188} INFO - [2024-03-26T21:25:10.263+0000] {dagbag.py:540} INFO - Filling up the DagBag from /home/airflow/.local/lib/python3.8/site-packages/airflow/example_dags/tutorial_taskflow_api.py
[2024-03-26T21:25:10.323+0000] {processor.py:840} INFO - DAG(s) 'tutorial_taskflow_api' retrieved from /home/airflow/.local/lib/python3.8/site-packages/airflow/example_dags/tutorial_taskflow_api.py
[2024-03-26T21:25:10.493+0000] {logging_mixin.py:188} INFO - [2024-03-26T21:25:10.493+0000] {dag.py:3047} INFO - Sync 1 DAGs
[2024-03-26T21:25:10.632+0000] {logging_mixin.py:188} INFO - [2024-03-26T21:25:10.632+0000] {dag.py:3834} INFO - Setting next_dagrun for tutorial_taskflow_api to None, run_after=None
[2024-03-26T21:25:10.823+0000] {processor.py:183} INFO - Processing /home/airflow/.local/lib/python3.8/site-packages/airflow/example_dags/tutorial_taskflow_api.py took 0.610 seconds
[2024-03-26T21:25:41.086+0000] {processor.py:161} INFO - Started process (PID=2454) to work on /home/airflow/.local/lib/python3.8/site-packages/airflow/example_dags/tutorial_taskflow_api.py
[2024-03-26T21:25:41.096+0000] {processor.py:830} INFO - Processing file /home/airflow/.local/lib/python3.8/site-packages/airflow/example_dags/tutorial_taskflow_api.py for tasks to queue
[2024-03-26T21:25:41.106+0000] {logging_mixin.py:188} INFO - [2024-03-26T21:25:41.105+0000] {dagbag.py:540} INFO - Filling up the DagBag from /home/airflow/.local/lib/python3.8/site-packages/airflow/example_dags/tutorial_taskflow_api.py
[2024-03-26T21:25:41.165+0000] {processor.py:840} INFO - DAG(s) 'tutorial_taskflow_api' retrieved from /home/airflow/.local/lib/python3.8/site-packages/airflow/example_dags/tutorial_taskflow_api.py
[2024-03-26T21:25:41.346+0000] {logging_mixin.py:188} INFO - [2024-03-26T21:25:41.345+0000] {dag.py:3047} INFO - Sync 1 DAGs
[2024-03-26T21:25:41.465+0000] {logging_mixin.py:188} INFO - [2024-03-26T21:25:41.456+0000] {dag.py:3834} INFO - Setting next_dagrun for tutorial_taskflow_api to None, run_after=None
[2024-03-26T21:25:41.606+0000] {processor.py:183} INFO - Processing /home/airflow/.local/lib/python3.8/site-packages/airflow/example_dags/tutorial_taskflow_api.py took 0.540 seconds
[2024-03-26T21:26:12.790+0000] {processor.py:161} INFO - Started process (PID=2702) to work on /home/airflow/.local/lib/python3.8/site-packages/airflow/example_dags/tutorial_taskflow_api.py
[2024-03-26T21:26:12.809+0000] {processor.py:830} INFO - Processing file /home/airflow/.local/lib/python3.8/site-packages/airflow/example_dags/tutorial_taskflow_api.py for tasks to queue
[2024-03-26T21:26:12.820+0000] {logging_mixin.py:188} INFO - [2024-03-26T21:26:12.819+0000] {dagbag.py:540} INFO - Filling up the DagBag from /home/airflow/.local/lib/python3.8/site-packages/airflow/example_dags/tutorial_taskflow_api.py
[2024-03-26T21:26:12.890+0000] {processor.py:840} INFO - DAG(s) 'tutorial_taskflow_api' retrieved from /home/airflow/.local/lib/python3.8/site-packages/airflow/example_dags/tutorial_taskflow_api.py
[2024-03-26T21:26:13.089+0000] {logging_mixin.py:188} INFO - [2024-03-26T21:26:13.089+0000] {dag.py:3047} INFO - Sync 1 DAGs
[2024-03-26T21:26:13.179+0000] {logging_mixin.py:188} INFO - [2024-03-26T21:26:13.179+0000] {dag.py:3834} INFO - Setting next_dagrun for tutorial_taskflow_api to None, run_after=None
[2024-03-26T21:26:13.369+0000] {processor.py:183} INFO - Processing /home/airflow/.local/lib/python3.8/site-packages/airflow/example_dags/tutorial_taskflow_api.py took 0.609 seconds
[2024-03-26T21:26:45.112+0000] {processor.py:161} INFO - Started process (PID=2950) to work on /home/airflow/.local/lib/python3.8/site-packages/airflow/example_dags/tutorial_taskflow_api.py
[2024-03-26T21:26:45.122+0000] {processor.py:830} INFO - Processing file /home/airflow/.local/lib/python3.8/site-packages/airflow/example_dags/tutorial_taskflow_api.py for tasks to queue
[2024-03-26T21:26:45.123+0000] {logging_mixin.py:188} INFO - [2024-03-26T21:26:45.122+0000] {dagbag.py:540} INFO - Filling up the DagBag from /home/airflow/.local/lib/python3.8/site-packages/airflow/example_dags/tutorial_taskflow_api.py
[2024-03-26T21:26:45.182+0000] {processor.py:840} INFO - DAG(s) 'tutorial_taskflow_api' retrieved from /home/airflow/.local/lib/python3.8/site-packages/airflow/example_dags/tutorial_taskflow_api.py
[2024-03-26T21:26:45.343+0000] {logging_mixin.py:188} INFO - [2024-03-26T21:26:45.342+0000] {dag.py:3047} INFO - Sync 1 DAGs
[2024-03-26T21:26:45.443+0000] {logging_mixin.py:188} INFO - [2024-03-26T21:26:45.442+0000] {dag.py:3834} INFO - Setting next_dagrun for tutorial_taskflow_api to None, run_after=None
[2024-03-26T21:26:45.632+0000] {processor.py:183} INFO - Processing /home/airflow/.local/lib/python3.8/site-packages/airflow/example_dags/tutorial_taskflow_api.py took 0.550 seconds
[2024-03-26T21:27:18.514+0000] {processor.py:161} INFO - Started process (PID=3197) to work on /home/airflow/.local/lib/python3.8/site-packages/airflow/example_dags/tutorial_taskflow_api.py
[2024-03-26T21:27:18.524+0000] {processor.py:830} INFO - Processing file /home/airflow/.local/lib/python3.8/site-packages/airflow/example_dags/tutorial_taskflow_api.py for tasks to queue
[2024-03-26T21:27:18.534+0000] {logging_mixin.py:188} INFO - [2024-03-26T21:27:18.533+0000] {dagbag.py:540} INFO - Filling up the DagBag from /home/airflow/.local/lib/python3.8/site-packages/airflow/example_dags/tutorial_taskflow_api.py
[2024-03-26T21:27:18.593+0000] {processor.py:840} INFO - DAG(s) 'tutorial_taskflow_api' retrieved from /home/airflow/.local/lib/python3.8/site-packages/airflow/example_dags/tutorial_taskflow_api.py
[2024-03-26T21:27:18.773+0000] {logging_mixin.py:188} INFO - [2024-03-26T21:27:18.765+0000] {dag.py:3047} INFO - Sync 1 DAGs
[2024-03-26T21:27:18.893+0000] {logging_mixin.py:188} INFO - [2024-03-26T21:27:18.884+0000] {dag.py:3834} INFO - Setting next_dagrun for tutorial_taskflow_api to None, run_after=None
[2024-03-26T21:27:19.085+0000] {processor.py:183} INFO - Processing /home/airflow/.local/lib/python3.8/site-packages/airflow/example_dags/tutorial_taskflow_api.py took 0.600 seconds
[2024-03-26T21:27:49.862+0000] {processor.py:161} INFO - Started process (PID=3444) to work on /home/airflow/.local/lib/python3.8/site-packages/airflow/example_dags/tutorial_taskflow_api.py
[2024-03-26T21:27:49.873+0000] {processor.py:830} INFO - Processing file /home/airflow/.local/lib/python3.8/site-packages/airflow/example_dags/tutorial_taskflow_api.py for tasks to queue
[2024-03-26T21:27:49.892+0000] {logging_mixin.py:188} INFO - [2024-03-26T21:27:49.883+0000] {dagbag.py:540} INFO - Filling up the DagBag from /home/airflow/.local/lib/python3.8/site-packages/airflow/example_dags/tutorial_taskflow_api.py
[2024-03-26T21:27:49.991+0000] {processor.py:840} INFO - DAG(s) 'tutorial_taskflow_api' retrieved from /home/airflow/.local/lib/python3.8/site-packages/airflow/example_dags/tutorial_taskflow_api.py
[2024-03-26T21:27:50.303+0000] {logging_mixin.py:188} INFO - [2024-03-26T21:27:50.302+0000] {dag.py:3047} INFO - Sync 1 DAGs
[2024-03-26T21:27:50.572+0000] {logging_mixin.py:188} INFO - [2024-03-26T21:27:50.572+0000] {dag.py:3834} INFO - Setting next_dagrun for tutorial_taskflow_api to None, run_after=None
[2024-03-26T21:27:50.813+0000] {processor.py:183} INFO - Processing /home/airflow/.local/lib/python3.8/site-packages/airflow/example_dags/tutorial_taskflow_api.py took 1.000 seconds
[2024-03-26T21:28:21.245+0000] {processor.py:161} INFO - Started process (PID=3686) to work on /home/airflow/.local/lib/python3.8/site-packages/airflow/example_dags/tutorial_taskflow_api.py
[2024-03-26T21:28:21.264+0000] {processor.py:830} INFO - Processing file /home/airflow/.local/lib/python3.8/site-packages/airflow/example_dags/tutorial_taskflow_api.py for tasks to queue
[2024-03-26T21:28:21.274+0000] {logging_mixin.py:188} INFO - [2024-03-26T21:28:21.273+0000] {dagbag.py:540} INFO - Filling up the DagBag from /home/airflow/.local/lib/python3.8/site-packages/airflow/example_dags/tutorial_taskflow_api.py
[2024-03-26T21:28:21.394+0000] {processor.py:840} INFO - DAG(s) 'tutorial_taskflow_api' retrieved from /home/airflow/.local/lib/python3.8/site-packages/airflow/example_dags/tutorial_taskflow_api.py
[2024-03-26T21:28:21.675+0000] {logging_mixin.py:188} INFO - [2024-03-26T21:28:21.674+0000] {dag.py:3047} INFO - Sync 1 DAGs
[2024-03-26T21:28:21.864+0000] {logging_mixin.py:188} INFO - [2024-03-26T21:28:21.864+0000] {dag.py:3834} INFO - Setting next_dagrun for tutorial_taskflow_api to None, run_after=None
[2024-03-26T21:28:22.134+0000] {processor.py:183} INFO - Processing /home/airflow/.local/lib/python3.8/site-packages/airflow/example_dags/tutorial_taskflow_api.py took 0.920 seconds
[2024-03-26T21:28:55.401+0000] {processor.py:161} INFO - Started process (PID=3939) to work on /home/airflow/.local/lib/python3.8/site-packages/airflow/example_dags/tutorial_taskflow_api.py
[2024-03-26T21:28:55.411+0000] {processor.py:830} INFO - Processing file /home/airflow/.local/lib/python3.8/site-packages/airflow/example_dags/tutorial_taskflow_api.py for tasks to queue
[2024-03-26T21:28:55.422+0000] {logging_mixin.py:188} INFO - [2024-03-26T21:28:55.421+0000] {dagbag.py:540} INFO - Filling up the DagBag from /home/airflow/.local/lib/python3.8/site-packages/airflow/example_dags/tutorial_taskflow_api.py
[2024-03-26T21:28:55.482+0000] {processor.py:840} INFO - DAG(s) 'tutorial_taskflow_api' retrieved from /home/airflow/.local/lib/python3.8/site-packages/airflow/example_dags/tutorial_taskflow_api.py
[2024-03-26T21:28:55.702+0000] {logging_mixin.py:188} INFO - [2024-03-26T21:28:55.702+0000] {dag.py:3047} INFO - Sync 1 DAGs
[2024-03-26T21:28:55.862+0000] {logging_mixin.py:188} INFO - [2024-03-26T21:28:55.861+0000] {dag.py:3834} INFO - Setting next_dagrun for tutorial_taskflow_api to None, run_after=None
[2024-03-26T21:28:56.092+0000] {processor.py:183} INFO - Processing /home/airflow/.local/lib/python3.8/site-packages/airflow/example_dags/tutorial_taskflow_api.py took 0.730 seconds
[2024-03-26T21:29:38.622+0000] {processor.py:161} INFO - Started process (PID=4186) to work on /home/airflow/.local/lib/python3.8/site-packages/airflow/example_dags/tutorial_taskflow_api.py
[2024-03-26T21:29:38.641+0000] {processor.py:830} INFO - Processing file /home/airflow/.local/lib/python3.8/site-packages/airflow/example_dags/tutorial_taskflow_api.py for tasks to queue
[2024-03-26T21:29:38.652+0000] {logging_mixin.py:188} INFO - [2024-03-26T21:29:38.651+0000] {dagbag.py:540} INFO - Filling up the DagBag from /home/airflow/.local/lib/python3.8/site-packages/airflow/example_dags/tutorial_taskflow_api.py
[2024-03-26T21:29:38.721+0000] {processor.py:840} INFO - DAG(s) 'tutorial_taskflow_api' retrieved from /home/airflow/.local/lib/python3.8/site-packages/airflow/example_dags/tutorial_taskflow_api.py
[2024-03-26T21:29:38.951+0000] {logging_mixin.py:188} INFO - [2024-03-26T21:29:38.942+0000] {dag.py:3047} INFO - Sync 1 DAGs
[2024-03-26T21:29:39.081+0000] {logging_mixin.py:188} INFO - [2024-03-26T21:29:39.081+0000] {dag.py:3834} INFO - Setting next_dagrun for tutorial_taskflow_api to None, run_after=None
[2024-03-26T21:29:39.302+0000] {processor.py:183} INFO - Processing /home/airflow/.local/lib/python3.8/site-packages/airflow/example_dags/tutorial_taskflow_api.py took 0.720 seconds
[2024-03-26T21:30:13.091+0000] {processor.py:161} INFO - Started process (PID=4413) to work on /home/airflow/.local/lib/python3.8/site-packages/airflow/example_dags/tutorial_taskflow_api.py
[2024-03-26T21:30:13.101+0000] {processor.py:830} INFO - Processing file /home/airflow/.local/lib/python3.8/site-packages/airflow/example_dags/tutorial_taskflow_api.py for tasks to queue
[2024-03-26T21:30:13.130+0000] {logging_mixin.py:188} INFO - [2024-03-26T21:30:13.121+0000] {dagbag.py:540} INFO - Filling up the DagBag from /home/airflow/.local/lib/python3.8/site-packages/airflow/example_dags/tutorial_taskflow_api.py
[2024-03-26T21:30:13.231+0000] {processor.py:840} INFO - DAG(s) 'tutorial_taskflow_api' retrieved from /home/airflow/.local/lib/python3.8/site-packages/airflow/example_dags/tutorial_taskflow_api.py
[2024-03-26T21:30:13.461+0000] {logging_mixin.py:188} INFO - [2024-03-26T21:30:13.460+0000] {dag.py:3047} INFO - Sync 1 DAGs
[2024-03-26T21:30:13.591+0000] {logging_mixin.py:188} INFO - [2024-03-26T21:30:13.591+0000] {dag.py:3834} INFO - Setting next_dagrun for tutorial_taskflow_api to None, run_after=None
[2024-03-26T21:30:13.821+0000] {processor.py:183} INFO - Processing /home/airflow/.local/lib/python3.8/site-packages/airflow/example_dags/tutorial_taskflow_api.py took 0.760 seconds
[2024-03-26T21:30:51.499+0000] {processor.py:161} INFO - Started process (PID=4651) to work on /home/airflow/.local/lib/python3.8/site-packages/airflow/example_dags/tutorial_taskflow_api.py
[2024-03-26T21:30:51.520+0000] {processor.py:830} INFO - Processing file /home/airflow/.local/lib/python3.8/site-packages/airflow/example_dags/tutorial_taskflow_api.py for tasks to queue
[2024-03-26T21:30:51.541+0000] {logging_mixin.py:188} INFO - [2024-03-26T21:30:51.540+0000] {dagbag.py:540} INFO - Filling up the DagBag from /home/airflow/.local/lib/python3.8/site-packages/airflow/example_dags/tutorial_taskflow_api.py
[2024-03-26T21:30:51.660+0000] {processor.py:840} INFO - DAG(s) 'tutorial_taskflow_api' retrieved from /home/airflow/.local/lib/python3.8/site-packages/airflow/example_dags/tutorial_taskflow_api.py
[2024-03-26T21:30:51.930+0000] {logging_mixin.py:188} INFO - [2024-03-26T21:30:51.930+0000] {dag.py:3047} INFO - Sync 1 DAGs
[2024-03-26T21:30:52.120+0000] {logging_mixin.py:188} INFO - [2024-03-26T21:30:52.119+0000] {dag.py:3834} INFO - Setting next_dagrun for tutorial_taskflow_api to None, run_after=None
[2024-03-26T21:30:52.400+0000] {processor.py:183} INFO - Processing /home/airflow/.local/lib/python3.8/site-packages/airflow/example_dags/tutorial_taskflow_api.py took 0.970 seconds
[2024-03-26T21:31:31.389+0000] {processor.py:161} INFO - Started process (PID=4904) to work on /home/airflow/.local/lib/python3.8/site-packages/airflow/example_dags/tutorial_taskflow_api.py
[2024-03-26T21:31:31.409+0000] {processor.py:830} INFO - Processing file /home/airflow/.local/lib/python3.8/site-packages/airflow/example_dags/tutorial_taskflow_api.py for tasks to queue
[2024-03-26T21:31:31.429+0000] {logging_mixin.py:188} INFO - [2024-03-26T21:31:31.419+0000] {dagbag.py:540} INFO - Filling up the DagBag from /home/airflow/.local/lib/python3.8/site-packages/airflow/example_dags/tutorial_taskflow_api.py
[2024-03-26T21:31:31.560+0000] {processor.py:840} INFO - DAG(s) 'tutorial_taskflow_api' retrieved from /home/airflow/.local/lib/python3.8/site-packages/airflow/example_dags/tutorial_taskflow_api.py
[2024-03-26T21:31:31.919+0000] {logging_mixin.py:188} INFO - [2024-03-26T21:31:31.919+0000] {dag.py:3047} INFO - Sync 1 DAGs
[2024-03-26T21:31:32.149+0000] {logging_mixin.py:188} INFO - [2024-03-26T21:31:32.140+0000] {dag.py:3834} INFO - Setting next_dagrun for tutorial_taskflow_api to None, run_after=None
[2024-03-26T21:31:32.460+0000] {processor.py:183} INFO - Processing /home/airflow/.local/lib/python3.8/site-packages/airflow/example_dags/tutorial_taskflow_api.py took 1.131 seconds
[2024-03-26T21:32:18.927+0000] {processor.py:161} INFO - Started process (PID=5155) to work on /home/airflow/.local/lib/python3.8/site-packages/airflow/example_dags/tutorial_taskflow_api.py
[2024-03-26T21:32:18.947+0000] {processor.py:830} INFO - Processing file /home/airflow/.local/lib/python3.8/site-packages/airflow/example_dags/tutorial_taskflow_api.py for tasks to queue
[2024-03-26T21:32:18.966+0000] {logging_mixin.py:188} INFO - [2024-03-26T21:32:18.957+0000] {dagbag.py:540} INFO - Filling up the DagBag from /home/airflow/.local/lib/python3.8/site-packages/airflow/example_dags/tutorial_taskflow_api.py
[2024-03-26T21:32:19.087+0000] {processor.py:840} INFO - DAG(s) 'tutorial_taskflow_api' retrieved from /home/airflow/.local/lib/python3.8/site-packages/airflow/example_dags/tutorial_taskflow_api.py
[2024-03-26T21:32:19.456+0000] {logging_mixin.py:188} INFO - [2024-03-26T21:32:19.456+0000] {dag.py:3047} INFO - Sync 1 DAGs
[2024-03-26T21:32:19.647+0000] {logging_mixin.py:188} INFO - [2024-03-26T21:32:19.647+0000] {dag.py:3834} INFO - Setting next_dagrun for tutorial_taskflow_api to None, run_after=None
[2024-03-26T21:32:20.046+0000] {processor.py:183} INFO - Processing /home/airflow/.local/lib/python3.8/site-packages/airflow/example_dags/tutorial_taskflow_api.py took 1.169 seconds
[2024-03-26T21:33:09.266+0000] {processor.py:161} INFO - Started process (PID=5374) to work on /home/airflow/.local/lib/python3.8/site-packages/airflow/example_dags/tutorial_taskflow_api.py
[2024-03-26T21:33:09.286+0000] {processor.py:830} INFO - Processing file /home/airflow/.local/lib/python3.8/site-packages/airflow/example_dags/tutorial_taskflow_api.py for tasks to queue
[2024-03-26T21:33:09.306+0000] {logging_mixin.py:188} INFO - [2024-03-26T21:33:09.296+0000] {dagbag.py:540} INFO - Filling up the DagBag from /home/airflow/.local/lib/python3.8/site-packages/airflow/example_dags/tutorial_taskflow_api.py
[2024-03-26T21:33:09.466+0000] {processor.py:840} INFO - DAG(s) 'tutorial_taskflow_api' retrieved from /home/airflow/.local/lib/python3.8/site-packages/airflow/example_dags/tutorial_taskflow_api.py
[2024-03-26T21:33:09.897+0000] {logging_mixin.py:188} INFO - [2024-03-26T21:33:09.896+0000] {dag.py:3047} INFO - Sync 1 DAGs
[2024-03-26T21:33:10.376+0000] {logging_mixin.py:188} INFO - [2024-03-26T21:33:10.366+0000] {dag.py:3834} INFO - Setting next_dagrun for tutorial_taskflow_api to None, run_after=None
[2024-03-26T21:33:11.087+0000] {processor.py:183} INFO - Processing /home/airflow/.local/lib/python3.8/site-packages/airflow/example_dags/tutorial_taskflow_api.py took 1.890 seconds
[2024-03-26T21:34:33.668+0000] {processor.py:161} INFO - Started process (PID=5644) to work on /home/airflow/.local/lib/python3.8/site-packages/airflow/example_dags/tutorial_taskflow_api.py
[2024-03-26T21:34:33.718+0000] {processor.py:830} INFO - Processing file /home/airflow/.local/lib/python3.8/site-packages/airflow/example_dags/tutorial_taskflow_api.py for tasks to queue
[2024-03-26T21:34:33.758+0000] {logging_mixin.py:188} INFO - [2024-03-26T21:34:33.748+0000] {dagbag.py:540} INFO - Filling up the DagBag from /home/airflow/.local/lib/python3.8/site-packages/airflow/example_dags/tutorial_taskflow_api.py
[2024-03-26T21:34:33.979+0000] {processor.py:840} INFO - DAG(s) 'tutorial_taskflow_api' retrieved from /home/airflow/.local/lib/python3.8/site-packages/airflow/example_dags/tutorial_taskflow_api.py
[2024-03-26T21:34:34.608+0000] {logging_mixin.py:188} INFO - [2024-03-26T21:34:34.598+0000] {dag.py:3047} INFO - Sync 1 DAGs
[2024-03-26T21:34:35.068+0000] {logging_mixin.py:188} INFO - [2024-03-26T21:34:35.068+0000] {dag.py:3834} INFO - Setting next_dagrun for tutorial_taskflow_api to None, run_after=None
[2024-03-26T21:34:35.598+0000] {processor.py:183} INFO - Processing /home/airflow/.local/lib/python3.8/site-packages/airflow/example_dags/tutorial_taskflow_api.py took 2.130 seconds
[2024-03-26T21:35:45.182+0000] {processor.py:161} INFO - Started process (PID=5809) to work on /home/airflow/.local/lib/python3.8/site-packages/airflow/example_dags/tutorial_taskflow_api.py
[2024-03-26T21:35:45.212+0000] {processor.py:830} INFO - Processing file /home/airflow/.local/lib/python3.8/site-packages/airflow/example_dags/tutorial_taskflow_api.py for tasks to queue
[2024-03-26T21:35:45.252+0000] {logging_mixin.py:188} INFO - [2024-03-26T21:35:45.242+0000] {dagbag.py:540} INFO - Filling up the DagBag from /home/airflow/.local/lib/python3.8/site-packages/airflow/example_dags/tutorial_taskflow_api.py
[2024-03-26T21:35:45.512+0000] {processor.py:840} INFO - DAG(s) 'tutorial_taskflow_api' retrieved from /home/airflow/.local/lib/python3.8/site-packages/airflow/example_dags/tutorial_taskflow_api.py
[2024-03-26T21:35:46.452+0000] {logging_mixin.py:188} INFO - [2024-03-26T21:35:46.442+0000] {dag.py:3047} INFO - Sync 1 DAGs
[2024-03-26T21:35:47.072+0000] {logging_mixin.py:188} INFO - [2024-03-26T21:35:47.062+0000] {dag.py:3834} INFO - Setting next_dagrun for tutorial_taskflow_api to None, run_after=None
[2024-03-26T21:35:48.062+0000] {processor.py:183} INFO - Processing /home/airflow/.local/lib/python3.8/site-packages/airflow/example_dags/tutorial_taskflow_api.py took 3.080 seconds
[2024-03-26T21:37:30.901+0000] {processor.py:161} INFO - Started process (PID=5977) to work on /home/airflow/.local/lib/python3.8/site-packages/airflow/example_dags/tutorial_taskflow_api.py
[2024-03-26T21:37:30.951+0000] {processor.py:830} INFO - Processing file /home/airflow/.local/lib/python3.8/site-packages/airflow/example_dags/tutorial_taskflow_api.py for tasks to queue
[2024-03-26T21:37:31.011+0000] {logging_mixin.py:188} INFO - [2024-03-26T21:37:30.991+0000] {dagbag.py:540} INFO - Filling up the DagBag from /home/airflow/.local/lib/python3.8/site-packages/airflow/example_dags/tutorial_taskflow_api.py
[2024-03-26T21:37:32.001+0000] {processor.py:840} INFO - DAG(s) 'tutorial_taskflow_api' retrieved from /home/airflow/.local/lib/python3.8/site-packages/airflow/example_dags/tutorial_taskflow_api.py
[2024-03-26T21:37:33.581+0000] {logging_mixin.py:188} INFO - [2024-03-26T21:37:33.561+0000] {dag.py:3047} INFO - Sync 1 DAGs
[2024-03-26T21:37:35.031+0000] {logging_mixin.py:188} INFO - [2024-03-26T21:37:35.011+0000] {dag.py:3834} INFO - Setting next_dagrun for tutorial_taskflow_api to None, run_after=None
[2024-03-26T21:37:36.481+0000] {processor.py:183} INFO - Processing /home/airflow/.local/lib/python3.8/site-packages/airflow/example_dags/tutorial_taskflow_api.py took 5.790 seconds
