[2024-04-03T23:59:25.984+0000] {logging_mixin.py:188} INFO - Changing /opt/***/logs/dag_id=second_practice_dag_v2/run_id=scheduled__2024-04-02T00:00:00+00:00/task_id=delete_duplicate_data permission to 509
[2024-04-03T23:59:25.986+0000] {logging_mixin.py:188} INFO - Changing /opt/***/logs/dag_id=second_practice_dag_v2/run_id=scheduled__2024-04-02T00:00:00+00:00 permission to 509
[2024-04-03T23:59:25.987+0000] {logging_mixin.py:188} INFO - Changing /opt/***/logs/dag_id=second_practice_dag_v2 permission to 509
[2024-04-03T23:59:25.988+0000] {logging_mixin.py:188} INFO - Changing /opt/***/logs permission to 509
[2024-04-03T23:59:26.012+0000] {logging_mixin.py:188} INFO - Changing /opt/***/logs/dag_id=second_practice_dag_v2/run_id=scheduled__2024-04-02T00:00:00+00:00/task_id=delete_duplicate_data permission to 509
[2024-04-03T23:59:26.014+0000] {logging_mixin.py:188} INFO - Changing /opt/***/logs/dag_id=second_practice_dag_v2/run_id=scheduled__2024-04-02T00:00:00+00:00 permission to 509
[2024-04-03T23:59:26.015+0000] {logging_mixin.py:188} INFO - Changing /opt/***/logs/dag_id=second_practice_dag_v2 permission to 509
[2024-04-03T23:59:26.016+0000] {logging_mixin.py:188} INFO - Changing /opt/***/logs permission to 509
[2024-04-03T23:59:26.051+0000] {taskinstance.py:1979} INFO - Dependencies all met for dep_context=non-requeueable deps ti=<TaskInstance: second_practice_dag_v2.delete_duplicate_data scheduled__2024-04-02T00:00:00+00:00 [queued]>
[2024-04-03T23:59:26.062+0000] {taskinstance.py:1979} INFO - Dependencies all met for dep_context=requeueable deps ti=<TaskInstance: second_practice_dag_v2.delete_duplicate_data scheduled__2024-04-02T00:00:00+00:00 [queued]>
[2024-04-03T23:59:26.063+0000] {taskinstance.py:2193} INFO - Starting attempt 1 of 6
[2024-04-03T23:59:26.079+0000] {taskinstance.py:2217} INFO - Executing <Task(PostgresOperator): delete_duplicate_data> on 2024-04-02 00:00:00+00:00
[2024-04-03T23:59:26.082+0000] {standard_task_runner.py:60} INFO - Started process 1184 to run task
[2024-04-03T23:59:26.085+0000] {standard_task_runner.py:87} INFO - Running: ['***', 'tasks', 'run', 'second_practice_dag_v2', 'delete_duplicate_data', 'scheduled__2024-04-02T00:00:00+00:00', '--job-id', '292', '--raw', '--subdir', 'DAGS_FOLDER/second_practice_dag.py', '--cfg-path', '/tmp/tmpcy9xp9fm']
[2024-04-03T23:59:26.088+0000] {standard_task_runner.py:88} INFO - Job 292: Subtask delete_duplicate_data
[2024-04-03T23:59:26.139+0000] {logging_mixin.py:188} INFO - Changing /opt/***/logs/dag_id=second_practice_dag_v2/run_id=scheduled__2024-04-02T00:00:00+00:00/task_id=delete_duplicate_data permission to 509
[2024-04-03T23:59:26.142+0000] {logging_mixin.py:188} INFO - Changing /opt/***/logs/dag_id=second_practice_dag_v2/run_id=scheduled__2024-04-02T00:00:00+00:00 permission to 509
[2024-04-03T23:59:26.143+0000] {logging_mixin.py:188} INFO - Changing /opt/***/logs/dag_id=second_practice_dag_v2 permission to 509
[2024-04-03T23:59:26.145+0000] {logging_mixin.py:188} INFO - Changing /opt/***/logs permission to 509
[2024-04-03T23:59:26.146+0000] {task_command.py:423} INFO - Running <TaskInstance: second_practice_dag_v2.delete_duplicate_data scheduled__2024-04-02T00:00:00+00:00 [running]> on host 235f0c517704
[2024-04-03T23:59:26.228+0000] {taskinstance.py:2513} INFO - Exporting env vars: AIRFLOW_CTX_DAG_OWNER='Jacob Monks' AIRFLOW_CTX_DAG_ID='second_practice_dag_v2' AIRFLOW_CTX_TASK_ID='delete_duplicate_data' AIRFLOW_CTX_EXECUTION_DATE='2024-04-02T00:00:00+00:00' AIRFLOW_CTX_TRY_NUMBER='1' AIRFLOW_CTX_DAG_RUN_ID='scheduled__2024-04-02T00:00:00+00:00'
[2024-04-03T23:59:26.230+0000] {sql.py:276} INFO - Executing: 
            delete from practice_table
            where dt = '2024-04-02'
            and dag_run = 'second_practice_dag_v2';
[2024-04-03T23:59:26.243+0000] {base.py:83} INFO - Using connection ID 'postgres_localhost' for task execution.
[2024-04-03T23:59:26.260+0000] {base.py:83} INFO - Using connection ID 'postgres_localhost' for task execution.
[2024-04-03T23:59:26.273+0000] {sql.py:457} INFO - Running statement: 
            delete from practice_table
            where dt = '2024-04-02'
            and dag_run = 'second_practice_dag_v2';, parameters: None
[2024-04-03T23:59:26.279+0000] {sql.py:466} INFO - Rows affected: 0
[2024-04-03T23:59:26.286+0000] {logging_mixin.py:188} WARNING - /home/***/.local/lib/python3.8/site-packages/***/providers/common/sql/hooks/sql.py:407 AirflowProviderDeprecationWarning: Call to deprecated method _make_common_data_structure. (The `_make_serializable` method is deprecated and support will be removed in a future version of the common.sql provider. Please update the DbApiHook's provider to a version based on common.sql >= 1.9.1.)
[2024-04-03T23:59:26.299+0000] {taskinstance.py:1149} INFO - Marking task as SUCCESS. dag_id=second_practice_dag_v2, task_id=delete_duplicate_data, execution_date=20240402T000000, start_date=20240403T235926, end_date=20240403T235926
[2024-04-03T23:59:26.339+0000] {local_task_job_runner.py:234} INFO - Task exited with return code 0
[2024-04-03T23:59:26.354+0000] {logging_mixin.py:188} WARNING - /home/***/.local/lib/python3.8/site-packages/***/models/baseoperator.py:1201 AirflowProviderDeprecationWarning: Call to deprecated class PostgresOperator. (Please use `***.providers.common.sql.operators.sql.SQLExecuteQueryOperator`.Also, you can provide `hook_params={'schema': <database>}`.)
[2024-04-03T23:59:26.370+0000] {taskinstance.py:3312} INFO - 1 downstream tasks scheduled from follow-on schedule check
