[2024-04-02T00:04:17.898+0000] {logging_mixin.py:188} INFO - Changing /opt/***/logs/dag_id=first_pratice_dag/run_id=scheduled__2024-04-01T00:00:00+00:00/task_id=task1 permission to 509
[2024-04-02T00:04:17.900+0000] {logging_mixin.py:188} INFO - Changing /opt/***/logs/dag_id=first_pratice_dag/run_id=scheduled__2024-04-01T00:00:00+00:00 permission to 509
[2024-04-02T00:04:17.902+0000] {logging_mixin.py:188} INFO - Changing /opt/***/logs/dag_id=first_pratice_dag permission to 509
[2024-04-02T00:04:17.904+0000] {logging_mixin.py:188} INFO - Changing /opt/***/logs permission to 509
[2024-04-02T00:04:17.957+0000] {logging_mixin.py:188} INFO - Changing /opt/***/logs/dag_id=first_pratice_dag/run_id=scheduled__2024-04-01T00:00:00+00:00/task_id=task1 permission to 509
[2024-04-02T00:04:17.960+0000] {logging_mixin.py:188} INFO - Changing /opt/***/logs/dag_id=first_pratice_dag/run_id=scheduled__2024-04-01T00:00:00+00:00 permission to 509
[2024-04-02T00:04:17.966+0000] {logging_mixin.py:188} INFO - Changing /opt/***/logs/dag_id=first_pratice_dag permission to 509
[2024-04-02T00:04:17.978+0000] {logging_mixin.py:188} INFO - Changing /opt/***/logs permission to 509
[2024-04-02T00:04:18.062+0000] {taskinstance.py:1979} INFO - Dependencies all met for dep_context=non-requeueable deps ti=<TaskInstance: first_pratice_dag.task1 scheduled__2024-04-01T00:00:00+00:00 [queued]>
[2024-04-02T00:04:18.082+0000] {taskinstance.py:1979} INFO - Dependencies all met for dep_context=requeueable deps ti=<TaskInstance: first_pratice_dag.task1 scheduled__2024-04-01T00:00:00+00:00 [queued]>
[2024-04-02T00:04:18.084+0000] {taskinstance.py:2193} INFO - Starting attempt 1 of 3
[2024-04-02T00:04:18.197+0000] {taskinstance.py:2217} INFO - Executing <Task(BashOperator): task1> on 2024-04-01 00:00:00+00:00
[2024-04-02T00:04:18.203+0000] {standard_task_runner.py:60} INFO - Started process 1517 to run task
[2024-04-02T00:04:18.210+0000] {standard_task_runner.py:87} INFO - Running: ['***', 'tasks', 'run', 'first_pratice_dag', 'task1', 'scheduled__2024-04-01T00:00:00+00:00', '--job-id', '108', '--raw', '--subdir', 'DAGS_FOLDER/first_practice_dag.py', '--cfg-path', '/tmp/tmpghewy4dm']
[2024-04-02T00:04:18.214+0000] {standard_task_runner.py:88} INFO - Job 108: Subtask task1
[2024-04-02T00:04:18.340+0000] {logging_mixin.py:188} INFO - Changing /opt/***/logs/dag_id=first_pratice_dag/run_id=scheduled__2024-04-01T00:00:00+00:00/task_id=task1 permission to 509
[2024-04-02T00:04:18.344+0000] {logging_mixin.py:188} INFO - Changing /opt/***/logs/dag_id=first_pratice_dag/run_id=scheduled__2024-04-01T00:00:00+00:00 permission to 509
[2024-04-02T00:04:18.348+0000] {logging_mixin.py:188} INFO - Changing /opt/***/logs/dag_id=first_pratice_dag permission to 509
[2024-04-02T00:04:18.350+0000] {logging_mixin.py:188} INFO - Changing /opt/***/logs permission to 509
[2024-04-02T00:04:18.354+0000] {task_command.py:423} INFO - Running <TaskInstance: first_pratice_dag.task1 scheduled__2024-04-01T00:00:00+00:00 [running]> on host 46dc445f2ec8
[2024-04-02T00:04:18.514+0000] {taskinstance.py:2513} INFO - Exporting env vars: AIRFLOW_CTX_DAG_OWNER='***' AIRFLOW_CTX_DAG_ID='first_pratice_dag' AIRFLOW_CTX_TASK_ID='task1' AIRFLOW_CTX_EXECUTION_DATE='2024-04-01T00:00:00+00:00' AIRFLOW_CTX_TRY_NUMBER='1' AIRFLOW_CTX_DAG_RUN_ID='scheduled__2024-04-01T00:00:00+00:00'
[2024-04-02T00:04:18.519+0000] {subprocess.py:63} INFO - Tmp dir root location: /tmp
[2024-04-02T00:04:18.524+0000] {subprocess.py:75} INFO - Running command: ['/usr/bin/bash', '-c', 'echo Hello World!']
[2024-04-02T00:04:18.542+0000] {subprocess.py:86} INFO - Output:
[2024-04-02T00:04:18.544+0000] {subprocess.py:93} INFO - Hello World!
[2024-04-02T00:04:18.545+0000] {subprocess.py:97} INFO - Command exited with return code 0
[2024-04-02T00:04:18.587+0000] {taskinstance.py:1149} INFO - Marking task as SUCCESS. dag_id=first_pratice_dag, task_id=task1, execution_date=20240401T000000, start_date=20240402T000418, end_date=20240402T000418
[2024-04-02T00:04:18.637+0000] {local_task_job_runner.py:234} INFO - Task exited with return code 0
[2024-04-02T00:04:18.680+0000] {taskinstance.py:3312} INFO - 1 downstream tasks scheduled from follow-on schedule check
