[2024-04-03T23:59:24.849+0000] {logging_mixin.py:188} INFO - Changing /opt/***/logs/dag_id=second_practice_dag_v2/run_id=scheduled__2024-04-02T00:00:00+00:00/task_id=create_table permission to 509
[2024-04-03T23:59:24.851+0000] {logging_mixin.py:188} INFO - Changing /opt/***/logs/dag_id=second_practice_dag_v2/run_id=scheduled__2024-04-02T00:00:00+00:00 permission to 509
[2024-04-03T23:59:24.852+0000] {logging_mixin.py:188} INFO - Changing /opt/***/logs/dag_id=second_practice_dag_v2 permission to 509
[2024-04-03T23:59:24.853+0000] {logging_mixin.py:188} INFO - Changing /opt/***/logs permission to 509
[2024-04-03T23:59:24.887+0000] {logging_mixin.py:188} INFO - Changing /opt/***/logs/dag_id=second_practice_dag_v2/run_id=scheduled__2024-04-02T00:00:00+00:00/task_id=create_table permission to 509
[2024-04-03T23:59:24.890+0000] {logging_mixin.py:188} INFO - Changing /opt/***/logs/dag_id=second_practice_dag_v2/run_id=scheduled__2024-04-02T00:00:00+00:00 permission to 509
[2024-04-03T23:59:24.893+0000] {logging_mixin.py:188} INFO - Changing /opt/***/logs/dag_id=second_practice_dag_v2 permission to 509
[2024-04-03T23:59:24.896+0000] {logging_mixin.py:188} INFO - Changing /opt/***/logs permission to 509
[2024-04-03T23:59:24.933+0000] {taskinstance.py:1979} INFO - Dependencies all met for dep_context=non-requeueable deps ti=<TaskInstance: second_practice_dag_v2.create_table scheduled__2024-04-02T00:00:00+00:00 [queued]>
[2024-04-03T23:59:24.943+0000] {taskinstance.py:1979} INFO - Dependencies all met for dep_context=requeueable deps ti=<TaskInstance: second_practice_dag_v2.create_table scheduled__2024-04-02T00:00:00+00:00 [queued]>
[2024-04-03T23:59:24.945+0000] {taskinstance.py:2193} INFO - Starting attempt 1 of 6
[2024-04-03T23:59:24.971+0000] {taskinstance.py:2217} INFO - Executing <Task(PostgresOperator): create_table> on 2024-04-02 00:00:00+00:00
[2024-04-03T23:59:24.975+0000] {standard_task_runner.py:60} INFO - Started process 1182 to run task
[2024-04-03T23:59:24.978+0000] {standard_task_runner.py:87} INFO - Running: ['***', 'tasks', 'run', 'second_practice_dag_v2', 'create_table', 'scheduled__2024-04-02T00:00:00+00:00', '--job-id', '291', '--raw', '--subdir', 'DAGS_FOLDER/second_practice_dag.py', '--cfg-path', '/tmp/tmp4urerey_']
[2024-04-03T23:59:24.981+0000] {standard_task_runner.py:88} INFO - Job 291: Subtask create_table
[2024-04-03T23:59:25.024+0000] {logging_mixin.py:188} INFO - Changing /opt/***/logs/dag_id=second_practice_dag_v2/run_id=scheduled__2024-04-02T00:00:00+00:00/task_id=create_table permission to 509
[2024-04-03T23:59:25.026+0000] {logging_mixin.py:188} INFO - Changing /opt/***/logs/dag_id=second_practice_dag_v2/run_id=scheduled__2024-04-02T00:00:00+00:00 permission to 509
[2024-04-03T23:59:25.027+0000] {logging_mixin.py:188} INFO - Changing /opt/***/logs/dag_id=second_practice_dag_v2 permission to 509
[2024-04-03T23:59:25.028+0000] {logging_mixin.py:188} INFO - Changing /opt/***/logs permission to 509
[2024-04-03T23:59:25.031+0000] {task_command.py:423} INFO - Running <TaskInstance: second_practice_dag_v2.create_table scheduled__2024-04-02T00:00:00+00:00 [running]> on host 235f0c517704
[2024-04-03T23:59:25.101+0000] {taskinstance.py:2513} INFO - Exporting env vars: AIRFLOW_CTX_DAG_OWNER='Jacob Monks' AIRFLOW_CTX_DAG_ID='second_practice_dag_v2' AIRFLOW_CTX_TASK_ID='create_table' AIRFLOW_CTX_EXECUTION_DATE='2024-04-02T00:00:00+00:00' AIRFLOW_CTX_TRY_NUMBER='1' AIRFLOW_CTX_DAG_RUN_ID='scheduled__2024-04-02T00:00:00+00:00'
[2024-04-03T23:59:25.102+0000] {sql.py:276} INFO - Executing: 
            create table if not exists practice_table (
                dt date,
                dag_run VARCHAR(63),
                name VARCHAR(63),
                primary key (dt, dag_run)
            );
[2024-04-03T23:59:25.111+0000] {base.py:83} INFO - Using connection ID 'postgres_localhost' for task execution.
[2024-04-03T23:59:25.122+0000] {base.py:83} INFO - Using connection ID 'postgres_localhost' for task execution.
[2024-04-03T23:59:25.131+0000] {sql.py:457} INFO - Running statement: 
            create table if not exists practice_table (
                dt date,
                dag_run VARCHAR(63),
                name VARCHAR(63),
                primary key (dt, dag_run)
            );, parameters: None
[2024-04-03T23:59:25.139+0000] {logging_mixin.py:188} WARNING - /home/***/.local/lib/python3.8/site-packages/***/providers/common/sql/hooks/sql.py:407 AirflowProviderDeprecationWarning: Call to deprecated method _make_common_data_structure. (The `_make_serializable` method is deprecated and support will be removed in a future version of the common.sql provider. Please update the DbApiHook's provider to a version based on common.sql >= 1.9.1.)
[2024-04-03T23:59:25.148+0000] {taskinstance.py:1149} INFO - Marking task as SUCCESS. dag_id=second_practice_dag_v2, task_id=create_table, execution_date=20240402T000000, start_date=20240403T235924, end_date=20240403T235925
[2024-04-03T23:59:25.191+0000] {local_task_job_runner.py:234} INFO - Task exited with return code 0
[2024-04-03T23:59:25.211+0000] {logging_mixin.py:188} WARNING - /home/***/.local/lib/python3.8/site-packages/***/models/baseoperator.py:1201 AirflowProviderDeprecationWarning: Call to deprecated class PostgresOperator. (Please use `***.providers.common.sql.operators.sql.SQLExecuteQueryOperator`.Also, you can provide `hook_params={'schema': <database>}`.)
[2024-04-03T23:59:25.227+0000] {taskinstance.py:3312} INFO - 1 downstream tasks scheduled from follow-on schedule check
