[2024-04-01T22:59:53.493+0000] {logging_mixin.py:188} INFO - Changing /opt/***/logs/dag_id=example_bash_operator/run_id=scheduled__2024-03-31T00:00:00+00:00/task_id=run_after_loop permission to 509
[2024-04-01T22:59:53.496+0000] {logging_mixin.py:188} INFO - Changing /opt/***/logs/dag_id=example_bash_operator/run_id=scheduled__2024-03-31T00:00:00+00:00 permission to 509
[2024-04-01T22:59:53.497+0000] {logging_mixin.py:188} INFO - Changing /opt/***/logs/dag_id=example_bash_operator permission to 509
[2024-04-01T22:59:53.499+0000] {logging_mixin.py:188} INFO - Changing /opt/***/logs permission to 509
[2024-04-01T22:59:53.533+0000] {logging_mixin.py:188} INFO - Changing /opt/***/logs/dag_id=example_bash_operator/run_id=scheduled__2024-03-31T00:00:00+00:00/task_id=run_after_loop permission to 509
[2024-04-01T22:59:53.535+0000] {logging_mixin.py:188} INFO - Changing /opt/***/logs/dag_id=example_bash_operator/run_id=scheduled__2024-03-31T00:00:00+00:00 permission to 509
[2024-04-01T22:59:53.537+0000] {logging_mixin.py:188} INFO - Changing /opt/***/logs/dag_id=example_bash_operator permission to 509
[2024-04-01T22:59:53.539+0000] {logging_mixin.py:188} INFO - Changing /opt/***/logs permission to 509
[2024-04-01T22:59:53.580+0000] {taskinstance.py:1979} INFO - Dependencies all met for dep_context=non-requeueable deps ti=<TaskInstance: example_bash_operator.run_after_loop scheduled__2024-03-31T00:00:00+00:00 [queued]>
[2024-04-01T22:59:53.590+0000] {taskinstance.py:1979} INFO - Dependencies all met for dep_context=requeueable deps ti=<TaskInstance: example_bash_operator.run_after_loop scheduled__2024-03-31T00:00:00+00:00 [queued]>
[2024-04-01T22:59:53.591+0000] {taskinstance.py:2193} INFO - Starting attempt 1 of 1
[2024-04-01T22:59:53.616+0000] {taskinstance.py:2217} INFO - Executing <Task(BashOperator): run_after_loop> on 2024-03-31 00:00:00+00:00
[2024-04-01T22:59:53.623+0000] {standard_task_runner.py:60} INFO - Started process 1713 to run task
[2024-04-01T22:59:53.629+0000] {standard_task_runner.py:87} INFO - Running: ['***', 'tasks', 'run', 'example_bash_operator', 'run_after_loop', 'scheduled__2024-03-31T00:00:00+00:00', '--job-id', '8', '--raw', '--subdir', '/home/***/.local/lib/python3.8/site-packages/***/example_dags/example_bash_operator.py', '--cfg-path', '/tmp/tmp_84gssvr']
[2024-04-01T22:59:53.635+0000] {standard_task_runner.py:88} INFO - Job 8: Subtask run_after_loop
[2024-04-01T22:59:53.703+0000] {logging_mixin.py:188} INFO - Changing /opt/***/logs/dag_id=example_bash_operator/run_id=scheduled__2024-03-31T00:00:00+00:00/task_id=run_after_loop permission to 509
[2024-04-01T22:59:53.706+0000] {logging_mixin.py:188} INFO - Changing /opt/***/logs/dag_id=example_bash_operator/run_id=scheduled__2024-03-31T00:00:00+00:00 permission to 509
[2024-04-01T22:59:53.709+0000] {logging_mixin.py:188} INFO - Changing /opt/***/logs/dag_id=example_bash_operator permission to 509
[2024-04-01T22:59:53.712+0000] {logging_mixin.py:188} INFO - Changing /opt/***/logs permission to 509
[2024-04-01T22:59:53.716+0000] {task_command.py:423} INFO - Running <TaskInstance: example_bash_operator.run_after_loop scheduled__2024-03-31T00:00:00+00:00 [running]> on host 961a2eab1576
[2024-04-01T22:59:53.800+0000] {taskinstance.py:2513} INFO - Exporting env vars: AIRFLOW_CTX_DAG_OWNER='***' AIRFLOW_CTX_DAG_ID='example_bash_operator' AIRFLOW_CTX_TASK_ID='run_after_loop' AIRFLOW_CTX_EXECUTION_DATE='2024-03-31T00:00:00+00:00' AIRFLOW_CTX_TRY_NUMBER='1' AIRFLOW_CTX_DAG_RUN_ID='scheduled__2024-03-31T00:00:00+00:00'
[2024-04-01T22:59:53.804+0000] {subprocess.py:63} INFO - Tmp dir root location: /tmp
[2024-04-01T22:59:53.806+0000] {subprocess.py:75} INFO - Running command: ['/usr/bin/bash', '-c', 'echo 1']
[2024-04-01T22:59:53.818+0000] {subprocess.py:86} INFO - Output:
[2024-04-01T22:59:53.819+0000] {subprocess.py:93} INFO - 1
[2024-04-01T22:59:53.821+0000] {subprocess.py:97} INFO - Command exited with return code 0
[2024-04-01T22:59:53.850+0000] {taskinstance.py:1149} INFO - Marking task as SUCCESS. dag_id=example_bash_operator, task_id=run_after_loop, execution_date=20240331T000000, start_date=20240401T225953, end_date=20240401T225953
[2024-04-01T22:59:53.883+0000] {local_task_job_runner.py:234} INFO - Task exited with return code 0
[2024-04-01T22:59:53.899+0000] {taskinstance.py:3312} INFO - 0 downstream tasks scheduled from follow-on schedule check
