[2024-04-04T00:00:11.397+0000] {processor.py:161} INFO - Started process (PID=1264) to work on /opt/airflow/dags/first_practice_dag.py
[2024-04-04T00:00:11.399+0000] {processor.py:830} INFO - Processing file /opt/airflow/dags/first_practice_dag.py for tasks to queue
[2024-04-04T00:00:11.400+0000] {logging_mixin.py:188} INFO - [2024-04-04T00:00:11.400+0000] {dagbag.py:540} INFO - Filling up the DagBag from /opt/airflow/dags/first_practice_dag.py
[2024-04-04T00:00:11.420+0000] {processor.py:840} INFO - DAG(s) 'first_practice_dag' retrieved from /opt/airflow/dags/first_practice_dag.py
[2024-04-04T00:00:11.453+0000] {logging_mixin.py:188} INFO - [2024-04-04T00:00:11.452+0000] {dag.py:3047} INFO - Sync 1 DAGs
[2024-04-04T00:00:11.478+0000] {logging_mixin.py:188} INFO - [2024-04-04T00:00:11.478+0000] {dag.py:3834} INFO - Setting next_dagrun for first_practice_dag to 2024-04-02 00:00:00+00:00, run_after=2024-04-03 00:00:00+00:00
[2024-04-04T00:00:11.502+0000] {processor.py:183} INFO - Processing /opt/airflow/dags/first_practice_dag.py took 0.108 seconds
[2024-04-04T00:00:42.310+0000] {processor.py:161} INFO - Started process (PID=1305) to work on /opt/airflow/dags/first_practice_dag.py
[2024-04-04T00:00:42.311+0000] {processor.py:830} INFO - Processing file /opt/airflow/dags/first_practice_dag.py for tasks to queue
[2024-04-04T00:00:42.312+0000] {logging_mixin.py:188} INFO - [2024-04-04T00:00:42.311+0000] {dagbag.py:540} INFO - Filling up the DagBag from /opt/airflow/dags/first_practice_dag.py
[2024-04-04T00:00:42.330+0000] {processor.py:840} INFO - DAG(s) 'first_practice_dag' retrieved from /opt/airflow/dags/first_practice_dag.py
[2024-04-04T00:00:42.354+0000] {logging_mixin.py:188} INFO - [2024-04-04T00:00:42.354+0000] {dag.py:3047} INFO - Sync 1 DAGs
[2024-04-04T00:00:42.376+0000] {logging_mixin.py:188} INFO - [2024-04-04T00:00:42.376+0000] {dag.py:3834} INFO - Setting next_dagrun for first_practice_dag to 2024-04-02 00:00:00+00:00, run_after=2024-04-03 00:00:00+00:00
[2024-04-04T00:00:42.398+0000] {processor.py:183} INFO - Processing /opt/airflow/dags/first_practice_dag.py took 0.091 seconds
[2024-04-04T00:01:13.305+0000] {processor.py:161} INFO - Started process (PID=1346) to work on /opt/airflow/dags/first_practice_dag.py
[2024-04-04T00:01:13.306+0000] {processor.py:830} INFO - Processing file /opt/airflow/dags/first_practice_dag.py for tasks to queue
[2024-04-04T00:01:13.306+0000] {logging_mixin.py:188} INFO - [2024-04-04T00:01:13.306+0000] {dagbag.py:540} INFO - Filling up the DagBag from /opt/airflow/dags/first_practice_dag.py
[2024-04-04T00:01:13.322+0000] {processor.py:840} INFO - DAG(s) 'first_practice_dag' retrieved from /opt/airflow/dags/first_practice_dag.py
[2024-04-04T00:01:13.345+0000] {logging_mixin.py:188} INFO - [2024-04-04T00:01:13.344+0000] {dag.py:3047} INFO - Sync 1 DAGs
[2024-04-04T00:01:13.367+0000] {logging_mixin.py:188} INFO - [2024-04-04T00:01:13.366+0000] {dag.py:3834} INFO - Setting next_dagrun for first_practice_dag to 2024-04-02 00:00:00+00:00, run_after=2024-04-03 00:00:00+00:00
[2024-04-04T00:01:13.401+0000] {processor.py:183} INFO - Processing /opt/airflow/dags/first_practice_dag.py took 0.099 seconds
[2024-04-04T00:01:43.553+0000] {processor.py:161} INFO - Started process (PID=1387) to work on /opt/airflow/dags/first_practice_dag.py
[2024-04-04T00:01:43.554+0000] {processor.py:830} INFO - Processing file /opt/airflow/dags/first_practice_dag.py for tasks to queue
[2024-04-04T00:01:43.554+0000] {logging_mixin.py:188} INFO - [2024-04-04T00:01:43.554+0000] {dagbag.py:540} INFO - Filling up the DagBag from /opt/airflow/dags/first_practice_dag.py
[2024-04-04T00:01:43.571+0000] {processor.py:840} INFO - DAG(s) 'first_practice_dag' retrieved from /opt/airflow/dags/first_practice_dag.py
[2024-04-04T00:01:43.592+0000] {logging_mixin.py:188} INFO - [2024-04-04T00:01:43.592+0000] {dag.py:3047} INFO - Sync 1 DAGs
[2024-04-04T00:01:43.613+0000] {logging_mixin.py:188} INFO - [2024-04-04T00:01:43.613+0000] {dag.py:3834} INFO - Setting next_dagrun for first_practice_dag to 2024-04-02 00:00:00+00:00, run_after=2024-04-03 00:00:00+00:00
[2024-04-04T00:01:43.646+0000] {processor.py:183} INFO - Processing /opt/airflow/dags/first_practice_dag.py took 0.096 seconds
[2024-04-04T00:02:13.723+0000] {processor.py:161} INFO - Started process (PID=1428) to work on /opt/airflow/dags/first_practice_dag.py
[2024-04-04T00:02:13.724+0000] {processor.py:830} INFO - Processing file /opt/airflow/dags/first_practice_dag.py for tasks to queue
[2024-04-04T00:02:13.725+0000] {logging_mixin.py:188} INFO - [2024-04-04T00:02:13.724+0000] {dagbag.py:540} INFO - Filling up the DagBag from /opt/airflow/dags/first_practice_dag.py
[2024-04-04T00:02:13.741+0000] {processor.py:840} INFO - DAG(s) 'first_practice_dag' retrieved from /opt/airflow/dags/first_practice_dag.py
[2024-04-04T00:02:13.763+0000] {logging_mixin.py:188} INFO - [2024-04-04T00:02:13.763+0000] {dag.py:3047} INFO - Sync 1 DAGs
[2024-04-04T00:02:13.790+0000] {logging_mixin.py:188} INFO - [2024-04-04T00:02:13.789+0000] {dag.py:3834} INFO - Setting next_dagrun for first_practice_dag to 2024-04-02 00:00:00+00:00, run_after=2024-04-03 00:00:00+00:00
[2024-04-04T00:02:13.813+0000] {processor.py:183} INFO - Processing /opt/airflow/dags/first_practice_dag.py took 0.092 seconds
[2024-04-04T00:02:43.921+0000] {processor.py:161} INFO - Started process (PID=1469) to work on /opt/airflow/dags/first_practice_dag.py
[2024-04-04T00:02:43.922+0000] {processor.py:830} INFO - Processing file /opt/airflow/dags/first_practice_dag.py for tasks to queue
[2024-04-04T00:02:43.923+0000] {logging_mixin.py:188} INFO - [2024-04-04T00:02:43.923+0000] {dagbag.py:540} INFO - Filling up the DagBag from /opt/airflow/dags/first_practice_dag.py
[2024-04-04T00:02:43.941+0000] {processor.py:840} INFO - DAG(s) 'first_practice_dag' retrieved from /opt/airflow/dags/first_practice_dag.py
[2024-04-04T00:02:43.964+0000] {logging_mixin.py:188} INFO - [2024-04-04T00:02:43.963+0000] {dag.py:3047} INFO - Sync 1 DAGs
[2024-04-04T00:02:43.987+0000] {logging_mixin.py:188} INFO - [2024-04-04T00:02:43.986+0000] {dag.py:3834} INFO - Setting next_dagrun for first_practice_dag to 2024-04-02 00:00:00+00:00, run_after=2024-04-03 00:00:00+00:00
[2024-04-04T00:02:44.023+0000] {processor.py:183} INFO - Processing /opt/airflow/dags/first_practice_dag.py took 0.105 seconds
[2024-04-04T00:03:14.126+0000] {processor.py:161} INFO - Started process (PID=1510) to work on /opt/airflow/dags/first_practice_dag.py
[2024-04-04T00:03:14.127+0000] {processor.py:830} INFO - Processing file /opt/airflow/dags/first_practice_dag.py for tasks to queue
[2024-04-04T00:03:14.128+0000] {logging_mixin.py:188} INFO - [2024-04-04T00:03:14.128+0000] {dagbag.py:540} INFO - Filling up the DagBag from /opt/airflow/dags/first_practice_dag.py
[2024-04-04T00:03:14.146+0000] {processor.py:840} INFO - DAG(s) 'first_practice_dag' retrieved from /opt/airflow/dags/first_practice_dag.py
[2024-04-04T00:03:14.167+0000] {logging_mixin.py:188} INFO - [2024-04-04T00:03:14.167+0000] {dag.py:3047} INFO - Sync 1 DAGs
[2024-04-04T00:03:14.189+0000] {logging_mixin.py:188} INFO - [2024-04-04T00:03:14.189+0000] {dag.py:3834} INFO - Setting next_dagrun for first_practice_dag to 2024-04-02 00:00:00+00:00, run_after=2024-04-03 00:00:00+00:00
[2024-04-04T00:03:14.223+0000] {processor.py:183} INFO - Processing /opt/airflow/dags/first_practice_dag.py took 0.099 seconds
[2024-04-04T00:03:45.102+0000] {processor.py:161} INFO - Started process (PID=1551) to work on /opt/airflow/dags/first_practice_dag.py
[2024-04-04T00:03:45.103+0000] {processor.py:830} INFO - Processing file /opt/airflow/dags/first_practice_dag.py for tasks to queue
[2024-04-04T00:03:45.104+0000] {logging_mixin.py:188} INFO - [2024-04-04T00:03:45.104+0000] {dagbag.py:540} INFO - Filling up the DagBag from /opt/airflow/dags/first_practice_dag.py
[2024-04-04T00:03:45.120+0000] {processor.py:840} INFO - DAG(s) 'first_practice_dag' retrieved from /opt/airflow/dags/first_practice_dag.py
[2024-04-04T00:03:45.143+0000] {logging_mixin.py:188} INFO - [2024-04-04T00:03:45.143+0000] {dag.py:3047} INFO - Sync 1 DAGs
[2024-04-04T00:03:45.169+0000] {logging_mixin.py:188} INFO - [2024-04-04T00:03:45.169+0000] {dag.py:3834} INFO - Setting next_dagrun for first_practice_dag to 2024-04-02 00:00:00+00:00, run_after=2024-04-03 00:00:00+00:00
[2024-04-04T00:03:45.189+0000] {processor.py:183} INFO - Processing /opt/airflow/dags/first_practice_dag.py took 0.089 seconds
[2024-04-04T00:04:16.104+0000] {processor.py:161} INFO - Started process (PID=1593) to work on /opt/airflow/dags/first_practice_dag.py
[2024-04-04T00:04:16.106+0000] {processor.py:830} INFO - Processing file /opt/airflow/dags/first_practice_dag.py for tasks to queue
[2024-04-04T00:04:16.106+0000] {logging_mixin.py:188} INFO - [2024-04-04T00:04:16.106+0000] {dagbag.py:540} INFO - Filling up the DagBag from /opt/airflow/dags/first_practice_dag.py
[2024-04-04T00:04:16.124+0000] {processor.py:840} INFO - DAG(s) 'first_practice_dag' retrieved from /opt/airflow/dags/first_practice_dag.py
[2024-04-04T00:04:16.150+0000] {logging_mixin.py:188} INFO - [2024-04-04T00:04:16.150+0000] {dag.py:3047} INFO - Sync 1 DAGs
[2024-04-04T00:04:16.174+0000] {logging_mixin.py:188} INFO - [2024-04-04T00:04:16.173+0000] {dag.py:3834} INFO - Setting next_dagrun for first_practice_dag to 2024-04-02 00:00:00+00:00, run_after=2024-04-03 00:00:00+00:00
[2024-04-04T00:04:16.195+0000] {processor.py:183} INFO - Processing /opt/airflow/dags/first_practice_dag.py took 0.094 seconds
[2024-04-04T00:04:47.040+0000] {processor.py:161} INFO - Started process (PID=1703) to work on /opt/airflow/dags/first_practice_dag.py
[2024-04-04T00:04:47.041+0000] {processor.py:830} INFO - Processing file /opt/airflow/dags/first_practice_dag.py for tasks to queue
[2024-04-04T00:04:47.042+0000] {logging_mixin.py:188} INFO - [2024-04-04T00:04:47.042+0000] {dagbag.py:540} INFO - Filling up the DagBag from /opt/airflow/dags/first_practice_dag.py
[2024-04-04T00:04:47.059+0000] {processor.py:840} INFO - DAG(s) 'first_practice_dag' retrieved from /opt/airflow/dags/first_practice_dag.py
[2024-04-04T00:04:47.082+0000] {logging_mixin.py:188} INFO - [2024-04-04T00:04:47.081+0000] {dag.py:3047} INFO - Sync 1 DAGs
[2024-04-04T00:04:47.105+0000] {logging_mixin.py:188} INFO - [2024-04-04T00:04:47.105+0000] {dag.py:3834} INFO - Setting next_dagrun for first_practice_dag to 2024-04-02 00:00:00+00:00, run_after=2024-04-03 00:00:00+00:00
[2024-04-04T00:04:47.127+0000] {processor.py:183} INFO - Processing /opt/airflow/dags/first_practice_dag.py took 0.090 seconds
[2024-04-04T00:05:17.221+0000] {processor.py:161} INFO - Started process (PID=1742) to work on /opt/airflow/dags/first_practice_dag.py
[2024-04-04T00:05:17.222+0000] {processor.py:830} INFO - Processing file /opt/airflow/dags/first_practice_dag.py for tasks to queue
[2024-04-04T00:05:17.223+0000] {logging_mixin.py:188} INFO - [2024-04-04T00:05:17.223+0000] {dagbag.py:540} INFO - Filling up the DagBag from /opt/airflow/dags/first_practice_dag.py
[2024-04-04T00:05:17.240+0000] {processor.py:840} INFO - DAG(s) 'first_practice_dag' retrieved from /opt/airflow/dags/first_practice_dag.py
[2024-04-04T00:05:17.262+0000] {logging_mixin.py:188} INFO - [2024-04-04T00:05:17.262+0000] {dag.py:3047} INFO - Sync 1 DAGs
[2024-04-04T00:05:17.284+0000] {logging_mixin.py:188} INFO - [2024-04-04T00:05:17.284+0000] {dag.py:3834} INFO - Setting next_dagrun for first_practice_dag to 2024-04-02 00:00:00+00:00, run_after=2024-04-03 00:00:00+00:00
[2024-04-04T00:05:17.315+0000] {processor.py:183} INFO - Processing /opt/airflow/dags/first_practice_dag.py took 0.096 seconds
[2024-04-04T00:05:47.607+0000] {processor.py:161} INFO - Started process (PID=1786) to work on /opt/airflow/dags/first_practice_dag.py
[2024-04-04T00:05:47.608+0000] {processor.py:830} INFO - Processing file /opt/airflow/dags/first_practice_dag.py for tasks to queue
[2024-04-04T00:05:47.609+0000] {logging_mixin.py:188} INFO - [2024-04-04T00:05:47.609+0000] {dagbag.py:540} INFO - Filling up the DagBag from /opt/airflow/dags/first_practice_dag.py
[2024-04-04T00:05:47.635+0000] {processor.py:840} INFO - DAG(s) 'first_practice_dag' retrieved from /opt/airflow/dags/first_practice_dag.py
[2024-04-04T00:05:47.661+0000] {logging_mixin.py:188} INFO - [2024-04-04T00:05:47.661+0000] {dag.py:3047} INFO - Sync 1 DAGs
[2024-04-04T00:05:47.685+0000] {logging_mixin.py:188} INFO - [2024-04-04T00:05:47.685+0000] {dag.py:3834} INFO - Setting next_dagrun for first_practice_dag to 2024-04-02 00:00:00+00:00, run_after=2024-04-03 00:00:00+00:00
[2024-04-04T00:05:47.714+0000] {processor.py:183} INFO - Processing /opt/airflow/dags/first_practice_dag.py took 0.111 seconds
[2024-04-04T00:06:17.774+0000] {processor.py:161} INFO - Started process (PID=1827) to work on /opt/airflow/dags/first_practice_dag.py
[2024-04-04T00:06:17.775+0000] {processor.py:830} INFO - Processing file /opt/airflow/dags/first_practice_dag.py for tasks to queue
[2024-04-04T00:06:17.776+0000] {logging_mixin.py:188} INFO - [2024-04-04T00:06:17.775+0000] {dagbag.py:540} INFO - Filling up the DagBag from /opt/airflow/dags/first_practice_dag.py
[2024-04-04T00:06:17.793+0000] {processor.py:840} INFO - DAG(s) 'first_practice_dag' retrieved from /opt/airflow/dags/first_practice_dag.py
[2024-04-04T00:06:17.816+0000] {logging_mixin.py:188} INFO - [2024-04-04T00:06:17.816+0000] {dag.py:3047} INFO - Sync 1 DAGs
[2024-04-04T00:06:17.838+0000] {logging_mixin.py:188} INFO - [2024-04-04T00:06:17.838+0000] {dag.py:3834} INFO - Setting next_dagrun for first_practice_dag to 2024-04-02 00:00:00+00:00, run_after=2024-04-03 00:00:00+00:00
[2024-04-04T00:06:17.869+0000] {processor.py:183} INFO - Processing /opt/airflow/dags/first_practice_dag.py took 0.098 seconds
[2024-04-04T00:06:47.933+0000] {processor.py:161} INFO - Started process (PID=1868) to work on /opt/airflow/dags/first_practice_dag.py
[2024-04-04T00:06:47.934+0000] {processor.py:830} INFO - Processing file /opt/airflow/dags/first_practice_dag.py for tasks to queue
[2024-04-04T00:06:47.935+0000] {logging_mixin.py:188} INFO - [2024-04-04T00:06:47.935+0000] {dagbag.py:540} INFO - Filling up the DagBag from /opt/airflow/dags/first_practice_dag.py
[2024-04-04T00:06:47.951+0000] {processor.py:840} INFO - DAG(s) 'first_practice_dag' retrieved from /opt/airflow/dags/first_practice_dag.py
[2024-04-04T00:06:47.974+0000] {logging_mixin.py:188} INFO - [2024-04-04T00:06:47.973+0000] {dag.py:3047} INFO - Sync 1 DAGs
[2024-04-04T00:06:47.995+0000] {logging_mixin.py:188} INFO - [2024-04-04T00:06:47.995+0000] {dag.py:3834} INFO - Setting next_dagrun for first_practice_dag to 2024-04-02 00:00:00+00:00, run_after=2024-04-03 00:00:00+00:00
[2024-04-04T00:06:48.028+0000] {processor.py:183} INFO - Processing /opt/airflow/dags/first_practice_dag.py took 0.098 seconds
[2024-04-04T00:07:18.104+0000] {processor.py:161} INFO - Started process (PID=1909) to work on /opt/airflow/dags/first_practice_dag.py
[2024-04-04T00:07:18.105+0000] {processor.py:830} INFO - Processing file /opt/airflow/dags/first_practice_dag.py for tasks to queue
[2024-04-04T00:07:18.106+0000] {logging_mixin.py:188} INFO - [2024-04-04T00:07:18.106+0000] {dagbag.py:540} INFO - Filling up the DagBag from /opt/airflow/dags/first_practice_dag.py
[2024-04-04T00:07:18.124+0000] {processor.py:840} INFO - DAG(s) 'first_practice_dag' retrieved from /opt/airflow/dags/first_practice_dag.py
[2024-04-04T00:07:18.146+0000] {logging_mixin.py:188} INFO - [2024-04-04T00:07:18.145+0000] {dag.py:3047} INFO - Sync 1 DAGs
[2024-04-04T00:07:18.167+0000] {logging_mixin.py:188} INFO - [2024-04-04T00:07:18.166+0000] {dag.py:3834} INFO - Setting next_dagrun for first_practice_dag to 2024-04-02 00:00:00+00:00, run_after=2024-04-03 00:00:00+00:00
[2024-04-04T00:07:18.189+0000] {processor.py:183} INFO - Processing /opt/airflow/dags/first_practice_dag.py took 0.087 seconds
[2024-04-04T00:07:48.344+0000] {processor.py:161} INFO - Started process (PID=1950) to work on /opt/airflow/dags/first_practice_dag.py
[2024-04-04T00:07:48.345+0000] {processor.py:830} INFO - Processing file /opt/airflow/dags/first_practice_dag.py for tasks to queue
[2024-04-04T00:07:48.346+0000] {logging_mixin.py:188} INFO - [2024-04-04T00:07:48.345+0000] {dagbag.py:540} INFO - Filling up the DagBag from /opt/airflow/dags/first_practice_dag.py
[2024-04-04T00:07:48.362+0000] {processor.py:840} INFO - DAG(s) 'first_practice_dag' retrieved from /opt/airflow/dags/first_practice_dag.py
[2024-04-04T00:07:48.385+0000] {logging_mixin.py:188} INFO - [2024-04-04T00:07:48.384+0000] {dag.py:3047} INFO - Sync 1 DAGs
[2024-04-04T00:07:48.408+0000] {logging_mixin.py:188} INFO - [2024-04-04T00:07:48.408+0000] {dag.py:3834} INFO - Setting next_dagrun for first_practice_dag to 2024-04-02 00:00:00+00:00, run_after=2024-04-03 00:00:00+00:00
[2024-04-04T00:07:48.445+0000] {processor.py:183} INFO - Processing /opt/airflow/dags/first_practice_dag.py took 0.104 seconds
[2024-04-04T00:08:18.557+0000] {processor.py:161} INFO - Started process (PID=1991) to work on /opt/airflow/dags/first_practice_dag.py
[2024-04-04T00:08:18.558+0000] {processor.py:830} INFO - Processing file /opt/airflow/dags/first_practice_dag.py for tasks to queue
[2024-04-04T00:08:18.559+0000] {logging_mixin.py:188} INFO - [2024-04-04T00:08:18.559+0000] {dagbag.py:540} INFO - Filling up the DagBag from /opt/airflow/dags/first_practice_dag.py
[2024-04-04T00:08:18.576+0000] {processor.py:840} INFO - DAG(s) 'first_practice_dag' retrieved from /opt/airflow/dags/first_practice_dag.py
[2024-04-04T00:08:18.598+0000] {logging_mixin.py:188} INFO - [2024-04-04T00:08:18.597+0000] {dag.py:3047} INFO - Sync 1 DAGs
[2024-04-04T00:08:18.619+0000] {logging_mixin.py:188} INFO - [2024-04-04T00:08:18.619+0000] {dag.py:3834} INFO - Setting next_dagrun for first_practice_dag to 2024-04-02 00:00:00+00:00, run_after=2024-04-03 00:00:00+00:00
[2024-04-04T00:08:18.645+0000] {processor.py:183} INFO - Processing /opt/airflow/dags/first_practice_dag.py took 0.090 seconds
[2024-04-04T00:08:48.830+0000] {processor.py:161} INFO - Started process (PID=2032) to work on /opt/airflow/dags/first_practice_dag.py
[2024-04-04T00:08:48.831+0000] {processor.py:830} INFO - Processing file /opt/airflow/dags/first_practice_dag.py for tasks to queue
[2024-04-04T00:08:48.832+0000] {logging_mixin.py:188} INFO - [2024-04-04T00:08:48.831+0000] {dagbag.py:540} INFO - Filling up the DagBag from /opt/airflow/dags/first_practice_dag.py
[2024-04-04T00:08:48.849+0000] {processor.py:840} INFO - DAG(s) 'first_practice_dag' retrieved from /opt/airflow/dags/first_practice_dag.py
[2024-04-04T00:08:48.873+0000] {logging_mixin.py:188} INFO - [2024-04-04T00:08:48.872+0000] {dag.py:3047} INFO - Sync 1 DAGs
[2024-04-04T00:08:48.896+0000] {logging_mixin.py:188} INFO - [2024-04-04T00:08:48.896+0000] {dag.py:3834} INFO - Setting next_dagrun for first_practice_dag to 2024-04-02 00:00:00+00:00, run_after=2024-04-03 00:00:00+00:00
[2024-04-04T00:08:48.919+0000] {processor.py:183} INFO - Processing /opt/airflow/dags/first_practice_dag.py took 0.092 seconds
[2024-04-04T00:09:19.061+0000] {processor.py:161} INFO - Started process (PID=2073) to work on /opt/airflow/dags/first_practice_dag.py
[2024-04-04T00:09:19.062+0000] {processor.py:830} INFO - Processing file /opt/airflow/dags/first_practice_dag.py for tasks to queue
[2024-04-04T00:09:19.063+0000] {logging_mixin.py:188} INFO - [2024-04-04T00:09:19.063+0000] {dagbag.py:540} INFO - Filling up the DagBag from /opt/airflow/dags/first_practice_dag.py
[2024-04-04T00:09:19.081+0000] {processor.py:840} INFO - DAG(s) 'first_practice_dag' retrieved from /opt/airflow/dags/first_practice_dag.py
[2024-04-04T00:09:19.104+0000] {logging_mixin.py:188} INFO - [2024-04-04T00:09:19.104+0000] {dag.py:3047} INFO - Sync 1 DAGs
[2024-04-04T00:09:19.128+0000] {logging_mixin.py:188} INFO - [2024-04-04T00:09:19.128+0000] {dag.py:3834} INFO - Setting next_dagrun for first_practice_dag to 2024-04-02 00:00:00+00:00, run_after=2024-04-03 00:00:00+00:00
[2024-04-04T00:09:19.153+0000] {processor.py:183} INFO - Processing /opt/airflow/dags/first_practice_dag.py took 0.094 seconds
[2024-04-04T00:09:49.277+0000] {processor.py:161} INFO - Started process (PID=2114) to work on /opt/airflow/dags/first_practice_dag.py
[2024-04-04T00:09:49.278+0000] {processor.py:830} INFO - Processing file /opt/airflow/dags/first_practice_dag.py for tasks to queue
[2024-04-04T00:09:49.279+0000] {logging_mixin.py:188} INFO - [2024-04-04T00:09:49.279+0000] {dagbag.py:540} INFO - Filling up the DagBag from /opt/airflow/dags/first_practice_dag.py
[2024-04-04T00:09:49.295+0000] {processor.py:840} INFO - DAG(s) 'first_practice_dag' retrieved from /opt/airflow/dags/first_practice_dag.py
[2024-04-04T00:09:49.317+0000] {logging_mixin.py:188} INFO - [2024-04-04T00:09:49.317+0000] {dag.py:3047} INFO - Sync 1 DAGs
[2024-04-04T00:09:49.339+0000] {logging_mixin.py:188} INFO - [2024-04-04T00:09:49.339+0000] {dag.py:3834} INFO - Setting next_dagrun for first_practice_dag to 2024-04-02 00:00:00+00:00, run_after=2024-04-03 00:00:00+00:00
[2024-04-04T00:09:49.372+0000] {processor.py:183} INFO - Processing /opt/airflow/dags/first_practice_dag.py took 0.098 seconds
[2024-04-04T00:10:19.476+0000] {processor.py:161} INFO - Started process (PID=2155) to work on /opt/airflow/dags/first_practice_dag.py
[2024-04-04T00:10:19.477+0000] {processor.py:830} INFO - Processing file /opt/airflow/dags/first_practice_dag.py for tasks to queue
[2024-04-04T00:10:19.478+0000] {logging_mixin.py:188} INFO - [2024-04-04T00:10:19.478+0000] {dagbag.py:540} INFO - Filling up the DagBag from /opt/airflow/dags/first_practice_dag.py
[2024-04-04T00:10:19.495+0000] {processor.py:840} INFO - DAG(s) 'first_practice_dag' retrieved from /opt/airflow/dags/first_practice_dag.py
[2024-04-04T00:10:19.518+0000] {logging_mixin.py:188} INFO - [2024-04-04T00:10:19.518+0000] {dag.py:3047} INFO - Sync 1 DAGs
[2024-04-04T00:10:19.542+0000] {logging_mixin.py:188} INFO - [2024-04-04T00:10:19.542+0000] {dag.py:3834} INFO - Setting next_dagrun for first_practice_dag to 2024-04-02 00:00:00+00:00, run_after=2024-04-03 00:00:00+00:00
[2024-04-04T00:10:19.577+0000] {processor.py:183} INFO - Processing /opt/airflow/dags/first_practice_dag.py took 0.103 seconds
[2024-04-04T00:10:49.663+0000] {processor.py:161} INFO - Started process (PID=2196) to work on /opt/airflow/dags/first_practice_dag.py
[2024-04-04T00:10:49.664+0000] {processor.py:830} INFO - Processing file /opt/airflow/dags/first_practice_dag.py for tasks to queue
[2024-04-04T00:10:49.664+0000] {logging_mixin.py:188} INFO - [2024-04-04T00:10:49.664+0000] {dagbag.py:540} INFO - Filling up the DagBag from /opt/airflow/dags/first_practice_dag.py
[2024-04-04T00:10:49.680+0000] {processor.py:840} INFO - DAG(s) 'first_practice_dag' retrieved from /opt/airflow/dags/first_practice_dag.py
[2024-04-04T00:10:49.703+0000] {logging_mixin.py:188} INFO - [2024-04-04T00:10:49.703+0000] {dag.py:3047} INFO - Sync 1 DAGs
[2024-04-04T00:10:49.724+0000] {logging_mixin.py:188} INFO - [2024-04-04T00:10:49.724+0000] {dag.py:3834} INFO - Setting next_dagrun for first_practice_dag to 2024-04-02 00:00:00+00:00, run_after=2024-04-03 00:00:00+00:00
[2024-04-04T00:10:49.755+0000] {processor.py:183} INFO - Processing /opt/airflow/dags/first_practice_dag.py took 0.095 seconds
[2024-04-04T00:11:19.854+0000] {processor.py:161} INFO - Started process (PID=2237) to work on /opt/airflow/dags/first_practice_dag.py
[2024-04-04T00:11:19.855+0000] {processor.py:830} INFO - Processing file /opt/airflow/dags/first_practice_dag.py for tasks to queue
[2024-04-04T00:11:19.856+0000] {logging_mixin.py:188} INFO - [2024-04-04T00:11:19.856+0000] {dagbag.py:540} INFO - Filling up the DagBag from /opt/airflow/dags/first_practice_dag.py
[2024-04-04T00:11:19.875+0000] {processor.py:840} INFO - DAG(s) 'first_practice_dag' retrieved from /opt/airflow/dags/first_practice_dag.py
[2024-04-04T00:11:19.897+0000] {logging_mixin.py:188} INFO - [2024-04-04T00:11:19.896+0000] {dag.py:3047} INFO - Sync 1 DAGs
[2024-04-04T00:11:19.923+0000] {logging_mixin.py:188} INFO - [2024-04-04T00:11:19.923+0000] {dag.py:3834} INFO - Setting next_dagrun for first_practice_dag to 2024-04-02 00:00:00+00:00, run_after=2024-04-03 00:00:00+00:00
[2024-04-04T00:11:19.954+0000] {processor.py:183} INFO - Processing /opt/airflow/dags/first_practice_dag.py took 0.103 seconds
[2024-04-04T00:11:50.037+0000] {processor.py:161} INFO - Started process (PID=2278) to work on /opt/airflow/dags/first_practice_dag.py
[2024-04-04T00:11:50.038+0000] {processor.py:830} INFO - Processing file /opt/airflow/dags/first_practice_dag.py for tasks to queue
[2024-04-04T00:11:50.039+0000] {logging_mixin.py:188} INFO - [2024-04-04T00:11:50.038+0000] {dagbag.py:540} INFO - Filling up the DagBag from /opt/airflow/dags/first_practice_dag.py
[2024-04-04T00:11:50.055+0000] {processor.py:840} INFO - DAG(s) 'first_practice_dag' retrieved from /opt/airflow/dags/first_practice_dag.py
[2024-04-04T00:11:50.080+0000] {logging_mixin.py:188} INFO - [2024-04-04T00:11:50.080+0000] {dag.py:3047} INFO - Sync 1 DAGs
[2024-04-04T00:11:50.103+0000] {logging_mixin.py:188} INFO - [2024-04-04T00:11:50.102+0000] {dag.py:3834} INFO - Setting next_dagrun for first_practice_dag to 2024-04-02 00:00:00+00:00, run_after=2024-04-03 00:00:00+00:00
[2024-04-04T00:11:50.136+0000] {processor.py:183} INFO - Processing /opt/airflow/dags/first_practice_dag.py took 0.102 seconds
[2024-04-04T00:12:20.246+0000] {processor.py:161} INFO - Started process (PID=2319) to work on /opt/airflow/dags/first_practice_dag.py
[2024-04-04T00:12:20.247+0000] {processor.py:830} INFO - Processing file /opt/airflow/dags/first_practice_dag.py for tasks to queue
[2024-04-04T00:12:20.248+0000] {logging_mixin.py:188} INFO - [2024-04-04T00:12:20.248+0000] {dagbag.py:540} INFO - Filling up the DagBag from /opt/airflow/dags/first_practice_dag.py
[2024-04-04T00:12:20.264+0000] {processor.py:840} INFO - DAG(s) 'first_practice_dag' retrieved from /opt/airflow/dags/first_practice_dag.py
[2024-04-04T00:12:20.289+0000] {logging_mixin.py:188} INFO - [2024-04-04T00:12:20.289+0000] {dag.py:3047} INFO - Sync 1 DAGs
[2024-04-04T00:12:20.311+0000] {logging_mixin.py:188} INFO - [2024-04-04T00:12:20.311+0000] {dag.py:3834} INFO - Setting next_dagrun for first_practice_dag to 2024-04-02 00:00:00+00:00, run_after=2024-04-03 00:00:00+00:00
[2024-04-04T00:12:20.344+0000] {processor.py:183} INFO - Processing /opt/airflow/dags/first_practice_dag.py took 0.101 seconds
[2024-04-04T00:12:50.414+0000] {processor.py:161} INFO - Started process (PID=2359) to work on /opt/airflow/dags/first_practice_dag.py
[2024-04-04T00:12:50.415+0000] {processor.py:830} INFO - Processing file /opt/airflow/dags/first_practice_dag.py for tasks to queue
[2024-04-04T00:12:50.416+0000] {logging_mixin.py:188} INFO - [2024-04-04T00:12:50.416+0000] {dagbag.py:540} INFO - Filling up the DagBag from /opt/airflow/dags/first_practice_dag.py
[2024-04-04T00:12:50.433+0000] {processor.py:840} INFO - DAG(s) 'first_practice_dag' retrieved from /opt/airflow/dags/first_practice_dag.py
[2024-04-04T00:12:50.456+0000] {logging_mixin.py:188} INFO - [2024-04-04T00:12:50.455+0000] {dag.py:3047} INFO - Sync 1 DAGs
[2024-04-04T00:12:50.478+0000] {logging_mixin.py:188} INFO - [2024-04-04T00:12:50.478+0000] {dag.py:3834} INFO - Setting next_dagrun for first_practice_dag to 2024-04-02 00:00:00+00:00, run_after=2024-04-03 00:00:00+00:00
[2024-04-04T00:12:50.509+0000] {processor.py:183} INFO - Processing /opt/airflow/dags/first_practice_dag.py took 0.097 seconds
[2024-04-04T00:13:20.717+0000] {processor.py:161} INFO - Started process (PID=2402) to work on /opt/airflow/dags/first_practice_dag.py
[2024-04-04T00:13:20.718+0000] {processor.py:830} INFO - Processing file /opt/airflow/dags/first_practice_dag.py for tasks to queue
[2024-04-04T00:13:20.720+0000] {logging_mixin.py:188} INFO - [2024-04-04T00:13:20.719+0000] {dagbag.py:540} INFO - Filling up the DagBag from /opt/airflow/dags/first_practice_dag.py
[2024-04-04T00:13:20.740+0000] {processor.py:840} INFO - DAG(s) 'first_practice_dag' retrieved from /opt/airflow/dags/first_practice_dag.py
[2024-04-04T00:13:20.763+0000] {logging_mixin.py:188} INFO - [2024-04-04T00:13:20.763+0000] {dag.py:3047} INFO - Sync 1 DAGs
[2024-04-04T00:13:20.785+0000] {logging_mixin.py:188} INFO - [2024-04-04T00:13:20.785+0000] {dag.py:3834} INFO - Setting next_dagrun for first_practice_dag to 2024-04-02 00:00:00+00:00, run_after=2024-04-03 00:00:00+00:00
[2024-04-04T00:13:20.825+0000] {processor.py:183} INFO - Processing /opt/airflow/dags/first_practice_dag.py took 0.114 seconds
[2024-04-04T00:13:50.900+0000] {processor.py:161} INFO - Started process (PID=2443) to work on /opt/airflow/dags/first_practice_dag.py
[2024-04-04T00:13:50.901+0000] {processor.py:830} INFO - Processing file /opt/airflow/dags/first_practice_dag.py for tasks to queue
[2024-04-04T00:13:50.902+0000] {logging_mixin.py:188} INFO - [2024-04-04T00:13:50.902+0000] {dagbag.py:540} INFO - Filling up the DagBag from /opt/airflow/dags/first_practice_dag.py
[2024-04-04T00:13:50.920+0000] {processor.py:840} INFO - DAG(s) 'first_practice_dag' retrieved from /opt/airflow/dags/first_practice_dag.py
[2024-04-04T00:13:50.942+0000] {logging_mixin.py:188} INFO - [2024-04-04T00:13:50.942+0000] {dag.py:3047} INFO - Sync 1 DAGs
[2024-04-04T00:13:50.965+0000] {logging_mixin.py:188} INFO - [2024-04-04T00:13:50.965+0000] {dag.py:3834} INFO - Setting next_dagrun for first_practice_dag to 2024-04-02 00:00:00+00:00, run_after=2024-04-03 00:00:00+00:00
[2024-04-04T00:13:51.002+0000] {processor.py:183} INFO - Processing /opt/airflow/dags/first_practice_dag.py took 0.105 seconds
[2024-04-04T00:14:21.096+0000] {processor.py:161} INFO - Started process (PID=2484) to work on /opt/airflow/dags/first_practice_dag.py
[2024-04-04T00:14:21.097+0000] {processor.py:830} INFO - Processing file /opt/airflow/dags/first_practice_dag.py for tasks to queue
[2024-04-04T00:14:21.098+0000] {logging_mixin.py:188} INFO - [2024-04-04T00:14:21.098+0000] {dagbag.py:540} INFO - Filling up the DagBag from /opt/airflow/dags/first_practice_dag.py
[2024-04-04T00:14:21.115+0000] {processor.py:840} INFO - DAG(s) 'first_practice_dag' retrieved from /opt/airflow/dags/first_practice_dag.py
[2024-04-04T00:14:21.137+0000] {logging_mixin.py:188} INFO - [2024-04-04T00:14:21.137+0000] {dag.py:3047} INFO - Sync 1 DAGs
[2024-04-04T00:14:21.160+0000] {logging_mixin.py:188} INFO - [2024-04-04T00:14:21.160+0000] {dag.py:3834} INFO - Setting next_dagrun for first_practice_dag to 2024-04-02 00:00:00+00:00, run_after=2024-04-03 00:00:00+00:00
[2024-04-04T00:14:21.184+0000] {processor.py:183} INFO - Processing /opt/airflow/dags/first_practice_dag.py took 0.091 seconds
[2024-04-04T00:14:51.270+0000] {processor.py:161} INFO - Started process (PID=2525) to work on /opt/airflow/dags/first_practice_dag.py
[2024-04-04T00:14:51.271+0000] {processor.py:830} INFO - Processing file /opt/airflow/dags/first_practice_dag.py for tasks to queue
[2024-04-04T00:14:51.272+0000] {logging_mixin.py:188} INFO - [2024-04-04T00:14:51.272+0000] {dagbag.py:540} INFO - Filling up the DagBag from /opt/airflow/dags/first_practice_dag.py
[2024-04-04T00:14:51.291+0000] {processor.py:840} INFO - DAG(s) 'first_practice_dag' retrieved from /opt/airflow/dags/first_practice_dag.py
[2024-04-04T00:14:51.318+0000] {logging_mixin.py:188} INFO - [2024-04-04T00:14:51.317+0000] {dag.py:3047} INFO - Sync 1 DAGs
[2024-04-04T00:14:51.346+0000] {logging_mixin.py:188} INFO - [2024-04-04T00:14:51.345+0000] {dag.py:3834} INFO - Setting next_dagrun for first_practice_dag to 2024-04-02 00:00:00+00:00, run_after=2024-04-03 00:00:00+00:00
[2024-04-04T00:14:51.364+0000] {processor.py:183} INFO - Processing /opt/airflow/dags/first_practice_dag.py took 0.097 seconds
[2024-04-04T00:15:21.567+0000] {processor.py:161} INFO - Started process (PID=2566) to work on /opt/airflow/dags/first_practice_dag.py
[2024-04-04T00:15:21.568+0000] {processor.py:830} INFO - Processing file /opt/airflow/dags/first_practice_dag.py for tasks to queue
[2024-04-04T00:15:21.569+0000] {logging_mixin.py:188} INFO - [2024-04-04T00:15:21.569+0000] {dagbag.py:540} INFO - Filling up the DagBag from /opt/airflow/dags/first_practice_dag.py
[2024-04-04T00:15:21.586+0000] {processor.py:840} INFO - DAG(s) 'first_practice_dag' retrieved from /opt/airflow/dags/first_practice_dag.py
[2024-04-04T00:15:21.608+0000] {logging_mixin.py:188} INFO - [2024-04-04T00:15:21.608+0000] {dag.py:3047} INFO - Sync 1 DAGs
[2024-04-04T00:15:21.630+0000] {logging_mixin.py:188} INFO - [2024-04-04T00:15:21.630+0000] {dag.py:3834} INFO - Setting next_dagrun for first_practice_dag to 2024-04-02 00:00:00+00:00, run_after=2024-04-03 00:00:00+00:00
[2024-04-04T00:15:21.665+0000] {processor.py:183} INFO - Processing /opt/airflow/dags/first_practice_dag.py took 0.100 seconds
[2024-04-04T00:15:51.717+0000] {processor.py:161} INFO - Started process (PID=2605) to work on /opt/airflow/dags/first_practice_dag.py
[2024-04-04T00:15:51.718+0000] {processor.py:830} INFO - Processing file /opt/airflow/dags/first_practice_dag.py for tasks to queue
[2024-04-04T00:15:51.719+0000] {logging_mixin.py:188} INFO - [2024-04-04T00:15:51.719+0000] {dagbag.py:540} INFO - Filling up the DagBag from /opt/airflow/dags/first_practice_dag.py
[2024-04-04T00:15:51.738+0000] {processor.py:840} INFO - DAG(s) 'first_practice_dag' retrieved from /opt/airflow/dags/first_practice_dag.py
[2024-04-04T00:15:51.763+0000] {logging_mixin.py:188} INFO - [2024-04-04T00:15:51.763+0000] {dag.py:3047} INFO - Sync 1 DAGs
[2024-04-04T00:15:51.784+0000] {logging_mixin.py:188} INFO - [2024-04-04T00:15:51.784+0000] {dag.py:3834} INFO - Setting next_dagrun for first_practice_dag to 2024-04-02 00:00:00+00:00, run_after=2024-04-03 00:00:00+00:00
[2024-04-04T00:15:51.807+0000] {processor.py:183} INFO - Processing /opt/airflow/dags/first_practice_dag.py took 0.093 seconds
[2024-04-04T00:16:21.962+0000] {processor.py:161} INFO - Started process (PID=2648) to work on /opt/airflow/dags/first_practice_dag.py
[2024-04-04T00:16:21.963+0000] {processor.py:830} INFO - Processing file /opt/airflow/dags/first_practice_dag.py for tasks to queue
[2024-04-04T00:16:21.964+0000] {logging_mixin.py:188} INFO - [2024-04-04T00:16:21.964+0000] {dagbag.py:540} INFO - Filling up the DagBag from /opt/airflow/dags/first_practice_dag.py
[2024-04-04T00:16:21.982+0000] {processor.py:840} INFO - DAG(s) 'first_practice_dag' retrieved from /opt/airflow/dags/first_practice_dag.py
[2024-04-04T00:16:22.005+0000] {logging_mixin.py:188} INFO - [2024-04-04T00:16:22.005+0000] {dag.py:3047} INFO - Sync 1 DAGs
[2024-04-04T00:16:22.027+0000] {logging_mixin.py:188} INFO - [2024-04-04T00:16:22.027+0000] {dag.py:3834} INFO - Setting next_dagrun for first_practice_dag to 2024-04-02 00:00:00+00:00, run_after=2024-04-03 00:00:00+00:00
[2024-04-04T00:16:22.059+0000] {processor.py:183} INFO - Processing /opt/airflow/dags/first_practice_dag.py took 0.100 seconds
[2024-04-04T00:16:52.100+0000] {processor.py:161} INFO - Started process (PID=2687) to work on /opt/airflow/dags/first_practice_dag.py
[2024-04-04T00:16:52.101+0000] {processor.py:830} INFO - Processing file /opt/airflow/dags/first_practice_dag.py for tasks to queue
[2024-04-04T00:16:52.102+0000] {logging_mixin.py:188} INFO - [2024-04-04T00:16:52.101+0000] {dagbag.py:540} INFO - Filling up the DagBag from /opt/airflow/dags/first_practice_dag.py
[2024-04-04T00:16:52.120+0000] {processor.py:840} INFO - DAG(s) 'first_practice_dag' retrieved from /opt/airflow/dags/first_practice_dag.py
[2024-04-04T00:16:52.145+0000] {logging_mixin.py:188} INFO - [2024-04-04T00:16:52.145+0000] {dag.py:3047} INFO - Sync 1 DAGs
[2024-04-04T00:16:52.171+0000] {logging_mixin.py:188} INFO - [2024-04-04T00:16:52.171+0000] {dag.py:3834} INFO - Setting next_dagrun for first_practice_dag to 2024-04-02 00:00:00+00:00, run_after=2024-04-03 00:00:00+00:00
[2024-04-04T00:16:52.196+0000] {processor.py:183} INFO - Processing /opt/airflow/dags/first_practice_dag.py took 0.099 seconds
[2024-04-04T00:17:23.043+0000] {processor.py:161} INFO - Started process (PID=2730) to work on /opt/airflow/dags/first_practice_dag.py
[2024-04-04T00:17:23.044+0000] {processor.py:830} INFO - Processing file /opt/airflow/dags/first_practice_dag.py for tasks to queue
[2024-04-04T00:17:23.045+0000] {logging_mixin.py:188} INFO - [2024-04-04T00:17:23.045+0000] {dagbag.py:540} INFO - Filling up the DagBag from /opt/airflow/dags/first_practice_dag.py
[2024-04-04T00:17:23.062+0000] {processor.py:840} INFO - DAG(s) 'first_practice_dag' retrieved from /opt/airflow/dags/first_practice_dag.py
[2024-04-04T00:17:23.086+0000] {logging_mixin.py:188} INFO - [2024-04-04T00:17:23.085+0000] {dag.py:3047} INFO - Sync 1 DAGs
[2024-04-04T00:17:23.109+0000] {logging_mixin.py:188} INFO - [2024-04-04T00:17:23.109+0000] {dag.py:3834} INFO - Setting next_dagrun for first_practice_dag to 2024-04-02 00:00:00+00:00, run_after=2024-04-03 00:00:00+00:00
[2024-04-04T00:17:23.143+0000] {processor.py:183} INFO - Processing /opt/airflow/dags/first_practice_dag.py took 0.102 seconds
[2024-04-04T00:17:44.603+0000] {processor.py:161} INFO - Started process (PID=2756) to work on /opt/airflow/dags/first_practice_dag.py
[2024-04-04T00:17:44.604+0000] {processor.py:830} INFO - Processing file /opt/airflow/dags/first_practice_dag.py for tasks to queue
[2024-04-04T00:17:44.605+0000] {logging_mixin.py:188} INFO - [2024-04-04T00:17:44.605+0000] {dagbag.py:540} INFO - Filling up the DagBag from /opt/airflow/dags/first_practice_dag.py
[2024-04-04T00:17:44.631+0000] {processor.py:840} INFO - DAG(s) 'first_practice_dag' retrieved from /opt/airflow/dags/first_practice_dag.py
[2024-04-04T00:17:44.755+0000] {logging_mixin.py:188} INFO - [2024-04-04T00:17:44.755+0000] {dag.py:3047} INFO - Sync 1 DAGs
[2024-04-04T00:17:44.775+0000] {logging_mixin.py:188} INFO - [2024-04-04T00:17:44.775+0000] {dag.py:3834} INFO - Setting next_dagrun for first_practice_dag to 2024-04-02 00:00:00+00:00, run_after=2024-04-03 00:00:00+00:00
[2024-04-04T00:17:44.811+0000] {processor.py:183} INFO - Processing /opt/airflow/dags/first_practice_dag.py took 0.211 seconds
[2024-04-04T00:18:15.527+0000] {processor.py:161} INFO - Started process (PID=2809) to work on /opt/airflow/dags/first_practice_dag.py
[2024-04-04T00:18:15.528+0000] {processor.py:830} INFO - Processing file /opt/airflow/dags/first_practice_dag.py for tasks to queue
[2024-04-04T00:18:15.529+0000] {logging_mixin.py:188} INFO - [2024-04-04T00:18:15.529+0000] {dagbag.py:540} INFO - Filling up the DagBag from /opt/airflow/dags/first_practice_dag.py
[2024-04-04T00:18:15.547+0000] {processor.py:840} INFO - DAG(s) 'first_practice_dag' retrieved from /opt/airflow/dags/first_practice_dag.py
[2024-04-04T00:18:15.570+0000] {logging_mixin.py:188} INFO - [2024-04-04T00:18:15.570+0000] {dag.py:3047} INFO - Sync 1 DAGs
[2024-04-04T00:18:15.594+0000] {logging_mixin.py:188} INFO - [2024-04-04T00:18:15.593+0000] {dag.py:3834} INFO - Setting next_dagrun for first_practice_dag to 2024-04-04 00:00:00+00:00, run_after=2024-04-05 00:00:00+00:00
[2024-04-04T00:18:15.625+0000] {processor.py:183} INFO - Processing /opt/airflow/dags/first_practice_dag.py took 0.100 seconds
[2024-04-04T00:18:46.489+0000] {processor.py:161} INFO - Started process (PID=2850) to work on /opt/airflow/dags/first_practice_dag.py
[2024-04-04T00:18:46.490+0000] {processor.py:830} INFO - Processing file /opt/airflow/dags/first_practice_dag.py for tasks to queue
[2024-04-04T00:18:46.491+0000] {logging_mixin.py:188} INFO - [2024-04-04T00:18:46.491+0000] {dagbag.py:540} INFO - Filling up the DagBag from /opt/airflow/dags/first_practice_dag.py
[2024-04-04T00:18:46.509+0000] {processor.py:840} INFO - DAG(s) 'first_practice_dag' retrieved from /opt/airflow/dags/first_practice_dag.py
[2024-04-04T00:18:46.531+0000] {logging_mixin.py:188} INFO - [2024-04-04T00:18:46.531+0000] {dag.py:3047} INFO - Sync 1 DAGs
[2024-04-04T00:18:46.553+0000] {logging_mixin.py:188} INFO - [2024-04-04T00:18:46.553+0000] {dag.py:3834} INFO - Setting next_dagrun for first_practice_dag to 2024-04-04 00:00:00+00:00, run_after=2024-04-05 00:00:00+00:00
[2024-04-04T00:18:46.588+0000] {processor.py:183} INFO - Processing /opt/airflow/dags/first_practice_dag.py took 0.102 seconds
[2024-04-04T00:19:17.478+0000] {processor.py:161} INFO - Started process (PID=2891) to work on /opt/airflow/dags/first_practice_dag.py
[2024-04-04T00:19:17.479+0000] {processor.py:830} INFO - Processing file /opt/airflow/dags/first_practice_dag.py for tasks to queue
[2024-04-04T00:19:17.480+0000] {logging_mixin.py:188} INFO - [2024-04-04T00:19:17.480+0000] {dagbag.py:540} INFO - Filling up the DagBag from /opt/airflow/dags/first_practice_dag.py
[2024-04-04T00:19:17.497+0000] {processor.py:840} INFO - DAG(s) 'first_practice_dag' retrieved from /opt/airflow/dags/first_practice_dag.py
[2024-04-04T00:19:17.519+0000] {logging_mixin.py:188} INFO - [2024-04-04T00:19:17.519+0000] {dag.py:3047} INFO - Sync 1 DAGs
[2024-04-04T00:19:17.541+0000] {logging_mixin.py:188} INFO - [2024-04-04T00:19:17.541+0000] {dag.py:3834} INFO - Setting next_dagrun for first_practice_dag to 2024-04-04 00:00:00+00:00, run_after=2024-04-05 00:00:00+00:00
[2024-04-04T00:19:17.576+0000] {processor.py:183} INFO - Processing /opt/airflow/dags/first_practice_dag.py took 0.101 seconds
[2024-04-04T00:19:48.417+0000] {processor.py:161} INFO - Started process (PID=2932) to work on /opt/airflow/dags/first_practice_dag.py
[2024-04-04T00:19:48.418+0000] {processor.py:830} INFO - Processing file /opt/airflow/dags/first_practice_dag.py for tasks to queue
[2024-04-04T00:19:48.419+0000] {logging_mixin.py:188} INFO - [2024-04-04T00:19:48.419+0000] {dagbag.py:540} INFO - Filling up the DagBag from /opt/airflow/dags/first_practice_dag.py
[2024-04-04T00:19:48.438+0000] {processor.py:840} INFO - DAG(s) 'first_practice_dag' retrieved from /opt/airflow/dags/first_practice_dag.py
[2024-04-04T00:19:48.462+0000] {logging_mixin.py:188} INFO - [2024-04-04T00:19:48.461+0000] {dag.py:3047} INFO - Sync 1 DAGs
[2024-04-04T00:19:48.484+0000] {logging_mixin.py:188} INFO - [2024-04-04T00:19:48.484+0000] {dag.py:3834} INFO - Setting next_dagrun for first_practice_dag to 2024-04-04 00:00:00+00:00, run_after=2024-04-05 00:00:00+00:00
[2024-04-04T00:19:48.515+0000] {processor.py:183} INFO - Processing /opt/airflow/dags/first_practice_dag.py took 0.101 seconds
[2024-04-04T00:20:19.326+0000] {processor.py:161} INFO - Started process (PID=2973) to work on /opt/airflow/dags/first_practice_dag.py
[2024-04-04T00:20:19.327+0000] {processor.py:830} INFO - Processing file /opt/airflow/dags/first_practice_dag.py for tasks to queue
[2024-04-04T00:20:19.328+0000] {logging_mixin.py:188} INFO - [2024-04-04T00:20:19.328+0000] {dagbag.py:540} INFO - Filling up the DagBag from /opt/airflow/dags/first_practice_dag.py
[2024-04-04T00:20:19.348+0000] {processor.py:840} INFO - DAG(s) 'first_practice_dag' retrieved from /opt/airflow/dags/first_practice_dag.py
[2024-04-04T00:20:19.375+0000] {logging_mixin.py:188} INFO - [2024-04-04T00:20:19.375+0000] {dag.py:3047} INFO - Sync 1 DAGs
[2024-04-04T00:20:19.400+0000] {logging_mixin.py:188} INFO - [2024-04-04T00:20:19.400+0000] {dag.py:3834} INFO - Setting next_dagrun for first_practice_dag to 2024-04-04 00:00:00+00:00, run_after=2024-04-05 00:00:00+00:00
[2024-04-04T00:20:19.433+0000] {processor.py:183} INFO - Processing /opt/airflow/dags/first_practice_dag.py took 0.110 seconds
[2024-04-04T00:20:50.155+0000] {processor.py:161} INFO - Started process (PID=3014) to work on /opt/airflow/dags/first_practice_dag.py
[2024-04-04T00:20:50.156+0000] {processor.py:830} INFO - Processing file /opt/airflow/dags/first_practice_dag.py for tasks to queue
[2024-04-04T00:20:50.157+0000] {logging_mixin.py:188} INFO - [2024-04-04T00:20:50.157+0000] {dagbag.py:540} INFO - Filling up the DagBag from /opt/airflow/dags/first_practice_dag.py
[2024-04-04T00:20:50.174+0000] {processor.py:840} INFO - DAG(s) 'first_practice_dag' retrieved from /opt/airflow/dags/first_practice_dag.py
[2024-04-04T00:20:50.197+0000] {logging_mixin.py:188} INFO - [2024-04-04T00:20:50.196+0000] {dag.py:3047} INFO - Sync 1 DAGs
[2024-04-04T00:20:50.220+0000] {logging_mixin.py:188} INFO - [2024-04-04T00:20:50.220+0000] {dag.py:3834} INFO - Setting next_dagrun for first_practice_dag to 2024-04-04 00:00:00+00:00, run_after=2024-04-05 00:00:00+00:00
[2024-04-04T00:20:50.251+0000] {processor.py:183} INFO - Processing /opt/airflow/dags/first_practice_dag.py took 0.099 seconds
[2024-04-04T00:21:21.051+0000] {processor.py:161} INFO - Started process (PID=3055) to work on /opt/airflow/dags/first_practice_dag.py
[2024-04-04T00:21:21.052+0000] {processor.py:830} INFO - Processing file /opt/airflow/dags/first_practice_dag.py for tasks to queue
[2024-04-04T00:21:21.053+0000] {logging_mixin.py:188} INFO - [2024-04-04T00:21:21.053+0000] {dagbag.py:540} INFO - Filling up the DagBag from /opt/airflow/dags/first_practice_dag.py
[2024-04-04T00:21:21.079+0000] {processor.py:840} INFO - DAG(s) 'first_practice_dag' retrieved from /opt/airflow/dags/first_practice_dag.py
[2024-04-04T00:21:21.111+0000] {logging_mixin.py:188} INFO - [2024-04-04T00:21:21.110+0000] {dag.py:3047} INFO - Sync 1 DAGs
[2024-04-04T00:21:21.134+0000] {logging_mixin.py:188} INFO - [2024-04-04T00:21:21.134+0000] {dag.py:3834} INFO - Setting next_dagrun for first_practice_dag to 2024-04-04 00:00:00+00:00, run_after=2024-04-05 00:00:00+00:00
[2024-04-04T00:21:21.170+0000] {processor.py:183} INFO - Processing /opt/airflow/dags/first_practice_dag.py took 0.123 seconds
[2024-04-04T00:21:51.994+0000] {processor.py:161} INFO - Started process (PID=3096) to work on /opt/airflow/dags/first_practice_dag.py
[2024-04-04T00:21:51.995+0000] {processor.py:830} INFO - Processing file /opt/airflow/dags/first_practice_dag.py for tasks to queue
[2024-04-04T00:21:51.996+0000] {logging_mixin.py:188} INFO - [2024-04-04T00:21:51.996+0000] {dagbag.py:540} INFO - Filling up the DagBag from /opt/airflow/dags/first_practice_dag.py
[2024-04-04T00:21:52.014+0000] {processor.py:840} INFO - DAG(s) 'first_practice_dag' retrieved from /opt/airflow/dags/first_practice_dag.py
[2024-04-04T00:21:52.036+0000] {logging_mixin.py:188} INFO - [2024-04-04T00:21:52.035+0000] {dag.py:3047} INFO - Sync 1 DAGs
[2024-04-04T00:21:52.058+0000] {logging_mixin.py:188} INFO - [2024-04-04T00:21:52.058+0000] {dag.py:3834} INFO - Setting next_dagrun for first_practice_dag to 2024-04-04 00:00:00+00:00, run_after=2024-04-05 00:00:00+00:00
[2024-04-04T00:21:52.095+0000] {processor.py:183} INFO - Processing /opt/airflow/dags/first_practice_dag.py took 0.104 seconds
[2024-04-04T00:22:22.936+0000] {processor.py:161} INFO - Started process (PID=3137) to work on /opt/airflow/dags/first_practice_dag.py
[2024-04-04T00:22:22.937+0000] {processor.py:830} INFO - Processing file /opt/airflow/dags/first_practice_dag.py for tasks to queue
[2024-04-04T00:22:22.938+0000] {logging_mixin.py:188} INFO - [2024-04-04T00:22:22.937+0000] {dagbag.py:540} INFO - Filling up the DagBag from /opt/airflow/dags/first_practice_dag.py
[2024-04-04T00:22:22.955+0000] {processor.py:840} INFO - DAG(s) 'first_practice_dag' retrieved from /opt/airflow/dags/first_practice_dag.py
[2024-04-04T00:22:22.979+0000] {logging_mixin.py:188} INFO - [2024-04-04T00:22:22.979+0000] {dag.py:3047} INFO - Sync 1 DAGs
[2024-04-04T00:22:23.002+0000] {logging_mixin.py:188} INFO - [2024-04-04T00:22:23.002+0000] {dag.py:3834} INFO - Setting next_dagrun for first_practice_dag to 2024-04-04 00:00:00+00:00, run_after=2024-04-05 00:00:00+00:00
[2024-04-04T00:22:23.040+0000] {processor.py:183} INFO - Processing /opt/airflow/dags/first_practice_dag.py took 0.107 seconds
[2024-04-04T00:22:53.809+0000] {processor.py:161} INFO - Started process (PID=3178) to work on /opt/airflow/dags/first_practice_dag.py
[2024-04-04T00:22:53.809+0000] {processor.py:830} INFO - Processing file /opt/airflow/dags/first_practice_dag.py for tasks to queue
[2024-04-04T00:22:53.810+0000] {logging_mixin.py:188} INFO - [2024-04-04T00:22:53.810+0000] {dagbag.py:540} INFO - Filling up the DagBag from /opt/airflow/dags/first_practice_dag.py
[2024-04-04T00:22:53.829+0000] {processor.py:840} INFO - DAG(s) 'first_practice_dag' retrieved from /opt/airflow/dags/first_practice_dag.py
[2024-04-04T00:22:53.854+0000] {logging_mixin.py:188} INFO - [2024-04-04T00:22:53.853+0000] {dag.py:3047} INFO - Sync 1 DAGs
[2024-04-04T00:22:53.876+0000] {logging_mixin.py:188} INFO - [2024-04-04T00:22:53.876+0000] {dag.py:3834} INFO - Setting next_dagrun for first_practice_dag to 2024-04-04 00:00:00+00:00, run_after=2024-04-05 00:00:00+00:00
[2024-04-04T00:22:53.912+0000] {processor.py:183} INFO - Processing /opt/airflow/dags/first_practice_dag.py took 0.106 seconds
[2024-04-04T00:23:24.762+0000] {processor.py:161} INFO - Started process (PID=3219) to work on /opt/airflow/dags/first_practice_dag.py
[2024-04-04T00:23:24.763+0000] {processor.py:830} INFO - Processing file /opt/airflow/dags/first_practice_dag.py for tasks to queue
[2024-04-04T00:23:24.764+0000] {logging_mixin.py:188} INFO - [2024-04-04T00:23:24.764+0000] {dagbag.py:540} INFO - Filling up the DagBag from /opt/airflow/dags/first_practice_dag.py
[2024-04-04T00:23:24.782+0000] {processor.py:840} INFO - DAG(s) 'first_practice_dag' retrieved from /opt/airflow/dags/first_practice_dag.py
[2024-04-04T00:23:24.805+0000] {logging_mixin.py:188} INFO - [2024-04-04T00:23:24.804+0000] {dag.py:3047} INFO - Sync 1 DAGs
[2024-04-04T00:23:24.827+0000] {logging_mixin.py:188} INFO - [2024-04-04T00:23:24.827+0000] {dag.py:3834} INFO - Setting next_dagrun for first_practice_dag to 2024-04-04 00:00:00+00:00, run_after=2024-04-05 00:00:00+00:00
[2024-04-04T00:23:24.863+0000] {processor.py:183} INFO - Processing /opt/airflow/dags/first_practice_dag.py took 0.104 seconds
[2024-04-04T00:23:55.680+0000] {processor.py:161} INFO - Started process (PID=3260) to work on /opt/airflow/dags/first_practice_dag.py
[2024-04-04T00:23:55.681+0000] {processor.py:830} INFO - Processing file /opt/airflow/dags/first_practice_dag.py for tasks to queue
[2024-04-04T00:23:55.682+0000] {logging_mixin.py:188} INFO - [2024-04-04T00:23:55.681+0000] {dagbag.py:540} INFO - Filling up the DagBag from /opt/airflow/dags/first_practice_dag.py
[2024-04-04T00:23:55.699+0000] {processor.py:840} INFO - DAG(s) 'first_practice_dag' retrieved from /opt/airflow/dags/first_practice_dag.py
[2024-04-04T00:23:55.723+0000] {logging_mixin.py:188} INFO - [2024-04-04T00:23:55.723+0000] {dag.py:3047} INFO - Sync 1 DAGs
[2024-04-04T00:23:55.745+0000] {logging_mixin.py:188} INFO - [2024-04-04T00:23:55.745+0000] {dag.py:3834} INFO - Setting next_dagrun for first_practice_dag to 2024-04-04 00:00:00+00:00, run_after=2024-04-05 00:00:00+00:00
[2024-04-04T00:23:55.783+0000] {processor.py:183} INFO - Processing /opt/airflow/dags/first_practice_dag.py took 0.106 seconds
[2024-04-04T00:24:26.596+0000] {processor.py:161} INFO - Started process (PID=3301) to work on /opt/airflow/dags/first_practice_dag.py
[2024-04-04T00:24:26.596+0000] {processor.py:830} INFO - Processing file /opt/airflow/dags/first_practice_dag.py for tasks to queue
[2024-04-04T00:24:26.597+0000] {logging_mixin.py:188} INFO - [2024-04-04T00:24:26.597+0000] {dagbag.py:540} INFO - Filling up the DagBag from /opt/airflow/dags/first_practice_dag.py
[2024-04-04T00:24:26.616+0000] {processor.py:840} INFO - DAG(s) 'first_practice_dag' retrieved from /opt/airflow/dags/first_practice_dag.py
[2024-04-04T00:24:26.639+0000] {logging_mixin.py:188} INFO - [2024-04-04T00:24:26.639+0000] {dag.py:3047} INFO - Sync 1 DAGs
[2024-04-04T00:24:26.664+0000] {logging_mixin.py:188} INFO - [2024-04-04T00:24:26.663+0000] {dag.py:3834} INFO - Setting next_dagrun for first_practice_dag to 2024-04-04 00:00:00+00:00, run_after=2024-04-05 00:00:00+00:00
[2024-04-04T00:24:26.690+0000] {processor.py:183} INFO - Processing /opt/airflow/dags/first_practice_dag.py took 0.097 seconds
[2024-04-04T00:24:57.483+0000] {processor.py:161} INFO - Started process (PID=3343) to work on /opt/airflow/dags/first_practice_dag.py
[2024-04-04T00:24:57.484+0000] {processor.py:830} INFO - Processing file /opt/airflow/dags/first_practice_dag.py for tasks to queue
[2024-04-04T00:24:57.485+0000] {logging_mixin.py:188} INFO - [2024-04-04T00:24:57.485+0000] {dagbag.py:540} INFO - Filling up the DagBag from /opt/airflow/dags/first_practice_dag.py
[2024-04-04T00:24:57.502+0000] {processor.py:840} INFO - DAG(s) 'first_practice_dag' retrieved from /opt/airflow/dags/first_practice_dag.py
[2024-04-04T00:24:57.525+0000] {logging_mixin.py:188} INFO - [2024-04-04T00:24:57.525+0000] {dag.py:3047} INFO - Sync 1 DAGs
[2024-04-04T00:24:57.549+0000] {logging_mixin.py:188} INFO - [2024-04-04T00:24:57.549+0000] {dag.py:3834} INFO - Setting next_dagrun for first_practice_dag to 2024-04-04 00:00:00+00:00, run_after=2024-04-05 00:00:00+00:00
[2024-04-04T00:24:57.585+0000] {processor.py:183} INFO - Processing /opt/airflow/dags/first_practice_dag.py took 0.105 seconds
[2024-04-04T00:25:28.365+0000] {processor.py:161} INFO - Started process (PID=3384) to work on /opt/airflow/dags/first_practice_dag.py
[2024-04-04T00:25:28.366+0000] {processor.py:830} INFO - Processing file /opt/airflow/dags/first_practice_dag.py for tasks to queue
[2024-04-04T00:25:28.367+0000] {logging_mixin.py:188} INFO - [2024-04-04T00:25:28.366+0000] {dagbag.py:540} INFO - Filling up the DagBag from /opt/airflow/dags/first_practice_dag.py
[2024-04-04T00:25:28.385+0000] {processor.py:840} INFO - DAG(s) 'first_practice_dag' retrieved from /opt/airflow/dags/first_practice_dag.py
[2024-04-04T00:25:28.407+0000] {logging_mixin.py:188} INFO - [2024-04-04T00:25:28.407+0000] {dag.py:3047} INFO - Sync 1 DAGs
[2024-04-04T00:25:28.431+0000] {logging_mixin.py:188} INFO - [2024-04-04T00:25:28.430+0000] {dag.py:3834} INFO - Setting next_dagrun for first_practice_dag to 2024-04-04 00:00:00+00:00, run_after=2024-04-05 00:00:00+00:00
[2024-04-04T00:25:28.468+0000] {processor.py:183} INFO - Processing /opt/airflow/dags/first_practice_dag.py took 0.106 seconds
[2024-04-04T00:25:59.277+0000] {processor.py:161} INFO - Started process (PID=3425) to work on /opt/airflow/dags/first_practice_dag.py
[2024-04-04T00:25:59.278+0000] {processor.py:830} INFO - Processing file /opt/airflow/dags/first_practice_dag.py for tasks to queue
[2024-04-04T00:25:59.279+0000] {logging_mixin.py:188} INFO - [2024-04-04T00:25:59.278+0000] {dagbag.py:540} INFO - Filling up the DagBag from /opt/airflow/dags/first_practice_dag.py
[2024-04-04T00:25:59.297+0000] {processor.py:840} INFO - DAG(s) 'first_practice_dag' retrieved from /opt/airflow/dags/first_practice_dag.py
[2024-04-04T00:25:59.318+0000] {logging_mixin.py:188} INFO - [2024-04-04T00:25:59.318+0000] {dag.py:3047} INFO - Sync 1 DAGs
[2024-04-04T00:25:59.341+0000] {logging_mixin.py:188} INFO - [2024-04-04T00:25:59.340+0000] {dag.py:3834} INFO - Setting next_dagrun for first_practice_dag to 2024-04-04 00:00:00+00:00, run_after=2024-04-05 00:00:00+00:00
[2024-04-04T00:25:59.378+0000] {processor.py:183} INFO - Processing /opt/airflow/dags/first_practice_dag.py took 0.104 seconds
[2024-04-04T00:26:30.215+0000] {processor.py:161} INFO - Started process (PID=3466) to work on /opt/airflow/dags/first_practice_dag.py
[2024-04-04T00:26:30.216+0000] {processor.py:830} INFO - Processing file /opt/airflow/dags/first_practice_dag.py for tasks to queue
[2024-04-04T00:26:30.218+0000] {logging_mixin.py:188} INFO - [2024-04-04T00:26:30.217+0000] {dagbag.py:540} INFO - Filling up the DagBag from /opt/airflow/dags/first_practice_dag.py
[2024-04-04T00:26:30.235+0000] {processor.py:840} INFO - DAG(s) 'first_practice_dag' retrieved from /opt/airflow/dags/first_practice_dag.py
[2024-04-04T00:26:30.257+0000] {logging_mixin.py:188} INFO - [2024-04-04T00:26:30.256+0000] {dag.py:3047} INFO - Sync 1 DAGs
[2024-04-04T00:26:30.279+0000] {logging_mixin.py:188} INFO - [2024-04-04T00:26:30.279+0000] {dag.py:3834} INFO - Setting next_dagrun for first_practice_dag to 2024-04-04 00:00:00+00:00, run_after=2024-04-05 00:00:00+00:00
[2024-04-04T00:26:30.306+0000] {processor.py:183} INFO - Processing /opt/airflow/dags/first_practice_dag.py took 0.094 seconds
[2024-04-04T00:27:01.124+0000] {processor.py:161} INFO - Started process (PID=3507) to work on /opt/airflow/dags/first_practice_dag.py
[2024-04-04T00:27:01.125+0000] {processor.py:830} INFO - Processing file /opt/airflow/dags/first_practice_dag.py for tasks to queue
[2024-04-04T00:27:01.126+0000] {logging_mixin.py:188} INFO - [2024-04-04T00:27:01.125+0000] {dagbag.py:540} INFO - Filling up the DagBag from /opt/airflow/dags/first_practice_dag.py
[2024-04-04T00:27:01.144+0000] {processor.py:840} INFO - DAG(s) 'first_practice_dag' retrieved from /opt/airflow/dags/first_practice_dag.py
[2024-04-04T00:27:01.166+0000] {logging_mixin.py:188} INFO - [2024-04-04T00:27:01.165+0000] {dag.py:3047} INFO - Sync 1 DAGs
[2024-04-04T00:27:01.188+0000] {logging_mixin.py:188} INFO - [2024-04-04T00:27:01.188+0000] {dag.py:3834} INFO - Setting next_dagrun for first_practice_dag to 2024-04-04 00:00:00+00:00, run_after=2024-04-05 00:00:00+00:00
[2024-04-04T00:27:01.223+0000] {processor.py:183} INFO - Processing /opt/airflow/dags/first_practice_dag.py took 0.102 seconds
[2024-04-04T00:27:32.060+0000] {processor.py:161} INFO - Started process (PID=3548) to work on /opt/airflow/dags/first_practice_dag.py
[2024-04-04T00:27:32.061+0000] {processor.py:830} INFO - Processing file /opt/airflow/dags/first_practice_dag.py for tasks to queue
[2024-04-04T00:27:32.062+0000] {logging_mixin.py:188} INFO - [2024-04-04T00:27:32.062+0000] {dagbag.py:540} INFO - Filling up the DagBag from /opt/airflow/dags/first_practice_dag.py
[2024-04-04T00:27:32.081+0000] {processor.py:840} INFO - DAG(s) 'first_practice_dag' retrieved from /opt/airflow/dags/first_practice_dag.py
[2024-04-04T00:27:32.104+0000] {logging_mixin.py:188} INFO - [2024-04-04T00:27:32.104+0000] {dag.py:3047} INFO - Sync 1 DAGs
[2024-04-04T00:27:32.128+0000] {logging_mixin.py:188} INFO - [2024-04-04T00:27:32.128+0000] {dag.py:3834} INFO - Setting next_dagrun for first_practice_dag to 2024-04-04 00:00:00+00:00, run_after=2024-04-05 00:00:00+00:00
[2024-04-04T00:27:32.167+0000] {processor.py:183} INFO - Processing /opt/airflow/dags/first_practice_dag.py took 0.109 seconds
[2024-04-04T00:28:03.059+0000] {processor.py:161} INFO - Started process (PID=3589) to work on /opt/airflow/dags/first_practice_dag.py
[2024-04-04T00:28:03.060+0000] {processor.py:830} INFO - Processing file /opt/airflow/dags/first_practice_dag.py for tasks to queue
[2024-04-04T00:28:03.062+0000] {logging_mixin.py:188} INFO - [2024-04-04T00:28:03.062+0000] {dagbag.py:540} INFO - Filling up the DagBag from /opt/airflow/dags/first_practice_dag.py
[2024-04-04T00:28:03.080+0000] {processor.py:840} INFO - DAG(s) 'first_practice_dag' retrieved from /opt/airflow/dags/first_practice_dag.py
[2024-04-04T00:28:03.103+0000] {logging_mixin.py:188} INFO - [2024-04-04T00:28:03.103+0000] {dag.py:3047} INFO - Sync 1 DAGs
[2024-04-04T00:28:03.126+0000] {logging_mixin.py:188} INFO - [2024-04-04T00:28:03.126+0000] {dag.py:3834} INFO - Setting next_dagrun for first_practice_dag to 2024-04-04 00:00:00+00:00, run_after=2024-04-05 00:00:00+00:00
[2024-04-04T00:28:03.164+0000] {processor.py:183} INFO - Processing /opt/airflow/dags/first_practice_dag.py took 0.107 seconds
[2024-04-04T00:28:33.949+0000] {processor.py:161} INFO - Started process (PID=3630) to work on /opt/airflow/dags/first_practice_dag.py
[2024-04-04T00:28:33.951+0000] {processor.py:830} INFO - Processing file /opt/airflow/dags/first_practice_dag.py for tasks to queue
[2024-04-04T00:28:33.952+0000] {logging_mixin.py:188} INFO - [2024-04-04T00:28:33.952+0000] {dagbag.py:540} INFO - Filling up the DagBag from /opt/airflow/dags/first_practice_dag.py
[2024-04-04T00:28:33.970+0000] {processor.py:840} INFO - DAG(s) 'first_practice_dag' retrieved from /opt/airflow/dags/first_practice_dag.py
[2024-04-04T00:28:33.993+0000] {logging_mixin.py:188} INFO - [2024-04-04T00:28:33.992+0000] {dag.py:3047} INFO - Sync 1 DAGs
[2024-04-04T00:28:34.015+0000] {logging_mixin.py:188} INFO - [2024-04-04T00:28:34.015+0000] {dag.py:3834} INFO - Setting next_dagrun for first_practice_dag to 2024-04-04 00:00:00+00:00, run_after=2024-04-05 00:00:00+00:00
[2024-04-04T00:28:34.051+0000] {processor.py:183} INFO - Processing /opt/airflow/dags/first_practice_dag.py took 0.104 seconds
[2024-04-04T00:29:04.881+0000] {processor.py:161} INFO - Started process (PID=3671) to work on /opt/airflow/dags/first_practice_dag.py
[2024-04-04T00:29:04.882+0000] {processor.py:830} INFO - Processing file /opt/airflow/dags/first_practice_dag.py for tasks to queue
[2024-04-04T00:29:04.883+0000] {logging_mixin.py:188} INFO - [2024-04-04T00:29:04.883+0000] {dagbag.py:540} INFO - Filling up the DagBag from /opt/airflow/dags/first_practice_dag.py
[2024-04-04T00:29:04.901+0000] {processor.py:840} INFO - DAG(s) 'first_practice_dag' retrieved from /opt/airflow/dags/first_practice_dag.py
[2024-04-04T00:29:04.923+0000] {logging_mixin.py:188} INFO - [2024-04-04T00:29:04.923+0000] {dag.py:3047} INFO - Sync 1 DAGs
[2024-04-04T00:29:04.949+0000] {logging_mixin.py:188} INFO - [2024-04-04T00:29:04.949+0000] {dag.py:3834} INFO - Setting next_dagrun for first_practice_dag to 2024-04-04 00:00:00+00:00, run_after=2024-04-05 00:00:00+00:00
[2024-04-04T00:29:04.986+0000] {processor.py:183} INFO - Processing /opt/airflow/dags/first_practice_dag.py took 0.108 seconds
[2024-04-04T00:29:35.859+0000] {processor.py:161} INFO - Started process (PID=3712) to work on /opt/airflow/dags/first_practice_dag.py
[2024-04-04T00:29:35.860+0000] {processor.py:830} INFO - Processing file /opt/airflow/dags/first_practice_dag.py for tasks to queue
[2024-04-04T00:29:35.861+0000] {logging_mixin.py:188} INFO - [2024-04-04T00:29:35.860+0000] {dagbag.py:540} INFO - Filling up the DagBag from /opt/airflow/dags/first_practice_dag.py
[2024-04-04T00:29:35.878+0000] {processor.py:840} INFO - DAG(s) 'first_practice_dag' retrieved from /opt/airflow/dags/first_practice_dag.py
[2024-04-04T00:29:35.902+0000] {logging_mixin.py:188} INFO - [2024-04-04T00:29:35.901+0000] {dag.py:3047} INFO - Sync 1 DAGs
[2024-04-04T00:29:35.925+0000] {logging_mixin.py:188} INFO - [2024-04-04T00:29:35.924+0000] {dag.py:3834} INFO - Setting next_dagrun for first_practice_dag to 2024-04-04 00:00:00+00:00, run_after=2024-04-05 00:00:00+00:00
[2024-04-04T00:29:35.961+0000] {processor.py:183} INFO - Processing /opt/airflow/dags/first_practice_dag.py took 0.105 seconds
[2024-04-04T00:30:06.798+0000] {processor.py:161} INFO - Started process (PID=3759) to work on /opt/airflow/dags/first_practice_dag.py
[2024-04-04T00:30:06.799+0000] {processor.py:830} INFO - Processing file /opt/airflow/dags/first_practice_dag.py for tasks to queue
[2024-04-04T00:30:06.800+0000] {logging_mixin.py:188} INFO - [2024-04-04T00:30:06.800+0000] {dagbag.py:540} INFO - Filling up the DagBag from /opt/airflow/dags/first_practice_dag.py
[2024-04-04T00:30:06.819+0000] {processor.py:840} INFO - DAG(s) 'first_practice_dag' retrieved from /opt/airflow/dags/first_practice_dag.py
[2024-04-04T00:30:06.847+0000] {logging_mixin.py:188} INFO - [2024-04-04T00:30:06.846+0000] {dag.py:3047} INFO - Sync 1 DAGs
[2024-04-04T00:30:06.875+0000] {logging_mixin.py:188} INFO - [2024-04-04T00:30:06.875+0000] {dag.py:3834} INFO - Setting next_dagrun for first_practice_dag to 2024-04-04 00:00:00+00:00, run_after=2024-04-05 00:00:00+00:00
[2024-04-04T00:30:06.911+0000] {processor.py:183} INFO - Processing /opt/airflow/dags/first_practice_dag.py took 0.116 seconds
[2024-04-04T00:30:37.767+0000] {processor.py:161} INFO - Started process (PID=3801) to work on /opt/airflow/dags/first_practice_dag.py
[2024-04-04T00:30:37.768+0000] {processor.py:830} INFO - Processing file /opt/airflow/dags/first_practice_dag.py for tasks to queue
[2024-04-04T00:30:37.769+0000] {logging_mixin.py:188} INFO - [2024-04-04T00:30:37.769+0000] {dagbag.py:540} INFO - Filling up the DagBag from /opt/airflow/dags/first_practice_dag.py
[2024-04-04T00:30:37.790+0000] {processor.py:840} INFO - DAG(s) 'first_practice_dag' retrieved from /opt/airflow/dags/first_practice_dag.py
[2024-04-04T00:30:37.814+0000] {logging_mixin.py:188} INFO - [2024-04-04T00:30:37.813+0000] {dag.py:3047} INFO - Sync 1 DAGs
[2024-04-04T00:30:37.838+0000] {logging_mixin.py:188} INFO - [2024-04-04T00:30:37.837+0000] {dag.py:3834} INFO - Setting next_dagrun for first_practice_dag to 2024-04-04 00:00:00+00:00, run_after=2024-04-05 00:00:00+00:00
[2024-04-04T00:30:37.872+0000] {processor.py:183} INFO - Processing /opt/airflow/dags/first_practice_dag.py took 0.108 seconds
[2024-04-04T00:31:08.655+0000] {processor.py:161} INFO - Started process (PID=3842) to work on /opt/airflow/dags/first_practice_dag.py
[2024-04-04T00:31:08.656+0000] {processor.py:830} INFO - Processing file /opt/airflow/dags/first_practice_dag.py for tasks to queue
[2024-04-04T00:31:08.657+0000] {logging_mixin.py:188} INFO - [2024-04-04T00:31:08.656+0000] {dagbag.py:540} INFO - Filling up the DagBag from /opt/airflow/dags/first_practice_dag.py
[2024-04-04T00:31:08.675+0000] {processor.py:840} INFO - DAG(s) 'first_practice_dag' retrieved from /opt/airflow/dags/first_practice_dag.py
[2024-04-04T00:31:08.697+0000] {logging_mixin.py:188} INFO - [2024-04-04T00:31:08.697+0000] {dag.py:3047} INFO - Sync 1 DAGs
[2024-04-04T00:31:08.720+0000] {logging_mixin.py:188} INFO - [2024-04-04T00:31:08.720+0000] {dag.py:3834} INFO - Setting next_dagrun for first_practice_dag to 2024-04-04 00:00:00+00:00, run_after=2024-04-05 00:00:00+00:00
[2024-04-04T00:31:08.756+0000] {processor.py:183} INFO - Processing /opt/airflow/dags/first_practice_dag.py took 0.104 seconds
[2024-04-04T00:31:39.574+0000] {processor.py:161} INFO - Started process (PID=3884) to work on /opt/airflow/dags/first_practice_dag.py
[2024-04-04T00:31:39.575+0000] {processor.py:830} INFO - Processing file /opt/airflow/dags/first_practice_dag.py for tasks to queue
[2024-04-04T00:31:39.576+0000] {logging_mixin.py:188} INFO - [2024-04-04T00:31:39.575+0000] {dagbag.py:540} INFO - Filling up the DagBag from /opt/airflow/dags/first_practice_dag.py
[2024-04-04T00:31:39.593+0000] {processor.py:840} INFO - DAG(s) 'first_practice_dag' retrieved from /opt/airflow/dags/first_practice_dag.py
[2024-04-04T00:31:39.615+0000] {logging_mixin.py:188} INFO - [2024-04-04T00:31:39.615+0000] {dag.py:3047} INFO - Sync 1 DAGs
[2024-04-04T00:31:39.637+0000] {logging_mixin.py:188} INFO - [2024-04-04T00:31:39.637+0000] {dag.py:3834} INFO - Setting next_dagrun for first_practice_dag to 2024-04-04 00:00:00+00:00, run_after=2024-04-05 00:00:00+00:00
[2024-04-04T00:31:39.675+0000] {processor.py:183} INFO - Processing /opt/airflow/dags/first_practice_dag.py took 0.104 seconds
[2024-04-04T00:32:10.540+0000] {processor.py:161} INFO - Started process (PID=3925) to work on /opt/airflow/dags/first_practice_dag.py
[2024-04-04T00:32:10.541+0000] {processor.py:830} INFO - Processing file /opt/airflow/dags/first_practice_dag.py for tasks to queue
[2024-04-04T00:32:10.542+0000] {logging_mixin.py:188} INFO - [2024-04-04T00:32:10.541+0000] {dagbag.py:540} INFO - Filling up the DagBag from /opt/airflow/dags/first_practice_dag.py
[2024-04-04T00:32:10.559+0000] {processor.py:840} INFO - DAG(s) 'first_practice_dag' retrieved from /opt/airflow/dags/first_practice_dag.py
[2024-04-04T00:32:10.581+0000] {logging_mixin.py:188} INFO - [2024-04-04T00:32:10.581+0000] {dag.py:3047} INFO - Sync 1 DAGs
[2024-04-04T00:32:10.605+0000] {logging_mixin.py:188} INFO - [2024-04-04T00:32:10.604+0000] {dag.py:3834} INFO - Setting next_dagrun for first_practice_dag to 2024-04-04 00:00:00+00:00, run_after=2024-04-05 00:00:00+00:00
[2024-04-04T00:32:10.639+0000] {processor.py:183} INFO - Processing /opt/airflow/dags/first_practice_dag.py took 0.102 seconds
[2024-04-04T00:32:41.474+0000] {processor.py:161} INFO - Started process (PID=3966) to work on /opt/airflow/dags/first_practice_dag.py
[2024-04-04T00:32:41.475+0000] {processor.py:830} INFO - Processing file /opt/airflow/dags/first_practice_dag.py for tasks to queue
[2024-04-04T00:32:41.476+0000] {logging_mixin.py:188} INFO - [2024-04-04T00:32:41.476+0000] {dagbag.py:540} INFO - Filling up the DagBag from /opt/airflow/dags/first_practice_dag.py
[2024-04-04T00:32:41.492+0000] {processor.py:840} INFO - DAG(s) 'first_practice_dag' retrieved from /opt/airflow/dags/first_practice_dag.py
[2024-04-04T00:32:41.514+0000] {logging_mixin.py:188} INFO - [2024-04-04T00:32:41.514+0000] {dag.py:3047} INFO - Sync 1 DAGs
[2024-04-04T00:32:41.538+0000] {logging_mixin.py:188} INFO - [2024-04-04T00:32:41.538+0000] {dag.py:3834} INFO - Setting next_dagrun for first_practice_dag to 2024-04-04 00:00:00+00:00, run_after=2024-04-05 00:00:00+00:00
[2024-04-04T00:32:41.572+0000] {processor.py:183} INFO - Processing /opt/airflow/dags/first_practice_dag.py took 0.100 seconds
[2024-04-04T00:33:12.373+0000] {processor.py:161} INFO - Started process (PID=4007) to work on /opt/airflow/dags/first_practice_dag.py
[2024-04-04T00:33:12.374+0000] {processor.py:830} INFO - Processing file /opt/airflow/dags/first_practice_dag.py for tasks to queue
[2024-04-04T00:33:12.375+0000] {logging_mixin.py:188} INFO - [2024-04-04T00:33:12.375+0000] {dagbag.py:540} INFO - Filling up the DagBag from /opt/airflow/dags/first_practice_dag.py
[2024-04-04T00:33:12.392+0000] {processor.py:840} INFO - DAG(s) 'first_practice_dag' retrieved from /opt/airflow/dags/first_practice_dag.py
[2024-04-04T00:33:12.415+0000] {logging_mixin.py:188} INFO - [2024-04-04T00:33:12.415+0000] {dag.py:3047} INFO - Sync 1 DAGs
[2024-04-04T00:33:12.438+0000] {logging_mixin.py:188} INFO - [2024-04-04T00:33:12.437+0000] {dag.py:3834} INFO - Setting next_dagrun for first_practice_dag to 2024-04-04 00:00:00+00:00, run_after=2024-04-05 00:00:00+00:00
[2024-04-04T00:33:12.471+0000] {processor.py:183} INFO - Processing /opt/airflow/dags/first_practice_dag.py took 0.101 seconds
[2024-04-04T00:33:43.316+0000] {processor.py:161} INFO - Started process (PID=4048) to work on /opt/airflow/dags/first_practice_dag.py
[2024-04-04T00:33:43.317+0000] {processor.py:830} INFO - Processing file /opt/airflow/dags/first_practice_dag.py for tasks to queue
[2024-04-04T00:33:43.318+0000] {logging_mixin.py:188} INFO - [2024-04-04T00:33:43.318+0000] {dagbag.py:540} INFO - Filling up the DagBag from /opt/airflow/dags/first_practice_dag.py
[2024-04-04T00:33:43.335+0000] {processor.py:840} INFO - DAG(s) 'first_practice_dag' retrieved from /opt/airflow/dags/first_practice_dag.py
[2024-04-04T00:33:43.357+0000] {logging_mixin.py:188} INFO - [2024-04-04T00:33:43.357+0000] {dag.py:3047} INFO - Sync 1 DAGs
[2024-04-04T00:33:43.383+0000] {logging_mixin.py:188} INFO - [2024-04-04T00:33:43.382+0000] {dag.py:3834} INFO - Setting next_dagrun for first_practice_dag to 2024-04-04 00:00:00+00:00, run_after=2024-04-05 00:00:00+00:00
[2024-04-04T00:33:43.419+0000] {processor.py:183} INFO - Processing /opt/airflow/dags/first_practice_dag.py took 0.105 seconds
[2024-04-04T00:34:14.218+0000] {processor.py:161} INFO - Started process (PID=4089) to work on /opt/airflow/dags/first_practice_dag.py
[2024-04-04T00:34:14.219+0000] {processor.py:830} INFO - Processing file /opt/airflow/dags/first_practice_dag.py for tasks to queue
[2024-04-04T00:34:14.220+0000] {logging_mixin.py:188} INFO - [2024-04-04T00:34:14.220+0000] {dagbag.py:540} INFO - Filling up the DagBag from /opt/airflow/dags/first_practice_dag.py
[2024-04-04T00:34:14.238+0000] {processor.py:840} INFO - DAG(s) 'first_practice_dag' retrieved from /opt/airflow/dags/first_practice_dag.py
[2024-04-04T00:34:14.260+0000] {logging_mixin.py:188} INFO - [2024-04-04T00:34:14.260+0000] {dag.py:3047} INFO - Sync 1 DAGs
[2024-04-04T00:34:14.282+0000] {logging_mixin.py:188} INFO - [2024-04-04T00:34:14.282+0000] {dag.py:3834} INFO - Setting next_dagrun for first_practice_dag to 2024-04-04 00:00:00+00:00, run_after=2024-04-05 00:00:00+00:00
[2024-04-04T00:34:14.307+0000] {processor.py:183} INFO - Processing /opt/airflow/dags/first_practice_dag.py took 0.092 seconds
[2024-04-04T00:34:45.114+0000] {processor.py:161} INFO - Started process (PID=4130) to work on /opt/airflow/dags/first_practice_dag.py
[2024-04-04T00:34:45.115+0000] {processor.py:830} INFO - Processing file /opt/airflow/dags/first_practice_dag.py for tasks to queue
[2024-04-04T00:34:45.116+0000] {logging_mixin.py:188} INFO - [2024-04-04T00:34:45.116+0000] {dagbag.py:540} INFO - Filling up the DagBag from /opt/airflow/dags/first_practice_dag.py
[2024-04-04T00:34:45.133+0000] {processor.py:840} INFO - DAG(s) 'first_practice_dag' retrieved from /opt/airflow/dags/first_practice_dag.py
[2024-04-04T00:34:45.157+0000] {logging_mixin.py:188} INFO - [2024-04-04T00:34:45.156+0000] {dag.py:3047} INFO - Sync 1 DAGs
[2024-04-04T00:34:45.181+0000] {logging_mixin.py:188} INFO - [2024-04-04T00:34:45.180+0000] {dag.py:3834} INFO - Setting next_dagrun for first_practice_dag to 2024-04-04 00:00:00+00:00, run_after=2024-04-05 00:00:00+00:00
[2024-04-04T00:34:45.218+0000] {processor.py:183} INFO - Processing /opt/airflow/dags/first_practice_dag.py took 0.107 seconds
[2024-04-04T00:35:16.011+0000] {processor.py:161} INFO - Started process (PID=4171) to work on /opt/airflow/dags/first_practice_dag.py
[2024-04-04T00:35:16.012+0000] {processor.py:830} INFO - Processing file /opt/airflow/dags/first_practice_dag.py for tasks to queue
[2024-04-04T00:35:16.013+0000] {logging_mixin.py:188} INFO - [2024-04-04T00:35:16.013+0000] {dagbag.py:540} INFO - Filling up the DagBag from /opt/airflow/dags/first_practice_dag.py
[2024-04-04T00:35:16.031+0000] {processor.py:840} INFO - DAG(s) 'first_practice_dag' retrieved from /opt/airflow/dags/first_practice_dag.py
[2024-04-04T00:35:16.054+0000] {logging_mixin.py:188} INFO - [2024-04-04T00:35:16.054+0000] {dag.py:3047} INFO - Sync 1 DAGs
[2024-04-04T00:35:16.077+0000] {logging_mixin.py:188} INFO - [2024-04-04T00:35:16.077+0000] {dag.py:3834} INFO - Setting next_dagrun for first_practice_dag to 2024-04-04 00:00:00+00:00, run_after=2024-04-05 00:00:00+00:00
[2024-04-04T00:35:16.115+0000] {processor.py:183} INFO - Processing /opt/airflow/dags/first_practice_dag.py took 0.106 seconds
[2024-04-04T00:35:46.962+0000] {processor.py:161} INFO - Started process (PID=4213) to work on /opt/airflow/dags/first_practice_dag.py
[2024-04-04T00:35:46.963+0000] {processor.py:830} INFO - Processing file /opt/airflow/dags/first_practice_dag.py for tasks to queue
[2024-04-04T00:35:46.964+0000] {logging_mixin.py:188} INFO - [2024-04-04T00:35:46.964+0000] {dagbag.py:540} INFO - Filling up the DagBag from /opt/airflow/dags/first_practice_dag.py
[2024-04-04T00:35:46.984+0000] {processor.py:840} INFO - DAG(s) 'first_practice_dag' retrieved from /opt/airflow/dags/first_practice_dag.py
[2024-04-04T00:35:47.007+0000] {logging_mixin.py:188} INFO - [2024-04-04T00:35:47.007+0000] {dag.py:3047} INFO - Sync 1 DAGs
[2024-04-04T00:35:47.030+0000] {logging_mixin.py:188} INFO - [2024-04-04T00:35:47.030+0000] {dag.py:3834} INFO - Setting next_dagrun for first_practice_dag to 2024-04-04 00:00:00+00:00, run_after=2024-04-05 00:00:00+00:00
[2024-04-04T00:35:47.068+0000] {processor.py:183} INFO - Processing /opt/airflow/dags/first_practice_dag.py took 0.109 seconds
[2024-04-04T00:36:17.794+0000] {processor.py:161} INFO - Started process (PID=4254) to work on /opt/airflow/dags/first_practice_dag.py
[2024-04-04T00:36:17.795+0000] {processor.py:830} INFO - Processing file /opt/airflow/dags/first_practice_dag.py for tasks to queue
[2024-04-04T00:36:17.796+0000] {logging_mixin.py:188} INFO - [2024-04-04T00:36:17.796+0000] {dagbag.py:540} INFO - Filling up the DagBag from /opt/airflow/dags/first_practice_dag.py
[2024-04-04T00:36:17.814+0000] {processor.py:840} INFO - DAG(s) 'first_practice_dag' retrieved from /opt/airflow/dags/first_practice_dag.py
[2024-04-04T00:36:17.837+0000] {logging_mixin.py:188} INFO - [2024-04-04T00:36:17.837+0000] {dag.py:3047} INFO - Sync 1 DAGs
[2024-04-04T00:36:17.859+0000] {logging_mixin.py:188} INFO - [2024-04-04T00:36:17.859+0000] {dag.py:3834} INFO - Setting next_dagrun for first_practice_dag to 2024-04-04 00:00:00+00:00, run_after=2024-04-05 00:00:00+00:00
[2024-04-04T00:36:17.892+0000] {processor.py:183} INFO - Processing /opt/airflow/dags/first_practice_dag.py took 0.101 seconds
[2024-04-04T00:36:48.729+0000] {processor.py:161} INFO - Started process (PID=4295) to work on /opt/airflow/dags/first_practice_dag.py
[2024-04-04T00:36:48.730+0000] {processor.py:830} INFO - Processing file /opt/airflow/dags/first_practice_dag.py for tasks to queue
[2024-04-04T00:36:48.731+0000] {logging_mixin.py:188} INFO - [2024-04-04T00:36:48.731+0000] {dagbag.py:540} INFO - Filling up the DagBag from /opt/airflow/dags/first_practice_dag.py
[2024-04-04T00:36:48.747+0000] {processor.py:840} INFO - DAG(s) 'first_practice_dag' retrieved from /opt/airflow/dags/first_practice_dag.py
[2024-04-04T00:36:48.770+0000] {logging_mixin.py:188} INFO - [2024-04-04T00:36:48.770+0000] {dag.py:3047} INFO - Sync 1 DAGs
[2024-04-04T00:36:48.793+0000] {logging_mixin.py:188} INFO - [2024-04-04T00:36:48.793+0000] {dag.py:3834} INFO - Setting next_dagrun for first_practice_dag to 2024-04-04 00:00:00+00:00, run_after=2024-04-05 00:00:00+00:00
[2024-04-04T00:36:48.827+0000] {processor.py:183} INFO - Processing /opt/airflow/dags/first_practice_dag.py took 0.100 seconds
[2024-04-04T00:37:19.700+0000] {processor.py:161} INFO - Started process (PID=4336) to work on /opt/airflow/dags/first_practice_dag.py
[2024-04-04T00:37:19.701+0000] {processor.py:830} INFO - Processing file /opt/airflow/dags/first_practice_dag.py for tasks to queue
[2024-04-04T00:37:19.702+0000] {logging_mixin.py:188} INFO - [2024-04-04T00:37:19.702+0000] {dagbag.py:540} INFO - Filling up the DagBag from /opt/airflow/dags/first_practice_dag.py
[2024-04-04T00:37:19.718+0000] {processor.py:840} INFO - DAG(s) 'first_practice_dag' retrieved from /opt/airflow/dags/first_practice_dag.py
[2024-04-04T00:37:19.740+0000] {logging_mixin.py:188} INFO - [2024-04-04T00:37:19.740+0000] {dag.py:3047} INFO - Sync 1 DAGs
[2024-04-04T00:37:19.763+0000] {logging_mixin.py:188} INFO - [2024-04-04T00:37:19.763+0000] {dag.py:3834} INFO - Setting next_dagrun for first_practice_dag to 2024-04-04 00:00:00+00:00, run_after=2024-04-05 00:00:00+00:00
[2024-04-04T00:37:19.801+0000] {processor.py:183} INFO - Processing /opt/airflow/dags/first_practice_dag.py took 0.103 seconds
[2024-04-04T00:37:50.630+0000] {processor.py:161} INFO - Started process (PID=4377) to work on /opt/airflow/dags/first_practice_dag.py
[2024-04-04T00:37:50.631+0000] {processor.py:830} INFO - Processing file /opt/airflow/dags/first_practice_dag.py for tasks to queue
[2024-04-04T00:37:50.632+0000] {logging_mixin.py:188} INFO - [2024-04-04T00:37:50.632+0000] {dagbag.py:540} INFO - Filling up the DagBag from /opt/airflow/dags/first_practice_dag.py
[2024-04-04T00:37:50.649+0000] {processor.py:840} INFO - DAG(s) 'first_practice_dag' retrieved from /opt/airflow/dags/first_practice_dag.py
[2024-04-04T00:37:50.672+0000] {logging_mixin.py:188} INFO - [2024-04-04T00:37:50.671+0000] {dag.py:3047} INFO - Sync 1 DAGs
[2024-04-04T00:37:50.695+0000] {logging_mixin.py:188} INFO - [2024-04-04T00:37:50.695+0000] {dag.py:3834} INFO - Setting next_dagrun for first_practice_dag to 2024-04-04 00:00:00+00:00, run_after=2024-04-05 00:00:00+00:00
[2024-04-04T00:37:50.734+0000] {processor.py:183} INFO - Processing /opt/airflow/dags/first_practice_dag.py took 0.107 seconds
[2024-04-04T00:38:21.517+0000] {processor.py:161} INFO - Started process (PID=4418) to work on /opt/airflow/dags/first_practice_dag.py
[2024-04-04T00:38:21.518+0000] {processor.py:830} INFO - Processing file /opt/airflow/dags/first_practice_dag.py for tasks to queue
[2024-04-04T00:38:21.519+0000] {logging_mixin.py:188} INFO - [2024-04-04T00:38:21.519+0000] {dagbag.py:540} INFO - Filling up the DagBag from /opt/airflow/dags/first_practice_dag.py
[2024-04-04T00:38:21.537+0000] {processor.py:840} INFO - DAG(s) 'first_practice_dag' retrieved from /opt/airflow/dags/first_practice_dag.py
[2024-04-04T00:38:21.559+0000] {logging_mixin.py:188} INFO - [2024-04-04T00:38:21.559+0000] {dag.py:3047} INFO - Sync 1 DAGs
[2024-04-04T00:38:21.581+0000] {logging_mixin.py:188} INFO - [2024-04-04T00:38:21.581+0000] {dag.py:3834} INFO - Setting next_dagrun for first_practice_dag to 2024-04-04 00:00:00+00:00, run_after=2024-04-05 00:00:00+00:00
[2024-04-04T00:38:21.617+0000] {processor.py:183} INFO - Processing /opt/airflow/dags/first_practice_dag.py took 0.102 seconds
[2024-04-04T00:38:52.448+0000] {processor.py:161} INFO - Started process (PID=4460) to work on /opt/airflow/dags/first_practice_dag.py
[2024-04-04T00:38:52.449+0000] {processor.py:830} INFO - Processing file /opt/airflow/dags/first_practice_dag.py for tasks to queue
[2024-04-04T00:38:52.450+0000] {logging_mixin.py:188} INFO - [2024-04-04T00:38:52.449+0000] {dagbag.py:540} INFO - Filling up the DagBag from /opt/airflow/dags/first_practice_dag.py
[2024-04-04T00:38:52.467+0000] {processor.py:840} INFO - DAG(s) 'first_practice_dag' retrieved from /opt/airflow/dags/first_practice_dag.py
[2024-04-04T00:38:52.489+0000] {logging_mixin.py:188} INFO - [2024-04-04T00:38:52.488+0000] {dag.py:3047} INFO - Sync 1 DAGs
[2024-04-04T00:38:52.511+0000] {logging_mixin.py:188} INFO - [2024-04-04T00:38:52.510+0000] {dag.py:3834} INFO - Setting next_dagrun for first_practice_dag to 2024-04-04 00:00:00+00:00, run_after=2024-04-05 00:00:00+00:00
[2024-04-04T00:38:52.549+0000] {processor.py:183} INFO - Processing /opt/airflow/dags/first_practice_dag.py took 0.104 seconds
[2024-04-04T00:39:23.399+0000] {processor.py:161} INFO - Started process (PID=4501) to work on /opt/airflow/dags/first_practice_dag.py
[2024-04-04T00:39:23.400+0000] {processor.py:830} INFO - Processing file /opt/airflow/dags/first_practice_dag.py for tasks to queue
[2024-04-04T00:39:23.401+0000] {logging_mixin.py:188} INFO - [2024-04-04T00:39:23.400+0000] {dagbag.py:540} INFO - Filling up the DagBag from /opt/airflow/dags/first_practice_dag.py
[2024-04-04T00:39:23.418+0000] {processor.py:840} INFO - DAG(s) 'first_practice_dag' retrieved from /opt/airflow/dags/first_practice_dag.py
[2024-04-04T00:39:23.440+0000] {logging_mixin.py:188} INFO - [2024-04-04T00:39:23.440+0000] {dag.py:3047} INFO - Sync 1 DAGs
[2024-04-04T00:39:23.462+0000] {logging_mixin.py:188} INFO - [2024-04-04T00:39:23.462+0000] {dag.py:3834} INFO - Setting next_dagrun for first_practice_dag to 2024-04-04 00:00:00+00:00, run_after=2024-04-05 00:00:00+00:00
[2024-04-04T00:39:23.498+0000] {processor.py:183} INFO - Processing /opt/airflow/dags/first_practice_dag.py took 0.101 seconds
[2024-04-04T00:39:54.333+0000] {processor.py:161} INFO - Started process (PID=4542) to work on /opt/airflow/dags/first_practice_dag.py
[2024-04-04T00:39:54.334+0000] {processor.py:830} INFO - Processing file /opt/airflow/dags/first_practice_dag.py for tasks to queue
[2024-04-04T00:39:54.335+0000] {logging_mixin.py:188} INFO - [2024-04-04T00:39:54.335+0000] {dagbag.py:540} INFO - Filling up the DagBag from /opt/airflow/dags/first_practice_dag.py
[2024-04-04T00:39:54.352+0000] {processor.py:840} INFO - DAG(s) 'first_practice_dag' retrieved from /opt/airflow/dags/first_practice_dag.py
[2024-04-04T00:39:54.375+0000] {logging_mixin.py:188} INFO - [2024-04-04T00:39:54.375+0000] {dag.py:3047} INFO - Sync 1 DAGs
[2024-04-04T00:39:54.397+0000] {logging_mixin.py:188} INFO - [2024-04-04T00:39:54.397+0000] {dag.py:3834} INFO - Setting next_dagrun for first_practice_dag to 2024-04-04 00:00:00+00:00, run_after=2024-04-05 00:00:00+00:00
[2024-04-04T00:39:54.433+0000] {processor.py:183} INFO - Processing /opt/airflow/dags/first_practice_dag.py took 0.103 seconds
[2024-04-04T00:40:25.211+0000] {processor.py:161} INFO - Started process (PID=4583) to work on /opt/airflow/dags/first_practice_dag.py
[2024-04-04T00:40:25.212+0000] {processor.py:830} INFO - Processing file /opt/airflow/dags/first_practice_dag.py for tasks to queue
[2024-04-04T00:40:25.213+0000] {logging_mixin.py:188} INFO - [2024-04-04T00:40:25.212+0000] {dagbag.py:540} INFO - Filling up the DagBag from /opt/airflow/dags/first_practice_dag.py
[2024-04-04T00:40:25.229+0000] {processor.py:840} INFO - DAG(s) 'first_practice_dag' retrieved from /opt/airflow/dags/first_practice_dag.py
[2024-04-04T00:40:25.252+0000] {logging_mixin.py:188} INFO - [2024-04-04T00:40:25.252+0000] {dag.py:3047} INFO - Sync 1 DAGs
[2024-04-04T00:40:25.277+0000] {logging_mixin.py:188} INFO - [2024-04-04T00:40:25.277+0000] {dag.py:3834} INFO - Setting next_dagrun for first_practice_dag to 2024-04-04 00:00:00+00:00, run_after=2024-04-05 00:00:00+00:00
[2024-04-04T00:40:25.302+0000] {processor.py:183} INFO - Processing /opt/airflow/dags/first_practice_dag.py took 0.094 seconds
[2024-04-04T00:40:56.109+0000] {processor.py:161} INFO - Started process (PID=4624) to work on /opt/airflow/dags/first_practice_dag.py
[2024-04-04T00:40:56.111+0000] {processor.py:830} INFO - Processing file /opt/airflow/dags/first_practice_dag.py for tasks to queue
[2024-04-04T00:40:56.112+0000] {logging_mixin.py:188} INFO - [2024-04-04T00:40:56.111+0000] {dagbag.py:540} INFO - Filling up the DagBag from /opt/airflow/dags/first_practice_dag.py
[2024-04-04T00:40:56.129+0000] {processor.py:840} INFO - DAG(s) 'first_practice_dag' retrieved from /opt/airflow/dags/first_practice_dag.py
[2024-04-04T00:40:56.152+0000] {logging_mixin.py:188} INFO - [2024-04-04T00:40:56.151+0000] {dag.py:3047} INFO - Sync 1 DAGs
[2024-04-04T00:40:56.174+0000] {logging_mixin.py:188} INFO - [2024-04-04T00:40:56.174+0000] {dag.py:3834} INFO - Setting next_dagrun for first_practice_dag to 2024-04-04 00:00:00+00:00, run_after=2024-04-05 00:00:00+00:00
[2024-04-04T00:40:56.211+0000] {processor.py:183} INFO - Processing /opt/airflow/dags/first_practice_dag.py took 0.104 seconds
[2024-04-04T00:41:27.040+0000] {processor.py:161} INFO - Started process (PID=4665) to work on /opt/airflow/dags/first_practice_dag.py
[2024-04-04T00:41:27.041+0000] {processor.py:830} INFO - Processing file /opt/airflow/dags/first_practice_dag.py for tasks to queue
[2024-04-04T00:41:27.042+0000] {logging_mixin.py:188} INFO - [2024-04-04T00:41:27.041+0000] {dagbag.py:540} INFO - Filling up the DagBag from /opt/airflow/dags/first_practice_dag.py
[2024-04-04T00:41:27.058+0000] {processor.py:840} INFO - DAG(s) 'first_practice_dag' retrieved from /opt/airflow/dags/first_practice_dag.py
[2024-04-04T00:41:27.080+0000] {logging_mixin.py:188} INFO - [2024-04-04T00:41:27.080+0000] {dag.py:3047} INFO - Sync 1 DAGs
[2024-04-04T00:41:27.103+0000] {logging_mixin.py:188} INFO - [2024-04-04T00:41:27.102+0000] {dag.py:3834} INFO - Setting next_dagrun for first_practice_dag to 2024-04-04 00:00:00+00:00, run_after=2024-04-05 00:00:00+00:00
[2024-04-04T00:41:27.139+0000] {processor.py:183} INFO - Processing /opt/airflow/dags/first_practice_dag.py took 0.101 seconds
[2024-04-04T00:41:58.016+0000] {processor.py:161} INFO - Started process (PID=4706) to work on /opt/airflow/dags/first_practice_dag.py
[2024-04-04T00:41:58.017+0000] {processor.py:830} INFO - Processing file /opt/airflow/dags/first_practice_dag.py for tasks to queue
[2024-04-04T00:41:58.019+0000] {logging_mixin.py:188} INFO - [2024-04-04T00:41:58.018+0000] {dagbag.py:540} INFO - Filling up the DagBag from /opt/airflow/dags/first_practice_dag.py
[2024-04-04T00:41:58.035+0000] {processor.py:840} INFO - DAG(s) 'first_practice_dag' retrieved from /opt/airflow/dags/first_practice_dag.py
[2024-04-04T00:41:58.058+0000] {logging_mixin.py:188} INFO - [2024-04-04T00:41:58.058+0000] {dag.py:3047} INFO - Sync 1 DAGs
[2024-04-04T00:41:58.081+0000] {logging_mixin.py:188} INFO - [2024-04-04T00:41:58.081+0000] {dag.py:3834} INFO - Setting next_dagrun for first_practice_dag to 2024-04-04 00:00:00+00:00, run_after=2024-04-05 00:00:00+00:00
[2024-04-04T00:41:58.109+0000] {processor.py:183} INFO - Processing /opt/airflow/dags/first_practice_dag.py took 0.096 seconds
[2024-04-04T00:42:28.889+0000] {processor.py:161} INFO - Started process (PID=4747) to work on /opt/airflow/dags/first_practice_dag.py
[2024-04-04T00:42:28.890+0000] {processor.py:830} INFO - Processing file /opt/airflow/dags/first_practice_dag.py for tasks to queue
[2024-04-04T00:42:28.891+0000] {logging_mixin.py:188} INFO - [2024-04-04T00:42:28.891+0000] {dagbag.py:540} INFO - Filling up the DagBag from /opt/airflow/dags/first_practice_dag.py
[2024-04-04T00:42:28.908+0000] {processor.py:840} INFO - DAG(s) 'first_practice_dag' retrieved from /opt/airflow/dags/first_practice_dag.py
[2024-04-04T00:42:28.931+0000] {logging_mixin.py:188} INFO - [2024-04-04T00:42:28.931+0000] {dag.py:3047} INFO - Sync 1 DAGs
[2024-04-04T00:42:28.956+0000] {logging_mixin.py:188} INFO - [2024-04-04T00:42:28.955+0000] {dag.py:3834} INFO - Setting next_dagrun for first_practice_dag to 2024-04-04 00:00:00+00:00, run_after=2024-04-05 00:00:00+00:00
[2024-04-04T00:42:28.996+0000] {processor.py:183} INFO - Processing /opt/airflow/dags/first_practice_dag.py took 0.109 seconds
[2024-04-04T00:42:59.791+0000] {processor.py:161} INFO - Started process (PID=4788) to work on /opt/airflow/dags/first_practice_dag.py
[2024-04-04T00:42:59.792+0000] {processor.py:830} INFO - Processing file /opt/airflow/dags/first_practice_dag.py for tasks to queue
[2024-04-04T00:42:59.793+0000] {logging_mixin.py:188} INFO - [2024-04-04T00:42:59.792+0000] {dagbag.py:540} INFO - Filling up the DagBag from /opt/airflow/dags/first_practice_dag.py
[2024-04-04T00:42:59.810+0000] {processor.py:840} INFO - DAG(s) 'first_practice_dag' retrieved from /opt/airflow/dags/first_practice_dag.py
[2024-04-04T00:42:59.833+0000] {logging_mixin.py:188} INFO - [2024-04-04T00:42:59.832+0000] {dag.py:3047} INFO - Sync 1 DAGs
[2024-04-04T00:42:59.855+0000] {logging_mixin.py:188} INFO - [2024-04-04T00:42:59.854+0000] {dag.py:3834} INFO - Setting next_dagrun for first_practice_dag to 2024-04-04 00:00:00+00:00, run_after=2024-04-05 00:00:00+00:00
[2024-04-04T00:42:59.891+0000] {processor.py:183} INFO - Processing /opt/airflow/dags/first_practice_dag.py took 0.103 seconds
[2024-04-04T00:43:30.719+0000] {processor.py:161} INFO - Started process (PID=4829) to work on /opt/airflow/dags/first_practice_dag.py
[2024-04-04T00:43:30.721+0000] {processor.py:830} INFO - Processing file /opt/airflow/dags/first_practice_dag.py for tasks to queue
[2024-04-04T00:43:30.722+0000] {logging_mixin.py:188} INFO - [2024-04-04T00:43:30.721+0000] {dagbag.py:540} INFO - Filling up the DagBag from /opt/airflow/dags/first_practice_dag.py
[2024-04-04T00:43:30.739+0000] {processor.py:840} INFO - DAG(s) 'first_practice_dag' retrieved from /opt/airflow/dags/first_practice_dag.py
[2024-04-04T00:43:30.761+0000] {logging_mixin.py:188} INFO - [2024-04-04T00:43:30.761+0000] {dag.py:3047} INFO - Sync 1 DAGs
[2024-04-04T00:43:30.783+0000] {logging_mixin.py:188} INFO - [2024-04-04T00:43:30.783+0000] {dag.py:3834} INFO - Setting next_dagrun for first_practice_dag to 2024-04-04 00:00:00+00:00, run_after=2024-04-05 00:00:00+00:00
[2024-04-04T00:43:30.819+0000] {processor.py:183} INFO - Processing /opt/airflow/dags/first_practice_dag.py took 0.103 seconds
[2024-04-04T00:44:01.698+0000] {processor.py:161} INFO - Started process (PID=4870) to work on /opt/airflow/dags/first_practice_dag.py
[2024-04-04T00:44:01.699+0000] {processor.py:830} INFO - Processing file /opt/airflow/dags/first_practice_dag.py for tasks to queue
[2024-04-04T00:44:01.699+0000] {logging_mixin.py:188} INFO - [2024-04-04T00:44:01.699+0000] {dagbag.py:540} INFO - Filling up the DagBag from /opt/airflow/dags/first_practice_dag.py
[2024-04-04T00:44:01.716+0000] {processor.py:840} INFO - DAG(s) 'first_practice_dag' retrieved from /opt/airflow/dags/first_practice_dag.py
[2024-04-04T00:44:01.738+0000] {logging_mixin.py:188} INFO - [2024-04-04T00:44:01.737+0000] {dag.py:3047} INFO - Sync 1 DAGs
[2024-04-04T00:44:01.759+0000] {logging_mixin.py:188} INFO - [2024-04-04T00:44:01.758+0000] {dag.py:3834} INFO - Setting next_dagrun for first_practice_dag to 2024-04-04 00:00:00+00:00, run_after=2024-04-05 00:00:00+00:00
[2024-04-04T00:44:01.792+0000] {processor.py:183} INFO - Processing /opt/airflow/dags/first_practice_dag.py took 0.098 seconds
[2024-04-04T00:44:32.666+0000] {processor.py:161} INFO - Started process (PID=4911) to work on /opt/airflow/dags/first_practice_dag.py
[2024-04-04T00:44:32.667+0000] {processor.py:830} INFO - Processing file /opt/airflow/dags/first_practice_dag.py for tasks to queue
[2024-04-04T00:44:32.668+0000] {logging_mixin.py:188} INFO - [2024-04-04T00:44:32.667+0000] {dagbag.py:540} INFO - Filling up the DagBag from /opt/airflow/dags/first_practice_dag.py
[2024-04-04T00:44:32.685+0000] {processor.py:840} INFO - DAG(s) 'first_practice_dag' retrieved from /opt/airflow/dags/first_practice_dag.py
[2024-04-04T00:44:32.709+0000] {logging_mixin.py:188} INFO - [2024-04-04T00:44:32.709+0000] {dag.py:3047} INFO - Sync 1 DAGs
[2024-04-04T00:44:32.730+0000] {logging_mixin.py:188} INFO - [2024-04-04T00:44:32.730+0000] {dag.py:3834} INFO - Setting next_dagrun for first_practice_dag to 2024-04-04 00:00:00+00:00, run_after=2024-04-05 00:00:00+00:00
[2024-04-04T00:44:32.762+0000] {processor.py:183} INFO - Processing /opt/airflow/dags/first_practice_dag.py took 0.099 seconds
[2024-04-04T00:45:03.668+0000] {processor.py:161} INFO - Started process (PID=4952) to work on /opt/airflow/dags/first_practice_dag.py
[2024-04-04T00:45:03.669+0000] {processor.py:830} INFO - Processing file /opt/airflow/dags/first_practice_dag.py for tasks to queue
[2024-04-04T00:45:03.670+0000] {logging_mixin.py:188} INFO - [2024-04-04T00:45:03.670+0000] {dagbag.py:540} INFO - Filling up the DagBag from /opt/airflow/dags/first_practice_dag.py
[2024-04-04T00:45:03.687+0000] {processor.py:840} INFO - DAG(s) 'first_practice_dag' retrieved from /opt/airflow/dags/first_practice_dag.py
[2024-04-04T00:45:03.709+0000] {logging_mixin.py:188} INFO - [2024-04-04T00:45:03.709+0000] {dag.py:3047} INFO - Sync 1 DAGs
[2024-04-04T00:45:03.733+0000] {logging_mixin.py:188} INFO - [2024-04-04T00:45:03.733+0000] {dag.py:3834} INFO - Setting next_dagrun for first_practice_dag to 2024-04-04 00:00:00+00:00, run_after=2024-04-05 00:00:00+00:00
[2024-04-04T00:45:03.776+0000] {processor.py:183} INFO - Processing /opt/airflow/dags/first_practice_dag.py took 0.110 seconds
[2024-04-04T00:45:34.613+0000] {processor.py:161} INFO - Started process (PID=4993) to work on /opt/airflow/dags/first_practice_dag.py
[2024-04-04T00:45:34.614+0000] {processor.py:830} INFO - Processing file /opt/airflow/dags/first_practice_dag.py for tasks to queue
[2024-04-04T00:45:34.615+0000] {logging_mixin.py:188} INFO - [2024-04-04T00:45:34.614+0000] {dagbag.py:540} INFO - Filling up the DagBag from /opt/airflow/dags/first_practice_dag.py
[2024-04-04T00:45:34.632+0000] {processor.py:840} INFO - DAG(s) 'first_practice_dag' retrieved from /opt/airflow/dags/first_practice_dag.py
[2024-04-04T00:45:34.654+0000] {logging_mixin.py:188} INFO - [2024-04-04T00:45:34.654+0000] {dag.py:3047} INFO - Sync 1 DAGs
[2024-04-04T00:45:34.677+0000] {logging_mixin.py:188} INFO - [2024-04-04T00:45:34.677+0000] {dag.py:3834} INFO - Setting next_dagrun for first_practice_dag to 2024-04-04 00:00:00+00:00, run_after=2024-04-05 00:00:00+00:00
[2024-04-04T00:45:34.708+0000] {processor.py:183} INFO - Processing /opt/airflow/dags/first_practice_dag.py took 0.099 seconds
[2024-04-04T00:46:05.492+0000] {processor.py:161} INFO - Started process (PID=5034) to work on /opt/airflow/dags/first_practice_dag.py
[2024-04-04T00:46:05.493+0000] {processor.py:830} INFO - Processing file /opt/airflow/dags/first_practice_dag.py for tasks to queue
[2024-04-04T00:46:05.494+0000] {logging_mixin.py:188} INFO - [2024-04-04T00:46:05.494+0000] {dagbag.py:540} INFO - Filling up the DagBag from /opt/airflow/dags/first_practice_dag.py
[2024-04-04T00:46:05.512+0000] {processor.py:840} INFO - DAG(s) 'first_practice_dag' retrieved from /opt/airflow/dags/first_practice_dag.py
[2024-04-04T00:46:05.534+0000] {logging_mixin.py:188} INFO - [2024-04-04T00:46:05.534+0000] {dag.py:3047} INFO - Sync 1 DAGs
[2024-04-04T00:46:05.557+0000] {logging_mixin.py:188} INFO - [2024-04-04T00:46:05.556+0000] {dag.py:3834} INFO - Setting next_dagrun for first_practice_dag to 2024-04-04 00:00:00+00:00, run_after=2024-04-05 00:00:00+00:00
[2024-04-04T00:46:05.594+0000] {processor.py:183} INFO - Processing /opt/airflow/dags/first_practice_dag.py took 0.104 seconds
[2024-04-04T00:46:36.378+0000] {processor.py:161} INFO - Started process (PID=5075) to work on /opt/airflow/dags/first_practice_dag.py
[2024-04-04T00:46:36.378+0000] {processor.py:830} INFO - Processing file /opt/airflow/dags/first_practice_dag.py for tasks to queue
[2024-04-04T00:46:36.379+0000] {logging_mixin.py:188} INFO - [2024-04-04T00:46:36.379+0000] {dagbag.py:540} INFO - Filling up the DagBag from /opt/airflow/dags/first_practice_dag.py
[2024-04-04T00:46:36.397+0000] {processor.py:840} INFO - DAG(s) 'first_practice_dag' retrieved from /opt/airflow/dags/first_practice_dag.py
[2024-04-04T00:46:36.420+0000] {logging_mixin.py:188} INFO - [2024-04-04T00:46:36.419+0000] {dag.py:3047} INFO - Sync 1 DAGs
[2024-04-04T00:46:36.442+0000] {logging_mixin.py:188} INFO - [2024-04-04T00:46:36.441+0000] {dag.py:3834} INFO - Setting next_dagrun for first_practice_dag to 2024-04-04 00:00:00+00:00, run_after=2024-04-05 00:00:00+00:00
[2024-04-04T00:46:36.467+0000] {processor.py:183} INFO - Processing /opt/airflow/dags/first_practice_dag.py took 0.092 seconds
