[2024-04-04T00:00:30.962+0000] {processor.py:161} INFO - Started process (PID=1284) to work on /opt/airflow/dags/second_practice_dag.py
[2024-04-04T00:00:30.963+0000] {processor.py:830} INFO - Processing file /opt/airflow/dags/second_practice_dag.py for tasks to queue
[2024-04-04T00:00:30.964+0000] {logging_mixin.py:188} INFO - [2024-04-04T00:00:30.963+0000] {dagbag.py:540} INFO - Filling up the DagBag from /opt/airflow/dags/second_practice_dag.py
[2024-04-04T00:00:30.986+0000] {processor.py:840} INFO - DAG(s) 'second_practice_dag_v2' retrieved from /opt/airflow/dags/second_practice_dag.py
[2024-04-04T00:00:31.030+0000] {logging_mixin.py:188} INFO - [2024-04-04T00:00:31.029+0000] {dag.py:3047} INFO - Sync 1 DAGs
[2024-04-04T00:00:31.061+0000] {logging_mixin.py:188} INFO - [2024-04-04T00:00:31.060+0000] {dag.py:3834} INFO - Setting next_dagrun for second_practice_dag_v2 to 2024-04-04 00:00:00+00:00, run_after=2024-04-05 00:00:00+00:00
[2024-04-04T00:00:31.085+0000] {processor.py:183} INFO - Processing /opt/airflow/dags/second_practice_dag.py took 0.126 seconds
[2024-04-04T00:01:01.949+0000] {processor.py:161} INFO - Started process (PID=1325) to work on /opt/airflow/dags/second_practice_dag.py
[2024-04-04T00:01:01.950+0000] {processor.py:830} INFO - Processing file /opt/airflow/dags/second_practice_dag.py for tasks to queue
[2024-04-04T00:01:01.951+0000] {logging_mixin.py:188} INFO - [2024-04-04T00:01:01.951+0000] {dagbag.py:540} INFO - Filling up the DagBag from /opt/airflow/dags/second_practice_dag.py
[2024-04-04T00:01:01.968+0000] {processor.py:840} INFO - DAG(s) 'second_practice_dag_v2' retrieved from /opt/airflow/dags/second_practice_dag.py
[2024-04-04T00:01:01.991+0000] {logging_mixin.py:188} INFO - [2024-04-04T00:01:01.991+0000] {dag.py:3047} INFO - Sync 1 DAGs
[2024-04-04T00:01:02.013+0000] {logging_mixin.py:188} INFO - [2024-04-04T00:01:02.013+0000] {dag.py:3834} INFO - Setting next_dagrun for second_practice_dag_v2 to 2024-04-04 00:00:00+00:00, run_after=2024-04-05 00:00:00+00:00
[2024-04-04T00:01:02.035+0000] {processor.py:183} INFO - Processing /opt/airflow/dags/second_practice_dag.py took 0.088 seconds
[2024-04-04T00:01:33.048+0000] {processor.py:161} INFO - Started process (PID=1366) to work on /opt/airflow/dags/second_practice_dag.py
[2024-04-04T00:01:33.049+0000] {processor.py:830} INFO - Processing file /opt/airflow/dags/second_practice_dag.py for tasks to queue
[2024-04-04T00:01:33.050+0000] {logging_mixin.py:188} INFO - [2024-04-04T00:01:33.050+0000] {dagbag.py:540} INFO - Filling up the DagBag from /opt/airflow/dags/second_practice_dag.py
[2024-04-04T00:01:33.067+0000] {processor.py:840} INFO - DAG(s) 'second_practice_dag_v2' retrieved from /opt/airflow/dags/second_practice_dag.py
[2024-04-04T00:01:33.090+0000] {logging_mixin.py:188} INFO - [2024-04-04T00:01:33.090+0000] {dag.py:3047} INFO - Sync 1 DAGs
[2024-04-04T00:01:33.113+0000] {logging_mixin.py:188} INFO - [2024-04-04T00:01:33.113+0000] {dag.py:3834} INFO - Setting next_dagrun for second_practice_dag_v2 to 2024-04-04 00:00:00+00:00, run_after=2024-04-05 00:00:00+00:00
[2024-04-04T00:01:33.147+0000] {processor.py:183} INFO - Processing /opt/airflow/dags/second_practice_dag.py took 0.101 seconds
[2024-04-04T00:02:03.237+0000] {processor.py:161} INFO - Started process (PID=1407) to work on /opt/airflow/dags/second_practice_dag.py
[2024-04-04T00:02:03.238+0000] {processor.py:830} INFO - Processing file /opt/airflow/dags/second_practice_dag.py for tasks to queue
[2024-04-04T00:02:03.238+0000] {logging_mixin.py:188} INFO - [2024-04-04T00:02:03.238+0000] {dagbag.py:540} INFO - Filling up the DagBag from /opt/airflow/dags/second_practice_dag.py
[2024-04-04T00:02:03.254+0000] {processor.py:840} INFO - DAG(s) 'second_practice_dag_v2' retrieved from /opt/airflow/dags/second_practice_dag.py
[2024-04-04T00:02:03.276+0000] {logging_mixin.py:188} INFO - [2024-04-04T00:02:03.276+0000] {dag.py:3047} INFO - Sync 1 DAGs
[2024-04-04T00:02:03.296+0000] {logging_mixin.py:188} INFO - [2024-04-04T00:02:03.296+0000] {dag.py:3834} INFO - Setting next_dagrun for second_practice_dag_v2 to 2024-04-04 00:00:00+00:00, run_after=2024-04-05 00:00:00+00:00
[2024-04-04T00:02:03.327+0000] {processor.py:183} INFO - Processing /opt/airflow/dags/second_practice_dag.py took 0.092 seconds
[2024-04-04T00:02:33.440+0000] {processor.py:161} INFO - Started process (PID=1448) to work on /opt/airflow/dags/second_practice_dag.py
[2024-04-04T00:02:33.441+0000] {processor.py:830} INFO - Processing file /opt/airflow/dags/second_practice_dag.py for tasks to queue
[2024-04-04T00:02:33.442+0000] {logging_mixin.py:188} INFO - [2024-04-04T00:02:33.442+0000] {dagbag.py:540} INFO - Filling up the DagBag from /opt/airflow/dags/second_practice_dag.py
[2024-04-04T00:02:33.458+0000] {processor.py:840} INFO - DAG(s) 'second_practice_dag_v2' retrieved from /opt/airflow/dags/second_practice_dag.py
[2024-04-04T00:02:33.480+0000] {logging_mixin.py:188} INFO - [2024-04-04T00:02:33.480+0000] {dag.py:3047} INFO - Sync 1 DAGs
[2024-04-04T00:02:33.500+0000] {logging_mixin.py:188} INFO - [2024-04-04T00:02:33.500+0000] {dag.py:3834} INFO - Setting next_dagrun for second_practice_dag_v2 to 2024-04-04 00:00:00+00:00, run_after=2024-04-05 00:00:00+00:00
[2024-04-04T00:02:33.530+0000] {processor.py:183} INFO - Processing /opt/airflow/dags/second_practice_dag.py took 0.092 seconds
[2024-04-04T00:03:03.608+0000] {processor.py:161} INFO - Started process (PID=1489) to work on /opt/airflow/dags/second_practice_dag.py
[2024-04-04T00:03:03.609+0000] {processor.py:830} INFO - Processing file /opt/airflow/dags/second_practice_dag.py for tasks to queue
[2024-04-04T00:03:03.610+0000] {logging_mixin.py:188} INFO - [2024-04-04T00:03:03.609+0000] {dagbag.py:540} INFO - Filling up the DagBag from /opt/airflow/dags/second_practice_dag.py
[2024-04-04T00:03:03.631+0000] {processor.py:840} INFO - DAG(s) 'second_practice_dag_v2' retrieved from /opt/airflow/dags/second_practice_dag.py
[2024-04-04T00:03:03.657+0000] {logging_mixin.py:188} INFO - [2024-04-04T00:03:03.657+0000] {dag.py:3047} INFO - Sync 1 DAGs
[2024-04-04T00:03:03.677+0000] {logging_mixin.py:188} INFO - [2024-04-04T00:03:03.677+0000] {dag.py:3834} INFO - Setting next_dagrun for second_practice_dag_v2 to 2024-04-04 00:00:00+00:00, run_after=2024-04-05 00:00:00+00:00
[2024-04-04T00:03:03.709+0000] {processor.py:183} INFO - Processing /opt/airflow/dags/second_practice_dag.py took 0.104 seconds
[2024-04-04T00:03:34.673+0000] {processor.py:161} INFO - Started process (PID=1530) to work on /opt/airflow/dags/second_practice_dag.py
[2024-04-04T00:03:34.674+0000] {processor.py:830} INFO - Processing file /opt/airflow/dags/second_practice_dag.py for tasks to queue
[2024-04-04T00:03:34.675+0000] {logging_mixin.py:188} INFO - [2024-04-04T00:03:34.674+0000] {dagbag.py:540} INFO - Filling up the DagBag from /opt/airflow/dags/second_practice_dag.py
[2024-04-04T00:03:34.693+0000] {processor.py:840} INFO - DAG(s) 'second_practice_dag_v2' retrieved from /opt/airflow/dags/second_practice_dag.py
[2024-04-04T00:03:34.717+0000] {logging_mixin.py:188} INFO - [2024-04-04T00:03:34.717+0000] {dag.py:3047} INFO - Sync 1 DAGs
[2024-04-04T00:03:34.743+0000] {logging_mixin.py:188} INFO - [2024-04-04T00:03:34.743+0000] {dag.py:3834} INFO - Setting next_dagrun for second_practice_dag_v2 to 2024-04-04 00:00:00+00:00, run_after=2024-04-05 00:00:00+00:00
[2024-04-04T00:03:34.779+0000] {processor.py:183} INFO - Processing /opt/airflow/dags/second_practice_dag.py took 0.108 seconds
[2024-04-04T00:04:05.729+0000] {processor.py:161} INFO - Started process (PID=1578) to work on /opt/airflow/dags/second_practice_dag.py
[2024-04-04T00:04:05.730+0000] {processor.py:830} INFO - Processing file /opt/airflow/dags/second_practice_dag.py for tasks to queue
[2024-04-04T00:04:05.731+0000] {logging_mixin.py:188} INFO - [2024-04-04T00:04:05.730+0000] {dagbag.py:540} INFO - Filling up the DagBag from /opt/airflow/dags/second_practice_dag.py
[2024-04-04T00:04:05.752+0000] {processor.py:840} INFO - DAG(s) 'second_practice_dag_v2' retrieved from /opt/airflow/dags/second_practice_dag.py
[2024-04-04T00:04:05.777+0000] {logging_mixin.py:188} INFO - [2024-04-04T00:04:05.777+0000] {dag.py:3047} INFO - Sync 1 DAGs
[2024-04-04T00:04:05.800+0000] {logging_mixin.py:188} INFO - [2024-04-04T00:04:05.799+0000] {dag.py:3834} INFO - Setting next_dagrun for second_practice_dag_v2 to 2024-04-04 00:00:00+00:00, run_after=2024-04-05 00:00:00+00:00
[2024-04-04T00:04:05.821+0000] {processor.py:183} INFO - Processing /opt/airflow/dags/second_practice_dag.py took 0.095 seconds
[2024-04-04T00:04:36.700+0000] {processor.py:161} INFO - Started process (PID=1675) to work on /opt/airflow/dags/second_practice_dag.py
[2024-04-04T00:04:36.701+0000] {processor.py:830} INFO - Processing file /opt/airflow/dags/second_practice_dag.py for tasks to queue
[2024-04-04T00:04:36.703+0000] {logging_mixin.py:188} INFO - [2024-04-04T00:04:36.703+0000] {dagbag.py:540} INFO - Filling up the DagBag from /opt/airflow/dags/second_practice_dag.py
[2024-04-04T00:04:36.738+0000] {processor.py:840} INFO - DAG(s) 'second_practice_dag_v2' retrieved from /opt/airflow/dags/second_practice_dag.py
[2024-04-04T00:04:36.782+0000] {logging_mixin.py:188} INFO - [2024-04-04T00:04:36.782+0000] {dag.py:3047} INFO - Sync 1 DAGs
[2024-04-04T00:04:36.837+0000] {logging_mixin.py:188} INFO - [2024-04-04T00:04:36.836+0000] {dag.py:3834} INFO - Setting next_dagrun for second_practice_dag_v2 to 2024-04-04 00:00:00+00:00, run_after=2024-04-05 00:00:00+00:00
[2024-04-04T00:04:36.874+0000] {processor.py:183} INFO - Processing /opt/airflow/dags/second_practice_dag.py took 0.179 seconds
[2024-04-04T00:05:07.707+0000] {processor.py:161} INFO - Started process (PID=1729) to work on /opt/airflow/dags/second_practice_dag.py
[2024-04-04T00:05:07.708+0000] {processor.py:830} INFO - Processing file /opt/airflow/dags/second_practice_dag.py for tasks to queue
[2024-04-04T00:05:07.709+0000] {logging_mixin.py:188} INFO - [2024-04-04T00:05:07.709+0000] {dagbag.py:540} INFO - Filling up the DagBag from /opt/airflow/dags/second_practice_dag.py
[2024-04-04T00:05:07.725+0000] {processor.py:840} INFO - DAG(s) 'second_practice_dag_v2' retrieved from /opt/airflow/dags/second_practice_dag.py
[2024-04-04T00:05:07.748+0000] {logging_mixin.py:188} INFO - [2024-04-04T00:05:07.748+0000] {dag.py:3047} INFO - Sync 1 DAGs
[2024-04-04T00:05:07.770+0000] {logging_mixin.py:188} INFO - [2024-04-04T00:05:07.770+0000] {dag.py:3834} INFO - Setting next_dagrun for second_practice_dag_v2 to 2024-04-04 00:00:00+00:00, run_after=2024-04-05 00:00:00+00:00
[2024-04-04T00:05:07.804+0000] {processor.py:183} INFO - Processing /opt/airflow/dags/second_practice_dag.py took 0.099 seconds
[2024-04-04T00:05:38.097+0000] {processor.py:161} INFO - Started process (PID=1771) to work on /opt/airflow/dags/second_practice_dag.py
[2024-04-04T00:05:38.098+0000] {processor.py:830} INFO - Processing file /opt/airflow/dags/second_practice_dag.py for tasks to queue
[2024-04-04T00:05:38.099+0000] {logging_mixin.py:188} INFO - [2024-04-04T00:05:38.099+0000] {dagbag.py:540} INFO - Filling up the DagBag from /opt/airflow/dags/second_practice_dag.py
[2024-04-04T00:05:38.119+0000] {processor.py:840} INFO - DAG(s) 'second_practice_dag_v2' retrieved from /opt/airflow/dags/second_practice_dag.py
[2024-04-04T00:05:38.145+0000] {logging_mixin.py:188} INFO - [2024-04-04T00:05:38.144+0000] {dag.py:3047} INFO - Sync 1 DAGs
[2024-04-04T00:05:38.167+0000] {logging_mixin.py:188} INFO - [2024-04-04T00:05:38.166+0000] {dag.py:3834} INFO - Setting next_dagrun for second_practice_dag_v2 to 2024-04-04 00:00:00+00:00, run_after=2024-04-05 00:00:00+00:00
[2024-04-04T00:05:38.202+0000] {processor.py:183} INFO - Processing /opt/airflow/dags/second_practice_dag.py took 0.107 seconds
[2024-04-04T00:06:08.314+0000] {processor.py:161} INFO - Started process (PID=1812) to work on /opt/airflow/dags/second_practice_dag.py
[2024-04-04T00:06:08.315+0000] {processor.py:830} INFO - Processing file /opt/airflow/dags/second_practice_dag.py for tasks to queue
[2024-04-04T00:06:08.316+0000] {logging_mixin.py:188} INFO - [2024-04-04T00:06:08.315+0000] {dagbag.py:540} INFO - Filling up the DagBag from /opt/airflow/dags/second_practice_dag.py
[2024-04-04T00:06:08.332+0000] {processor.py:840} INFO - DAG(s) 'second_practice_dag_v2' retrieved from /opt/airflow/dags/second_practice_dag.py
[2024-04-04T00:06:08.355+0000] {logging_mixin.py:188} INFO - [2024-04-04T00:06:08.355+0000] {dag.py:3047} INFO - Sync 1 DAGs
[2024-04-04T00:06:08.377+0000] {logging_mixin.py:188} INFO - [2024-04-04T00:06:08.377+0000] {dag.py:3834} INFO - Setting next_dagrun for second_practice_dag_v2 to 2024-04-04 00:00:00+00:00, run_after=2024-04-05 00:00:00+00:00
[2024-04-04T00:06:08.401+0000] {processor.py:183} INFO - Processing /opt/airflow/dags/second_practice_dag.py took 0.090 seconds
[2024-04-04T00:06:38.490+0000] {processor.py:161} INFO - Started process (PID=1853) to work on /opt/airflow/dags/second_practice_dag.py
[2024-04-04T00:06:38.491+0000] {processor.py:830} INFO - Processing file /opt/airflow/dags/second_practice_dag.py for tasks to queue
[2024-04-04T00:06:38.492+0000] {logging_mixin.py:188} INFO - [2024-04-04T00:06:38.491+0000] {dagbag.py:540} INFO - Filling up the DagBag from /opt/airflow/dags/second_practice_dag.py
[2024-04-04T00:06:38.506+0000] {processor.py:840} INFO - DAG(s) 'second_practice_dag_v2' retrieved from /opt/airflow/dags/second_practice_dag.py
[2024-04-04T00:06:38.531+0000] {logging_mixin.py:188} INFO - [2024-04-04T00:06:38.530+0000] {dag.py:3047} INFO - Sync 1 DAGs
[2024-04-04T00:06:38.552+0000] {logging_mixin.py:188} INFO - [2024-04-04T00:06:38.552+0000] {dag.py:3834} INFO - Setting next_dagrun for second_practice_dag_v2 to 2024-04-04 00:00:00+00:00, run_after=2024-04-05 00:00:00+00:00
[2024-04-04T00:06:38.578+0000] {processor.py:183} INFO - Processing /opt/airflow/dags/second_practice_dag.py took 0.091 seconds
[2024-04-04T00:07:08.658+0000] {processor.py:161} INFO - Started process (PID=1894) to work on /opt/airflow/dags/second_practice_dag.py
[2024-04-04T00:07:08.659+0000] {processor.py:830} INFO - Processing file /opt/airflow/dags/second_practice_dag.py for tasks to queue
[2024-04-04T00:07:08.660+0000] {logging_mixin.py:188} INFO - [2024-04-04T00:07:08.660+0000] {dagbag.py:540} INFO - Filling up the DagBag from /opt/airflow/dags/second_practice_dag.py
[2024-04-04T00:07:08.683+0000] {processor.py:840} INFO - DAG(s) 'second_practice_dag_v2' retrieved from /opt/airflow/dags/second_practice_dag.py
[2024-04-04T00:07:08.711+0000] {logging_mixin.py:188} INFO - [2024-04-04T00:07:08.710+0000] {dag.py:3047} INFO - Sync 1 DAGs
[2024-04-04T00:07:08.736+0000] {logging_mixin.py:188} INFO - [2024-04-04T00:07:08.736+0000] {dag.py:3834} INFO - Setting next_dagrun for second_practice_dag_v2 to 2024-04-04 00:00:00+00:00, run_after=2024-04-05 00:00:00+00:00
[2024-04-04T00:07:08.769+0000] {processor.py:183} INFO - Processing /opt/airflow/dags/second_practice_dag.py took 0.114 seconds
[2024-04-04T00:07:38.969+0000] {processor.py:161} INFO - Started process (PID=1935) to work on /opt/airflow/dags/second_practice_dag.py
[2024-04-04T00:07:38.970+0000] {processor.py:830} INFO - Processing file /opt/airflow/dags/second_practice_dag.py for tasks to queue
[2024-04-04T00:07:38.971+0000] {logging_mixin.py:188} INFO - [2024-04-04T00:07:38.971+0000] {dagbag.py:540} INFO - Filling up the DagBag from /opt/airflow/dags/second_practice_dag.py
[2024-04-04T00:07:38.989+0000] {processor.py:840} INFO - DAG(s) 'second_practice_dag_v2' retrieved from /opt/airflow/dags/second_practice_dag.py
[2024-04-04T00:07:39.014+0000] {logging_mixin.py:188} INFO - [2024-04-04T00:07:39.013+0000] {dag.py:3047} INFO - Sync 1 DAGs
[2024-04-04T00:07:39.034+0000] {logging_mixin.py:188} INFO - [2024-04-04T00:07:39.034+0000] {dag.py:3834} INFO - Setting next_dagrun for second_practice_dag_v2 to 2024-04-04 00:00:00+00:00, run_after=2024-04-05 00:00:00+00:00
[2024-04-04T00:07:39.054+0000] {processor.py:183} INFO - Processing /opt/airflow/dags/second_practice_dag.py took 0.087 seconds
[2024-04-04T00:08:09.156+0000] {processor.py:161} INFO - Started process (PID=1976) to work on /opt/airflow/dags/second_practice_dag.py
[2024-04-04T00:08:09.157+0000] {processor.py:830} INFO - Processing file /opt/airflow/dags/second_practice_dag.py for tasks to queue
[2024-04-04T00:08:09.158+0000] {logging_mixin.py:188} INFO - [2024-04-04T00:08:09.158+0000] {dagbag.py:540} INFO - Filling up the DagBag from /opt/airflow/dags/second_practice_dag.py
[2024-04-04T00:08:09.175+0000] {processor.py:840} INFO - DAG(s) 'second_practice_dag_v2' retrieved from /opt/airflow/dags/second_practice_dag.py
[2024-04-04T00:08:09.197+0000] {logging_mixin.py:188} INFO - [2024-04-04T00:08:09.197+0000] {dag.py:3047} INFO - Sync 1 DAGs
[2024-04-04T00:08:09.218+0000] {logging_mixin.py:188} INFO - [2024-04-04T00:08:09.218+0000] {dag.py:3834} INFO - Setting next_dagrun for second_practice_dag_v2 to 2024-04-04 00:00:00+00:00, run_after=2024-04-05 00:00:00+00:00
[2024-04-04T00:08:09.251+0000] {processor.py:183} INFO - Processing /opt/airflow/dags/second_practice_dag.py took 0.097 seconds
[2024-04-04T00:08:39.373+0000] {processor.py:161} INFO - Started process (PID=2017) to work on /opt/airflow/dags/second_practice_dag.py
[2024-04-04T00:08:39.374+0000] {processor.py:830} INFO - Processing file /opt/airflow/dags/second_practice_dag.py for tasks to queue
[2024-04-04T00:08:39.375+0000] {logging_mixin.py:188} INFO - [2024-04-04T00:08:39.375+0000] {dagbag.py:540} INFO - Filling up the DagBag from /opt/airflow/dags/second_practice_dag.py
[2024-04-04T00:08:39.395+0000] {processor.py:840} INFO - DAG(s) 'second_practice_dag_v2' retrieved from /opt/airflow/dags/second_practice_dag.py
[2024-04-04T00:08:39.420+0000] {logging_mixin.py:188} INFO - [2024-04-04T00:08:39.419+0000] {dag.py:3047} INFO - Sync 1 DAGs
[2024-04-04T00:08:39.444+0000] {logging_mixin.py:188} INFO - [2024-04-04T00:08:39.444+0000] {dag.py:3834} INFO - Setting next_dagrun for second_practice_dag_v2 to 2024-04-04 00:00:00+00:00, run_after=2024-04-05 00:00:00+00:00
[2024-04-04T00:08:39.469+0000] {processor.py:183} INFO - Processing /opt/airflow/dags/second_practice_dag.py took 0.098 seconds
[2024-04-04T00:09:09.634+0000] {processor.py:161} INFO - Started process (PID=2058) to work on /opt/airflow/dags/second_practice_dag.py
[2024-04-04T00:09:09.635+0000] {processor.py:830} INFO - Processing file /opt/airflow/dags/second_practice_dag.py for tasks to queue
[2024-04-04T00:09:09.636+0000] {logging_mixin.py:188} INFO - [2024-04-04T00:09:09.635+0000] {dagbag.py:540} INFO - Filling up the DagBag from /opt/airflow/dags/second_practice_dag.py
[2024-04-04T00:09:09.653+0000] {processor.py:840} INFO - DAG(s) 'second_practice_dag_v2' retrieved from /opt/airflow/dags/second_practice_dag.py
[2024-04-04T00:09:09.681+0000] {logging_mixin.py:188} INFO - [2024-04-04T00:09:09.681+0000] {dag.py:3047} INFO - Sync 1 DAGs
[2024-04-04T00:09:09.703+0000] {logging_mixin.py:188} INFO - [2024-04-04T00:09:09.703+0000] {dag.py:3834} INFO - Setting next_dagrun for second_practice_dag_v2 to 2024-04-04 00:00:00+00:00, run_after=2024-04-05 00:00:00+00:00
[2024-04-04T00:09:09.738+0000] {processor.py:183} INFO - Processing /opt/airflow/dags/second_practice_dag.py took 0.107 seconds
[2024-04-04T00:09:39.826+0000] {processor.py:161} INFO - Started process (PID=2099) to work on /opt/airflow/dags/second_practice_dag.py
[2024-04-04T00:09:39.826+0000] {processor.py:830} INFO - Processing file /opt/airflow/dags/second_practice_dag.py for tasks to queue
[2024-04-04T00:09:39.827+0000] {logging_mixin.py:188} INFO - [2024-04-04T00:09:39.827+0000] {dagbag.py:540} INFO - Filling up the DagBag from /opt/airflow/dags/second_practice_dag.py
[2024-04-04T00:09:39.848+0000] {processor.py:840} INFO - DAG(s) 'second_practice_dag_v2' retrieved from /opt/airflow/dags/second_practice_dag.py
[2024-04-04T00:09:39.873+0000] {logging_mixin.py:188} INFO - [2024-04-04T00:09:39.873+0000] {dag.py:3047} INFO - Sync 1 DAGs
[2024-04-04T00:09:39.897+0000] {logging_mixin.py:188} INFO - [2024-04-04T00:09:39.896+0000] {dag.py:3834} INFO - Setting next_dagrun for second_practice_dag_v2 to 2024-04-04 00:00:00+00:00, run_after=2024-04-05 00:00:00+00:00
[2024-04-04T00:09:39.929+0000] {processor.py:183} INFO - Processing /opt/airflow/dags/second_practice_dag.py took 0.106 seconds
[2024-04-04T00:10:10.025+0000] {processor.py:161} INFO - Started process (PID=2140) to work on /opt/airflow/dags/second_practice_dag.py
[2024-04-04T00:10:10.026+0000] {processor.py:830} INFO - Processing file /opt/airflow/dags/second_practice_dag.py for tasks to queue
[2024-04-04T00:10:10.028+0000] {logging_mixin.py:188} INFO - [2024-04-04T00:10:10.027+0000] {dagbag.py:540} INFO - Filling up the DagBag from /opt/airflow/dags/second_practice_dag.py
[2024-04-04T00:10:10.049+0000] {processor.py:840} INFO - DAG(s) 'second_practice_dag_v2' retrieved from /opt/airflow/dags/second_practice_dag.py
[2024-04-04T00:10:10.073+0000] {logging_mixin.py:188} INFO - [2024-04-04T00:10:10.072+0000] {dag.py:3047} INFO - Sync 1 DAGs
[2024-04-04T00:10:10.093+0000] {logging_mixin.py:188} INFO - [2024-04-04T00:10:10.093+0000] {dag.py:3834} INFO - Setting next_dagrun for second_practice_dag_v2 to 2024-04-04 00:00:00+00:00, run_after=2024-04-05 00:00:00+00:00
[2024-04-04T00:10:10.127+0000] {processor.py:183} INFO - Processing /opt/airflow/dags/second_practice_dag.py took 0.106 seconds
[2024-04-04T00:10:40.226+0000] {processor.py:161} INFO - Started process (PID=2181) to work on /opt/airflow/dags/second_practice_dag.py
[2024-04-04T00:10:40.227+0000] {processor.py:830} INFO - Processing file /opt/airflow/dags/second_practice_dag.py for tasks to queue
[2024-04-04T00:10:40.228+0000] {logging_mixin.py:188} INFO - [2024-04-04T00:10:40.227+0000] {dagbag.py:540} INFO - Filling up the DagBag from /opt/airflow/dags/second_practice_dag.py
[2024-04-04T00:10:40.244+0000] {processor.py:840} INFO - DAG(s) 'second_practice_dag_v2' retrieved from /opt/airflow/dags/second_practice_dag.py
[2024-04-04T00:10:40.271+0000] {logging_mixin.py:188} INFO - [2024-04-04T00:10:40.270+0000] {dag.py:3047} INFO - Sync 1 DAGs
[2024-04-04T00:10:40.302+0000] {logging_mixin.py:188} INFO - [2024-04-04T00:10:40.301+0000] {dag.py:3834} INFO - Setting next_dagrun for second_practice_dag_v2 to 2024-04-04 00:00:00+00:00, run_after=2024-04-05 00:00:00+00:00
[2024-04-04T00:10:40.326+0000] {processor.py:183} INFO - Processing /opt/airflow/dags/second_practice_dag.py took 0.103 seconds
[2024-04-04T00:11:10.426+0000] {processor.py:161} INFO - Started process (PID=2222) to work on /opt/airflow/dags/second_practice_dag.py
[2024-04-04T00:11:10.427+0000] {processor.py:830} INFO - Processing file /opt/airflow/dags/second_practice_dag.py for tasks to queue
[2024-04-04T00:11:10.427+0000] {logging_mixin.py:188} INFO - [2024-04-04T00:11:10.427+0000] {dagbag.py:540} INFO - Filling up the DagBag from /opt/airflow/dags/second_practice_dag.py
[2024-04-04T00:11:10.444+0000] {processor.py:840} INFO - DAG(s) 'second_practice_dag_v2' retrieved from /opt/airflow/dags/second_practice_dag.py
[2024-04-04T00:11:10.470+0000] {logging_mixin.py:188} INFO - [2024-04-04T00:11:10.469+0000] {dag.py:3047} INFO - Sync 1 DAGs
[2024-04-04T00:11:10.493+0000] {logging_mixin.py:188} INFO - [2024-04-04T00:11:10.493+0000] {dag.py:3834} INFO - Setting next_dagrun for second_practice_dag_v2 to 2024-04-04 00:00:00+00:00, run_after=2024-04-05 00:00:00+00:00
[2024-04-04T00:11:10.526+0000] {processor.py:183} INFO - Processing /opt/airflow/dags/second_practice_dag.py took 0.104 seconds
[2024-04-04T00:11:40.700+0000] {processor.py:161} INFO - Started process (PID=2263) to work on /opt/airflow/dags/second_practice_dag.py
[2024-04-04T00:11:40.701+0000] {processor.py:830} INFO - Processing file /opt/airflow/dags/second_practice_dag.py for tasks to queue
[2024-04-04T00:11:40.702+0000] {logging_mixin.py:188} INFO - [2024-04-04T00:11:40.701+0000] {dagbag.py:540} INFO - Filling up the DagBag from /opt/airflow/dags/second_practice_dag.py
[2024-04-04T00:11:40.718+0000] {processor.py:840} INFO - DAG(s) 'second_practice_dag_v2' retrieved from /opt/airflow/dags/second_practice_dag.py
[2024-04-04T00:11:40.740+0000] {logging_mixin.py:188} INFO - [2024-04-04T00:11:40.740+0000] {dag.py:3047} INFO - Sync 1 DAGs
[2024-04-04T00:11:40.760+0000] {logging_mixin.py:188} INFO - [2024-04-04T00:11:40.760+0000] {dag.py:3834} INFO - Setting next_dagrun for second_practice_dag_v2 to 2024-04-04 00:00:00+00:00, run_after=2024-04-05 00:00:00+00:00
[2024-04-04T00:11:40.793+0000] {processor.py:183} INFO - Processing /opt/airflow/dags/second_practice_dag.py took 0.096 seconds
[2024-04-04T00:12:10.907+0000] {processor.py:161} INFO - Started process (PID=2304) to work on /opt/airflow/dags/second_practice_dag.py
[2024-04-04T00:12:10.908+0000] {processor.py:830} INFO - Processing file /opt/airflow/dags/second_practice_dag.py for tasks to queue
[2024-04-04T00:12:10.909+0000] {logging_mixin.py:188} INFO - [2024-04-04T00:12:10.909+0000] {dagbag.py:540} INFO - Filling up the DagBag from /opt/airflow/dags/second_practice_dag.py
[2024-04-04T00:12:10.928+0000] {processor.py:840} INFO - DAG(s) 'second_practice_dag_v2' retrieved from /opt/airflow/dags/second_practice_dag.py
[2024-04-04T00:12:10.953+0000] {logging_mixin.py:188} INFO - [2024-04-04T00:12:10.953+0000] {dag.py:3047} INFO - Sync 1 DAGs
[2024-04-04T00:12:10.975+0000] {logging_mixin.py:188} INFO - [2024-04-04T00:12:10.974+0000] {dag.py:3834} INFO - Setting next_dagrun for second_practice_dag_v2 to 2024-04-04 00:00:00+00:00, run_after=2024-04-05 00:00:00+00:00
[2024-04-04T00:12:10.994+0000] {processor.py:183} INFO - Processing /opt/airflow/dags/second_practice_dag.py took 0.090 seconds
[2024-04-04T00:12:41.067+0000] {processor.py:161} INFO - Started process (PID=2346) to work on /opt/airflow/dags/second_practice_dag.py
[2024-04-04T00:12:41.068+0000] {processor.py:830} INFO - Processing file /opt/airflow/dags/second_practice_dag.py for tasks to queue
[2024-04-04T00:12:41.069+0000] {logging_mixin.py:188} INFO - [2024-04-04T00:12:41.069+0000] {dagbag.py:540} INFO - Filling up the DagBag from /opt/airflow/dags/second_practice_dag.py
[2024-04-04T00:12:41.086+0000] {processor.py:840} INFO - DAG(s) 'second_practice_dag_v2' retrieved from /opt/airflow/dags/second_practice_dag.py
[2024-04-04T00:12:41.111+0000] {logging_mixin.py:188} INFO - [2024-04-04T00:12:41.110+0000] {dag.py:3047} INFO - Sync 1 DAGs
[2024-04-04T00:12:41.135+0000] {logging_mixin.py:188} INFO - [2024-04-04T00:12:41.134+0000] {dag.py:3834} INFO - Setting next_dagrun for second_practice_dag_v2 to 2024-04-04 00:00:00+00:00, run_after=2024-04-05 00:00:00+00:00
[2024-04-04T00:12:41.168+0000] {processor.py:183} INFO - Processing /opt/airflow/dags/second_practice_dag.py took 0.104 seconds
[2024-04-04T00:13:11.226+0000] {processor.py:161} INFO - Started process (PID=2387) to work on /opt/airflow/dags/second_practice_dag.py
[2024-04-04T00:13:11.227+0000] {processor.py:830} INFO - Processing file /opt/airflow/dags/second_practice_dag.py for tasks to queue
[2024-04-04T00:13:11.229+0000] {logging_mixin.py:188} INFO - [2024-04-04T00:13:11.228+0000] {dagbag.py:540} INFO - Filling up the DagBag from /opt/airflow/dags/second_practice_dag.py
[2024-04-04T00:13:11.247+0000] {processor.py:840} INFO - DAG(s) 'second_practice_dag_v2' retrieved from /opt/airflow/dags/second_practice_dag.py
[2024-04-04T00:13:11.271+0000] {logging_mixin.py:188} INFO - [2024-04-04T00:13:11.270+0000] {dag.py:3047} INFO - Sync 1 DAGs
[2024-04-04T00:13:11.295+0000] {logging_mixin.py:188} INFO - [2024-04-04T00:13:11.294+0000] {dag.py:3834} INFO - Setting next_dagrun for second_practice_dag_v2 to 2024-04-04 00:00:00+00:00, run_after=2024-04-05 00:00:00+00:00
[2024-04-04T00:13:11.330+0000] {processor.py:183} INFO - Processing /opt/airflow/dags/second_practice_dag.py took 0.106 seconds
[2024-04-04T00:13:41.418+0000] {processor.py:161} INFO - Started process (PID=2428) to work on /opt/airflow/dags/second_practice_dag.py
[2024-04-04T00:13:41.419+0000] {processor.py:830} INFO - Processing file /opt/airflow/dags/second_practice_dag.py for tasks to queue
[2024-04-04T00:13:41.420+0000] {logging_mixin.py:188} INFO - [2024-04-04T00:13:41.419+0000] {dagbag.py:540} INFO - Filling up the DagBag from /opt/airflow/dags/second_practice_dag.py
[2024-04-04T00:13:41.437+0000] {processor.py:840} INFO - DAG(s) 'second_practice_dag_v2' retrieved from /opt/airflow/dags/second_practice_dag.py
[2024-04-04T00:13:41.462+0000] {logging_mixin.py:188} INFO - [2024-04-04T00:13:41.461+0000] {dag.py:3047} INFO - Sync 1 DAGs
[2024-04-04T00:13:41.482+0000] {logging_mixin.py:188} INFO - [2024-04-04T00:13:41.482+0000] {dag.py:3834} INFO - Setting next_dagrun for second_practice_dag_v2 to 2024-04-04 00:00:00+00:00, run_after=2024-04-05 00:00:00+00:00
[2024-04-04T00:13:41.514+0000] {processor.py:183} INFO - Processing /opt/airflow/dags/second_practice_dag.py took 0.099 seconds
[2024-04-04T00:14:11.754+0000] {processor.py:161} INFO - Started process (PID=2469) to work on /opt/airflow/dags/second_practice_dag.py
[2024-04-04T00:14:11.755+0000] {processor.py:830} INFO - Processing file /opt/airflow/dags/second_practice_dag.py for tasks to queue
[2024-04-04T00:14:11.756+0000] {logging_mixin.py:188} INFO - [2024-04-04T00:14:11.756+0000] {dagbag.py:540} INFO - Filling up the DagBag from /opt/airflow/dags/second_practice_dag.py
[2024-04-04T00:14:11.772+0000] {processor.py:840} INFO - DAG(s) 'second_practice_dag_v2' retrieved from /opt/airflow/dags/second_practice_dag.py
[2024-04-04T00:14:11.795+0000] {logging_mixin.py:188} INFO - [2024-04-04T00:14:11.795+0000] {dag.py:3047} INFO - Sync 1 DAGs
[2024-04-04T00:14:11.819+0000] {logging_mixin.py:188} INFO - [2024-04-04T00:14:11.819+0000] {dag.py:3834} INFO - Setting next_dagrun for second_practice_dag_v2 to 2024-04-04 00:00:00+00:00, run_after=2024-04-05 00:00:00+00:00
[2024-04-04T00:14:11.851+0000] {processor.py:183} INFO - Processing /opt/airflow/dags/second_practice_dag.py took 0.099 seconds
[2024-04-04T00:14:41.938+0000] {processor.py:161} INFO - Started process (PID=2510) to work on /opt/airflow/dags/second_practice_dag.py
[2024-04-04T00:14:41.939+0000] {processor.py:830} INFO - Processing file /opt/airflow/dags/second_practice_dag.py for tasks to queue
[2024-04-04T00:14:41.940+0000] {logging_mixin.py:188} INFO - [2024-04-04T00:14:41.940+0000] {dagbag.py:540} INFO - Filling up the DagBag from /opt/airflow/dags/second_practice_dag.py
[2024-04-04T00:14:41.957+0000] {processor.py:840} INFO - DAG(s) 'second_practice_dag_v2' retrieved from /opt/airflow/dags/second_practice_dag.py
[2024-04-04T00:14:41.982+0000] {logging_mixin.py:188} INFO - [2024-04-04T00:14:41.981+0000] {dag.py:3047} INFO - Sync 1 DAGs
[2024-04-04T00:14:42.009+0000] {logging_mixin.py:188} INFO - [2024-04-04T00:14:42.009+0000] {dag.py:3834} INFO - Setting next_dagrun for second_practice_dag_v2 to 2024-04-04 00:00:00+00:00, run_after=2024-04-05 00:00:00+00:00
[2024-04-04T00:14:42.047+0000] {processor.py:183} INFO - Processing /opt/airflow/dags/second_practice_dag.py took 0.111 seconds
[2024-04-04T00:15:12.108+0000] {processor.py:161} INFO - Started process (PID=2551) to work on /opt/airflow/dags/second_practice_dag.py
[2024-04-04T00:15:12.109+0000] {processor.py:830} INFO - Processing file /opt/airflow/dags/second_practice_dag.py for tasks to queue
[2024-04-04T00:15:12.110+0000] {logging_mixin.py:188} INFO - [2024-04-04T00:15:12.110+0000] {dagbag.py:540} INFO - Filling up the DagBag from /opt/airflow/dags/second_practice_dag.py
[2024-04-04T00:15:12.129+0000] {processor.py:840} INFO - DAG(s) 'second_practice_dag_v2' retrieved from /opt/airflow/dags/second_practice_dag.py
[2024-04-04T00:15:12.152+0000] {logging_mixin.py:188} INFO - [2024-04-04T00:15:12.152+0000] {dag.py:3047} INFO - Sync 1 DAGs
[2024-04-04T00:15:12.173+0000] {logging_mixin.py:188} INFO - [2024-04-04T00:15:12.173+0000] {dag.py:3834} INFO - Setting next_dagrun for second_practice_dag_v2 to 2024-04-04 00:00:00+00:00, run_after=2024-04-05 00:00:00+00:00
[2024-04-04T00:15:12.195+0000] {processor.py:183} INFO - Processing /opt/airflow/dags/second_practice_dag.py took 0.089 seconds
[2024-04-04T00:15:42.303+0000] {processor.py:161} INFO - Started process (PID=2592) to work on /opt/airflow/dags/second_practice_dag.py
[2024-04-04T00:15:42.304+0000] {processor.py:830} INFO - Processing file /opt/airflow/dags/second_practice_dag.py for tasks to queue
[2024-04-04T00:15:42.305+0000] {logging_mixin.py:188} INFO - [2024-04-04T00:15:42.305+0000] {dagbag.py:540} INFO - Filling up the DagBag from /opt/airflow/dags/second_practice_dag.py
[2024-04-04T00:15:42.322+0000] {processor.py:840} INFO - DAG(s) 'second_practice_dag_v2' retrieved from /opt/airflow/dags/second_practice_dag.py
[2024-04-04T00:15:42.347+0000] {logging_mixin.py:188} INFO - [2024-04-04T00:15:42.346+0000] {dag.py:3047} INFO - Sync 1 DAGs
[2024-04-04T00:15:42.369+0000] {logging_mixin.py:188} INFO - [2024-04-04T00:15:42.369+0000] {dag.py:3834} INFO - Setting next_dagrun for second_practice_dag_v2 to 2024-04-04 00:00:00+00:00, run_after=2024-04-05 00:00:00+00:00
[2024-04-04T00:15:42.402+0000] {processor.py:183} INFO - Processing /opt/airflow/dags/second_practice_dag.py took 0.101 seconds
[2024-04-04T00:16:12.469+0000] {processor.py:161} INFO - Started process (PID=2633) to work on /opt/airflow/dags/second_practice_dag.py
[2024-04-04T00:16:12.470+0000] {processor.py:830} INFO - Processing file /opt/airflow/dags/second_practice_dag.py for tasks to queue
[2024-04-04T00:16:12.471+0000] {logging_mixin.py:188} INFO - [2024-04-04T00:16:12.471+0000] {dagbag.py:540} INFO - Filling up the DagBag from /opt/airflow/dags/second_practice_dag.py
[2024-04-04T00:16:12.488+0000] {processor.py:840} INFO - DAG(s) 'second_practice_dag_v2' retrieved from /opt/airflow/dags/second_practice_dag.py
[2024-04-04T00:16:12.511+0000] {logging_mixin.py:188} INFO - [2024-04-04T00:16:12.511+0000] {dag.py:3047} INFO - Sync 1 DAGs
[2024-04-04T00:16:12.532+0000] {logging_mixin.py:188} INFO - [2024-04-04T00:16:12.532+0000] {dag.py:3834} INFO - Setting next_dagrun for second_practice_dag_v2 to 2024-04-04 00:00:00+00:00, run_after=2024-04-05 00:00:00+00:00
[2024-04-04T00:16:12.563+0000] {processor.py:183} INFO - Processing /opt/airflow/dags/second_practice_dag.py took 0.097 seconds
[2024-04-04T00:16:42.746+0000] {processor.py:161} INFO - Started process (PID=2674) to work on /opt/airflow/dags/second_practice_dag.py
[2024-04-04T00:16:42.747+0000] {processor.py:830} INFO - Processing file /opt/airflow/dags/second_practice_dag.py for tasks to queue
[2024-04-04T00:16:42.747+0000] {logging_mixin.py:188} INFO - [2024-04-04T00:16:42.747+0000] {dagbag.py:540} INFO - Filling up the DagBag from /opt/airflow/dags/second_practice_dag.py
[2024-04-04T00:16:42.765+0000] {processor.py:840} INFO - DAG(s) 'second_practice_dag_v2' retrieved from /opt/airflow/dags/second_practice_dag.py
[2024-04-04T00:16:42.787+0000] {logging_mixin.py:188} INFO - [2024-04-04T00:16:42.787+0000] {dag.py:3047} INFO - Sync 1 DAGs
[2024-04-04T00:16:42.807+0000] {logging_mixin.py:188} INFO - [2024-04-04T00:16:42.807+0000] {dag.py:3834} INFO - Setting next_dagrun for second_practice_dag_v2 to 2024-04-04 00:00:00+00:00, run_after=2024-04-05 00:00:00+00:00
[2024-04-04T00:16:42.827+0000] {processor.py:183} INFO - Processing /opt/airflow/dags/second_practice_dag.py took 0.084 seconds
[2024-04-04T00:17:13.744+0000] {processor.py:161} INFO - Started process (PID=2715) to work on /opt/airflow/dags/second_practice_dag.py
[2024-04-04T00:17:13.745+0000] {processor.py:830} INFO - Processing file /opt/airflow/dags/second_practice_dag.py for tasks to queue
[2024-04-04T00:17:13.746+0000] {logging_mixin.py:188} INFO - [2024-04-04T00:17:13.745+0000] {dagbag.py:540} INFO - Filling up the DagBag from /opt/airflow/dags/second_practice_dag.py
[2024-04-04T00:17:13.764+0000] {processor.py:840} INFO - DAG(s) 'second_practice_dag_v2' retrieved from /opt/airflow/dags/second_practice_dag.py
[2024-04-04T00:17:13.787+0000] {logging_mixin.py:188} INFO - [2024-04-04T00:17:13.787+0000] {dag.py:3047} INFO - Sync 1 DAGs
[2024-04-04T00:17:13.810+0000] {logging_mixin.py:188} INFO - [2024-04-04T00:17:13.810+0000] {dag.py:3834} INFO - Setting next_dagrun for second_practice_dag_v2 to 2024-04-04 00:00:00+00:00, run_after=2024-04-05 00:00:00+00:00
[2024-04-04T00:17:13.843+0000] {processor.py:183} INFO - Processing /opt/airflow/dags/second_practice_dag.py took 0.102 seconds
[2024-04-04T00:17:44.608+0000] {processor.py:161} INFO - Started process (PID=2759) to work on /opt/airflow/dags/second_practice_dag.py
[2024-04-04T00:17:44.610+0000] {processor.py:830} INFO - Processing file /opt/airflow/dags/second_practice_dag.py for tasks to queue
[2024-04-04T00:17:44.611+0000] {logging_mixin.py:188} INFO - [2024-04-04T00:17:44.610+0000] {dagbag.py:540} INFO - Filling up the DagBag from /opt/airflow/dags/second_practice_dag.py
[2024-04-04T00:17:44.632+0000] {processor.py:840} INFO - DAG(s) 'second_practice_dag_v2' retrieved from /opt/airflow/dags/second_practice_dag.py
[2024-04-04T00:17:44.655+0000] {logging_mixin.py:188} INFO - [2024-04-04T00:17:44.655+0000] {dag.py:3047} INFO - Sync 1 DAGs
[2024-04-04T00:17:44.679+0000] {logging_mixin.py:188} INFO - [2024-04-04T00:17:44.678+0000] {dag.py:3834} INFO - Setting next_dagrun for second_practice_dag_v2 to 2024-04-04 00:00:00+00:00, run_after=2024-04-05 00:00:00+00:00
[2024-04-04T00:17:44.701+0000] {processor.py:183} INFO - Processing /opt/airflow/dags/second_practice_dag.py took 0.095 seconds
[2024-04-04T00:18:15.533+0000] {processor.py:161} INFO - Started process (PID=2812) to work on /opt/airflow/dags/second_practice_dag.py
[2024-04-04T00:18:15.534+0000] {processor.py:830} INFO - Processing file /opt/airflow/dags/second_practice_dag.py for tasks to queue
[2024-04-04T00:18:15.534+0000] {logging_mixin.py:188} INFO - [2024-04-04T00:18:15.534+0000] {dagbag.py:540} INFO - Filling up the DagBag from /opt/airflow/dags/second_practice_dag.py
[2024-04-04T00:18:15.552+0000] {processor.py:840} INFO - DAG(s) 'second_practice_dag_v2' retrieved from /opt/airflow/dags/second_practice_dag.py
[2024-04-04T00:18:15.577+0000] {logging_mixin.py:188} INFO - [2024-04-04T00:18:15.577+0000] {dag.py:3047} INFO - Sync 1 DAGs
[2024-04-04T00:18:15.601+0000] {logging_mixin.py:188} INFO - [2024-04-04T00:18:15.601+0000] {dag.py:3834} INFO - Setting next_dagrun for second_practice_dag_v2 to 2024-04-04 00:00:00+00:00, run_after=2024-04-05 00:00:00+00:00
[2024-04-04T00:18:15.626+0000] {processor.py:183} INFO - Processing /opt/airflow/dags/second_practice_dag.py took 0.096 seconds
[2024-04-04T00:18:46.496+0000] {processor.py:161} INFO - Started process (PID=2853) to work on /opt/airflow/dags/second_practice_dag.py
[2024-04-04T00:18:46.497+0000] {processor.py:830} INFO - Processing file /opt/airflow/dags/second_practice_dag.py for tasks to queue
[2024-04-04T00:18:46.498+0000] {logging_mixin.py:188} INFO - [2024-04-04T00:18:46.498+0000] {dagbag.py:540} INFO - Filling up the DagBag from /opt/airflow/dags/second_practice_dag.py
[2024-04-04T00:18:46.516+0000] {processor.py:840} INFO - DAG(s) 'second_practice_dag_v2' retrieved from /opt/airflow/dags/second_practice_dag.py
[2024-04-04T00:18:46.539+0000] {logging_mixin.py:188} INFO - [2024-04-04T00:18:46.538+0000] {dag.py:3047} INFO - Sync 1 DAGs
[2024-04-04T00:18:46.563+0000] {logging_mixin.py:188} INFO - [2024-04-04T00:18:46.562+0000] {dag.py:3834} INFO - Setting next_dagrun for second_practice_dag_v2 to 2024-04-04 00:00:00+00:00, run_after=2024-04-05 00:00:00+00:00
[2024-04-04T00:18:46.589+0000] {processor.py:183} INFO - Processing /opt/airflow/dags/second_practice_dag.py took 0.096 seconds
[2024-04-04T00:19:17.483+0000] {processor.py:161} INFO - Started process (PID=2894) to work on /opt/airflow/dags/second_practice_dag.py
[2024-04-04T00:19:17.484+0000] {processor.py:830} INFO - Processing file /opt/airflow/dags/second_practice_dag.py for tasks to queue
[2024-04-04T00:19:17.485+0000] {logging_mixin.py:188} INFO - [2024-04-04T00:19:17.484+0000] {dagbag.py:540} INFO - Filling up the DagBag from /opt/airflow/dags/second_practice_dag.py
[2024-04-04T00:19:17.502+0000] {processor.py:840} INFO - DAG(s) 'second_practice_dag_v2' retrieved from /opt/airflow/dags/second_practice_dag.py
[2024-04-04T00:19:17.524+0000] {logging_mixin.py:188} INFO - [2024-04-04T00:19:17.524+0000] {dag.py:3047} INFO - Sync 1 DAGs
[2024-04-04T00:19:17.547+0000] {logging_mixin.py:188} INFO - [2024-04-04T00:19:17.546+0000] {dag.py:3834} INFO - Setting next_dagrun for second_practice_dag_v2 to 2024-04-04 00:00:00+00:00, run_after=2024-04-05 00:00:00+00:00
[2024-04-04T00:19:17.578+0000] {processor.py:183} INFO - Processing /opt/airflow/dags/second_practice_dag.py took 0.097 seconds
[2024-04-04T00:19:48.421+0000] {processor.py:161} INFO - Started process (PID=2935) to work on /opt/airflow/dags/second_practice_dag.py
[2024-04-04T00:19:48.422+0000] {processor.py:830} INFO - Processing file /opt/airflow/dags/second_practice_dag.py for tasks to queue
[2024-04-04T00:19:48.424+0000] {logging_mixin.py:188} INFO - [2024-04-04T00:19:48.423+0000] {dagbag.py:540} INFO - Filling up the DagBag from /opt/airflow/dags/second_practice_dag.py
[2024-04-04T00:19:48.443+0000] {processor.py:840} INFO - DAG(s) 'second_practice_dag_v2' retrieved from /opt/airflow/dags/second_practice_dag.py
[2024-04-04T00:19:48.467+0000] {logging_mixin.py:188} INFO - [2024-04-04T00:19:48.467+0000] {dag.py:3047} INFO - Sync 1 DAGs
[2024-04-04T00:19:48.490+0000] {logging_mixin.py:188} INFO - [2024-04-04T00:19:48.490+0000] {dag.py:3834} INFO - Setting next_dagrun for second_practice_dag_v2 to 2024-04-04 00:00:00+00:00, run_after=2024-04-05 00:00:00+00:00
[2024-04-04T00:19:48.516+0000] {processor.py:183} INFO - Processing /opt/airflow/dags/second_practice_dag.py took 0.097 seconds
[2024-04-04T00:20:19.331+0000] {processor.py:161} INFO - Started process (PID=2976) to work on /opt/airflow/dags/second_practice_dag.py
[2024-04-04T00:20:19.332+0000] {processor.py:830} INFO - Processing file /opt/airflow/dags/second_practice_dag.py for tasks to queue
[2024-04-04T00:20:19.333+0000] {logging_mixin.py:188} INFO - [2024-04-04T00:20:19.333+0000] {dagbag.py:540} INFO - Filling up the DagBag from /opt/airflow/dags/second_practice_dag.py
[2024-04-04T00:20:19.353+0000] {processor.py:840} INFO - DAG(s) 'second_practice_dag_v2' retrieved from /opt/airflow/dags/second_practice_dag.py
[2024-04-04T00:20:19.379+0000] {logging_mixin.py:188} INFO - [2024-04-04T00:20:19.379+0000] {dag.py:3047} INFO - Sync 1 DAGs
[2024-04-04T00:20:19.405+0000] {logging_mixin.py:188} INFO - [2024-04-04T00:20:19.404+0000] {dag.py:3834} INFO - Setting next_dagrun for second_practice_dag_v2 to 2024-04-04 00:00:00+00:00, run_after=2024-04-05 00:00:00+00:00
[2024-04-04T00:20:19.433+0000] {processor.py:183} INFO - Processing /opt/airflow/dags/second_practice_dag.py took 0.105 seconds
[2024-04-04T00:20:50.163+0000] {processor.py:161} INFO - Started process (PID=3017) to work on /opt/airflow/dags/second_practice_dag.py
[2024-04-04T00:20:50.164+0000] {processor.py:830} INFO - Processing file /opt/airflow/dags/second_practice_dag.py for tasks to queue
[2024-04-04T00:20:50.165+0000] {logging_mixin.py:188} INFO - [2024-04-04T00:20:50.165+0000] {dagbag.py:540} INFO - Filling up the DagBag from /opt/airflow/dags/second_practice_dag.py
[2024-04-04T00:20:50.183+0000] {processor.py:840} INFO - DAG(s) 'second_practice_dag_v2' retrieved from /opt/airflow/dags/second_practice_dag.py
[2024-04-04T00:20:50.207+0000] {logging_mixin.py:188} INFO - [2024-04-04T00:20:50.207+0000] {dag.py:3047} INFO - Sync 1 DAGs
[2024-04-04T00:20:50.232+0000] {logging_mixin.py:188} INFO - [2024-04-04T00:20:50.232+0000] {dag.py:3834} INFO - Setting next_dagrun for second_practice_dag_v2 to 2024-04-04 00:00:00+00:00, run_after=2024-04-05 00:00:00+00:00
[2024-04-04T00:20:50.257+0000] {processor.py:183} INFO - Processing /opt/airflow/dags/second_practice_dag.py took 0.097 seconds
[2024-04-04T00:21:21.057+0000] {processor.py:161} INFO - Started process (PID=3058) to work on /opt/airflow/dags/second_practice_dag.py
[2024-04-04T00:21:21.058+0000] {processor.py:830} INFO - Processing file /opt/airflow/dags/second_practice_dag.py for tasks to queue
[2024-04-04T00:21:21.060+0000] {logging_mixin.py:188} INFO - [2024-04-04T00:21:21.059+0000] {dagbag.py:540} INFO - Filling up the DagBag from /opt/airflow/dags/second_practice_dag.py
[2024-04-04T00:21:21.086+0000] {processor.py:840} INFO - DAG(s) 'second_practice_dag_v2' retrieved from /opt/airflow/dags/second_practice_dag.py
[2024-04-04T00:21:21.116+0000] {logging_mixin.py:188} INFO - [2024-04-04T00:21:21.115+0000] {dag.py:3047} INFO - Sync 1 DAGs
[2024-04-04T00:21:21.141+0000] {logging_mixin.py:188} INFO - [2024-04-04T00:21:21.141+0000] {dag.py:3834} INFO - Setting next_dagrun for second_practice_dag_v2 to 2024-04-04 00:00:00+00:00, run_after=2024-04-05 00:00:00+00:00
[2024-04-04T00:21:21.170+0000] {processor.py:183} INFO - Processing /opt/airflow/dags/second_practice_dag.py took 0.117 seconds
[2024-04-04T00:21:52.000+0000] {processor.py:161} INFO - Started process (PID=3099) to work on /opt/airflow/dags/second_practice_dag.py
[2024-04-04T00:21:52.001+0000] {processor.py:830} INFO - Processing file /opt/airflow/dags/second_practice_dag.py for tasks to queue
[2024-04-04T00:21:52.002+0000] {logging_mixin.py:188} INFO - [2024-04-04T00:21:52.001+0000] {dagbag.py:540} INFO - Filling up the DagBag from /opt/airflow/dags/second_practice_dag.py
[2024-04-04T00:21:52.020+0000] {processor.py:840} INFO - DAG(s) 'second_practice_dag_v2' retrieved from /opt/airflow/dags/second_practice_dag.py
[2024-04-04T00:21:52.042+0000] {logging_mixin.py:188} INFO - [2024-04-04T00:21:52.042+0000] {dag.py:3047} INFO - Sync 1 DAGs
[2024-04-04T00:21:52.066+0000] {logging_mixin.py:188} INFO - [2024-04-04T00:21:52.065+0000] {dag.py:3834} INFO - Setting next_dagrun for second_practice_dag_v2 to 2024-04-04 00:00:00+00:00, run_after=2024-04-05 00:00:00+00:00
[2024-04-04T00:21:52.095+0000] {processor.py:183} INFO - Processing /opt/airflow/dags/second_practice_dag.py took 0.098 seconds
[2024-04-04T00:22:22.942+0000] {processor.py:161} INFO - Started process (PID=3140) to work on /opt/airflow/dags/second_practice_dag.py
[2024-04-04T00:22:22.942+0000] {processor.py:830} INFO - Processing file /opt/airflow/dags/second_practice_dag.py for tasks to queue
[2024-04-04T00:22:22.943+0000] {logging_mixin.py:188} INFO - [2024-04-04T00:22:22.943+0000] {dagbag.py:540} INFO - Filling up the DagBag from /opt/airflow/dags/second_practice_dag.py
[2024-04-04T00:22:22.960+0000] {processor.py:840} INFO - DAG(s) 'second_practice_dag_v2' retrieved from /opt/airflow/dags/second_practice_dag.py
[2024-04-04T00:22:22.986+0000] {logging_mixin.py:188} INFO - [2024-04-04T00:22:22.986+0000] {dag.py:3047} INFO - Sync 1 DAGs
[2024-04-04T00:22:23.009+0000] {logging_mixin.py:188} INFO - [2024-04-04T00:22:23.009+0000] {dag.py:3834} INFO - Setting next_dagrun for second_practice_dag_v2 to 2024-04-04 00:00:00+00:00, run_after=2024-04-05 00:00:00+00:00
[2024-04-04T00:22:23.040+0000] {processor.py:183} INFO - Processing /opt/airflow/dags/second_practice_dag.py took 0.101 seconds
[2024-04-04T00:22:53.812+0000] {processor.py:161} INFO - Started process (PID=3181) to work on /opt/airflow/dags/second_practice_dag.py
[2024-04-04T00:22:53.813+0000] {processor.py:830} INFO - Processing file /opt/airflow/dags/second_practice_dag.py for tasks to queue
[2024-04-04T00:22:53.814+0000] {logging_mixin.py:188} INFO - [2024-04-04T00:22:53.814+0000] {dagbag.py:540} INFO - Filling up the DagBag from /opt/airflow/dags/second_practice_dag.py
[2024-04-04T00:22:53.834+0000] {processor.py:840} INFO - DAG(s) 'second_practice_dag_v2' retrieved from /opt/airflow/dags/second_practice_dag.py
[2024-04-04T00:22:53.859+0000] {logging_mixin.py:188} INFO - [2024-04-04T00:22:53.858+0000] {dag.py:3047} INFO - Sync 1 DAGs
[2024-04-04T00:22:53.881+0000] {logging_mixin.py:188} INFO - [2024-04-04T00:22:53.881+0000] {dag.py:3834} INFO - Setting next_dagrun for second_practice_dag_v2 to 2024-04-04 00:00:00+00:00, run_after=2024-04-05 00:00:00+00:00
[2024-04-04T00:22:53.913+0000] {processor.py:183} INFO - Processing /opt/airflow/dags/second_practice_dag.py took 0.103 seconds
[2024-04-04T00:23:24.769+0000] {processor.py:161} INFO - Started process (PID=3222) to work on /opt/airflow/dags/second_practice_dag.py
[2024-04-04T00:23:24.770+0000] {processor.py:830} INFO - Processing file /opt/airflow/dags/second_practice_dag.py for tasks to queue
[2024-04-04T00:23:24.771+0000] {logging_mixin.py:188} INFO - [2024-04-04T00:23:24.771+0000] {dagbag.py:540} INFO - Filling up the DagBag from /opt/airflow/dags/second_practice_dag.py
[2024-04-04T00:23:24.787+0000] {processor.py:840} INFO - DAG(s) 'second_practice_dag_v2' retrieved from /opt/airflow/dags/second_practice_dag.py
[2024-04-04T00:23:24.810+0000] {logging_mixin.py:188} INFO - [2024-04-04T00:23:24.810+0000] {dag.py:3047} INFO - Sync 1 DAGs
[2024-04-04T00:23:24.834+0000] {logging_mixin.py:188} INFO - [2024-04-04T00:23:24.833+0000] {dag.py:3834} INFO - Setting next_dagrun for second_practice_dag_v2 to 2024-04-04 00:00:00+00:00, run_after=2024-04-05 00:00:00+00:00
[2024-04-04T00:23:24.865+0000] {processor.py:183} INFO - Processing /opt/airflow/dags/second_practice_dag.py took 0.099 seconds
[2024-04-04T00:23:55.686+0000] {processor.py:161} INFO - Started process (PID=3263) to work on /opt/airflow/dags/second_practice_dag.py
[2024-04-04T00:23:55.687+0000] {processor.py:830} INFO - Processing file /opt/airflow/dags/second_practice_dag.py for tasks to queue
[2024-04-04T00:23:55.688+0000] {logging_mixin.py:188} INFO - [2024-04-04T00:23:55.687+0000] {dagbag.py:540} INFO - Filling up the DagBag from /opt/airflow/dags/second_practice_dag.py
[2024-04-04T00:23:55.705+0000] {processor.py:840} INFO - DAG(s) 'second_practice_dag_v2' retrieved from /opt/airflow/dags/second_practice_dag.py
[2024-04-04T00:23:55.729+0000] {logging_mixin.py:188} INFO - [2024-04-04T00:23:55.729+0000] {dag.py:3047} INFO - Sync 1 DAGs
[2024-04-04T00:23:55.753+0000] {logging_mixin.py:188} INFO - [2024-04-04T00:23:55.753+0000] {dag.py:3834} INFO - Setting next_dagrun for second_practice_dag_v2 to 2024-04-04 00:00:00+00:00, run_after=2024-04-05 00:00:00+00:00
[2024-04-04T00:23:55.784+0000] {processor.py:183} INFO - Processing /opt/airflow/dags/second_practice_dag.py took 0.100 seconds
[2024-04-04T00:24:26.600+0000] {processor.py:161} INFO - Started process (PID=3304) to work on /opt/airflow/dags/second_practice_dag.py
[2024-04-04T00:24:26.601+0000] {processor.py:830} INFO - Processing file /opt/airflow/dags/second_practice_dag.py for tasks to queue
[2024-04-04T00:24:26.602+0000] {logging_mixin.py:188} INFO - [2024-04-04T00:24:26.602+0000] {dagbag.py:540} INFO - Filling up the DagBag from /opt/airflow/dags/second_practice_dag.py
[2024-04-04T00:24:26.625+0000] {processor.py:840} INFO - DAG(s) 'second_practice_dag_v2' retrieved from /opt/airflow/dags/second_practice_dag.py
[2024-04-04T00:24:26.649+0000] {logging_mixin.py:188} INFO - [2024-04-04T00:24:26.649+0000] {dag.py:3047} INFO - Sync 1 DAGs
[2024-04-04T00:24:26.675+0000] {logging_mixin.py:188} INFO - [2024-04-04T00:24:26.675+0000] {dag.py:3834} INFO - Setting next_dagrun for second_practice_dag_v2 to 2024-04-04 00:00:00+00:00, run_after=2024-04-05 00:00:00+00:00
[2024-04-04T00:24:26.702+0000] {processor.py:183} INFO - Processing /opt/airflow/dags/second_practice_dag.py took 0.106 seconds
[2024-04-04T00:24:57.490+0000] {processor.py:161} INFO - Started process (PID=3346) to work on /opt/airflow/dags/second_practice_dag.py
[2024-04-04T00:24:57.491+0000] {processor.py:830} INFO - Processing file /opt/airflow/dags/second_practice_dag.py for tasks to queue
[2024-04-04T00:24:57.492+0000] {logging_mixin.py:188} INFO - [2024-04-04T00:24:57.492+0000] {dagbag.py:540} INFO - Filling up the DagBag from /opt/airflow/dags/second_practice_dag.py
[2024-04-04T00:24:57.509+0000] {processor.py:840} INFO - DAG(s) 'second_practice_dag_v2' retrieved from /opt/airflow/dags/second_practice_dag.py
[2024-04-04T00:24:57.533+0000] {logging_mixin.py:188} INFO - [2024-04-04T00:24:57.533+0000] {dag.py:3047} INFO - Sync 1 DAGs
[2024-04-04T00:24:57.558+0000] {logging_mixin.py:188} INFO - [2024-04-04T00:24:57.558+0000] {dag.py:3834} INFO - Setting next_dagrun for second_practice_dag_v2 to 2024-04-04 00:00:00+00:00, run_after=2024-04-05 00:00:00+00:00
[2024-04-04T00:24:57.586+0000] {processor.py:183} INFO - Processing /opt/airflow/dags/second_practice_dag.py took 0.099 seconds
[2024-04-04T00:25:28.370+0000] {processor.py:161} INFO - Started process (PID=3387) to work on /opt/airflow/dags/second_practice_dag.py
[2024-04-04T00:25:28.371+0000] {processor.py:830} INFO - Processing file /opt/airflow/dags/second_practice_dag.py for tasks to queue
[2024-04-04T00:25:28.372+0000] {logging_mixin.py:188} INFO - [2024-04-04T00:25:28.372+0000] {dagbag.py:540} INFO - Filling up the DagBag from /opt/airflow/dags/second_practice_dag.py
[2024-04-04T00:25:28.389+0000] {processor.py:840} INFO - DAG(s) 'second_practice_dag_v2' retrieved from /opt/airflow/dags/second_practice_dag.py
[2024-04-04T00:25:28.412+0000] {logging_mixin.py:188} INFO - [2024-04-04T00:25:28.412+0000] {dag.py:3047} INFO - Sync 1 DAGs
[2024-04-04T00:25:28.436+0000] {logging_mixin.py:188} INFO - [2024-04-04T00:25:28.436+0000] {dag.py:3834} INFO - Setting next_dagrun for second_practice_dag_v2 to 2024-04-04 00:00:00+00:00, run_after=2024-04-05 00:00:00+00:00
[2024-04-04T00:25:28.469+0000] {processor.py:183} INFO - Processing /opt/airflow/dags/second_practice_dag.py took 0.102 seconds
[2024-04-04T00:25:59.282+0000] {processor.py:161} INFO - Started process (PID=3428) to work on /opt/airflow/dags/second_practice_dag.py
[2024-04-04T00:25:59.282+0000] {processor.py:830} INFO - Processing file /opt/airflow/dags/second_practice_dag.py for tasks to queue
[2024-04-04T00:25:59.283+0000] {logging_mixin.py:188} INFO - [2024-04-04T00:25:59.283+0000] {dagbag.py:540} INFO - Filling up the DagBag from /opt/airflow/dags/second_practice_dag.py
[2024-04-04T00:25:59.301+0000] {processor.py:840} INFO - DAG(s) 'second_practice_dag_v2' retrieved from /opt/airflow/dags/second_practice_dag.py
[2024-04-04T00:25:59.325+0000] {logging_mixin.py:188} INFO - [2024-04-04T00:25:59.325+0000] {dag.py:3047} INFO - Sync 1 DAGs
[2024-04-04T00:25:59.347+0000] {logging_mixin.py:188} INFO - [2024-04-04T00:25:59.347+0000] {dag.py:3834} INFO - Setting next_dagrun for second_practice_dag_v2 to 2024-04-04 00:00:00+00:00, run_after=2024-04-05 00:00:00+00:00
[2024-04-04T00:25:59.378+0000] {processor.py:183} INFO - Processing /opt/airflow/dags/second_practice_dag.py took 0.099 seconds
[2024-04-04T00:26:30.223+0000] {processor.py:161} INFO - Started process (PID=3469) to work on /opt/airflow/dags/second_practice_dag.py
[2024-04-04T00:26:30.224+0000] {processor.py:830} INFO - Processing file /opt/airflow/dags/second_practice_dag.py for tasks to queue
[2024-04-04T00:26:30.225+0000] {logging_mixin.py:188} INFO - [2024-04-04T00:26:30.224+0000] {dagbag.py:540} INFO - Filling up the DagBag from /opt/airflow/dags/second_practice_dag.py
[2024-04-04T00:26:30.241+0000] {processor.py:840} INFO - DAG(s) 'second_practice_dag_v2' retrieved from /opt/airflow/dags/second_practice_dag.py
[2024-04-04T00:26:30.264+0000] {logging_mixin.py:188} INFO - [2024-04-04T00:26:30.264+0000] {dag.py:3047} INFO - Sync 1 DAGs
[2024-04-04T00:26:30.288+0000] {logging_mixin.py:188} INFO - [2024-04-04T00:26:30.287+0000] {dag.py:3834} INFO - Setting next_dagrun for second_practice_dag_v2 to 2024-04-04 00:00:00+00:00, run_after=2024-04-05 00:00:00+00:00
[2024-04-04T00:26:30.313+0000] {processor.py:183} INFO - Processing /opt/airflow/dags/second_practice_dag.py took 0.093 seconds
[2024-04-04T00:27:01.128+0000] {processor.py:161} INFO - Started process (PID=3510) to work on /opt/airflow/dags/second_practice_dag.py
[2024-04-04T00:27:01.129+0000] {processor.py:830} INFO - Processing file /opt/airflow/dags/second_practice_dag.py for tasks to queue
[2024-04-04T00:27:01.130+0000] {logging_mixin.py:188} INFO - [2024-04-04T00:27:01.130+0000] {dagbag.py:540} INFO - Filling up the DagBag from /opt/airflow/dags/second_practice_dag.py
[2024-04-04T00:27:01.149+0000] {processor.py:840} INFO - DAG(s) 'second_practice_dag_v2' retrieved from /opt/airflow/dags/second_practice_dag.py
[2024-04-04T00:27:01.172+0000] {logging_mixin.py:188} INFO - [2024-04-04T00:27:01.172+0000] {dag.py:3047} INFO - Sync 1 DAGs
[2024-04-04T00:27:01.196+0000] {logging_mixin.py:188} INFO - [2024-04-04T00:27:01.196+0000] {dag.py:3834} INFO - Setting next_dagrun for second_practice_dag_v2 to 2024-04-04 00:00:00+00:00, run_after=2024-04-05 00:00:00+00:00
[2024-04-04T00:27:01.224+0000] {processor.py:183} INFO - Processing /opt/airflow/dags/second_practice_dag.py took 0.100 seconds
[2024-04-04T00:27:32.067+0000] {processor.py:161} INFO - Started process (PID=3551) to work on /opt/airflow/dags/second_practice_dag.py
[2024-04-04T00:27:32.068+0000] {processor.py:830} INFO - Processing file /opt/airflow/dags/second_practice_dag.py for tasks to queue
[2024-04-04T00:27:32.069+0000] {logging_mixin.py:188} INFO - [2024-04-04T00:27:32.069+0000] {dagbag.py:540} INFO - Filling up the DagBag from /opt/airflow/dags/second_practice_dag.py
[2024-04-04T00:27:32.090+0000] {processor.py:840} INFO - DAG(s) 'second_practice_dag_v2' retrieved from /opt/airflow/dags/second_practice_dag.py
[2024-04-04T00:27:32.115+0000] {logging_mixin.py:188} INFO - [2024-04-04T00:27:32.114+0000] {dag.py:3047} INFO - Sync 1 DAGs
[2024-04-04T00:27:32.138+0000] {logging_mixin.py:188} INFO - [2024-04-04T00:27:32.138+0000] {dag.py:3834} INFO - Setting next_dagrun for second_practice_dag_v2 to 2024-04-04 00:00:00+00:00, run_after=2024-04-05 00:00:00+00:00
[2024-04-04T00:27:32.166+0000] {processor.py:183} INFO - Processing /opt/airflow/dags/second_practice_dag.py took 0.103 seconds
[2024-04-04T00:28:03.067+0000] {processor.py:161} INFO - Started process (PID=3592) to work on /opt/airflow/dags/second_practice_dag.py
[2024-04-04T00:28:03.068+0000] {processor.py:830} INFO - Processing file /opt/airflow/dags/second_practice_dag.py for tasks to queue
[2024-04-04T00:28:03.069+0000] {logging_mixin.py:188} INFO - [2024-04-04T00:28:03.069+0000] {dagbag.py:540} INFO - Filling up the DagBag from /opt/airflow/dags/second_practice_dag.py
[2024-04-04T00:28:03.087+0000] {processor.py:840} INFO - DAG(s) 'second_practice_dag_v2' retrieved from /opt/airflow/dags/second_practice_dag.py
[2024-04-04T00:28:03.111+0000] {logging_mixin.py:188} INFO - [2024-04-04T00:28:03.110+0000] {dag.py:3047} INFO - Sync 1 DAGs
[2024-04-04T00:28:03.135+0000] {logging_mixin.py:188} INFO - [2024-04-04T00:28:03.135+0000] {dag.py:3834} INFO - Setting next_dagrun for second_practice_dag_v2 to 2024-04-04 00:00:00+00:00, run_after=2024-04-05 00:00:00+00:00
[2024-04-04T00:28:03.166+0000] {processor.py:183} INFO - Processing /opt/airflow/dags/second_practice_dag.py took 0.101 seconds
[2024-04-04T00:28:33.957+0000] {processor.py:161} INFO - Started process (PID=3633) to work on /opt/airflow/dags/second_practice_dag.py
[2024-04-04T00:28:33.958+0000] {processor.py:830} INFO - Processing file /opt/airflow/dags/second_practice_dag.py for tasks to queue
[2024-04-04T00:28:33.959+0000] {logging_mixin.py:188} INFO - [2024-04-04T00:28:33.959+0000] {dagbag.py:540} INFO - Filling up the DagBag from /opt/airflow/dags/second_practice_dag.py
[2024-04-04T00:28:33.977+0000] {processor.py:840} INFO - DAG(s) 'second_practice_dag_v2' retrieved from /opt/airflow/dags/second_practice_dag.py
[2024-04-04T00:28:33.999+0000] {logging_mixin.py:188} INFO - [2024-04-04T00:28:33.999+0000] {dag.py:3047} INFO - Sync 1 DAGs
[2024-04-04T00:28:34.022+0000] {logging_mixin.py:188} INFO - [2024-04-04T00:28:34.022+0000] {dag.py:3834} INFO - Setting next_dagrun for second_practice_dag_v2 to 2024-04-04 00:00:00+00:00, run_after=2024-04-05 00:00:00+00:00
[2024-04-04T00:28:34.051+0000] {processor.py:183} INFO - Processing /opt/airflow/dags/second_practice_dag.py took 0.097 seconds
[2024-04-04T00:29:04.887+0000] {processor.py:161} INFO - Started process (PID=3674) to work on /opt/airflow/dags/second_practice_dag.py
[2024-04-04T00:29:04.888+0000] {processor.py:830} INFO - Processing file /opt/airflow/dags/second_practice_dag.py for tasks to queue
[2024-04-04T00:29:04.889+0000] {logging_mixin.py:188} INFO - [2024-04-04T00:29:04.888+0000] {dagbag.py:540} INFO - Filling up the DagBag from /opt/airflow/dags/second_practice_dag.py
[2024-04-04T00:29:04.907+0000] {processor.py:840} INFO - DAG(s) 'second_practice_dag_v2' retrieved from /opt/airflow/dags/second_practice_dag.py
[2024-04-04T00:29:04.930+0000] {logging_mixin.py:188} INFO - [2024-04-04T00:29:04.930+0000] {dag.py:3047} INFO - Sync 1 DAGs
[2024-04-04T00:29:04.957+0000] {logging_mixin.py:188} INFO - [2024-04-04T00:29:04.956+0000] {dag.py:3834} INFO - Setting next_dagrun for second_practice_dag_v2 to 2024-04-04 00:00:00+00:00, run_after=2024-04-05 00:00:00+00:00
[2024-04-04T00:29:04.987+0000] {processor.py:183} INFO - Processing /opt/airflow/dags/second_practice_dag.py took 0.103 seconds
[2024-04-04T00:29:35.866+0000] {processor.py:161} INFO - Started process (PID=3715) to work on /opt/airflow/dags/second_practice_dag.py
[2024-04-04T00:29:35.867+0000] {processor.py:830} INFO - Processing file /opt/airflow/dags/second_practice_dag.py for tasks to queue
[2024-04-04T00:29:35.868+0000] {logging_mixin.py:188} INFO - [2024-04-04T00:29:35.868+0000] {dagbag.py:540} INFO - Filling up the DagBag from /opt/airflow/dags/second_practice_dag.py
[2024-04-04T00:29:35.886+0000] {processor.py:840} INFO - DAG(s) 'second_practice_dag_v2' retrieved from /opt/airflow/dags/second_practice_dag.py
[2024-04-04T00:29:35.910+0000] {logging_mixin.py:188} INFO - [2024-04-04T00:29:35.910+0000] {dag.py:3047} INFO - Sync 1 DAGs
[2024-04-04T00:29:35.935+0000] {logging_mixin.py:188} INFO - [2024-04-04T00:29:35.934+0000] {dag.py:3834} INFO - Setting next_dagrun for second_practice_dag_v2 to 2024-04-04 00:00:00+00:00, run_after=2024-04-05 00:00:00+00:00
[2024-04-04T00:29:35.962+0000] {processor.py:183} INFO - Processing /opt/airflow/dags/second_practice_dag.py took 0.098 seconds
[2024-04-04T00:30:06.803+0000] {processor.py:161} INFO - Started process (PID=3762) to work on /opt/airflow/dags/second_practice_dag.py
[2024-04-04T00:30:06.804+0000] {processor.py:830} INFO - Processing file /opt/airflow/dags/second_practice_dag.py for tasks to queue
[2024-04-04T00:30:06.805+0000] {logging_mixin.py:188} INFO - [2024-04-04T00:30:06.805+0000] {dagbag.py:540} INFO - Filling up the DagBag from /opt/airflow/dags/second_practice_dag.py
[2024-04-04T00:30:06.825+0000] {processor.py:840} INFO - DAG(s) 'second_practice_dag_v2' retrieved from /opt/airflow/dags/second_practice_dag.py
[2024-04-04T00:30:06.851+0000] {logging_mixin.py:188} INFO - [2024-04-04T00:30:06.851+0000] {dag.py:3047} INFO - Sync 1 DAGs
[2024-04-04T00:30:06.875+0000] {logging_mixin.py:188} INFO - [2024-04-04T00:30:06.875+0000] {dag.py:3834} INFO - Setting next_dagrun for second_practice_dag_v2 to 2024-04-04 00:00:00+00:00, run_after=2024-04-05 00:00:00+00:00
[2024-04-04T00:30:06.913+0000] {processor.py:183} INFO - Processing /opt/airflow/dags/second_practice_dag.py took 0.113 seconds
[2024-04-04T00:30:37.772+0000] {processor.py:161} INFO - Started process (PID=3804) to work on /opt/airflow/dags/second_practice_dag.py
[2024-04-04T00:30:37.773+0000] {processor.py:830} INFO - Processing file /opt/airflow/dags/second_practice_dag.py for tasks to queue
[2024-04-04T00:30:37.774+0000] {logging_mixin.py:188} INFO - [2024-04-04T00:30:37.774+0000] {dagbag.py:540} INFO - Filling up the DagBag from /opt/airflow/dags/second_practice_dag.py
[2024-04-04T00:30:37.792+0000] {processor.py:840} INFO - DAG(s) 'second_practice_dag_v2' retrieved from /opt/airflow/dags/second_practice_dag.py
[2024-04-04T00:30:37.815+0000] {logging_mixin.py:188} INFO - [2024-04-04T00:30:37.815+0000] {dag.py:3047} INFO - Sync 1 DAGs
[2024-04-04T00:30:37.838+0000] {logging_mixin.py:188} INFO - [2024-04-04T00:30:37.838+0000] {dag.py:3834} INFO - Setting next_dagrun for second_practice_dag_v2 to 2024-04-04 00:00:00+00:00, run_after=2024-04-05 00:00:00+00:00
[2024-04-04T00:30:37.872+0000] {processor.py:183} INFO - Processing /opt/airflow/dags/second_practice_dag.py took 0.102 seconds
[2024-04-04T00:31:08.660+0000] {processor.py:161} INFO - Started process (PID=3845) to work on /opt/airflow/dags/second_practice_dag.py
[2024-04-04T00:31:08.661+0000] {processor.py:830} INFO - Processing file /opt/airflow/dags/second_practice_dag.py for tasks to queue
[2024-04-04T00:31:08.662+0000] {logging_mixin.py:188} INFO - [2024-04-04T00:31:08.662+0000] {dagbag.py:540} INFO - Filling up the DagBag from /opt/airflow/dags/second_practice_dag.py
[2024-04-04T00:31:08.681+0000] {processor.py:840} INFO - DAG(s) 'second_practice_dag_v2' retrieved from /opt/airflow/dags/second_practice_dag.py
[2024-04-04T00:31:08.705+0000] {logging_mixin.py:188} INFO - [2024-04-04T00:31:08.704+0000] {dag.py:3047} INFO - Sync 1 DAGs
[2024-04-04T00:31:08.727+0000] {logging_mixin.py:188} INFO - [2024-04-04T00:31:08.727+0000] {dag.py:3834} INFO - Setting next_dagrun for second_practice_dag_v2 to 2024-04-04 00:00:00+00:00, run_after=2024-04-05 00:00:00+00:00
[2024-04-04T00:31:08.756+0000] {processor.py:183} INFO - Processing /opt/airflow/dags/second_practice_dag.py took 0.099 seconds
[2024-04-04T00:31:39.579+0000] {processor.py:161} INFO - Started process (PID=3887) to work on /opt/airflow/dags/second_practice_dag.py
[2024-04-04T00:31:39.580+0000] {processor.py:830} INFO - Processing file /opt/airflow/dags/second_practice_dag.py for tasks to queue
[2024-04-04T00:31:39.581+0000] {logging_mixin.py:188} INFO - [2024-04-04T00:31:39.581+0000] {dagbag.py:540} INFO - Filling up the DagBag from /opt/airflow/dags/second_practice_dag.py
[2024-04-04T00:31:39.599+0000] {processor.py:840} INFO - DAG(s) 'second_practice_dag_v2' retrieved from /opt/airflow/dags/second_practice_dag.py
[2024-04-04T00:31:39.622+0000] {logging_mixin.py:188} INFO - [2024-04-04T00:31:39.622+0000] {dag.py:3047} INFO - Sync 1 DAGs
[2024-04-04T00:31:39.645+0000] {logging_mixin.py:188} INFO - [2024-04-04T00:31:39.645+0000] {dag.py:3834} INFO - Setting next_dagrun for second_practice_dag_v2 to 2024-04-04 00:00:00+00:00, run_after=2024-04-05 00:00:00+00:00
[2024-04-04T00:31:39.676+0000] {processor.py:183} INFO - Processing /opt/airflow/dags/second_practice_dag.py took 0.099 seconds
[2024-04-04T00:32:10.545+0000] {processor.py:161} INFO - Started process (PID=3928) to work on /opt/airflow/dags/second_practice_dag.py
[2024-04-04T00:32:10.546+0000] {processor.py:830} INFO - Processing file /opt/airflow/dags/second_practice_dag.py for tasks to queue
[2024-04-04T00:32:10.547+0000] {logging_mixin.py:188} INFO - [2024-04-04T00:32:10.547+0000] {dagbag.py:540} INFO - Filling up the DagBag from /opt/airflow/dags/second_practice_dag.py
[2024-04-04T00:32:10.566+0000] {processor.py:840} INFO - DAG(s) 'second_practice_dag_v2' retrieved from /opt/airflow/dags/second_practice_dag.py
[2024-04-04T00:32:10.589+0000] {logging_mixin.py:188} INFO - [2024-04-04T00:32:10.589+0000] {dag.py:3047} INFO - Sync 1 DAGs
[2024-04-04T00:32:10.614+0000] {logging_mixin.py:188} INFO - [2024-04-04T00:32:10.614+0000] {dag.py:3834} INFO - Setting next_dagrun for second_practice_dag_v2 to 2024-04-04 00:00:00+00:00, run_after=2024-04-05 00:00:00+00:00
[2024-04-04T00:32:10.639+0000] {processor.py:183} INFO - Processing /opt/airflow/dags/second_practice_dag.py took 0.097 seconds
[2024-04-04T00:32:41.482+0000] {processor.py:161} INFO - Started process (PID=3969) to work on /opt/airflow/dags/second_practice_dag.py
[2024-04-04T00:32:41.483+0000] {processor.py:830} INFO - Processing file /opt/airflow/dags/second_practice_dag.py for tasks to queue
[2024-04-04T00:32:41.484+0000] {logging_mixin.py:188} INFO - [2024-04-04T00:32:41.484+0000] {dagbag.py:540} INFO - Filling up the DagBag from /opt/airflow/dags/second_practice_dag.py
[2024-04-04T00:32:41.500+0000] {processor.py:840} INFO - DAG(s) 'second_practice_dag_v2' retrieved from /opt/airflow/dags/second_practice_dag.py
[2024-04-04T00:32:41.522+0000] {logging_mixin.py:188} INFO - [2024-04-04T00:32:41.522+0000] {dag.py:3047} INFO - Sync 1 DAGs
[2024-04-04T00:32:41.548+0000] {logging_mixin.py:188} INFO - [2024-04-04T00:32:41.548+0000] {dag.py:3834} INFO - Setting next_dagrun for second_practice_dag_v2 to 2024-04-04 00:00:00+00:00, run_after=2024-04-05 00:00:00+00:00
[2024-04-04T00:32:41.574+0000] {processor.py:183} INFO - Processing /opt/airflow/dags/second_practice_dag.py took 0.096 seconds
[2024-04-04T00:33:12.380+0000] {processor.py:161} INFO - Started process (PID=4010) to work on /opt/airflow/dags/second_practice_dag.py
[2024-04-04T00:33:12.381+0000] {processor.py:830} INFO - Processing file /opt/airflow/dags/second_practice_dag.py for tasks to queue
[2024-04-04T00:33:12.382+0000] {logging_mixin.py:188} INFO - [2024-04-04T00:33:12.382+0000] {dagbag.py:540} INFO - Filling up the DagBag from /opt/airflow/dags/second_practice_dag.py
[2024-04-04T00:33:12.398+0000] {processor.py:840} INFO - DAG(s) 'second_practice_dag_v2' retrieved from /opt/airflow/dags/second_practice_dag.py
[2024-04-04T00:33:12.422+0000] {logging_mixin.py:188} INFO - [2024-04-04T00:33:12.422+0000] {dag.py:3047} INFO - Sync 1 DAGs
[2024-04-04T00:33:12.446+0000] {logging_mixin.py:188} INFO - [2024-04-04T00:33:12.446+0000] {dag.py:3834} INFO - Setting next_dagrun for second_practice_dag_v2 to 2024-04-04 00:00:00+00:00, run_after=2024-04-05 00:00:00+00:00
[2024-04-04T00:33:12.473+0000] {processor.py:183} INFO - Processing /opt/airflow/dags/second_practice_dag.py took 0.095 seconds
[2024-04-04T00:33:43.322+0000] {processor.py:161} INFO - Started process (PID=4051) to work on /opt/airflow/dags/second_practice_dag.py
[2024-04-04T00:33:43.323+0000] {processor.py:830} INFO - Processing file /opt/airflow/dags/second_practice_dag.py for tasks to queue
[2024-04-04T00:33:43.324+0000] {logging_mixin.py:188} INFO - [2024-04-04T00:33:43.323+0000] {dagbag.py:540} INFO - Filling up the DagBag from /opt/airflow/dags/second_practice_dag.py
[2024-04-04T00:33:43.342+0000] {processor.py:840} INFO - DAG(s) 'second_practice_dag_v2' retrieved from /opt/airflow/dags/second_practice_dag.py
[2024-04-04T00:33:43.370+0000] {logging_mixin.py:188} INFO - [2024-04-04T00:33:43.369+0000] {dag.py:3047} INFO - Sync 1 DAGs
[2024-04-04T00:33:43.393+0000] {logging_mixin.py:188} INFO - [2024-04-04T00:33:43.392+0000] {dag.py:3834} INFO - Setting next_dagrun for second_practice_dag_v2 to 2024-04-04 00:00:00+00:00, run_after=2024-04-05 00:00:00+00:00
[2024-04-04T00:33:43.419+0000] {processor.py:183} INFO - Processing /opt/airflow/dags/second_practice_dag.py took 0.101 seconds
[2024-04-04T00:34:14.223+0000] {processor.py:161} INFO - Started process (PID=4092) to work on /opt/airflow/dags/second_practice_dag.py
[2024-04-04T00:34:14.224+0000] {processor.py:830} INFO - Processing file /opt/airflow/dags/second_practice_dag.py for tasks to queue
[2024-04-04T00:34:14.225+0000] {logging_mixin.py:188} INFO - [2024-04-04T00:34:14.225+0000] {dagbag.py:540} INFO - Filling up the DagBag from /opt/airflow/dags/second_practice_dag.py
[2024-04-04T00:34:14.243+0000] {processor.py:840} INFO - DAG(s) 'second_practice_dag_v2' retrieved from /opt/airflow/dags/second_practice_dag.py
[2024-04-04T00:34:14.267+0000] {logging_mixin.py:188} INFO - [2024-04-04T00:34:14.267+0000] {dag.py:3047} INFO - Sync 1 DAGs
[2024-04-04T00:34:14.291+0000] {logging_mixin.py:188} INFO - [2024-04-04T00:34:14.291+0000] {dag.py:3834} INFO - Setting next_dagrun for second_practice_dag_v2 to 2024-04-04 00:00:00+00:00, run_after=2024-04-05 00:00:00+00:00
[2024-04-04T00:34:14.318+0000] {processor.py:183} INFO - Processing /opt/airflow/dags/second_practice_dag.py took 0.097 seconds
[2024-04-04T00:34:45.119+0000] {processor.py:161} INFO - Started process (PID=4133) to work on /opt/airflow/dags/second_practice_dag.py
[2024-04-04T00:34:45.120+0000] {processor.py:830} INFO - Processing file /opt/airflow/dags/second_practice_dag.py for tasks to queue
[2024-04-04T00:34:45.121+0000] {logging_mixin.py:188} INFO - [2024-04-04T00:34:45.120+0000] {dagbag.py:540} INFO - Filling up the DagBag from /opt/airflow/dags/second_practice_dag.py
[2024-04-04T00:34:45.139+0000] {processor.py:840} INFO - DAG(s) 'second_practice_dag_v2' retrieved from /opt/airflow/dags/second_practice_dag.py
[2024-04-04T00:34:45.162+0000] {logging_mixin.py:188} INFO - [2024-04-04T00:34:45.161+0000] {dag.py:3047} INFO - Sync 1 DAGs
[2024-04-04T00:34:45.184+0000] {logging_mixin.py:188} INFO - [2024-04-04T00:34:45.184+0000] {dag.py:3834} INFO - Setting next_dagrun for second_practice_dag_v2 to 2024-04-04 00:00:00+00:00, run_after=2024-04-05 00:00:00+00:00
[2024-04-04T00:34:45.219+0000] {processor.py:183} INFO - Processing /opt/airflow/dags/second_practice_dag.py took 0.102 seconds
[2024-04-04T00:35:16.017+0000] {processor.py:161} INFO - Started process (PID=4174) to work on /opt/airflow/dags/second_practice_dag.py
[2024-04-04T00:35:16.018+0000] {processor.py:830} INFO - Processing file /opt/airflow/dags/second_practice_dag.py for tasks to queue
[2024-04-04T00:35:16.019+0000] {logging_mixin.py:188} INFO - [2024-04-04T00:35:16.018+0000] {dagbag.py:540} INFO - Filling up the DagBag from /opt/airflow/dags/second_practice_dag.py
[2024-04-04T00:35:16.037+0000] {processor.py:840} INFO - DAG(s) 'second_practice_dag_v2' retrieved from /opt/airflow/dags/second_practice_dag.py
[2024-04-04T00:35:16.059+0000] {logging_mixin.py:188} INFO - [2024-04-04T00:35:16.059+0000] {dag.py:3047} INFO - Sync 1 DAGs
[2024-04-04T00:35:16.083+0000] {logging_mixin.py:188} INFO - [2024-04-04T00:35:16.082+0000] {dag.py:3834} INFO - Setting next_dagrun for second_practice_dag_v2 to 2024-04-04 00:00:00+00:00, run_after=2024-04-05 00:00:00+00:00
[2024-04-04T00:35:16.115+0000] {processor.py:183} INFO - Processing /opt/airflow/dags/second_practice_dag.py took 0.101 seconds
[2024-04-04T00:35:46.969+0000] {processor.py:161} INFO - Started process (PID=4216) to work on /opt/airflow/dags/second_practice_dag.py
[2024-04-04T00:35:46.970+0000] {processor.py:830} INFO - Processing file /opt/airflow/dags/second_practice_dag.py for tasks to queue
[2024-04-04T00:35:46.971+0000] {logging_mixin.py:188} INFO - [2024-04-04T00:35:46.971+0000] {dagbag.py:540} INFO - Filling up the DagBag from /opt/airflow/dags/second_practice_dag.py
[2024-04-04T00:35:46.987+0000] {processor.py:840} INFO - DAG(s) 'second_practice_dag_v2' retrieved from /opt/airflow/dags/second_practice_dag.py
[2024-04-04T00:35:47.010+0000] {logging_mixin.py:188} INFO - [2024-04-04T00:35:47.010+0000] {dag.py:3047} INFO - Sync 1 DAGs
[2024-04-04T00:35:47.034+0000] {logging_mixin.py:188} INFO - [2024-04-04T00:35:47.034+0000] {dag.py:3834} INFO - Setting next_dagrun for second_practice_dag_v2 to 2024-04-04 00:00:00+00:00, run_after=2024-04-05 00:00:00+00:00
[2024-04-04T00:35:47.070+0000] {processor.py:183} INFO - Processing /opt/airflow/dags/second_practice_dag.py took 0.103 seconds
[2024-04-04T00:36:17.800+0000] {processor.py:161} INFO - Started process (PID=4257) to work on /opt/airflow/dags/second_practice_dag.py
[2024-04-04T00:36:17.801+0000] {processor.py:830} INFO - Processing file /opt/airflow/dags/second_practice_dag.py for tasks to queue
[2024-04-04T00:36:17.802+0000] {logging_mixin.py:188} INFO - [2024-04-04T00:36:17.801+0000] {dagbag.py:540} INFO - Filling up the DagBag from /opt/airflow/dags/second_practice_dag.py
[2024-04-04T00:36:17.819+0000] {processor.py:840} INFO - DAG(s) 'second_practice_dag_v2' retrieved from /opt/airflow/dags/second_practice_dag.py
[2024-04-04T00:36:17.842+0000] {logging_mixin.py:188} INFO - [2024-04-04T00:36:17.842+0000] {dag.py:3047} INFO - Sync 1 DAGs
[2024-04-04T00:36:17.865+0000] {logging_mixin.py:188} INFO - [2024-04-04T00:36:17.865+0000] {dag.py:3834} INFO - Setting next_dagrun for second_practice_dag_v2 to 2024-04-04 00:00:00+00:00, run_after=2024-04-05 00:00:00+00:00
[2024-04-04T00:36:17.894+0000] {processor.py:183} INFO - Processing /opt/airflow/dags/second_practice_dag.py took 0.098 seconds
[2024-04-04T00:36:48.737+0000] {processor.py:161} INFO - Started process (PID=4298) to work on /opt/airflow/dags/second_practice_dag.py
[2024-04-04T00:36:48.738+0000] {processor.py:830} INFO - Processing file /opt/airflow/dags/second_practice_dag.py for tasks to queue
[2024-04-04T00:36:48.739+0000] {logging_mixin.py:188} INFO - [2024-04-04T00:36:48.738+0000] {dagbag.py:540} INFO - Filling up the DagBag from /opt/airflow/dags/second_practice_dag.py
[2024-04-04T00:36:48.755+0000] {processor.py:840} INFO - DAG(s) 'second_practice_dag_v2' retrieved from /opt/airflow/dags/second_practice_dag.py
[2024-04-04T00:36:48.778+0000] {logging_mixin.py:188} INFO - [2024-04-04T00:36:48.778+0000] {dag.py:3047} INFO - Sync 1 DAGs
[2024-04-04T00:36:48.801+0000] {logging_mixin.py:188} INFO - [2024-04-04T00:36:48.801+0000] {dag.py:3834} INFO - Setting next_dagrun for second_practice_dag_v2 to 2024-04-04 00:00:00+00:00, run_after=2024-04-05 00:00:00+00:00
[2024-04-04T00:36:48.829+0000] {processor.py:183} INFO - Processing /opt/airflow/dags/second_practice_dag.py took 0.095 seconds
[2024-04-04T00:37:19.703+0000] {processor.py:161} INFO - Started process (PID=4339) to work on /opt/airflow/dags/second_practice_dag.py
[2024-04-04T00:37:19.704+0000] {processor.py:830} INFO - Processing file /opt/airflow/dags/second_practice_dag.py for tasks to queue
[2024-04-04T00:37:19.705+0000] {logging_mixin.py:188} INFO - [2024-04-04T00:37:19.705+0000] {dagbag.py:540} INFO - Filling up the DagBag from /opt/airflow/dags/second_practice_dag.py
[2024-04-04T00:37:19.721+0000] {processor.py:840} INFO - DAG(s) 'second_practice_dag_v2' retrieved from /opt/airflow/dags/second_practice_dag.py
[2024-04-04T00:37:19.744+0000] {logging_mixin.py:188} INFO - [2024-04-04T00:37:19.744+0000] {dag.py:3047} INFO - Sync 1 DAGs
[2024-04-04T00:37:19.766+0000] {logging_mixin.py:188} INFO - [2024-04-04T00:37:19.766+0000] {dag.py:3834} INFO - Setting next_dagrun for second_practice_dag_v2 to 2024-04-04 00:00:00+00:00, run_after=2024-04-05 00:00:00+00:00
[2024-04-04T00:37:19.802+0000] {processor.py:183} INFO - Processing /opt/airflow/dags/second_practice_dag.py took 0.101 seconds
[2024-04-04T00:37:50.634+0000] {processor.py:161} INFO - Started process (PID=4380) to work on /opt/airflow/dags/second_practice_dag.py
[2024-04-04T00:37:50.635+0000] {processor.py:830} INFO - Processing file /opt/airflow/dags/second_practice_dag.py for tasks to queue
[2024-04-04T00:37:50.636+0000] {logging_mixin.py:188} INFO - [2024-04-04T00:37:50.636+0000] {dagbag.py:540} INFO - Filling up the DagBag from /opt/airflow/dags/second_practice_dag.py
[2024-04-04T00:37:50.653+0000] {processor.py:840} INFO - DAG(s) 'second_practice_dag_v2' retrieved from /opt/airflow/dags/second_practice_dag.py
[2024-04-04T00:37:50.677+0000] {logging_mixin.py:188} INFO - [2024-04-04T00:37:50.676+0000] {dag.py:3047} INFO - Sync 1 DAGs
[2024-04-04T00:37:50.700+0000] {logging_mixin.py:188} INFO - [2024-04-04T00:37:50.700+0000] {dag.py:3834} INFO - Setting next_dagrun for second_practice_dag_v2 to 2024-04-04 00:00:00+00:00, run_after=2024-04-05 00:00:00+00:00
[2024-04-04T00:37:50.735+0000] {processor.py:183} INFO - Processing /opt/airflow/dags/second_practice_dag.py took 0.103 seconds
[2024-04-04T00:38:21.523+0000] {processor.py:161} INFO - Started process (PID=4421) to work on /opt/airflow/dags/second_practice_dag.py
[2024-04-04T00:38:21.523+0000] {processor.py:830} INFO - Processing file /opt/airflow/dags/second_practice_dag.py for tasks to queue
[2024-04-04T00:38:21.524+0000] {logging_mixin.py:188} INFO - [2024-04-04T00:38:21.524+0000] {dagbag.py:540} INFO - Filling up the DagBag from /opt/airflow/dags/second_practice_dag.py
[2024-04-04T00:38:21.541+0000] {processor.py:840} INFO - DAG(s) 'second_practice_dag_v2' retrieved from /opt/airflow/dags/second_practice_dag.py
[2024-04-04T00:38:21.564+0000] {logging_mixin.py:188} INFO - [2024-04-04T00:38:21.564+0000] {dag.py:3047} INFO - Sync 1 DAGs
[2024-04-04T00:38:21.586+0000] {logging_mixin.py:188} INFO - [2024-04-04T00:38:21.586+0000] {dag.py:3834} INFO - Setting next_dagrun for second_practice_dag_v2 to 2024-04-04 00:00:00+00:00, run_after=2024-04-05 00:00:00+00:00
[2024-04-04T00:38:21.618+0000] {processor.py:183} INFO - Processing /opt/airflow/dags/second_practice_dag.py took 0.098 seconds
[2024-04-04T00:38:52.453+0000] {processor.py:161} INFO - Started process (PID=4463) to work on /opt/airflow/dags/second_practice_dag.py
[2024-04-04T00:38:52.454+0000] {processor.py:830} INFO - Processing file /opt/airflow/dags/second_practice_dag.py for tasks to queue
[2024-04-04T00:38:52.455+0000] {logging_mixin.py:188} INFO - [2024-04-04T00:38:52.455+0000] {dagbag.py:540} INFO - Filling up the DagBag from /opt/airflow/dags/second_practice_dag.py
[2024-04-04T00:38:52.473+0000] {processor.py:840} INFO - DAG(s) 'second_practice_dag_v2' retrieved from /opt/airflow/dags/second_practice_dag.py
[2024-04-04T00:38:52.496+0000] {logging_mixin.py:188} INFO - [2024-04-04T00:38:52.496+0000] {dag.py:3047} INFO - Sync 1 DAGs
[2024-04-04T00:38:52.520+0000] {logging_mixin.py:188} INFO - [2024-04-04T00:38:52.519+0000] {dag.py:3834} INFO - Setting next_dagrun for second_practice_dag_v2 to 2024-04-04 00:00:00+00:00, run_after=2024-04-05 00:00:00+00:00
[2024-04-04T00:38:52.550+0000] {processor.py:183} INFO - Processing /opt/airflow/dags/second_practice_dag.py took 0.100 seconds
[2024-04-04T00:39:23.403+0000] {processor.py:161} INFO - Started process (PID=4504) to work on /opt/airflow/dags/second_practice_dag.py
[2024-04-04T00:39:23.404+0000] {processor.py:830} INFO - Processing file /opt/airflow/dags/second_practice_dag.py for tasks to queue
[2024-04-04T00:39:23.405+0000] {logging_mixin.py:188} INFO - [2024-04-04T00:39:23.405+0000] {dagbag.py:540} INFO - Filling up the DagBag from /opt/airflow/dags/second_practice_dag.py
[2024-04-04T00:39:23.422+0000] {processor.py:840} INFO - DAG(s) 'second_practice_dag_v2' retrieved from /opt/airflow/dags/second_practice_dag.py
[2024-04-04T00:39:23.445+0000] {logging_mixin.py:188} INFO - [2024-04-04T00:39:23.445+0000] {dag.py:3047} INFO - Sync 1 DAGs
[2024-04-04T00:39:23.467+0000] {logging_mixin.py:188} INFO - [2024-04-04T00:39:23.467+0000] {dag.py:3834} INFO - Setting next_dagrun for second_practice_dag_v2 to 2024-04-04 00:00:00+00:00, run_after=2024-04-05 00:00:00+00:00
[2024-04-04T00:39:23.499+0000] {processor.py:183} INFO - Processing /opt/airflow/dags/second_practice_dag.py took 0.098 seconds
[2024-04-04T00:39:54.340+0000] {processor.py:161} INFO - Started process (PID=4545) to work on /opt/airflow/dags/second_practice_dag.py
[2024-04-04T00:39:54.341+0000] {processor.py:830} INFO - Processing file /opt/airflow/dags/second_practice_dag.py for tasks to queue
[2024-04-04T00:39:54.342+0000] {logging_mixin.py:188} INFO - [2024-04-04T00:39:54.342+0000] {dagbag.py:540} INFO - Filling up the DagBag from /opt/airflow/dags/second_practice_dag.py
[2024-04-04T00:39:54.359+0000] {processor.py:840} INFO - DAG(s) 'second_practice_dag_v2' retrieved from /opt/airflow/dags/second_practice_dag.py
[2024-04-04T00:39:54.383+0000] {logging_mixin.py:188} INFO - [2024-04-04T00:39:54.382+0000] {dag.py:3047} INFO - Sync 1 DAGs
[2024-04-04T00:39:54.406+0000] {logging_mixin.py:188} INFO - [2024-04-04T00:39:54.406+0000] {dag.py:3834} INFO - Setting next_dagrun for second_practice_dag_v2 to 2024-04-04 00:00:00+00:00, run_after=2024-04-05 00:00:00+00:00
[2024-04-04T00:39:54.434+0000] {processor.py:183} INFO - Processing /opt/airflow/dags/second_practice_dag.py took 0.096 seconds
[2024-04-04T00:40:25.217+0000] {processor.py:161} INFO - Started process (PID=4586) to work on /opt/airflow/dags/second_practice_dag.py
[2024-04-04T00:40:25.217+0000] {processor.py:830} INFO - Processing file /opt/airflow/dags/second_practice_dag.py for tasks to queue
[2024-04-04T00:40:25.218+0000] {logging_mixin.py:188} INFO - [2024-04-04T00:40:25.218+0000] {dagbag.py:540} INFO - Filling up the DagBag from /opt/airflow/dags/second_practice_dag.py
[2024-04-04T00:40:25.235+0000] {processor.py:840} INFO - DAG(s) 'second_practice_dag_v2' retrieved from /opt/airflow/dags/second_practice_dag.py
[2024-04-04T00:40:25.261+0000] {logging_mixin.py:188} INFO - [2024-04-04T00:40:25.261+0000] {dag.py:3047} INFO - Sync 1 DAGs
[2024-04-04T00:40:25.284+0000] {logging_mixin.py:188} INFO - [2024-04-04T00:40:25.283+0000] {dag.py:3834} INFO - Setting next_dagrun for second_practice_dag_v2 to 2024-04-04 00:00:00+00:00, run_after=2024-04-05 00:00:00+00:00
[2024-04-04T00:40:25.309+0000] {processor.py:183} INFO - Processing /opt/airflow/dags/second_practice_dag.py took 0.095 seconds
[2024-04-04T00:40:56.113+0000] {processor.py:161} INFO - Started process (PID=4627) to work on /opt/airflow/dags/second_practice_dag.py
[2024-04-04T00:40:56.114+0000] {processor.py:830} INFO - Processing file /opt/airflow/dags/second_practice_dag.py for tasks to queue
[2024-04-04T00:40:56.115+0000] {logging_mixin.py:188} INFO - [2024-04-04T00:40:56.115+0000] {dagbag.py:540} INFO - Filling up the DagBag from /opt/airflow/dags/second_practice_dag.py
[2024-04-04T00:40:56.132+0000] {processor.py:840} INFO - DAG(s) 'second_practice_dag_v2' retrieved from /opt/airflow/dags/second_practice_dag.py
[2024-04-04T00:40:56.156+0000] {logging_mixin.py:188} INFO - [2024-04-04T00:40:56.156+0000] {dag.py:3047} INFO - Sync 1 DAGs
[2024-04-04T00:40:56.179+0000] {logging_mixin.py:188} INFO - [2024-04-04T00:40:56.178+0000] {dag.py:3834} INFO - Setting next_dagrun for second_practice_dag_v2 to 2024-04-04 00:00:00+00:00, run_after=2024-04-05 00:00:00+00:00
[2024-04-04T00:40:56.211+0000] {processor.py:183} INFO - Processing /opt/airflow/dags/second_practice_dag.py took 0.100 seconds
[2024-04-04T00:41:27.046+0000] {processor.py:161} INFO - Started process (PID=4668) to work on /opt/airflow/dags/second_practice_dag.py
[2024-04-04T00:41:27.047+0000] {processor.py:830} INFO - Processing file /opt/airflow/dags/second_practice_dag.py for tasks to queue
[2024-04-04T00:41:27.048+0000] {logging_mixin.py:188} INFO - [2024-04-04T00:41:27.048+0000] {dagbag.py:540} INFO - Filling up the DagBag from /opt/airflow/dags/second_practice_dag.py
[2024-04-04T00:41:27.064+0000] {processor.py:840} INFO - DAG(s) 'second_practice_dag_v2' retrieved from /opt/airflow/dags/second_practice_dag.py
[2024-04-04T00:41:27.087+0000] {logging_mixin.py:188} INFO - [2024-04-04T00:41:27.086+0000] {dag.py:3047} INFO - Sync 1 DAGs
[2024-04-04T00:41:27.110+0000] {logging_mixin.py:188} INFO - [2024-04-04T00:41:27.109+0000] {dag.py:3834} INFO - Setting next_dagrun for second_practice_dag_v2 to 2024-04-04 00:00:00+00:00, run_after=2024-04-05 00:00:00+00:00
[2024-04-04T00:41:27.140+0000] {processor.py:183} INFO - Processing /opt/airflow/dags/second_practice_dag.py took 0.097 seconds
[2024-04-04T00:41:58.023+0000] {processor.py:161} INFO - Started process (PID=4709) to work on /opt/airflow/dags/second_practice_dag.py
[2024-04-04T00:41:58.024+0000] {processor.py:830} INFO - Processing file /opt/airflow/dags/second_practice_dag.py for tasks to queue
[2024-04-04T00:41:58.025+0000] {logging_mixin.py:188} INFO - [2024-04-04T00:41:58.025+0000] {dagbag.py:540} INFO - Filling up the DagBag from /opt/airflow/dags/second_practice_dag.py
[2024-04-04T00:41:58.042+0000] {processor.py:840} INFO - DAG(s) 'second_practice_dag_v2' retrieved from /opt/airflow/dags/second_practice_dag.py
[2024-04-04T00:41:58.066+0000] {logging_mixin.py:188} INFO - [2024-04-04T00:41:58.065+0000] {dag.py:3047} INFO - Sync 1 DAGs
[2024-04-04T00:41:58.091+0000] {logging_mixin.py:188} INFO - [2024-04-04T00:41:58.090+0000] {dag.py:3834} INFO - Setting next_dagrun for second_practice_dag_v2 to 2024-04-04 00:00:00+00:00, run_after=2024-04-05 00:00:00+00:00
[2024-04-04T00:41:58.118+0000] {processor.py:183} INFO - Processing /opt/airflow/dags/second_practice_dag.py took 0.099 seconds
[2024-04-04T00:42:28.894+0000] {processor.py:161} INFO - Started process (PID=4750) to work on /opt/airflow/dags/second_practice_dag.py
[2024-04-04T00:42:28.894+0000] {processor.py:830} INFO - Processing file /opt/airflow/dags/second_practice_dag.py for tasks to queue
[2024-04-04T00:42:28.895+0000] {logging_mixin.py:188} INFO - [2024-04-04T00:42:28.895+0000] {dagbag.py:540} INFO - Filling up the DagBag from /opt/airflow/dags/second_practice_dag.py
[2024-04-04T00:42:28.913+0000] {processor.py:840} INFO - DAG(s) 'second_practice_dag_v2' retrieved from /opt/airflow/dags/second_practice_dag.py
[2024-04-04T00:42:28.936+0000] {logging_mixin.py:188} INFO - [2024-04-04T00:42:28.936+0000] {dag.py:3047} INFO - Sync 1 DAGs
[2024-04-04T00:42:28.960+0000] {logging_mixin.py:188} INFO - [2024-04-04T00:42:28.960+0000] {dag.py:3834} INFO - Setting next_dagrun for second_practice_dag_v2 to 2024-04-04 00:00:00+00:00, run_after=2024-04-05 00:00:00+00:00
[2024-04-04T00:42:28.997+0000] {processor.py:183} INFO - Processing /opt/airflow/dags/second_practice_dag.py took 0.106 seconds
[2024-04-04T00:42:59.797+0000] {processor.py:161} INFO - Started process (PID=4791) to work on /opt/airflow/dags/second_practice_dag.py
[2024-04-04T00:42:59.798+0000] {processor.py:830} INFO - Processing file /opt/airflow/dags/second_practice_dag.py for tasks to queue
[2024-04-04T00:42:59.799+0000] {logging_mixin.py:188} INFO - [2024-04-04T00:42:59.799+0000] {dagbag.py:540} INFO - Filling up the DagBag from /opt/airflow/dags/second_practice_dag.py
[2024-04-04T00:42:59.817+0000] {processor.py:840} INFO - DAG(s) 'second_practice_dag_v2' retrieved from /opt/airflow/dags/second_practice_dag.py
[2024-04-04T00:42:59.839+0000] {logging_mixin.py:188} INFO - [2024-04-04T00:42:59.839+0000] {dag.py:3047} INFO - Sync 1 DAGs
[2024-04-04T00:42:59.864+0000] {logging_mixin.py:188} INFO - [2024-04-04T00:42:59.863+0000] {dag.py:3834} INFO - Setting next_dagrun for second_practice_dag_v2 to 2024-04-04 00:00:00+00:00, run_after=2024-04-05 00:00:00+00:00
[2024-04-04T00:42:59.893+0000] {processor.py:183} INFO - Processing /opt/airflow/dags/second_practice_dag.py took 0.098 seconds
[2024-04-04T00:43:30.727+0000] {processor.py:161} INFO - Started process (PID=4832) to work on /opt/airflow/dags/second_practice_dag.py
[2024-04-04T00:43:30.728+0000] {processor.py:830} INFO - Processing file /opt/airflow/dags/second_practice_dag.py for tasks to queue
[2024-04-04T00:43:30.728+0000] {logging_mixin.py:188} INFO - [2024-04-04T00:43:30.728+0000] {dagbag.py:540} INFO - Filling up the DagBag from /opt/airflow/dags/second_practice_dag.py
[2024-04-04T00:43:30.746+0000] {processor.py:840} INFO - DAG(s) 'second_practice_dag_v2' retrieved from /opt/airflow/dags/second_practice_dag.py
[2024-04-04T00:43:30.769+0000] {logging_mixin.py:188} INFO - [2024-04-04T00:43:30.769+0000] {dag.py:3047} INFO - Sync 1 DAGs
[2024-04-04T00:43:30.793+0000] {logging_mixin.py:188} INFO - [2024-04-04T00:43:30.792+0000] {dag.py:3834} INFO - Setting next_dagrun for second_practice_dag_v2 to 2024-04-04 00:00:00+00:00, run_after=2024-04-05 00:00:00+00:00
[2024-04-04T00:43:30.819+0000] {processor.py:183} INFO - Processing /opt/airflow/dags/second_practice_dag.py took 0.095 seconds
[2024-04-04T00:44:01.706+0000] {processor.py:161} INFO - Started process (PID=4873) to work on /opt/airflow/dags/second_practice_dag.py
[2024-04-04T00:44:01.707+0000] {processor.py:830} INFO - Processing file /opt/airflow/dags/second_practice_dag.py for tasks to queue
[2024-04-04T00:44:01.708+0000] {logging_mixin.py:188} INFO - [2024-04-04T00:44:01.708+0000] {dagbag.py:540} INFO - Filling up the DagBag from /opt/airflow/dags/second_practice_dag.py
[2024-04-04T00:44:01.724+0000] {processor.py:840} INFO - DAG(s) 'second_practice_dag_v2' retrieved from /opt/airflow/dags/second_practice_dag.py
[2024-04-04T00:44:01.747+0000] {logging_mixin.py:188} INFO - [2024-04-04T00:44:01.746+0000] {dag.py:3047} INFO - Sync 1 DAGs
[2024-04-04T00:44:01.768+0000] {logging_mixin.py:188} INFO - [2024-04-04T00:44:01.768+0000] {dag.py:3834} INFO - Setting next_dagrun for second_practice_dag_v2 to 2024-04-04 00:00:00+00:00, run_after=2024-04-05 00:00:00+00:00
[2024-04-04T00:44:01.793+0000] {processor.py:183} INFO - Processing /opt/airflow/dags/second_practice_dag.py took 0.090 seconds
[2024-04-04T00:44:32.675+0000] {processor.py:161} INFO - Started process (PID=4914) to work on /opt/airflow/dags/second_practice_dag.py
[2024-04-04T00:44:32.676+0000] {processor.py:830} INFO - Processing file /opt/airflow/dags/second_practice_dag.py for tasks to queue
[2024-04-04T00:44:32.677+0000] {logging_mixin.py:188} INFO - [2024-04-04T00:44:32.677+0000] {dagbag.py:540} INFO - Filling up the DagBag from /opt/airflow/dags/second_practice_dag.py
[2024-04-04T00:44:32.694+0000] {processor.py:840} INFO - DAG(s) 'second_practice_dag_v2' retrieved from /opt/airflow/dags/second_practice_dag.py
[2024-04-04T00:44:32.718+0000] {logging_mixin.py:188} INFO - [2024-04-04T00:44:32.717+0000] {dag.py:3047} INFO - Sync 1 DAGs
[2024-04-04T00:44:32.740+0000] {logging_mixin.py:188} INFO - [2024-04-04T00:44:32.740+0000] {dag.py:3834} INFO - Setting next_dagrun for second_practice_dag_v2 to 2024-04-04 00:00:00+00:00, run_after=2024-04-05 00:00:00+00:00
[2024-04-04T00:44:32.763+0000] {processor.py:183} INFO - Processing /opt/airflow/dags/second_practice_dag.py took 0.092 seconds
[2024-04-04T00:45:03.674+0000] {processor.py:161} INFO - Started process (PID=4955) to work on /opt/airflow/dags/second_practice_dag.py
[2024-04-04T00:45:03.675+0000] {processor.py:830} INFO - Processing file /opt/airflow/dags/second_practice_dag.py for tasks to queue
[2024-04-04T00:45:03.676+0000] {logging_mixin.py:188} INFO - [2024-04-04T00:45:03.676+0000] {dagbag.py:540} INFO - Filling up the DagBag from /opt/airflow/dags/second_practice_dag.py
[2024-04-04T00:45:03.694+0000] {processor.py:840} INFO - DAG(s) 'second_practice_dag_v2' retrieved from /opt/airflow/dags/second_practice_dag.py
[2024-04-04T00:45:03.717+0000] {logging_mixin.py:188} INFO - [2024-04-04T00:45:03.717+0000] {dag.py:3047} INFO - Sync 1 DAGs
[2024-04-04T00:45:03.744+0000] {logging_mixin.py:188} INFO - [2024-04-04T00:45:03.744+0000] {dag.py:3834} INFO - Setting next_dagrun for second_practice_dag_v2 to 2024-04-04 00:00:00+00:00, run_after=2024-04-05 00:00:00+00:00
[2024-04-04T00:45:03.776+0000] {processor.py:183} INFO - Processing /opt/airflow/dags/second_practice_dag.py took 0.104 seconds
[2024-04-04T00:45:34.617+0000] {processor.py:161} INFO - Started process (PID=4996) to work on /opt/airflow/dags/second_practice_dag.py
[2024-04-04T00:45:34.618+0000] {processor.py:830} INFO - Processing file /opt/airflow/dags/second_practice_dag.py for tasks to queue
[2024-04-04T00:45:34.619+0000] {logging_mixin.py:188} INFO - [2024-04-04T00:45:34.618+0000] {dagbag.py:540} INFO - Filling up the DagBag from /opt/airflow/dags/second_practice_dag.py
[2024-04-04T00:45:34.637+0000] {processor.py:840} INFO - DAG(s) 'second_practice_dag_v2' retrieved from /opt/airflow/dags/second_practice_dag.py
[2024-04-04T00:45:34.661+0000] {logging_mixin.py:188} INFO - [2024-04-04T00:45:34.660+0000] {dag.py:3047} INFO - Sync 1 DAGs
[2024-04-04T00:45:34.684+0000] {logging_mixin.py:188} INFO - [2024-04-04T00:45:34.683+0000] {dag.py:3834} INFO - Setting next_dagrun for second_practice_dag_v2 to 2024-04-04 00:00:00+00:00, run_after=2024-04-05 00:00:00+00:00
[2024-04-04T00:45:34.708+0000] {processor.py:183} INFO - Processing /opt/airflow/dags/second_practice_dag.py took 0.094 seconds
[2024-04-04T00:46:05.497+0000] {processor.py:161} INFO - Started process (PID=5037) to work on /opt/airflow/dags/second_practice_dag.py
[2024-04-04T00:46:05.498+0000] {processor.py:830} INFO - Processing file /opt/airflow/dags/second_practice_dag.py for tasks to queue
[2024-04-04T00:46:05.498+0000] {logging_mixin.py:188} INFO - [2024-04-04T00:46:05.498+0000] {dagbag.py:540} INFO - Filling up the DagBag from /opt/airflow/dags/second_practice_dag.py
[2024-04-04T00:46:05.516+0000] {processor.py:840} INFO - DAG(s) 'second_practice_dag_v2' retrieved from /opt/airflow/dags/second_practice_dag.py
[2024-04-04T00:46:05.540+0000] {logging_mixin.py:188} INFO - [2024-04-04T00:46:05.539+0000] {dag.py:3047} INFO - Sync 1 DAGs
[2024-04-04T00:46:05.563+0000] {logging_mixin.py:188} INFO - [2024-04-04T00:46:05.563+0000] {dag.py:3834} INFO - Setting next_dagrun for second_practice_dag_v2 to 2024-04-04 00:00:00+00:00, run_after=2024-04-05 00:00:00+00:00
[2024-04-04T00:46:05.594+0000] {processor.py:183} INFO - Processing /opt/airflow/dags/second_practice_dag.py took 0.100 seconds
[2024-04-04T00:46:36.385+0000] {processor.py:161} INFO - Started process (PID=5078) to work on /opt/airflow/dags/second_practice_dag.py
[2024-04-04T00:46:36.386+0000] {processor.py:830} INFO - Processing file /opt/airflow/dags/second_practice_dag.py for tasks to queue
[2024-04-04T00:46:36.387+0000] {logging_mixin.py:188} INFO - [2024-04-04T00:46:36.387+0000] {dagbag.py:540} INFO - Filling up the DagBag from /opt/airflow/dags/second_practice_dag.py
[2024-04-04T00:46:36.404+0000] {processor.py:840} INFO - DAG(s) 'second_practice_dag_v2' retrieved from /opt/airflow/dags/second_practice_dag.py
[2024-04-04T00:46:36.428+0000] {logging_mixin.py:188} INFO - [2024-04-04T00:46:36.428+0000] {dag.py:3047} INFO - Sync 1 DAGs
[2024-04-04T00:46:36.452+0000] {logging_mixin.py:188} INFO - [2024-04-04T00:46:36.452+0000] {dag.py:3834} INFO - Setting next_dagrun for second_practice_dag_v2 to 2024-04-04 00:00:00+00:00, run_after=2024-04-05 00:00:00+00:00
[2024-04-04T00:46:36.477+0000] {processor.py:183} INFO - Processing /opt/airflow/dags/second_practice_dag.py took 0.095 seconds
