[2024-04-03T02:10:42.822+0000] {logging_mixin.py:188} INFO - Changing /opt/***/logs/dag_id=dag_with_cron_expression_v3/run_id=scheduled__2024-04-02T09:12:00+00:00/task_id=task1 permission to 509
[2024-04-03T02:10:42.824+0000] {logging_mixin.py:188} INFO - Changing /opt/***/logs/dag_id=dag_with_cron_expression_v3/run_id=scheduled__2024-04-02T09:12:00+00:00 permission to 509
[2024-04-03T02:10:42.826+0000] {logging_mixin.py:188} INFO - Changing /opt/***/logs/dag_id=dag_with_cron_expression_v3 permission to 509
[2024-04-03T02:10:42.828+0000] {logging_mixin.py:188} INFO - Changing /opt/***/logs permission to 509
[2024-04-03T02:10:42.868+0000] {logging_mixin.py:188} INFO - Changing /opt/***/logs/dag_id=dag_with_cron_expression_v3/run_id=scheduled__2024-04-02T09:12:00+00:00/task_id=task1 permission to 509
[2024-04-03T02:10:42.870+0000] {logging_mixin.py:188} INFO - Changing /opt/***/logs/dag_id=dag_with_cron_expression_v3/run_id=scheduled__2024-04-02T09:12:00+00:00 permission to 509
[2024-04-03T02:10:42.872+0000] {logging_mixin.py:188} INFO - Changing /opt/***/logs/dag_id=dag_with_cron_expression_v3 permission to 509
[2024-04-03T02:10:42.874+0000] {logging_mixin.py:188} INFO - Changing /opt/***/logs permission to 509
[2024-04-03T02:10:42.920+0000] {taskinstance.py:1979} INFO - Dependencies all met for dep_context=non-requeueable deps ti=<TaskInstance: dag_with_cron_expression_v3.task1 scheduled__2024-04-02T09:12:00+00:00 [queued]>
[2024-04-03T02:10:42.935+0000] {taskinstance.py:1979} INFO - Dependencies all met for dep_context=requeueable deps ti=<TaskInstance: dag_with_cron_expression_v3.task1 scheduled__2024-04-02T09:12:00+00:00 [queued]>
[2024-04-03T02:10:42.936+0000] {taskinstance.py:2193} INFO - Starting attempt 1 of 6
[2024-04-03T02:10:42.965+0000] {taskinstance.py:2217} INFO - Executing <Task(BashOperator): task1> on 2024-04-02 09:12:00+00:00
[2024-04-03T02:10:42.971+0000] {standard_task_runner.py:60} INFO - Started process 1101 to run task
[2024-04-03T02:10:42.975+0000] {standard_task_runner.py:87} INFO - Running: ['***', 'tasks', 'run', 'dag_with_cron_expression_v3', 'task1', 'scheduled__2024-04-02T09:12:00+00:00', '--job-id', '205', '--raw', '--subdir', 'DAGS_FOLDER/dag_with_cron.py', '--cfg-path', '/tmp/tmp_eutra7q']
[2024-04-03T02:10:42.977+0000] {standard_task_runner.py:88} INFO - Job 205: Subtask task1
[2024-04-03T02:10:43.044+0000] {logging_mixin.py:188} INFO - Changing /opt/***/logs/dag_id=dag_with_cron_expression_v3/run_id=scheduled__2024-04-02T09:12:00+00:00/task_id=task1 permission to 509
[2024-04-03T02:10:43.046+0000] {logging_mixin.py:188} INFO - Changing /opt/***/logs/dag_id=dag_with_cron_expression_v3/run_id=scheduled__2024-04-02T09:12:00+00:00 permission to 509
[2024-04-03T02:10:43.049+0000] {logging_mixin.py:188} INFO - Changing /opt/***/logs/dag_id=dag_with_cron_expression_v3 permission to 509
[2024-04-03T02:10:43.051+0000] {logging_mixin.py:188} INFO - Changing /opt/***/logs permission to 509
[2024-04-03T02:10:43.054+0000] {task_command.py:423} INFO - Running <TaskInstance: dag_with_cron_expression_v3.task1 scheduled__2024-04-02T09:12:00+00:00 [running]> on host 46dc445f2ec8
[2024-04-03T02:10:43.225+0000] {taskinstance.py:2513} INFO - Exporting env vars: AIRFLOW_CTX_DAG_OWNER='coder2j' AIRFLOW_CTX_DAG_ID='dag_with_cron_expression_v3' AIRFLOW_CTX_TASK_ID='task1' AIRFLOW_CTX_EXECUTION_DATE='2024-04-02T09:12:00+00:00' AIRFLOW_CTX_TRY_NUMBER='1' AIRFLOW_CTX_DAG_RUN_ID='scheduled__2024-04-02T09:12:00+00:00'
[2024-04-03T02:10:43.229+0000] {subprocess.py:63} INFO - Tmp dir root location: /tmp
[2024-04-03T02:10:43.232+0000] {subprocess.py:75} INFO - Running command: ['/usr/bin/bash', '-c', 'echo dag with cron expression!']
[2024-04-03T02:10:43.251+0000] {subprocess.py:86} INFO - Output:
[2024-04-03T02:10:43.254+0000] {subprocess.py:93} INFO - dag with cron expression!
[2024-04-03T02:10:43.256+0000] {subprocess.py:97} INFO - Command exited with return code 0
[2024-04-03T02:10:43.314+0000] {taskinstance.py:1149} INFO - Marking task as SUCCESS. dag_id=dag_with_cron_expression_v3, task_id=task1, execution_date=20240402T091200, start_date=20240403T021042, end_date=20240403T021043
[2024-04-03T02:10:43.388+0000] {local_task_job_runner.py:234} INFO - Task exited with return code 0
[2024-04-03T02:10:43.424+0000] {taskinstance.py:3312} INFO - 0 downstream tasks scheduled from follow-on schedule check
