[2024-04-03T02:48:46.499+0000] {logging_mixin.py:188} INFO - Changing /opt/***/logs/dag_id=our_first_dag_v3/run_id=scheduled__2024-04-01T00:00:00+00:00/task_id=task3 permission to 509
[2024-04-03T02:48:46.501+0000] {logging_mixin.py:188} INFO - Changing /opt/***/logs/dag_id=our_first_dag_v3/run_id=scheduled__2024-04-01T00:00:00+00:00 permission to 509
[2024-04-03T02:48:46.503+0000] {logging_mixin.py:188} INFO - Changing /opt/***/logs/dag_id=our_first_dag_v3 permission to 509
[2024-04-03T02:48:46.505+0000] {logging_mixin.py:188} INFO - Changing /opt/***/logs permission to 509
[2024-04-03T02:48:46.545+0000] {logging_mixin.py:188} INFO - Changing /opt/***/logs/dag_id=our_first_dag_v3/run_id=scheduled__2024-04-01T00:00:00+00:00/task_id=task3 permission to 509
[2024-04-03T02:48:46.547+0000] {logging_mixin.py:188} INFO - Changing /opt/***/logs/dag_id=our_first_dag_v3/run_id=scheduled__2024-04-01T00:00:00+00:00 permission to 509
[2024-04-03T02:48:46.549+0000] {logging_mixin.py:188} INFO - Changing /opt/***/logs/dag_id=our_first_dag_v3 permission to 509
[2024-04-03T02:48:46.550+0000] {logging_mixin.py:188} INFO - Changing /opt/***/logs permission to 509
[2024-04-03T02:48:46.598+0000] {taskinstance.py:1979} INFO - Dependencies all met for dep_context=non-requeueable deps ti=<TaskInstance: our_first_dag_v3.task3 scheduled__2024-04-01T00:00:00+00:00 [queued]>
[2024-04-03T02:48:46.609+0000] {taskinstance.py:1979} INFO - Dependencies all met for dep_context=requeueable deps ti=<TaskInstance: our_first_dag_v3.task3 scheduled__2024-04-01T00:00:00+00:00 [queued]>
[2024-04-03T02:48:46.610+0000] {taskinstance.py:2193} INFO - Starting attempt 1 of 6
[2024-04-03T02:48:46.625+0000] {taskinstance.py:2217} INFO - Executing <Task(BashOperator): task3> on 2024-04-01 00:00:00+00:00
[2024-04-03T02:48:46.630+0000] {standard_task_runner.py:60} INFO - Started process 3554 to run task
[2024-04-03T02:48:46.633+0000] {standard_task_runner.py:87} INFO - Running: ['***', 'tasks', 'run', 'our_first_dag_v3', 'task3', 'scheduled__2024-04-01T00:00:00+00:00', '--job-id', '240', '--raw', '--subdir', 'DAGS_FOLDER/our_first_dag.py', '--cfg-path', '/tmp/tmpl6gx5ldf']
[2024-04-03T02:48:46.656+0000] {standard_task_runner.py:88} INFO - Job 240: Subtask task3
[2024-04-03T02:48:46.719+0000] {logging_mixin.py:188} INFO - Changing /opt/***/logs/dag_id=our_first_dag_v3/run_id=scheduled__2024-04-01T00:00:00+00:00/task_id=task3 permission to 509
[2024-04-03T02:48:46.721+0000] {logging_mixin.py:188} INFO - Changing /opt/***/logs/dag_id=our_first_dag_v3/run_id=scheduled__2024-04-01T00:00:00+00:00 permission to 509
[2024-04-03T02:48:46.723+0000] {logging_mixin.py:188} INFO - Changing /opt/***/logs/dag_id=our_first_dag_v3 permission to 509
[2024-04-03T02:48:46.725+0000] {logging_mixin.py:188} INFO - Changing /opt/***/logs permission to 509
[2024-04-03T02:48:46.727+0000] {task_command.py:423} INFO - Running <TaskInstance: our_first_dag_v3.task3 scheduled__2024-04-01T00:00:00+00:00 [running]> on host 46dc445f2ec8
[2024-04-03T02:48:46.873+0000] {taskinstance.py:2513} INFO - Exporting env vars: AIRFLOW_CTX_DAG_OWNER='coder2j' AIRFLOW_CTX_DAG_ID='our_first_dag_v3' AIRFLOW_CTX_TASK_ID='task3' AIRFLOW_CTX_EXECUTION_DATE='2024-04-01T00:00:00+00:00' AIRFLOW_CTX_TRY_NUMBER='1' AIRFLOW_CTX_DAG_RUN_ID='scheduled__2024-04-01T00:00:00+00:00'
[2024-04-03T02:48:46.875+0000] {subprocess.py:63} INFO - Tmp dir root location: /tmp
[2024-04-03T02:48:46.876+0000] {subprocess.py:75} INFO - Running command: ['/usr/bin/bash', '-c', 'echo This will run after task1 at the same time as task2.']
[2024-04-03T02:48:46.884+0000] {subprocess.py:86} INFO - Output:
[2024-04-03T02:48:46.886+0000] {subprocess.py:93} INFO - This will run after task1 at the same time as task2.
[2024-04-03T02:48:46.887+0000] {subprocess.py:97} INFO - Command exited with return code 0
[2024-04-03T02:48:46.916+0000] {taskinstance.py:1149} INFO - Marking task as SUCCESS. dag_id=our_first_dag_v3, task_id=task3, execution_date=20240401T000000, start_date=20240403T024846, end_date=20240403T024846
[2024-04-03T02:48:46.933+0000] {local_task_job_runner.py:234} INFO - Task exited with return code 0
[2024-04-03T02:48:46.953+0000] {taskinstance.py:3312} INFO - 0 downstream tasks scheduled from follow-on schedule check
