[2024-04-01T23:34:00.720+0000] {logging_mixin.py:188} INFO - Changing /opt/***/logs/dag_id=our_first_dag/run_id=scheduled__2021-09-28T00:00:00+00:00/task_id=task1 permission to 509
[2024-04-01T23:34:00.723+0000] {logging_mixin.py:188} INFO - Changing /opt/***/logs/dag_id=our_first_dag/run_id=scheduled__2021-09-28T00:00:00+00:00 permission to 509
[2024-04-01T23:34:00.725+0000] {logging_mixin.py:188} INFO - Changing /opt/***/logs/dag_id=our_first_dag permission to 509
[2024-04-01T23:34:00.727+0000] {logging_mixin.py:188} INFO - Changing /opt/***/logs permission to 509
[2024-04-01T23:34:00.776+0000] {logging_mixin.py:188} INFO - Changing /opt/***/logs/dag_id=our_first_dag/run_id=scheduled__2021-09-28T00:00:00+00:00/task_id=task1 permission to 509
[2024-04-01T23:34:00.778+0000] {logging_mixin.py:188} INFO - Changing /opt/***/logs/dag_id=our_first_dag/run_id=scheduled__2021-09-28T00:00:00+00:00 permission to 509
[2024-04-01T23:34:00.783+0000] {logging_mixin.py:188} INFO - Changing /opt/***/logs/dag_id=our_first_dag permission to 509
[2024-04-01T23:34:00.787+0000] {logging_mixin.py:188} INFO - Changing /opt/***/logs permission to 509
[2024-04-01T23:34:00.861+0000] {taskinstance.py:1979} INFO - Dependencies all met for dep_context=non-requeueable deps ti=<TaskInstance: our_first_dag.task1 scheduled__2021-09-28T00:00:00+00:00 [queued]>
[2024-04-01T23:34:00.876+0000] {taskinstance.py:1979} INFO - Dependencies all met for dep_context=requeueable deps ti=<TaskInstance: our_first_dag.task1 scheduled__2021-09-28T00:00:00+00:00 [queued]>
[2024-04-01T23:34:00.877+0000] {taskinstance.py:2193} INFO - Starting attempt 1 of 6
[2024-04-01T23:34:00.931+0000] {taskinstance.py:2217} INFO - Executing <Task(BashOperator): task1> on 2021-09-28 00:00:00+00:00
[2024-04-01T23:34:00.939+0000] {standard_task_runner.py:60} INFO - Started process 556 to run task
[2024-04-01T23:34:00.946+0000] {standard_task_runner.py:87} INFO - Running: ['***', 'tasks', 'run', 'our_first_dag', 'task1', 'scheduled__2021-09-28T00:00:00+00:00', '--job-id', '64', '--raw', '--subdir', 'DAGS_FOLDER/our_first_dag.py', '--cfg-path', '/tmp/tmpesvtsqtg']
[2024-04-01T23:34:00.949+0000] {standard_task_runner.py:88} INFO - Job 64: Subtask task1
[2024-04-01T23:34:01.049+0000] {logging_mixin.py:188} INFO - Changing /opt/***/logs/dag_id=our_first_dag/run_id=scheduled__2021-09-28T00:00:00+00:00/task_id=task1 permission to 509
[2024-04-01T23:34:01.052+0000] {logging_mixin.py:188} INFO - Changing /opt/***/logs/dag_id=our_first_dag/run_id=scheduled__2021-09-28T00:00:00+00:00 permission to 509
[2024-04-01T23:34:01.054+0000] {logging_mixin.py:188} INFO - Changing /opt/***/logs/dag_id=our_first_dag permission to 509
[2024-04-01T23:34:01.057+0000] {logging_mixin.py:188} INFO - Changing /opt/***/logs permission to 509
[2024-04-01T23:34:01.061+0000] {task_command.py:423} INFO - Running <TaskInstance: our_first_dag.task1 scheduled__2021-09-28T00:00:00+00:00 [running]> on host 46dc445f2ec8
[2024-04-01T23:34:01.230+0000] {taskinstance.py:2513} INFO - Exporting env vars: AIRFLOW_CTX_DAG_OWNER='coder2j' AIRFLOW_CTX_DAG_ID='our_first_dag' AIRFLOW_CTX_TASK_ID='task1' AIRFLOW_CTX_EXECUTION_DATE='2021-09-28T00:00:00+00:00' AIRFLOW_CTX_TRY_NUMBER='1' AIRFLOW_CTX_DAG_RUN_ID='scheduled__2021-09-28T00:00:00+00:00'
[2024-04-01T23:34:01.232+0000] {subprocess.py:63} INFO - Tmp dir root location: /tmp
[2024-04-01T23:34:01.236+0000] {subprocess.py:75} INFO - Running command: ['/usr/bin/bash', '-c', 'echo Hello, World!']
[2024-04-01T23:34:01.250+0000] {subprocess.py:86} INFO - Output:
[2024-04-01T23:34:01.253+0000] {subprocess.py:93} INFO - Hello, World!
[2024-04-01T23:34:01.254+0000] {subprocess.py:97} INFO - Command exited with return code 0
[2024-04-01T23:34:01.294+0000] {taskinstance.py:1149} INFO - Marking task as SUCCESS. dag_id=our_first_dag, task_id=task1, execution_date=20210928T000000, start_date=20240401T233400, end_date=20240401T233401
[2024-04-01T23:34:01.360+0000] {local_task_job_runner.py:234} INFO - Task exited with return code 0
[2024-04-01T23:34:01.386+0000] {taskinstance.py:3312} INFO - 0 downstream tasks scheduled from follow-on schedule check
