[2024-04-02T00:04:17.623+0000] {logging_mixin.py:188} INFO - Changing /opt/***/logs/dag_id=first_pratice_dag/run_id=scheduled__2024-03-31T00:00:00+00:00/task_id=task1 permission to 509
[2024-04-02T00:04:17.630+0000] {logging_mixin.py:188} INFO - Changing /opt/***/logs/dag_id=first_pratice_dag/run_id=scheduled__2024-03-31T00:00:00+00:00 permission to 509
[2024-04-02T00:04:17.634+0000] {logging_mixin.py:188} INFO - Changing /opt/***/logs/dag_id=first_pratice_dag permission to 509
[2024-04-02T00:04:17.641+0000] {logging_mixin.py:188} INFO - Changing /opt/***/logs permission to 509
[2024-04-02T00:04:17.696+0000] {logging_mixin.py:188} INFO - Changing /opt/***/logs/dag_id=first_pratice_dag/run_id=scheduled__2024-03-31T00:00:00+00:00/task_id=task1 permission to 509
[2024-04-02T00:04:17.699+0000] {logging_mixin.py:188} INFO - Changing /opt/***/logs/dag_id=first_pratice_dag/run_id=scheduled__2024-03-31T00:00:00+00:00 permission to 509
[2024-04-02T00:04:17.701+0000] {logging_mixin.py:188} INFO - Changing /opt/***/logs/dag_id=first_pratice_dag permission to 509
[2024-04-02T00:04:17.710+0000] {logging_mixin.py:188} INFO - Changing /opt/***/logs permission to 509
[2024-04-02T00:04:17.793+0000] {taskinstance.py:1979} INFO - Dependencies all met for dep_context=non-requeueable deps ti=<TaskInstance: first_pratice_dag.task1 scheduled__2024-03-31T00:00:00+00:00 [queued]>
[2024-04-02T00:04:17.817+0000] {taskinstance.py:1979} INFO - Dependencies all met for dep_context=requeueable deps ti=<TaskInstance: first_pratice_dag.task1 scheduled__2024-03-31T00:00:00+00:00 [queued]>
[2024-04-02T00:04:17.822+0000] {taskinstance.py:2193} INFO - Starting attempt 1 of 3
[2024-04-02T00:04:17.967+0000] {taskinstance.py:2217} INFO - Executing <Task(BashOperator): task1> on 2024-03-31 00:00:00+00:00
[2024-04-02T00:04:17.977+0000] {standard_task_runner.py:60} INFO - Started process 1514 to run task
[2024-04-02T00:04:17.989+0000] {standard_task_runner.py:87} INFO - Running: ['***', 'tasks', 'run', 'first_pratice_dag', 'task1', 'scheduled__2024-03-31T00:00:00+00:00', '--job-id', '107', '--raw', '--subdir', 'DAGS_FOLDER/first_practice_dag.py', '--cfg-path', '/tmp/tmpg3v1jpf_']
[2024-04-02T00:04:17.995+0000] {standard_task_runner.py:88} INFO - Job 107: Subtask task1
[2024-04-02T00:04:18.110+0000] {logging_mixin.py:188} INFO - Changing /opt/***/logs/dag_id=first_pratice_dag/run_id=scheduled__2024-03-31T00:00:00+00:00/task_id=task1 permission to 509
[2024-04-02T00:04:18.112+0000] {logging_mixin.py:188} INFO - Changing /opt/***/logs/dag_id=first_pratice_dag/run_id=scheduled__2024-03-31T00:00:00+00:00 permission to 509
[2024-04-02T00:04:18.115+0000] {logging_mixin.py:188} INFO - Changing /opt/***/logs/dag_id=first_pratice_dag permission to 509
[2024-04-02T00:04:18.117+0000] {logging_mixin.py:188} INFO - Changing /opt/***/logs permission to 509
[2024-04-02T00:04:18.122+0000] {task_command.py:423} INFO - Running <TaskInstance: first_pratice_dag.task1 scheduled__2024-03-31T00:00:00+00:00 [running]> on host 46dc445f2ec8
[2024-04-02T00:04:18.317+0000] {taskinstance.py:2513} INFO - Exporting env vars: AIRFLOW_CTX_DAG_OWNER='***' AIRFLOW_CTX_DAG_ID='first_pratice_dag' AIRFLOW_CTX_TASK_ID='task1' AIRFLOW_CTX_EXECUTION_DATE='2024-03-31T00:00:00+00:00' AIRFLOW_CTX_TRY_NUMBER='1' AIRFLOW_CTX_DAG_RUN_ID='scheduled__2024-03-31T00:00:00+00:00'
[2024-04-02T00:04:18.319+0000] {subprocess.py:63} INFO - Tmp dir root location: /tmp
[2024-04-02T00:04:18.322+0000] {subprocess.py:75} INFO - Running command: ['/usr/bin/bash', '-c', 'echo Hello World!']
[2024-04-02T00:04:18.337+0000] {subprocess.py:86} INFO - Output:
[2024-04-02T00:04:18.340+0000] {subprocess.py:93} INFO - Hello World!
[2024-04-02T00:04:18.342+0000] {subprocess.py:97} INFO - Command exited with return code 0
[2024-04-02T00:04:18.380+0000] {taskinstance.py:1149} INFO - Marking task as SUCCESS. dag_id=first_pratice_dag, task_id=task1, execution_date=20240331T000000, start_date=20240402T000417, end_date=20240402T000418
[2024-04-02T00:04:18.454+0000] {local_task_job_runner.py:234} INFO - Task exited with return code 0
[2024-04-02T00:04:18.503+0000] {taskinstance.py:3312} INFO - 1 downstream tasks scheduled from follow-on schedule check
