[2024-04-03T02:10:43.803+0000] {logging_mixin.py:188} INFO - Changing /opt/***/logs/dag_id=dag_with_cron_expression_v3/run_id=scheduled__2024-04-02T14:12:00+00:00/task_id=task1 permission to 509
[2024-04-03T02:10:43.806+0000] {logging_mixin.py:188} INFO - Changing /opt/***/logs/dag_id=dag_with_cron_expression_v3/run_id=scheduled__2024-04-02T14:12:00+00:00 permission to 509
[2024-04-03T02:10:43.810+0000] {logging_mixin.py:188} INFO - Changing /opt/***/logs/dag_id=dag_with_cron_expression_v3 permission to 509
[2024-04-03T02:10:43.813+0000] {logging_mixin.py:188} INFO - Changing /opt/***/logs permission to 509
[2024-04-03T02:10:43.870+0000] {logging_mixin.py:188} INFO - Changing /opt/***/logs/dag_id=dag_with_cron_expression_v3/run_id=scheduled__2024-04-02T14:12:00+00:00/task_id=task1 permission to 509
[2024-04-03T02:10:43.874+0000] {logging_mixin.py:188} INFO - Changing /opt/***/logs/dag_id=dag_with_cron_expression_v3/run_id=scheduled__2024-04-02T14:12:00+00:00 permission to 509
[2024-04-03T02:10:43.878+0000] {logging_mixin.py:188} INFO - Changing /opt/***/logs/dag_id=dag_with_cron_expression_v3 permission to 509
[2024-04-03T02:10:43.882+0000] {logging_mixin.py:188} INFO - Changing /opt/***/logs permission to 509
[2024-04-03T02:10:43.946+0000] {taskinstance.py:1979} INFO - Dependencies all met for dep_context=non-requeueable deps ti=<TaskInstance: dag_with_cron_expression_v3.task1 scheduled__2024-04-02T14:12:00+00:00 [queued]>
[2024-04-03T02:10:43.960+0000] {taskinstance.py:1979} INFO - Dependencies all met for dep_context=requeueable deps ti=<TaskInstance: dag_with_cron_expression_v3.task1 scheduled__2024-04-02T14:12:00+00:00 [queued]>
[2024-04-03T02:10:43.961+0000] {taskinstance.py:2193} INFO - Starting attempt 1 of 6
[2024-04-03T02:10:43.992+0000] {taskinstance.py:2217} INFO - Executing <Task(BashOperator): task1> on 2024-04-02 14:12:00+00:00
[2024-04-03T02:10:43.998+0000] {standard_task_runner.py:60} INFO - Started process 1120 to run task
[2024-04-03T02:10:44.005+0000] {standard_task_runner.py:87} INFO - Running: ['***', 'tasks', 'run', 'dag_with_cron_expression_v3', 'task1', 'scheduled__2024-04-02T14:12:00+00:00', '--job-id', '210', '--raw', '--subdir', 'DAGS_FOLDER/dag_with_cron.py', '--cfg-path', '/tmp/tmp2hp3qtw_']
[2024-04-03T02:10:44.008+0000] {standard_task_runner.py:88} INFO - Job 210: Subtask task1
[2024-04-03T02:10:44.075+0000] {logging_mixin.py:188} INFO - Changing /opt/***/logs/dag_id=dag_with_cron_expression_v3/run_id=scheduled__2024-04-02T14:12:00+00:00/task_id=task1 permission to 509
[2024-04-03T02:10:44.077+0000] {logging_mixin.py:188} INFO - Changing /opt/***/logs/dag_id=dag_with_cron_expression_v3/run_id=scheduled__2024-04-02T14:12:00+00:00 permission to 509
[2024-04-03T02:10:44.079+0000] {logging_mixin.py:188} INFO - Changing /opt/***/logs/dag_id=dag_with_cron_expression_v3 permission to 509
[2024-04-03T02:10:44.080+0000] {logging_mixin.py:188} INFO - Changing /opt/***/logs permission to 509
[2024-04-03T02:10:44.082+0000] {task_command.py:423} INFO - Running <TaskInstance: dag_with_cron_expression_v3.task1 scheduled__2024-04-02T14:12:00+00:00 [running]> on host 46dc445f2ec8
[2024-04-03T02:10:44.200+0000] {taskinstance.py:2513} INFO - Exporting env vars: AIRFLOW_CTX_DAG_OWNER='coder2j' AIRFLOW_CTX_DAG_ID='dag_with_cron_expression_v3' AIRFLOW_CTX_TASK_ID='task1' AIRFLOW_CTX_EXECUTION_DATE='2024-04-02T14:12:00+00:00' AIRFLOW_CTX_TRY_NUMBER='1' AIRFLOW_CTX_DAG_RUN_ID='scheduled__2024-04-02T14:12:00+00:00'
[2024-04-03T02:10:44.203+0000] {subprocess.py:63} INFO - Tmp dir root location: /tmp
[2024-04-03T02:10:44.204+0000] {subprocess.py:75} INFO - Running command: ['/usr/bin/bash', '-c', 'echo dag with cron expression!']
[2024-04-03T02:10:44.215+0000] {subprocess.py:86} INFO - Output:
[2024-04-03T02:10:44.217+0000] {subprocess.py:93} INFO - dag with cron expression!
[2024-04-03T02:10:44.219+0000] {subprocess.py:97} INFO - Command exited with return code 0
[2024-04-03T02:10:44.253+0000] {taskinstance.py:1149} INFO - Marking task as SUCCESS. dag_id=dag_with_cron_expression_v3, task_id=task1, execution_date=20240402T141200, start_date=20240403T021043, end_date=20240403T021044
[2024-04-03T02:10:44.296+0000] {local_task_job_runner.py:234} INFO - Task exited with return code 0
[2024-04-03T02:10:44.336+0000] {taskinstance.py:3312} INFO - 0 downstream tasks scheduled from follow-on schedule check
