[2024-04-01T23:34:03.741+0000] {logging_mixin.py:188} INFO - Changing /opt/***/logs/dag_id=our_first_dag/run_id=scheduled__2021-10-06T00:00:00+00:00/task_id=task1 permission to 509
[2024-04-01T23:34:03.744+0000] {logging_mixin.py:188} INFO - Changing /opt/***/logs/dag_id=our_first_dag/run_id=scheduled__2021-10-06T00:00:00+00:00 permission to 509
[2024-04-01T23:34:03.747+0000] {logging_mixin.py:188} INFO - Changing /opt/***/logs/dag_id=our_first_dag permission to 509
[2024-04-01T23:34:03.752+0000] {logging_mixin.py:188} INFO - Changing /opt/***/logs permission to 509
[2024-04-01T23:34:03.814+0000] {logging_mixin.py:188} INFO - Changing /opt/***/logs/dag_id=our_first_dag/run_id=scheduled__2021-10-06T00:00:00+00:00/task_id=task1 permission to 509
[2024-04-01T23:34:03.821+0000] {logging_mixin.py:188} INFO - Changing /opt/***/logs/dag_id=our_first_dag/run_id=scheduled__2021-10-06T00:00:00+00:00 permission to 509
[2024-04-01T23:34:03.826+0000] {logging_mixin.py:188} INFO - Changing /opt/***/logs/dag_id=our_first_dag permission to 509
[2024-04-01T23:34:03.829+0000] {logging_mixin.py:188} INFO - Changing /opt/***/logs permission to 509
[2024-04-01T23:34:03.919+0000] {taskinstance.py:1979} INFO - Dependencies all met for dep_context=non-requeueable deps ti=<TaskInstance: our_first_dag.task1 scheduled__2021-10-06T00:00:00+00:00 [queued]>
[2024-04-01T23:34:03.937+0000] {taskinstance.py:1979} INFO - Dependencies all met for dep_context=requeueable deps ti=<TaskInstance: our_first_dag.task1 scheduled__2021-10-06T00:00:00+00:00 [queued]>
[2024-04-01T23:34:03.938+0000] {taskinstance.py:2193} INFO - Starting attempt 1 of 6
[2024-04-01T23:34:03.996+0000] {taskinstance.py:2217} INFO - Executing <Task(BashOperator): task1> on 2021-10-06 00:00:00+00:00
[2024-04-01T23:34:04.009+0000] {standard_task_runner.py:60} INFO - Started process 579 to run task
[2024-04-01T23:34:04.015+0000] {standard_task_runner.py:87} INFO - Running: ['***', 'tasks', 'run', 'our_first_dag', 'task1', 'scheduled__2021-10-06T00:00:00+00:00', '--job-id', '72', '--raw', '--subdir', 'DAGS_FOLDER/our_first_dag.py', '--cfg-path', '/tmp/tmpobim5p1q']
[2024-04-01T23:34:04.018+0000] {standard_task_runner.py:88} INFO - Job 72: Subtask task1
[2024-04-01T23:34:04.154+0000] {logging_mixin.py:188} INFO - Changing /opt/***/logs/dag_id=our_first_dag/run_id=scheduled__2021-10-06T00:00:00+00:00/task_id=task1 permission to 509
[2024-04-01T23:34:04.156+0000] {logging_mixin.py:188} INFO - Changing /opt/***/logs/dag_id=our_first_dag/run_id=scheduled__2021-10-06T00:00:00+00:00 permission to 509
[2024-04-01T23:34:04.158+0000] {logging_mixin.py:188} INFO - Changing /opt/***/logs/dag_id=our_first_dag permission to 509
[2024-04-01T23:34:04.161+0000] {logging_mixin.py:188} INFO - Changing /opt/***/logs permission to 509
[2024-04-01T23:34:04.165+0000] {task_command.py:423} INFO - Running <TaskInstance: our_first_dag.task1 scheduled__2021-10-06T00:00:00+00:00 [running]> on host 46dc445f2ec8
[2024-04-01T23:34:04.373+0000] {taskinstance.py:2513} INFO - Exporting env vars: AIRFLOW_CTX_DAG_OWNER='coder2j' AIRFLOW_CTX_DAG_ID='our_first_dag' AIRFLOW_CTX_TASK_ID='task1' AIRFLOW_CTX_EXECUTION_DATE='2021-10-06T00:00:00+00:00' AIRFLOW_CTX_TRY_NUMBER='1' AIRFLOW_CTX_DAG_RUN_ID='scheduled__2021-10-06T00:00:00+00:00'
[2024-04-01T23:34:04.378+0000] {subprocess.py:63} INFO - Tmp dir root location: /tmp
[2024-04-01T23:34:04.379+0000] {subprocess.py:75} INFO - Running command: ['/usr/bin/bash', '-c', 'echo Hello, World!']
[2024-04-01T23:34:04.392+0000] {subprocess.py:86} INFO - Output:
[2024-04-01T23:34:04.395+0000] {subprocess.py:93} INFO - Hello, World!
[2024-04-01T23:34:04.396+0000] {subprocess.py:97} INFO - Command exited with return code 0
[2024-04-01T23:34:04.439+0000] {taskinstance.py:1149} INFO - Marking task as SUCCESS. dag_id=our_first_dag, task_id=task1, execution_date=20211006T000000, start_date=20240401T233403, end_date=20240401T233404
[2024-04-01T23:34:04.472+0000] {local_task_job_runner.py:234} INFO - Task exited with return code 0
[2024-04-01T23:34:04.503+0000] {taskinstance.py:3312} INFO - 0 downstream tasks scheduled from follow-on schedule check
