[2024-04-03T02:11:41.883+0000] {logging_mixin.py:188} INFO - Changing /opt/***/logs/dag_id=dag_with_cron_expression_v4/run_id=scheduled__2024-04-02T17:12:00+00:00/task_id=task1 permission to 509
[2024-04-03T02:11:41.885+0000] {logging_mixin.py:188} INFO - Changing /opt/***/logs/dag_id=dag_with_cron_expression_v4/run_id=scheduled__2024-04-02T17:12:00+00:00 permission to 509
[2024-04-03T02:11:41.888+0000] {logging_mixin.py:188} INFO - Changing /opt/***/logs/dag_id=dag_with_cron_expression_v4 permission to 509
[2024-04-03T02:11:41.890+0000] {logging_mixin.py:188} INFO - Changing /opt/***/logs permission to 509
[2024-04-03T02:11:41.930+0000] {logging_mixin.py:188} INFO - Changing /opt/***/logs/dag_id=dag_with_cron_expression_v4/run_id=scheduled__2024-04-02T17:12:00+00:00/task_id=task1 permission to 509
[2024-04-03T02:11:41.932+0000] {logging_mixin.py:188} INFO - Changing /opt/***/logs/dag_id=dag_with_cron_expression_v4/run_id=scheduled__2024-04-02T17:12:00+00:00 permission to 509
[2024-04-03T02:11:41.935+0000] {logging_mixin.py:188} INFO - Changing /opt/***/logs/dag_id=dag_with_cron_expression_v4 permission to 509
[2024-04-03T02:11:41.936+0000] {logging_mixin.py:188} INFO - Changing /opt/***/logs permission to 509
[2024-04-03T02:11:41.992+0000] {taskinstance.py:1979} INFO - Dependencies all met for dep_context=non-requeueable deps ti=<TaskInstance: dag_with_cron_expression_v4.task1 scheduled__2024-04-02T17:12:00+00:00 [queued]>
[2024-04-03T02:11:42.009+0000] {taskinstance.py:1979} INFO - Dependencies all met for dep_context=requeueable deps ti=<TaskInstance: dag_with_cron_expression_v4.task1 scheduled__2024-04-02T17:12:00+00:00 [queued]>
[2024-04-03T02:11:42.011+0000] {taskinstance.py:2193} INFO - Starting attempt 1 of 6
[2024-04-03T02:11:42.061+0000] {taskinstance.py:2217} INFO - Executing <Task(BashOperator): task1> on 2024-04-02 17:12:00+00:00
[2024-04-03T02:11:42.066+0000] {standard_task_runner.py:60} INFO - Started process 1244 to run task
[2024-04-03T02:11:42.071+0000] {standard_task_runner.py:87} INFO - Running: ['***', 'tasks', 'run', 'dag_with_cron_expression_v4', 'task1', 'scheduled__2024-04-02T17:12:00+00:00', '--job-id', '229', '--raw', '--subdir', 'DAGS_FOLDER/dag_with_cron.py', '--cfg-path', '/tmp/tmp2y80cify']
[2024-04-03T02:11:42.075+0000] {standard_task_runner.py:88} INFO - Job 229: Subtask task1
[2024-04-03T02:11:42.145+0000] {logging_mixin.py:188} INFO - Changing /opt/***/logs/dag_id=dag_with_cron_expression_v4/run_id=scheduled__2024-04-02T17:12:00+00:00/task_id=task1 permission to 509
[2024-04-03T02:11:42.148+0000] {logging_mixin.py:188} INFO - Changing /opt/***/logs/dag_id=dag_with_cron_expression_v4/run_id=scheduled__2024-04-02T17:12:00+00:00 permission to 509
[2024-04-03T02:11:42.152+0000] {logging_mixin.py:188} INFO - Changing /opt/***/logs/dag_id=dag_with_cron_expression_v4 permission to 509
[2024-04-03T02:11:42.154+0000] {logging_mixin.py:188} INFO - Changing /opt/***/logs permission to 509
[2024-04-03T02:11:42.158+0000] {task_command.py:423} INFO - Running <TaskInstance: dag_with_cron_expression_v4.task1 scheduled__2024-04-02T17:12:00+00:00 [running]> on host 46dc445f2ec8
[2024-04-03T02:11:42.309+0000] {taskinstance.py:2513} INFO - Exporting env vars: AIRFLOW_CTX_DAG_OWNER='coder2j' AIRFLOW_CTX_DAG_ID='dag_with_cron_expression_v4' AIRFLOW_CTX_TASK_ID='task1' AIRFLOW_CTX_EXECUTION_DATE='2024-04-02T17:12:00+00:00' AIRFLOW_CTX_TRY_NUMBER='1' AIRFLOW_CTX_DAG_RUN_ID='scheduled__2024-04-02T17:12:00+00:00'
[2024-04-03T02:11:42.312+0000] {subprocess.py:63} INFO - Tmp dir root location: /tmp
[2024-04-03T02:11:42.313+0000] {subprocess.py:75} INFO - Running command: ['/usr/bin/bash', '-c', 'echo dag with cron expression!']
[2024-04-03T02:11:42.328+0000] {subprocess.py:86} INFO - Output:
[2024-04-03T02:11:42.330+0000] {subprocess.py:93} INFO - dag with cron expression!
[2024-04-03T02:11:42.331+0000] {subprocess.py:97} INFO - Command exited with return code 0
[2024-04-03T02:11:42.368+0000] {taskinstance.py:1149} INFO - Marking task as SUCCESS. dag_id=dag_with_cron_expression_v4, task_id=task1, execution_date=20240402T171200, start_date=20240403T021141, end_date=20240403T021142
[2024-04-03T02:11:42.406+0000] {local_task_job_runner.py:234} INFO - Task exited with return code 0
[2024-04-03T02:11:42.432+0000] {taskinstance.py:3312} INFO - 0 downstream tasks scheduled from follow-on schedule check
