[2024-04-02T00:04:18.569+0000] {logging_mixin.py:188} INFO - Changing /opt/***/logs/dag_id=first_pratice_dag/run_id=scheduled__2024-03-29T00:00:00+00:00/task_id=task2 permission to 509
[2024-04-02T00:04:18.574+0000] {logging_mixin.py:188} INFO - Changing /opt/***/logs/dag_id=first_pratice_dag/run_id=scheduled__2024-03-29T00:00:00+00:00 permission to 509
[2024-04-02T00:04:18.576+0000] {logging_mixin.py:188} INFO - Changing /opt/***/logs/dag_id=first_pratice_dag permission to 509
[2024-04-02T00:04:18.578+0000] {logging_mixin.py:188} INFO - Changing /opt/***/logs permission to 509
[2024-04-02T00:04:18.631+0000] {logging_mixin.py:188} INFO - Changing /opt/***/logs/dag_id=first_pratice_dag/run_id=scheduled__2024-03-29T00:00:00+00:00/task_id=task2 permission to 509
[2024-04-02T00:04:18.633+0000] {logging_mixin.py:188} INFO - Changing /opt/***/logs/dag_id=first_pratice_dag/run_id=scheduled__2024-03-29T00:00:00+00:00 permission to 509
[2024-04-02T00:04:18.635+0000] {logging_mixin.py:188} INFO - Changing /opt/***/logs/dag_id=first_pratice_dag permission to 509
[2024-04-02T00:04:18.638+0000] {logging_mixin.py:188} INFO - Changing /opt/***/logs permission to 509
[2024-04-02T00:04:18.713+0000] {taskinstance.py:1979} INFO - Dependencies all met for dep_context=non-requeueable deps ti=<TaskInstance: first_pratice_dag.task2 scheduled__2024-03-29T00:00:00+00:00 [queued]>
[2024-04-02T00:04:18.736+0000] {taskinstance.py:1979} INFO - Dependencies all met for dep_context=requeueable deps ti=<TaskInstance: first_pratice_dag.task2 scheduled__2024-03-29T00:00:00+00:00 [queued]>
[2024-04-02T00:04:18.737+0000] {taskinstance.py:2193} INFO - Starting attempt 1 of 3
[2024-04-02T00:04:18.825+0000] {taskinstance.py:2217} INFO - Executing <Task(BashOperator): task2> on 2024-03-29 00:00:00+00:00
[2024-04-02T00:04:18.833+0000] {standard_task_runner.py:60} INFO - Started process 1529 to run task
[2024-04-02T00:04:18.840+0000] {standard_task_runner.py:87} INFO - Running: ['***', 'tasks', 'run', 'first_pratice_dag', 'task2', 'scheduled__2024-03-29T00:00:00+00:00', '--job-id', '112', '--raw', '--subdir', 'DAGS_FOLDER/first_practice_dag.py', '--cfg-path', '/tmp/tmp45gr7601']
[2024-04-02T00:04:18.844+0000] {standard_task_runner.py:88} INFO - Job 112: Subtask task2
[2024-04-02T00:04:18.930+0000] {logging_mixin.py:188} INFO - Changing /opt/***/logs/dag_id=first_pratice_dag/run_id=scheduled__2024-03-29T00:00:00+00:00/task_id=task2 permission to 509
[2024-04-02T00:04:18.933+0000] {logging_mixin.py:188} INFO - Changing /opt/***/logs/dag_id=first_pratice_dag/run_id=scheduled__2024-03-29T00:00:00+00:00 permission to 509
[2024-04-02T00:04:18.935+0000] {logging_mixin.py:188} INFO - Changing /opt/***/logs/dag_id=first_pratice_dag permission to 509
[2024-04-02T00:04:18.938+0000] {logging_mixin.py:188} INFO - Changing /opt/***/logs permission to 509
[2024-04-02T00:04:18.942+0000] {task_command.py:423} INFO - Running <TaskInstance: first_pratice_dag.task2 scheduled__2024-03-29T00:00:00+00:00 [running]> on host 46dc445f2ec8
[2024-04-02T00:04:19.071+0000] {taskinstance.py:2513} INFO - Exporting env vars: AIRFLOW_CTX_DAG_OWNER='***' AIRFLOW_CTX_DAG_ID='first_pratice_dag' AIRFLOW_CTX_TASK_ID='task2' AIRFLOW_CTX_EXECUTION_DATE='2024-03-29T00:00:00+00:00' AIRFLOW_CTX_TRY_NUMBER='1' AIRFLOW_CTX_DAG_RUN_ID='scheduled__2024-03-29T00:00:00+00:00'
[2024-04-02T00:04:19.073+0000] {subprocess.py:63} INFO - Tmp dir root location: /tmp
[2024-04-02T00:04:19.075+0000] {subprocess.py:75} INFO - Running command: ['/usr/bin/bash', '-c', 'echo My name is Jacob!']
[2024-04-02T00:04:19.087+0000] {subprocess.py:86} INFO - Output:
[2024-04-02T00:04:19.090+0000] {subprocess.py:93} INFO - My name is Jacob!
[2024-04-02T00:04:19.091+0000] {subprocess.py:97} INFO - Command exited with return code 0
[2024-04-02T00:04:19.129+0000] {taskinstance.py:1149} INFO - Marking task as SUCCESS. dag_id=first_pratice_dag, task_id=task2, execution_date=20240329T000000, start_date=20240402T000418, end_date=20240402T000419
[2024-04-02T00:04:19.175+0000] {local_task_job_runner.py:234} INFO - Task exited with return code 0
[2024-04-02T00:04:19.193+0000] {taskinstance.py:3312} INFO - 0 downstream tasks scheduled from follow-on schedule check
