[2024-04-03T23:56:29.349+0000] {logging_mixin.py:188} INFO - Changing /opt/***/logs/dag_id=second_practice_dag/run_id=scheduled__2024-04-02T00:00:00+00:00/task_id=insert_data permission to 509
[2024-04-03T23:56:29.350+0000] {logging_mixin.py:188} INFO - Changing /opt/***/logs/dag_id=second_practice_dag/run_id=scheduled__2024-04-02T00:00:00+00:00 permission to 509
[2024-04-03T23:56:29.351+0000] {logging_mixin.py:188} INFO - Changing /opt/***/logs/dag_id=second_practice_dag permission to 509
[2024-04-03T23:56:29.352+0000] {logging_mixin.py:188} INFO - Changing /opt/***/logs permission to 509
[2024-04-03T23:56:29.385+0000] {logging_mixin.py:188} INFO - Changing /opt/***/logs/dag_id=second_practice_dag/run_id=scheduled__2024-04-02T00:00:00+00:00/task_id=insert_data permission to 509
[2024-04-03T23:56:29.387+0000] {logging_mixin.py:188} INFO - Changing /opt/***/logs/dag_id=second_practice_dag/run_id=scheduled__2024-04-02T00:00:00+00:00 permission to 509
[2024-04-03T23:56:29.388+0000] {logging_mixin.py:188} INFO - Changing /opt/***/logs/dag_id=second_practice_dag permission to 509
[2024-04-03T23:56:29.389+0000] {logging_mixin.py:188} INFO - Changing /opt/***/logs permission to 509
[2024-04-03T23:56:29.428+0000] {taskinstance.py:1979} INFO - Dependencies all met for dep_context=non-requeueable deps ti=<TaskInstance: second_practice_dag.insert_data scheduled__2024-04-02T00:00:00+00:00 [queued]>
[2024-04-03T23:56:29.440+0000] {taskinstance.py:1979} INFO - Dependencies all met for dep_context=requeueable deps ti=<TaskInstance: second_practice_dag.insert_data scheduled__2024-04-02T00:00:00+00:00 [queued]>
[2024-04-03T23:56:29.441+0000] {taskinstance.py:2193} INFO - Starting attempt 5 of 10
[2024-04-03T23:56:29.457+0000] {taskinstance.py:2217} INFO - Executing <Task(PostgresOperator): insert_data> on 2024-04-02 00:00:00+00:00
[2024-04-03T23:56:29.461+0000] {standard_task_runner.py:60} INFO - Started process 914 to run task
[2024-04-03T23:56:29.463+0000] {standard_task_runner.py:87} INFO - Running: ['***', 'tasks', 'run', 'second_practice_dag', 'insert_data', 'scheduled__2024-04-02T00:00:00+00:00', '--job-id', '283', '--raw', '--subdir', 'DAGS_FOLDER/second_practice_dag.py', '--cfg-path', '/tmp/tmp_tr9lq9t']
[2024-04-03T23:56:29.466+0000] {standard_task_runner.py:88} INFO - Job 283: Subtask insert_data
[2024-04-03T23:56:29.512+0000] {logging_mixin.py:188} INFO - Changing /opt/***/logs/dag_id=second_practice_dag/run_id=scheduled__2024-04-02T00:00:00+00:00/task_id=insert_data permission to 509
[2024-04-03T23:56:29.514+0000] {logging_mixin.py:188} INFO - Changing /opt/***/logs/dag_id=second_practice_dag/run_id=scheduled__2024-04-02T00:00:00+00:00 permission to 509
[2024-04-03T23:56:29.515+0000] {logging_mixin.py:188} INFO - Changing /opt/***/logs/dag_id=second_practice_dag permission to 509
[2024-04-03T23:56:29.516+0000] {logging_mixin.py:188} INFO - Changing /opt/***/logs permission to 509
[2024-04-03T23:56:29.517+0000] {task_command.py:423} INFO - Running <TaskInstance: second_practice_dag.insert_data scheduled__2024-04-02T00:00:00+00:00 [running]> on host 235f0c517704
[2024-04-03T23:56:29.586+0000] {taskinstance.py:2513} INFO - Exporting env vars: AIRFLOW_CTX_DAG_OWNER='Jacob Monks' AIRFLOW_CTX_DAG_ID='second_practice_dag' AIRFLOW_CTX_TASK_ID='insert_data' AIRFLOW_CTX_EXECUTION_DATE='2024-04-02T00:00:00+00:00' AIRFLOW_CTX_TRY_NUMBER='5' AIRFLOW_CTX_DAG_RUN_ID='scheduled__2024-04-02T00:00:00+00:00'
[2024-04-03T23:56:29.587+0000] {sql.py:276} INFO - Executing: 
            insert into practice_table values ('2024-04-02', 'second_practice_dag', 'Jacob Monks');
[2024-04-03T23:56:29.595+0000] {base.py:83} INFO - Using connection ID 'postgres_localhost' for task execution.
[2024-04-03T23:56:29.605+0000] {base.py:83} INFO - Using connection ID 'postgres_localhost' for task execution.
[2024-04-03T23:56:29.614+0000] {sql.py:457} INFO - Running statement: 
            insert into practice_table values ('2024-04-02', 'second_practice_dag', 'Jacob Monks');, parameters: None
[2024-04-03T23:56:29.617+0000] {sql.py:466} INFO - Rows affected: 1
[2024-04-03T23:56:29.622+0000] {logging_mixin.py:188} WARNING - /home/***/.local/lib/python3.8/site-packages/***/providers/common/sql/hooks/sql.py:407 AirflowProviderDeprecationWarning: Call to deprecated method _make_common_data_structure. (The `_make_serializable` method is deprecated and support will be removed in a future version of the common.sql provider. Please update the DbApiHook's provider to a version based on common.sql >= 1.9.1.)
[2024-04-03T23:56:29.643+0000] {taskinstance.py:1149} INFO - Marking task as SUCCESS. dag_id=second_practice_dag, task_id=insert_data, execution_date=20240402T000000, start_date=20240403T235629, end_date=20240403T235629
[2024-04-03T23:56:29.676+0000] {local_task_job_runner.py:234} INFO - Task exited with return code 0
[2024-04-03T23:56:29.693+0000] {logging_mixin.py:188} WARNING - /home/***/.local/lib/python3.8/site-packages/***/models/baseoperator.py:1201 AirflowProviderDeprecationWarning: Call to deprecated class PostgresOperator. (Please use `***.providers.common.sql.operators.sql.SQLExecuteQueryOperator`.Also, you can provide `hook_params={'schema': <database>}`.)
[2024-04-03T23:56:29.704+0000] {taskinstance.py:3312} INFO - 1 downstream tasks scheduled from follow-on schedule check
