[2024-04-04T00:00:01.842+0000] {logging_mixin.py:188} INFO - Changing /opt/***/logs/dag_id=second_practice_dag_v2/run_id=scheduled__2024-04-03T00:00:00+00:00/task_id=create_table permission to 509
[2024-04-04T00:00:01.845+0000] {logging_mixin.py:188} INFO - Changing /opt/***/logs/dag_id=second_practice_dag_v2/run_id=scheduled__2024-04-03T00:00:00+00:00 permission to 509
[2024-04-04T00:00:01.849+0000] {logging_mixin.py:188} INFO - Changing /opt/***/logs/dag_id=second_practice_dag_v2 permission to 509
[2024-04-04T00:00:01.854+0000] {logging_mixin.py:188} INFO - Changing /opt/***/logs permission to 509
[2024-04-04T00:00:01.903+0000] {logging_mixin.py:188} INFO - Changing /opt/***/logs/dag_id=second_practice_dag_v2/run_id=scheduled__2024-04-03T00:00:00+00:00/task_id=create_table permission to 509
[2024-04-04T00:00:01.905+0000] {logging_mixin.py:188} INFO - Changing /opt/***/logs/dag_id=second_practice_dag_v2/run_id=scheduled__2024-04-03T00:00:00+00:00 permission to 509
[2024-04-04T00:00:01.907+0000] {logging_mixin.py:188} INFO - Changing /opt/***/logs/dag_id=second_practice_dag_v2 permission to 509
[2024-04-04T00:00:01.909+0000] {logging_mixin.py:188} INFO - Changing /opt/***/logs permission to 509
[2024-04-04T00:00:01.981+0000] {taskinstance.py:1979} INFO - Dependencies all met for dep_context=non-requeueable deps ti=<TaskInstance: second_practice_dag_v2.create_table scheduled__2024-04-03T00:00:00+00:00 [queued]>
[2024-04-04T00:00:01.993+0000] {taskinstance.py:1979} INFO - Dependencies all met for dep_context=requeueable deps ti=<TaskInstance: second_practice_dag_v2.create_table scheduled__2024-04-03T00:00:00+00:00 [queued]>
[2024-04-04T00:00:01.994+0000] {taskinstance.py:2193} INFO - Starting attempt 1 of 6
[2024-04-04T00:00:02.011+0000] {taskinstance.py:2217} INFO - Executing <Task(PostgresOperator): create_table> on 2024-04-03 00:00:00+00:00
[2024-04-04T00:00:02.016+0000] {standard_task_runner.py:60} INFO - Started process 1240 to run task
[2024-04-04T00:00:02.020+0000] {standard_task_runner.py:87} INFO - Running: ['***', 'tasks', 'run', 'second_practice_dag_v2', 'create_table', 'scheduled__2024-04-03T00:00:00+00:00', '--job-id', '296', '--raw', '--subdir', 'DAGS_FOLDER/second_practice_dag.py', '--cfg-path', '/tmp/tmpe4x79skq']
[2024-04-04T00:00:02.022+0000] {standard_task_runner.py:88} INFO - Job 296: Subtask create_table
[2024-04-04T00:00:02.087+0000] {logging_mixin.py:188} INFO - Changing /opt/***/logs/dag_id=second_practice_dag_v2/run_id=scheduled__2024-04-03T00:00:00+00:00/task_id=create_table permission to 509
[2024-04-04T00:00:02.089+0000] {logging_mixin.py:188} INFO - Changing /opt/***/logs/dag_id=second_practice_dag_v2/run_id=scheduled__2024-04-03T00:00:00+00:00 permission to 509
[2024-04-04T00:00:02.091+0000] {logging_mixin.py:188} INFO - Changing /opt/***/logs/dag_id=second_practice_dag_v2 permission to 509
[2024-04-04T00:00:02.092+0000] {logging_mixin.py:188} INFO - Changing /opt/***/logs permission to 509
[2024-04-04T00:00:02.095+0000] {task_command.py:423} INFO - Running <TaskInstance: second_practice_dag_v2.create_table scheduled__2024-04-03T00:00:00+00:00 [running]> on host 235f0c517704
[2024-04-04T00:00:02.229+0000] {taskinstance.py:2513} INFO - Exporting env vars: AIRFLOW_CTX_DAG_OWNER='Jacob Monks' AIRFLOW_CTX_DAG_ID='second_practice_dag_v2' AIRFLOW_CTX_TASK_ID='create_table' AIRFLOW_CTX_EXECUTION_DATE='2024-04-03T00:00:00+00:00' AIRFLOW_CTX_TRY_NUMBER='1' AIRFLOW_CTX_DAG_RUN_ID='scheduled__2024-04-03T00:00:00+00:00'
[2024-04-04T00:00:02.230+0000] {sql.py:276} INFO - Executing: 
            create table if not exists practice_table (
                dt date,
                dag_run VARCHAR(63),
                name VARCHAR(63),
                primary key (dt, dag_run)
            );
[2024-04-04T00:00:02.245+0000] {base.py:83} INFO - Using connection ID 'postgres_localhost' for task execution.
[2024-04-04T00:00:02.267+0000] {base.py:83} INFO - Using connection ID 'postgres_localhost' for task execution.
[2024-04-04T00:00:02.283+0000] {sql.py:457} INFO - Running statement: 
            create table if not exists practice_table (
                dt date,
                dag_run VARCHAR(63),
                name VARCHAR(63),
                primary key (dt, dag_run)
            );, parameters: None
[2024-04-04T00:00:02.298+0000] {logging_mixin.py:188} WARNING - /home/***/.local/lib/python3.8/site-packages/***/providers/common/sql/hooks/sql.py:407 AirflowProviderDeprecationWarning: Call to deprecated method _make_common_data_structure. (The `_make_serializable` method is deprecated and support will be removed in a future version of the common.sql provider. Please update the DbApiHook's provider to a version based on common.sql >= 1.9.1.)
[2024-04-04T00:00:02.319+0000] {taskinstance.py:1149} INFO - Marking task as SUCCESS. dag_id=second_practice_dag_v2, task_id=create_table, execution_date=20240403T000000, start_date=20240404T000001, end_date=20240404T000002
[2024-04-04T00:00:02.354+0000] {local_task_job_runner.py:234} INFO - Task exited with return code 0
[2024-04-04T00:00:02.374+0000] {logging_mixin.py:188} WARNING - /home/***/.local/lib/python3.8/site-packages/***/models/baseoperator.py:1201 AirflowProviderDeprecationWarning: Call to deprecated class PostgresOperator. (Please use `***.providers.common.sql.operators.sql.SQLExecuteQueryOperator`.Also, you can provide `hook_params={'schema': <database>}`.)
[2024-04-04T00:00:02.396+0000] {taskinstance.py:3312} INFO - 1 downstream tasks scheduled from follow-on schedule check
