[2024-04-03T23:56:13.836+0000] {logging_mixin.py:188} INFO - Changing /opt/***/logs/dag_id=second_practice_dag/run_id=scheduled__2024-04-02T00:00:00+00:00/task_id=delete_duplicate_data permission to 509
[2024-04-03T23:56:13.839+0000] {logging_mixin.py:188} INFO - Changing /opt/***/logs/dag_id=second_practice_dag/run_id=scheduled__2024-04-02T00:00:00+00:00 permission to 509
[2024-04-03T23:56:13.840+0000] {logging_mixin.py:188} INFO - Changing /opt/***/logs/dag_id=second_practice_dag permission to 509
[2024-04-03T23:56:13.841+0000] {logging_mixin.py:188} INFO - Changing /opt/***/logs permission to 509
[2024-04-03T23:56:13.872+0000] {logging_mixin.py:188} INFO - Changing /opt/***/logs/dag_id=second_practice_dag/run_id=scheduled__2024-04-02T00:00:00+00:00/task_id=delete_duplicate_data permission to 509
[2024-04-03T23:56:13.874+0000] {logging_mixin.py:188} INFO - Changing /opt/***/logs/dag_id=second_practice_dag/run_id=scheduled__2024-04-02T00:00:00+00:00 permission to 509
[2024-04-03T23:56:13.875+0000] {logging_mixin.py:188} INFO - Changing /opt/***/logs/dag_id=second_practice_dag permission to 509
[2024-04-03T23:56:13.876+0000] {logging_mixin.py:188} INFO - Changing /opt/***/logs permission to 509
[2024-04-03T23:56:13.916+0000] {taskinstance.py:1979} INFO - Dependencies all met for dep_context=non-requeueable deps ti=<TaskInstance: second_practice_dag.delete_duplicate_data scheduled__2024-04-02T00:00:00+00:00 [queued]>
[2024-04-03T23:56:13.926+0000] {taskinstance.py:1979} INFO - Dependencies all met for dep_context=requeueable deps ti=<TaskInstance: second_practice_dag.delete_duplicate_data scheduled__2024-04-02T00:00:00+00:00 [queued]>
[2024-04-03T23:56:13.927+0000] {taskinstance.py:2193} INFO - Starting attempt 1 of 6
[2024-04-03T23:56:13.953+0000] {taskinstance.py:2217} INFO - Executing <Task(PostgresOperator): delete_duplicate_data> on 2024-04-02 00:00:00+00:00
[2024-04-03T23:56:13.957+0000] {standard_task_runner.py:60} INFO - Started process 905 to run task
[2024-04-03T23:56:13.960+0000] {standard_task_runner.py:87} INFO - Running: ['***', 'tasks', 'run', 'second_practice_dag', 'delete_duplicate_data', 'scheduled__2024-04-02T00:00:00+00:00', '--job-id', '279', '--raw', '--subdir', 'DAGS_FOLDER/second_practice_dag.py', '--cfg-path', '/tmp/tmpopc104d9']
[2024-04-03T23:56:13.962+0000] {standard_task_runner.py:88} INFO - Job 279: Subtask delete_duplicate_data
[2024-04-03T23:56:14.003+0000] {logging_mixin.py:188} INFO - Changing /opt/***/logs/dag_id=second_practice_dag/run_id=scheduled__2024-04-02T00:00:00+00:00/task_id=delete_duplicate_data permission to 509
[2024-04-03T23:56:14.006+0000] {logging_mixin.py:188} INFO - Changing /opt/***/logs/dag_id=second_practice_dag/run_id=scheduled__2024-04-02T00:00:00+00:00 permission to 509
[2024-04-03T23:56:14.008+0000] {logging_mixin.py:188} INFO - Changing /opt/***/logs/dag_id=second_practice_dag permission to 509
[2024-04-03T23:56:14.010+0000] {logging_mixin.py:188} INFO - Changing /opt/***/logs permission to 509
[2024-04-03T23:56:14.013+0000] {task_command.py:423} INFO - Running <TaskInstance: second_practice_dag.delete_duplicate_data scheduled__2024-04-02T00:00:00+00:00 [running]> on host 235f0c517704
[2024-04-03T23:56:14.087+0000] {taskinstance.py:2513} INFO - Exporting env vars: AIRFLOW_CTX_DAG_OWNER='Jacob Monks' AIRFLOW_CTX_DAG_ID='second_practice_dag' AIRFLOW_CTX_TASK_ID='delete_duplicate_data' AIRFLOW_CTX_EXECUTION_DATE='2024-04-02T00:00:00+00:00' AIRFLOW_CTX_TRY_NUMBER='1' AIRFLOW_CTX_DAG_RUN_ID='scheduled__2024-04-02T00:00:00+00:00'
[2024-04-03T23:56:14.089+0000] {sql.py:276} INFO - Executing: 
            delete from practice_table
            where dt = '2024-04-02'
            and dag_run = 'second_practice_dag';
[2024-04-03T23:56:14.097+0000] {base.py:83} INFO - Using connection ID 'postgres_localhost' for task execution.
[2024-04-03T23:56:14.108+0000] {base.py:83} INFO - Using connection ID 'postgres_localhost' for task execution.
[2024-04-03T23:56:14.118+0000] {sql.py:457} INFO - Running statement: 
            delete from practice_table
            where dt = '2024-04-02'
            and dag_run = 'second_practice_dag';, parameters: None
[2024-04-03T23:56:14.121+0000] {sql.py:466} INFO - Rows affected: 1
[2024-04-03T23:56:14.127+0000] {logging_mixin.py:188} WARNING - /home/***/.local/lib/python3.8/site-packages/***/providers/common/sql/hooks/sql.py:407 AirflowProviderDeprecationWarning: Call to deprecated method _make_common_data_structure. (The `_make_serializable` method is deprecated and support will be removed in a future version of the common.sql provider. Please update the DbApiHook's provider to a version based on common.sql >= 1.9.1.)
[2024-04-03T23:56:14.138+0000] {taskinstance.py:1149} INFO - Marking task as SUCCESS. dag_id=second_practice_dag, task_id=delete_duplicate_data, execution_date=20240402T000000, start_date=20240403T235613, end_date=20240403T235614
[2024-04-03T23:56:14.172+0000] {local_task_job_runner.py:234} INFO - Task exited with return code 0
[2024-04-03T23:56:14.187+0000] {logging_mixin.py:188} WARNING - /home/***/.local/lib/python3.8/site-packages/***/models/baseoperator.py:1201 AirflowProviderDeprecationWarning: Call to deprecated class PostgresOperator. (Please use `***.providers.common.sql.operators.sql.SQLExecuteQueryOperator`.Also, you can provide `hook_params={'schema': <database>}`.)
[2024-04-03T23:56:14.199+0000] {taskinstance.py:3312} INFO - 0 downstream tasks scheduled from follow-on schedule check
