[2024-04-03T23:54:05.368+0000] {logging_mixin.py:188} INFO - Changing /opt/***/logs/dag_id=second_practice_dag/run_id=scheduled__2024-04-02T00:00:00+00:00/task_id=startup permission to 509
[2024-04-03T23:54:05.370+0000] {logging_mixin.py:188} INFO - Changing /opt/***/logs/dag_id=second_practice_dag/run_id=scheduled__2024-04-02T00:00:00+00:00 permission to 509
[2024-04-03T23:54:05.371+0000] {logging_mixin.py:188} INFO - Changing /opt/***/logs/dag_id=second_practice_dag permission to 509
[2024-04-03T23:54:05.373+0000] {logging_mixin.py:188} INFO - Changing /opt/***/logs permission to 509
[2024-04-03T23:54:05.398+0000] {logging_mixin.py:188} INFO - Changing /opt/***/logs/dag_id=second_practice_dag/run_id=scheduled__2024-04-02T00:00:00+00:00/task_id=startup permission to 509
[2024-04-03T23:54:05.401+0000] {logging_mixin.py:188} INFO - Changing /opt/***/logs/dag_id=second_practice_dag/run_id=scheduled__2024-04-02T00:00:00+00:00 permission to 509
[2024-04-03T23:54:05.403+0000] {logging_mixin.py:188} INFO - Changing /opt/***/logs/dag_id=second_practice_dag permission to 509
[2024-04-03T23:54:05.405+0000] {logging_mixin.py:188} INFO - Changing /opt/***/logs permission to 509
[2024-04-03T23:54:05.473+0000] {taskinstance.py:1979} INFO - Dependencies all met for dep_context=non-requeueable deps ti=<TaskInstance: second_practice_dag.startup scheduled__2024-04-02T00:00:00+00:00 [queued]>
[2024-04-03T23:54:05.486+0000] {taskinstance.py:1979} INFO - Dependencies all met for dep_context=requeueable deps ti=<TaskInstance: second_practice_dag.startup scheduled__2024-04-02T00:00:00+00:00 [queued]>
[2024-04-03T23:54:05.486+0000] {taskinstance.py:2193} INFO - Starting attempt 3 of 8
[2024-04-03T23:54:05.502+0000] {taskinstance.py:2217} INFO - Executing <Task(BashOperator): startup> on 2024-04-02 00:00:00+00:00
[2024-04-03T23:54:05.505+0000] {standard_task_runner.py:60} INFO - Started process 727 to run task
[2024-04-03T23:54:05.508+0000] {standard_task_runner.py:87} INFO - Running: ['***', 'tasks', 'run', 'second_practice_dag', 'startup', 'scheduled__2024-04-02T00:00:00+00:00', '--job-id', '275', '--raw', '--subdir', 'DAGS_FOLDER/second_practice_dag.py', '--cfg-path', '/tmp/tmpzyzipopx']
[2024-04-03T23:54:05.510+0000] {standard_task_runner.py:88} INFO - Job 275: Subtask startup
[2024-04-03T23:54:05.562+0000] {logging_mixin.py:188} INFO - Changing /opt/***/logs/dag_id=second_practice_dag/run_id=scheduled__2024-04-02T00:00:00+00:00/task_id=startup permission to 509
[2024-04-03T23:54:05.564+0000] {logging_mixin.py:188} INFO - Changing /opt/***/logs/dag_id=second_practice_dag/run_id=scheduled__2024-04-02T00:00:00+00:00 permission to 509
[2024-04-03T23:54:05.567+0000] {logging_mixin.py:188} INFO - Changing /opt/***/logs/dag_id=second_practice_dag permission to 509
[2024-04-03T23:54:05.569+0000] {logging_mixin.py:188} INFO - Changing /opt/***/logs permission to 509
[2024-04-03T23:54:05.571+0000] {task_command.py:423} INFO - Running <TaskInstance: second_practice_dag.startup scheduled__2024-04-02T00:00:00+00:00 [running]> on host 235f0c517704
[2024-04-03T23:54:05.654+0000] {taskinstance.py:2513} INFO - Exporting env vars: AIRFLOW_CTX_DAG_OWNER='Jacob Monks' AIRFLOW_CTX_DAG_ID='second_practice_dag' AIRFLOW_CTX_TASK_ID='startup' AIRFLOW_CTX_EXECUTION_DATE='2024-04-02T00:00:00+00:00' AIRFLOW_CTX_TRY_NUMBER='3' AIRFLOW_CTX_DAG_RUN_ID='scheduled__2024-04-02T00:00:00+00:00'
[2024-04-03T23:54:05.655+0000] {subprocess.py:63} INFO - Tmp dir root location: /tmp
[2024-04-03T23:54:05.656+0000] {subprocess.py:75} INFO - Running command: ['/usr/bin/bash', '-c', 'echo Starting Postgres Task...']
[2024-04-03T23:54:05.663+0000] {subprocess.py:86} INFO - Output:
[2024-04-03T23:54:05.666+0000] {subprocess.py:93} INFO - Starting Postgres Task...
[2024-04-03T23:54:05.667+0000] {subprocess.py:97} INFO - Command exited with return code 0
[2024-04-03T23:54:05.692+0000] {taskinstance.py:1149} INFO - Marking task as SUCCESS. dag_id=second_practice_dag, task_id=startup, execution_date=20240402T000000, start_date=20240403T235405, end_date=20240403T235405
[2024-04-03T23:54:05.721+0000] {local_task_job_runner.py:234} INFO - Task exited with return code 0
[2024-04-03T23:54:05.739+0000] {logging_mixin.py:188} WARNING - /home/***/.local/lib/python3.8/site-packages/***/models/baseoperator.py:1201 AirflowProviderDeprecationWarning: Call to deprecated class PostgresOperator. (Please use `***.providers.common.sql.operators.sql.SQLExecuteQueryOperator`.Also, you can provide `hook_params={'schema': <database>}`.)
[2024-04-03T23:54:05.756+0000] {taskinstance.py:3312} INFO - 1 downstream tasks scheduled from follow-on schedule check
