[2024-04-03T23:50:38.151+0000] {logging_mixin.py:188} INFO - Changing /opt/***/logs/dag_id=second_practice_dag/run_id=scheduled__2024-04-02T00:00:00+00:00/task_id=startup permission to 509
[2024-04-03T23:50:38.152+0000] {logging_mixin.py:188} INFO - Changing /opt/***/logs/dag_id=second_practice_dag/run_id=scheduled__2024-04-02T00:00:00+00:00 permission to 509
[2024-04-03T23:50:38.153+0000] {logging_mixin.py:188} INFO - Changing /opt/***/logs/dag_id=second_practice_dag permission to 509
[2024-04-03T23:50:38.154+0000] {logging_mixin.py:188} INFO - Changing /opt/***/logs permission to 509
[2024-04-03T23:50:38.186+0000] {logging_mixin.py:188} INFO - Changing /opt/***/logs/dag_id=second_practice_dag/run_id=scheduled__2024-04-02T00:00:00+00:00/task_id=startup permission to 509
[2024-04-03T23:50:38.187+0000] {logging_mixin.py:188} INFO - Changing /opt/***/logs/dag_id=second_practice_dag/run_id=scheduled__2024-04-02T00:00:00+00:00 permission to 509
[2024-04-03T23:50:38.188+0000] {logging_mixin.py:188} INFO - Changing /opt/***/logs/dag_id=second_practice_dag permission to 509
[2024-04-03T23:50:38.189+0000] {logging_mixin.py:188} INFO - Changing /opt/***/logs permission to 509
[2024-04-03T23:50:38.243+0000] {taskinstance.py:1979} INFO - Dependencies all met for dep_context=non-requeueable deps ti=<TaskInstance: second_practice_dag.startup scheduled__2024-04-02T00:00:00+00:00 [queued]>
[2024-04-03T23:50:38.256+0000] {taskinstance.py:1979} INFO - Dependencies all met for dep_context=requeueable deps ti=<TaskInstance: second_practice_dag.startup scheduled__2024-04-02T00:00:00+00:00 [queued]>
[2024-04-03T23:50:38.257+0000] {taskinstance.py:2193} INFO - Starting attempt 1 of 6
[2024-04-03T23:50:38.272+0000] {taskinstance.py:2217} INFO - Executing <Task(BashOperator): startup> on 2024-04-02 00:00:00+00:00
[2024-04-03T23:50:38.275+0000] {standard_task_runner.py:60} INFO - Started process 427 to run task
[2024-04-03T23:50:38.280+0000] {standard_task_runner.py:87} INFO - Running: ['***', 'tasks', 'run', 'second_practice_dag', 'startup', 'scheduled__2024-04-02T00:00:00+00:00', '--job-id', '268', '--raw', '--subdir', 'DAGS_FOLDER/second_practice_dag.py', '--cfg-path', '/tmp/tmpcrx83s_l']
[2024-04-03T23:50:38.282+0000] {standard_task_runner.py:88} INFO - Job 268: Subtask startup
[2024-04-03T23:50:38.335+0000] {logging_mixin.py:188} INFO - Changing /opt/***/logs/dag_id=second_practice_dag/run_id=scheduled__2024-04-02T00:00:00+00:00/task_id=startup permission to 509
[2024-04-03T23:50:38.337+0000] {logging_mixin.py:188} INFO - Changing /opt/***/logs/dag_id=second_practice_dag/run_id=scheduled__2024-04-02T00:00:00+00:00 permission to 509
[2024-04-03T23:50:38.338+0000] {logging_mixin.py:188} INFO - Changing /opt/***/logs/dag_id=second_practice_dag permission to 509
[2024-04-03T23:50:38.339+0000] {logging_mixin.py:188} INFO - Changing /opt/***/logs permission to 509
[2024-04-03T23:50:38.341+0000] {task_command.py:423} INFO - Running <TaskInstance: second_practice_dag.startup scheduled__2024-04-02T00:00:00+00:00 [running]> on host 235f0c517704
[2024-04-03T23:50:38.441+0000] {taskinstance.py:2513} INFO - Exporting env vars: AIRFLOW_CTX_DAG_OWNER='Jacob Monks' AIRFLOW_CTX_DAG_ID='second_practice_dag' AIRFLOW_CTX_TASK_ID='startup' AIRFLOW_CTX_EXECUTION_DATE='2024-04-02T00:00:00+00:00' AIRFLOW_CTX_TRY_NUMBER='1' AIRFLOW_CTX_DAG_RUN_ID='scheduled__2024-04-02T00:00:00+00:00'
[2024-04-03T23:50:38.443+0000] {subprocess.py:63} INFO - Tmp dir root location: /tmp
[2024-04-03T23:50:38.445+0000] {subprocess.py:75} INFO - Running command: ['/usr/bin/bash', '-c', 'echo Starting Postgres Task...']
[2024-04-03T23:50:38.455+0000] {subprocess.py:86} INFO - Output:
[2024-04-03T23:50:38.457+0000] {subprocess.py:93} INFO - Starting Postgres Task...
[2024-04-03T23:50:38.458+0000] {subprocess.py:97} INFO - Command exited with return code 0
[2024-04-03T23:50:38.488+0000] {taskinstance.py:1149} INFO - Marking task as SUCCESS. dag_id=second_practice_dag, task_id=startup, execution_date=20240402T000000, start_date=20240403T235038, end_date=20240403T235038
[2024-04-03T23:50:38.533+0000] {local_task_job_runner.py:234} INFO - Task exited with return code 0
[2024-04-03T23:50:38.549+0000] {logging_mixin.py:188} WARNING - /home/***/.local/lib/python3.8/site-packages/***/models/baseoperator.py:1201 AirflowProviderDeprecationWarning: Call to deprecated class PostgresOperator. (Please use `***.providers.common.sql.operators.sql.SQLExecuteQueryOperator`.Also, you can provide `hook_params={'schema': <database>}`.)
[2024-04-03T23:50:38.570+0000] {taskinstance.py:3312} INFO - 1 downstream tasks scheduled from follow-on schedule check
