[2024-04-03T02:11:39.289+0000] {logging_mixin.py:188} INFO - Changing /opt/***/logs/dag_id=dag_with_cron_expression_v4/run_id=scheduled__2024-04-02T14:12:00+00:00/task_id=task1 permission to 509
[2024-04-03T02:11:39.296+0000] {logging_mixin.py:188} INFO - Changing /opt/***/logs/dag_id=dag_with_cron_expression_v4/run_id=scheduled__2024-04-02T14:12:00+00:00 permission to 509
[2024-04-03T02:11:39.298+0000] {logging_mixin.py:188} INFO - Changing /opt/***/logs/dag_id=dag_with_cron_expression_v4 permission to 509
[2024-04-03T02:11:39.300+0000] {logging_mixin.py:188} INFO - Changing /opt/***/logs permission to 509
[2024-04-03T02:11:39.354+0000] {logging_mixin.py:188} INFO - Changing /opt/***/logs/dag_id=dag_with_cron_expression_v4/run_id=scheduled__2024-04-02T14:12:00+00:00/task_id=task1 permission to 509
[2024-04-03T02:11:39.356+0000] {logging_mixin.py:188} INFO - Changing /opt/***/logs/dag_id=dag_with_cron_expression_v4/run_id=scheduled__2024-04-02T14:12:00+00:00 permission to 509
[2024-04-03T02:11:39.359+0000] {logging_mixin.py:188} INFO - Changing /opt/***/logs/dag_id=dag_with_cron_expression_v4 permission to 509
[2024-04-03T02:11:39.366+0000] {logging_mixin.py:188} INFO - Changing /opt/***/logs permission to 509
[2024-04-03T02:11:39.448+0000] {taskinstance.py:1979} INFO - Dependencies all met for dep_context=non-requeueable deps ti=<TaskInstance: dag_with_cron_expression_v4.task1 scheduled__2024-04-02T14:12:00+00:00 [queued]>
[2024-04-03T02:11:39.468+0000] {taskinstance.py:1979} INFO - Dependencies all met for dep_context=requeueable deps ti=<TaskInstance: dag_with_cron_expression_v4.task1 scheduled__2024-04-02T14:12:00+00:00 [queued]>
[2024-04-03T02:11:39.470+0000] {taskinstance.py:2193} INFO - Starting attempt 1 of 6
[2024-04-03T02:11:39.508+0000] {taskinstance.py:2217} INFO - Executing <Task(BashOperator): task1> on 2024-04-02 14:12:00+00:00
[2024-04-03T02:11:39.514+0000] {standard_task_runner.py:60} INFO - Started process 1233 to run task
[2024-04-03T02:11:39.518+0000] {standard_task_runner.py:87} INFO - Running: ['***', 'tasks', 'run', 'dag_with_cron_expression_v4', 'task1', 'scheduled__2024-04-02T14:12:00+00:00', '--job-id', '226', '--raw', '--subdir', 'DAGS_FOLDER/dag_with_cron.py', '--cfg-path', '/tmp/tmpvx4je7t5']
[2024-04-03T02:11:39.521+0000] {standard_task_runner.py:88} INFO - Job 226: Subtask task1
[2024-04-03T02:11:39.589+0000] {logging_mixin.py:188} INFO - Changing /opt/***/logs/dag_id=dag_with_cron_expression_v4/run_id=scheduled__2024-04-02T14:12:00+00:00/task_id=task1 permission to 509
[2024-04-03T02:11:39.591+0000] {logging_mixin.py:188} INFO - Changing /opt/***/logs/dag_id=dag_with_cron_expression_v4/run_id=scheduled__2024-04-02T14:12:00+00:00 permission to 509
[2024-04-03T02:11:39.592+0000] {logging_mixin.py:188} INFO - Changing /opt/***/logs/dag_id=dag_with_cron_expression_v4 permission to 509
[2024-04-03T02:11:39.594+0000] {logging_mixin.py:188} INFO - Changing /opt/***/logs permission to 509
[2024-04-03T02:11:39.598+0000] {task_command.py:423} INFO - Running <TaskInstance: dag_with_cron_expression_v4.task1 scheduled__2024-04-02T14:12:00+00:00 [running]> on host 46dc445f2ec8
[2024-04-03T02:11:39.710+0000] {taskinstance.py:2513} INFO - Exporting env vars: AIRFLOW_CTX_DAG_OWNER='coder2j' AIRFLOW_CTX_DAG_ID='dag_with_cron_expression_v4' AIRFLOW_CTX_TASK_ID='task1' AIRFLOW_CTX_EXECUTION_DATE='2024-04-02T14:12:00+00:00' AIRFLOW_CTX_TRY_NUMBER='1' AIRFLOW_CTX_DAG_RUN_ID='scheduled__2024-04-02T14:12:00+00:00'
[2024-04-03T02:11:39.712+0000] {subprocess.py:63} INFO - Tmp dir root location: /tmp
[2024-04-03T02:11:39.713+0000] {subprocess.py:75} INFO - Running command: ['/usr/bin/bash', '-c', 'echo dag with cron expression!']
[2024-04-03T02:11:39.724+0000] {subprocess.py:86} INFO - Output:
[2024-04-03T02:11:39.725+0000] {subprocess.py:93} INFO - dag with cron expression!
[2024-04-03T02:11:39.726+0000] {subprocess.py:97} INFO - Command exited with return code 0
[2024-04-03T02:11:39.755+0000] {taskinstance.py:1149} INFO - Marking task as SUCCESS. dag_id=dag_with_cron_expression_v4, task_id=task1, execution_date=20240402T141200, start_date=20240403T021139, end_date=20240403T021139
[2024-04-03T02:11:39.776+0000] {local_task_job_runner.py:234} INFO - Task exited with return code 0
[2024-04-03T02:11:39.796+0000] {taskinstance.py:3312} INFO - 0 downstream tasks scheduled from follow-on schedule check
