[2024-04-03T04:11:29.295+0000] {logging_mixin.py:188} INFO - Changing /opt/***/logs/dag_id=dag_postgres_operator_v3/run_id=scheduled__2024-04-02T00:00:00+00:00/task_id=delete_from_table permission to 509
[2024-04-03T04:11:29.297+0000] {logging_mixin.py:188} INFO - Changing /opt/***/logs/dag_id=dag_postgres_operator_v3/run_id=scheduled__2024-04-02T00:00:00+00:00 permission to 509
[2024-04-03T04:11:29.299+0000] {logging_mixin.py:188} INFO - Changing /opt/***/logs/dag_id=dag_postgres_operator_v3 permission to 509
[2024-04-03T04:11:29.301+0000] {logging_mixin.py:188} INFO - Changing /opt/***/logs permission to 509
[2024-04-03T04:11:29.340+0000] {logging_mixin.py:188} INFO - Changing /opt/***/logs/dag_id=dag_postgres_operator_v3/run_id=scheduled__2024-04-02T00:00:00+00:00/task_id=delete_from_table permission to 509
[2024-04-03T04:11:29.344+0000] {logging_mixin.py:188} INFO - Changing /opt/***/logs/dag_id=dag_postgres_operator_v3/run_id=scheduled__2024-04-02T00:00:00+00:00 permission to 509
[2024-04-03T04:11:29.347+0000] {logging_mixin.py:188} INFO - Changing /opt/***/logs/dag_id=dag_postgres_operator_v3 permission to 509
[2024-04-03T04:11:29.349+0000] {logging_mixin.py:188} INFO - Changing /opt/***/logs permission to 509
[2024-04-03T04:11:29.389+0000] {taskinstance.py:1979} INFO - Dependencies all met for dep_context=non-requeueable deps ti=<TaskInstance: dag_postgres_operator_v3.delete_from_table scheduled__2024-04-02T00:00:00+00:00 [queued]>
[2024-04-03T04:11:29.400+0000] {taskinstance.py:1979} INFO - Dependencies all met for dep_context=requeueable deps ti=<TaskInstance: dag_postgres_operator_v3.delete_from_table scheduled__2024-04-02T00:00:00+00:00 [queued]>
[2024-04-03T04:11:29.401+0000] {taskinstance.py:2193} INFO - Starting attempt 1 of 6
[2024-04-03T04:11:29.432+0000] {taskinstance.py:2217} INFO - Executing <Task(PostgresOperator): delete_from_table> on 2024-04-02 00:00:00+00:00
[2024-04-03T04:11:29.437+0000] {standard_task_runner.py:60} INFO - Started process 9016 to run task
[2024-04-03T04:11:29.439+0000] {standard_task_runner.py:87} INFO - Running: ['***', 'tasks', 'run', 'dag_postgres_operator_v3', 'delete_from_table', 'scheduled__2024-04-02T00:00:00+00:00', '--job-id', '250', '--raw', '--subdir', 'DAGS_FOLDER/dag_with_postgres.py', '--cfg-path', '/tmp/tmpg_7yhfdg']
[2024-04-03T04:11:29.442+0000] {standard_task_runner.py:88} INFO - Job 250: Subtask delete_from_table
[2024-04-03T04:11:29.490+0000] {logging_mixin.py:188} INFO - Changing /opt/***/logs/dag_id=dag_postgres_operator_v3/run_id=scheduled__2024-04-02T00:00:00+00:00/task_id=delete_from_table permission to 509
[2024-04-03T04:11:29.493+0000] {logging_mixin.py:188} INFO - Changing /opt/***/logs/dag_id=dag_postgres_operator_v3/run_id=scheduled__2024-04-02T00:00:00+00:00 permission to 509
[2024-04-03T04:11:29.495+0000] {logging_mixin.py:188} INFO - Changing /opt/***/logs/dag_id=dag_postgres_operator_v3 permission to 509
[2024-04-03T04:11:29.497+0000] {logging_mixin.py:188} INFO - Changing /opt/***/logs permission to 509
[2024-04-03T04:11:29.500+0000] {task_command.py:423} INFO - Running <TaskInstance: dag_postgres_operator_v3.delete_from_table scheduled__2024-04-02T00:00:00+00:00 [running]> on host 46dc445f2ec8
[2024-04-03T04:11:29.577+0000] {taskinstance.py:2513} INFO - Exporting env vars: AIRFLOW_CTX_DAG_OWNER='coder2j' AIRFLOW_CTX_DAG_ID='dag_postgres_operator_v3' AIRFLOW_CTX_TASK_ID='delete_from_table' AIRFLOW_CTX_EXECUTION_DATE='2024-04-02T00:00:00+00:00' AIRFLOW_CTX_TRY_NUMBER='1' AIRFLOW_CTX_DAG_RUN_ID='scheduled__2024-04-02T00:00:00+00:00'
[2024-04-03T04:11:29.578+0000] {sql.py:276} INFO - Executing: delete from dag_runs where dt = '2024-04-02' and dag_id = 'dag_postgres_operator_v3';
[2024-04-03T04:11:29.588+0000] {base.py:83} INFO - Using connection ID 'postgres_localhost' for task execution.
[2024-04-03T04:11:29.598+0000] {base.py:83} INFO - Using connection ID 'postgres_localhost' for task execution.
[2024-04-03T04:11:29.611+0000] {sql.py:457} INFO - Running statement: delete from dag_runs where dt = '2024-04-02' and dag_id = 'dag_postgres_operator_v3';, parameters: None
[2024-04-03T04:11:29.615+0000] {sql.py:466} INFO - Rows affected: 0
[2024-04-03T04:11:29.623+0000] {logging_mixin.py:188} WARNING - /home/***/.local/lib/python3.8/site-packages/***/providers/common/sql/hooks/sql.py:407 AirflowProviderDeprecationWarning: Call to deprecated method _make_common_data_structure. (The `_make_serializable` method is deprecated and support will be removed in a future version of the common.sql provider. Please update the DbApiHook's provider to a version based on common.sql >= 1.9.1.)
[2024-04-03T04:11:29.633+0000] {taskinstance.py:1149} INFO - Marking task as SUCCESS. dag_id=dag_postgres_operator_v3, task_id=delete_from_table, execution_date=20240402T000000, start_date=20240403T041129, end_date=20240403T041129
[2024-04-03T04:11:29.653+0000] {local_task_job_runner.py:234} INFO - Task exited with return code 0
[2024-04-03T04:11:29.667+0000] {logging_mixin.py:188} WARNING - /home/***/.local/lib/python3.8/site-packages/***/models/baseoperator.py:1201 AirflowProviderDeprecationWarning: Call to deprecated class PostgresOperator. (Please use `***.providers.common.sql.operators.sql.SQLExecuteQueryOperator`.Also, you can provide `hook_params={'schema': <database>}`.)
[2024-04-03T04:11:29.678+0000] {taskinstance.py:3312} INFO - 1 downstream tasks scheduled from follow-on schedule check
