[2024-04-02T00:05:08.772+0000] {logging_mixin.py:188} INFO - Changing /opt/***/logs/dag_id=first_practice_dag/run_id=scheduled__2024-04-01T00:00:00+00:00/task_id=task2 permission to 509
[2024-04-02T00:05:08.774+0000] {logging_mixin.py:188} INFO - Changing /opt/***/logs/dag_id=first_practice_dag/run_id=scheduled__2024-04-01T00:00:00+00:00 permission to 509
[2024-04-02T00:05:08.776+0000] {logging_mixin.py:188} INFO - Changing /opt/***/logs/dag_id=first_practice_dag permission to 509
[2024-04-02T00:05:08.779+0000] {logging_mixin.py:188} INFO - Changing /opt/***/logs permission to 509
[2024-04-02T00:05:08.822+0000] {logging_mixin.py:188} INFO - Changing /opt/***/logs/dag_id=first_practice_dag/run_id=scheduled__2024-04-01T00:00:00+00:00/task_id=task2 permission to 509
[2024-04-02T00:05:08.824+0000] {logging_mixin.py:188} INFO - Changing /opt/***/logs/dag_id=first_practice_dag/run_id=scheduled__2024-04-01T00:00:00+00:00 permission to 509
[2024-04-02T00:05:08.826+0000] {logging_mixin.py:188} INFO - Changing /opt/***/logs/dag_id=first_practice_dag permission to 509
[2024-04-02T00:05:08.827+0000] {logging_mixin.py:188} INFO - Changing /opt/***/logs permission to 509
[2024-04-02T00:05:08.889+0000] {taskinstance.py:1979} INFO - Dependencies all met for dep_context=non-requeueable deps ti=<TaskInstance: first_practice_dag.task2 scheduled__2024-04-01T00:00:00+00:00 [queued]>
[2024-04-02T00:05:08.904+0000] {taskinstance.py:1979} INFO - Dependencies all met for dep_context=requeueable deps ti=<TaskInstance: first_practice_dag.task2 scheduled__2024-04-01T00:00:00+00:00 [queued]>
[2024-04-02T00:05:08.904+0000] {taskinstance.py:2193} INFO - Starting attempt 1 of 3
[2024-04-02T00:05:08.923+0000] {taskinstance.py:2217} INFO - Executing <Task(BashOperator): task2> on 2024-04-01 00:00:00+00:00
[2024-04-02T00:05:08.928+0000] {standard_task_runner.py:60} INFO - Started process 1619 to run task
[2024-04-02T00:05:08.932+0000] {standard_task_runner.py:87} INFO - Running: ['***', 'tasks', 'run', 'first_practice_dag', 'task2', 'scheduled__2024-04-01T00:00:00+00:00', '--job-id', '131', '--raw', '--subdir', 'DAGS_FOLDER/first_practice_dag.py', '--cfg-path', '/tmp/tmps72yn43l']
[2024-04-02T00:05:08.934+0000] {standard_task_runner.py:88} INFO - Job 131: Subtask task2
[2024-04-02T00:05:08.994+0000] {logging_mixin.py:188} INFO - Changing /opt/***/logs/dag_id=first_practice_dag/run_id=scheduled__2024-04-01T00:00:00+00:00/task_id=task2 permission to 509
[2024-04-02T00:05:08.996+0000] {logging_mixin.py:188} INFO - Changing /opt/***/logs/dag_id=first_practice_dag/run_id=scheduled__2024-04-01T00:00:00+00:00 permission to 509
[2024-04-02T00:05:08.997+0000] {logging_mixin.py:188} INFO - Changing /opt/***/logs/dag_id=first_practice_dag permission to 509
[2024-04-02T00:05:08.999+0000] {logging_mixin.py:188} INFO - Changing /opt/***/logs permission to 509
[2024-04-02T00:05:09.001+0000] {task_command.py:423} INFO - Running <TaskInstance: first_practice_dag.task2 scheduled__2024-04-01T00:00:00+00:00 [running]> on host 46dc445f2ec8
[2024-04-02T00:05:09.102+0000] {taskinstance.py:2513} INFO - Exporting env vars: AIRFLOW_CTX_DAG_OWNER='***' AIRFLOW_CTX_DAG_ID='first_practice_dag' AIRFLOW_CTX_TASK_ID='task2' AIRFLOW_CTX_EXECUTION_DATE='2024-04-01T00:00:00+00:00' AIRFLOW_CTX_TRY_NUMBER='1' AIRFLOW_CTX_DAG_RUN_ID='scheduled__2024-04-01T00:00:00+00:00'
[2024-04-02T00:05:09.104+0000] {subprocess.py:63} INFO - Tmp dir root location: /tmp
[2024-04-02T00:05:09.105+0000] {subprocess.py:75} INFO - Running command: ['/usr/bin/bash', '-c', 'echo My name is Jacob!']
[2024-04-02T00:05:09.114+0000] {subprocess.py:86} INFO - Output:
[2024-04-02T00:05:09.115+0000] {subprocess.py:93} INFO - My name is Jacob!
[2024-04-02T00:05:09.116+0000] {subprocess.py:97} INFO - Command exited with return code 0
[2024-04-02T00:05:09.140+0000] {taskinstance.py:1149} INFO - Marking task as SUCCESS. dag_id=first_practice_dag, task_id=task2, execution_date=20240401T000000, start_date=20240402T000508, end_date=20240402T000509
[2024-04-02T00:05:09.185+0000] {local_task_job_runner.py:234} INFO - Task exited with return code 0
[2024-04-02T00:05:09.201+0000] {taskinstance.py:3312} INFO - 0 downstream tasks scheduled from follow-on schedule check
