[2024-04-01T23:33:49.287+0000] {logging_mixin.py:188} INFO - Changing /opt/***/logs/dag_id=our_first_dag/run_id=scheduled__2021-08-31T00:00:00+00:00/task_id=task1 permission to 509
[2024-04-01T23:33:49.289+0000] {logging_mixin.py:188} INFO - Changing /opt/***/logs/dag_id=our_first_dag/run_id=scheduled__2021-08-31T00:00:00+00:00 permission to 509
[2024-04-01T23:33:49.291+0000] {logging_mixin.py:188} INFO - Changing /opt/***/logs/dag_id=our_first_dag permission to 509
[2024-04-01T23:33:49.293+0000] {logging_mixin.py:188} INFO - Changing /opt/***/logs permission to 509
[2024-04-01T23:33:49.335+0000] {logging_mixin.py:188} INFO - Changing /opt/***/logs/dag_id=our_first_dag/run_id=scheduled__2021-08-31T00:00:00+00:00/task_id=task1 permission to 509
[2024-04-01T23:33:49.338+0000] {logging_mixin.py:188} INFO - Changing /opt/***/logs/dag_id=our_first_dag/run_id=scheduled__2021-08-31T00:00:00+00:00 permission to 509
[2024-04-01T23:33:49.340+0000] {logging_mixin.py:188} INFO - Changing /opt/***/logs/dag_id=our_first_dag permission to 509
[2024-04-01T23:33:49.341+0000] {logging_mixin.py:188} INFO - Changing /opt/***/logs permission to 509
[2024-04-01T23:33:49.397+0000] {taskinstance.py:1979} INFO - Dependencies all met for dep_context=non-requeueable deps ti=<TaskInstance: our_first_dag.task1 scheduled__2021-08-31T00:00:00+00:00 [queued]>
[2024-04-01T23:33:49.411+0000] {taskinstance.py:1979} INFO - Dependencies all met for dep_context=requeueable deps ti=<TaskInstance: our_first_dag.task1 scheduled__2021-08-31T00:00:00+00:00 [queued]>
[2024-04-01T23:33:49.411+0000] {taskinstance.py:2193} INFO - Starting attempt 1 of 6
[2024-04-01T23:33:49.433+0000] {taskinstance.py:2217} INFO - Executing <Task(BashOperator): task1> on 2021-08-31 00:00:00+00:00
[2024-04-01T23:33:49.438+0000] {standard_task_runner.py:60} INFO - Started process 464 to run task
[2024-04-01T23:33:49.442+0000] {standard_task_runner.py:87} INFO - Running: ['***', 'tasks', 'run', 'our_first_dag', 'task1', 'scheduled__2021-08-31T00:00:00+00:00', '--job-id', '36', '--raw', '--subdir', 'DAGS_FOLDER/our_first_dag.py', '--cfg-path', '/tmp/tmpe8sbhb_6']
[2024-04-01T23:33:49.444+0000] {standard_task_runner.py:88} INFO - Job 36: Subtask task1
[2024-04-01T23:33:49.499+0000] {logging_mixin.py:188} INFO - Changing /opt/***/logs/dag_id=our_first_dag/run_id=scheduled__2021-08-31T00:00:00+00:00/task_id=task1 permission to 509
[2024-04-01T23:33:49.501+0000] {logging_mixin.py:188} INFO - Changing /opt/***/logs/dag_id=our_first_dag/run_id=scheduled__2021-08-31T00:00:00+00:00 permission to 509
[2024-04-01T23:33:49.503+0000] {logging_mixin.py:188} INFO - Changing /opt/***/logs/dag_id=our_first_dag permission to 509
[2024-04-01T23:33:49.505+0000] {logging_mixin.py:188} INFO - Changing /opt/***/logs permission to 509
[2024-04-01T23:33:49.507+0000] {task_command.py:423} INFO - Running <TaskInstance: our_first_dag.task1 scheduled__2021-08-31T00:00:00+00:00 [running]> on host 46dc445f2ec8
[2024-04-01T23:33:49.606+0000] {taskinstance.py:2513} INFO - Exporting env vars: AIRFLOW_CTX_DAG_OWNER='coder2j' AIRFLOW_CTX_DAG_ID='our_first_dag' AIRFLOW_CTX_TASK_ID='task1' AIRFLOW_CTX_EXECUTION_DATE='2021-08-31T00:00:00+00:00' AIRFLOW_CTX_TRY_NUMBER='1' AIRFLOW_CTX_DAG_RUN_ID='scheduled__2021-08-31T00:00:00+00:00'
[2024-04-01T23:33:49.607+0000] {subprocess.py:63} INFO - Tmp dir root location: /tmp
[2024-04-01T23:33:49.608+0000] {subprocess.py:75} INFO - Running command: ['/usr/bin/bash', '-c', 'echo Hello, World!']
[2024-04-01T23:33:49.615+0000] {subprocess.py:86} INFO - Output:
[2024-04-01T23:33:49.616+0000] {subprocess.py:93} INFO - Hello, World!
[2024-04-01T23:33:49.617+0000] {subprocess.py:97} INFO - Command exited with return code 0
[2024-04-01T23:33:49.641+0000] {taskinstance.py:1149} INFO - Marking task as SUCCESS. dag_id=our_first_dag, task_id=task1, execution_date=20210831T000000, start_date=20240401T233349, end_date=20240401T233349
[2024-04-01T23:33:49.695+0000] {local_task_job_runner.py:234} INFO - Task exited with return code 0
[2024-04-01T23:33:49.723+0000] {taskinstance.py:3312} INFO - 0 downstream tasks scheduled from follow-on schedule check
