[2024-04-02T00:47:10.462+0000] {logging_mixin.py:188} INFO - Changing /opt/***/logs/dag_id=dag_with_taskflow_api_v2/run_id=scheduled__2024-03-31T00:00:00+00:00/task_id=greet permission to 509
[2024-04-02T00:47:10.464+0000] {logging_mixin.py:188} INFO - Changing /opt/***/logs/dag_id=dag_with_taskflow_api_v2/run_id=scheduled__2024-03-31T00:00:00+00:00 permission to 509
[2024-04-02T00:47:10.465+0000] {logging_mixin.py:188} INFO - Changing /opt/***/logs/dag_id=dag_with_taskflow_api_v2 permission to 509
[2024-04-02T00:47:10.467+0000] {logging_mixin.py:188} INFO - Changing /opt/***/logs permission to 509
[2024-04-02T00:47:10.498+0000] {logging_mixin.py:188} INFO - Changing /opt/***/logs/dag_id=dag_with_taskflow_api_v2/run_id=scheduled__2024-03-31T00:00:00+00:00/task_id=greet permission to 509
[2024-04-02T00:47:10.500+0000] {logging_mixin.py:188} INFO - Changing /opt/***/logs/dag_id=dag_with_taskflow_api_v2/run_id=scheduled__2024-03-31T00:00:00+00:00 permission to 509
[2024-04-02T00:47:10.502+0000] {logging_mixin.py:188} INFO - Changing /opt/***/logs/dag_id=dag_with_taskflow_api_v2 permission to 509
[2024-04-02T00:47:10.504+0000] {logging_mixin.py:188} INFO - Changing /opt/***/logs permission to 509
[2024-04-02T00:47:10.551+0000] {taskinstance.py:1979} INFO - Dependencies all met for dep_context=non-requeueable deps ti=<TaskInstance: dag_with_taskflow_api_v2.greet scheduled__2024-03-31T00:00:00+00:00 [queued]>
[2024-04-02T00:47:10.560+0000] {taskinstance.py:1979} INFO - Dependencies all met for dep_context=requeueable deps ti=<TaskInstance: dag_with_taskflow_api_v2.greet scheduled__2024-03-31T00:00:00+00:00 [queued]>
[2024-04-02T00:47:10.561+0000] {taskinstance.py:2193} INFO - Starting attempt 1 of 6
[2024-04-02T00:47:10.587+0000] {taskinstance.py:2217} INFO - Executing <Task(_PythonDecoratedOperator): greet> on 2024-03-31 00:00:00+00:00
[2024-04-02T00:47:10.591+0000] {standard_task_runner.py:60} INFO - Started process 3551 to run task
[2024-04-02T00:47:10.595+0000] {standard_task_runner.py:87} INFO - Running: ['***', 'tasks', 'run', 'dag_with_taskflow_api_v2', 'greet', 'scheduled__2024-03-31T00:00:00+00:00', '--job-id', '181', '--raw', '--subdir', 'DAGS_FOLDER/dag_with_taskflow_api.py', '--cfg-path', '/tmp/tmpuro6w5pj']
[2024-04-02T00:47:10.598+0000] {standard_task_runner.py:88} INFO - Job 181: Subtask greet
[2024-04-02T00:47:10.653+0000] {logging_mixin.py:188} INFO - Changing /opt/***/logs/dag_id=dag_with_taskflow_api_v2/run_id=scheduled__2024-03-31T00:00:00+00:00/task_id=greet permission to 509
[2024-04-02T00:47:10.655+0000] {logging_mixin.py:188} INFO - Changing /opt/***/logs/dag_id=dag_with_taskflow_api_v2/run_id=scheduled__2024-03-31T00:00:00+00:00 permission to 509
[2024-04-02T00:47:10.657+0000] {logging_mixin.py:188} INFO - Changing /opt/***/logs/dag_id=dag_with_taskflow_api_v2 permission to 509
[2024-04-02T00:47:10.659+0000] {logging_mixin.py:188} INFO - Changing /opt/***/logs permission to 509
[2024-04-02T00:47:10.661+0000] {task_command.py:423} INFO - Running <TaskInstance: dag_with_taskflow_api_v2.greet scheduled__2024-03-31T00:00:00+00:00 [running]> on host 46dc445f2ec8
[2024-04-02T00:47:10.778+0000] {taskinstance.py:2513} INFO - Exporting env vars: AIRFLOW_CTX_DAG_OWNER='coder2j' AIRFLOW_CTX_DAG_ID='dag_with_taskflow_api_v2' AIRFLOW_CTX_TASK_ID='greet' AIRFLOW_CTX_EXECUTION_DATE='2024-03-31T00:00:00+00:00' AIRFLOW_CTX_TRY_NUMBER='1' AIRFLOW_CTX_DAG_RUN_ID='scheduled__2024-03-31T00:00:00+00:00'
[2024-04-02T00:47:10.780+0000] {logging_mixin.py:188} INFO - Hello World! My name is Jacob Monks, and I am 25 years old.
[2024-04-02T00:47:10.780+0000] {python.py:202} INFO - Done. Returned value was: None
[2024-04-02T00:47:10.791+0000] {taskinstance.py:1149} INFO - Marking task as SUCCESS. dag_id=dag_with_taskflow_api_v2, task_id=greet, execution_date=20240331T000000, start_date=20240402T004710, end_date=20240402T004710
[2024-04-02T00:47:10.848+0000] {local_task_job_runner.py:234} INFO - Task exited with return code 0
[2024-04-02T00:47:10.865+0000] {taskinstance.py:3312} INFO - 0 downstream tasks scheduled from follow-on schedule check
