[2024-04-02T00:24:29.938+0000] {logging_mixin.py:188} INFO - Changing /opt/***/logs/dag_id=dag_python_operator_v5/run_id=scheduled__2024-04-01T00:00:00+00:00/task_id=task1 permission to 509
[2024-04-02T00:24:29.940+0000] {logging_mixin.py:188} INFO - Changing /opt/***/logs/dag_id=dag_python_operator_v5/run_id=scheduled__2024-04-01T00:00:00+00:00 permission to 509
[2024-04-02T00:24:29.941+0000] {logging_mixin.py:188} INFO - Changing /opt/***/logs/dag_id=dag_python_operator_v5 permission to 509
[2024-04-02T00:24:29.942+0000] {logging_mixin.py:188} INFO - Changing /opt/***/logs permission to 509
[2024-04-02T00:24:29.968+0000] {logging_mixin.py:188} INFO - Changing /opt/***/logs/dag_id=dag_python_operator_v5/run_id=scheduled__2024-04-01T00:00:00+00:00/task_id=task1 permission to 509
[2024-04-02T00:24:29.969+0000] {logging_mixin.py:188} INFO - Changing /opt/***/logs/dag_id=dag_python_operator_v5/run_id=scheduled__2024-04-01T00:00:00+00:00 permission to 509
[2024-04-02T00:24:29.970+0000] {logging_mixin.py:188} INFO - Changing /opt/***/logs/dag_id=dag_python_operator_v5 permission to 509
[2024-04-02T00:24:29.971+0000] {logging_mixin.py:188} INFO - Changing /opt/***/logs permission to 509
[2024-04-02T00:24:30.007+0000] {taskinstance.py:1979} INFO - Dependencies all met for dep_context=non-requeueable deps ti=<TaskInstance: dag_python_operator_v5.task1 scheduled__2024-04-01T00:00:00+00:00 [queued]>
[2024-04-02T00:24:30.019+0000] {taskinstance.py:1979} INFO - Dependencies all met for dep_context=requeueable deps ti=<TaskInstance: dag_python_operator_v5.task1 scheduled__2024-04-01T00:00:00+00:00 [queued]>
[2024-04-02T00:24:30.019+0000] {taskinstance.py:2193} INFO - Starting attempt 3 of 8
[2024-04-02T00:24:30.035+0000] {taskinstance.py:2217} INFO - Executing <Task(PythonOperator): task1> on 2024-04-01 00:00:00+00:00
[2024-04-02T00:24:30.039+0000] {standard_task_runner.py:60} INFO - Started process 2478 to run task
[2024-04-02T00:24:30.041+0000] {standard_task_runner.py:87} INFO - Running: ['***', 'tasks', 'run', 'dag_python_operator_v5', 'task1', 'scheduled__2024-04-01T00:00:00+00:00', '--job-id', '146', '--raw', '--subdir', 'DAGS_FOLDER/create_dag_with_python_operator.py', '--cfg-path', '/tmp/tmp8_yg1h36']
[2024-04-02T00:24:30.044+0000] {standard_task_runner.py:88} INFO - Job 146: Subtask task1
[2024-04-02T00:24:30.091+0000] {logging_mixin.py:188} INFO - Changing /opt/***/logs/dag_id=dag_python_operator_v5/run_id=scheduled__2024-04-01T00:00:00+00:00/task_id=task1 permission to 509
[2024-04-02T00:24:30.094+0000] {logging_mixin.py:188} INFO - Changing /opt/***/logs/dag_id=dag_python_operator_v5/run_id=scheduled__2024-04-01T00:00:00+00:00 permission to 509
[2024-04-02T00:24:30.098+0000] {logging_mixin.py:188} INFO - Changing /opt/***/logs/dag_id=dag_python_operator_v5 permission to 509
[2024-04-02T00:24:30.101+0000] {logging_mixin.py:188} INFO - Changing /opt/***/logs permission to 509
[2024-04-02T00:24:30.105+0000] {task_command.py:423} INFO - Running <TaskInstance: dag_python_operator_v5.task1 scheduled__2024-04-01T00:00:00+00:00 [running]> on host 46dc445f2ec8
[2024-04-02T00:24:30.201+0000] {taskinstance.py:2513} INFO - Exporting env vars: AIRFLOW_CTX_DAG_OWNER='coder2j' AIRFLOW_CTX_DAG_ID='dag_python_operator_v5' AIRFLOW_CTX_TASK_ID='task1' AIRFLOW_CTX_EXECUTION_DATE='2024-04-01T00:00:00+00:00' AIRFLOW_CTX_TRY_NUMBER='3' AIRFLOW_CTX_DAG_RUN_ID='scheduled__2024-04-01T00:00:00+00:00'
[2024-04-02T00:24:30.220+0000] {logging_mixin.py:188} INFO - Hello, World! My name is None None, and I am 25 years old.
[2024-04-02T00:24:30.221+0000] {python.py:202} INFO - Done. Returned value was: None
[2024-04-02T00:24:30.230+0000] {taskinstance.py:1149} INFO - Marking task as SUCCESS. dag_id=dag_python_operator_v5, task_id=task1, execution_date=20240401T000000, start_date=20240402T002430, end_date=20240402T002430
[2024-04-02T00:24:30.254+0000] {local_task_job_runner.py:234} INFO - Task exited with return code 0
[2024-04-02T00:24:30.271+0000] {taskinstance.py:3312} INFO - 0 downstream tasks scheduled from follow-on schedule check
