[2024-04-02T00:24:25.651+0000] {logging_mixin.py:188} INFO - Changing /opt/***/logs/dag_id=dag_python_operator_v5/run_id=scheduled__2024-04-01T00:00:00+00:00/task_id=task1 permission to 509
[2024-04-02T00:24:25.653+0000] {logging_mixin.py:188} INFO - Changing /opt/***/logs/dag_id=dag_python_operator_v5/run_id=scheduled__2024-04-01T00:00:00+00:00 permission to 509
[2024-04-02T00:24:25.655+0000] {logging_mixin.py:188} INFO - Changing /opt/***/logs/dag_id=dag_python_operator_v5 permission to 509
[2024-04-02T00:24:25.657+0000] {logging_mixin.py:188} INFO - Changing /opt/***/logs permission to 509
[2024-04-02T00:24:25.702+0000] {logging_mixin.py:188} INFO - Changing /opt/***/logs/dag_id=dag_python_operator_v5/run_id=scheduled__2024-04-01T00:00:00+00:00/task_id=task1 permission to 509
[2024-04-02T00:24:25.705+0000] {logging_mixin.py:188} INFO - Changing /opt/***/logs/dag_id=dag_python_operator_v5/run_id=scheduled__2024-04-01T00:00:00+00:00 permission to 509
[2024-04-02T00:24:25.707+0000] {logging_mixin.py:188} INFO - Changing /opt/***/logs/dag_id=dag_python_operator_v5 permission to 509
[2024-04-02T00:24:25.709+0000] {logging_mixin.py:188} INFO - Changing /opt/***/logs permission to 509
[2024-04-02T00:24:25.750+0000] {taskinstance.py:1979} INFO - Dependencies all met for dep_context=non-requeueable deps ti=<TaskInstance: dag_python_operator_v5.task1 scheduled__2024-04-01T00:00:00+00:00 [queued]>
[2024-04-02T00:24:25.760+0000] {taskinstance.py:1979} INFO - Dependencies all met for dep_context=requeueable deps ti=<TaskInstance: dag_python_operator_v5.task1 scheduled__2024-04-01T00:00:00+00:00 [queued]>
[2024-04-02T00:24:25.760+0000] {taskinstance.py:2193} INFO - Starting attempt 2 of 7
[2024-04-02T00:24:25.775+0000] {taskinstance.py:2217} INFO - Executing <Task(PythonOperator): task1> on 2024-04-01 00:00:00+00:00
[2024-04-02T00:24:25.780+0000] {standard_task_runner.py:60} INFO - Started process 2469 to run task
[2024-04-02T00:24:25.782+0000] {standard_task_runner.py:87} INFO - Running: ['***', 'tasks', 'run', 'dag_python_operator_v5', 'task1', 'scheduled__2024-04-01T00:00:00+00:00', '--job-id', '144', '--raw', '--subdir', 'DAGS_FOLDER/create_dag_with_python_operator.py', '--cfg-path', '/tmp/tmptzt0brf3']
[2024-04-02T00:24:25.785+0000] {standard_task_runner.py:88} INFO - Job 144: Subtask task1
[2024-04-02T00:24:25.837+0000] {logging_mixin.py:188} INFO - Changing /opt/***/logs/dag_id=dag_python_operator_v5/run_id=scheduled__2024-04-01T00:00:00+00:00/task_id=task1 permission to 509
[2024-04-02T00:24:25.840+0000] {logging_mixin.py:188} INFO - Changing /opt/***/logs/dag_id=dag_python_operator_v5/run_id=scheduled__2024-04-01T00:00:00+00:00 permission to 509
[2024-04-02T00:24:25.844+0000] {logging_mixin.py:188} INFO - Changing /opt/***/logs/dag_id=dag_python_operator_v5 permission to 509
[2024-04-02T00:24:25.846+0000] {logging_mixin.py:188} INFO - Changing /opt/***/logs permission to 509
[2024-04-02T00:24:25.848+0000] {task_command.py:423} INFO - Running <TaskInstance: dag_python_operator_v5.task1 scheduled__2024-04-01T00:00:00+00:00 [running]> on host 46dc445f2ec8
[2024-04-02T00:24:25.937+0000] {taskinstance.py:2513} INFO - Exporting env vars: AIRFLOW_CTX_DAG_OWNER='coder2j' AIRFLOW_CTX_DAG_ID='dag_python_operator_v5' AIRFLOW_CTX_TASK_ID='task1' AIRFLOW_CTX_EXECUTION_DATE='2024-04-01T00:00:00+00:00' AIRFLOW_CTX_TRY_NUMBER='2' AIRFLOW_CTX_DAG_RUN_ID='scheduled__2024-04-01T00:00:00+00:00'
[2024-04-02T00:24:25.957+0000] {logging_mixin.py:188} INFO - Hello, World! My name is None None, and I am 25 years old.
[2024-04-02T00:24:25.957+0000] {python.py:202} INFO - Done. Returned value was: None
[2024-04-02T00:24:25.967+0000] {taskinstance.py:1149} INFO - Marking task as SUCCESS. dag_id=dag_python_operator_v5, task_id=task1, execution_date=20240401T000000, start_date=20240402T002425, end_date=20240402T002425
[2024-04-02T00:24:25.996+0000] {local_task_job_runner.py:234} INFO - Task exited with return code 0
[2024-04-02T00:24:26.015+0000] {taskinstance.py:3312} INFO - 0 downstream tasks scheduled from follow-on schedule check
