[2024-04-02T00:32:42.208+0000] {logging_mixin.py:188} INFO - Changing /opt/***/logs/dag_id=dag_python_operator_v7/run_id=scheduled__2024-03-31T00:00:00+00:00/task_id=get_age permission to 509
[2024-04-02T00:32:42.210+0000] {logging_mixin.py:188} INFO - Changing /opt/***/logs/dag_id=dag_python_operator_v7/run_id=scheduled__2024-03-31T00:00:00+00:00 permission to 509
[2024-04-02T00:32:42.212+0000] {logging_mixin.py:188} INFO - Changing /opt/***/logs/dag_id=dag_python_operator_v7 permission to 509
[2024-04-02T00:32:42.214+0000] {logging_mixin.py:188} INFO - Changing /opt/***/logs permission to 509
[2024-04-02T00:32:42.246+0000] {logging_mixin.py:188} INFO - Changing /opt/***/logs/dag_id=dag_python_operator_v7/run_id=scheduled__2024-03-31T00:00:00+00:00/task_id=get_age permission to 509
[2024-04-02T00:32:42.248+0000] {logging_mixin.py:188} INFO - Changing /opt/***/logs/dag_id=dag_python_operator_v7/run_id=scheduled__2024-03-31T00:00:00+00:00 permission to 509
[2024-04-02T00:32:42.250+0000] {logging_mixin.py:188} INFO - Changing /opt/***/logs/dag_id=dag_python_operator_v7 permission to 509
[2024-04-02T00:32:42.252+0000] {logging_mixin.py:188} INFO - Changing /opt/***/logs permission to 509
[2024-04-02T00:32:42.300+0000] {taskinstance.py:1979} INFO - Dependencies all met for dep_context=non-requeueable deps ti=<TaskInstance: dag_python_operator_v7.get_age scheduled__2024-03-31T00:00:00+00:00 [queued]>
[2024-04-02T00:32:42.316+0000] {taskinstance.py:1979} INFO - Dependencies all met for dep_context=requeueable deps ti=<TaskInstance: dag_python_operator_v7.get_age scheduled__2024-03-31T00:00:00+00:00 [queued]>
[2024-04-02T00:32:42.317+0000] {taskinstance.py:2193} INFO - Starting attempt 1 of 6
[2024-04-02T00:32:42.338+0000] {taskinstance.py:2217} INFO - Executing <Task(PythonOperator): get_age> on 2024-03-31 00:00:00+00:00
[2024-04-02T00:32:42.342+0000] {standard_task_runner.py:60} INFO - Started process 2853 to run task
[2024-04-02T00:32:42.346+0000] {standard_task_runner.py:87} INFO - Running: ['***', 'tasks', 'run', 'dag_python_operator_v7', 'get_age', 'scheduled__2024-03-31T00:00:00+00:00', '--job-id', '159', '--raw', '--subdir', 'DAGS_FOLDER/create_dag_with_python_operator.py', '--cfg-path', '/tmp/tmpckc4tojo']
[2024-04-02T00:32:42.349+0000] {standard_task_runner.py:88} INFO - Job 159: Subtask get_age
[2024-04-02T00:32:42.406+0000] {logging_mixin.py:188} INFO - Changing /opt/***/logs/dag_id=dag_python_operator_v7/run_id=scheduled__2024-03-31T00:00:00+00:00/task_id=get_age permission to 509
[2024-04-02T00:32:42.408+0000] {logging_mixin.py:188} INFO - Changing /opt/***/logs/dag_id=dag_python_operator_v7/run_id=scheduled__2024-03-31T00:00:00+00:00 permission to 509
[2024-04-02T00:32:42.410+0000] {logging_mixin.py:188} INFO - Changing /opt/***/logs/dag_id=dag_python_operator_v7 permission to 509
[2024-04-02T00:32:42.411+0000] {logging_mixin.py:188} INFO - Changing /opt/***/logs permission to 509
[2024-04-02T00:32:42.414+0000] {task_command.py:423} INFO - Running <TaskInstance: dag_python_operator_v7.get_age scheduled__2024-03-31T00:00:00+00:00 [running]> on host 46dc445f2ec8
[2024-04-02T00:32:42.514+0000] {taskinstance.py:2513} INFO - Exporting env vars: AIRFLOW_CTX_DAG_OWNER='coder2j' AIRFLOW_CTX_DAG_ID='dag_python_operator_v7' AIRFLOW_CTX_TASK_ID='get_age' AIRFLOW_CTX_EXECUTION_DATE='2024-03-31T00:00:00+00:00' AIRFLOW_CTX_TRY_NUMBER='1' AIRFLOW_CTX_DAG_RUN_ID='scheduled__2024-03-31T00:00:00+00:00'
[2024-04-02T00:32:42.528+0000] {python.py:202} INFO - Done. Returned value was: None
[2024-04-02T00:32:42.539+0000] {taskinstance.py:1149} INFO - Marking task as SUCCESS. dag_id=dag_python_operator_v7, task_id=get_age, execution_date=20240331T000000, start_date=20240402T003242, end_date=20240402T003242
[2024-04-02T00:32:42.559+0000] {local_task_job_runner.py:234} INFO - Task exited with return code 0
[2024-04-02T00:32:42.583+0000] {taskinstance.py:3312} INFO - 1 downstream tasks scheduled from follow-on schedule check
