[2024-04-01T23:33:51.606+0000] {logging_mixin.py:188} INFO - Changing /opt/***/logs/dag_id=our_first_dag/run_id=scheduled__2021-09-01T00:00:00+00:00/task_id=task1 permission to 509
[2024-04-01T23:33:51.609+0000] {logging_mixin.py:188} INFO - Changing /opt/***/logs/dag_id=our_first_dag/run_id=scheduled__2021-09-01T00:00:00+00:00 permission to 509
[2024-04-01T23:33:51.611+0000] {logging_mixin.py:188} INFO - Changing /opt/***/logs/dag_id=our_first_dag permission to 509
[2024-04-01T23:33:51.613+0000] {logging_mixin.py:188} INFO - Changing /opt/***/logs permission to 509
[2024-04-01T23:33:51.651+0000] {logging_mixin.py:188} INFO - Changing /opt/***/logs/dag_id=our_first_dag/run_id=scheduled__2021-09-01T00:00:00+00:00/task_id=task1 permission to 509
[2024-04-01T23:33:51.654+0000] {logging_mixin.py:188} INFO - Changing /opt/***/logs/dag_id=our_first_dag/run_id=scheduled__2021-09-01T00:00:00+00:00 permission to 509
[2024-04-01T23:33:51.656+0000] {logging_mixin.py:188} INFO - Changing /opt/***/logs/dag_id=our_first_dag permission to 509
[2024-04-01T23:33:51.658+0000] {logging_mixin.py:188} INFO - Changing /opt/***/logs permission to 509
[2024-04-01T23:33:51.709+0000] {taskinstance.py:1979} INFO - Dependencies all met for dep_context=non-requeueable deps ti=<TaskInstance: our_first_dag.task1 scheduled__2021-09-01T00:00:00+00:00 [queued]>
[2024-04-01T23:33:51.725+0000] {taskinstance.py:1979} INFO - Dependencies all met for dep_context=requeueable deps ti=<TaskInstance: our_first_dag.task1 scheduled__2021-09-01T00:00:00+00:00 [queued]>
[2024-04-01T23:33:51.726+0000] {taskinstance.py:2193} INFO - Starting attempt 1 of 6
[2024-04-01T23:33:51.793+0000] {taskinstance.py:2217} INFO - Executing <Task(BashOperator): task1> on 2021-09-01 00:00:00+00:00
[2024-04-01T23:33:51.799+0000] {standard_task_runner.py:60} INFO - Started process 472 to run task
[2024-04-01T23:33:51.803+0000] {standard_task_runner.py:87} INFO - Running: ['***', 'tasks', 'run', 'our_first_dag', 'task1', 'scheduled__2021-09-01T00:00:00+00:00', '--job-id', '37', '--raw', '--subdir', 'DAGS_FOLDER/our_first_dag.py', '--cfg-path', '/tmp/tmpculc1ytx']
[2024-04-01T23:33:51.807+0000] {standard_task_runner.py:88} INFO - Job 37: Subtask task1
[2024-04-01T23:33:51.891+0000] {logging_mixin.py:188} INFO - Changing /opt/***/logs/dag_id=our_first_dag/run_id=scheduled__2021-09-01T00:00:00+00:00/task_id=task1 permission to 509
[2024-04-01T23:33:51.893+0000] {logging_mixin.py:188} INFO - Changing /opt/***/logs/dag_id=our_first_dag/run_id=scheduled__2021-09-01T00:00:00+00:00 permission to 509
[2024-04-01T23:33:51.896+0000] {logging_mixin.py:188} INFO - Changing /opt/***/logs/dag_id=our_first_dag permission to 509
[2024-04-01T23:33:51.898+0000] {logging_mixin.py:188} INFO - Changing /opt/***/logs permission to 509
[2024-04-01T23:33:51.901+0000] {task_command.py:423} INFO - Running <TaskInstance: our_first_dag.task1 scheduled__2021-09-01T00:00:00+00:00 [running]> on host 46dc445f2ec8
[2024-04-01T23:33:52.051+0000] {taskinstance.py:2513} INFO - Exporting env vars: AIRFLOW_CTX_DAG_OWNER='coder2j' AIRFLOW_CTX_DAG_ID='our_first_dag' AIRFLOW_CTX_TASK_ID='task1' AIRFLOW_CTX_EXECUTION_DATE='2021-09-01T00:00:00+00:00' AIRFLOW_CTX_TRY_NUMBER='1' AIRFLOW_CTX_DAG_RUN_ID='scheduled__2021-09-01T00:00:00+00:00'
[2024-04-01T23:33:52.054+0000] {subprocess.py:63} INFO - Tmp dir root location: /tmp
[2024-04-01T23:33:52.055+0000] {subprocess.py:75} INFO - Running command: ['/usr/bin/bash', '-c', 'echo Hello, World!']
[2024-04-01T23:33:52.068+0000] {subprocess.py:86} INFO - Output:
[2024-04-01T23:33:52.071+0000] {subprocess.py:93} INFO - Hello, World!
[2024-04-01T23:33:52.072+0000] {subprocess.py:97} INFO - Command exited with return code 0
[2024-04-01T23:33:52.113+0000] {taskinstance.py:1149} INFO - Marking task as SUCCESS. dag_id=our_first_dag, task_id=task1, execution_date=20210901T000000, start_date=20240401T233351, end_date=20240401T233352
[2024-04-01T23:33:52.179+0000] {local_task_job_runner.py:234} INFO - Task exited with return code 0
[2024-04-01T23:33:52.213+0000] {taskinstance.py:3312} INFO - 0 downstream tasks scheduled from follow-on schedule check
